2013-06-08-22-42-08.928622-CEST  VoipIO-1   : DEBUG      
    CallCallback::on_state : Call with "602748927" <sip:602748927@195.113.20.160> is CONNECTING last code = 200 (OK)

2013-06-08-22-42-08.935607-CEST  VoipIO-1   : DEBUG      
    VoipIO::on_call_connecting

2013-06-08-22-42-08.939728-CEST  MainProcess : SYSTEM-LOG 
    config = { 'ASR': { 'Google': { 'debug': False, 'language': 'cs'},
               'Julius': { 'adinnetport': 5530,
                           'binary': '/usr/local/bin/julius',
                           'debug': False,
                           'hostname': 'localhost',
                           'jconf': { '-adport': '5530',
                                      '-b': '1000',
                                      '-b2': '100',
                                      '-cmnload': 'cmn.param',
                                      '-cmnmapweight': '200',
                                      '-cmnsave': 'cmn.param',
                                      '-confnet': '',
                                      '-fallback1pass': '',
                                      '-gprune': 'safe',
                                      '-h': '/mnt/h/jurcicek/vystadial-git/alex/resources/asr/voip_en/hmmdefs',
                                      '-hlist': '/mnt/h/jurcicek/vystadial-git/alex/resources/asr/voip_en/tiedlist',
                                      '-htkconf': '/mnt/h/jurcicek/vystadial-git/alex/resources/asr/voip_en/config',
                                      '-input': 'adinnet',
                                      '-iwsp': '',
                                      '-iwsppenalty': '0.0',
                                      '-lmp': '15.0 0.0',
                                      '-lmp2': '15.0 0.0',
                                      '-mapunk': 'UM',
                                      '-module': '10500',
                                      '-n': '50',
                                      '-nlr': '/mnt/h/jurcicek/vystadial-git/alex/resources/lm/caminfo/julius_arpa_bigram',
                                      '-no_ccd': '',
                                      '-nrl': '/mnt/h/jurcicek/vystadial-git/alex/resources/lm/caminfo/julius_arpa_rev_bigram',
                                      '-silhead': '<s>',
                                      '-siltail': '</s>',
                                      '-spmodel': 'sp',
                                      '-tmix': '4',
                                      '-v': '/mnt/h/jurcicek/vystadial-git/alex/resources/lm/caminfo/julius_dict'},
                           'jconffile': 'julius.jconf',
                           'killall': False,
                           'logfile': 'julius.log',
                           'pidfile': 'julius.pid',
                           'reuse_server': False,
                           'serverport': 10500,
                           'start_max_wait_time': 15,
                           'start_wait_time': 0.5,
                           'timeout': 2.0},
               'debug': True,
               'type': 'Google'},
      'Audio': { 'sample_rate': 16000, 'samples_per_frame': 256},
      'AudioIO': { 'debug': True, 'output_dir': './aio_call_log', 'play_buffer_size': 1024},
      'DM': { 'Dummy': { 'debug': True},
              'PUfalRuleDM': { 'code_submit_url': None,
                               'db_cfg': '/mnt/h/jurcicek/vystadial-git/alex/applications/CamInfoRest/cued_data/CIRdbase_V7_noloc.txt',
                               'ontology': '/mnt/h/jurcicek/vystadial-git/alex/applications/CamInfoRest/ontology.cfg',
                               'provide_code': False},
              'UfalRuleDM': { 'code_submit_url': None,
                              'db_cfg': '/mnt/h/jurcicek/vystadial-git/alex/applications/CamInfoRest/cued_data/CIRdbase_V7_noloc.txt',
                              'ontology': '/mnt/h/jurcicek/vystadial-git/alex/applications/CamInfoRest/ontology.cfg',
                              'provide_code': False},
              'debug': True,
              'type': <class 'alex.applications.AlexOnTheBus.aotb_dm.AOTBDM'>},
      'General': { 'include': ['/mnt/h/jurcicek/vystadial-git/alex/resources/private/default.cfg']},
      'Hub': { 'history_file': 'hub_history_hub.txt', 'history_length': 1000, 'main_loop_sleep_time': 0.005},
      'Logging': { 'session_logger': SessionLogger(),
                   'system_logger': SystemLogger(stdout_log_level='ERROR', stdout=True, file_log_level='ERROR', output_dir=/net/projects/vystadial/data/call-logs/2013-05-30-alex-aotb-prototype),
                   'system_name': 'Alex On The Bus - Live',
                   'version': '1.0'},
      'NLG': { 'Template': { 'model': '/mnt/h/jurcicek/vystadial-git/alex/applications/AlexOnTheBus/nlg_templates.cfg'},
               'debug': True,
               'type': <class 'alex.applications.AlexOnTheBus.aotb_nlg.AOTBNLG'>},
      'SHub': { 'history_file': 'hub_history_shub.txt', 'history_length': 1000},
      'SLU': { 'AOTBSLU': { 'cldb_fname': '/mnt/h/jurcicek/vystadial-git/alex/applications/AlexOnTheBus/data/database.py',
                            'preprocessing_cls': <class 'alex.applications.AlexOnTheBus.aotb_preprocessing.AOTBSLUPreprocessing'>},
               'cl-tracing': { 'cldb_fname': '/mnt/h/jurcicek/vystadial-git/alex/resources/../applications/CamInfoRest/data/database.py',
                               'do_preprocessing': True,
                               'features_type': ('ngram',),
                               'testing': { 'max_examples': None,
                                            'min_perc': 80,
                                            'model_fname': '/mnt/h/jurcicek/vystadial-git/alex/resources/../applications/CamInfoRest/models/130516_minf60-minfc35-mind60.slu_model.gz',
                                            'renormalise': True,
                                            'threshold': None,
                                            'vanilla': True}},
               'debug': True,
               'type': <class 'alex.applications.AlexOnTheBus.aotb_slu.AOTBSLU'>},
      'THub': { 'history_file': 'hub_history_thub.txt', 'history_length': 1000},
      'TTS': { 'Flite': { 'debug': False, 'voice': 'kal16'},
               'Google': { 'debug': False, 'language': 'cs', 'rate': 2.0},
               'SpeechTech': { 'debug': True,
                               'login': 'filipjurcicek',
    # this line was removed since it included a password
                               'voice': 'Iva210'},
               'VoiceRSS': { 'api_key': '3b6a9fca5d724b1c8ac34691586cdda1', 'language': 'en-gb'},
               'debug': True,
               'type': 'SpeechTech'},
      'VAD': { 'debug': False,
               'decision_frames_sil': 25,
               'decision_frames_speech': 10,
               'decision_non_speech_threshold': 0.2,
               'decision_speech_threshold': 0.7,
               'gmm': { 'ceplifter': 22,
                        'enormalise': True,
                        'filter_length': 5,
                        'frameshift': 160,
                        'framesize': 512,
                        'frontend': 'MFCC',
                        'hifreq': 3800,
                        'lofreq': 125,
                        'numceps': 12,
                        'numchans': 26,
                        'preemcoef': 0.97,
                        'sil_model': '/mnt/h/jurcicek/vystadial-git/alex/resources/vad/voip_en/vad_sil_sds_mfcc_m064_f100000.gmm',
                        'speech_model': '/mnt/h/jurcicek/vystadial-git/alex/resources/vad/voip_en/vad_speech_sds_mfcc_m064_f100000.gmm',
                        'useacc': True,
                        'usec0': False,
                        'usecmn': False,
                        'usedelta': True,
                        'usehamming': True,
                        'usepower': True,
                        'zmeansource': True},
               'power': { 'adaptation_frames': 30, 'threshold': 70, 'threshold_multiplier': 1.0},
               'speech_buffer_frames': 20,
               'type': 'gmm'},
      'VoipHub': { 'history_length': 1000, 'wait_time_before_calling_back': 10},
      'VoipIO': { 'allowed_hosts': '',
                  'allowed_phone_numbers': '(^[234567])',
                  'allowed_users': '(^[234567])',
                  'debug': True,
                  'domain': 'vystadial.ms.mff.cuni.cz',
                  'forbidden_hosts': '',
                  'forbidden_phone_number': '(^112$|^150$|^155$|^156$|^158$)',
                  'forbidden_users': '(^112$|^150$|^155$|^156$|^158$)',
    # this line was removed since it included a password
                  'pjsip_log_level': 3,
                  'reject_calls': False,
                  'user': '800899998'},
      'WebHub': { 'port': 8000}}
    

2013-06-08-22-42-08.949613-CEST  VoipIO-1   : DEBUG      
    CallCallback::on_state : Call with "602748927" <sip:602748927@195.113.20.160> is CONFIRMED last code = 200 (OK)

2013-06-08-22-42-08.957695-CEST  MainProcess : INFO       
    From: VoipIO     To: HUB        Command: incoming_call(remote_uri="602748927") 

2013-06-08-22-42-08.983780-CEST  VoipIO-1   : DEBUG      
    VoipIO::on_call_confirmed

2013-06-08-22-42-09.022764-CEST  MainProcess : INFO       
    From: VoipIO     To: HUB        Command: call_connecting(remote_uri="602748927") 

2013-06-08-22-42-09.035658-CEST  MainProcess : INFO       
    From: VoipIO     To: HUB        Command: call_confirmed(remote_uri="602748927") 

2013-06-08-22-42-09.045898-CEST  DM-5       : DEBUG      
    From: HUB        To: DM         Command: new_dialogue() 

2013-06-08-22-42-09.054149-CEST  DM-5       : DEBUG      
    DM Output
    ------------------------------------------------------------
    hello()
    

2013-06-08-22-42-09.078940-CEST  MainProcess : INFO       
    From: DM         To: HUB        Command: dm_da_generated() 

2013-06-08-22-42-09.086711-CEST  NLG-6      : DEBUG      
    NLG Output
    ------------------------------------------------------------
    Dobrý den, dovolali jste se na informace o veřejné dopravě v Praze. Hovor je nahráván. Více informací o této službě je na internetu. Odkud a kam chcete jet? Můžete například říct chtěla bych jet z Malostranského náměstí na Zličín.
    

2013-06-08-22-42-09.094310-CEST  TTS-7      : DEBUG      
    From: HUB        To: TTS        Command: keeplast() 

2013-06-08-22-42-09.107158-CEST  MainProcess : INFO       
    From: NLG        To: HUB        Command: nlg_text_generated() 

2013-06-08-22-42-09.115047-CEST  MainProcess : INFO       
    From: TTS        To: HUB        Command: tts_start(user_id="None",text="Dobrý den, dovolali jste se na informace o veřejné dopravě v Praze. Hovor je nahráván. Více informací o této službě je na internetu. Odkud a kam chcete jet? Můžete například říct chtěla bych jet z Malostranského náměstí na Zličín.") 

2013-06-08-22-42-11.316678-CEST  MainProcess : INFO       
    From: VoipIO     To: HUB        Command: play_utterance_start(user_id="None") 

2013-06-08-22-42-11.350395-CEST  MainProcess : INFO       
    From: TTS        To: HUB        Command: tts_end(user_id="None",text="Dobrý den, dovolali jste se na informace o veřejné dopravě v Praze. Hovor je nahráván. Více informací o této službě je na internetu. Odkud a kam chcete jet? Můžete například říct chtěla bych jet z Malostranského náměstí na Zličín.") 

2013-06-08-22-42-29.326001-CEST  MainProcess : INFO       
    From: VoipIO     To: HUB        Command: play_utterance_end(user_id="None") 

2013-06-08-22-42-31.187989-CEST  MainProcess : INFO       
    From: VAD        To: HUB        Command: speech_start() 

2013-06-08-22-42-31.193974-CEST  ASR-3      : DEBUG      
    ASR: speech_start()

2013-06-08-22-42-31.201737-CEST  MainProcess : INFO       
    From: ASR        To: HUB        Command: asr_start() 

2013-06-08-22-42-33.690775-CEST  ASR-3      : DEBUG      
    ASR: speech_end()

2013-06-08-22-42-33.697623-CEST  MainProcess : INFO       
    From: VAD        To: HUB        Command: speech_end() 

2013-06-08-22-42-33.884156-CEST  MainProcess : INFO       
    From: VAD        To: HUB        Command: speech_start() 

2013-06-08-22-42-34.398901-CEST  ASR-3      : DEBUG      
    ASR Hypothesis
    ------------------------------------------------------------
    chtěl bych jet do jičína
    

2013-06-08-22-42-34.415689-CEST  ASR-3      : DEBUG      
    ASR: speech_start()

2013-06-08-22-42-34.423021-CEST  MainProcess : INFO       
    From: ASR        To: HUB        Command: asr_end() 

2013-06-08-22-42-34.436146-CEST  MainProcess : INFO       
    From: ASR        To: HUB        Command: asr_start() 

2013-06-08-22-42-34.469955-CEST  SLU-4      : DEBUG      
    SLU Hypothesis
    ------------------------------------------------------------
    
    

2013-06-08-22-42-34.480197-CEST  MainProcess : INFO       
    From: SLU        To: HUB        Command: slu_parsed() 

2013-06-08-22-42-34.488021-CEST  DM-5       : DEBUG      
    DM Output
    ------------------------------------------------------------
    notunderstood()&help(from_stop)
    

2013-06-08-22-42-34.517831-CEST  NLG-6      : DEBUG      
    NLG Output
    ------------------------------------------------------------
    Můžete to zopakovat? 
    

2013-06-08-22-42-34.526455-CEST  MainProcess : INFO       
    From: DM         To: HUB        Command: dm_da_generated() 

2013-06-08-22-42-34.534448-CEST  TTS-7      : DEBUG      
    From: HUB        To: TTS        Command: keeplast() 

2013-06-08-22-42-34.541415-CEST  MainProcess : INFO       
    From: NLG        To: HUB        Command: nlg_text_generated() 

2013-06-08-22-42-34.549477-CEST  MainProcess : INFO       
    From: TTS        To: HUB        Command: tts_start(user_id="None",text="Můžete to zopakovat? ") 

2013-06-08-22-42-34.711173-CEST  MainProcess : INFO       
    From: VAD        To: HUB        Command: speech_end() 

2013-06-08-22-42-34.719031-CEST  ASR-3      : DEBUG      
    ASR: speech_end()

2013-06-08-22-42-35.062396-CEST  MainProcess : INFO       
    From: VoipIO     To: HUB        Command: play_utterance_start(user_id="None") 

2013-06-08-22-42-35.068769-CEST  MainProcess : INFO       
    From: TTS        To: HUB        Command: tts_end(user_id="None",text="Můžete to zopakovat? ") 

2013-06-08-22-42-35.075970-CEST  ASR-3      : DEBUG      
    ASR Hypothesis
    ------------------------------------------------------------
    anděl
    

2013-06-08-22-42-35.095976-CEST  MainProcess : INFO       
    From: ASR        To: HUB        Command: asr_end() 

2013-06-08-22-42-35.138319-CEST  SLU-4      : DEBUG      
    SLU Hypothesis
    ------------------------------------------------------------
    1.000 inform(stop="anděl")
    

2013-06-08-22-42-35.148720-CEST  MainProcess : INFO       
    From: SLU        To: HUB        Command: slu_parsed() 

2013-06-08-22-42-35.156049-CEST  DM-5       : DEBUG      
    DM Output
    ------------------------------------------------------------
    notunderstood()&help(from_stop)
    

2013-06-08-22-42-35.186813-CEST  MainProcess : INFO       
    From: DM         To: HUB        Command: dm_da_generated() 

2013-06-08-22-42-35.194368-CEST  NLG-6      : DEBUG      
    NLG Output
    ------------------------------------------------------------
    Nerozuměla jsem. Jěště jednou prosím. Můžete například říct ze zastávky poliklinika Barandov.
    

2013-06-08-22-42-35.202654-CEST  TTS-7      : DEBUG      
    From: HUB        To: TTS        Command: keeplast() 

2013-06-08-22-42-35.215021-CEST  MainProcess : INFO       
    From: NLG        To: HUB        Command: nlg_text_generated() 

2013-06-08-22-42-35.222122-CEST  MainProcess : INFO       
    From: TTS        To: HUB        Command: tts_start(user_id="None",text="Nerozuměla jsem. Jěště jednou prosím. Můžete například říct ze zastávky poliklinika Barandov.") 

2013-06-08-22-42-36.433005-CEST  MainProcess : INFO       
    From: TTS        To: HUB        Command: tts_end(user_id="None",text="Nerozuměla jsem. Jěště jednou prosím. Můžete například říct ze zastávky poliklinika Barandov.") 

2013-06-08-22-42-37.319624-CEST  MainProcess : INFO       
    From: VoipIO     To: HUB        Command: play_utterance_end(user_id="None") 

2013-06-08-22-42-37.332760-CEST  MainProcess : INFO       
    From: VoipIO     To: HUB        Command: play_utterance_start(user_id="None") 

2013-06-08-22-42-45.322326-CEST  MainProcess : INFO       
    From: VoipIO     To: HUB        Command: play_utterance_end(user_id="None") 

2013-06-08-22-42-47.396810-CEST  MainProcess : INFO       
    From: VAD        To: HUB        Command: speech_start() 

2013-06-08-22-42-47.404791-CEST  ASR-3      : DEBUG      
    ASR: speech_start()

2013-06-08-22-42-47.412202-CEST  MainProcess : INFO       
    From: ASR        To: HUB        Command: asr_start() 

2013-06-08-22-42-48.655308-CEST  MainProcess : INFO       
    From: VAD        To: HUB        Command: speech_end() 

2013-06-08-22-42-48.662502-CEST  ASR-3      : DEBUG      
    ASR: speech_end()

2013-06-08-22-42-49.182664-CEST  ASR-3      : DEBUG      
    ASR Hypothesis
    ------------------------------------------------------------
    ze zličína
    

2013-06-08-22-42-49.203537-CEST  MainProcess : INFO       
    From: ASR        To: HUB        Command: asr_end() 

2013-06-08-22-42-49.253278-CEST  SLU-4      : DEBUG      
    SLU Hypothesis
    ------------------------------------------------------------
    1.000 inform(stop="zličín")
    1.000 inform(from_stop="zličín")
    

2013-06-08-22-42-49.262126-CEST  MainProcess : INFO       
    From: SLU        To: HUB        Command: slu_parsed() 

2013-06-08-22-42-49.270182-CEST  DM-5       : DEBUG      
    DM Output
    ------------------------------------------------------------
    iconfirm(from_stop="zličín")&request(to_stop)
    

2013-06-08-22-42-49.306249-CEST  MainProcess : INFO       
    From: DM         To: HUB        Command: dm_da_generated() 

2013-06-08-22-42-49.314217-CEST  NLG-6      : DEBUG      
    NLG Output
    ------------------------------------------------------------
    Ze zastávky zličín. Kam chcete jet?
    

2013-06-08-22-42-49.322494-CEST  TTS-7      : DEBUG      
    From: HUB        To: TTS        Command: keeplast() 

2013-06-08-22-42-49.333367-CEST  MainProcess : INFO       
    From: NLG        To: HUB        Command: nlg_text_generated() 

2013-06-08-22-42-49.341824-CEST  MainProcess : INFO       
    From: TTS        To: HUB        Command: tts_start(user_id="None",text="Ze zastávky zličín. Kam chcete jet?") 

2013-06-08-22-42-49.863858-CEST  MainProcess : INFO       
    From: TTS        To: HUB        Command: tts_end(user_id="None",text="Ze zastávky zličín. Kam chcete jet?") 

2013-06-08-22-42-49.877137-CEST  MainProcess : INFO       
    From: VoipIO     To: HUB        Command: play_utterance_start(user_id="None") 

2013-06-08-22-42-50.134780-CEST  ASR-3      : DEBUG      
    ASR: speech_start()

2013-06-08-22-42-50.141477-CEST  MainProcess : INFO       
    From: VAD        To: HUB        Command: speech_start() 

2013-06-08-22-42-50.149197-CEST  MainProcess : INFO       
    From: ASR        To: HUB        Command: asr_start() 

2013-06-08-22-42-50.699473-CEST  ASR-3      : DEBUG      
    ASR: speech_end()

2013-06-08-22-42-50.706898-CEST  MainProcess : INFO       
    From: VAD        To: HUB        Command: speech_end() 

2013-06-08-22-42-51.066777-CEST  ASR-3      : DEBUG      
    ASR Hypothesis
    ------------------------------------------------------------
    na
    

2013-06-08-22-42-51.088726-CEST  MainProcess : INFO       
    From: ASR        To: HUB        Command: asr_end() 

2013-06-08-22-42-51.136349-CEST  SLU-4      : DEBUG      
    SLU Hypothesis
    ------------------------------------------------------------
    
    

2013-06-08-22-42-51.145173-CEST  DM-5       : DEBUG      
    DM Output
    ------------------------------------------------------------
    notunderstood()&help(to_stop)
    

2013-06-08-22-42-51.153204-CEST  MainProcess : INFO       
    From: SLU        To: HUB        Command: slu_parsed() 

2013-06-08-22-42-51.175623-CEST  MainProcess : INFO       
    From: DM         To: HUB        Command: dm_da_generated() 

2013-06-08-22-42-51.184163-CEST  NLG-6      : DEBUG      
    NLG Output
    ------------------------------------------------------------
    Nerozuměla jsem. Jěště jednou prosím. Můžete například říct na Zličín.
    

2013-06-08-22-42-51.192181-CEST  TTS-7      : DEBUG      
    From: HUB        To: TTS        Command: keeplast() 

2013-06-08-22-42-51.204399-CEST  MainProcess : INFO       
    From: NLG        To: HUB        Command: nlg_text_generated() 

2013-06-08-22-42-51.211658-CEST  MainProcess : INFO       
    From: TTS        To: HUB        Command: tts_start(user_id="None",text="Nerozuměla jsem. Jěště jednou prosím. Můžete například říct na Zličín.") 

2013-06-08-22-42-52.196017-CEST  MainProcess : INFO       
    From: TTS        To: HUB        Command: tts_end(user_id="None",text="Nerozuměla jsem. Jěště jednou prosím. Můžete například říct na Zličín.") 

2013-06-08-22-42-53.835109-CEST  MainProcess : INFO       
    From: VoipIO     To: HUB        Command: play_utterance_end(user_id="None") 

2013-06-08-22-42-53.847577-CEST  MainProcess : INFO       
    From: VoipIO     To: HUB        Command: play_utterance_start(user_id="None") 

2013-06-08-22-42-56.296680-CEST  MainProcess : INFO       
    From: VAD        To: HUB        Command: speech_start() 

2013-06-08-22-42-56.302908-CEST  ASR-3      : DEBUG      
    ASR: speech_start()

2013-06-08-22-42-56.309805-CEST  MainProcess : INFO       
    From: ASR        To: HUB        Command: asr_start() 

2013-06-08-22-42-56.920649-CEST  MainProcess : INFO       
    From: VAD        To: HUB        Command: speech_end() 

2013-06-08-22-42-56.928538-CEST  ASR-3      : DEBUG      
    ASR: speech_end()

2013-06-08-22-42-57.432376-CEST  ASR-3      : DEBUG      
    ASR Hypothesis
    ------------------------------------------------------------
    
    

2013-06-08-22-42-57.451875-CEST  MainProcess : INFO       
    From: ASR        To: HUB        Command: asr_end() 

2013-06-08-22-42-57.499807-CEST  SLU-4      : DEBUG      
    SLU Hypothesis
    ------------------------------------------------------------
    
    

2013-06-08-22-42-57.509113-CEST  DM-5       : DEBUG      
    DM Output
    ------------------------------------------------------------
    notunderstood()&help(to_stop)
    

2013-06-08-22-42-57.518036-CEST  MainProcess : INFO       
    From: SLU        To: HUB        Command: slu_parsed() 

2013-06-08-22-42-57.540205-CEST  NLG-6      : DEBUG      
    NLG Output
    ------------------------------------------------------------
    Nerozuměla jsem. Jěště jednou prosím. Můžete například říct chtěla bych jet na Zvonařku.
    

2013-06-08-22-42-57.549980-CEST  MainProcess : INFO       
    From: DM         To: HUB        Command: dm_da_generated() 

2013-06-08-22-42-57.557423-CEST  TTS-7      : DEBUG      
    From: HUB        To: TTS        Command: keeplast() 

2013-06-08-22-42-57.565345-CEST  MainProcess : INFO       
    From: NLG        To: HUB        Command: nlg_text_generated() 

2013-06-08-22-42-57.573043-CEST  MainProcess : INFO       
    From: TTS        To: HUB        Command: tts_start(user_id="None",text="Nerozuměla jsem. Jěště jednou prosím. Můžete například říct chtěla bych jet na Zvonařku.") 

2013-06-08-22-42-58.555960-CEST  MainProcess : INFO       
    From: TTS        To: HUB        Command: tts_end(user_id="None",text="Nerozuměla jsem. Jěště jednou prosím. Můžete například říct chtěla bych jet na Zvonařku.") 

2013-06-08-22-43-00.811395-CEST  MainProcess : INFO       
    From: VoipIO     To: HUB        Command: play_utterance_end(user_id="None") 

2013-06-08-22-43-00.824294-CEST  MainProcess : INFO       
    From: VoipIO     To: HUB        Command: play_utterance_start(user_id="None") 

2013-06-08-22-43-08.296502-CEST  MainProcess : INFO       
    From: VoipIO     To: HUB        Command: play_utterance_end(user_id="None") 

2013-06-08-22-43-09.790770-CEST  MainProcess : INFO       
    From: VAD        To: HUB        Command: speech_start() 

2013-06-08-22-43-09.797260-CEST  MainProcess : INFO       
    From: ASR        To: HUB        Command: asr_start() 

2013-06-08-22-43-09.804743-CEST  ASR-3      : DEBUG      
    ASR: speech_start()

2013-06-08-22-43-10.806843-CEST  ASR-3      : DEBUG      
    ASR: speech_end()

2013-06-08-22-43-10.813344-CEST  MainProcess : INFO       
    From: VAD        To: HUB        Command: speech_end() 

2013-06-08-22-43-11.189453-CEST  ASR-3      : DEBUG      
    ASR Hypothesis
    ------------------------------------------------------------
    na barandov
    

2013-06-08-22-43-11.211506-CEST  MainProcess : INFO       
    From: ASR        To: HUB        Command: asr_end() 

2013-06-08-22-43-11.256168-CEST  SLU-4      : DEBUG      
    SLU Hypothesis
    ------------------------------------------------------------
    
    

2013-06-08-22-43-11.264951-CEST  MainProcess : INFO       
    From: SLU        To: HUB        Command: slu_parsed() 

2013-06-08-22-43-11.272528-CEST  DM-5       : DEBUG      
    DM Output
    ------------------------------------------------------------
    notunderstood()&help(to_stop)
    

2013-06-08-22-43-11.308054-CEST  MainProcess : INFO       
    From: DM         To: HUB        Command: dm_da_generated() 

2013-06-08-22-43-11.315286-CEST  NLG-6      : DEBUG      
    NLG Output
    ------------------------------------------------------------
    Ještě jednou prosím. Můžete například říct na Zvonařku.
    

2013-06-08-22-43-11.323438-CEST  TTS-7      : DEBUG      
    From: HUB        To: TTS        Command: keeplast() 

2013-06-08-22-43-11.335529-CEST  MainProcess : INFO       
    From: NLG        To: HUB        Command: nlg_text_generated() 

2013-06-08-22-43-11.342977-CEST  MainProcess : INFO       
    From: TTS        To: HUB        Command: tts_start(user_id="None",text="Ještě jednou prosím. Můžete například říct na Zvonařku.") 

2013-06-08-22-43-12.321766-CEST  MainProcess : INFO       
    From: VoipIO     To: HUB        Command: play_utterance_start(user_id="None") 

2013-06-08-22-43-12.328638-CEST  MainProcess : INFO       
    From: TTS        To: HUB        Command: tts_end(user_id="None",text="Ještě jednou prosím. Můžete například říct na Zvonařku.") 

2013-06-08-22-43-17.455270-CEST  MainProcess : INFO       
    From: VoipIO     To: HUB        Command: play_utterance_end(user_id="None") 

2013-06-08-22-43-18.495125-CEST  MainProcess : INFO       
    From: VAD        To: HUB        Command: speech_start() 

2013-06-08-22-43-18.502697-CEST  ASR-3      : DEBUG      
    ASR: speech_start()

2013-06-08-22-43-18.509429-CEST  MainProcess : INFO       
    From: ASR        To: HUB        Command: asr_start() 

2013-06-08-22-43-19.645082-CEST  MainProcess : INFO       
    From: VAD        To: HUB        Command: speech_end() 

2013-06-08-22-43-19.652950-CEST  ASR-3      : DEBUG      
    ASR: speech_end()

2013-06-08-22-43-20.031429-CEST  ASR-3      : DEBUG      
    ASR Hypothesis
    ------------------------------------------------------------
    na florenci
    

2013-06-08-22-43-20.052324-CEST  MainProcess : INFO       
    From: ASR        To: HUB        Command: asr_end() 

2013-06-08-22-43-20.105222-CEST  SLU-4      : DEBUG      
    SLU Hypothesis
    ------------------------------------------------------------
    
    

2013-06-08-22-43-20.114870-CEST  DM-5       : DEBUG      
    DM Output
    ------------------------------------------------------------
    notunderstood()&help(to_stop)
    

2013-06-08-22-43-20.123631-CEST  MainProcess : INFO       
    From: SLU        To: HUB        Command: slu_parsed() 

2013-06-08-22-43-20.152086-CEST  NLG-6      : DEBUG      
    NLG Output
    ------------------------------------------------------------
    Nerozuměla jsem. Jěště jednou prosím. Můžete například říct na Žižkov.
    

2013-06-08-22-43-20.160511-CEST  MainProcess : INFO       
    From: DM         To: HUB        Command: dm_da_generated() 

2013-06-08-22-43-20.168402-CEST  TTS-7      : DEBUG      
    From: HUB        To: TTS        Command: keeplast() 

2013-06-08-22-43-20.178352-CEST  MainProcess : INFO       
    From: NLG        To: HUB        Command: nlg_text_generated() 

2013-06-08-22-43-20.185731-CEST  MainProcess : INFO       
    From: TTS        To: HUB        Command: tts_start(user_id="None",text="Nerozuměla jsem. Jěště jednou prosím. Můžete například říct na Žižkov.") 

2013-06-08-22-43-21.164516-CEST  MainProcess : INFO       
    From: VoipIO     To: HUB        Command: play_utterance_start(user_id="None") 

2013-06-08-22-43-21.171813-CEST  MainProcess : INFO       
    From: TTS        To: HUB        Command: tts_end(user_id="None",text="Nerozuměla jsem. Jěště jednou prosím. Můžete například říct na Žižkov.") 

2013-06-08-22-43-27.948263-CEST  MainProcess : INFO       
    From: VoipIO     To: HUB        Command: play_utterance_end(user_id="None") 

2013-06-08-22-43-29.255558-CEST  MainProcess : INFO       
    From: VAD        To: HUB        Command: speech_start() 

2013-06-08-22-43-29.263426-CEST  MainProcess : INFO       
    From: ASR        To: HUB        Command: asr_start() 

2013-06-08-22-43-29.272025-CEST  ASR-3      : DEBUG      
    ASR: speech_start()

2013-06-08-22-43-29.820890-CEST  ASR-3      : DEBUG      
    ASR: speech_end()

2013-06-08-22-43-29.829437-CEST  MainProcess : INFO       
    From: VAD        To: HUB        Command: speech_end() 

2013-06-08-22-43-30.143490-CEST  MainProcess : INFO       
    From: VAD        To: HUB        Command: speech_start() 

2013-06-08-22-43-30.216898-CEST  ASR-3      : DEBUG      
    ASR Hypothesis
    ------------------------------------------------------------
    nám
    

2013-06-08-22-43-30.237196-CEST  ASR-3      : DEBUG      
    ASR: speech_start()

2013-06-08-22-43-30.243786-CEST  MainProcess : INFO       
    From: ASR        To: HUB        Command: asr_end() 

2013-06-08-22-43-30.255670-CEST  MainProcess : INFO       
    From: ASR        To: HUB        Command: asr_start() 

2013-06-08-22-43-30.287508-CEST  SLU-4      : DEBUG      
    SLU Hypothesis
    ------------------------------------------------------------
    
    

2013-06-08-22-43-30.298881-CEST  MainProcess : INFO       
    From: SLU        To: HUB        Command: slu_parsed() 

2013-06-08-22-43-30.305656-CEST  DM-5       : DEBUG      
    DM Output
    ------------------------------------------------------------
    notunderstood()&help(to_stop)
    

2013-06-08-22-43-30.341179-CEST  NLG-6      : DEBUG      
    NLG Output
    ------------------------------------------------------------
    Ještě jednou prosím. 
    

2013-06-08-22-43-30.349338-CEST  MainProcess : INFO       
    From: DM         To: HUB        Command: dm_da_generated() 

2013-06-08-22-43-30.357967-CEST  TTS-7      : DEBUG      
    From: HUB        To: TTS        Command: keeplast() 

2013-06-08-22-43-30.366808-CEST  MainProcess : INFO       
    From: NLG        To: HUB        Command: nlg_text_generated() 

2013-06-08-22-43-30.374653-CEST  MainProcess : INFO       
    From: TTS        To: HUB        Command: tts_start(user_id="None",text="Ještě jednou prosím. ") 

2013-06-08-22-43-30.880883-CEST  MainProcess : INFO       
    From: TTS        To: HUB        Command: tts_end(user_id="None",text="Ještě jednou prosím. ") 

2013-06-08-22-43-30.895777-CEST  MainProcess : INFO       
    From: VoipIO     To: HUB        Command: play_utterance_start(user_id="None") 

2013-06-08-22-43-30.903352-CEST  ASR-3      : DEBUG      
    ASR: speech_end()

2013-06-08-22-43-30.910555-CEST  MainProcess : INFO       
    From: VAD        To: HUB        Command: speech_end() 

2013-06-08-22-43-31.401939-CEST  ASR-3      : DEBUG      
    ASR Hypothesis
    ------------------------------------------------------------
    florenc
    

2013-06-08-22-43-31.426294-CEST  MainProcess : INFO       
    From: ASR        To: HUB        Command: asr_end() 

2013-06-08-22-43-31.460917-CEST  SLU-4      : DEBUG      
    SLU Hypothesis
    ------------------------------------------------------------
    1.000 inform(stop="florenc")
    

2013-06-08-22-43-31.468003-CEST  MainProcess : INFO       
    From: SLU        To: HUB        Command: slu_parsed() 

2013-06-08-22-43-31.475710-CEST  DM-5       : DEBUG      
    DM Output
    ------------------------------------------------------------
    notunderstood()&help(to_stop)
    

2013-06-08-22-43-31.511722-CEST  MainProcess : INFO       
    From: DM         To: HUB        Command: dm_da_generated() 

2013-06-08-22-43-31.518358-CEST  NLG-6      : DEBUG      
    NLG Output
    ------------------------------------------------------------
    Můžete to zopakovat? Můžete například říct chtěla bych jet na Žižkov.
    

2013-06-08-22-43-31.526003-CEST  TTS-7      : DEBUG      
    From: HUB        To: TTS        Command: keeplast() 

2013-06-08-22-43-31.540201-CEST  MainProcess : INFO       
    From: NLG        To: HUB        Command: nlg_text_generated() 

2013-06-08-22-43-31.548093-CEST  MainProcess : INFO       
    From: TTS        To: HUB        Command: tts_start(user_id="None",text="Můžete to zopakovat? Můžete například říct chtěla bych jet na Žižkov.") 

2013-06-08-22-43-32.516382-CEST  MainProcess : INFO       
    From: TTS        To: HUB        Command: tts_end(user_id="None",text="Můžete to zopakovat? Můžete například říct chtěla bych jet na Žižkov.") 

2013-06-08-22-43-33.260603-CEST  MainProcess : INFO       
    From: VoipIO     To: HUB        Command: play_utterance_end(user_id="None") 

2013-06-08-22-43-33.273462-CEST  MainProcess : INFO       
    From: VoipIO     To: HUB        Command: play_utterance_start(user_id="None") 

2013-06-08-22-43-34.236601-CEST  MainProcess : INFO       
    From: VAD        To: HUB        Command: speech_start() 

2013-06-08-22-43-34.243368-CEST  MainProcess : INFO       
    From: ASR        To: HUB        Command: asr_start() 

2013-06-08-22-43-34.250833-CEST  ASR-3      : DEBUG      
    ASR: speech_start()

2013-06-08-22-43-34.549565-CEST  MainProcess : INFO       
    From: VAD        To: HUB        Command: speech_end() 

2013-06-08-22-43-34.556941-CEST  ASR-3      : DEBUG      
    ASR: speech_end()

2013-06-08-22-43-34.817851-CEST  ASR-3      : DEBUG      
    ASR Hypothesis
    ------------------------------------------------------------
    
    

2013-06-08-22-43-34.844989-CEST  MainProcess : INFO       
    From: ASR        To: HUB        Command: asr_end() 

2013-06-08-22-43-34.893119-CEST  SLU-4      : DEBUG      
    SLU Hypothesis
    ------------------------------------------------------------
    
    

2013-06-08-22-43-34.901433-CEST  DM-5       : DEBUG      
    DM Output
    ------------------------------------------------------------
    notunderstood()&help(to_stop)
    

2013-06-08-22-43-34.909209-CEST  MainProcess : INFO       
    From: SLU        To: HUB        Command: slu_parsed() 

2013-06-08-22-43-34.943036-CEST  MainProcess : INFO       
    From: DM         To: HUB        Command: dm_da_generated() 

2013-06-08-22-43-34.951009-CEST  NLG-6      : DEBUG      
    NLG Output
    ------------------------------------------------------------
    Můžete to zopakovat? Můžete například říct chtěla bych jet na Žižkov.
    

2013-06-08-22-43-34.959404-CEST  TTS-7      : DEBUG      
    From: HUB        To: TTS        Command: keeplast() 

2013-06-08-22-43-34.977144-CEST  MainProcess : INFO       
    From: NLG        To: HUB        Command: nlg_text_generated() 

2013-06-08-22-43-34.983807-CEST  MainProcess : INFO       
    From: TTS        To: HUB        Command: tts_start(user_id="None",text="Můžete to zopakovat? Můžete například říct chtěla bych jet na Žižkov.") 

2013-06-08-22-43-35.953523-CEST  MainProcess : INFO       
    From: TTS        To: HUB        Command: tts_end(user_id="None",text="Můžete to zopakovat? Můžete například říct chtěla bych jet na Žižkov.") 

2013-06-08-22-43-38.830201-CEST  MainProcess : INFO       
    From: VoipIO     To: HUB        Command: play_utterance_end(user_id="None") 

2013-06-08-22-43-38.843777-CEST  MainProcess : INFO       
    From: VoipIO     To: HUB        Command: play_utterance_start(user_id="None") 

2013-06-08-22-43-41.386560-CEST  VoipIO-1   : INFO       
    22:43:41.381    pjsua_acc.c  ....<sip:800899998@vystadial.ms.mff.cuni.cz>: registration success, status=200 (OK), will re-register in 300 seconds
    

2013-06-08-22-43-44.329780-CEST  MainProcess : INFO       
    From: VoipIO     To: HUB        Command: play_utterance_end(user_id="None") 

2013-06-08-22-43-45.771716-CEST  ASR-3      : DEBUG      
    ASR: speech_start()

2013-06-08-22-43-45.778994-CEST  MainProcess : INFO       
    From: VAD        To: HUB        Command: speech_start() 

2013-06-08-22-43-45.786100-CEST  MainProcess : INFO       
    From: ASR        To: HUB        Command: asr_start() 

2013-06-08-22-43-46.838323-CEST  ASR-3      : DEBUG      
    ASR: speech_end()

2013-06-08-22-43-46.846429-CEST  MainProcess : INFO       
    From: VAD        To: HUB        Command: speech_end() 

2013-06-08-22-43-47.171865-CEST  MainProcess : INFO       
    From: VAD        To: HUB        Command: speech_start() 

2013-06-08-22-43-47.550205-CEST  ASR-3      : DEBUG      
    ASR Hypothesis
    ------------------------------------------------------------
    chtěl bych 1
    

2013-06-08-22-43-47.572963-CEST  ASR-3      : DEBUG      
    ASR: speech_start()

2013-06-08-22-43-47.579627-CEST  MainProcess : INFO       
    From: ASR        To: HUB        Command: asr_end() 

2013-06-08-22-43-47.591405-CEST  MainProcess : INFO       
    From: ASR        To: HUB        Command: asr_start() 

2013-06-08-22-43-47.624135-CEST  SLU-4      : DEBUG      
    SLU Hypothesis
    ------------------------------------------------------------
    1.000 inform(time="1:00")
    

2013-06-08-22-43-47.634789-CEST  MainProcess : INFO       
    From: SLU        To: HUB        Command: slu_parsed() 

2013-06-08-22-43-47.642293-CEST  DM-5       : DEBUG      
    DM Output
    ------------------------------------------------------------
    iconfirm(time="1:00")&request(to_stop)
    

2013-06-08-22-43-47.683593-CEST  NLG-6      : DEBUG      
    NLG Output
    ------------------------------------------------------------
    V 1:00. Kam chcete jet?
    

2013-06-08-22-43-47.692382-CEST  MainProcess : INFO       
    From: DM         To: HUB        Command: dm_da_generated() 

2013-06-08-22-43-47.699869-CEST  TTS-7      : DEBUG      
    From: HUB        To: TTS        Command: keeplast() 

2013-06-08-22-43-47.709942-CEST  MainProcess : INFO       
    From: NLG        To: HUB        Command: nlg_text_generated() 

2013-06-08-22-43-47.716272-CEST  MainProcess : INFO       
    From: TTS        To: HUB        Command: tts_start(user_id="None",text="V 1:00. Kam chcete jet?") 

2013-06-08-22-43-47.920130-CEST  MainProcess : INFO       
    From: VAD        To: HUB        Command: speech_end() 

2013-06-08-22-43-47.926811-CEST  ASR-3      : DEBUG      
    ASR: speech_end()

2013-06-08-22-43-48.274233-CEST  ASR-3      : DEBUG      
    ASR Hypothesis
    ------------------------------------------------------------
    florenc
    

2013-06-08-22-43-48.301261-CEST  MainProcess : INFO       
    From: ASR        To: HUB        Command: asr_end() 

2013-06-08-22-43-48.335803-CEST  SLU-4      : DEBUG      
    SLU Hypothesis
    ------------------------------------------------------------
    1.000 inform(stop="florenc")
    

2013-06-08-22-43-48.344940-CEST  MainProcess : INFO       
    From: SLU        To: HUB        Command: slu_parsed() 

2013-06-08-22-43-48.351079-CEST  DM-5       : DEBUG      
    DM Output
    ------------------------------------------------------------
    notunderstood()&help(to_stop)
    

2013-06-08-22-43-48.392877-CEST  MainProcess : INFO       
    From: DM         To: HUB        Command: dm_da_generated() 

2013-06-08-22-43-48.401208-CEST  NLG-6      : DEBUG      
    NLG Output
    ------------------------------------------------------------
    Ještě jednou prosím. 
    

2013-06-08-22-43-48.440397-CEST  MainProcess : INFO       
    From: NLG        To: HUB        Command: nlg_text_generated() 

2013-06-08-22-43-48.457721-CEST  MainProcess : INFO       
    From: VoipIO     To: HUB        Command: play_utterance_start(user_id="None") 

2013-06-08-22-43-48.464862-CEST  MainProcess : INFO       
    From: TTS        To: HUB        Command: tts_end(user_id="None",text="V 1:00. Kam chcete jet?") 

2013-06-08-22-43-48.476746-CEST  MainProcess : INFO       
    From: TTS        To: HUB        Command: tts_start(user_id="None",text="Ještě jednou prosím. ") 

2013-06-08-22-43-48.966120-CEST  TTS-7      : DEBUG      
    From: HUB        To: TTS        Command: keeplast() 

2013-06-08-22-43-48.974270-CEST  MainProcess : INFO       
    From: TTS        To: HUB        Command: tts_end(user_id="None",text="Ještě jednou prosím. ") 

2013-06-08-22-43-52.329028-CEST  MainProcess : INFO       
    From: VoipIO     To: HUB        Command: play_utterance_end(user_id="None") 

2013-06-08-22-43-52.343254-CEST  MainProcess : INFO       
    From: VoipIO     To: HUB        Command: play_utterance_start(user_id="None") 

2013-06-08-22-43-54.634308-CEST  MainProcess : INFO       
    From: VoipIO     To: HUB        Command: play_utterance_end(user_id="None") 

2013-06-08-22-43-55.375206-CEST  ASR-3      : DEBUG      
    ASR: speech_start()

2013-06-08-22-43-55.382703-CEST  MainProcess : INFO       
    From: VAD        To: HUB        Command: speech_start() 

2013-06-08-22-43-55.391199-CEST  MainProcess : INFO       
    From: ASR        To: HUB        Command: asr_start() 

2013-06-08-22-43-57.278513-CEST  ASR-3      : DEBUG      
    ASR: speech_end()

2013-06-08-22-43-57.285478-CEST  MainProcess : INFO       
    From: VAD        To: HUB        Command: speech_end() 

2013-06-08-22-43-58.004357-CEST  ASR-3      : DEBUG      
    ASR Hypothesis
    ------------------------------------------------------------
    chtěl bych 1 florenc
    

2013-06-08-22-43-58.029736-CEST  MainProcess : INFO       
    From: ASR        To: HUB        Command: asr_end() 

2013-06-08-22-43-58.078217-CEST  SLU-4      : DEBUG      
    SLU Hypothesis
    ------------------------------------------------------------
    1.000 inform(stop="florenc")
    

2013-06-08-22-43-58.087603-CEST  DM-5       : DEBUG      
    DM Output
    ------------------------------------------------------------
    notunderstood()&help(to_stop)
    

2013-06-08-22-43-58.095771-CEST  MainProcess : INFO       
    From: SLU        To: HUB        Command: slu_parsed() 

2013-06-08-22-43-58.128268-CEST  NLG-6      : DEBUG      
    NLG Output
    ------------------------------------------------------------
    Nerozuměla jsem. Jěště jednou prosím. 
    

2013-06-08-22-43-58.136794-CEST  MainProcess : INFO       
    From: DM         To: HUB        Command: dm_da_generated() 

2013-06-08-22-43-58.144545-CEST  TTS-7      : DEBUG      
    From: HUB        To: TTS        Command: keeplast() 

2013-06-08-22-43-58.160410-CEST  MainProcess : INFO       
    From: NLG        To: HUB        Command: nlg_text_generated() 

2013-06-08-22-43-58.167161-CEST  MainProcess : INFO       
    From: TTS        To: HUB        Command: tts_start(user_id="None",text="Nerozuměla jsem. Jěště jednou prosím. ") 

2013-06-08-22-43-58.903842-CEST  MainProcess : INFO       
    From: TTS        To: HUB        Command: tts_end(user_id="None",text="Nerozuměla jsem. Jěště jednou prosím. ") 

2013-06-08-22-43-58.916561-CEST  MainProcess : INFO       
    From: VoipIO     To: HUB        Command: play_utterance_start(user_id="None") 

2013-06-08-22-44-02.957430-CEST  MainProcess : INFO       
    From: VoipIO     To: HUB        Command: play_utterance_end(user_id="None") 

2013-06-08-22-44-04.085367-CEST  MainProcess : INFO       
    From: VAD        To: HUB        Command: speech_start() 

2013-06-08-22-44-04.092234-CEST  ASR-3      : DEBUG      
    ASR: speech_start()

2013-06-08-22-44-04.099653-CEST  MainProcess : INFO       
    From: ASR        To: HUB        Command: asr_start() 

2013-06-08-22-44-05.394068-CEST  MainProcess : INFO       
    From: VAD        To: HUB        Command: speech_end() 

2013-06-08-22-44-05.401266-CEST  ASR-3      : DEBUG      
    ASR: speech_end()

2013-06-08-22-44-05.847081-CEST  ASR-3      : DEBUG      
    ASR Hypothesis
    ------------------------------------------------------------
    na florenci
    

2013-06-08-22-44-05.874735-CEST  MainProcess : INFO       
    From: ASR        To: HUB        Command: asr_end() 

2013-06-08-22-44-05.923804-CEST  SLU-4      : DEBUG      
    SLU Hypothesis
    ------------------------------------------------------------
    
    

2013-06-08-22-44-05.933296-CEST  MainProcess : INFO       
    From: SLU        To: HUB        Command: slu_parsed() 

2013-06-08-22-44-05.940690-CEST  DM-5       : DEBUG      
    DM Output
    ------------------------------------------------------------
    notunderstood()&help(to_stop)
    

2013-06-08-22-44-05.982106-CEST  MainProcess : INFO       
    From: DM         To: HUB        Command: dm_da_generated() 

2013-06-08-22-44-05.990130-CEST  NLG-6      : DEBUG      
    NLG Output
    ------------------------------------------------------------
    Nerozuměla jsem. Jěště jednou prosím. 
    

2013-06-08-22-44-05.998303-CEST  TTS-7      : DEBUG      
    From: HUB        To: TTS        Command: keeplast() 

2013-06-08-22-44-06.014871-CEST  MainProcess : INFO       
    From: NLG        To: HUB        Command: nlg_text_generated() 

2013-06-08-22-44-06.022469-CEST  MainProcess : INFO       
    From: TTS        To: HUB        Command: tts_start(user_id="None",text="Nerozuměla jsem. Jěště jednou prosím. ") 

2013-06-08-22-44-06.779711-CEST  MainProcess : INFO       
    From: TTS        To: HUB        Command: tts_end(user_id="None",text="Nerozuměla jsem. Jěště jednou prosím. ") 

2013-06-08-22-44-06.791923-CEST  MainProcess : INFO       
    From: VoipIO     To: HUB        Command: play_utterance_start(user_id="None") 

2013-06-08-22-44-10.834900-CEST  MainProcess : INFO       
    From: VoipIO     To: HUB        Command: play_utterance_end(user_id="None") 

2013-06-08-22-44-11.932137-CEST  MainProcess : INFO       
    From: VAD        To: HUB        Command: speech_start() 

2013-06-08-22-44-11.938965-CEST  MainProcess : INFO       
    From: ASR        To: HUB        Command: asr_start() 

2013-06-08-22-44-11.945676-CEST  ASR-3      : DEBUG      
    ASR: speech_start()

2013-06-08-22-44-13.011486-CEST  ASR-3      : DEBUG      
    ASR: speech_end()

2013-06-08-22-44-13.018792-CEST  MainProcess : INFO       
    From: VAD        To: HUB        Command: speech_end() 

2013-06-08-22-44-13.403502-CEST  ASR-3      : DEBUG      
    ASR Hypothesis
    ------------------------------------------------------------
    do brna
    

2013-06-08-22-44-13.433263-CEST  MainProcess : INFO       
    From: ASR        To: HUB        Command: asr_end() 

2013-06-08-22-44-13.484781-CEST  SLU-4      : DEBUG      
    SLU Hypothesis
    ------------------------------------------------------------
    
    

2013-06-08-22-44-13.494184-CEST  DM-5       : DEBUG      
    DM Output
    ------------------------------------------------------------
    notunderstood()&help(to_stop)
    

2013-06-08-22-44-13.502653-CEST  MainProcess : INFO       
    From: SLU        To: HUB        Command: slu_parsed() 

2013-06-08-22-44-13.539011-CEST  NLG-6      : DEBUG      
    NLG Output
    ------------------------------------------------------------
    Nerozuměla jsem. Jěště jednou prosím. 
    

2013-06-08-22-44-13.548216-CEST  MainProcess : INFO       
    From: DM         To: HUB        Command: dm_da_generated() 

2013-06-08-22-44-13.556693-CEST  TTS-7      : DEBUG      
    From: HUB        To: TTS        Command: keeplast() 

2013-06-08-22-44-13.566211-CEST  MainProcess : INFO       
    From: NLG        To: HUB        Command: nlg_text_generated() 

2013-06-08-22-44-13.574054-CEST  MainProcess : INFO       
    From: TTS        To: HUB        Command: tts_start(user_id="None",text="Nerozuměla jsem. Jěště jednou prosím. ") 

2013-06-08-22-44-14.065099-CEST  MainProcess : INFO       
    From: VAD        To: HUB        Command: speech_start() 

2013-06-08-22-44-14.072607-CEST  ASR-3      : DEBUG      
    ASR: speech_start()

2013-06-08-22-44-14.079474-CEST  MainProcess : INFO       
    From: ASR        To: HUB        Command: asr_start() 

2013-06-08-22-44-14.313881-CEST  MainProcess : INFO       
    From: TTS        To: HUB        Command: tts_end(user_id="None",text="Nerozuměla jsem. Jěště jednou prosím. ") 

2013-06-08-22-44-14.326903-CEST  MainProcess : INFO       
    From: VoipIO     To: HUB        Command: play_utterance_start(user_id="None") 

2013-06-08-22-44-14.612267-CEST  MainProcess : INFO       
    From: VAD        To: HUB        Command: speech_end() 

2013-06-08-22-44-14.618963-CEST  ASR-3      : DEBUG      
    ASR: speech_end()

2013-06-08-22-44-14.881482-CEST  ASR-3      : DEBUG      
    ASR Hypothesis
    ------------------------------------------------------------
    
    

2013-06-08-22-44-14.908425-CEST  MainProcess : INFO       
    From: ASR        To: HUB        Command: asr_end() 

2013-06-08-22-44-14.957188-CEST  SLU-4      : DEBUG      
    SLU Hypothesis
    ------------------------------------------------------------
    
    

2013-06-08-22-44-14.966663-CEST  DM-5       : DEBUG      
    DM Output
    ------------------------------------------------------------
    notunderstood()&help(to_stop)
    

2013-06-08-22-44-14.975296-CEST  MainProcess : INFO       
    From: SLU        To: HUB        Command: slu_parsed() 

2013-06-08-22-44-15.012131-CEST  NLG-6      : DEBUG      
    NLG Output
    ------------------------------------------------------------
    Můžete to zopakovat? 
    

2013-06-08-22-44-15.021641-CEST  MainProcess : INFO       
    From: DM         To: HUB        Command: dm_da_generated() 

2013-06-08-22-44-15.028677-CEST  TTS-7      : DEBUG      
    From: HUB        To: TTS        Command: keeplast() 

2013-06-08-22-44-15.038616-CEST  MainProcess : INFO       
    From: NLG        To: HUB        Command: nlg_text_generated() 

2013-06-08-22-44-15.045731-CEST  MainProcess : INFO       
    From: TTS        To: HUB        Command: tts_start(user_id="None",text="Můžete to zopakovat? ") 

2013-06-08-22-44-15.557018-CEST  MainProcess : INFO       
    From: TTS        To: HUB        Command: tts_end(user_id="None",text="Můžete to zopakovat? ") 

2013-06-08-22-44-18.384332-CEST  MainProcess : INFO       
    From: VoipIO     To: HUB        Command: play_utterance_end(user_id="None") 

2013-06-08-22-44-18.397685-CEST  MainProcess : INFO       
    From: VoipIO     To: HUB        Command: play_utterance_start(user_id="None") 

2013-06-08-22-44-20.623021-CEST  MainProcess : INFO       
    From: VoipIO     To: HUB        Command: play_utterance_end(user_id="None") 

2013-06-08-22-44-21.410156-CEST  ASR-3      : DEBUG      
    ASR: speech_start()

2013-06-08-22-44-21.416668-CEST  MainProcess : INFO       
    From: VAD        To: HUB        Command: speech_start() 

2013-06-08-22-44-21.423481-CEST  MainProcess : INFO       
    From: ASR        To: HUB        Command: asr_start() 

2013-06-08-22-44-22.231145-CEST  ASR-3      : DEBUG      
    ASR: speech_end()

2013-06-08-22-44-22.237918-CEST  MainProcess : INFO       
    From: VAD        To: HUB        Command: speech_end() 

2013-06-08-22-44-22.597052-CEST  ASR-3      : DEBUG      
    ASR Hypothesis
    ------------------------------------------------------------
    na florenci
    

2013-06-08-22-44-22.624554-CEST  MainProcess : INFO       
    From: ASR        To: HUB        Command: asr_end() 

2013-06-08-22-44-22.669875-CEST  SLU-4      : DEBUG      
    SLU Hypothesis
    ------------------------------------------------------------
    
    

2013-06-08-22-44-22.677801-CEST  MainProcess : INFO       
    From: SLU        To: HUB        Command: slu_parsed() 

2013-06-08-22-44-22.686166-CEST  DM-5       : DEBUG      
    DM Output
    ------------------------------------------------------------
    notunderstood()&help(to_stop)
    

2013-06-08-22-44-22.772666-CEST  NLG-6      : DEBUG      
    NLG Output
    ------------------------------------------------------------
    Nerozuměla jsem. Jěště jednou prosím. 
    

2013-06-08-22-44-22.781736-CEST  MainProcess : INFO       
    From: DM         To: HUB        Command: dm_da_generated() 

2013-06-08-22-44-22.789164-CEST  TTS-7      : DEBUG      
    From: HUB        To: TTS        Command: keeplast() 

2013-06-08-22-44-22.804043-CEST  MainProcess : INFO       
    From: NLG        To: HUB        Command: nlg_text_generated() 

2013-06-08-22-44-22.812107-CEST  MainProcess : INFO       
    From: TTS        To: HUB        Command: tts_start(user_id="None",text="Nerozuměla jsem. Jěště jednou prosím. ") 

2013-06-08-22-44-23.575402-CEST  MainProcess : INFO       
    From: VoipIO     To: HUB        Command: play_utterance_start(user_id="None") 

2013-06-08-22-44-23.582841-CEST  MainProcess : INFO       
    From: TTS        To: HUB        Command: tts_end(user_id="None",text="Nerozuměla jsem. Jěště jednou prosím. ") 

2013-06-08-22-44-27.657042-CEST  MainProcess : INFO       
    From: VoipIO     To: HUB        Command: play_utterance_end(user_id="None") 

2013-06-08-22-44-29.686071-CEST  MainProcess : INFO       
    From: VAD        To: HUB        Command: speech_start() 

2013-06-08-22-44-29.693246-CEST  MainProcess : INFO       
    From: ASR        To: HUB        Command: asr_start() 

2013-06-08-22-44-29.700243-CEST  ASR-3      : DEBUG      
    ASR: speech_start()

2013-06-08-22-44-32.991017-CEST  MainProcess : INFO       
    From: VAD        To: HUB        Command: speech_end() 

2013-06-08-22-44-32.997867-CEST  ASR-3      : DEBUG      
    ASR: speech_end()

2013-06-08-22-44-33.722651-CEST  ASR-3      : DEBUG      
    ASR Hypothesis
    ------------------------------------------------------------
    na malostranské náměstí
    

2013-06-08-22-44-33.749386-CEST  MainProcess : INFO       
    From: ASR        To: HUB        Command: asr_end() 

2013-06-08-22-44-33.798878-CEST  SLU-4      : DEBUG      
    SLU Hypothesis
    ------------------------------------------------------------
    1.000 inform(to_stop="malostranské náměstí")
    1.000 inform(stop="malostranské náměstí")
    

2013-06-08-22-44-33.807752-CEST  MainProcess : INFO       
    From: SLU        To: HUB        Command: slu_parsed() 

2013-06-08-22-44-34.179323-CEST  DM-5       : DEBUG      
    DM Output
    ------------------------------------------------------------
    iconfirm(to_stop="malostranské náměstí")&inform(alternatives="4")&inform(alternative="1")&inform(vehicle="BUS")&inform(line="180")&inform(go_at="01:03")&inform(enter_at="Sídliště Zličín")&inform(headsign="Dejvická")&inform(exit_at="Vypich")&inform(transfer="True")&inform(vehicle="TRAM")&inform(line="22")&inform(go_at="01:30")&inform(enter_at="Vypich")&inform(headsign="Nádraží Hostivař")&inform(exit_at="Malostranské náměstí")
    

2013-06-08-22-44-34.225496-CEST  MainProcess : INFO       
    From: DM         To: HUB        Command: dm_da_generated() 

2013-06-08-22-44-34.232458-CEST  TTS-7      : DEBUG      
    From: HUB        To: TTS        Command: keeplast() 

2013-06-08-22-44-34.478373-CEST  NLG-6      : DEBUG      
    NLG Output
    ------------------------------------------------------------
    Chcete jet do zastávky malostranské náměstí. Našla jsem čtyři cesty. Možnost první. Jeďte autobusem číslo 180 v 01:03 ze zastávky Sídliště Zličín směrem Dejvická. Vystupte na zastávce Vypich. A pak přestupte. Jeďte tramvají číslo 22 v 01:30 ze zastávky Vypich směrem Nádraží Hostivař. Vystupte na zastávce Malostranské náměstí.
    

2013-06-08-22-44-34.509544-CEST  MainProcess : INFO       
    From: NLG        To: HUB        Command: nlg_text_generated() 

2013-06-08-22-44-34.516409-CEST  MainProcess : INFO       
    From: TTS        To: HUB        Command: tts_start(user_id="None",text="Chcete jet do zastávky malostranské náměstí. Našla jsem čtyři cesty. Možnost první. Jeďte autobusem číslo 180 v 01:03 ze zastávky Sídliště Zličín směrem Dejvická. Vystupte na zastávce Vypich. A pak přestupte. Jeďte tramvají číslo 22 v 01:30 ze zastávky Vypich směrem Nádraží Hostivař. Vystupte na zastávce Malostranské náměstí.") 

2013-06-08-22-44-38.030062-CEST  MainProcess : INFO       
    From: VoipIO     To: HUB        Command: play_utterance_start(user_id="None") 

2013-06-08-22-44-38.088981-CEST  MainProcess : INFO       
    From: TTS        To: HUB        Command: tts_end(user_id="None",text="Chcete jet do zastávky malostranské náměstí. Našla jsem čtyři cesty. Možnost první. Jeďte autobusem číslo 180 v 01:03 ze zastávky Sídliště Zličín směrem Dejvická. Vystupte na zastávce Vypich. A pak přestupte. Jeďte tramvají číslo 22 v 01:30 ze zastávky Vypich směrem Nádraží Hostivař. Vystupte na zastávce Malostranské náměstí.") 

2013-06-08-22-45-07.279005-CEST  MainProcess : INFO       
    From: VoipIO     To: HUB        Command: play_utterance_end(user_id="None") 

2013-06-08-22-45-10.705343-CEST  MainProcess : INFO       
    From: VAD        To: HUB        Command: speech_start() 

2013-06-08-22-45-10.711476-CEST  MainProcess : INFO       
    From: ASR        To: HUB        Command: asr_start() 

2013-06-08-22-45-10.718480-CEST  ASR-3      : DEBUG      
    ASR: speech_start()

2013-06-08-22-45-12.867491-CEST  ASR-3      : DEBUG      
    ASR: speech_end()

2013-06-08-22-45-12.874466-CEST  MainProcess : INFO       
    From: VAD        To: HUB        Command: speech_end() 

2013-06-08-22-45-13.742617-CEST  ASR-3      : DEBUG      
    ASR Hypothesis
    ------------------------------------------------------------
    děkuju dobrý
    

2013-06-08-22-45-13.776266-CEST  MainProcess : INFO       
    From: ASR        To: HUB        Command: asr_end() 

2013-06-08-22-45-13.826800-CEST  SLU-4      : DEBUG      
    SLU Hypothesis
    ------------------------------------------------------------
    
    

2013-06-08-22-45-13.835174-CEST  MainProcess : INFO       
    From: SLU        To: HUB        Command: slu_parsed() 

2013-06-08-22-45-13.842569-CEST  DM-5       : DEBUG      
    DM Output
    ------------------------------------------------------------
    notunderstood()
    

2013-06-08-22-45-13.894541-CEST  MainProcess : INFO       
    From: DM         To: HUB        Command: dm_da_generated() 

2013-06-08-22-45-13.902667-CEST  NLG-6      : DEBUG      
    NLG Output
    ------------------------------------------------------------
    Ještě jednou prosím.
    

2013-06-08-22-45-13.911545-CEST  TTS-7      : DEBUG      
    From: HUB        To: TTS        Command: keeplast() 

2013-06-08-22-45-13.934287-CEST  MainProcess : INFO       
    From: NLG        To: HUB        Command: nlg_text_generated() 

2013-06-08-22-45-13.941608-CEST  MainProcess : INFO       
    From: TTS        To: HUB        Command: tts_start(user_id="None",text="Ještě jednou prosím.") 

2013-06-08-22-45-14.301812-CEST  ASR-3      : DEBUG      
    ASR: speech_start()

2013-06-08-22-45-14.308306-CEST  MainProcess : INFO       
    From: VAD        To: HUB        Command: speech_start() 

2013-06-08-22-45-14.314904-CEST  MainProcess : INFO       
    From: ASR        To: HUB        Command: asr_start() 

2013-06-08-22-45-14.456920-CEST  MainProcess : INFO       
    From: TTS        To: HUB        Command: tts_end(user_id="None",text="Ještě jednou prosím.") 

2013-06-08-22-45-14.469888-CEST  MainProcess : INFO       
    From: VoipIO     To: HUB        Command: play_utterance_start(user_id="None") 

2013-06-08-22-45-15.307011-CEST  ASR-3      : DEBUG      
    ASR: speech_end()

2013-06-08-22-45-15.313655-CEST  MainProcess : INFO       
    From: VAD        To: HUB        Command: speech_end() 

2013-06-08-22-45-15.659383-CEST  ASR-3      : DEBUG      
    ASR Hypothesis
    ------------------------------------------------------------
    super
    

2013-06-08-22-45-15.690544-CEST  MainProcess : INFO       
    From: ASR        To: HUB        Command: asr_end() 

2013-06-08-22-45-15.736740-CEST  SLU-4      : DEBUG      
    SLU Hypothesis
    ------------------------------------------------------------
    
    

2013-06-08-22-45-15.745630-CEST  DM-5       : DEBUG      
    DM Output
    ------------------------------------------------------------
    notunderstood()
    

2013-06-08-22-45-15.754115-CEST  MainProcess : INFO       
    From: SLU        To: HUB        Command: slu_parsed() 

2013-06-08-22-45-15.796852-CEST  MainProcess : INFO       
    From: DM         To: HUB        Command: dm_da_generated() 

2013-06-08-22-45-15.804844-CEST  NLG-6      : DEBUG      
    NLG Output
    ------------------------------------------------------------
    Ještě jednou prosím.
    

2013-06-08-22-45-15.813326-CEST  TTS-7      : DEBUG      
    From: HUB        To: TTS        Command: keeplast() 

2013-06-08-22-45-15.834572-CEST  MainProcess : INFO       
    From: NLG        To: HUB        Command: nlg_text_generated() 

2013-06-08-22-45-15.842683-CEST  MainProcess : INFO       
    From: TTS        To: HUB        Command: tts_start(user_id="None",text="Ještě jednou prosím.") 

2013-06-08-22-45-16.347505-CEST  MainProcess : INFO       
    From: TTS        To: HUB        Command: tts_end(user_id="None",text="Ještě jednou prosím.") 

2013-06-08-22-45-16.813223-CEST  MainProcess : INFO       
    From: VoipIO     To: HUB        Command: play_utterance_end(user_id="None") 

2013-06-08-22-45-16.826347-CEST  MainProcess : INFO       
    From: VoipIO     To: HUB        Command: play_utterance_start(user_id="None") 

2013-06-08-22-45-17.694745-CEST  ASR-3      : DEBUG      
    ASR: speech_start()

2013-06-08-22-45-17.701257-CEST  MainProcess : INFO       
    From: VAD        To: HUB        Command: speech_start() 

2013-06-08-22-45-17.707943-CEST  MainProcess : INFO       
    From: ASR        To: HUB        Command: asr_start() 

2013-06-08-22-45-18.230159-CEST  MainProcess : INFO       
    From: VAD        To: HUB        Command: speech_end() 

2013-06-08-22-45-18.237922-CEST  ASR-3      : DEBUG      
    ASR: speech_end()

2013-06-08-22-45-18.494268-CEST  ASR-3      : DEBUG      
    ASR Hypothesis
    ------------------------------------------------------------
    
    

2013-06-08-22-45-18.528748-CEST  MainProcess : INFO       
    From: ASR        To: HUB        Command: asr_end() 

2013-06-08-22-45-18.573521-CEST  SLU-4      : DEBUG      
    SLU Hypothesis
    ------------------------------------------------------------
    
    

2013-06-08-22-45-18.583557-CEST  MainProcess : INFO       
    From: SLU        To: HUB        Command: slu_parsed() 

2013-06-08-22-45-18.591307-CEST  DM-5       : DEBUG      
    DM Output
    ------------------------------------------------------------
    notunderstood()
    

2013-06-08-22-45-18.647288-CEST  NLG-6      : DEBUG      
    NLG Output
    ------------------------------------------------------------
    Můžete to zopakovat?
    

2013-06-08-22-45-18.657504-CEST  MainProcess : INFO       
    From: DM         To: HUB        Command: dm_da_generated() 

2013-06-08-22-45-18.666091-CEST  TTS-7      : DEBUG      
    From: HUB        To: TTS        Command: keeplast() 

2013-06-08-22-45-18.692358-CEST  MainProcess : INFO       
    From: NLG        To: HUB        Command: nlg_text_generated() 

2013-06-08-22-45-18.700514-CEST  MainProcess : INFO       
    From: TTS        To: HUB        Command: tts_start(user_id="None",text="Můžete to zopakovat?") 

2013-06-08-22-45-19.114746-CEST  MainProcess : INFO       
    From: VoipIO     To: HUB        Command: play_utterance_end(user_id="None") 

2013-06-08-22-45-19.210008-CEST  MainProcess : INFO       
    From: TTS        To: HUB        Command: tts_end(user_id="None",text="Můžete to zopakovat?") 

2013-06-08-22-45-19.223823-CEST  MainProcess : INFO       
    From: VoipIO     To: HUB        Command: play_utterance_start(user_id="None") 

2013-06-08-22-45-19.853460-CEST  MainProcess : INFO       
    From: VAD        To: HUB        Command: speech_start() 

2013-06-08-22-45-19.860633-CEST  MainProcess : INFO       
    From: ASR        To: HUB        Command: asr_start() 

2013-06-08-22-45-19.868715-CEST  ASR-3      : DEBUG      
    ASR: speech_start()

2013-06-08-22-45-20.547159-CEST  MainProcess : INFO       
    From: VAD        To: HUB        Command: speech_end() 

2013-06-08-22-45-20.555152-CEST  ASR-3      : DEBUG      
    ASR: speech_end()

2013-06-08-22-45-20.935011-CEST  ASR-3      : DEBUG      
    ASR Hypothesis
    ------------------------------------------------------------
    děkuju
    

2013-06-08-22-45-20.971582-CEST  MainProcess : INFO       
    From: ASR        To: HUB        Command: asr_end() 

2013-06-08-22-45-21.019124-CEST  SLU-4      : DEBUG      
    SLU Hypothesis
    ------------------------------------------------------------
    
    

2013-06-08-22-45-21.027891-CEST  DM-5       : DEBUG      
    DM Output
    ------------------------------------------------------------
    notunderstood()
    

2013-06-08-22-45-21.036659-CEST  MainProcess : INFO       
    From: SLU        To: HUB        Command: slu_parsed() 

2013-06-08-22-45-21.085133-CEST  NLG-6      : DEBUG      
    NLG Output
    ------------------------------------------------------------
    Můžete to zopakovat?
    

2013-06-08-22-45-21.093768-CEST  MainProcess : INFO       
    From: DM         To: HUB        Command: dm_da_generated() 

2013-06-08-22-45-21.101576-CEST  TTS-7      : DEBUG      
    From: HUB        To: TTS        Command: keeplast() 

2013-06-08-22-45-21.122804-CEST  MainProcess : INFO       
    From: NLG        To: HUB        Command: nlg_text_generated() 

2013-06-08-22-45-21.130192-CEST  MainProcess : INFO       
    From: TTS        To: HUB        Command: tts_start(user_id="None",text="Můžete to zopakovat?") 

2013-06-08-22-45-21.548915-CEST  MainProcess : INFO       
    From: VoipIO     To: HUB        Command: play_utterance_end(user_id="None") 

2013-06-08-22-45-21.638899-CEST  MainProcess : INFO       
    From: TTS        To: HUB        Command: tts_end(user_id="None",text="Můžete to zopakovat?") 

2013-06-08-22-45-21.652116-CEST  MainProcess : INFO       
    From: VoipIO     To: HUB        Command: play_utterance_start(user_id="None") 

2013-06-08-22-45-23.917132-CEST  MainProcess : INFO       
    From: VoipIO     To: HUB        Command: play_utterance_end(user_id="None") 

2013-06-08-22-45-24.849805-CEST  MainProcess : INFO       
    From: VAD        To: HUB        Command: speech_start() 

2013-06-08-22-45-24.855409-CEST  MainProcess : INFO       
    From: ASR        To: HUB        Command: asr_start() 

2013-06-08-22-45-24.862328-CEST  ASR-3      : DEBUG      
    ASR: speech_start()

2013-06-08-22-45-25.608910-CEST  ASR-3      : DEBUG      
    ASR: speech_end()

2013-06-08-22-45-25.616183-CEST  MainProcess : INFO       
    From: VAD        To: HUB        Command: speech_end() 

2013-06-08-22-45-25.957081-CEST  ASR-3      : DEBUG      
    ASR Hypothesis
    ------------------------------------------------------------
    děkuju
    

2013-06-08-22-45-25.989190-CEST  MainProcess : INFO       
    From: ASR        To: HUB        Command: asr_end() 

2013-06-08-22-45-26.041545-CEST  SLU-4      : DEBUG      
    SLU Hypothesis
    ------------------------------------------------------------
    
    

2013-06-08-22-45-26.050598-CEST  DM-5       : DEBUG      
    DM Output
    ------------------------------------------------------------
    notunderstood()
    

2013-06-08-22-45-26.059309-CEST  MainProcess : INFO       
    From: SLU        To: HUB        Command: slu_parsed() 

2013-06-08-22-45-26.109340-CEST  NLG-6      : DEBUG      
    NLG Output
    ------------------------------------------------------------
    Nerozuměla jsem. Jěště jednou prosím.
    

2013-06-08-22-45-26.118120-CEST  MainProcess : INFO       
    From: DM         To: HUB        Command: dm_da_generated() 

2013-06-08-22-45-26.124877-CEST  TTS-7      : DEBUG      
    From: HUB        To: TTS        Command: keeplast() 

2013-06-08-22-45-26.140374-CEST  MainProcess : INFO       
    From: NLG        To: HUB        Command: nlg_text_generated() 

2013-06-08-22-45-26.146723-CEST  MainProcess : INFO       
    From: TTS        To: HUB        Command: tts_start(user_id="None",text="Nerozuměla jsem. Jěště jednou prosím.") 

2013-06-08-22-45-26.890442-CEST  MainProcess : INFO       
    From: TTS        To: HUB        Command: tts_end(user_id="None",text="Nerozuměla jsem. Jěště jednou prosím.") 

2013-06-08-22-45-26.903384-CEST  MainProcess : INFO       
    From: VoipIO     To: HUB        Command: play_utterance_start(user_id="None") 

2013-06-08-22-45-30.958236-CEST  MainProcess : INFO       
    From: VoipIO     To: HUB        Command: play_utterance_end(user_id="None") 

2013-06-08-22-45-31.711162-CEST  MainProcess : INFO       
    From: VAD        To: HUB        Command: speech_start() 

2013-06-08-22-45-31.717659-CEST  ASR-3      : DEBUG      
    ASR: speech_start()

2013-06-08-22-45-31.724279-CEST  MainProcess : INFO       
    From: ASR        To: HUB        Command: asr_start() 

2013-06-08-22-45-32.388980-CEST  MainProcess : INFO       
    From: VAD        To: HUB        Command: speech_end() 

2013-06-08-22-45-32.396857-CEST  ASR-3      : DEBUG      
    ASR: speech_end()

2013-06-08-22-45-32.709584-CEST  ASR-3      : DEBUG      
    ASR Hypothesis
    ------------------------------------------------------------
    konec
    

2013-06-08-22-45-32.740660-CEST  MainProcess : INFO       
    From: ASR        To: HUB        Command: asr_end() 

2013-06-08-22-45-32.788486-CEST  SLU-4      : DEBUG      
    SLU Hypothesis
    ------------------------------------------------------------
    
    

2013-06-08-22-45-32.797216-CEST  DM-5       : DEBUG      
    DM Output
    ------------------------------------------------------------
    notunderstood()
    

2013-06-08-22-45-32.806176-CEST  MainProcess : INFO       
    From: SLU        To: HUB        Command: slu_parsed() 

2013-06-08-22-45-32.850053-CEST  MainProcess : INFO       
    From: DM         To: HUB        Command: dm_da_generated() 

2013-06-08-22-45-32.857202-CEST  NLG-6      : DEBUG      
    NLG Output
    ------------------------------------------------------------
    Ještě jednou prosím.
    

2013-06-08-22-45-32.866029-CEST  TTS-7      : DEBUG      
    From: HUB        To: TTS        Command: keeplast() 

2013-06-08-22-45-32.888145-CEST  MainProcess : INFO       
    From: NLG        To: HUB        Command: nlg_text_generated() 

2013-06-08-22-45-32.895309-CEST  MainProcess : INFO       
    From: TTS        To: HUB        Command: tts_start(user_id="None",text="Ještě jednou prosím.") 

2013-06-08-22-45-33.406650-CEST  MainProcess : INFO       
    From: VoipIO     To: HUB        Command: play_utterance_start(user_id="None") 

2013-06-08-22-45-33.414797-CEST  MainProcess : INFO       
    From: TTS        To: HUB        Command: tts_end(user_id="None",text="Ještě jednou prosím.") 

2013-06-08-22-45-35.756639-CEST  MainProcess : INFO       
    From: VoipIO     To: HUB        Command: play_utterance_end(user_id="None") 

2013-06-08-22-45-36.454298-CEST  ASR-3      : DEBUG      
    ASR: speech_start()

2013-06-08-22-45-36.461879-CEST  MainProcess : INFO       
    From: VAD        To: HUB        Command: speech_start() 

2013-06-08-22-45-36.469807-CEST  MainProcess : INFO       
    From: ASR        To: HUB        Command: asr_start() 

2013-06-08-22-45-37.767460-CEST  MainProcess : INFO       
    From: VAD        To: HUB        Command: speech_end() 

2013-06-08-22-45-37.775244-CEST  ASR-3      : DEBUG      
    ASR: speech_end()

2013-06-08-22-45-37.969277-CEST  MainProcess : INFO       
    From: VAD        To: HUB        Command: speech_start() 

2013-06-08-22-45-38.484289-CEST  ASR-3      : DEBUG      
    ASR Hypothesis
    ------------------------------------------------------------
    
    

2013-06-08-22-45-38.518941-CEST  ASR-3      : DEBUG      
    ASR: speech_start()

2013-06-08-22-45-38.525623-CEST  MainProcess : INFO       
    From: ASR        To: HUB        Command: asr_end() 

2013-06-08-22-45-38.537676-CEST  MainProcess : INFO       
    From: ASR        To: HUB        Command: asr_start() 

2013-06-08-22-45-38.568502-CEST  SLU-4      : DEBUG      
    SLU Hypothesis
    ------------------------------------------------------------
    
    

2013-06-08-22-45-38.578149-CEST  DM-5       : DEBUG      
    DM Output
    ------------------------------------------------------------
    notunderstood()
    

2013-06-08-22-45-38.587761-CEST  MainProcess : INFO       
    From: SLU        To: HUB        Command: slu_parsed() 

2013-06-08-22-45-38.640085-CEST  NLG-6      : DEBUG      
    NLG Output
    ------------------------------------------------------------
    Ještě jednou prosím.
    

2013-06-08-22-45-38.648465-CEST  MainProcess : INFO       
    From: DM         To: HUB        Command: dm_da_generated() 

2013-06-08-22-45-38.654845-CEST  TTS-7      : DEBUG      
    From: HUB        To: TTS        Command: keeplast() 

2013-06-08-22-45-38.676090-CEST  MainProcess : INFO       
    From: NLG        To: HUB        Command: nlg_text_generated() 

2013-06-08-22-45-38.683163-CEST  MainProcess : INFO       
    From: TTS        To: HUB        Command: tts_start(user_id="None",text="Ještě jednou prosím.") 

2013-06-08-22-45-39.410023-CEST  MainProcess : INFO       
    From: TTS        To: HUB        Command: tts_end(user_id="None",text="Ještě jednou prosím.") 

2013-06-08-22-45-39.422690-CEST  MainProcess : INFO       
    From: VoipIO     To: HUB        Command: play_utterance_start(user_id="None") 

2013-06-08-22-45-40.301805-CEST  ASR-3      : DEBUG      
    ASR: speech_end()

2013-06-08-22-45-40.308436-CEST  MainProcess : INFO       
    From: VAD        To: HUB        Command: speech_end() 

2013-06-08-22-45-40.976956-CEST  ASR-3      : DEBUG      
    ASR Hypothesis
    ------------------------------------------------------------
    napsáno
    

2013-06-08-22-45-41.008950-CEST  MainProcess : INFO       
    From: ASR        To: HUB        Command: asr_end() 

2013-06-08-22-45-41.058169-CEST  SLU-4      : DEBUG      
    SLU Hypothesis
    ------------------------------------------------------------
    
    

2013-06-08-22-45-41.067245-CEST  MainProcess : INFO       
    From: SLU        To: HUB        Command: slu_parsed() 

2013-06-08-22-45-41.074062-CEST  DM-5       : DEBUG      
    DM Output
    ------------------------------------------------------------
    notunderstood()
    

2013-06-08-22-45-41.134818-CEST  NLG-6      : DEBUG      
    NLG Output
    ------------------------------------------------------------
    Můžete to zopakovat?
    

2013-06-08-22-45-41.144247-CEST  MainProcess : INFO       
    From: DM         To: HUB        Command: dm_da_generated() 

2013-06-08-22-45-41.150508-CEST  TTS-7      : DEBUG      
    From: HUB        To: TTS        Command: keeplast() 

2013-06-08-22-45-41.166465-CEST  MainProcess : INFO       
    From: NLG        To: HUB        Command: nlg_text_generated() 

2013-06-08-22-45-41.174787-CEST  MainProcess : INFO       
    From: TTS        To: HUB        Command: tts_start(user_id="None",text="Můžete to zopakovat?") 

2013-06-08-22-45-41.686316-CEST  MainProcess : INFO       
    From: TTS        To: HUB        Command: tts_end(user_id="None",text="Můžete to zopakovat?") 

2013-06-08-22-45-41.770484-CEST  MainProcess : INFO       
    From: VoipIO     To: HUB        Command: play_utterance_end(user_id="None") 

2013-06-08-22-45-41.783672-CEST  MainProcess : INFO       
    From: VoipIO     To: HUB        Command: play_utterance_start(user_id="None") 

2013-06-08-22-45-42.659270-CEST  MainProcess : INFO       
    From: VAD        To: HUB        Command: speech_start() 

2013-06-08-22-45-42.665810-CEST  MainProcess : INFO       
    From: ASR        To: HUB        Command: asr_start() 

2013-06-08-22-45-42.672717-CEST  ASR-3      : DEBUG      
    ASR: speech_start()

2013-06-08-22-45-43.139221-CEST  ASR-3      : DEBUG      
    ASR: speech_end()

2013-06-08-22-45-43.145958-CEST  MainProcess : INFO       
    From: VAD        To: HUB        Command: speech_end() 

2013-06-08-22-45-43.495034-CEST  ASR-3      : DEBUG      
    ASR Hypothesis
    ------------------------------------------------------------
    
    

2013-06-08-22-45-43.533225-CEST  MainProcess : INFO       
    From: ASR        To: HUB        Command: asr_end() 

2013-06-08-22-45-43.576909-CEST  SLU-4      : DEBUG      
    SLU Hypothesis
    ------------------------------------------------------------
    
    

2013-06-08-22-45-43.586659-CEST  MainProcess : INFO       
    From: SLU        To: HUB        Command: slu_parsed() 

2013-06-08-22-45-43.594394-CEST  DM-5       : DEBUG      
    DM Output
    ------------------------------------------------------------
    notunderstood()
    

2013-06-08-22-45-43.655706-CEST  MainProcess : INFO       
    From: DM         To: HUB        Command: dm_da_generated() 

2013-06-08-22-45-43.663866-CEST  NLG-6      : DEBUG      
    NLG Output
    ------------------------------------------------------------
    Můžete to zopakovat?
    

2013-06-08-22-45-43.673254-CEST  TTS-7      : DEBUG      
    From: HUB        To: TTS        Command: keeplast() 

2013-06-08-22-45-43.705085-CEST  MainProcess : INFO       
    From: NLG        To: HUB        Command: nlg_text_generated() 

2013-06-08-22-45-43.711844-CEST  MainProcess : INFO       
    From: TTS        To: HUB        Command: tts_start(user_id="None",text="Můžete to zopakovat?") 

2013-06-08-22-45-44.011602-CEST  MainProcess : INFO       
    From: VoipIO     To: HUB        Command: play_utterance_end(user_id="None") 

2013-06-08-22-45-44.219749-CEST  MainProcess : INFO       
    From: TTS        To: HUB        Command: tts_end(user_id="None",text="Můžete to zopakovat?") 

2013-06-08-22-45-44.233110-CEST  MainProcess : INFO       
    From: VoipIO     To: HUB        Command: play_utterance_start(user_id="None") 

2013-06-08-22-45-44.695220-CEST  ASR-3      : DEBUG      
    ASR: speech_start()

2013-06-08-22-45-44.702475-CEST  MainProcess : INFO       
    From: VAD        To: HUB        Command: speech_start() 

2013-06-08-22-45-44.708656-CEST  MainProcess : INFO       
    From: ASR        To: HUB        Command: asr_start() 

2013-06-08-22-45-45.706192-CEST  MainProcess : INFO       
    From: VAD        To: HUB        Command: speech_end() 

2013-06-08-22-45-45.713833-CEST  ASR-3      : DEBUG      
    ASR: speech_end()

2013-06-08-22-45-46.410729-CEST  ASR-3      : DEBUG      
    ASR Hypothesis
    ------------------------------------------------------------
    tahle noc
    

2013-06-08-22-45-46.489460-CEST  MainProcess : INFO       
    From: ASR        To: HUB        Command: asr_end() 

2013-06-08-22-45-46.507184-CEST  MainProcess : INFO       
    From: VoipIO     To: HUB        Command: play_utterance_end(user_id="None") 

2013-06-08-22-45-46.534389-CEST  SLU-4      : DEBUG      
    SLU Hypothesis
    ------------------------------------------------------------
    
    

2013-06-08-22-45-46.545638-CEST  MainProcess : INFO       
    From: SLU        To: HUB        Command: slu_parsed() 

2013-06-08-22-45-46.553166-CEST  DM-5       : DEBUG      
    DM Output
    ------------------------------------------------------------
    notunderstood()
    

2013-06-08-22-45-46.614699-CEST  MainProcess : INFO       
    From: DM         To: HUB        Command: dm_da_generated() 

2013-06-08-22-45-46.620733-CEST  NLG-6      : DEBUG      
    NLG Output
    ------------------------------------------------------------
    Ještě jednou prosím.
    

2013-06-08-22-45-46.629766-CEST  TTS-7      : DEBUG      
    From: HUB        To: TTS        Command: keeplast() 

2013-06-08-22-45-46.658160-CEST  MainProcess : INFO       
    From: NLG        To: HUB        Command: nlg_text_generated() 

2013-06-08-22-45-46.665929-CEST  MainProcess : INFO       
    From: TTS        To: HUB        Command: tts_start(user_id="None",text="Ještě jednou prosím.") 

2013-06-08-22-45-47.172513-CEST  MainProcess : INFO       
    From: TTS        To: HUB        Command: tts_end(user_id="None",text="Ještě jednou prosím.") 

2013-06-08-22-45-47.184264-CEST  MainProcess : INFO       
    From: VoipIO     To: HUB        Command: play_utterance_start(user_id="None") 

2013-06-08-22-45-47.195691-CEST  MainProcess : INFO       
    From: VAD        To: HUB        Command: speech_start() 

2013-06-08-22-45-47.202236-CEST  ASR-3      : DEBUG      
    ASR: speech_start()

2013-06-08-22-45-47.208860-CEST  MainProcess : INFO       
    From: ASR        To: HUB        Command: asr_start() 

2013-06-08-22-45-48.579607-CEST  MainProcess : INFO       
    From: VAD        To: HUB        Command: speech_end() 

2013-06-08-22-45-48.587071-CEST  ASR-3      : DEBUG      
    ASR: speech_end()

2013-06-08-22-45-49.303917-CEST  ASR-3      : DEBUG      
    ASR Hypothesis
    ------------------------------------------------------------
    čau
    

2013-06-08-22-45-49.336526-CEST  MainProcess : INFO       
    From: ASR        To: HUB        Command: asr_end() 

2013-06-08-22-45-49.383195-CEST  SLU-4      : DEBUG      
    SLU Hypothesis
    ------------------------------------------------------------
    
    

2013-06-08-22-45-49.390867-CEST  DM-5       : DEBUG      
    DM Output
    ------------------------------------------------------------
    notunderstood()
    

2013-06-08-22-45-49.399958-CEST  MainProcess : INFO       
    From: SLU        To: HUB        Command: slu_parsed() 

2013-06-08-22-45-49.452683-CEST  NLG-6      : DEBUG      
    NLG Output
    ------------------------------------------------------------
    Nerozuměla jsem. Jěště jednou prosím.
    

2013-06-08-22-45-49.461178-CEST  MainProcess : INFO       
    From: DM         To: HUB        Command: dm_da_generated() 

2013-06-08-22-45-49.467918-CEST  TTS-7      : DEBUG      
    From: HUB        To: TTS        Command: keeplast() 

2013-06-08-22-45-49.488953-CEST  MainProcess : INFO       
    From: NLG        To: HUB        Command: nlg_text_generated() 

2013-06-08-22-45-49.496276-CEST  MainProcess : INFO       
    From: TTS        To: HUB        Command: tts_start(user_id="None",text="Nerozuměla jsem. Jěště jednou prosím.") 

2013-06-08-22-45-49.519021-CEST  MainProcess : INFO       
    From: VoipIO     To: HUB        Command: play_utterance_end(user_id="None") 

2013-06-08-22-45-50.142238-CEST  MainProcess : INFO       
    From: VAD        To: HUB        Command: speech_start() 

2013-06-08-22-45-50.149108-CEST  MainProcess : INFO       
    From: ASR        To: HUB        Command: asr_start() 

2013-06-08-22-45-50.155464-CEST  ASR-3      : DEBUG      
    ASR: speech_start()

2013-06-08-22-45-50.238638-CEST  MainProcess : INFO       
    From: TTS        To: HUB        Command: tts_end(user_id="None",text="Nerozuměla jsem. Jěště jednou prosím.") 

2013-06-08-22-45-50.251534-CEST  MainProcess : INFO       
    From: VoipIO     To: HUB        Command: play_utterance_start(user_id="None") 

2013-06-08-22-45-51.345806-CEST  ASR-3      : DEBUG      
    ASR: speech_end()

2013-06-08-22-45-51.353066-CEST  MainProcess : INFO       
    From: VAD        To: HUB        Command: speech_end() 

2013-06-08-22-45-51.728010-CEST  ASR-3      : DEBUG      
    ASR Hypothesis
    ------------------------------------------------------------
    ahoj
    

2013-06-08-22-45-51.767191-CEST  MainProcess : INFO       
    From: ASR        To: HUB        Command: asr_end() 

2013-06-08-22-45-51.815934-CEST  SLU-4      : DEBUG      
    SLU Hypothesis
    ------------------------------------------------------------
    
    

2013-06-08-22-45-51.824765-CEST  DM-5       : DEBUG      
    DM Output
    ------------------------------------------------------------
    notunderstood()
    

2013-06-08-22-45-51.833664-CEST  MainProcess : INFO       
    From: SLU        To: HUB        Command: slu_parsed() 

2013-06-08-22-45-51.891339-CEST  NLG-6      : DEBUG      
    NLG Output
    ------------------------------------------------------------
    Nerozuměla jsem. Jěště jednou prosím.
    

2013-06-08-22-45-51.900359-CEST  MainProcess : INFO       
    From: DM         To: HUB        Command: dm_da_generated() 

2013-06-08-22-45-51.907218-CEST  TTS-7      : DEBUG      
    From: HUB        To: TTS        Command: keeplast() 

2013-06-08-22-45-51.933260-CEST  MainProcess : INFO       
    From: NLG        To: HUB        Command: nlg_text_generated() 

2013-06-08-22-45-51.940725-CEST  MainProcess : INFO       
    From: TTS        To: HUB        Command: tts_start(user_id="None",text="Nerozuměla jsem. Jěště jednou prosím.") 

2013-06-08-22-45-52.698728-CEST  MainProcess : INFO       
    From: TTS        To: HUB        Command: tts_end(user_id="None",text="Nerozuměla jsem. Jěště jednou prosím.") 

2013-06-08-22-45-52.838264-CEST  MainProcess : INFO       
    From: VAD        To: HUB        Command: speech_start() 

2013-06-08-22-45-52.844006-CEST  MainProcess : INFO       
    From: ASR        To: HUB        Command: asr_start() 

2013-06-08-22-45-52.850122-CEST  ASR-3      : DEBUG      
    ASR: speech_start()

2013-06-08-22-45-53.263551-CEST  MainProcess : INFO       
    From: VAD        To: HUB        Command: speech_end() 

2013-06-08-22-45-53.271177-CEST  ASR-3      : DEBUG      
    ASR: speech_end()

2013-06-08-22-45-53.595776-CEST  ASR-3      : DEBUG      
    ASR Hypothesis
    ------------------------------------------------------------
    
    

2013-06-08-22-45-53.630240-CEST  MainProcess : INFO       
    From: ASR        To: HUB        Command: asr_end() 

2013-06-08-22-45-53.677948-CEST  SLU-4      : DEBUG      
    SLU Hypothesis
    ------------------------------------------------------------
    
    

2013-06-08-22-45-53.688058-CEST  MainProcess : INFO       
    From: SLU        To: HUB        Command: slu_parsed() 

2013-06-08-22-45-53.695155-CEST  DM-5       : DEBUG      
    DM Output
    ------------------------------------------------------------
    notunderstood()
    

2013-06-08-22-45-53.761494-CEST  NLG-6      : DEBUG      
    NLG Output
    ------------------------------------------------------------
    Můžete to zopakovat?
    

2013-06-08-22-45-53.770899-CEST  MainProcess : INFO       
    From: DM         To: HUB        Command: dm_da_generated() 

2013-06-08-22-45-53.777812-CEST  TTS-7      : DEBUG      
    From: HUB        To: TTS        Command: keeplast() 

2013-06-08-22-45-53.798469-CEST  MainProcess : INFO       
    From: NLG        To: HUB        Command: nlg_text_generated() 

2013-06-08-22-45-53.805291-CEST  MainProcess : INFO       
    From: TTS        To: HUB        Command: tts_start(user_id="None",text="Můžete to zopakovat?") 

2013-06-08-22-45-54.315181-CEST  MainProcess : INFO       
    From: VoipIO     To: HUB        Command: play_utterance_end(user_id="None") 

2013-06-08-22-45-54.322263-CEST  MainProcess : INFO       
    From: TTS        To: HUB        Command: tts_end(user_id="None",text="Můžete to zopakovat?") 

2013-06-08-22-45-54.335144-CEST  MainProcess : INFO       
    From: VoipIO     To: HUB        Command: play_utterance_start(user_id="None") 

2013-06-08-22-45-54.883306-CEST  ASR-3      : DEBUG      
    ASR: speech_start()

2013-06-08-22-45-54.892312-CEST  MainProcess : INFO       
    From: VAD        To: HUB        Command: speech_start() 

2013-06-08-22-45-54.902480-CEST  MainProcess : INFO       
    From: ASR        To: HUB        Command: asr_start() 

2013-06-08-22-45-55.699498-CEST  MainProcess : INFO       
    From: VAD        To: HUB        Command: speech_end() 

2013-06-08-22-45-55.706823-CEST  ASR-3      : DEBUG      
    ASR: speech_end()

2013-06-08-22-45-56.300364-CEST  ASR-3      : DEBUG      
    ASR Hypothesis
    ------------------------------------------------------------
    
    

2013-06-08-22-45-56.339534-CEST  MainProcess : INFO       
    From: ASR        To: HUB        Command: asr_end() 

2013-06-08-22-45-56.389832-CEST  SLU-4      : DEBUG      
    SLU Hypothesis
    ------------------------------------------------------------
    
    

2013-06-08-22-45-56.398415-CEST  MainProcess : INFO       
    From: SLU        To: HUB        Command: slu_parsed() 

2013-06-08-22-45-56.406291-CEST  DM-5       : DEBUG      
    DM Output
    ------------------------------------------------------------
    notunderstood()
    

2013-06-08-22-45-56.518996-CEST  MainProcess : INFO       
    From: DM         To: HUB        Command: dm_da_generated() 

2013-06-08-22-45-56.526919-CEST  NLG-6      : DEBUG      
    NLG Output
    ------------------------------------------------------------
    Můžete to zopakovat?
    

2013-06-08-22-45-56.535645-CEST  TTS-7      : DEBUG      
    From: HUB        To: TTS        Command: keeplast() 

2013-06-08-22-45-56.567692-CEST  MainProcess : INFO       
    From: NLG        To: HUB        Command: nlg_text_generated() 

2013-06-08-22-45-56.576121-CEST  MainProcess : INFO       
    From: TTS        To: HUB        Command: tts_start(user_id="None",text="Můžete to zopakovat?") 

2013-06-08-22-45-56.999473-CEST  MainProcess : INFO       
    From: VAD        To: HUB        Command: speech_start() 

2013-06-08-22-45-57.006094-CEST  ASR-3      : DEBUG      
    ASR: speech_start()

2013-06-08-22-45-57.012840-CEST  MainProcess : INFO       
    From: ASR        To: HUB        Command: asr_start() 

2013-06-08-22-45-57.092302-CEST  MainProcess : INFO       
    From: TTS        To: HUB        Command: tts_end(user_id="None",text="Můžete to zopakovat?") 

2013-06-08-22-45-57.292636-CEST  ASR-3      : DEBUG      
    ASR: speech_end()

2013-06-08-22-45-57.299719-CEST  MainProcess : INFO       
    From: VAD        To: HUB        Command: speech_end() 

2013-06-08-22-45-57.516135-CEST  ASR-3      : DEBUG      
    ASR Hypothesis
    ------------------------------------------------------------
    
    

2013-06-08-22-45-57.553708-CEST  MainProcess : INFO       
    From: ASR        To: HUB        Command: asr_end() 

2013-06-08-22-45-57.598930-CEST  SLU-4      : DEBUG      
    SLU Hypothesis
    ------------------------------------------------------------
    
    

2013-06-08-22-45-57.607516-CEST  MainProcess : INFO       
    From: SLU        To: HUB        Command: slu_parsed() 

2013-06-08-22-45-57.615810-CEST  DM-5       : DEBUG      
    DM Output
    ------------------------------------------------------------
    notunderstood()
    

2013-06-08-22-45-57.682160-CEST  MainProcess : INFO       
    From: DM         To: HUB        Command: dm_da_generated() 

2013-06-08-22-45-57.689733-CEST  NLG-6      : DEBUG      
    NLG Output
    ------------------------------------------------------------
    Nerozuměla jsem. Jěště jednou prosím.
    

2013-06-08-22-45-57.699207-CEST  TTS-7      : DEBUG      
    From: HUB        To: TTS        Command: keeplast() 

2013-06-08-22-45-57.730768-CEST  MainProcess : INFO       
    From: NLG        To: HUB        Command: nlg_text_generated() 

2013-06-08-22-45-57.738195-CEST  MainProcess : INFO       
    From: TTS        To: HUB        Command: tts_start(user_id="None",text="Nerozuměla jsem. Jěště jednou prosím.") 

2013-06-08-22-45-58.414003-CEST  MainProcess : INFO       
    From: VoipIO     To: HUB        Command: play_utterance_end(user_id="None") 

2013-06-08-22-45-58.428024-CEST  MainProcess : INFO       
    From: VoipIO     To: HUB        Command: play_utterance_start(user_id="None") 

2013-06-08-22-45-58.477015-CEST  MainProcess : INFO       
    From: TTS        To: HUB        Command: tts_end(user_id="None",text="Nerozuměla jsem. Jěště jednou prosím.") 

2013-06-08-22-45-59.786147-CEST  VoipIO-1   : DEBUG      
    CallCallback::on_state : Call with "602748927" <sip:602748927@195.113.20.160> is DISCONNCTD last code = 200 (Normal call clearing)

2013-06-08-22-46-00.043038-CEST  VoipIO-1   : DEBUG      
    VoipIO::on_call_disconnected

2013-06-08-22-46-00.052853-CEST  MainProcess : INFO       
    From: VoipIO     To: HUB        Command: call_disconnected(remote_uri="602748927") 

2013-06-08-22-46-00.060478-CEST  TTS-7      : DEBUG      
    From: HUB        To: TTS        Command: flush() 

2013-06-08-22-46-00.068322-CEST  ASR-3      : DEBUG      
    From: HUB        To: ASR        Command: flush() 

2013-06-08-22-46-00.075978-CEST  DM-5       : DEBUG      
    From: HUB        To: DM         Command: flush() 

2013-06-08-22-46-00.083374-CEST  SLU-4      : DEBUG      
    From: HUB        To: SLU        Command: flush() 

2013-06-08-22-46-00.090759-CEST  NLG-6      : DEBUG      
    From: HUB        To: NLG        Command: flush() 

2013-06-08-22-46-00.099095-CEST  VoipIO-1   : DEBUG      
    From: HUB        To: VoipIO     Command: flush() 

2013-06-08-22-46-00.107287-CEST  DM-5       : DEBUG      
    From: HUB        To: DM         Command: end_dialogue() 

