2013-06-20-07-49-46.989325-CEST  MainProcess : SYSTEM-LOG 
    config = { 'ASR': { 'Google': { 'debug': False, 'language': 'cs', 'maxresults': 20},
               'Julius': { 'adinnetport': 5530,
                           'binary': '/usr/local/bin/julius',
                           'debug': False,
                           'hostname': 'localhost',
                           'jconf': { '-adport': '5530',
                                      '-b': '1000',
                                      '-b2': '100',
                                      '-cmnload': 'cmn.param',
                                      '-cmnmapweight': '200',
                                      '-cmnsave': 'cmn.param',
                                      '-confnet': '',
                                      '-fallback1pass': '',
                                      '-gprune': 'safe',
                                      '-h': '/mnt/h/jurcicek/vystadial-git/alex/resources/asr/voip_en/hmmdefs',
                                      '-hlist': '/mnt/h/jurcicek/vystadial-git/alex/resources/asr/voip_en/tiedlist',
                                      '-htkconf': '/mnt/h/jurcicek/vystadial-git/alex/resources/asr/voip_en/config',
                                      '-input': 'adinnet',
                                      '-iwsp': '',
                                      '-iwsppenalty': '0.0',
                                      '-lmp': '15.0 0.0',
                                      '-lmp2': '15.0 0.0',
                                      '-mapunk': 'UM',
                                      '-module': '10500',
                                      '-n': '50',
                                      '-nlr': '/mnt/h/jurcicek/vystadial-git/alex/resources/lm/caminfo/julius_arpa_bigram',
                                      '-no_ccd': '',
                                      '-nrl': '/mnt/h/jurcicek/vystadial-git/alex/resources/lm/caminfo/julius_arpa_rev_bigram',
                                      '-silhead': '<s>',
                                      '-siltail': '</s>',
                                      '-spmodel': 'sp',
                                      '-tmix': '4',
                                      '-v': '/mnt/h/jurcicek/vystadial-git/alex/resources/lm/caminfo/julius_dict'},
                           'jconffile': 'julius.jconf',
                           'killall': False,
                           'logfile': 'julius.log',
                           'msg_timeout': 0.3,
                           'pidfile': 'julius.pid',
                           'reuse_server': False,
                           'serverport': 10500,
                           'start_max_wait_time': 15,
                           'start_wait_time': 0.5,
                           'timeout': 2.0},
               'Kaldi': { 'LM_scale': -6666.66,
                          'hypothesis_type': 'nblist',
                          'lat_depth': 666666,
                          'model': 'TODO_path_to_model'},
               'debug': True,
               'type': 'Google'},
      'AlexOnTheBus': { 'max_turns': 30},
      'Audio': { 'sample_rate': 16000, 'samples_per_frame': 256},
      'AudioIO': { 'debug': True, 'output_dir': './aio_call_log', 'play_buffer_size': 1024},
      'DM': { 'PUfalRuleDM': { 'code_submit_url': None,
                               'db_cfg': '/mnt/h/jurcicek/vystadial-git/alex/resources/../applications/CamInfoRest/cued_data/CIRdbase_V7_noloc.txt',
                               'ontology': '/mnt/h/jurcicek/vystadial-git/alex/resources/../applications/CamInfoRest/ontology.cfg',
                               'provide_code': False},
              'UfalRuleDM': { 'code_submit_url': None,
                              'db_cfg': '/mnt/h/jurcicek/vystadial-git/alex/resources/../applications/CamInfoRest/cued_data/CIRdbase_V7_noloc.txt',
                              'ontology': '/mnt/h/jurcicek/vystadial-git/alex/resources/../applications/CamInfoRest/ontology.cfg',
                              'provide_code': False},
              'basic': { 'debug': True},
              'debug': True,
              'dialogue_policy': { 'type': <class 'alex.applications.AlexOnTheBus.aotb_hdc_policy.AOTBHDCPolicy'>},
              'dialogue_state': { 'type': <class 'alex.components.dm.dddstate.DeterministicDiscriminativeDialogueState'>},
              'ontology': '/mnt/h/jurcicek/vystadial-git/alex/applications/AlexOnTheBus/data/ontology.py',
              'type': 'basic'},
      'General': { 'include': ['/mnt/h/jurcicek/vystadial-git/alex/resources/private/default.cfg']},
      'Hub': { 'history_file': 'hub_history_hub.txt', 'history_length': 1000, 'main_loop_sleep_time': 0.005},
      'Logging': { 'session_logger': SessionLogger(),
                   'system_logger': SystemLogger(output_dir=/net/projects/vystadial/data/call-logs/2013-05-30-alex-aotb-prototype, stdout_log_level='INFO', stdout=True, file_log_level='INFO'),
                   'system_name': u'Alex On The Bus - Live',
                   'version': u'1.0'},
      'NLG': { 'Template': { 'model': '/mnt/h/jurcicek/vystadial-git/alex/applications/AlexOnTheBus/nlg_templates.cfg'},
               'debug': True,
               'type': 'Template'},
      'SHub': { 'history_file': 'hub_history_shub.txt', 'history_length': 1000},
      'SLU': { 'cl-tracing': { 'cldb_fname': '/mnt/h/jurcicek/vystadial-git/alex/resources/../applications/CamInfoRest/data/database.py',
                               'do_preprocessing': True,
                               'features_type': ('ngram',),
                               'testing': { 'max_examples': None,
                                            'min_perc': 80,
                                            'model_fname': '/mnt/h/jurcicek/vystadial-git/alex/resources/../applications/CamInfoRest/models/130516_minf60-minfc35-mind60.slu_model.gz',
                                            'renormalise': True,
                                            'threshold': None,
                                            'vanilla': True},
                               'training': { 'models_dir': 'models'}},
               'debug': True,
               'type': <class 'alex.applications.AlexOnTheBus.aotb_slu.AOTBSLU'>,
               <class 'alex.applications.AlexOnTheBus.aotb_slu.AOTBSLU'>: { 'cldb_fname': '/mnt/h/jurcicek/vystadial-git/alex/applications/AlexOnTheBus/data/database.py',
                                                                            'preprocessing_cls': <class 'alex.applications.AlexOnTheBus.aotb_preprocessing.AOTBSLUPreprocessing'>,
                                                                            'training': { 'models_dir': 'models'}}},
      'THub': { 'history_file': 'hub_history_thub.txt', 'history_length': 1000},
      'TTS': { 'Flite': { 'debug': False,
                          'preprocessing': '/mnt/h/jurcicek/vystadial-git/alex/resources/tts/prep_flite_en.cfg',
                          'voice': 'kal16'},
               'Google': { 'debug': False,
                           'language': 'en',
                           'preprocessing': '/mnt/h/jurcicek/vystadial-git/alex/resources/tts/prep_google_en.cfg'},
               'SpeechTech': { 'debug': True,
                               'login': 'filipjurcicek',
    # this line was removed since it included a password
                               'preprocessing': '/mnt/h/jurcicek/vystadial-git/alex/resources/tts/prep_speechtech_cs.cfg',
                               'voice': 'Iva210'},
               'VoiceRSS': { 'api_key': '3b6a9fca5d724b1c8ac34691586cdda1'},
               'VoiceRss': { 'language': 'en-gb',
                             'preprocessing': '/mnt/h/jurcicek/vystadial-git/alex/resources/tts/prep_voicerss_en.cfg'},
               'debug': True,
               'type': 'SpeechTech'},
      'VAD': { 'debug': False,
               'decision_frames_sil': 25,
               'decision_frames_speech': 10,
               'decision_non_speech_threshold': 0.2,
               'decision_speech_threshold': 0.7,
               'gmm': { 'ceplifter': 22,
                        'enormalise': True,
                        'filter_length': 5,
                        'frameshift': 160,
                        'framesize': 512,
                        'frontend': 'MFCC',
                        'hifreq': 3800,
                        'lofreq': 125,
                        'numceps': 12,
                        'numchans': 26,
                        'preemcoef': 0.97,
                        'sil_model': '/mnt/h/jurcicek/vystadial-git/alex/resources/vad/voip_en/vad_sil_sds_mfcc_m064_f100000.gmm',
                        'speech_model': '/mnt/h/jurcicek/vystadial-git/alex/resources/vad/voip_en/vad_speech_sds_mfcc_m064_f100000.gmm',
                        'useacc': True,
                        'usec0': False,
                        'usecmn': False,
                        'usedelta': True,
                        'usehamming': True,
                        'usepower': True,
                        'zmeansource': True},
               'power': { 'adaptation_frames': 30, 'threshold': 70, 'threshold_multiplier': 1.0},
               'speech_buffer_frames': 20,
               'type': 'gmm'},
      'VoipHub': { 'blacklist_for': 7200,
                   'call_db': u'/net/projects/vystadial/data/call-logs/2013-05-30-alex-aotb-prototype/call_db.pckl',
                   'hard_time_limit': 360,
                   'hard_turn_limit': 40,
                   'history_length': 1000,
                   'last_period_max_num_calls': 100,
                   'last_period_max_total_time': 1800,
                   'limit_reached_message': u'D\u011bkujeme za zavol\xe1n\xed, ale u\u017e jste volali hodn\u011b. Pros\xedm zavolejte pozd\u011bji. Na shledanou.',
                   'period': 172800,
                   'wait_time_before_calling_back': 10},
      'VoipIO': { 'allowed_hosts': '',
                  'allowed_phone_numbers': '(^[234567])',
                  'allowed_users': '(^[234567])',
                  'debug': True,
                  'domain': 'vystadial.ms.mff.cuni.cz',
                  'forbidden_hosts': '',
                  'forbidden_phone_number': '(^112$|^150$|^155$|^156$|^158$)',
                  'forbidden_users': '(^112$|^150$|^155$|^156$|^158$)',
    # this line was removed since it included a password
                  'pjsip_log_level': 3,
                  'reject_calls': False,
                  'user': '800899998'},
      'WebHub': { 'port': 8000}}
    

2013-06-20-07-49-46.998457-CEST  MainProcess : INFO       
    From: VoipIO     To: HUB        Command: incoming_call(remote_uri="777805048") 

2013-06-20-07-49-47.215273-CEST  MainProcess : INFO       
    From: VoipIO     To: HUB        Command: call_connecting(remote_uri="777805048") 

2013-06-20-07-49-47.227825-CEST  MainProcess : INFO       
    From: VoipIO     To: HUB        Command: call_confirmed(remote_uri="777805048") 

2013-06-20-07-49-47.254573-CEST  MainProcess : INFO       
    
    ========================================================================================================================
    Incoming call from :          777805048
    ------------------------------------------------------------------------------------------------------------------------
    Total calls:                  11
    Total time (min):             19.9
    Last period total calls:      7
    Last period total time (min): 12.1
    ------------------------------------------------------------------------------------------------------------------------
    CALL ACCEPTED
    ========================================================================================================================
    

2013-06-20-07-49-47.294081-CEST  MainProcess : INFO       
    From: DM         To: HUB        Command: dm_da_generated() 

2013-06-20-07-49-47.322384-CEST  MainProcess : INFO       
    From: NLG        To: HUB        Command: nlg_text_generated() 

2013-06-20-07-49-47.329469-CEST  MainProcess : INFO       
    From: TTS        To: HUB        Command: tts_start(user_id="None",text="Dobrý den, dovolali jste se na informace o veřejné dopravě v Praze. Hovor je nahráván. Více informací o této službě je na internetu. Jak Vám mohu pomoci. ") 

2013-06-20-07-49-47.485143-CEST  MainProcess : INFO       
    From: VoipIO     To: HUB        Command: play_utterance_start(user_id="None",fname="tts-2013-06-20-07-49-47.314249.wav") 

2013-06-20-07-49-47.616955-CEST  MainProcess : INFO       
    From: TTS        To: HUB        Command: tts_end(user_id="None",text="Dobrý den, dovolali jste se na informace o veřejné dopravě v Praze. Hovor je nahráván. Více informací o této službě je na internetu. Jak Vám mohu pomoci. ",fname="tts-2013-06-20-07-49-47.314249.wav") 

2013-06-20-07-50-01.309864-CEST  MainProcess : INFO       
    From: VoipIO     To: HUB        Command: play_utterance_end(user_id="None",fname="tts-2013-06-20-07-49-47.314249.wav) 

2013-06-20-07-50-02.932417-CEST  MainProcess : INFO       
    From: VAD        To: HUB        Command: speech_start(fname="vad-2013-06-20-07-50-02.888112.wav") 

2013-06-20-07-50-02.940035-CEST  MainProcess : INFO       
    From: ASR        To: HUB        Command: asr_start() 

2013-06-20-07-50-07.983081-CEST  MainProcess : INFO       
    From: VAD        To: HUB        Command: speech_end(fname="vad-2013-06-20-07-50-02.888112.wav") 

2013-06-20-07-50-08.181247-CEST  MainProcess : INFO       
    From: VAD        To: HUB        Command: speech_start(fname="vad-2013-06-20-07-50-08.151220.wav") 

2013-06-20-07-50-09.404143-CEST  MainProcess : INFO       
    From: ASR        To: HUB        Command: asr_end() 

2013-06-20-07-50-09.416843-CEST  MainProcess : INFO       
    From: ASR        To: HUB        Command: asr_start() 

2013-06-20-07-50-09.640196-CEST  MainProcess : INFO       
    From: VAD        To: HUB        Command: speech_end(fname="vad-2013-06-20-07-50-08.151220.wav") 

2013-06-20-07-50-10.014736-CEST  MainProcess : INFO       
    From: ASR        To: HUB        Command: asr_end() 

2013-06-20-07-50-10.734886-CEST  MainProcess : INFO       
    From: SLU        To: HUB        Command: slu_parsed() 

2013-06-20-07-50-10.774587-CEST  MainProcess : INFO       
    From: DM         To: HUB        Command: dm_da_generated() 

2013-06-20-07-50-10.798376-CEST  MainProcess : INFO       
    From: NLG        To: HUB        Command: nlg_text_generated() 

2013-06-20-07-50-10.805313-CEST  MainProcess : INFO       
    From: TTS        To: HUB        Command: tts_start(user_id="None",text="Ze zastávky Poliklinika Barrandov. Kam chcete jet?") 

2013-06-20-07-50-10.839378-CEST  MainProcess : INFO       
    From: VoipIO     To: HUB        Command: play_utterance_start(user_id="None",fname="tts-2013-06-20-07-50-10.790163.wav") 

2013-06-20-07-50-10.886764-CEST  MainProcess : INFO       
    From: TTS        To: HUB        Command: tts_end(user_id="None",text="Ze zastávky Poliklinika Barrandov. Kam chcete jet?",fname="tts-2013-06-20-07-50-10.790163.wav") 

2013-06-20-07-50-10.935230-CEST  MainProcess : INFO       
    From: SLU        To: HUB        Command: slu_parsed() 

2013-06-20-07-50-11.328492-CEST  MainProcess : INFO       
    From: DM         To: HUB        Command: dm_da_generated() 

2013-06-20-07-50-11.396815-CEST  MainProcess : INFO       
    From: NLG        To: HUB        Command: nlg_text_generated() 

2013-06-20-07-50-11.402561-CEST  MainProcess : INFO       
    From: TTS        To: HUB        Command: tts_start(user_id="None",text="Dobře, do zastávky Malostranské náměstí. Našla jsem čtyři cesty. Možnost první. Jeďte tramvají číslo 12 v 07:54 ze zastávky Poliklinika Barrandov směrem Palmovka. Vystupte na zastávce Malostranské náměstí.") 

2013-06-20-07-50-13.966715-CEST  MainProcess : INFO       
    From: TTS        To: HUB        Command: tts_end(user_id="None",text="Dobře, do zastávky Malostranské náměstí. Našla jsem čtyři cesty. Možnost první. Jeďte tramvají číslo 12 v 07:54 ze zastávky Poliklinika Barrandov směrem Palmovka. Vystupte na zastávce Malostranské náměstí.",fname="tts-2013-06-20-07-50-11.390299.wav") 

2013-06-20-07-50-15.967278-CEST  MainProcess : INFO       
    From: VoipIO     To: HUB        Command: play_utterance_end(user_id="None",fname="tts-2013-06-20-07-50-10.790163.wav) 

2013-06-20-07-50-15.979881-CEST  MainProcess : INFO       
    From: VoipIO     To: HUB        Command: play_utterance_start(user_id="None",fname="tts-2013-06-20-07-50-11.390299.wav") 

2013-06-20-07-50-30.914713-CEST  MainProcess : INFO       
    From: VAD        To: HUB        Command: speech_start(fname="vad-2013-06-20-07-50-30.871729.wav") 

2013-06-20-07-50-30.937268-CEST  MainProcess : INFO       
    From: ASR        To: HUB        Command: asr_start() 

2013-06-20-07-50-31.278679-CEST  MainProcess : INFO       
    From: VAD        To: HUB        Command: speech_end(fname="vad-2013-06-20-07-50-30.871729.wav") 

2013-06-20-07-50-31.404463-CEST  MainProcess : INFO       
    From: ASR        To: HUB        Command: asr_end() 

2013-06-20-07-50-31.432939-CEST  MainProcess : INFO       
    From: SLU        To: HUB        Command: slu_parsed() 

2013-06-20-07-50-31.630720-CEST  MainProcess : INFO       
    From: DM         To: HUB        Command: dm_da_generated() 

2013-06-20-07-50-31.698195-CEST  MainProcess : INFO       
    From: NLG        To: HUB        Command: nlg_text_generated() 

2013-06-20-07-50-31.706094-CEST  MainProcess : INFO       
    From: TTS        To: HUB        Command: tts_start(user_id="None",text="Našla jsem čtyři cesty. Možnost první. Jeďte tramvají číslo 12 v 07:54 ze zastávky Poliklinika Barrandov směrem Palmovka. Vystupte na zastávce Malostranské náměstí.") 

2013-06-20-07-50-31.734232-CEST  MainProcess : INFO       
    From: VoipIO     To: HUB        Command: play_utterance_start(user_id="None",fname="tts-2013-06-20-07-50-31.683013.wav") 

2013-06-20-07-50-31.905291-CEST  MainProcess : INFO       
    From: TTS        To: HUB        Command: tts_end(user_id="None",text="Našla jsem čtyři cesty. Možnost první. Jeďte tramvají číslo 12 v 07:54 ze zastávky Poliklinika Barrandov směrem Palmovka. Vystupte na zastávce Malostranské náměstí.",fname="tts-2013-06-20-07-50-31.683013.wav") 

2013-06-20-07-50-45.252633-CEST  MainProcess : INFO       
    From: VAD        To: HUB        Command: speech_start(fname="vad-2013-06-20-07-50-45.207364.wav") 

2013-06-20-07-50-45.277309-CEST  MainProcess : INFO       
    From: ASR        To: HUB        Command: asr_start() 

2013-06-20-07-50-47.223103-CEST  MainProcess : INFO       
    From: VAD        To: HUB        Command: speech_end(fname="vad-2013-06-20-07-50-45.207364.wav") 

2013-06-20-07-50-47.895354-CEST  MainProcess : INFO       
    From: ASR        To: HUB        Command: asr_end() 

2013-06-20-07-50-48.888629-CEST  MainProcess : INFO       
    From: SLU        To: HUB        Command: slu_parsed() 

2013-06-20-07-50-49.117164-CEST  MainProcess : INFO       
    From: DM         To: HUB        Command: dm_da_generated() 

2013-06-20-07-50-49.179049-CEST  MainProcess : INFO       
    From: NLG        To: HUB        Command: nlg_text_generated() 

2013-06-20-07-50-49.188388-CEST  MainProcess : INFO       
    From: TTS        To: HUB        Command: tts_start(user_id="None",text="Našla jsem čtyři cesty. Možnost první. Jeďte tramvají číslo 12 v 07:54 ze zastávky Poliklinika Barrandov směrem Palmovka. Vystupte na zastávce Malostranské náměstí.") 

2013-06-20-07-50-49.228066-CEST  MainProcess : INFO       
    From: VoipIO     To: HUB        Command: play_utterance_start(user_id="None",fname="tts-2013-06-20-07-50-49.165041.wav") 

2013-06-20-07-50-49.402851-CEST  MainProcess : INFO       
    From: TTS        To: HUB        Command: tts_end(user_id="None",text="Našla jsem čtyři cesty. Možnost první. Jeďte tramvají číslo 12 v 07:54 ze zastávky Poliklinika Barrandov směrem Palmovka. Vystupte na zastávce Malostranské náměstí.",fname="tts-2013-06-20-07-50-49.165041.wav") 

2013-06-20-07-50-54.293628-CEST  MainProcess : INFO       
    From: VAD        To: HUB        Command: speech_start(fname="vad-2013-06-20-07-50-54.226742.wav") 

2013-06-20-07-50-54.322370-CEST  MainProcess : INFO       
    From: ASR        To: HUB        Command: asr_start() 

2013-06-20-07-50-55.326087-CEST  MainProcess : INFO       
    From: VAD        To: HUB        Command: speech_end(fname="vad-2013-06-20-07-50-54.226742.wav") 

2013-06-20-07-50-55.735833-CEST  MainProcess : INFO       
    From: ASR        To: HUB        Command: asr_end() 

2013-06-20-07-50-56.011898-CEST  MainProcess : INFO       
    From: SLU        To: HUB        Command: slu_parsed() 

2013-06-20-07-50-56.287242-CEST  MainProcess : INFO       
    From: DM         To: HUB        Command: dm_da_generated() 

2013-06-20-07-50-56.360353-CEST  MainProcess : INFO       
    From: NLG        To: HUB        Command: nlg_text_generated() 

2013-06-20-07-50-56.368389-CEST  MainProcess : INFO       
    From: TTS        To: HUB        Command: tts_start(user_id="None",text="Našla jsem čtyři cesty. Možnost první. Jeďte tramvají číslo 12 v 07:54 ze zastávky Poliklinika Barrandov směrem Palmovka. Vystupte na zastávce Malostranské náměstí.") 

2013-06-20-07-50-56.445154-CEST  MainProcess : INFO       
    From: VoipIO     To: HUB        Command: play_utterance_start(user_id="None",fname="tts-2013-06-20-07-50-56.341766.wav") 

2013-06-20-07-50-56.612594-CEST  MainProcess : INFO       
    From: TTS        To: HUB        Command: tts_end(user_id="None",text="Našla jsem čtyři cesty. Možnost první. Jeďte tramvají číslo 12 v 07:54 ze zastávky Poliklinika Barrandov směrem Palmovka. Vystupte na zastávce Malostranské náměstí.",fname="tts-2013-06-20-07-50-56.341766.wav") 

2013-06-20-07-51-01.054377-CEST  MainProcess : INFO       
    From: VAD        To: HUB        Command: speech_start(fname="vad-2013-06-20-07-51-00.997752.wav") 

2013-06-20-07-51-01.088392-CEST  MainProcess : INFO       
    From: ASR        To: HUB        Command: asr_start() 

2013-06-20-07-51-01.876082-CEST  MainProcess : INFO       
    From: VAD        To: HUB        Command: speech_end(fname="vad-2013-06-20-07-51-00.997752.wav") 

2013-06-20-07-51-02.301273-CEST  MainProcess : INFO       
    From: ASR        To: HUB        Command: asr_end() 

2013-06-20-07-51-02.717036-CEST  MainProcess : INFO       
    From: SLU        To: HUB        Command: slu_parsed() 

2013-06-20-07-51-02.776083-CEST  MainProcess : INFO       
    From: DM         To: HUB        Command: dm_da_generated() 

2013-06-20-07-51-02.808343-CEST  MainProcess : INFO       
    From: NLG        To: HUB        Command: nlg_text_generated() 

2013-06-20-07-51-02.816878-CEST  MainProcess : INFO       
    From: TTS        To: HUB        Command: tts_start(user_id="None",text="Do zastávky Malostranské náměstí. Budete tam v 08:19 .") 

2013-06-20-07-51-02.850177-CEST  MainProcess : INFO       
    From: VoipIO     To: HUB        Command: play_utterance_start(user_id="None",fname="tts-2013-06-20-07-51-02.802710.wav") 

2013-06-20-07-51-03.873690-CEST  MainProcess : INFO       
    From: TTS        To: HUB        Command: tts_end(user_id="None",text="Do zastávky Malostranské náměstí. Budete tam v 08:19 .",fname="tts-2013-06-20-07-51-02.802710.wav") 

2013-06-20-07-51-07.529633-CEST  MainProcess : INFO       
    From: VAD        To: HUB        Command: speech_start(fname="vad-2013-06-20-07-51-07.470634.wav") 

2013-06-20-07-51-07.561780-CEST  MainProcess : INFO       
    From: ASR        To: HUB        Command: asr_start() 

2013-06-20-07-51-08.593564-CEST  MainProcess : INFO       
    From: VAD        To: HUB        Command: speech_end(fname="vad-2013-06-20-07-51-07.470634.wav") 

2013-06-20-07-51-09.290192-CEST  MainProcess : INFO       
    From: ASR        To: HUB        Command: asr_end() 

2013-06-20-07-51-10.285313-CEST  MainProcess : INFO       
    From: SLU        To: HUB        Command: slu_parsed() 

2013-06-20-07-51-10.524560-CEST  MainProcess : INFO       
    From: DM         To: HUB        Command: dm_da_generated() 

2013-06-20-07-51-10.648610-CEST  MainProcess : INFO       
    From: NLG        To: HUB        Command: nlg_text_generated() 

2013-06-20-07-51-10.657693-CEST  MainProcess : INFO       
    From: TTS        To: HUB        Command: tts_start(user_id="None",text="Našla jsem čtyři cesty. Možnost první. Jeďte tramvají číslo 12 v 07:54 ze zastávky Poliklinika Barrandov směrem Palmovka. Vystupte na zastávce Malostranské náměstí.") 

2013-06-20-07-51-10.697445-CEST  MainProcess : INFO       
    From: VoipIO     To: HUB        Command: play_utterance_start(user_id="None",fname="tts-2013-06-20-07-51-10.633149.wav") 

2013-06-20-07-51-10.868743-CEST  MainProcess : INFO       
    From: TTS        To: HUB        Command: tts_end(user_id="None",text="Našla jsem čtyři cesty. Možnost první. Jeďte tramvají číslo 12 v 07:54 ze zastávky Poliklinika Barrandov směrem Palmovka. Vystupte na zastávce Malostranské náměstí.",fname="tts-2013-06-20-07-51-10.633149.wav") 

2013-06-20-07-51-13.043259-CEST  MainProcess : INFO       
    From: VAD        To: HUB        Command: speech_start(fname="vad-2013-06-20-07-51-12.976104.wav") 

2013-06-20-07-51-13.082778-CEST  MainProcess : INFO       
    From: ASR        To: HUB        Command: asr_start() 

2013-06-20-07-51-14.117412-CEST  MainProcess : INFO       
    From: VAD        To: HUB        Command: speech_end(fname="vad-2013-06-20-07-51-12.976104.wav") 

2013-06-20-07-51-14.697902-CEST  MainProcess : INFO       
    From: ASR        To: HUB        Command: asr_end() 

2013-06-20-07-51-15.683373-CEST  MainProcess : INFO       
    From: VAD        To: HUB        Command: speech_start(fname="vad-2013-06-20-07-51-15.607383.wav") 

2013-06-20-07-51-15.692748-CEST  MainProcess : INFO       
    From: ASR        To: HUB        Command: asr_start() 

2013-06-20-07-51-15.733476-CEST  MainProcess : INFO       
    From: SLU        To: HUB        Command: slu_parsed() 

2013-06-20-07-51-15.802321-CEST  MainProcess : INFO       
    From: DM         To: HUB        Command: dm_da_generated() 

2013-06-20-07-51-15.857339-CEST  MainProcess : INFO       
    From: NLG        To: HUB        Command: nlg_text_generated() 

2013-06-20-07-51-15.865357-CEST  MainProcess : INFO       
    From: TTS        To: HUB        Command: tts_start(user_id="None",text="Ze zastávky Poliklinika Barrandov. Jeďte tramvají číslo 12 směrem Palmovka.") 

2013-06-20-07-51-15.897811-CEST  MainProcess : INFO       
    From: VoipIO     To: HUB        Command: play_utterance_start(user_id="None",fname="tts-2013-06-20-07-51-15.835931.wav") 

2013-06-20-07-51-15.972847-CEST  MainProcess : INFO       
    From: TTS        To: HUB        Command: tts_end(user_id="None",text="Ze zastávky Poliklinika Barrandov. Jeďte tramvají číslo 12 směrem Palmovka.",fname="tts-2013-06-20-07-51-15.835931.wav") 

2013-06-20-07-51-16.021194-CEST  MainProcess : INFO       
    From: VAD        To: HUB        Command: speech_end(fname="vad-2013-06-20-07-51-15.607383.wav") 

2013-06-20-07-51-16.356187-CEST  MainProcess : INFO       
    From: ASR        To: HUB        Command: asr_end() 

2013-06-20-07-51-16.388656-CEST  MainProcess : INFO       
    From: SLU        To: HUB        Command: slu_parsed() 

2013-06-20-07-51-16.633130-CEST  MainProcess : INFO       
    From: DM         To: HUB        Command: dm_da_generated() 

2013-06-20-07-51-16.719752-CEST  MainProcess : INFO       
    From: NLG        To: HUB        Command: nlg_text_generated() 

2013-06-20-07-51-16.726980-CEST  MainProcess : INFO       
    From: TTS        To: HUB        Command: tts_start(user_id="None",text="Našla jsem čtyři cesty. Možnost první. Jeďte tramvají číslo 12 v 07:54 ze zastávky Poliklinika Barrandov směrem Palmovka. Vystupte na zastávce Malostranské náměstí.") 

2013-06-20-07-51-16.917091-CEST  MainProcess : INFO       
    From: TTS        To: HUB        Command: tts_end(user_id="None",text="Našla jsem čtyři cesty. Možnost první. Jeďte tramvají číslo 12 v 07:54 ze zastávky Poliklinika Barrandov směrem Palmovka. Vystupte na zastávce Malostranské náměstí.",fname="tts-2013-06-20-07-51-16.702644.wav") 

2013-06-20-07-51-22.473393-CEST  MainProcess : INFO       
    From: VAD        To: HUB        Command: speech_start(fname="vad-2013-06-20-07-51-22.392084.wav") 

2013-06-20-07-51-22.562827-CEST  MainProcess : INFO       
    From: ASR        To: HUB        Command: asr_start() 

2013-06-20-07-51-22.576962-CEST  MainProcess : INFO       
    From: VoipIO     To: HUB        Command: play_utterance_end(user_id="None",fname="tts-2013-06-20-07-51-15.835931.wav) 

2013-06-20-07-51-22.589565-CEST  MainProcess : INFO       
    From: VoipIO     To: HUB        Command: play_utterance_start(user_id="None",fname="tts-2013-06-20-07-51-16.702644.wav") 

2013-06-20-07-51-23.775265-CEST  MainProcess : INFO       
    From: VAD        To: HUB        Command: speech_end(fname="vad-2013-06-20-07-51-22.392084.wav") 

2013-06-20-07-51-24.482213-CEST  MainProcess : INFO       
    From: ASR        To: HUB        Command: asr_end() 

2013-06-20-07-51-25.477177-CEST  MainProcess : INFO       
    From: SLU        To: HUB        Command: slu_parsed() 

2013-06-20-07-51-25.559797-CEST  MainProcess : INFO       
    From: DM         To: HUB        Command: dm_da_generated() 

2013-06-20-07-51-25.600696-CEST  MainProcess : INFO       
    From: NLG        To: HUB        Command: nlg_text_generated() 

2013-06-20-07-51-25.606866-CEST  MainProcess : INFO       
    From: TTS        To: HUB        Command: tts_start(user_id="None",text="Na dané trase není žádný přestup.") 

2013-06-20-07-51-25.650698-CEST  MainProcess : INFO       
    From: VoipIO     To: HUB        Command: play_utterance_start(user_id="None",fname="tts-2013-06-20-07-51-25.588552.wav") 

2013-06-20-07-51-25.666597-CEST  MainProcess : INFO       
    From: TTS        To: HUB        Command: tts_end(user_id="None",text="Na dané trase není žádný přestup.",fname="tts-2013-06-20-07-51-25.588552.wav") 

2013-06-20-07-51-28.924991-CEST  MainProcess : INFO       
    From: VoipIO     To: HUB        Command: play_utterance_end(user_id="None",fname="tts-2013-06-20-07-51-25.588552.wav) 

2013-06-20-07-51-31.107408-CEST  MainProcess : INFO       
    From: VAD        To: HUB        Command: speech_start(fname="vad-2013-06-20-07-51-31.019291.wav") 

2013-06-20-07-51-31.115522-CEST  MainProcess : INFO       
    From: ASR        To: HUB        Command: asr_start() 

2013-06-20-07-51-31.649642-CEST  MainProcess : INFO       
    From: VAD        To: HUB        Command: speech_end(fname="vad-2013-06-20-07-51-31.019291.wav") 

2013-06-20-07-51-38.209974-CEST  MainProcess : INFO       
    From: VAD        To: HUB        Command: speech_start(fname="vad-2013-06-20-07-51-38.124559.wav") 

2013-06-20-07-51-38.892785-CEST  MainProcess : INFO       
    From: VAD        To: HUB        Command: speech_end(fname="vad-2013-06-20-07-51-38.124559.wav") 

2013-06-20-07-51-50.061239-CEST  MainProcess : INFO       
    From: VAD        To: HUB        Command: speech_start(fname="vad-2013-06-20-07-51-49.900373.wav") 

2013-06-20-07-52-01.758319-CEST  ASR-3      : EXCEPTION  
    Uncaught exception in ASR process.
    Traceback (most recent call last):
      File "/mnt/h/jurcicek/vystadial-git/alex/components/hub/asr.py", line 220, in run
        self.read_audio_write_asr_hypotheses()
      File "/mnt/h/jurcicek/vystadial-git/alex/components/hub/asr.py", line 162, in read_audio_write_asr_hypotheses
        asr_hyp = self.asr.hyp_out()
      File "/mnt/h/jurcicek/vystadial-git/alex/components/asr/google.py", line 119, in hyp_out
        nblist = self.recognize(wav)
      File "/mnt/h/jurcicek/vystadial-git/alex/components/asr/google.py", line 72, in recognize
        json_hypotheses = self.get_asr_hypotheses(flac_file_name)
      File "/mnt/h/jurcicek/vystadial-git/alex/components/asr/google.py", line 51, in get_asr_hypotheses
        json_hypotheses = urllib2.urlopen(request).read()
      File "/home/jurcicek/multipy/pythons/2.7/lib/python2.7/urllib2.py", line 126, in urlopen
        return _opener.open(url, data, timeout)
      File "/home/jurcicek/multipy/pythons/2.7/lib/python2.7/urllib2.py", line 406, in open
        response = meth(req, response)
      File "/home/jurcicek/multipy/pythons/2.7/lib/python2.7/urllib2.py", line 519, in http_response
        'http', request, response, code, msg, hdrs)
      File "/home/jurcicek/multipy/pythons/2.7/lib/python2.7/urllib2.py", line 444, in error
        return self._call_chain(*args)
      File "/home/jurcicek/multipy/pythons/2.7/lib/python2.7/urllib2.py", line 378, in _call_chain
        result = func(*args)
      File "/home/jurcicek/multipy/pythons/2.7/lib/python2.7/urllib2.py", line 527, in http_error_default
        raise HTTPError(req.get_full_url(), code, msg, hdrs, fp)
    HTTPError: HTTP Error 500: Internal Server Error
    

2013-06-20-07-57-30.720813-CEST  VAD-2      : EXCEPTION  
    Uncaught exception in VAD process.
    Traceback (most recent call last):
      File "/mnt/h/jurcicek/vystadial-git/alex/components/hub/vad.py", line 256, in run
        self.read_write_audio()
      File "/mnt/h/jurcicek/vystadial-git/alex/components/hub/vad.py", line 215, in read_write_audio
        self.audio_out.send(data_rec)
    KeyboardInterrupt
    

2013-06-20-07-57-30.801898-CEST  VoipIO-1   : INFO       
    07:57:30.796    pjsua_acc.c !....<sip:800899998@vystadial.ms.mff.cuni.cz>: registration success, status=200 (OK), will re-register in 300 seconds
    

