2013-07-03-07-19-34.567881-COT  VoipIO-1   : DEBUG      
    CallCallback::on_media_state : Media is now active

2013-07-03-07-19-34.570055-COT  VoipIO-1   : DEBUG      
    CallCallback::on_state : Call with "277278104" <sip:277278104@195.113.20.69> is CONNECTING last code = 200 (OK)

2013-07-03-07-19-34.570627-COT  VoipIO-1   : DEBUG      
    VoipIO::on_call_connecting

2013-07-03-07-19-34.585820-COT  MainProcess : SYSTEM-LOG 
    config = { 'ASR': { 'Google': { 'debug': False, 'language': 'cs', 'maxresults': 20},
               'Julius': { 'adinnetport': 5530,
                           'binary': '/usr/local/bin/julius',
                           'debug': False,
                           'hostname': 'localhost',
                           'jconf': { '-adport': '5530',
                                      '-b': '1000',
                                      '-b2': '100',
                                      '-cmnload': 'cmn.param',
                                      '-cmnmapweight': '200',
                                      '-cmnsave': 'cmn.param',
                                      '-confnet': '',
                                      '-fallback1pass': '',
                                      '-gprune': 'safe',
                                      '-h': '/home/jurcicek/vystadial-git/alex/resources/asr/voip_en/hmmdefs',
                                      '-hlist': '/home/jurcicek/vystadial-git/alex/resources/asr/voip_en/tiedlist',
                                      '-htkconf': '/home/jurcicek/vystadial-git/alex/resources/asr/voip_en/config',
                                      '-input': 'adinnet',
                                      '-iwsp': '',
                                      '-iwsppenalty': '0.0',
                                      '-lmp': '15.0 0.0',
                                      '-lmp2': '15.0 0.0',
                                      '-mapunk': 'UM',
                                      '-module': '10500',
                                      '-n': '50',
                                      '-nlr': '/home/jurcicek/vystadial-git/alex/resources/lm/caminfo/julius_arpa_bigram',
                                      '-no_ccd': '',
                                      '-nrl': '/home/jurcicek/vystadial-git/alex/resources/lm/caminfo/julius_arpa_rev_bigram',
                                      '-silhead': '<s>',
                                      '-siltail': '</s>',
                                      '-spmodel': 'sp',
                                      '-tmix': '4',
                                      '-v': '/home/jurcicek/vystadial-git/alex/resources/lm/caminfo/julius_dict'},
                           'jconffile': 'julius.jconf',
                           'killall': False,
                           'logfile': 'julius.log',
                           'msg_timeout': 0.3,
                           'pidfile': 'julius.pid',
                           'reuse_server': False,
                           'serverport': 10500,
                           'start_max_wait_time': 15,
                           'start_wait_time': 0.5,
                           'timeout': 2.0},
               'Kaldi': { 'LM_scale': -6666.66,
                          'hypothesis_type': 'nblist',
                          'lat_depth': 666666,
                          'model': 'TODO_path_to_model'},
               'debug': True,
               'type': 'Google'},
      'AlexOnTheBus': { 'max_turns': 30},
      'Analytics': Analytics(account_id='UA-41905278-1', domain_name='cuni.cz'),
      'Audio': { 'sample_rate': 16000, 'samples_per_frame': 256},
      'AudioIO': { 'debug': True, 'output_dir': './aio_call_log', 'play_buffer_size': 1024},
      'DM': { 'PUfalRuleDM': { 'code_submit_url': None,
                               'db_cfg': '/home/jurcicek/vystadial-git/alex/resources/../applications/CamInfoRest/cued_data/CIRdbase_V7_noloc.txt',
                               'ontology': '/home/jurcicek/vystadial-git/alex/resources/../applications/CamInfoRest/ontology.cfg',
                               'provide_code': False},
              'UfalRuleDM': { 'code_submit_url': None,
                              'db_cfg': '/home/jurcicek/vystadial-git/alex/resources/../applications/CamInfoRest/cued_data/CIRdbase_V7_noloc.txt',
                              'ontology': '/home/jurcicek/vystadial-git/alex/resources/../applications/CamInfoRest/ontology.cfg',
                              'provide_code': False},
              'basic': { 'debug': True},
              'debug': True,
              'dialogue_policy': { 'type': <class 'alex.applications.AlexOnTheBus.aotb_hdc_policy.AOTBHDCPolicy'>},
              'dialogue_state': { 'type': <class 'alex.components.dm.dddstate.DeterministicDiscriminativeDialogueState'>},
              'input_timeout': 1.0,
              'ontology': '/home/jurcicek/vystadial-git/alex/applications/AlexOnTheBus/data/ontology.py',
              'type': 'basic'},
      'General': { 'debug': False, 'include': ['/home/jurcicek/vystadial-git/alex/resources/private/default.cfg']},
      'Hub': { 'history_file': 'hub_history_hub.txt', 'history_length': 1000, 'main_loop_sleep_time': 0.002},
      'Logging': { 'excepthook': ExceptionHook(
            ExceptionHook
              Hook Type: log
              Hook Logger: SystemLogger(output_dir=./call_logs, stdout_log_level='DEBUG', stdout=True, file_log_level='DEBUG')),
                   'session_logger': SessionLogger(),
                   'system_logger': SystemLogger(output_dir=./call_logs, stdout_log_level='DEBUG', stdout=True, file_log_level='DEBUG'),
                   'system_name': 'Alex On The Bus',
                   'version': '1.0'},
      'NLG': { 'Template': { 'model': '/home/jurcicek/vystadial-git/alex/applications/AlexOnTheBus/nlg_templates.cfg'},
               'debug': True,
               'type': 'Template'},
      'SHub': { 'history_file': 'hub_history_shub.txt', 'history_length': 1000},
      'SLU': { 'cl-tracing': { 'cldb_fname': '/home/jurcicek/vystadial-git/alex/applications/CamInfoRest/data/database.py',
                               'do_preprocessing': True,
                               'features_type': ('ngram', 'ab_ngram'),
                               'testing': { 'max_examples': None,
                                            'min_perc': 80,
                                            'model_fname': '/home/jurcicek/vystadial-git/alex/applications/CamInfoRest/models/130516_minf60-minfc35-mind60.slu_model.gz',
                                            'renormalise': True,
                                            'threshold': None,
                                            'vanilla': True},
                               'training': { 'abstractions': ('abstract',), 'models_dir': 'models'}},
               'debug': True,
               'type': <class 'alex.applications.AlexOnTheBus.aotb_slu.AOTBSLU'>,
               <class 'alex.applications.AlexOnTheBus.aotb_slu.AOTBSLU'>: { 'cldb_fname': '/home/jurcicek/vystadial-git/alex/applications/AlexOnTheBus/data/database.py',
                                                                            'preprocessing_cls': <class 'alex.applications.AlexOnTheBus.aotb_preprocessing.AOTBSLUPreprocessing'>,
                                                                            'training': { 'models_dir': 'models'}}},
      'THub': { 'history_file': 'hub_history_thub.txt', 'history_length': 1000},
      'TTS': { 'Flite': { 'debug': False,
                          'preprocessing': '/home/jurcicek/vystadial-git/alex/resources/tts/prep_flite_en.cfg',
                          'voice': 'kal16'},
               'Google': { 'debug': False,
                           'language': 'en',
                           'preprocessing': '/home/jurcicek/vystadial-git/alex/resources/tts/prep_google_en.cfg'},
               'SpeechTech': { 'debug': True,
                               'login': 'filipjurcicek',
    # this line was removed since it included a password
                               'preprocessing': '/home/jurcicek/vystadial-git/alex/resources/tts/prep_speechtech_cs.cfg',
                               'voice': 'Iva210'},
               'VoiceRSS': { 'api_key': '3b6a9fca5d724b1c8ac34691586cdda1'},
               'VoiceRss': { 'language': 'en-gb',
                             'preprocessing': '/home/jurcicek/vystadial-git/alex/resources/tts/prep_voicerss_en.cfg'},
               'debug': True,
               'in_between_segments_silence': 0.1,
               'type': 'SpeechTech'},
      'VAD': { 'debug': False,
               'decision_frames_sil': 25,
               'decision_frames_speech': 10,
               'decision_non_speech_threshold': 0.2,
               'decision_speech_threshold': 0.7,
               'gmm': { 'ceplifter': 22,
                        'enormalise': True,
                        'filter_length': 5,
                        'frameshift': 160,
                        'framesize': 512,
                        'frontend': 'MFCC',
                        'hifreq': 3800,
                        'lofreq': 125,
                        'numceps': 12,
                        'numchans': 26,
                        'preemcoef': 0.97,
                        'sil_model': '/home/jurcicek/vystadial-git/alex/resources/vad/voip_en/vad_sil_sds_mfcc_m064_f100000.gmm',
                        'speech_model': '/home/jurcicek/vystadial-git/alex/resources/vad/voip_en/vad_speech_sds_mfcc_m064_f100000.gmm',
                        'useacc': True,
                        'usec0': False,
                        'usecmn': False,
                        'usedelta': True,
                        'usehamming': True,
                        'usepower': True,
                        'zmeansource': True},
               'power': { 'adaptation_frames': 30, 'threshold': 70, 'threshold_multiplier': 1.0},
               'speech_buffer_frames': 20,
               'type': 'gmm'},
      'VoipHub': { 'blacklist_for': 7200,
                   'call_db': '/home/jurcicek/vystadial-git/alex/applications/AlexOnTheBus/call_db.pckl',
                   'hard_time_limit': 360,
                   'hard_turn_limit': 40,
                   'history_length': 1000,
                   'last_period_max_num_calls': 100,
                   'last_period_max_total_time': 7200,
                   'limit_reached_message': u'D\u011bkujeme za zavol\xe1n\xed, ale u\u017e jste volali hodn\u011b. Pros\xedm zavolejte pozd\u011bji. Na shledanou.',
                   'period': 172800,
                   'pid_file': '/home/jurcicek/vystadial-git/alex/applications/vhub.pid',
                   'wait_time_before_calling_back': 10},
      'VoipIO': { 'allowed_hosts': '',
                  'allowed_phone_numbers': '(^[234567])',
                  'allowed_users': '(^[234567])',
                  'debug': True,
                  'domain': 'external.sip.mff.cuni.cz:5066',
                  'forbidden_hosts': '',
                  'forbidden_phone_number': '(^112$|^150$|^155$|^156$|^158$)',
                  'forbidden_users': '(^112$|^150$|^155$|^156$|^158$)',
    # this line was removed since it included a password
                  'pjsip_log_level': 3,
                  'reject_calls': False,
                  'user': 'DEV-9889'},
      'WebHub': { 'port': 8000},
      'corpustools': { 'get_jasr_confnets': { 'frame_size': 256, 'rt_ratio': 0.2}}}

2013-07-03-07-19-34.617109-COT  MainProcess : INFO       
    #12937  Time: 2013-07-03-07-19-34.570974-COT From: VoipIO     To: HUB        Command: call_connecting(remote_uri="277278104") 

2013-07-03-07-19-34.779924-COT  VoipIO-1   : DEBUG      
    CallCallback::on_state : Call with "277278104" <sip:277278104@195.113.20.69> is CONFIRMED last code = 200 (OK)

2013-07-03-07-19-34.784383-COT  VoipIO-1   : DEBUG      
    VoipIO::on_call_confirmed

2013-07-03-07-19-34.785937-COT  MainProcess : INFO       
    #12938  Time: 2013-07-03-07-19-34.784618-COT From: VoipIO     To: HUB        Command: call_confirmed(remote_uri="277278104") 

2013-07-03-07-19-34.788537-COT  MainProcess : INFO       
    
    ========================================================================================================================
    Incoming call from :          277278104
    ------------------------------------------------------------------------------------------------------------------------
    Total calls:                  6
    Total time (min):             2.4
    Last period total calls:      6
    Last period total time (min): 2.4
    ------------------------------------------------------------------------------------------------------------------------
    CALL ACCEPTED
    ========================================================================================================================
    

2013-07-03-07-19-34.790595-COT  DM-5       : DEBUG      
    #12939  Time: 2013-07-03-07-19-34.786851-COT From: HUB        To: DM         Command: new_dialogue() 

2013-07-03-07-19-34.791617-COT  DM-5       : DEBUG      
    DM Output
    ------------------------------------------------------------
    hello()
    

2013-07-03-07-19-34.798477-COT  NLG-6      : DEBUG      
    NLG Output
    ------------------------------------------------------------
    Dobrý den. Hovor je nahráván. Více informací o této službě je na internetu. Jak Vám mohu pomoci. Můžete například říct z Malostranského náměstí na Žižkov.
    

2013-07-03-07-19-34.801497-COT  MainProcess : INFO       
    #12941  Time: 2013-07-03-07-19-34.796160-COT From: DM         To: HUB        Command: dm_da_generated() 

2013-07-03-07-19-34.806367-COT  MainProcess : INFO       
    #12942  Time: 2013-07-03-07-19-34.800482-COT From: NLG        To: HUB        Command: nlg_text_generated() 

2013-07-03-07-19-42.848965-COT  MainProcess : INFO       
    #13448  Time: 2013-07-03-07-19-42.845526-COT From: VAD        To: HUB        Command: speech_start(fname="vad-2013-07-03-07-19-42.745301.wav") 

2013-07-03-07-19-42.850495-COT  ASR-3      : DEBUG      
    ASR: speech_start()

2013-07-03-07-19-42.851642-COT  MainProcess : INFO       
    #13449  Time: 2013-07-03-07-19-42.849415-COT From: ASR        To: HUB        Command: asr_start() 

2013-07-03-07-19-43.202749-COT  MainProcess : INFO       
    #13475  Time: 2013-07-03-07-19-43.201291-COT From: VAD        To: HUB        Command: speech_end(fname="vad-2013-07-03-07-19-42.745301.wav") 

2013-07-03-07-19-43.203835-COT  ASR-3      : DEBUG      
    ASR: speech_end()

2013-07-03-07-19-45.700037-COT  MainProcess : INFO       
    #13633  Time: 2013-07-03-07-19-45.697857-COT From: VAD        To: HUB        Command: speech_start(fname="vad-2013-07-03-07-19-45.693381.wav") 

2013-07-03-07-19-46.714727-COT  MainProcess : INFO       
    #13697  Time: 2013-07-03-07-19-46.712234-COT From: VAD        To: HUB        Command: speech_end(fname="vad-2013-07-03-07-19-45.693381.wav") 

2013-07-03-07-19-53.097823-COT  TTS-7      : EXCEPTION  
    Uncaught exception in the TTS process.
    Traceback (most recent call last):
      File "/home/jurcicek/vystadial-git/alex/components/hub/tts.py", line 187, in run
        self.read_text_write_audio()
      File "/home/jurcicek/vystadial-git/alex/components/hub/tts.py", line 168, in read_text_write_audio
        self.synthesize(None, data_tts.text)
      File "/home/jurcicek/vystadial-git/alex/components/hub/tts.py", line 104, in synthesize
        segment_wav = self.tts.synthesize(segment_text)
      File "/home/jurcicek/vystadial-git/alex/components/tts/speechtech.py", line 93, in synthesize
        mp3 = self.get_tts_mp3(self.cfg['TTS']['SpeechTech']['voice'], text)
      File "/home/jurcicek/vystadial-git/alex/utils/cache.py", line 218, in wrapper
        result = user_function(*args, **kwds)
      File "/home/jurcicek/vystadial-git/alex/components/tts/speechtech.py", line 59, in get_tts_mp3
        task_id = urllib2.urlopen('%s/add_to_queue' % ROOT_URI, params).read().strip()
      File "/usr/lib/python2.7/urllib2.py", line 126, in urlopen
        return _opener.open(url, data, timeout)
      File "/usr/lib/python2.7/urllib2.py", line 400, in open
        response = self._open(req, data)
      File "/usr/lib/python2.7/urllib2.py", line 418, in _open
        '_open', req)
      File "/usr/lib/python2.7/urllib2.py", line 378, in _call_chain
        result = func(*args)
      File "/usr/lib/python2.7/urllib2.py", line 1207, in http_open
        return self.do_open(httplib.HTTPConnection, req)
      File "/usr/lib/python2.7/urllib2.py", line 1177, in do_open
        raise URLError(err)
    URLError: <urlopen error [Errno -2] Name or service not known>
    

2013-07-03-07-20-03.565083-COT  ASR-3      : DEBUG      
    ASR Hypothesis
    ------------------------------------------------------------
    1.000 __other__
    

