2013-07-04-09-28-32.019506-COT  MainProcess : SYSTEM-LOG 
    config = { 'ASR': { 'Google': { 'debug': False, 'language': 'cs', 'maxresults': 20},
               'Julius': { 'adinnetport': 5530,
                           'binary': '/usr/local/bin/julius',
                           'debug': False,
                           'hostname': 'localhost',
                           'jconf': { '-adport': '5530',
                                      '-b': '1000',
                                      '-b2': '100',
                                      '-cmnload': 'cmn.param',
                                      '-cmnmapweight': '200',
                                      '-cmnsave': 'cmn.param',
                                      '-confnet': '',
                                      '-fallback1pass': '',
                                      '-gprune': 'safe',
                                      '-h': '/home/jurcicek/vystadial-git/alex/resources/asr/voip_en/hmmdefs',
                                      '-hlist': '/home/jurcicek/vystadial-git/alex/resources/asr/voip_en/tiedlist',
                                      '-htkconf': '/home/jurcicek/vystadial-git/alex/resources/asr/voip_en/config',
                                      '-input': 'adinnet',
                                      '-iwsp': '',
                                      '-iwsppenalty': '0.0',
                                      '-lmp': '15.0 0.0',
                                      '-lmp2': '15.0 0.0',
                                      '-mapunk': 'UM',
                                      '-module': '10500',
                                      '-n': '50',
                                      '-nlr': '/home/jurcicek/vystadial-git/alex/resources/lm/caminfo/julius_arpa_bigram',
                                      '-no_ccd': '',
                                      '-nrl': '/home/jurcicek/vystadial-git/alex/resources/lm/caminfo/julius_arpa_rev_bigram',
                                      '-silhead': '<s>',
                                      '-siltail': '</s>',
                                      '-spmodel': 'sp',
                                      '-tmix': '4',
                                      '-v': '/home/jurcicek/vystadial-git/alex/resources/lm/caminfo/julius_dict'},
                           'jconffile': 'julius.jconf',
                           'killall': False,
                           'logfile': 'julius.log',
                           'msg_timeout': 0.3,
                           'pidfile': 'julius.pid',
                           'reuse_server': False,
                           'serverport': 10500,
                           'start_max_wait_time': 15,
                           'start_wait_time': 0.5,
                           'timeout': 2.0},
               'Kaldi': { 'LM_scale': -6666.66,
                          'hypothesis_type': 'nblist',
                          'lat_depth': 666666,
                          'model': 'TODO_path_to_model'},
               'debug': True,
               'type': 'Google'},
      'AlexOnTheBus': { 'max_turns': 30},
      'Analytics': Analytics(account_id='UA-41905278-1', domain_name='cuni.cz'),
      'Audio': { 'sample_rate': 16000, 'samples_per_frame': 256},
      'AudioIO': { 'debug': True, 'output_dir': './aio_call_log', 'play_buffer_size': 1024},
      'DM': { 'PUfalRuleDM': { 'code_submit_url': None,
                               'db_cfg': '/home/jurcicek/vystadial-git/alex/resources/../applications/CamInfoRest/cued_data/CIRdbase_V7_noloc.txt',
                               'ontology': '/home/jurcicek/vystadial-git/alex/resources/../applications/CamInfoRest/ontology.cfg',
                               'provide_code': False},
              'UfalRuleDM': { 'code_submit_url': None,
                              'db_cfg': '/home/jurcicek/vystadial-git/alex/resources/../applications/CamInfoRest/cued_data/CIRdbase_V7_noloc.txt',
                              'ontology': '/home/jurcicek/vystadial-git/alex/resources/../applications/CamInfoRest/ontology.cfg',
                              'provide_code': False},
              'basic': { 'debug': True, 'silence_timeout': 10.0},
              'debug': True,
              'dialogue_policy': { 'type': <class 'alex.applications.AlexOnTheBus.aotb_hdc_policy.AOTBHDCPolicy'>},
              'dialogue_state': { 'type': <class 'alex.components.dm.dddstate.DeterministicDiscriminativeDialogueState'>},
              'input_timeout': 3.0,
              'ontology': '/home/jurcicek/vystadial-git/alex/applications/AlexOnTheBus/data/ontology.py',
              'type': 'basic'},
      'General': { 'debug': False, 'include': ['/home/jurcicek/vystadial-git/alex/resources/private/default.cfg']},
      'Hub': { 'history_file': 'hub_history_hub.txt', 'history_length': 1000, 'main_loop_sleep_time': 0.002},
      'Logging': { 'excepthook': ExceptionHook(
            ExceptionHook
              Hook Type: log
              Hook Logger: SystemLogger(output_dir=./call_logs, stdout_log_level='DEBUG', stdout=True, file_log_level='DEBUG')),
                   'session_logger': SessionLogger(),
                   'system_logger': SystemLogger(output_dir=./call_logs, stdout_log_level='DEBUG', stdout=True, file_log_level='DEBUG'),
                   'system_name': 'Alex On The Bus',
                   'version': '1.0'},
      'NLG': { 'Template': { 'model': '/home/jurcicek/vystadial-git/alex/applications/AlexOnTheBus/nlg_templates.cfg'},
               'debug': True,
               'type': 'Template'},
      'SHub': { 'history_file': 'hub_history_shub.txt', 'history_length': 1000},
      'SLU': { 'cl-tracing': { 'cldb_fname': '/home/jurcicek/vystadial-git/alex/applications/CamInfoRest/data/database.py',
                               'do_preprocessing': True,
                               'features_type': ('ngram', 'ab_ngram'),
                               'testing': { 'max_examples': None,
                                            'min_perc': 80,
                                            'model_fname': '/home/jurcicek/vystadial-git/alex/applications/CamInfoRest/models/130516_minf60-minfc35-mind60.slu_model.gz',
                                            'renormalise': True,
                                            'threshold': None,
                                            'vanilla': True},
                               'training': { 'abstractions': ('abstract',), 'models_dir': 'models'}},
               'debug': True,
               'type': <class 'alex.applications.AlexOnTheBus.aotb_slu.AOTBSLU'>,
               <class 'alex.applications.AlexOnTheBus.aotb_slu.AOTBSLU'>: { 'cldb_fname': '/home/jurcicek/vystadial-git/alex/applications/AlexOnTheBus/data/database.py',
                                                                            'preprocessing_cls': <class 'alex.applications.AlexOnTheBus.aotb_preprocessing.AOTBSLUPreprocessing'>,
                                                                            'training': { 'models_dir': 'models'}}},
      'THub': { 'history_file': 'hub_history_thub.txt', 'history_length': 1000},
      'TTS': { 'Flite': { 'debug': False,
                          'preprocessing': '/home/jurcicek/vystadial-git/alex/resources/tts/prep_flite_en.cfg',
                          'voice': 'kal16'},
               'Google': { 'debug': False,
                           'language': 'en',
                           'preprocessing': '/home/jurcicek/vystadial-git/alex/resources/tts/prep_google_en.cfg'},
               'SpeechTech': { 'debug': True,
                               'login': 'filipjurcicek',
    # this line was removed since it included a password
                               'preprocessing': '/home/jurcicek/vystadial-git/alex/resources/tts/prep_speechtech_cs.cfg',
                               'voice': 'Iva210'},
               'VoiceRSS': { 'api_key': '3b6a9fca5d724b1c8ac34691586cdda1'},
               'VoiceRss': { 'language': 'en-gb',
                             'preprocessing': '/home/jurcicek/vystadial-git/alex/resources/tts/prep_voicerss_en.cfg'},
               'debug': True,
               'in_between_segments_silence': 0.1,
               'type': 'SpeechTech'},
      'VAD': { 'debug': False,
               'decision_frames_sil': 25,
               'decision_frames_speech': 10,
               'decision_non_speech_threshold': 0.2,
               'decision_speech_threshold': 0.7,
               'gmm': { 'ceplifter': 22,
                        'enormalise': True,
                        'filter_length': 5,
                        'frameshift': 160,
                        'framesize': 512,
                        'frontend': 'MFCC',
                        'hifreq': 3800,
                        'lofreq': 125,
                        'numceps': 12,
                        'numchans': 26,
                        'preemcoef': 0.97,
                        'sil_model': '/home/jurcicek/vystadial-git/alex/resources/vad/voip_en/vad_sil_sds_mfcc_m064_f100000.gmm',
                        'speech_model': '/home/jurcicek/vystadial-git/alex/resources/vad/voip_en/vad_speech_sds_mfcc_m064_f100000.gmm',
                        'useacc': True,
                        'usec0': False,
                        'usecmn': False,
                        'usedelta': True,
                        'usehamming': True,
                        'usepower': True,
                        'zmeansource': True},
               'power': { 'adaptation_frames': 30, 'threshold': 70, 'threshold_multiplier': 1.0},
               'speech_buffer_frames': 20,
               'type': 'gmm'},
      'VoipHub': { 'blacklist_for': 7200,
                   'call_db': '/home/jurcicek/vystadial-git/alex/applications/AlexOnTheBus/call_db.pckl',
                   'hard_time_limit': 360,
                   'hard_turn_limit': 40,
                   'history_length': 1000,
                   'last_period_max_num_calls': 100,
                   'last_period_max_total_time': 7200,
                   'limit_reached_message': u'D\u011bkujeme za zavol\xe1n\xed, ale u\u017e jste volali hodn\u011b. Pros\xedm zavolejte pozd\u011bji. Na shledanou.',
                   'period': 172800,
                   'pid_file': '/home/jurcicek/vystadial-git/alex/applications/vhub.pid',
                   'wait_time_before_calling_back': 10},
      'VoipIO': { 'allowed_hosts': '',
                  'allowed_phone_numbers': '(^[234567])',
                  'allowed_users': '(^[234567])',
                  'debug': True,
                  'domain': 'external.sip.mff.cuni.cz:5066',
                  'forbidden_hosts': '',
                  'forbidden_phone_number': '(^112$|^150$|^155$|^156$|^158$)',
                  'forbidden_users': '(^112$|^150$|^155$|^156$|^158$)',
    # this line was removed since it included a password
                  'pjsip_log_level': 3,
                  'reject_calls': False,
                  'user': 'DEV-9889'},
      'WebHub': { 'port': 8000},
      'corpustools': { 'get_jasr_confnets': { 'frame_size': 256, 'rt_ratio': 0.2}}}

2013-07-04-09-28-32.051677-COT  MainProcess : INFO       
    #2      Time: 2013-07-04-09-28-31.998504-COT From: VoipIO     To: HUB        Command: call_connecting(remote_uri="anonymous") 

2013-07-04-09-28-32.465006-COT  VoipIO-1   : DEBUG      
    CallCallback::on_state : Call with "Anonymous" <sip:anonymous@195.113.20.69> is CONFIRMED last code = 200 (OK)

2013-07-04-09-28-32.474390-COT  VoipIO-1   : DEBUG      
    VoipIO::on_call_confirmed

2013-07-04-09-28-32.475542-COT  MainProcess : INFO       
    #3      Time: 2013-07-04-09-28-32.474574-COT From: VoipIO     To: HUB        Command: call_confirmed(remote_uri="anonymous") 

2013-07-04-09-28-32.478710-COT  MainProcess : INFO       
    
    ========================================================================================================================
    Incoming call from :          anonymous
    ------------------------------------------------------------------------------------------------------------------------
    Total calls:                  2
    Total time (min):             4.6
    Last period total calls:      2
    Last period total time (min): 4.6
    ------------------------------------------------------------------------------------------------------------------------
    CALL ACCEPTED
    ========================================================================================================================
    

2013-07-04-09-28-32.480685-COT  DM-5       : DEBUG      
    #4      Time: 2013-07-04-09-28-32.476414-COT From: HUB        To: DM         Command: new_dialogue() 

2013-07-04-09-28-32.484037-COT  DM-5       : DEBUG      
    DM Output
    ------------------------------------------------------------
    hello()
    

2013-07-04-09-28-32.495957-COT  MainProcess : INFO       
    #5      Time: 2013-07-04-09-28-32.493864-COT From: DM         To: HUB        Hyp: hello() 

2013-07-04-09-28-32.502719-COT  NLG-6      : DEBUG      
    #6      Time: 2013-07-04-09-28-32.496806-COT From: DM         To: HUB        Hyp: hello() 

2013-07-04-09-28-32.504107-COT  NLG-6      : DEBUG      
    NLG Output
    ------------------------------------------------------------
    Dobrý den. Tato experimentální služba je poskytována laboratoří výzkumu hlasových dialogových systémů na Ústavu Formální a Aplikované Lingvistiky na Karlově Univerzitě. Hovor je nahráván. Více informací o této službě je na internetu. Jak Vám mohu pomoci. Můžete například říct chtěl bych jet ze zastávky Anděl na Zvonařku.
    

2013-07-04-09-28-32.515145-COT  MainProcess : INFO       
    #7      Time: 2013-07-04-09-28-32.511886-COT From: NLG        To: HUB        Command: nlg_text_generated() 

2013-07-04-09-28-32.518187-COT  MainProcess : INFO       
    #9      Time: 2013-07-04-09-28-32.515487-COT From: TTS        To: HUB        Command: tts_start(user_id="None",text="Dobrý den. Tato experimentální služba je poskytována laboratoří výzkumu hlasových dialogových systémů na Ústavu Formální a Aplikované Lingvistiky na Karlově Univerzitě. Hovor je nahráván. Více informací o této službě je na internetu. Jak Vám mohu pomoci. Můžete například říct chtěl bych jet ze zastávky Anděl na Zvonařku.") 

2013-07-04-09-28-32.681002-COT  MainProcess : INFO       
    #11     Time: 2013-07-04-09-28-32.521808-COT From: VoipIO     To: HUB        Command: play_utterance_start(user_id="None",fname="tts-2013-07-04-09-28-32.514533.wav") 

2013-07-04-09-28-32.926872-COT  MainProcess : INFO       
    #1538   Time: 2013-07-04-09-28-32.923521-COT From: TTS        To: HUB        Command: tts_end(user_id="None",text="Dobrý den. Tato experimentální služba je poskytována laboratoří výzkumu hlasových dialogových systémů na Ústavu Formální a Aplikované Lingvistiky na Karlově Univerzitě. Hovor je nahráván. Více informací o této službě je na internetu. Jak Vám mohu pomoci. Můžete například říct chtěl bych jet ze zastávky Anděl na Zvonařku.",fname="tts-2013-07-04-09-28-32.514533.wav",log="true") 

2013-07-04-09-28-35.443609-COT  MainProcess : INFO       
    #1698   Time: 2013-07-04-09-28-35.440674-COT From: VAD        To: HUB        Command: speech_start(fname="vad-2013-07-04-09-28-35.429149.wav") 

2013-07-04-09-28-35.446513-COT  ASR-3      : DEBUG      
    ASR: speech_start()

2013-07-04-09-28-35.448013-COT  MainProcess : INFO       
    #1699   Time: 2013-07-04-09-28-35.444057-COT From: ASR        To: HUB        Command: asr_start() 

2013-07-04-09-28-36.068384-COT  ASR-3      : DEBUG      
    ASR: speech_end()

2013-07-04-09-28-36.070148-COT  MainProcess : INFO       
    #1741   Time: 2013-07-04-09-28-36.066815-COT From: VAD        To: HUB        Command: speech_end(fname="vad-2013-07-04-09-28-35.429149.wav") 

2013-07-04-09-28-36.694103-COT  ASR-3      : DEBUG      
    ASR Hypothesis
    ------------------------------------------------------------
    1.000 __silence__
    0.000 __other__
    

2013-07-04-09-28-36.705544-COT  MainProcess : INFO       
    #1780   Time: 2013-07-04-09-28-36.699249-COT From: ASR        To: HUB        Command: asr_end() 

2013-07-04-09-28-36.706545-COT  SLU-4      : DEBUG      
    SLU Hypothesis
    ------------------------------------------------------------
    1.000 silence()
    

2013-07-04-09-28-36.722639-COT  MainProcess : INFO       
    #1784   Time: 2013-07-04-09-28-36.719549-COT From: SLU        To: HUB        Command: slu_parsed() 

2013-07-04-09-28-36.723880-COT  DM-5       : DEBUG      
    DDDState Dialogue Act in: silence()

2013-07-04-09-28-36.724495-COT  DM-5       : DEBUG      
    Context Resolution - Dialogue Act: silence()

2013-07-04-09-28-36.725357-COT  DM-5       : DEBUG      
    DDDState - Dialogue state content:
    
    ludait = silence
    silence_time = 0.0
    
    
    
    

2013-07-04-09-28-36.726433-COT  DM-5       : DEBUG      
    DDDState
    
    Requested slots:
    {}
    Confirmed slots:
    {}
    Non-informed slots:
    {u'silence_time': 0.0}

2013-07-04-09-28-36.727353-COT  DM-5       : DEBUG      
    DM Output
    ------------------------------------------------------------
    silence()
    

2013-07-04-09-28-36.738899-COT  MainProcess : INFO       
    #1786   Time: 2013-07-04-09-28-36.736532-COT From: DM         To: HUB        Hyp: silence() 

2013-07-04-09-28-50.664775-COT  MainProcess : INFO       
    #2660   Time: 2013-07-04-09-28-50.661845-COT From: VAD        To: HUB        Command: speech_start(fname="vad-2013-07-04-09-28-50.655179.wav") 

2013-07-04-09-28-50.669389-COT  ASR-3      : DEBUG      
    ASR: speech_start()

2013-07-04-09-28-50.670818-COT  MainProcess : INFO       
    #2661   Time: 2013-07-04-09-28-50.663003-COT From: ASR        To: HUB        Command: asr_start() 

2013-07-04-09-28-51.310921-COT  ASR-3      : DEBUG      
    ASR: speech_end()

2013-07-04-09-28-51.312706-COT  MainProcess : INFO       
    #2703   Time: 2013-07-04-09-28-51.308269-COT From: VAD        To: HUB        Command: speech_end(fname="vad-2013-07-04-09-28-50.655179.wav") 

2013-07-04-09-28-52.061292-COT  ASR-3      : DEBUG      
    ASR Hypothesis
    ------------------------------------------------------------
    0.715 dobrý den
    0.114 dušan
    0.085 zrušen
    0.057 dobry den
    0.028 tučňák
    0.000 __other__
    

2013-07-04-09-28-52.067116-COT  MainProcess : INFO       
    #2752   Time: 2013-07-04-09-28-52.065619-COT From: ASR        To: HUB        Command: asr_end() 

2013-07-04-09-28-52.738421-COT  SLU-4      : DEBUG      
    SLU Hypothesis
    ------------------------------------------------------------
    0.715 hello()
    0.285 other()
    

2013-07-04-09-28-52.770669-COT  DM-5       : DEBUG      
    DDDState Dialogue Act in: hello()

2013-07-04-09-28-52.771506-COT  DM-5       : DEBUG      
    Context Resolution - Dialogue Act: hello()

2013-07-04-09-28-52.773374-COT  DM-5       : DEBUG      
    DDDState - Dialogue state content:
    
    ludait = hello
    silence_time = 0.0
    
    
    
    

2013-07-04-09-28-52.774527-COT  MainProcess : INFO       
    #2797   Time: 2013-07-04-09-28-52.767974-COT From: SLU        To: HUB        Command: slu_parsed() 

2013-07-04-09-28-52.776667-COT  DM-5       : DEBUG      
    DDDState
    
    Requested slots:
    {}
    Confirmed slots:
    {}
    Non-informed slots:
    {u'silence_time': 0.0}

2013-07-04-09-28-52.779803-COT  DM-5       : DEBUG      
    DM Output
    ------------------------------------------------------------
    confirm(to_centre="true")
    

2013-07-04-09-28-52.796285-COT  MainProcess : INFO       
    #2800   Time: 2013-07-04-09-28-52.793661-COT From: DM         To: HUB        Hyp: confirm(to_centre="true") 

2013-07-04-09-28-52.810747-COT  NLG-6      : DEBUG      
    #2801   Time: 2013-07-04-09-28-52.809097-COT From: HUB        To: NLG        Command: flush() 

2013-07-04-09-28-52.812329-COT  MainProcess : INFO       
    #2803   Time: 2013-07-04-09-28-52.811106-COT From: NLG        To: HUB        Command: flushed() 

2013-07-04-09-28-52.814158-COT  TTS-7      : DEBUG      
    #2804   Time: 2013-07-04-09-28-52.812512-COT From: HUB        To: TTS        Command: flush() 

2013-07-04-09-28-52.815092-COT  NLG-6      : DEBUG      
    #2802   Time: 2013-07-04-09-28-52.809264-COT From: DM         To: HUB        Hyp: confirm(to_centre="true") 

2013-07-04-09-28-52.815696-COT  NLG-6      : DEBUG      
    NLG Output
    ------------------------------------------------------------
    Jedete do centra?
    

2013-07-04-09-28-52.826345-COT  MainProcess : INFO       
    #2805   Time: 2013-07-04-09-28-52.814423-COT From: TTS        To: HUB        Command: flushed() 

2013-07-04-09-28-52.827969-COT  VoipIO-1   : DEBUG      
    #2807   Time: 2013-07-04-09-28-52.826541-COT From: HUB        To: VIO        Command: flush_out() 

2013-07-04-09-28-52.829591-COT  MainProcess : INFO       
    #2810   Time: 2013-07-04-09-28-52.828221-COT From: VoipIO     To: HUB        Command: flushed_out() 

2013-07-04-09-28-52.831391-COT  MainProcess : INFO       
    #2808   Time: 2013-07-04-09-28-52.826879-COT From: NLG        To: HUB        Command: nlg_text_generated() 

2013-07-04-09-28-52.832452-COT  MainProcess : INFO       
    #2812   Time: 2013-07-04-09-28-52.828452-COT From: TTS        To: HUB        Command: tts_start(user_id="None",text="Jedete do centra?") 

2013-07-04-09-28-52.865188-COT  MainProcess : INFO       
    #2814   Time: 2013-07-04-09-28-52.835337-COT From: VoipIO     To: HUB        Command: play_utterance_start(user_id="None",fname="tts-2013-07-04-09-28-52.827498.wav") 

2013-07-04-09-28-52.865812-COT  MainProcess : INFO       
    #2908   Time: 2013-07-04-09-28-52.859048-COT From: TTS        To: HUB        Command: tts_end(user_id="None",text="Jedete do centra?",fname="tts-2013-07-04-09-28-52.827498.wav",log="true") 

2013-07-04-09-28-54.313332-COT  MainProcess : INFO       
    #2977   Time: 2013-07-04-09-28-53.928852-COT From: VoipIO     To: HUB        Command: play_utterance_end(user_id="None",fname="tts-2013-07-04-09-28-52.827498.wav) 

2013-07-04-09-28-55.538469-COT  ASR-3      : DEBUG      
    ASR: speech_start()

2013-07-04-09-28-55.540144-COT  MainProcess : INFO       
    #3079   Time: 2013-07-04-09-28-55.535735-COT From: VAD        To: HUB        Command: speech_start(fname="vad-2013-07-04-09-28-55.524310.wav") 

2013-07-04-09-28-55.542772-COT  MainProcess : INFO       
    #3080   Time: 2013-07-04-09-28-55.537375-COT From: ASR        To: HUB        Command: asr_start() 

2013-07-04-09-29-29.262210-COT  ASR-3      : DEBUG      
    ASR: speech_end()

2013-07-04-09-29-29.264562-COT  MainProcess : INFO       
    #5190   Time: 2013-07-04-09-29-29.259728-COT From: VAD        To: HUB        Command: speech_end(fname="vad-2013-07-04-09-28-55.524310.wav") 

2013-07-04-09-29-30.413524-COT  MainProcess : INFO       
    #5264   Time: 2013-07-04-09-29-30.409882-COT From: VAD        To: HUB        Command: speech_start(fname="vad-2013-07-04-09-29-30.397217.wav") 

2013-07-04-09-29-32.073193-COT  MainProcess : INFO       
    #5370   Time: 2013-07-04-09-29-32.069002-COT From: VAD        To: HUB        Command: speech_end(fname="vad-2013-07-04-09-29-30.397217.wav") 

2013-07-04-09-29-32.662523-COT  MainProcess : INFO       
    #5408   Time: 2013-07-04-09-29-32.658806-COT From: VAD        To: HUB        Command: speech_start(fname="vad-2013-07-04-09-29-32.647770.wav") 

2013-07-04-09-29-39.824177-COT  TTS-7      : EXCEPTION  
    Uncaught exception in the TTS process.
    Traceback (most recent call last):
      File "/home/jurcicek/vystadial-git/alex/components/hub/tts.py", line 180, in run
        time.sleep(self.cfg['Hub']['main_loop_sleep_time'])
    KeyboardInterrupt
    

2013-07-04-09-29-39.960163-COT  VAD-2      : EXCEPTION  
    Uncaught exception in the VAD process.
    Traceback (most recent call last):
      File "/home/jurcicek/vystadial-git/alex/components/hub/vad.py", line 266, in run
        self.read_write_audio()
      File "/home/jurcicek/vystadial-git/alex/components/hub/vad.py", line 216, in read_write_audio
        self.audio_out.send(data_rec)
    KeyboardInterrupt
    

2013-07-04-09-29-40.000484-COT  ASR-3      : EXCEPTION  
    Uncaught exception in ASR process.
    Traceback (most recent call last):
      File "/home/jurcicek/vystadial-git/alex/components/hub/asr.py", line 220, in run
        self.read_audio_write_asr_hypotheses()
      File "/home/jurcicek/vystadial-git/alex/components/hub/asr.py", line 162, in read_audio_write_asr_hypotheses
        asr_hyp = self.asr.hyp_out()
      File "/home/jurcicek/vystadial-git/alex/components/asr/google.py", line 128, in hyp_out
        nblist = self.recognize(wav)
      File "/home/jurcicek/vystadial-git/alex/components/asr/google.py", line 72, in recognize
        json_hypotheses = self.get_asr_hypotheses(flac_file_name)
      File "/home/jurcicek/vystadial-git/alex/components/asr/google.py", line 51, in get_asr_hypotheses
        json_hypotheses = urllib2.urlopen(request).read()
      File "/usr/lib/python2.7/urllib2.py", line 126, in urlopen
        return _opener.open(url, data, timeout)
      File "/usr/lib/python2.7/urllib2.py", line 400, in open
        response = self._open(req, data)
      File "/usr/lib/python2.7/urllib2.py", line 418, in _open
        '_open', req)
      File "/usr/lib/python2.7/urllib2.py", line 378, in _call_chain
        result = func(*args)
      File "/usr/lib/python2.7/urllib2.py", line 1207, in http_open
        return self.do_open(httplib.HTTPConnection, req)
      File "/usr/lib/python2.7/urllib2.py", line 1180, in do_open
        r = h.getresponse(buffering=True)
      File "/usr/lib/python2.7/httplib.py", line 1030, in getresponse
        response.begin()
      File "/usr/lib/python2.7/httplib.py", line 407, in begin
        version, status, reason = self._read_status()
      File "/usr/lib/python2.7/httplib.py", line 365, in _read_status
        line = self.fp.readline()
      File "/usr/lib/python2.7/socket.py", line 447, in readline
        data = self._sock.recv(self._rbufsize)
    KeyboardInterrupt
    

2013-07-04-09-29-40.010383-COT  SLU-4      : EXCEPTION  
    Uncaught exception in SLU process.
    Traceback (most recent call last):
      File "/home/jurcicek/vystadial-git/alex/components/hub/slu.py", line 137, in run
        time.sleep(self.cfg['Hub']['main_loop_sleep_time'])
    KeyboardInterrupt
    

2013-07-04-09-29-40.011277-COT  MainProcess : EXCEPTION  
    Uncaught exception in VHUB process.
    Traceback (most recent call last):
      File "./vhub.py", line 122, in run
        time.sleep(self.cfg['Hub']['main_loop_sleep_time'])
    KeyboardInterrupt
    

2013-07-04-09-29-40.014243-COT  NLG-6      : EXCEPTION  
    Uncaught exception in NLG process.
    Traceback (most recent call last):
      File "/home/jurcicek/vystadial-git/alex/components/hub/nlg.py", line 123, in run
        time.sleep(self.cfg['Hub']['main_loop_sleep_time'])
    KeyboardInterrupt
    

2013-07-04-09-29-40.016320-COT  DM-5       : EXCEPTION  
    Uncaught exception in the DM process.
    Traceback (most recent call last):
      File "/home/jurcicek/vystadial-git/alex/components/hub/dm.py", line 176, in run
        time.sleep(self.cfg['Hub']['main_loop_sleep_time'])
    KeyboardInterrupt
    

2013-07-04-09-29-40.783289-COT  VoipIO-1   : DEBUG      
    CallCallback::on_state : Call with "Anonymous" <sip:anonymous@195.113.20.69> is DISCONNCTD last code = 200 (Normal call clearing)

