2013-07-12-14-11-04.825319-CEST  VoipIO-1   : DEBUG      
    CallCallback::on_state : Call with "776577617" <sip:776577617@195.113.20.160> is CONNECTING last code = 200 (OK)

2013-07-12-14-11-04.830230-CEST  VoipIO-1   : DEBUG      
    VoipIO::on_call_connecting

2013-07-12-14-11-04.835809-CEST  VoipIO-1   : DEBUG      
    CallCallback::on_state : Call with "776577617" <sip:776577617@195.113.20.160> is CONFIRMED last code = 200 (OK)

2013-07-12-14-11-04.856873-CEST  MainProcess : SYSTEM-LOG 
    config = { 'ASR': { 'Google': { 'debug': False, 'language': 'cs', 'maxresults': 20},
               'Julius': { 'adinnetport': 5530,
                           'binary': '/usr/local/bin/julius',
                           'debug': False,
                           'hostname': 'localhost',
                           'jconf': { '-adport': '5530',
                                      '-b': '1000',
                                      '-b2': '100',
                                      '-cmnload': 'cmn.param',
                                      '-cmnmapweight': '200',
                                      '-cmnsave': 'cmn.param',
                                      '-confnet': '',
                                      '-fallback1pass': '',
                                      '-gprune': 'safe',
                                      '-h': '/mnt/h/jurcicek/vystadial-git/alex/resources/asr/voip_en/hmmdefs',
                                      '-hlist': '/mnt/h/jurcicek/vystadial-git/alex/resources/asr/voip_en/tiedlist',
                                      '-htkconf': '/mnt/h/jurcicek/vystadial-git/alex/resources/asr/voip_en/config',
                                      '-input': 'adinnet',
                                      '-iwsp': '',
                                      '-iwsppenalty': '0.0',
                                      '-lmp': '15.0 0.0',
                                      '-lmp2': '15.0 0.0',
                                      '-mapunk': 'UM',
                                      '-module': '10500',
                                      '-n': '50',
                                      '-nlr': '/mnt/h/jurcicek/vystadial-git/alex/resources/lm/caminfo/julius_arpa_bigram',
                                      '-no_ccd': '',
                                      '-nrl': '/mnt/h/jurcicek/vystadial-git/alex/resources/lm/caminfo/julius_arpa_rev_bigram',
                                      '-silhead': '<s>',
                                      '-siltail': '</s>',
                                      '-spmodel': 'sp',
                                      '-tmix': '4',
                                      '-v': '/mnt/h/jurcicek/vystadial-git/alex/resources/lm/caminfo/julius_dict'},
                           'jconffile': 'julius.jconf',
                           'killall': False,
                           'logfile': 'julius.log',
                           'msg_timeout': 0.3,
                           'pidfile': 'julius.pid',
                           'reuse_server': False,
                           'serverport': 10500,
                           'start_max_wait_time': 15,
                           'start_wait_time': 0.5,
                           'timeout': 2.0},
               'Kaldi': { 'LM_scale': -6666.66,
                          'hypothesis_type': 'nblist',
                          'lat_depth': 666666,
                          'model': 'TODO_path_to_model'},
               'debug': True,
               'type': 'Google'},
      'AlexOnTheBus': { 'max_turns': 120},
      'Analytics': Analytics(account_id='UA-41905278-1', domain_name='cuni.cz'),
      'Audio': { 'sample_rate': 16000, 'samples_per_frame': 256},
      'AudioIO': { 'debug': True, 'output_dir': './aio_call_log', 'play_buffer_size': 1024},
      'DM': { 'PUfalRuleDM': { 'code_submit_url': None,
                               'db_cfg': '/mnt/h/jurcicek/vystadial-git/alex/resources/../applications/CamInfoRest/cued_data/CIRdbase_V7_noloc.txt',
                               'ontology': '/mnt/h/jurcicek/vystadial-git/alex/resources/../applications/CamInfoRest/ontology.cfg',
                               'provide_code': False},
              'UfalRuleDM': { 'code_submit_url': None,
                              'db_cfg': '/mnt/h/jurcicek/vystadial-git/alex/resources/../applications/CamInfoRest/cued_data/CIRdbase_V7_noloc.txt',
                              'ontology': '/mnt/h/jurcicek/vystadial-git/alex/resources/../applications/CamInfoRest/ontology.cfg',
                              'provide_code': False},
              'basic': { 'debug': True, 'silence_timeout': 10.0},
              'debug': True,
              'dialogue_policy': { 'type': <class 'alex.applications.AlexOnTheBus.aotb_hdc_policy.AOTBHDCPolicy'>},
              'dialogue_state': { 'type': <class 'alex.components.dm.dddstate.DeterministicDiscriminativeDialogueState'>},
              'input_timeout': 3.0,
              'ontology': '/mnt/h/jurcicek/vystadial-git/alex/applications/AlexOnTheBus/data/ontology.py',
              'type': 'basic'},
      'General': { 'debug': False, 'include': ['/mnt/h/jurcicek/vystadial-git/alex/resources/private/default.cfg']},
      'Hub': { 'history_file': 'hub_history_hub.txt', 'history_length': 1000, 'main_loop_sleep_time': 0.002},
      'Logging': { 'excepthook': ExceptionHook(
            ExceptionHook
              Hook Type: log
              Hook Logger: SystemLogger(output_dir=./call_logs, stdout_log_level='DEBUG', stdout=True, file_log_level='DEBUG')),
                   'session_logger': SessionLogger(),
                   'system_logger': SystemLogger(output_dir=/net/projects/vystadial/data/call-logs/2013-05-30-alex-aotb-prototype/new, stdout_log_level='DEBUG', stdout=True, file_log_level='DEBUG'),
                   'system_name': u'Alex On The Bus - Live',
                   'version': u'1.0'},
      'NLG': { 'Template': { 'model': '/mnt/h/jurcicek/vystadial-git/alex/applications/AlexOnTheBus/nlg_templates.cfg'},
               'debug': True,
               'type': 'Template'},
      'SHub': { 'history_file': 'hub_history_shub.txt', 'history_length': 1000},
      'SLU': { 'cl-tracing': { 'cldb_fname': '/mnt/h/jurcicek/vystadial-git/alex/applications/CamInfoRest/data/database.py',
                               'do_preprocessing': True,
                               'features_type': ('ngram', 'ab_ngram'),
                               'testing': { 'max_examples': None,
                                            'min_perc': 80,
                                            'model_fname': '/mnt/h/jurcicek/vystadial-git/alex/applications/CamInfoRest/models/130516_minf60-minfc35-mind60.slu_model.gz',
                                            'renormalise': True,
                                            'threshold': None,
                                            'vanilla': True},
                               'training': { 'abstractions': ('abstract',), 'models_dir': 'models'}},
               'debug': True,
               'type': <class 'alex.applications.AlexOnTheBus.aotb_slu.AOTBSLU'>,
               <class 'alex.applications.AlexOnTheBus.aotb_slu.AOTBSLU'>: { 'cldb_fname': '/mnt/h/jurcicek/vystadial-git/alex/applications/AlexOnTheBus/data/database.py',
                                                                            'preprocessing_cls': <class 'alex.applications.AlexOnTheBus.aotb_preprocessing.AOTBSLUPreprocessing'>,
                                                                            'training': { 'models_dir': 'models'}}},
      'THub': { 'history_file': 'hub_history_thub.txt', 'history_length': 1000},
      'TTS': { 'Flite': { 'debug': False,
                          'preprocessing': '/mnt/h/jurcicek/vystadial-git/alex/resources/tts/prep_flite_en.cfg',
                          'voice': 'kal16'},
               'Google': { 'debug': False,
                           'language': 'en',
                           'preprocessing': '/mnt/h/jurcicek/vystadial-git/alex/resources/tts/prep_google_en.cfg'},
               'SpeechTech': { 'debug': True,
                               'login': 'filipjurcicek',
    # this line was removed since it included a password
                               'preprocessing': '/mnt/h/jurcicek/vystadial-git/alex/resources/tts/prep_speechtech_cs.cfg',
                               'voice': 'Iva210'},
               'VoiceRSS': { 'api_key': '3b6a9fca5d724b1c8ac34691586cdda1'},
               'VoiceRss': { 'language': 'en-gb',
                             'preprocessing': '/mnt/h/jurcicek/vystadial-git/alex/resources/tts/prep_voicerss_en.cfg'},
               'debug': True,
               'in_between_segments_silence': 0.1,
               'type': 'SpeechTech'},
      'VAD': { 'debug': False,
               'decision_frames_sil': 25,
               'decision_frames_speech': 10,
               'decision_non_speech_threshold': 0.2,
               'decision_speech_threshold': 0.7,
               'gmm': { 'ceplifter': 22,
                        'enormalise': True,
                        'filter_length': 5,
                        'frameshift': 160,
                        'framesize': 512,
                        'frontend': 'MFCC',
                        'hifreq': 3800,
                        'lofreq': 125,
                        'numceps': 12,
                        'numchans': 26,
                        'preemcoef': 0.97,
                        'sil_model': '/mnt/h/jurcicek/vystadial-git/alex/resources/vad/voip_en/vad_sil_sds_mfcc_m064_f100000.gmm',
                        'speech_model': '/mnt/h/jurcicek/vystadial-git/alex/resources/vad/voip_en/vad_speech_sds_mfcc_m064_f100000.gmm',
                        'useacc': True,
                        'usec0': False,
                        'usecmn': False,
                        'usedelta': True,
                        'usehamming': True,
                        'usepower': True,
                        'zmeansource': True},
               'power': { 'adaptation_frames': 30, 'threshold': 70, 'threshold_multiplier': 1.0},
               'speech_buffer_frames': 20,
               'type': 'gmm'},
      'VoipHub': { 'blacklist_for': 7200,
                   'call_db': u'/net/projects/vystadial/data/call-logs/2013-05-30-alex-aotb-prototype/new/call_db.pckl',
                   'hard_time_limit': 360,
                   'hard_turn_limit': 120,
                   'history_length': 1000,
                   'last_period_max_num_calls': 20,
                   'last_period_max_total_time': 1800,
                   'limit_reached_message': u'D\u011bkujeme za zavol\xe1n\xed, ale u\u017e jste volali hodn\u011b. Pros\xedm zavolejte pozd\u011bji. Na shledanou.',
                   'period': 172800,
                   'pid_file': u'/net/projects/vystadial/data/call-logs/2013-05-30-alex-aotb-prototype/new/vhub_live.pid',
                   'wait_time_before_calling_back': 10},
      'VoipIO': { 'allowed_hosts': '',
                  'allowed_phone_numbers': '(^[234567])',
                  'allowed_users': '(^[234567])',
                  'debug': True,
                  'domain': 'vystadial.ms.mff.cuni.cz',
                  'forbidden_hosts': '',
                  'forbidden_phone_number': '(^112$|^150$|^155$|^156$|^158$)',
                  'forbidden_users': '(^112$|^150$|^155$|^156$|^158$)',
    # this line was removed since it included a password
                  'pjsip_log_level': 3,
                  'reject_calls': False,
                  'user': '800899998'},
      'WebHub': { 'port': 8000},
      'corpustools': { 'get_jasr_confnets': { 'frame_size': 256, 'rt_ratio': 0.2}}}

2013-07-12-14-11-04.878205-CEST  VoipIO-1   : DEBUG      
    VoipIO::on_call_confirmed

2013-07-12-14-11-04.923899-CEST  MainProcess : INFO       
    #376442 Time: 2013-07-12-14-11-04.831766-CEST From: VoipIO     To: HUB        Command: call_connecting(remote_uri="776577617") 

2013-07-12-14-11-04.932110-CEST  MainProcess : INFO       
    #376443 Time: 2013-07-12-14-11-04.879730-CEST From: VoipIO     To: HUB        Command: call_confirmed(remote_uri="776577617") 

2013-07-12-14-11-04.939814-CEST  MainProcess : INFO       
    
    ========================================================================================================================
    Incoming call from :          776577617
    ------------------------------------------------------------------------------------------------------------------------
    Total calls:                  4
    Total time (min):             16.7
    Last period total calls:      4
    Last period total time (min): 16.7
    ------------------------------------------------------------------------------------------------------------------------
    CALL ACCEPTED
    ========================================================================================================================
    

2013-07-12-14-11-04.944700-CEST  DM-5       : DEBUG      
    #376445 Time: 2013-07-12-14-11-04.936381-CEST From: HUB        To: DM         Command: new_dialogue() 

2013-07-12-14-11-04.961742-CEST  DM-5       : DEBUG      
    DM Output
    ------------------------------------------------------------
    hello()
    

2013-07-12-14-11-04.975454-CEST  MainProcess : INFO       
    #376446 Time: 2013-07-12-14-11-04.970329-CEST From: DM         To: HUB        DA: hello() 

2013-07-12-14-11-04.983655-CEST  NLG-6      : DEBUG      
    #376448 Time: 2013-07-12-14-11-04.979065-CEST From: HUB        To: NLG        DA: hello() 

2013-07-12-14-11-04.988141-CEST  NLG-6      : DEBUG      
    NLG Output
    ------------------------------------------------------------
    Dobrý den, dovolali jste se na informace o veřejné dopravě v Praze. Tato experimentální služba je poskytována laboratoří výzkumu hlasových dialogových systémů na Ústavu Formální a Aplikované Lingvistiky na Karlově Univerzitě. Hovor je nahráván. Více informací o této službě je na internetu. Jak Vám mohu pomoci. Můžete například říct chtěl bych jet z Malostranského náměstí .
    

2013-07-12-14-11-05.001998-CEST  MainProcess : INFO       
    #376449 Time: 2013-07-12-14-11-04.996536-CEST From: NLG        To: HUB        Command: nlg_text_generated() 

2013-07-12-14-11-05.007215-CEST  MainProcess : INFO       
    #376451 Time: 2013-07-12-14-11-04.997388-CEST From: TTS        To: HUB        Command: tts_start(user_id="None",text="Dobrý den, dovolali jste se na informace o veřejné dopravě v Praze. Tato experimentální služba je poskytována laboratoří výzkumu hlasových dialogových systémů na Ústavu Formální a Aplikované Lingvistiky na Karlově Univerzitě. Hovor je nahráván. Více informací o této službě je na internetu. Jak Vám mohu pomoci. Můžete například říct chtěl bych jet z Malostranského náměstí .") 

2013-07-12-14-11-05.071343-CEST  MainProcess : INFO       
    #376454 Time: 2013-07-12-14-11-05.016869-CEST From: VoipIO     To: HUB        Command: play_utterance_start(user_id="None",fname="tts-2013-07-12-14-11-04.997163.wav") 

2013-07-12-14-11-05.656146-CEST  MainProcess : INFO       
    #378197 Time: 2013-07-12-14-11-05.638319-CEST From: TTS        To: HUB        Command: tts_end(user_id="None",text="Dobrý den, dovolali jste se na informace o veřejné dopravě v Praze. Tato experimentální služba je poskytována laboratoří výzkumu hlasových dialogových systémů na Ústavu Formální a Aplikované Lingvistiky na Karlově Univerzitě. Hovor je nahráván. Více informací o této službě je na internetu. Jak Vám mohu pomoci. Můžete například říct chtěl bych jet z Malostranského náměstí .",fname="tts-2013-07-12-14-11-04.997163.wav",log="true") 

2013-07-12-14-11-07.807879-CEST  MainProcess : INFO       
    #378284 Time: 2013-07-12-14-11-07.804505-CEST From: VAD        To: HUB        Command: speech_start(fname="vad-2013-07-12-14-11-07.792396.wav") 

2013-07-12-14-11-07.811641-CEST  ASR-3      : DEBUG      
    ASR: speech_start(fname="vad-2013-07-12-14-11-07.792396.wav")

2013-07-12-14-11-07.815589-CEST  MainProcess : INFO       
    #378285 Time: 2013-07-12-14-11-07.805063-CEST From: ASR        To: HUB        Command: asr_start(fname="vad-2013-07-12-14-11-07.792396.wav") 

2013-07-12-14-11-09.708221-CEST  MainProcess : INFO       
    #378366 Time: 2013-07-12-14-11-09.703705-CEST From: VAD        To: HUB        Command: speech_end(fname="vad-2013-07-12-14-11-07.792396.wav") 

2013-07-12-14-11-09.712254-CEST  ASR-3      : DEBUG      
    ASR: speech_end(fname="vad-2013-07-12-14-11-07.792396.wav")

2013-07-12-14-11-10.194432-CEST  ASR-3      : DEBUG      
    ASR Hypothesis
    ------------------------------------------------------------
    1.000 __silence__
    0.000 __other__
    

2013-07-12-14-11-10.207378-CEST  SLU-4      : DEBUG      
    SLU Hypothesis
    ------------------------------------------------------------
    1.000 silence()
    

2013-07-12-14-11-10.211814-CEST  MainProcess : INFO       
    #378386 Time: 2013-07-12-14-11-10.202457-CEST From: ASR        To: HUB        Command: asr_end(fname="vad-2013-07-12-14-11-07.792396.wav") 

2013-07-12-14-11-10.222252-CEST  DM-5       : DEBUG      
    DDDState Dialogue Act in: silence()

2013-07-12-14-11-10.226278-CEST  MainProcess : INFO       
    #378388 Time: 2013-07-12-14-11-10.217148-CEST From: SLU        To: HUB        Command: slu_parsed(fname="vad-2013-07-12-14-11-07.792396.wav") 

2013-07-12-14-11-10.230249-CEST  DM-5       : DEBUG      
    Context Resolution - Dialogue Act: silence()

2013-07-12-14-11-10.234236-CEST  DM-5       : DEBUG      
    DDDState - Dialogue state content:
    
    ludait = silence
    silence_time = 0.0
    
    
    
    

2013-07-12-14-11-10.238255-CEST  DM-5       : DEBUG      
    DDDState - Dialogue state update
    
    Requested slots:
    {}
    Confirmed slots:
    {}
    Non-informed slots:
    {u'silence_time': 0.0}

2013-07-12-14-11-10.257064-CEST  DM-5       : DEBUG      
    DM Output
    ------------------------------------------------------------
    silence()
    

2013-07-12-14-11-10.270409-CEST  MainProcess : INFO       
    #378392 Time: 2013-07-12-14-11-10.265956-CEST From: DM         To: HUB        DA: silence() 

2013-07-12-14-11-12.453476-CEST  ASR-3      : DEBUG      
    ASR: speech_start(fname="vad-2013-07-12-14-11-12.437059.wav")

2013-07-12-14-11-12.458332-CEST  MainProcess : INFO       
    #378482 Time: 2013-07-12-14-11-12.449535-CEST From: VAD        To: HUB        Command: speech_start(fname="vad-2013-07-12-14-11-12.437059.wav") 

2013-07-12-14-11-12.463687-CEST  MainProcess : INFO       
    #378483 Time: 2013-07-12-14-11-12.450367-CEST From: ASR        To: HUB        Command: asr_start(fname="vad-2013-07-12-14-11-12.437059.wav") 

2013-07-12-14-11-17.419708-CEST  ASR-3      : DEBUG      
    ASR: speech_end(fname="vad-2013-07-12-14-11-12.437059.wav")

2013-07-12-14-11-17.423973-CEST  MainProcess : INFO       
    #378692 Time: 2013-07-12-14-11-17.415559-CEST From: VAD        To: HUB        Command: speech_end(fname="vad-2013-07-12-14-11-12.437059.wav") 

2013-07-12-14-11-17.899615-CEST  ASR-3      : DEBUG      
    ASR Hypothesis
    ------------------------------------------------------------
    1.000 __silence__
    0.000 __other__
    

2013-07-12-14-11-17.912602-CEST  SLU-4      : DEBUG      
    SLU Hypothesis
    ------------------------------------------------------------
    1.000 silence()
    

2013-07-12-14-11-17.916801-CEST  MainProcess : INFO       
    #378715 Time: 2013-07-12-14-11-17.908181-CEST From: ASR        To: HUB        Command: asr_end(fname="vad-2013-07-12-14-11-12.437059.wav") 

2013-07-12-14-11-17.924919-CEST  MainProcess : INFO       
    #378718 Time: 2013-07-12-14-11-17.921656-CEST From: SLU        To: HUB        Command: slu_parsed(fname="vad-2013-07-12-14-11-12.437059.wav") 

2013-07-12-14-11-17.928811-CEST  DM-5       : DEBUG      
    DDDState Dialogue Act in: silence()

2013-07-12-14-11-17.932428-CEST  DM-5       : DEBUG      
    Context Resolution - Dialogue Act: silence()

2013-07-12-14-11-17.935576-CEST  DM-5       : DEBUG      
    DDDState - Dialogue state content:
    
    ludait = silence
    silence_time = 0.0
    
    
    
    

2013-07-12-14-11-17.938744-CEST  DM-5       : DEBUG      
    DDDState - Dialogue state update
    
    Requested slots:
    {}
    Confirmed slots:
    {}
    Non-informed slots:
    {u'silence_time': 0.0}

2013-07-12-14-11-17.955851-CEST  DM-5       : DEBUG      
    DM Output
    ------------------------------------------------------------
    silence()
    

2013-07-12-14-11-17.966923-CEST  MainProcess : INFO       
    #378722 Time: 2013-07-12-14-11-17.963914-CEST From: DM         To: HUB        DA: silence() 

2013-07-12-14-11-28.569709-CEST  ASR-3      : DEBUG      
    ASR: speech_start(fname="vad-2013-07-12-14-11-28.544024.wav")

2013-07-12-14-11-28.574592-CEST  MainProcess : INFO       
    #379213 Time: 2013-07-12-14-11-28.565656-CEST From: VAD        To: HUB        Command: speech_start(fname="vad-2013-07-12-14-11-28.544024.wav") 

2013-07-12-14-11-28.581522-CEST  MainProcess : INFO       
    #379214 Time: 2013-07-12-14-11-28.565787-CEST From: ASR        To: HUB        Command: asr_start(fname="vad-2013-07-12-14-11-28.544024.wav") 

2013-07-12-14-11-29.199460-CEST  MainProcess : INFO       
    #379240 Time: 2013-07-12-14-11-29.195123-CEST From: VAD        To: HUB        Command: speech_end(fname="vad-2013-07-12-14-11-28.544024.wav") 

2013-07-12-14-11-29.203763-CEST  ASR-3      : DEBUG      
    ASR: speech_end(fname="vad-2013-07-12-14-11-28.544024.wav")

2013-07-12-14-11-29.502918-CEST  ASR-3      : DEBUG      
    ASR Hypothesis
    ------------------------------------------------------------
    1.000 __silence__
    0.000 __other__
    

2013-07-12-14-11-29.517160-CEST  MainProcess : INFO       
    #379254 Time: 2013-07-12-14-11-29.513260-CEST From: ASR        To: HUB        Command: asr_end(fname="vad-2013-07-12-14-11-28.544024.wav") 

2013-07-12-14-11-29.520956-CEST  SLU-4      : DEBUG      
    SLU Hypothesis
    ------------------------------------------------------------
    1.000 silence()
    

2013-07-12-14-11-29.536922-CEST  DM-5       : DEBUG      
    DDDState Dialogue Act in: silence()

2013-07-12-14-11-29.541351-CEST  MainProcess : INFO       
    #379257 Time: 2013-07-12-14-11-29.532451-CEST From: SLU        To: HUB        Command: slu_parsed(fname="vad-2013-07-12-14-11-28.544024.wav") 

2013-07-12-14-11-29.545430-CEST  DM-5       : DEBUG      
    Context Resolution - Dialogue Act: silence()

2013-07-12-14-11-29.549648-CEST  DM-5       : DEBUG      
    DDDState - Dialogue state content:
    
    ludait = silence
    silence_time = 0.0
    
    
    
    

2013-07-12-14-11-29.553362-CEST  DM-5       : DEBUG      
    DDDState - Dialogue state update
    
    Requested slots:
    {}
    Confirmed slots:
    {}
    Non-informed slots:
    {u'silence_time': 0.0}

2013-07-12-14-11-29.580646-CEST  DM-5       : DEBUG      
    DM Output
    ------------------------------------------------------------
    silence()
    

2013-07-12-14-11-29.595326-CEST  MainProcess : INFO       
    #379262 Time: 2013-07-12-14-11-29.591613-CEST From: DM         To: HUB        DA: silence() 

2013-07-12-14-11-38.338340-CEST  ASR-3      : DEBUG      
    ASR: speech_start(fname="vad-2013-07-12-14-11-38.315708.wav")

2013-07-12-14-11-38.342126-CEST  MainProcess : INFO       
    #379645 Time: 2013-07-12-14-11-38.333682-CEST From: VAD        To: HUB        Command: speech_start(fname="vad-2013-07-12-14-11-38.315708.wav") 

2013-07-12-14-11-38.347086-CEST  MainProcess : INFO       
    #379646 Time: 2013-07-12-14-11-38.334075-CEST From: ASR        To: HUB        Command: asr_start(fname="vad-2013-07-12-14-11-38.315708.wav") 

2013-07-12-14-11-38.831811-CEST  ASR-3      : DEBUG      
    ASR: speech_end(fname="vad-2013-07-12-14-11-38.315708.wav")

2013-07-12-14-11-38.835347-CEST  MainProcess : INFO       
    #379670 Time: 2013-07-12-14-11-38.828280-CEST From: VAD        To: HUB        Command: speech_end(fname="vad-2013-07-12-14-11-38.315708.wav") 

2013-07-12-14-11-39.096106-CEST  ASR-3      : DEBUG      
    ASR Hypothesis
    ------------------------------------------------------------
    1.000 __silence__
    0.000 __other__
    

2013-07-12-14-11-39.109694-CEST  MainProcess : INFO       
    #379684 Time: 2013-07-12-14-11-39.105830-CEST From: ASR        To: HUB        Command: asr_end(fname="vad-2013-07-12-14-11-38.315708.wav") 

2013-07-12-14-11-39.113100-CEST  SLU-4      : DEBUG      
    SLU Hypothesis
    ------------------------------------------------------------
    1.000 silence()
    

2013-07-12-14-11-39.125825-CEST  MainProcess : INFO       
    #379687 Time: 2013-07-12-14-11-39.122921-CEST From: SLU        To: HUB        Command: slu_parsed(fname="vad-2013-07-12-14-11-38.315708.wav") 

2013-07-12-14-11-39.129584-CEST  DM-5       : DEBUG      
    DDDState Dialogue Act in: silence()

2013-07-12-14-11-39.133142-CEST  DM-5       : DEBUG      
    Context Resolution - Dialogue Act: silence()

2013-07-12-14-11-39.136304-CEST  DM-5       : DEBUG      
    DDDState - Dialogue state content:
    
    ludait = silence
    silence_time = 0.0
    
    
    
    

2013-07-12-14-11-39.139763-CEST  DM-5       : DEBUG      
    DDDState - Dialogue state update
    
    Requested slots:
    {}
    Confirmed slots:
    {}
    Non-informed slots:
    {u'silence_time': 0.0}

2013-07-12-14-11-39.161954-CEST  DM-5       : DEBUG      
    DM Output
    ------------------------------------------------------------
    silence()
    

2013-07-12-14-11-39.175220-CEST  MainProcess : INFO       
    #379691 Time: 2013-07-12-14-11-39.172049-CEST From: DM         To: HUB        DA: silence() 

2013-07-12-14-11-45.210009-CEST  MainProcess : INFO       
    #379966 Time: 2013-07-12-14-11-45.184066-CEST From: VoipIO     To: HUB        Command: play_utterance_end(user_id="None",fname="tts-2013-07-12-14-11-04.997163.wav) 

2013-07-12-14-11-48.216936-CEST  DM-5       : DEBUG      
    #380104 Time: 2013-07-12-14-11-48.212714-CEST From: HUB        To: DM         Command: timeout(silence_time="3.002") 

2013-07-12-14-11-48.220742-CEST  DM-5       : DEBUG      
    DDDState Dialogue Act in: silence(time="3.002")

2013-07-12-14-11-48.224107-CEST  DM-5       : DEBUG      
    Context Resolution - Dialogue Act: silence(time="3.002")

2013-07-12-14-11-48.227701-CEST  DM-5       : DEBUG      
    DDDState - Dialogue state content:
    
    ludait = silence
    silence_time = 3.002
    
    
    
    

2013-07-12-14-11-48.231106-CEST  DM-5       : DEBUG      
    DDDState - Dialogue state update
    
    Requested slots:
    {}
    Confirmed slots:
    {}
    Non-informed slots:
    {u'silence_time': 3.002}

2013-07-12-14-11-48.234585-CEST  DM-5       : DEBUG      
    DM Output
    ------------------------------------------------------------
    silence()
    

2013-07-12-14-11-48.261211-CEST  MainProcess : INFO       
    #380107 Time: 2013-07-12-14-11-48.257707-CEST From: DM         To: HUB        DA: silence() 

2013-07-12-14-11-50.124716-CEST  MainProcess : INFO       
    #380193 Time: 2013-07-12-14-11-50.120211-CEST From: VAD        To: HUB        Command: speech_start(fname="vad-2013-07-12-14-11-50.094429.wav") 

2013-07-12-14-11-50.129079-CEST  ASR-3      : DEBUG      
    ASR: speech_start(fname="vad-2013-07-12-14-11-50.094429.wav")

2013-07-12-14-11-50.133335-CEST  MainProcess : INFO       
    #380194 Time: 2013-07-12-14-11-50.121700-CEST From: ASR        To: HUB        Command: asr_start(fname="vad-2013-07-12-14-11-50.094429.wav") 

2013-07-12-14-11-52.786405-CEST  ASR-3      : DEBUG      
    ASR: speech_end(fname="vad-2013-07-12-14-11-50.094429.wav")

2013-07-12-14-11-52.791322-CEST  MainProcess : INFO       
    #380316 Time: 2013-07-12-14-11-52.783362-CEST From: VAD        To: HUB        Command: speech_end(fname="vad-2013-07-12-14-11-50.094429.wav") 

2013-07-12-14-11-53.119325-CEST  ASR-3      : DEBUG      
    ASR Hypothesis
    ------------------------------------------------------------
    1.000 __silence__
    0.000 __other__
    

2013-07-12-14-11-53.134608-CEST  MainProcess : INFO       
    #380333 Time: 2013-07-12-14-11-53.131265-CEST From: ASR        To: HUB        Command: asr_end(fname="vad-2013-07-12-14-11-50.094429.wav") 

2013-07-12-14-11-53.138301-CEST  SLU-4      : DEBUG      
    SLU Hypothesis
    ------------------------------------------------------------
    1.000 silence()
    

2013-07-12-14-11-53.155362-CEST  MainProcess : INFO       
    #380336 Time: 2013-07-12-14-11-53.152236-CEST From: SLU        To: HUB        Command: slu_parsed(fname="vad-2013-07-12-14-11-50.094429.wav") 

2013-07-12-14-11-53.158691-CEST  DM-5       : DEBUG      
    DDDState Dialogue Act in: silence()

2013-07-12-14-11-53.162173-CEST  DM-5       : DEBUG      
    Context Resolution - Dialogue Act: silence()

2013-07-12-14-11-53.165344-CEST  DM-5       : DEBUG      
    DDDState - Dialogue state content:
    
    ludait = silence
    silence_time = 0.0
    
    
    
    

2013-07-12-14-11-53.168678-CEST  DM-5       : DEBUG      
    DDDState - Dialogue state update
    
    Requested slots:
    {}
    Confirmed slots:
    {}
    Non-informed slots:
    {u'silence_time': 0.0}

2013-07-12-14-11-53.196780-CEST  DM-5       : DEBUG      
    DM Output
    ------------------------------------------------------------
    silence()
    

2013-07-12-14-11-53.213861-CEST  MainProcess : INFO       
    #380341 Time: 2013-07-12-14-11-53.209934-CEST From: DM         To: HUB        DA: silence() 

2013-07-12-14-11-55.798090-CEST  DM-5       : DEBUG      
    #380444 Time: 2013-07-12-14-11-55.794346-CEST From: HUB        To: DM         Command: timeout(silence_time="3.002") 

2013-07-12-14-11-55.801934-CEST  DM-5       : DEBUG      
    DDDState Dialogue Act in: silence(time="3.002")

2013-07-12-14-11-55.805190-CEST  DM-5       : DEBUG      
    Context Resolution - Dialogue Act: silence(time="3.002")

2013-07-12-14-11-55.808748-CEST  DM-5       : DEBUG      
    DDDState - Dialogue state content:
    
    ludait = silence
    silence_time = 3.002
    
    
    
    

2013-07-12-14-11-55.812396-CEST  DM-5       : DEBUG      
    DDDState - Dialogue state update
    
    Requested slots:
    {}
    Confirmed slots:
    {}
    Non-informed slots:
    {u'silence_time': 3.002}

2013-07-12-14-11-55.815918-CEST  DM-5       : DEBUG      
    DM Output
    ------------------------------------------------------------
    silence()
    

2013-07-12-14-11-55.845902-CEST  MainProcess : INFO       
    #380447 Time: 2013-07-12-14-11-55.841613-CEST From: DM         To: HUB        DA: silence() 

2013-07-12-14-11-58.798017-CEST  DM-5       : DEBUG      
    #380585 Time: 2013-07-12-14-11-58.794659-CEST From: HUB        To: DM         Command: timeout(silence_time="6.002") 

2013-07-12-14-11-58.801331-CEST  DM-5       : DEBUG      
    DDDState Dialogue Act in: silence(time="6.002")

2013-07-12-14-11-58.804619-CEST  DM-5       : DEBUG      
    Context Resolution - Dialogue Act: silence(time="6.002")

2013-07-12-14-11-58.808108-CEST  DM-5       : DEBUG      
    DDDState - Dialogue state content:
    
    ludait = silence
    silence_time = 6.002
    
    
    
    

2013-07-12-14-11-58.811475-CEST  DM-5       : DEBUG      
    DDDState - Dialogue state update
    
    Requested slots:
    {}
    Confirmed slots:
    {}
    Non-informed slots:
    {u'silence_time': 6.002}

2013-07-12-14-11-58.814884-CEST  DM-5       : DEBUG      
    DM Output
    ------------------------------------------------------------
    silence()
    

2013-07-12-14-11-58.847808-CEST  MainProcess : INFO       
    #380588 Time: 2013-07-12-14-11-58.843744-CEST From: DM         To: HUB        DA: silence() 

2013-07-12-14-12-01.800420-CEST  DM-5       : DEBUG      
    #380715 Time: 2013-07-12-14-12-01.796042-CEST From: HUB        To: DM         Command: timeout(silence_time="9.003") 

2013-07-12-14-12-01.803822-CEST  DM-5       : DEBUG      
    DDDState Dialogue Act in: silence(time="9.003")

2013-07-12-14-12-01.807117-CEST  DM-5       : DEBUG      
    Context Resolution - Dialogue Act: silence(time="9.003")

2013-07-12-14-12-01.810832-CEST  DM-5       : DEBUG      
    DDDState - Dialogue state content:
    
    ludait = silence
    silence_time = 9.003
    
    
    
    

2013-07-12-14-12-01.814188-CEST  DM-5       : DEBUG      
    DDDState - Dialogue state update
    
    Requested slots:
    {}
    Confirmed slots:
    {}
    Non-informed slots:
    {u'silence_time': 9.003}

2013-07-12-14-12-01.817670-CEST  DM-5       : DEBUG      
    DM Output
    ------------------------------------------------------------
    silence()
    

2013-07-12-14-12-01.848170-CEST  MainProcess : INFO       
    #380718 Time: 2013-07-12-14-12-01.842979-CEST From: DM         To: HUB        DA: silence() 

2013-07-12-14-12-04.803684-CEST  DM-5       : DEBUG      
    #380855 Time: 2013-07-12-14-12-04.797938-CEST From: HUB        To: DM         Command: timeout(silence_time="12.005") 

2013-07-12-14-12-04.808659-CEST  DM-5       : DEBUG      
    DDDState Dialogue Act in: silence(time="12.005")

2013-07-12-14-12-04.812778-CEST  DM-5       : DEBUG      
    Context Resolution - Dialogue Act: silence(time="12.005")

2013-07-12-14-12-04.816143-CEST  DM-5       : DEBUG      
    DDDState - Dialogue state content:
    
    ludait = silence
    silence_time = 12.005
    
    
    
    

2013-07-12-14-12-04.819507-CEST  DM-5       : DEBUG      
    DDDState - Dialogue state update
    
    Requested slots:
    {}
    Confirmed slots:
    {}
    Non-informed slots:
    {u'silence_time': 12.005}

2013-07-12-14-12-04.822668-CEST  DM-5       : DEBUG      
    DM Output
    ------------------------------------------------------------
    inform(silence_timeout="true")
    

2013-07-12-14-12-04.854732-CEST  MainProcess : INFO       
    #380858 Time: 2013-07-12-14-12-04.849614-CEST From: DM         To: HUB        DA: inform(silence_timeout="true") 

2013-07-12-14-12-04.861072-CEST  NLG-6      : DEBUG      
    #380860 Time: 2013-07-12-14-12-04.857014-CEST From: HUB        To: NLG        DA: inform(silence_timeout="true") 

2013-07-12-14-12-04.864405-CEST  NLG-6      : DEBUG      
    NLG Output
    ------------------------------------------------------------
    Haló, slyšíme se?
    

2013-07-12-14-12-04.880588-CEST  MainProcess : INFO       
    #380862 Time: 2013-07-12-14-12-04.877084-CEST From: NLG        To: HUB        Command: nlg_text_generated() 

2013-07-12-14-12-04.883820-CEST  MainProcess : INFO       
    #380864 Time: 2013-07-12-14-12-04.877813-CEST From: TTS        To: HUB        Command: tts_start(user_id="None",text="Haló, slyšíme se?") 

2013-07-12-14-12-04.938424-CEST  MainProcess : INFO       
    #380867 Time: 2013-07-12-14-12-04.898677-CEST From: VoipIO     To: HUB        Command: play_utterance_start(user_id="None",fname="tts-2013-07-12-14-12-04.877692.wav") 

2013-07-12-14-12-04.942481-CEST  MainProcess : INFO       
    #380983 Time: 2013-07-12-14-12-04.934823-CEST From: TTS        To: HUB        Command: tts_end(user_id="None",text="Haló, slyšíme se?",fname="tts-2013-07-12-14-12-04.877692.wav",log="true") 

2013-07-12-14-12-08.062387-CEST  MainProcess : INFO       
    #381098 Time: 2013-07-12-14-12-08.029346-CEST From: VoipIO     To: HUB        Command: play_utterance_end(user_id="None",fname="tts-2013-07-12-14-12-04.877692.wav) 

2013-07-12-14-12-09.371611-CEST  ASR-3      : DEBUG      
    ASR: speech_start(fname="vad-2013-07-12-14-12-09.320299.wav")

2013-07-12-14-12-09.376818-CEST  MainProcess : INFO       
    #381148 Time: 2013-07-12-14-12-09.367156-CEST From: VAD        To: HUB        Command: speech_start(fname="vad-2013-07-12-14-12-09.320299.wav") 

2013-07-12-14-12-09.383866-CEST  MainProcess : INFO       
    #381149 Time: 2013-07-12-14-12-09.367491-CEST From: ASR        To: HUB        Command: asr_start(fname="vad-2013-07-12-14-12-09.320299.wav") 

2013-07-12-14-12-10.206256-CEST  MainProcess : INFO       
    #381183 Time: 2013-07-12-14-12-10.201895-CEST From: VAD        To: HUB        Command: speech_end(fname="vad-2013-07-12-14-12-09.320299.wav") 

2013-07-12-14-12-10.210918-CEST  ASR-3      : DEBUG      
    ASR: speech_end(fname="vad-2013-07-12-14-12-09.320299.wav")

2013-07-12-14-12-10.520833-CEST  ASR-3      : DEBUG      
    ASR Hypothesis
    ------------------------------------------------------------
    1.000 __silence__
    0.000 __other__
    

2013-07-12-14-12-10.544159-CEST  MainProcess : INFO       
    #381197 Time: 2013-07-12-14-12-10.541147-CEST From: ASR        To: HUB        Command: asr_end(fname="vad-2013-07-12-14-12-09.320299.wav") 

2013-07-12-14-12-10.547622-CEST  SLU-4      : DEBUG      
    SLU Hypothesis
    ------------------------------------------------------------
    1.000 silence()
    

2013-07-12-14-12-10.572836-CEST  DM-5       : DEBUG      
    DDDState Dialogue Act in: silence()

2013-07-12-14-12-10.576477-CEST  MainProcess : INFO       
    #381200 Time: 2013-07-12-14-12-10.569384-CEST From: SLU        To: HUB        Command: slu_parsed(fname="vad-2013-07-12-14-12-09.320299.wav") 

2013-07-12-14-12-10.580808-CEST  DM-5       : DEBUG      
    Context Resolution - Dialogue Act: silence()

2013-07-12-14-12-10.584570-CEST  DM-5       : DEBUG      
    DDDState - Dialogue state content:
    
    ludait = silence
    silence_time = 0.0
    
    rh_silence_timeout = system-informed
    
    ch_silence_timeout = system-informed
    
    sh_silence_timeout = system-informed
    

2013-07-12-14-12-10.588286-CEST  DM-5       : DEBUG      
    DDDState - Dialogue state update
    
    Requested slots:
    {}
    Confirmed slots:
    {}
    Non-informed slots:
    {u'silence_time': 0.0}

2013-07-12-14-12-10.627140-CEST  DM-5       : DEBUG      
    DM Output
    ------------------------------------------------------------
    silence()
    

2013-07-12-14-12-10.649095-CEST  MainProcess : INFO       
    #381205 Time: 2013-07-12-14-12-10.644176-CEST From: DM         To: HUB        DA: silence() 

2013-07-12-14-12-10.968668-CEST  MainProcess : INFO       
    #381221 Time: 2013-07-12-14-12-10.964412-CEST From: VAD        To: HUB        Command: speech_start(fname="vad-2013-07-12-14-12-10.935503.wav") 

2013-07-12-14-12-10.973196-CEST  ASR-3      : DEBUG      
    ASR: speech_start(fname="vad-2013-07-12-14-12-10.935503.wav")

2013-07-12-14-12-10.978055-CEST  MainProcess : INFO       
    #381222 Time: 2013-07-12-14-12-10.966279-CEST From: ASR        To: HUB        Command: asr_start(fname="vad-2013-07-12-14-12-10.935503.wav") 

2013-07-12-14-12-14.495457-CEST  ASR-3      : DEBUG      
    ASR: speech_end(fname="vad-2013-07-12-14-12-10.935503.wav")

2013-07-12-14-12-14.499198-CEST  MainProcess : INFO       
    #381383 Time: 2013-07-12-14-12-14.492227-CEST From: VAD        To: HUB        Command: speech_end(fname="vad-2013-07-12-14-12-10.935503.wav") 

2013-07-12-14-12-14.909223-CEST  ASR-3      : DEBUG      
    ASR Hypothesis
    ------------------------------------------------------------
    1.000 __silence__
    0.000 __other__
    

2013-07-12-14-12-14.941638-CEST  MainProcess : INFO       
    #381404 Time: 2013-07-12-14-12-14.937672-CEST From: ASR        To: HUB        Command: asr_end(fname="vad-2013-07-12-14-12-10.935503.wav") 

2013-07-12-14-12-14.945298-CEST  SLU-4      : DEBUG      
    SLU Hypothesis
    ------------------------------------------------------------
    1.000 silence()
    

2013-07-12-14-12-14.964321-CEST  DM-5       : DEBUG      
    DDDState Dialogue Act in: silence()

2013-07-12-14-12-14.968018-CEST  MainProcess : INFO       
    #381407 Time: 2013-07-12-14-12-14.960252-CEST From: SLU        To: HUB        Command: slu_parsed(fname="vad-2013-07-12-14-12-10.935503.wav") 

2013-07-12-14-12-14.972097-CEST  DM-5       : DEBUG      
    Context Resolution - Dialogue Act: silence()

2013-07-12-14-12-14.976468-CEST  DM-5       : DEBUG      
    DDDState - Dialogue state content:
    
    ludait = silence
    silence_time = 0.0
    
    rh_silence_timeout = system-informed
    
    ch_silence_timeout = system-informed
    
    sh_silence_timeout = system-informed
    

2013-07-12-14-12-14.980566-CEST  DM-5       : DEBUG      
    DDDState - Dialogue state update
    
    Requested slots:
    {}
    Confirmed slots:
    {}
    Non-informed slots:
    {u'silence_time': 0.0}

2013-07-12-14-12-15.044778-CEST  DM-5       : DEBUG      
    DM Output
    ------------------------------------------------------------
    silence()
    

2013-07-12-14-12-15.076687-CEST  MainProcess : INFO       
    #381414 Time: 2013-07-12-14-12-15.072740-CEST From: DM         To: HUB        DA: silence() 

2013-07-12-14-12-17.507322-CEST  DM-5       : DEBUG      
    #381525 Time: 2013-07-12-14-12-17.502268-CEST From: HUB        To: DM         Command: timeout(silence_time="3.002") 

2013-07-12-14-12-17.510937-CEST  DM-5       : DEBUG      
    DDDState Dialogue Act in: silence(time="3.002")

2013-07-12-14-12-17.514390-CEST  DM-5       : DEBUG      
    Context Resolution - Dialogue Act: silence(time="3.002")

2013-07-12-14-12-17.517900-CEST  DM-5       : DEBUG      
    DDDState - Dialogue state content:
    
    ludait = silence
    silence_time = 3.002
    
    rh_silence_timeout = system-informed
    
    ch_silence_timeout = system-informed
    
    sh_silence_timeout = system-informed
    

2013-07-12-14-12-17.520847-CEST  DM-5       : DEBUG      
    DDDState - Dialogue state update
    
    Requested slots:
    {}
    Confirmed slots:
    {}
    Non-informed slots:
    {u'silence_time': 3.002}

2013-07-12-14-12-17.523944-CEST  DM-5       : DEBUG      
    DM Output
    ------------------------------------------------------------
    silence()
    

2013-07-12-14-12-17.562479-CEST  MainProcess : INFO       
    #381529 Time: 2013-07-12-14-12-17.557952-CEST From: DM         To: HUB        DA: silence() 

2013-07-12-14-12-20.509116-CEST  DM-5       : DEBUG      
    #381643 Time: 2013-07-12-14-12-20.504110-CEST From: HUB        To: DM         Command: timeout(silence_time="6.004") 

2013-07-12-14-12-20.513421-CEST  DM-5       : DEBUG      
    DDDState Dialogue Act in: silence(time="6.004")

2013-07-12-14-12-20.517555-CEST  DM-5       : DEBUG      
    Context Resolution - Dialogue Act: silence(time="6.004")

2013-07-12-14-12-20.521753-CEST  DM-5       : DEBUG      
    DDDState - Dialogue state content:
    
    ludait = silence
    silence_time = 6.004
    
    rh_silence_timeout = system-informed
    
    ch_silence_timeout = system-informed
    
    sh_silence_timeout = system-informed
    

2013-07-12-14-12-20.525976-CEST  DM-5       : DEBUG      
    DDDState - Dialogue state update
    
    Requested slots:
    {}
    Confirmed slots:
    {}
    Non-informed slots:
    {u'silence_time': 6.004}

2013-07-12-14-12-20.531584-CEST  DM-5       : DEBUG      
    DM Output
    ------------------------------------------------------------
    silence()
    

2013-07-12-14-12-20.591239-CEST  MainProcess : INFO       
    #381647 Time: 2013-07-12-14-12-20.586594-CEST From: DM         To: HUB        DA: silence() 

2013-07-12-14-12-23.509549-CEST  DM-5       : DEBUG      
    #381777 Time: 2013-07-12-14-12-23.505308-CEST From: HUB        To: DM         Command: timeout(silence_time="9.005") 

2013-07-12-14-12-23.513114-CEST  DM-5       : DEBUG      
    DDDState Dialogue Act in: silence(time="9.005")

2013-07-12-14-12-23.516522-CEST  DM-5       : DEBUG      
    Context Resolution - Dialogue Act: silence(time="9.005")

2013-07-12-14-12-23.519856-CEST  DM-5       : DEBUG      
    DDDState - Dialogue state content:
    
    ludait = silence
    silence_time = 9.005
    
    rh_silence_timeout = system-informed
    
    ch_silence_timeout = system-informed
    
    sh_silence_timeout = system-informed
    

2013-07-12-14-12-23.523423-CEST  DM-5       : DEBUG      
    DDDState - Dialogue state update
    
    Requested slots:
    {}
    Confirmed slots:
    {}
    Non-informed slots:
    {u'silence_time': 9.005}

2013-07-12-14-12-23.526542-CEST  DM-5       : DEBUG      
    DM Output
    ------------------------------------------------------------
    silence()
    

2013-07-12-14-12-23.568612-CEST  MainProcess : INFO       
    #381781 Time: 2013-07-12-14-12-23.563470-CEST From: DM         To: HUB        DA: silence() 

2013-07-12-14-12-25.098003-CEST  ASR-3      : DEBUG      
    ASR: speech_start(fname="vad-2013-07-12-14-12-25.060438.wav")

2013-07-12-14-12-25.102703-CEST  MainProcess : INFO       
    #381851 Time: 2013-07-12-14-12-25.094921-CEST From: VAD        To: HUB        Command: speech_start(fname="vad-2013-07-12-14-12-25.060438.wav") 

2013-07-12-14-12-25.108576-CEST  MainProcess : INFO       
    #381852 Time: 2013-07-12-14-12-25.095382-CEST From: ASR        To: HUB        Command: asr_start(fname="vad-2013-07-12-14-12-25.060438.wav") 

2013-07-12-14-12-31.409653-CEST  ASR-3      : DEBUG      
    ASR: speech_end(fname="vad-2013-07-12-14-12-25.060438.wav")

2013-07-12-14-12-31.414218-CEST  MainProcess : INFO       
    #382139 Time: 2013-07-12-14-12-31.405629-CEST From: VAD        To: HUB        Command: speech_end(fname="vad-2013-07-12-14-12-25.060438.wav") 

2013-07-12-14-12-32.310213-CEST  ASR-3      : DEBUG      
    ASR Hypothesis
    ------------------------------------------------------------
    1.000 __silence__
    0.000 __other__
    

2013-07-12-14-12-32.343754-CEST  MainProcess : INFO       
    #382182 Time: 2013-07-12-14-12-32.339615-CEST From: ASR        To: HUB        Command: asr_end(fname="vad-2013-07-12-14-12-25.060438.wav") 

2013-07-12-14-12-32.348337-CEST  SLU-4      : DEBUG      
    SLU Hypothesis
    ------------------------------------------------------------
    1.000 silence()
    

2013-07-12-14-12-32.368645-CEST  DM-5       : DEBUG      
    DDDState Dialogue Act in: silence()

2013-07-12-14-12-32.372729-CEST  MainProcess : INFO       
    #382185 Time: 2013-07-12-14-12-32.365267-CEST From: SLU        To: HUB        Command: slu_parsed(fname="vad-2013-07-12-14-12-25.060438.wav") 

2013-07-12-14-12-32.376396-CEST  DM-5       : DEBUG      
    Context Resolution - Dialogue Act: silence()

2013-07-12-14-12-32.379981-CEST  DM-5       : DEBUG      
    DDDState - Dialogue state content:
    
    ludait = silence
    silence_time = 0.0
    
    rh_silence_timeout = system-informed
    
    ch_silence_timeout = system-informed
    
    sh_silence_timeout = system-informed
    

2013-07-12-14-12-32.383305-CEST  DM-5       : DEBUG      
    DDDState - Dialogue state update
    
    Requested slots:
    {}
    Confirmed slots:
    {}
    Non-informed slots:
    {u'silence_time': 0.0}

2013-07-12-14-12-32.421577-CEST  DM-5       : DEBUG      
    DM Output
    ------------------------------------------------------------
    silence()
    

2013-07-12-14-12-32.477499-CEST  MainProcess : INFO       
    #382192 Time: 2013-07-12-14-12-32.473773-CEST From: DM         To: HUB        DA: silence() 

2013-07-12-14-12-34.255112-CEST  MainProcess : INFO       
    #382267 Time: 2013-07-12-14-12-34.250412-CEST From: VAD        To: HUB        Command: speech_start(fname="vad-2013-07-12-14-12-34.212877.wav") 

2013-07-12-14-12-34.259408-CEST  ASR-3      : DEBUG      
    ASR: speech_start(fname="vad-2013-07-12-14-12-34.212877.wav")

2013-07-12-14-12-34.263337-CEST  MainProcess : INFO       
    #382268 Time: 2013-07-12-14-12-34.251536-CEST From: ASR        To: HUB        Command: asr_start(fname="vad-2013-07-12-14-12-34.212877.wav") 

2013-07-12-14-12-35.079111-CEST  MainProcess : INFO       
    #382308 Time: 2013-07-12-14-12-35.075607-CEST From: VAD        To: HUB        Command: speech_end(fname="vad-2013-07-12-14-12-34.212877.wav") 

2013-07-12-14-12-35.082469-CEST  ASR-3      : DEBUG      
    ASR: speech_end(fname="vad-2013-07-12-14-12-34.212877.wav")

2013-07-12-14-12-35.324819-CEST  ASR-3      : DEBUG      
    ASR Hypothesis
    ------------------------------------------------------------
    1.000 __silence__
    0.000 __other__
    

2013-07-12-14-12-35.349270-CEST  MainProcess : INFO       
    #382321 Time: 2013-07-12-14-12-35.345299-CEST From: ASR        To: HUB        Command: asr_end(fname="vad-2013-07-12-14-12-34.212877.wav") 

2013-07-12-14-12-35.352676-CEST  SLU-4      : DEBUG      
    SLU Hypothesis
    ------------------------------------------------------------
    1.000 silence()
    

2013-07-12-14-12-35.378226-CEST  MainProcess : INFO       
    #382324 Time: 2013-07-12-14-12-35.374137-CEST From: SLU        To: HUB        Command: slu_parsed(fname="vad-2013-07-12-14-12-34.212877.wav") 

2013-07-12-14-12-35.381505-CEST  DM-5       : DEBUG      
    DDDState Dialogue Act in: silence()

2013-07-12-14-12-35.384887-CEST  DM-5       : DEBUG      
    Context Resolution - Dialogue Act: silence()

2013-07-12-14-12-35.388469-CEST  DM-5       : DEBUG      
    DDDState - Dialogue state content:
    
    ludait = silence
    silence_time = 0.0
    
    rh_silence_timeout = system-informed
    
    ch_silence_timeout = system-informed
    
    sh_silence_timeout = system-informed
    

2013-07-12-14-12-35.391872-CEST  DM-5       : DEBUG      
    DDDState - Dialogue state update
    
    Requested slots:
    {}
    Confirmed slots:
    {}
    Non-informed slots:
    {u'silence_time': 0.0}

2013-07-12-14-12-35.442062-CEST  DM-5       : DEBUG      
    DM Output
    ------------------------------------------------------------
    silence()
    

2013-07-12-14-12-35.481696-CEST  MainProcess : INFO       
    #382330 Time: 2013-07-12-14-12-35.476456-CEST From: DM         To: HUB        DA: silence() 

2013-07-12-14-12-38.086308-CEST  DM-5       : DEBUG      
    #382433 Time: 2013-07-12-14-12-38.080475-CEST From: HUB        To: DM         Command: timeout(silence_time="3.000") 

2013-07-12-14-12-38.090736-CEST  DM-5       : DEBUG      
    DDDState Dialogue Act in: silence(time="3.000")

2013-07-12-14-12-38.094794-CEST  DM-5       : DEBUG      
    Context Resolution - Dialogue Act: silence(time="3.000")

2013-07-12-14-12-38.099202-CEST  DM-5       : DEBUG      
    DDDState - Dialogue state content:
    
    ludait = silence
    silence_time = 3.0
    
    rh_silence_timeout = system-informed
    
    ch_silence_timeout = system-informed
    
    sh_silence_timeout = system-informed
    

2013-07-12-14-12-38.103605-CEST  DM-5       : DEBUG      
    DDDState - Dialogue state update
    
    Requested slots:
    {}
    Confirmed slots:
    {}
    Non-informed slots:
    {u'silence_time': 3.0}

2013-07-12-14-12-38.107336-CEST  DM-5       : DEBUG      
    DM Output
    ------------------------------------------------------------
    silence()
    

2013-07-12-14-12-38.152616-CEST  MainProcess : INFO       
    #382437 Time: 2013-07-12-14-12-38.147057-CEST From: DM         To: HUB        DA: silence() 

2013-07-12-14-12-41.087555-CEST  DM-5       : DEBUG      
    #382569 Time: 2013-07-12-14-12-41.082228-CEST From: HUB        To: DM         Command: timeout(silence_time="6.002") 

2013-07-12-14-12-41.090988-CEST  DM-5       : DEBUG      
    DDDState Dialogue Act in: silence(time="6.002")

2013-07-12-14-12-41.094233-CEST  DM-5       : DEBUG      
    Context Resolution - Dialogue Act: silence(time="6.002")

2013-07-12-14-12-41.097444-CEST  DM-5       : DEBUG      
    DDDState - Dialogue state content:
    
    ludait = silence
    silence_time = 6.002
    
    rh_silence_timeout = system-informed
    
    ch_silence_timeout = system-informed
    
    sh_silence_timeout = system-informed
    

2013-07-12-14-12-41.100690-CEST  DM-5       : DEBUG      
    DDDState - Dialogue state update
    
    Requested slots:
    {}
    Confirmed slots:
    {}
    Non-informed slots:
    {u'silence_time': 6.002}

2013-07-12-14-12-41.103680-CEST  DM-5       : DEBUG      
    DM Output
    ------------------------------------------------------------
    silence()
    

2013-07-12-14-12-41.145901-CEST  MainProcess : INFO       
    #382572 Time: 2013-07-12-14-12-41.141268-CEST From: DM         To: HUB        DA: silence() 

2013-07-12-14-12-43.604607-CEST  MainProcess : INFO       
    #382685 Time: 2013-07-12-14-12-43.600577-CEST From: VAD        To: HUB        Command: speech_start(fname="vad-2013-07-12-14-12-43.559535.wav") 

2013-07-12-14-12-43.609083-CEST  ASR-3      : DEBUG      
    ASR: speech_start(fname="vad-2013-07-12-14-12-43.559535.wav")

2013-07-12-14-12-43.613085-CEST  MainProcess : INFO       
    #382686 Time: 2013-07-12-14-12-43.602479-CEST From: ASR        To: HUB        Command: asr_start(fname="vad-2013-07-12-14-12-43.559535.wav") 

2013-07-12-14-12-44.076635-CEST  ASR-3      : DEBUG      
    ASR: speech_end(fname="vad-2013-07-12-14-12-43.559535.wav")

2013-07-12-14-12-44.080304-CEST  MainProcess : INFO       
    #382709 Time: 2013-07-12-14-12-44.073501-CEST From: VAD        To: HUB        Command: speech_end(fname="vad-2013-07-12-14-12-43.559535.wav") 

2013-07-12-14-12-44.272279-CEST  ASR-3      : DEBUG      
    ASR Hypothesis
    ------------------------------------------------------------
    1.000 __silence__
    0.000 __other__
    

2013-07-12-14-12-44.301338-CEST  SLU-4      : DEBUG      
    SLU Hypothesis
    ------------------------------------------------------------
    1.000 silence()
    

2013-07-12-14-12-44.304802-CEST  MainProcess : INFO       
    #382720 Time: 2013-07-12-14-12-44.296675-CEST From: ASR        To: HUB        Command: asr_end(fname="vad-2013-07-12-14-12-43.559535.wav") 

2013-07-12-14-12-44.329256-CEST  DM-5       : DEBUG      
    DDDState Dialogue Act in: silence()

2013-07-12-14-12-44.332819-CEST  MainProcess : INFO       
    #382723 Time: 2013-07-12-14-12-44.325976-CEST From: SLU        To: HUB        Command: slu_parsed(fname="vad-2013-07-12-14-12-43.559535.wav") 

2013-07-12-14-12-44.335876-CEST  DM-5       : DEBUG      
    Context Resolution - Dialogue Act: silence()

2013-07-12-14-12-44.339252-CEST  DM-5       : DEBUG      
    DDDState - Dialogue state content:
    
    ludait = silence
    silence_time = 0.0
    
    rh_silence_timeout = system-informed
    
    ch_silence_timeout = system-informed
    
    sh_silence_timeout = system-informed
    

2013-07-12-14-12-44.342787-CEST  DM-5       : DEBUG      
    DDDState - Dialogue state update
    
    Requested slots:
    {}
    Confirmed slots:
    {}
    Non-informed slots:
    {u'silence_time': 0.0}

2013-07-12-14-12-44.388316-CEST  DM-5       : DEBUG      
    DM Output
    ------------------------------------------------------------
    silence()
    

2013-07-12-14-12-44.415805-CEST  MainProcess : INFO       
    #382729 Time: 2013-07-12-14-12-44.411399-CEST From: DM         To: HUB        DA: silence() 

2013-07-12-14-12-45.282127-CEST  VoipIO-1   : DEBUG      
    CallCallback::on_state : Call with "776577617" <sip:776577617@195.113.20.160> is DISCONNCTD last code = 200 (Normal call clearing)

2013-07-12-14-12-45.331199-CEST  VoipIO-1   : DEBUG      
    VoipIO::on_call_disconnected

2013-07-12-14-12-45.337334-CEST  MainProcess : INFO       
    #382769 Time: 2013-07-12-14-12-45.332310-CEST From: VoipIO     To: HUB        Command: call_disconnected(remote_uri="776577617") 

