2013-06-07-13-01-51.950943-CEST  VoipIO-1   : DEBUG      
    CallCallback::on_media_state : Media is now active

2013-06-07-13-01-51.960742-CEST  VoipIO-1   : DEBUG      
    CallCallback::on_state : Call with "00420221914256" <sip:00420221914256@195.113.20.160> is CONNECTING last code = 200 (OK)

2013-06-07-13-01-51.965124-CEST  MainProcess : SYSTEM-LOG 
    config = { 'ASR': { 'Google': { 'debug': False, 'language': 'cs'},
               'Julius': { 'adinnetport': 5530,
                           'binary': '/usr/local/bin/julius',
                           'debug': False,
                           'hostname': 'localhost',
                           'jconf': { '-adport': '5530',
                                      '-b': '1000',
                                      '-b2': '100',
                                      '-cmnload': 'cmn.param',
                                      '-cmnmapweight': '200',
                                      '-cmnsave': 'cmn.param',
                                      '-confnet': '',
                                      '-fallback1pass': '',
                                      '-gprune': 'safe',
                                      '-h': '/mnt/h/jurcicek/vystadial-git/alex/resources/asr/voip_en/hmmdefs',
                                      '-hlist': '/mnt/h/jurcicek/vystadial-git/alex/resources/asr/voip_en/tiedlist',
                                      '-htkconf': '/mnt/h/jurcicek/vystadial-git/alex/resources/asr/voip_en/config',
                                      '-input': 'adinnet',
                                      '-iwsp': '',
                                      '-iwsppenalty': '0.0',
                                      '-lmp': '15.0 0.0',
                                      '-lmp2': '15.0 0.0',
                                      '-mapunk': 'UM',
                                      '-module': '10500',
                                      '-n': '50',
                                      '-nlr': '/mnt/h/jurcicek/vystadial-git/alex/resources/lm/caminfo/julius_arpa_bigram',
                                      '-no_ccd': '',
                                      '-nrl': '/mnt/h/jurcicek/vystadial-git/alex/resources/lm/caminfo/julius_arpa_rev_bigram',
                                      '-silhead': '<s>',
                                      '-siltail': '</s>',
                                      '-spmodel': 'sp',
                                      '-tmix': '4',
                                      '-v': '/mnt/h/jurcicek/vystadial-git/alex/resources/lm/caminfo/julius_dict'},
                           'jconffile': 'julius.jconf',
                           'killall': False,
                           'logfile': 'julius.log',
                           'pidfile': 'julius.pid',
                           'reuse_server': False,
                           'serverport': 10500,
                           'start_max_wait_time': 15,
                           'start_wait_time': 0.5,
                           'timeout': 2.0},
               'debug': True,
               'type': 'Google'},
      'Audio': { 'sample_rate': 16000, 'samples_per_frame': 256},
      'AudioIO': { 'debug': True, 'output_dir': './aio_call_log', 'play_buffer_size': 1024},
      'DM': { 'Dummy': { 'debug': True},
              'PUfalRuleDM': { 'code_submit_url': None,
                               'db_cfg': '/mnt/h/jurcicek/vystadial-git/alex/applications/AlexOnTheBus/../applications/CamInfoRest/cued_data/CIRdbase_V7_noloc.txt',
                               'ontology': '/mnt/h/jurcicek/vystadial-git/alex/applications/AlexOnTheBus/../applications/CamInfoRest/ontology.cfg',
                               'provide_code': False},
              'UfalRuleDM': { 'code_submit_url': None,
                              'db_cfg': '/mnt/h/jurcicek/vystadial-git/alex/applications/AlexOnTheBus/../applications/CamInfoRest/cued_data/CIRdbase_V7_noloc.txt',
                              'ontology': '/mnt/h/jurcicek/vystadial-git/alex/applications/AlexOnTheBus/../applications/CamInfoRest/ontology.cfg',
                              'provide_code': False},
              'debug': True,
              'type': <class 'alex.applications.AlexOnTheBus.aotb_dm.AOTBDM'>},
      'General': { 'include': ['/mnt/h/jurcicek/vystadial-git/alex/resources/private/default.cfg']},
      'Hub': { 'history_file': 'hub_history_hub.txt', 'history_length': 1000, 'main_loop_sleep_time': 0.005},
      'Logging': { 'session_logger': SessionLogger(),
                   'system_logger': SystemLogger(stdout_log_level='ERROR', stdout=True, file_log_level='ERROR', output_dir=/net/projects/vystadial/data/call-logs/2013-05-30-alex-aotb-prototype),
                   'system_name': 'Alex On The Bus - Live',
                   'version': '1.0'},
      'NLG': { 'Template': { 'model': '/mnt/h/jurcicek/vystadial-git/alex/applications/AlexOnTheBus/nlg_templates.cfg'},
               'debug': True,
               'type': <class 'alex.applications.AlexOnTheBus.aotb_nlg.AOTBNLG'>},
      'SHub': { 'history_file': 'hub_history_shub.txt', 'history_length': 1000},
      'SLU': { 'AOTBSLU': { 'cldb_fname': '/mnt/h/jurcicek/vystadial-git/alex/applications/AlexOnTheBus/data/database.py',
                            'preprocessing_cls': <class 'alex.applications.AlexOnTheBus.aotb_preprocessing.AOTBSLUPreprocessing'>},
               'cl-tracing': { 'cldb_fname': '/mnt/h/jurcicek/vystadial-git/alex/resources/../applications/CamInfoRest/data/database.py',
                               'do_preprocessing': True,
                               'features_type': ('ngram',),
                               'testing': { 'max_examples': None,
                                            'min_perc': 80,
                                            'model_fname': '/mnt/h/jurcicek/vystadial-git/alex/resources/../applications/CamInfoRest/models/130516_minf60-minfc35-mind60.slu_model.gz',
                                            'renormalise': True,
                                            'threshold': None,
                                            'vanilla': True}},
               'debug': True,
               'type': <class 'alex.applications.AlexOnTheBus.aotb_slu.AOTBSLU'>},
      'THub': { 'history_file': 'hub_history_thub.txt', 'history_length': 1000},
      'TTS': { 'Flite': { 'debug': False, 'voice': 'kal16'},
               'Google': { 'debug': False, 'language': 'cs', 'rate': 2.0},
               'SpeechTech': { 'debug': True,
                               'login': 'filipjurcicek',
    # this line was removed since it included a password
                               'voice': 'Iva210'},
               'VoiceRSS': { 'api_key': '3b6a9fca5d724b1c8ac34691586cdda1', 'language': 'en-gb'},
               'debug': True,
               'type': 'SpeechTech'},
      'VAD': { 'debug': False,
               'decision_frames_sil': 25,
               'decision_frames_speech': 10,
               'decision_non_speech_threshold': 0.2,
               'decision_speech_threshold': 0.7,
               'gmm': { 'ceplifter': 22,
                        'enormalise': True,
                        'filter_length': 5,
                        'frameshift': 160,
                        'framesize': 512,
                        'frontend': 'MFCC',
                        'hifreq': 3800,
                        'lofreq': 125,
                        'numceps': 12,
                        'numchans': 26,
                        'preemcoef': 0.97,
                        'sil_model': '/mnt/h/jurcicek/vystadial-git/alex/resources/vad/voip_en/vad_sil_sds_mfcc_m064_f100000.gmm',
                        'speech_model': '/mnt/h/jurcicek/vystadial-git/alex/resources/vad/voip_en/vad_speech_sds_mfcc_m064_f100000.gmm',
                        'useacc': True,
                        'usec0': False,
                        'usecmn': False,
                        'usedelta': True,
                        'usehamming': True,
                        'usepower': True,
                        'zmeansource': True},
               'power': { 'adaptation_frames': 30, 'threshold': 70, 'threshold_multiplier': 1.0},
               'speech_buffer_frames': 20,
               'type': 'gmm'},
      'VoipHub': { 'history_length': 1000, 'wait_time_before_calling_back': 10},
      'VoipIO': { 'allowed_hosts': '',
                  'allowed_phone_numbers': '(^[234567])',
                  'allowed_users': '(^[234567])',
                  'debug': True,
                  'domain': 'vystadial.ms.mff.cuni.cz',
                  'forbidden_hosts': '',
                  'forbidden_phone_number': '(^112$|^150$|^155$|^156$|^158$)',
                  'forbidden_users': '(^112$|^150$|^155$|^156$|^158$)',
    # this line was removed since it included a password
                  'pjsip_log_level': 3,
                  'reject_calls': False,
                  'user': '800899998'},
      'WebHub': { 'port': 8000}}
    

2013-06-07-13-01-51.973519-CEST  VoipIO-1   : DEBUG      
    VoipIO::on_call_connecting

2013-06-07-13-01-51.981371-CEST  MainProcess : INFO       
    From: VoipIO     To: HUB        Command: incoming_call(remote_uri="00420221914256") 

2013-06-07-13-01-52.044108-CEST  MainProcess : INFO       
    From: VoipIO     To: HUB        Command: call_connecting(remote_uri="00420221914256") 

2013-06-07-13-01-52.443206-CEST  VoipIO-1   : DEBUG      
    CallCallback::on_state : Call with "00420221914256" <sip:00420221914256@195.113.20.160> is CONFIRMED last code = 200 (OK)

2013-06-07-13-01-52.477522-CEST  VoipIO-1   : DEBUG      
    VoipIO::on_call_confirmed

2013-06-07-13-01-52.490036-CEST  MainProcess : INFO       
    From: VoipIO     To: HUB        Command: call_confirmed(remote_uri="00420221914256") 

2013-06-07-13-01-52.499355-CEST  DM-5       : DEBUG      
    From: HUB        To: DM         Command: new_dialogue() 

2013-06-07-13-01-52.507780-CEST  DM-5       : DEBUG      
    DM Output
    ------------------------------------------------------------
    hello()
    

2013-06-07-13-01-52.544401-CEST  MainProcess : INFO       
    From: DM         To: HUB        Command: dm_da_generated() 

2013-06-07-13-01-52.552591-CEST  NLG-6      : DEBUG      
    NLG Output
    ------------------------------------------------------------
    Dobrý den. Hovor je nahráván. Více informací o této službě je na internetu. Odkud a kam chcete jet? Můžete například říct chtěla bych jet ze zastávky Anděla .
    

2013-06-07-13-01-52.560397-CEST  TTS-7      : DEBUG      
    From: HUB        To: TTS        Command: keeplast() 

2013-06-07-13-01-52.577566-CEST  MainProcess : INFO       
    From: NLG        To: HUB        Command: nlg_text_generated() 

2013-06-07-13-01-52.586233-CEST  MainProcess : INFO       
    From: TTS        To: HUB        Command: tts_start(user_id="None",text="Dobrý den. Hovor je nahráván. Více informací o této službě je na internetu. Odkud a kam chcete jet? Můžete například říct chtěla bych jet ze zastávky Anděla .") 

2013-06-07-13-01-54.316751-CEST  MainProcess : INFO       
    From: TTS        To: HUB        Command: tts_end(user_id="None",text="Dobrý den. Hovor je nahráván. Více informací o této službě je na internetu. Odkud a kam chcete jet? Můžete například říct chtěla bych jet ze zastávky Anděla .") 

2013-06-07-13-01-54.351419-CEST  MainProcess : INFO       
    From: VoipIO     To: HUB        Command: play_utterance_start(user_id="None") 

2013-06-07-13-02-07.088193-CEST  MainProcess : INFO       
    From: VoipIO     To: HUB        Command: play_utterance_end(user_id="None") 

2013-06-07-13-02-08.701227-CEST  MainProcess : INFO       
    From: VAD        To: HUB        Command: speech_start() 

2013-06-07-13-02-08.708514-CEST  MainProcess : INFO       
    From: ASR        To: HUB        Command: asr_start() 

2013-06-07-13-02-08.718051-CEST  ASR-3      : DEBUG      
    ASR: speech_start()

2013-06-07-13-02-12.409127-CEST  MainProcess : INFO       
    From: VAD        To: HUB        Command: speech_end() 

2013-06-07-13-02-12.416921-CEST  ASR-3      : DEBUG      
    ASR: speech_end()

2013-06-07-13-02-13.448386-CEST  ASR-3      : DEBUG      
    ASR Hypothesis
    ------------------------------------------------------------
    chtěl bych zastávka anděl zastávka malostranské náměstí
    

2013-06-07-13-02-13.480682-CEST  MainProcess : INFO       
    From: ASR        To: HUB        Command: asr_end() 

2013-06-07-13-02-13.802445-CEST  SLU-4      : DEBUG      
    SLU Hypothesis
    ------------------------------------------------------------
    1.000 inform(stop="anděl")
    

2013-06-07-13-02-13.812404-CEST  MainProcess : INFO       
    From: SLU        To: HUB        Command: slu_parsed() 

2013-06-07-13-02-13.820898-CEST  DM-5       : DEBUG      
    DM Output
    ------------------------------------------------------------
    notunderstood()&help(from_stop)
    

2013-06-07-13-02-13.848585-CEST  NLG-6      : DEBUG      
    NLG Output
    ------------------------------------------------------------
    Ještě jednou prosím. Řekněte například chtěla bych jet ze zastávky Anděla.
    

2013-06-07-13-02-13.857217-CEST  MainProcess : INFO       
    From: DM         To: HUB        Command: dm_da_generated() 

2013-06-07-13-02-13.865711-CEST  MainProcess : INFO       
    From: NLG        To: HUB        Command: nlg_text_generated() 

2013-06-07-13-02-13.873483-CEST  MainProcess : INFO       
    From: TTS        To: HUB        Command: tts_start(user_id="None",text="Ještě jednou prosím. Řekněte například chtěla bych jet ze zastávky Anděla.") 

2013-06-07-13-02-14.845803-CEST  TTS-7      : DEBUG      
    From: HUB        To: TTS        Command: keeplast() 

2013-06-07-13-02-14.854654-CEST  MainProcess : INFO       
    From: VoipIO     To: HUB        Command: play_utterance_start(user_id="None") 

2013-06-07-13-02-14.862258-CEST  MainProcess : INFO       
    From: TTS        To: HUB        Command: tts_end(user_id="None",text="Ještě jednou prosím. Řekněte například chtěla bych jet ze zastávky Anděla.") 

2013-06-07-13-02-20.778402-CEST  MainProcess : INFO       
    From: VoipIO     To: HUB        Command: play_utterance_end(user_id="None") 

2013-06-07-13-02-21.891594-CEST  MainProcess : INFO       
    From: VAD        To: HUB        Command: speech_start() 

2013-06-07-13-02-21.900787-CEST  ASR-3      : DEBUG      
    ASR: speech_start()

2013-06-07-13-02-21.908726-CEST  MainProcess : INFO       
    From: ASR        To: HUB        Command: asr_start() 

2013-06-07-13-02-24.631938-CEST  ASR-3      : DEBUG      
    ASR: speech_end()

2013-06-07-13-02-24.639177-CEST  MainProcess : INFO       
    From: VAD        To: HUB        Command: speech_end() 

2013-06-07-13-02-25.259690-CEST  ASR-3      : DEBUG      
    ASR Hypothesis
    ------------------------------------------------------------
    chtěl bych zastavit malostranské náměstí
    

2013-06-07-13-02-25.278328-CEST  MainProcess : INFO       
    From: ASR        To: HUB        Command: asr_end() 

2013-06-07-13-02-25.327839-CEST  SLU-4      : DEBUG      
    SLU Hypothesis
    ------------------------------------------------------------
    1.000 inform(stop="malostranské náměstí")
    

2013-06-07-13-02-25.337961-CEST  MainProcess : INFO       
    From: SLU        To: HUB        Command: slu_parsed() 

2013-06-07-13-02-25.346449-CEST  DM-5       : DEBUG      
    DM Output
    ------------------------------------------------------------
    notunderstood()&help(from_stop)
    

2013-06-07-13-02-25.376142-CEST  NLG-6      : DEBUG      
    NLG Output
    ------------------------------------------------------------
    Nerozuměla jsem. Jěště jednou prosím. Řekněte například chtěla bych jet z Malostranského náměstí.
    

2013-06-07-13-02-25.383872-CEST  MainProcess : INFO       
    From: DM         To: HUB        Command: dm_da_generated() 

2013-06-07-13-02-25.392442-CEST  TTS-7      : DEBUG      
    From: HUB        To: TTS        Command: keeplast() 

2013-06-07-13-02-25.399805-CEST  MainProcess : INFO       
    From: NLG        To: HUB        Command: nlg_text_generated() 

2013-06-07-13-02-25.408311-CEST  MainProcess : INFO       
    From: TTS        To: HUB        Command: tts_start(user_id="None",text="Nerozuměla jsem. Jěště jednou prosím. Řekněte například chtěla bych jet z Malostranského náměstí.") 

2013-06-07-13-02-26.629737-CEST  MainProcess : INFO       
    From: VoipIO     To: HUB        Command: play_utterance_start(user_id="None") 

2013-06-07-13-02-26.637575-CEST  MainProcess : INFO       
    From: TTS        To: HUB        Command: tts_end(user_id="None",text="Nerozuměla jsem. Jěště jednou prosím. Řekněte například chtěla bych jet z Malostranského náměstí.") 

2013-06-07-13-02-34.860884-CEST  MainProcess : INFO       
    From: VoipIO     To: HUB        Command: play_utterance_end(user_id="None") 

2013-06-07-13-02-35.902981-CEST  MainProcess : INFO       
    From: VAD        To: HUB        Command: speech_start() 

2013-06-07-13-02-35.910904-CEST  MainProcess : INFO       
    From: ASR        To: HUB        Command: asr_start() 

2013-06-07-13-02-35.920018-CEST  ASR-3      : DEBUG      
    ASR: speech_start()

2013-06-07-13-02-38.329910-CEST  ASR-3      : DEBUG      
    ASR: speech_end()

2013-06-07-13-02-38.338004-CEST  MainProcess : INFO       
    From: VAD        To: HUB        Command: speech_end() 

2013-06-07-13-02-39.060861-CEST  ASR-3      : DEBUG      
    ASR Hypothesis
    ------------------------------------------------------------
    chtěl bych jedno stránského náměstí
    

2013-06-07-13-02-39.080207-CEST  MainProcess : INFO       
    From: ASR        To: HUB        Command: asr_end() 

2013-06-07-13-02-39.133352-CEST  SLU-4      : DEBUG      
    SLU Hypothesis
    ------------------------------------------------------------
    
    

2013-06-07-13-02-39.144635-CEST  DM-5       : DEBUG      
    DM Output
    ------------------------------------------------------------
    notunderstood()&help(from_stop)
    

2013-06-07-13-02-39.153128-CEST  MainProcess : INFO       
    From: SLU        To: HUB        Command: slu_parsed() 

2013-06-07-13-02-39.175989-CEST  NLG-6      : DEBUG      
    NLG Output
    ------------------------------------------------------------
    Nerozuměla jsem. Jěště jednou prosím. Řekněte například chtěla bych jet ze zastávky poliklinika Barandov.
    

2013-06-07-13-02-39.184797-CEST  MainProcess : INFO       
    From: DM         To: HUB        Command: dm_da_generated() 

2013-06-07-13-02-39.193341-CEST  TTS-7      : DEBUG      
    From: HUB        To: TTS        Command: keeplast() 

2013-06-07-13-02-39.200740-CEST  MainProcess : INFO       
    From: NLG        To: HUB        Command: nlg_text_generated() 

2013-06-07-13-02-39.208354-CEST  MainProcess : INFO       
    From: TTS        To: HUB        Command: tts_start(user_id="None",text="Nerozuměla jsem. Jěště jednou prosím. Řekněte například chtěla bych jet ze zastávky poliklinika Barandov.") 

2013-06-07-13-02-40.421194-CEST  MainProcess : INFO       
    From: VoipIO     To: HUB        Command: play_utterance_start(user_id="None") 

2013-06-07-13-02-40.429612-CEST  MainProcess : INFO       
    From: TTS        To: HUB        Command: tts_end(user_id="None",text="Nerozuměla jsem. Jěště jednou prosím. Řekněte například chtěla bych jet ze zastávky poliklinika Barandov.") 

2013-06-07-13-02-48.877349-CEST  MainProcess : INFO       
    From: VoipIO     To: HUB        Command: play_utterance_end(user_id="None") 

2013-06-07-13-02-50.102357-CEST  MainProcess : INFO       
    From: VAD        To: HUB        Command: speech_start() 

2013-06-07-13-02-50.110265-CEST  ASR-3      : DEBUG      
    ASR: speech_start()

2013-06-07-13-02-50.117966-CEST  MainProcess : INFO       
    From: ASR        To: HUB        Command: asr_start() 

2013-06-07-13-02-51.387094-CEST  ASR-3      : DEBUG      
    ASR: speech_end()

2013-06-07-13-02-51.395098-CEST  MainProcess : INFO       
    From: VAD        To: HUB        Command: speech_end() 

2013-06-07-13-02-51.685170-CEST  ASR-3      : DEBUG      
    ASR Hypothesis
    ------------------------------------------------------------
    chtěl bych jet
    

2013-06-07-13-02-51.706023-CEST  MainProcess : INFO       
    From: ASR        To: HUB        Command: asr_end() 

2013-06-07-13-02-51.755999-CEST  SLU-4      : DEBUG      
    SLU Hypothesis
    ------------------------------------------------------------
    
    

2013-06-07-13-02-51.764765-CEST  MainProcess : INFO       
    From: SLU        To: HUB        Command: slu_parsed() 

2013-06-07-13-02-51.773211-CEST  DM-5       : DEBUG      
    DM Output
    ------------------------------------------------------------
    notunderstood()&help(from_stop)
    

2013-06-07-13-02-51.804335-CEST  MainProcess : INFO       
    From: DM         To: HUB        Command: dm_da_generated() 

2013-06-07-13-02-51.812572-CEST  NLG-6      : DEBUG      
    NLG Output
    ------------------------------------------------------------
    Můžete to zopakovat? Řekněte například chtěla bych jet z Malostranského náměstí.
    

2013-06-07-13-02-51.820975-CEST  TTS-7      : DEBUG      
    From: HUB        To: TTS        Command: keeplast() 

2013-06-07-13-02-51.833669-CEST  MainProcess : INFO       
    From: NLG        To: HUB        Command: nlg_text_generated() 

2013-06-07-13-02-51.844079-CEST  MainProcess : INFO       
    From: TTS        To: HUB        Command: tts_start(user_id="None",text="Můžete to zopakovat? Řekněte například chtěla bych jet z Malostranského náměstí.") 

2013-06-07-13-02-51.856522-CEST  MainProcess : INFO       
    From: VAD        To: HUB        Command: speech_start() 

2013-06-07-13-02-51.864546-CEST  ASR-3      : DEBUG      
    ASR: speech_start()

2013-06-07-13-02-51.871971-CEST  MainProcess : INFO       
    From: ASR        To: HUB        Command: asr_start() 

2013-06-07-13-02-52.921528-CEST  MainProcess : INFO       
    From: VAD        To: HUB        Command: speech_end() 

2013-06-07-13-02-52.929640-CEST  ASR-3      : DEBUG      
    ASR: speech_end()

2013-06-07-13-02-53.041934-CEST  MainProcess : INFO       
    From: VoipIO     To: HUB        Command: play_utterance_start(user_id="None") 

2013-06-07-13-02-53.049686-CEST  MainProcess : INFO       
    From: TTS        To: HUB        Command: tts_end(user_id="None",text="Můžete to zopakovat? Řekněte například chtěla bych jet z Malostranského náměstí.") 

2013-06-07-13-02-53.130115-CEST  MainProcess : INFO       
    From: VAD        To: HUB        Command: speech_start() 

2013-06-07-13-02-53.288652-CEST  ASR-3      : DEBUG      
    ASR Hypothesis
    ------------------------------------------------------------
    zastávky
    

2013-06-07-13-02-53.307789-CEST  ASR-3      : DEBUG      
    ASR: speech_start()

2013-06-07-13-02-53.315451-CEST  MainProcess : INFO       
    From: ASR        To: HUB        Command: asr_end() 

2013-06-07-13-02-53.327383-CEST  MainProcess : INFO       
    From: ASR        To: HUB        Command: asr_start() 

2013-06-07-13-02-53.361871-CEST  SLU-4      : DEBUG      
    SLU Hypothesis
    ------------------------------------------------------------
    
    

2013-06-07-13-02-53.370773-CEST  MainProcess : INFO       
    From: SLU        To: HUB        Command: slu_parsed() 

2013-06-07-13-02-53.378320-CEST  DM-5       : DEBUG      
    DM Output
    ------------------------------------------------------------
    notunderstood()&help(from_stop)
    

2013-06-07-13-02-53.409281-CEST  MainProcess : INFO       
    From: DM         To: HUB        Command: dm_da_generated() 

2013-06-07-13-02-53.417293-CEST  NLG-6      : DEBUG      
    NLG Output
    ------------------------------------------------------------
    Ještě jednou prosím. Řekněte například chtěla bych jet ze zastávky Anděla.
    

2013-06-07-13-02-53.426061-CEST  TTS-7      : DEBUG      
    From: HUB        To: TTS        Command: keeplast() 

2013-06-07-13-02-53.443067-CEST  MainProcess : INFO       
    From: NLG        To: HUB        Command: nlg_text_generated() 

2013-06-07-13-02-53.452389-CEST  MainProcess : INFO       
    From: TTS        To: HUB        Command: tts_start(user_id="None",text="Ještě jednou prosím. Řekněte například chtěla bych jet ze zastávky Anděla.") 

2013-06-07-13-02-54.318858-CEST  MainProcess : INFO       
    From: VAD        To: HUB        Command: speech_end() 

2013-06-07-13-02-54.327048-CEST  ASR-3      : DEBUG      
    ASR: speech_end()

2013-06-07-13-02-54.424472-CEST  MainProcess : INFO       
    From: TTS        To: HUB        Command: tts_end(user_id="None",text="Ještě jednou prosím. Řekněte například chtěla bych jet ze zastávky Anděla.") 

2013-06-07-13-02-54.647735-CEST  ASR-3      : DEBUG      
    ASR Hypothesis
    ------------------------------------------------------------
    malostranské
    

2013-06-07-13-02-54.672765-CEST  MainProcess : INFO       
    From: ASR        To: HUB        Command: asr_end() 

2013-06-07-13-02-54.711592-CEST  SLU-4      : DEBUG      
    SLU Hypothesis
    ------------------------------------------------------------
    1.000 inform(stop="malostranská")
    

2013-06-07-13-02-54.721218-CEST  MainProcess : INFO       
    From: SLU        To: HUB        Command: slu_parsed() 

2013-06-07-13-02-54.728730-CEST  DM-5       : DEBUG      
    DM Output
    ------------------------------------------------------------
    notunderstood()&help(from_stop)
    

2013-06-07-13-02-54.764419-CEST  MainProcess : INFO       
    From: DM         To: HUB        Command: dm_da_generated() 

2013-06-07-13-02-54.772271-CEST  NLG-6      : DEBUG      
    NLG Output
    ------------------------------------------------------------
    Můžete to zopakovat? Řekněte například chtěla bych jet z Malostranského náměstí.
    

2013-06-07-13-02-54.781090-CEST  TTS-7      : DEBUG      
    From: HUB        To: TTS        Command: keeplast() 

2013-06-07-13-02-54.798205-CEST  MainProcess : INFO       
    From: NLG        To: HUB        Command: nlg_text_generated() 

2013-06-07-13-02-54.805834-CEST  MainProcess : INFO       
    From: TTS        To: HUB        Command: tts_start(user_id="None",text="Můžete to zopakovat? Řekněte například chtěla bych jet z Malostranského náměstí.") 

2013-06-07-13-02-55.774156-CEST  MainProcess : INFO       
    From: TTS        To: HUB        Command: tts_end(user_id="None",text="Můžete to zopakovat? Řekněte například chtěla bych jet z Malostranského náměstí.") 

2013-06-07-13-02-59.502430-CEST  MainProcess : INFO       
    From: VoipIO     To: HUB        Command: play_utterance_end(user_id="None") 

2013-06-07-13-02-59.516597-CEST  MainProcess : INFO       
    From: VoipIO     To: HUB        Command: play_utterance_start(user_id="None") 

2013-06-07-13-03-01.076054-CEST  MainProcess : INFO       
    From: VAD        To: HUB        Command: speech_start() 

2013-06-07-13-03-01.083794-CEST  ASR-3      : DEBUG      
    ASR: speech_start()

2013-06-07-13-03-01.091447-CEST  MainProcess : INFO       
    From: ASR        To: HUB        Command: asr_start() 

2013-06-07-13-03-02.016662-CEST  ASR-3      : DEBUG      
    ASR: speech_end()

2013-06-07-13-03-02.024183-CEST  MainProcess : INFO       
    From: VAD        To: HUB        Command: speech_end() 

2013-06-07-13-03-02.421474-CEST  ASR-3      : DEBUG      
    ASR Hypothesis
    ------------------------------------------------------------
    chtěl
    

2013-06-07-13-03-02.443539-CEST  MainProcess : INFO       
    From: ASR        To: HUB        Command: asr_end() 

2013-06-07-13-03-02.495404-CEST  SLU-4      : DEBUG      
    SLU Hypothesis
    ------------------------------------------------------------
    
    

2013-06-07-13-03-02.503111-CEST  DM-5       : DEBUG      
    DM Output
    ------------------------------------------------------------
    notunderstood()&help(from_stop)
    

2013-06-07-13-03-02.511161-CEST  MainProcess : INFO       
    From: SLU        To: HUB        Command: slu_parsed() 

2013-06-07-13-03-02.547670-CEST  NLG-6      : DEBUG      
    NLG Output
    ------------------------------------------------------------
    Nerozuměla jsem. Jěště jednou prosím. Řekněte například chtěla bych jet z Malostranského náměstí.
    

2013-06-07-13-03-02.556486-CEST  MainProcess : INFO       
    From: DM         To: HUB        Command: dm_da_generated() 

2013-06-07-13-03-02.565132-CEST  TTS-7      : DEBUG      
    From: HUB        To: TTS        Command: keeplast() 

2013-06-07-13-03-02.572645-CEST  MainProcess : INFO       
    From: NLG        To: HUB        Command: nlg_text_generated() 

2013-06-07-13-03-02.580791-CEST  MainProcess : INFO       
    From: TTS        To: HUB        Command: tts_start(user_id="None",text="Nerozuměla jsem. Jěště jednou prosím. Řekněte například chtěla bych jet z Malostranského náměstí.") 

2013-06-07-13-03-03.796780-CEST  MainProcess : INFO       
    From: TTS        To: HUB        Command: tts_end(user_id="None",text="Nerozuměla jsem. Jěště jednou prosím. Řekněte například chtěla bych jet z Malostranského náměstí.") 

2013-06-07-13-03-05.387511-CEST  MainProcess : INFO       
    From: VoipIO     To: HUB        Command: play_utterance_end(user_id="None") 

2013-06-07-13-03-05.401079-CEST  MainProcess : INFO       
    From: VoipIO     To: HUB        Command: play_utterance_start(user_id="None") 

2013-06-07-13-03-10.959664-CEST  VoipIO-1   : DEBUG      
    CallCallback::on_state : Call with "00420221914256" <sip:00420221914256@195.113.20.160> is DISCONNCTD last code = 200 (Normal call clearing)

2013-06-07-13-03-11.122904-CEST  VoipIO-1   : DEBUG      
    VoipIO::on_call_disconnected

2013-06-07-13-03-11.135575-CEST  MainProcess : INFO       
    From: VoipIO     To: HUB        Command: call_disconnected(remote_uri="00420221914256") 

2013-06-07-13-03-11.144147-CEST  ASR-3      : DEBUG      
    From: HUB        To: ASR        Command: flush() 

2013-06-07-13-03-11.152658-CEST  TTS-7      : DEBUG      
    From: HUB        To: TTS        Command: flush() 

2013-06-07-13-03-11.160781-CEST  SLU-4      : DEBUG      
    From: HUB        To: SLU        Command: flush() 

2013-06-07-13-03-11.168685-CEST  VoipIO-1   : DEBUG      
    From: HUB        To: VoipIO     Command: flush() 

2013-06-07-13-03-11.176772-CEST  DM-5       : DEBUG      
    From: HUB        To: DM         Command: flush() 

2013-06-07-13-03-11.185115-CEST  NLG-6      : DEBUG      
    From: HUB        To: NLG        Command: flush() 

2013-06-07-13-03-11.193650-CEST  DM-5       : DEBUG      
    From: HUB        To: DM         Command: end_dialogue() 

