2013-07-11-11-17-56.520965-CEST  VoipIO-1   : DEBUG      
    CallCallback::on_state : Call with "00420221914256" <sip:00420221914256@195.113.20.160> is CONNECTING last code = 200 (OK)

2013-07-11-11-17-56.525983-CEST  VoipIO-1   : DEBUG      
    VoipIO::on_call_connecting

2013-07-11-11-17-56.531750-CEST  VoipIO-1   : DEBUG      
    CallCallback::on_state : Call with "00420221914256" <sip:00420221914256@195.113.20.160> is CONFIRMED last code = 200 (OK)

2013-07-11-11-17-56.553272-CEST  MainProcess : SYSTEM-LOG 
    config = { 'ASR': { 'Google': { 'debug': False, 'language': 'cs', 'maxresults': 20},
               'Julius': { 'adinnetport': 5530,
                           'binary': '/usr/local/bin/julius',
                           'debug': False,
                           'hostname': 'localhost',
                           'jconf': { '-adport': '5530',
                                      '-b': '1000',
                                      '-b2': '100',
                                      '-cmnload': 'cmn.param',
                                      '-cmnmapweight': '200',
                                      '-cmnsave': 'cmn.param',
                                      '-confnet': '',
                                      '-fallback1pass': '',
                                      '-gprune': 'safe',
                                      '-h': '/mnt/h/jurcicek/vystadial-git/alex/resources/asr/voip_en/hmmdefs',
                                      '-hlist': '/mnt/h/jurcicek/vystadial-git/alex/resources/asr/voip_en/tiedlist',
                                      '-htkconf': '/mnt/h/jurcicek/vystadial-git/alex/resources/asr/voip_en/config',
                                      '-input': 'adinnet',
                                      '-iwsp': '',
                                      '-iwsppenalty': '0.0',
                                      '-lmp': '15.0 0.0',
                                      '-lmp2': '15.0 0.0',
                                      '-mapunk': 'UM',
                                      '-module': '10500',
                                      '-n': '50',
                                      '-nlr': '/mnt/h/jurcicek/vystadial-git/alex/resources/lm/caminfo/julius_arpa_bigram',
                                      '-no_ccd': '',
                                      '-nrl': '/mnt/h/jurcicek/vystadial-git/alex/resources/lm/caminfo/julius_arpa_rev_bigram',
                                      '-silhead': '<s>',
                                      '-siltail': '</s>',
                                      '-spmodel': 'sp',
                                      '-tmix': '4',
                                      '-v': '/mnt/h/jurcicek/vystadial-git/alex/resources/lm/caminfo/julius_dict'},
                           'jconffile': 'julius.jconf',
                           'killall': False,
                           'logfile': 'julius.log',
                           'msg_timeout': 0.3,
                           'pidfile': 'julius.pid',
                           'reuse_server': False,
                           'serverport': 10500,
                           'start_max_wait_time': 15,
                           'start_wait_time': 0.5,
                           'timeout': 2.0},
               'Kaldi': { 'LM_scale': -6666.66,
                          'hypothesis_type': 'nblist',
                          'lat_depth': 666666,
                          'model': 'TODO_path_to_model'},
               'debug': True,
               'type': 'Google'},
      'AlexOnTheBus': { 'max_turns': 120},
      'Analytics': Analytics(account_id='UA-41905278-1', domain_name='cuni.cz'),
      'Audio': { 'sample_rate': 16000, 'samples_per_frame': 256},
      'AudioIO': { 'debug': True, 'output_dir': './aio_call_log', 'play_buffer_size': 1024},
      'DM': { 'PUfalRuleDM': { 'code_submit_url': None,
                               'db_cfg': '/mnt/h/jurcicek/vystadial-git/alex/resources/../applications/CamInfoRest/cued_data/CIRdbase_V7_noloc.txt',
                               'ontology': '/mnt/h/jurcicek/vystadial-git/alex/resources/../applications/CamInfoRest/ontology.cfg',
                               'provide_code': False},
              'UfalRuleDM': { 'code_submit_url': None,
                              'db_cfg': '/mnt/h/jurcicek/vystadial-git/alex/resources/../applications/CamInfoRest/cued_data/CIRdbase_V7_noloc.txt',
                              'ontology': '/mnt/h/jurcicek/vystadial-git/alex/resources/../applications/CamInfoRest/ontology.cfg',
                              'provide_code': False},
              'basic': { 'debug': True, 'silence_timeout': 10.0},
              'debug': True,
              'dialogue_policy': { 'type': <class 'alex.applications.AlexOnTheBus.aotb_hdc_policy.AOTBHDCPolicy'>},
              'dialogue_state': { 'type': <class 'alex.components.dm.dddstate.DeterministicDiscriminativeDialogueState'>},
              'input_timeout': 3.0,
              'ontology': '/mnt/h/jurcicek/vystadial-git/alex/applications/AlexOnTheBus/data/ontology.py',
              'type': 'basic'},
      'General': { 'debug': False, 'include': ['/mnt/h/jurcicek/vystadial-git/alex/resources/private/default.cfg']},
      'Hub': { 'history_file': 'hub_history_hub.txt', 'history_length': 1000, 'main_loop_sleep_time': 0.002},
      'Logging': { 'excepthook': ExceptionHook(
            ExceptionHook
              Hook Type: log
              Hook Logger: SystemLogger(output_dir=./call_logs, stdout_log_level='DEBUG', stdout=True, file_log_level='DEBUG')),
                   'session_logger': SessionLogger(),
                   'system_logger': SystemLogger(output_dir=/net/projects/vystadial/data/call-logs/2013-05-30-alex-aotb-prototype/new, stdout_log_level='DEBUG', stdout=True, file_log_level='DEBUG'),
                   'system_name': u'Alex On The Bus - Live',
                   'version': u'1.0'},
      'NLG': { 'Template': { 'model': '/mnt/h/jurcicek/vystadial-git/alex/applications/AlexOnTheBus/nlg_templates.cfg'},
               'debug': True,
               'type': 'Template'},
      'SHub': { 'history_file': 'hub_history_shub.txt', 'history_length': 1000},
      'SLU': { 'cl-tracing': { 'cldb_fname': '/mnt/h/jurcicek/vystadial-git/alex/applications/CamInfoRest/data/database.py',
                               'do_preprocessing': True,
                               'features_type': ('ngram', 'ab_ngram'),
                               'testing': { 'max_examples': None,
                                            'min_perc': 80,
                                            'model_fname': '/mnt/h/jurcicek/vystadial-git/alex/applications/CamInfoRest/models/130516_minf60-minfc35-mind60.slu_model.gz',
                                            'renormalise': True,
                                            'threshold': None,
                                            'vanilla': True},
                               'training': { 'abstractions': ('abstract',), 'models_dir': 'models'}},
               'debug': True,
               'type': <class 'alex.applications.AlexOnTheBus.aotb_slu.AOTBSLU'>,
               <class 'alex.applications.AlexOnTheBus.aotb_slu.AOTBSLU'>: { 'cldb_fname': '/mnt/h/jurcicek/vystadial-git/alex/applications/AlexOnTheBus/data/database.py',
                                                                            'preprocessing_cls': <class 'alex.applications.AlexOnTheBus.aotb_preprocessing.AOTBSLUPreprocessing'>,
                                                                            'training': { 'models_dir': 'models'}}},
      'THub': { 'history_file': 'hub_history_thub.txt', 'history_length': 1000},
      'TTS': { 'Flite': { 'debug': False,
                          'preprocessing': '/mnt/h/jurcicek/vystadial-git/alex/resources/tts/prep_flite_en.cfg',
                          'voice': 'kal16'},
               'Google': { 'debug': False,
                           'language': 'en',
                           'preprocessing': '/mnt/h/jurcicek/vystadial-git/alex/resources/tts/prep_google_en.cfg'},
               'SpeechTech': { 'debug': True,
                               'login': 'filipjurcicek',
    # this line was removed since it included a password
                               'preprocessing': '/mnt/h/jurcicek/vystadial-git/alex/resources/tts/prep_speechtech_cs.cfg',
                               'voice': 'Iva210'},
               'VoiceRSS': { 'api_key': '3b6a9fca5d724b1c8ac34691586cdda1'},
               'VoiceRss': { 'language': 'en-gb',
                             'preprocessing': '/mnt/h/jurcicek/vystadial-git/alex/resources/tts/prep_voicerss_en.cfg'},
               'debug': True,
               'in_between_segments_silence': 0.1,
               'type': 'SpeechTech'},
      'VAD': { 'debug': False,
               'decision_frames_sil': 25,
               'decision_frames_speech': 10,
               'decision_non_speech_threshold': 0.2,
               'decision_speech_threshold': 0.7,
               'gmm': { 'ceplifter': 22,
                        'enormalise': True,
                        'filter_length': 5,
                        'frameshift': 160,
                        'framesize': 512,
                        'frontend': 'MFCC',
                        'hifreq': 3800,
                        'lofreq': 125,
                        'numceps': 12,
                        'numchans': 26,
                        'preemcoef': 0.97,
                        'sil_model': '/mnt/h/jurcicek/vystadial-git/alex/resources/vad/voip_en/vad_sil_sds_mfcc_m064_f100000.gmm',
                        'speech_model': '/mnt/h/jurcicek/vystadial-git/alex/resources/vad/voip_en/vad_speech_sds_mfcc_m064_f100000.gmm',
                        'useacc': True,
                        'usec0': False,
                        'usecmn': False,
                        'usedelta': True,
                        'usehamming': True,
                        'usepower': True,
                        'zmeansource': True},
               'power': { 'adaptation_frames': 30, 'threshold': 70, 'threshold_multiplier': 1.0},
               'speech_buffer_frames': 20,
               'type': 'gmm'},
      'VoipHub': { 'blacklist_for': 7200,
                   'call_db': u'/net/projects/vystadial/data/call-logs/2013-05-30-alex-aotb-prototype/new/call_db.pckl',
                   'hard_time_limit': 360,
                   'hard_turn_limit': 120,
                   'history_length': 1000,
                   'last_period_max_num_calls': 20,
                   'last_period_max_total_time': 1800,
                   'limit_reached_message': u'D\u011bkujeme za zavol\xe1n\xed, ale u\u017e jste volali hodn\u011b. Pros\xedm zavolejte pozd\u011bji. Na shledanou.',
                   'period': 172800,
                   'pid_file': u'/net/projects/vystadial/data/call-logs/2013-05-30-alex-aotb-prototype/new/vhub_live.pid',
                   'wait_time_before_calling_back': 10},
      'VoipIO': { 'allowed_hosts': '',
                  'allowed_phone_numbers': '(^[234567])',
                  'allowed_users': '(^[234567])',
                  'debug': True,
                  'domain': 'vystadial.ms.mff.cuni.cz',
                  'forbidden_hosts': '',
                  'forbidden_phone_number': '(^112$|^150$|^155$|^156$|^158$)',
                  'forbidden_users': '(^112$|^150$|^155$|^156$|^158$)',
    # this line was removed since it included a password
                  'pjsip_log_level': 3,
                  'reject_calls': False,
                  'user': '800899998'},
      'WebHub': { 'port': 8000},
      'corpustools': { 'get_jasr_confnets': { 'frame_size': 256, 'rt_ratio': 0.2}}}

2013-07-11-11-17-56.571400-CEST  VoipIO-1   : DEBUG      
    VoipIO::on_call_confirmed

2013-07-11-11-17-56.618728-CEST  MainProcess : INFO       
    #124715 Time: 2013-07-11-11-17-56.527399-CEST From: VoipIO     To: HUB        Command: call_connecting(remote_uri="00420221914256") 

2013-07-11-11-17-56.626090-CEST  MainProcess : INFO       
    #124716 Time: 2013-07-11-11-17-56.572719-CEST From: VoipIO     To: HUB        Command: call_confirmed(remote_uri="00420221914256") 

2013-07-11-11-17-56.632379-CEST  MainProcess : INFO       
    
    ========================================================================================================================
    Incoming call from :          00420221914256
    ------------------------------------------------------------------------------------------------------------------------
    Total calls:                  1
    Total time (min):             1.4
    Last period total calls:      1
    Last period total time (min): 1.4
    ------------------------------------------------------------------------------------------------------------------------
    CALL ACCEPTED
    ========================================================================================================================
    

2013-07-11-11-17-56.637791-CEST  DM-5       : DEBUG      
    #124720 Time: 2013-07-11-11-17-56.629388-CEST From: HUB        To: DM         Command: new_dialogue() 

2013-07-11-11-17-56.658890-CEST  DM-5       : DEBUG      
    DM Output
    ------------------------------------------------------------
    hello()
    

2013-07-11-11-17-56.671249-CEST  MainProcess : INFO       
    #124723 Time: 2013-07-11-11-17-56.666216-CEST From: DM         To: HUB        DA: hello() 

2013-07-11-11-17-56.679174-CEST  NLG-6      : DEBUG      
    #124725 Time: 2013-07-11-11-17-56.674469-CEST From: HUB        To: NLG        DA: hello() 

2013-07-11-11-17-56.683366-CEST  NLG-6      : DEBUG      
    NLG Output
    ------------------------------------------------------------
    Dobrý den. Hovor je nahráván. Více informací o této službě je na internetu. Jak Vám mohu pomoci. 
    

2013-07-11-11-17-56.695091-CEST  MainProcess : INFO       
    #124727 Time: 2013-07-11-11-17-56.690722-CEST From: NLG        To: HUB        Command: nlg_text_generated() 

2013-07-11-11-17-56.700122-CEST  MainProcess : INFO       
    #124729 Time: 2013-07-11-11-17-56.692006-CEST From: TTS        To: HUB        Command: tts_start(user_id="None",text="Dobrý den. Hovor je nahráván. Více informací o této službě je na internetu. Jak Vám mohu pomoci. ") 

2013-07-11-11-17-56.709712-CEST  MainProcess : INFO       
    #124731 Time: 2013-07-11-11-17-56.694830-CEST From: VoipIO     To: HUB        Command: play_utterance_start(user_id="None",fname="tts-2013-07-11-11-17-56.691808.wav") 

2013-07-11-11-17-56.844377-CEST  MainProcess : INFO       
    #125237 Time: 2013-07-11-11-17-56.837104-CEST From: TTS        To: HUB        Command: tts_end(user_id="None",text="Dobrý den. Hovor je nahráván. Více informací o této službě je na internetu. Jak Vám mohu pomoci. ",fname="tts-2013-07-11-11-17-56.691808.wav",log="true") 

2013-07-11-11-18-00.587615-CEST  MainProcess : INFO       
    #125475 Time: 2013-07-11-11-18-00.582859-CEST From: VAD        To: HUB        Command: speech_start(fname="vad-2013-07-11-11-18-00.567919.wav") 

2013-07-11-11-18-00.592510-CEST  ASR-3      : DEBUG      
    ASR: speech_start(fname="vad-2013-07-11-11-18-00.567919.wav")

2013-07-11-11-18-00.597253-CEST  MainProcess : INFO       
    #125476 Time: 2013-07-11-11-18-00.584259-CEST From: ASR        To: HUB        Command: asr_start(fname="vad-2013-07-11-11-18-00.567919.wav") 

2013-07-11-11-18-00.970347-CEST  ASR-3      : DEBUG      
    ASR: speech_end(fname="vad-2013-07-11-11-18-00.567919.wav")

2013-07-11-11-18-00.975185-CEST  MainProcess : INFO       
    #125502 Time: 2013-07-11-11-18-00.967063-CEST From: VAD        To: HUB        Command: speech_end(fname="vad-2013-07-11-11-18-00.567919.wav") 

2013-07-11-11-18-01.277146-CEST  ASR-3      : DEBUG      
    ASR Hypothesis
    ------------------------------------------------------------
    1.000 __silence__
    0.000 __other__
    

2013-07-11-11-18-01.292213-CEST  MainProcess : INFO       
    #125523 Time: 2013-07-11-11-18-01.286318-CEST From: ASR        To: HUB        Command: asr_end(fname="vad-2013-07-11-11-18-00.567919.wav") 

2013-07-11-11-18-01.297200-CEST  SLU-4      : DEBUG      
    SLU Hypothesis
    ------------------------------------------------------------
    1.000 silence()
    

2013-07-11-11-18-01.311612-CEST  MainProcess : INFO       
    #125525 Time: 2013-07-11-11-18-01.307333-CEST From: SLU        To: HUB        Command: slu_parsed(fname="vad-2013-07-11-11-18-00.567919.wav") 

2013-07-11-11-18-01.316091-CEST  DM-5       : DEBUG      
    DDDState Dialogue Act in: silence()

2013-07-11-11-18-01.319938-CEST  DM-5       : DEBUG      
    Context Resolution - Dialogue Act: silence()

2013-07-11-11-18-01.324046-CEST  DM-5       : DEBUG      
    DDDState - Dialogue state content:
    
    ludait = silence
    silence_time = 0.0
    
    
    
    

2013-07-11-11-18-01.327915-CEST  DM-5       : DEBUG      
    DDDState - Dialogue state update
    
    Requested slots:
    {}
    Confirmed slots:
    {}
    Non-informed slots:
    {u'silence_time': 0.0}

2013-07-11-11-18-01.353895-CEST  DM-5       : DEBUG      
    DM Output
    ------------------------------------------------------------
    silence()
    

2013-07-11-11-18-01.453618-CEST  MainProcess : INFO       
    #125535 Time: 2013-07-11-11-18-01.449664-CEST From: DM         To: HUB        DA: silence() 

2013-07-11-11-18-04.611458-CEST  MainProcess : INFO       
    #125700 Time: 2013-07-11-11-18-04.050657-CEST From: VoipIO     To: HUB        Command: play_utterance_end(user_id="None",fname="tts-2013-07-11-11-17-56.691808.wav) 

2013-07-11-11-18-06.687662-CEST  ASR-3      : DEBUG      
    ASR: speech_start(fname="vad-2013-07-11-11-18-06.658617.wav")

2013-07-11-11-18-06.692123-CEST  MainProcess : INFO       
    #125866 Time: 2013-07-11-11-18-06.683793-CEST From: VAD        To: HUB        Command: speech_start(fname="vad-2013-07-11-11-18-06.658617.wav") 

2013-07-11-11-18-06.698420-CEST  MainProcess : INFO       
    #125867 Time: 2013-07-11-11-18-06.684036-CEST From: ASR        To: HUB        Command: asr_start(fname="vad-2013-07-11-11-18-06.658617.wav") 

2013-07-11-11-18-10.069499-CEST  ASR-3      : DEBUG      
    ASR: speech_end(fname="vad-2013-07-11-11-18-06.658617.wav")

2013-07-11-11-18-10.075031-CEST  MainProcess : INFO       
    #126081 Time: 2013-07-11-11-18-10.064304-CEST From: VAD        To: HUB        Command: speech_end(fname="vad-2013-07-11-11-18-06.658617.wav") 

2013-07-11-11-18-11.279930-CEST  ASR-3      : DEBUG      
    ASR Hypothesis
    ------------------------------------------------------------
    0.590 chtěl bych zastavit letňanská domovské náměstí
    0.055 chtěl bych se zeptat letňanská domovské náměstí
    0.051 chtěl bych jet zastávky letňanská domovské náměstí
    0.047 chtěl bych být zastávky letňanská domovské náměstí
    0.043 chtěl bych zastavit letňanská domov náměstí
    0.039 chtěl bych jet zastávka letňanská domovské náměstí
    0.035 chtěl bych být zastávka letňanská domovské náměstí
    0.031 chtěl bych se zeptat letňanská domov náměstí
    0.027 chtěl bych jet zastávky letňanská domov náměstí
    0.023 chtěl bych jít zastávky letňanská domovské náměstí
    0.020 chtěl bych být zastávky letňanská domov náměstí
    0.016 chtěl bych mít zastávky letňanská domovské náměstí
    0.012 chtěl bych dostat letňanská domovské náměstí
    0.008 chtěl bych jet zastávka letňanská domov náměstí
    0.004 chtěl bych jít zastávka letňanská domovské náměstí
    0.000 __other__
    

2013-07-11-11-18-11.298636-CEST  MainProcess : INFO       
    #126158 Time: 2013-07-11-11-18-11.293876-CEST From: ASR        To: HUB        Command: asr_end(fname="vad-2013-07-11-11-18-06.658617.wav") 

2013-07-11-11-18-12.172511-CEST  SLU-4      : DEBUG      
    SLU Hypothesis
    ------------------------------------------------------------
    1.000 inform(="Letňanská")
    

2013-07-11-11-18-12.192240-CEST  DM-5       : DEBUG      
    DDDState Dialogue Act in: inform(="Letňanská")

2013-07-11-11-18-12.196886-CEST  MainProcess : INFO       
    #126216 Time: 2013-07-11-11-18-12.187217-CEST From: SLU        To: HUB        Command: slu_parsed(fname="vad-2013-07-11-11-18-06.658617.wav") 

2013-07-11-11-18-12.201136-CEST  DM-5       : DEBUG      
    Context Resolution - Dialogue Act: inform(="Letňanská")

2013-07-11-11-18-12.205585-CEST  DM-5       : DEBUG      
    DDDState - Dialogue state content:
    
    ludait = none
    silence_time = 0.0
    
    
    
    

2013-07-11-11-18-12.209833-CEST  DM-5       : DEBUG      
    DDDState - Dialogue state update
    
    Requested slots:
    {}
    Confirmed slots:
    {}
    Non-informed slots:
    {u'silence_time': 0.0}

2013-07-11-11-18-12.241373-CEST  DM-5       : DEBUG      
    DM Output
    ------------------------------------------------------------
    request(from_stop)&request(to_stop)
    

2013-07-11-11-18-12.260865-CEST  MainProcess : INFO       
    #126222 Time: 2013-07-11-11-18-12.256004-CEST From: DM         To: HUB        DA: request(from_stop)&request(to_stop) 

2013-07-11-11-18-12.268421-CEST  NLG-6      : DEBUG      
    #126223 Time: 2013-07-11-11-18-12.263118-CEST From: HUB        To: NLG        DA: request(from_stop)&request(to_stop) 

2013-07-11-11-18-12.273009-CEST  NLG-6      : DEBUG      
    NLG Output
    ------------------------------------------------------------
    Odkud a kam chcete jet?
    

2013-07-11-11-18-12.292370-CEST  MainProcess : INFO       
    #126228 Time: 2013-07-11-11-18-12.288096-CEST From: NLG        To: HUB        Command: nlg_text_generated() 

2013-07-11-11-18-12.297266-CEST  MainProcess : INFO       
    #126230 Time: 2013-07-11-11-18-12.289023-CEST From: TTS        To: HUB        Command: tts_start(user_id="None",text="Odkud a kam chcete jet?") 

2013-07-11-11-18-12.320442-CEST  MainProcess : INFO       
    #126232 Time: 2013-07-11-11-18-12.290231-CEST From: VoipIO     To: HUB        Command: play_utterance_start(user_id="None",fname="tts-2013-07-11-11-18-12.288845.wav") 

2013-07-11-11-18-12.372532-CEST  MainProcess : INFO       
    #126371 Time: 2013-07-11-11-18-12.366540-CEST From: TTS        To: HUB        Command: tts_end(user_id="None",text="Odkud a kam chcete jet?",fname="tts-2013-07-11-11-18-12.288845.wav",log="true") 

2013-07-11-11-18-14.526171-CEST  MainProcess : INFO       
    #126465 Time: 2013-07-11-11-18-13.843296-CEST From: VoipIO     To: HUB        Command: play_utterance_end(user_id="None",fname="tts-2013-07-11-11-18-12.288845.wav) 

2013-07-11-11-18-16.300271-CEST  MainProcess : INFO       
    #126619 Time: 2013-07-11-11-18-16.294397-CEST From: VAD        To: HUB        Command: speech_start(fname="vad-2013-07-11-11-18-16.265707.wav") 

2013-07-11-11-18-16.305598-CEST  ASR-3      : DEBUG      
    ASR: speech_start(fname="vad-2013-07-11-11-18-16.265707.wav")

2013-07-11-11-18-16.310273-CEST  MainProcess : INFO       
    #126620 Time: 2013-07-11-11-18-16.296191-CEST From: ASR        To: HUB        Command: asr_start(fname="vad-2013-07-11-11-18-16.265707.wav") 

2013-07-11-11-18-17.873296-CEST  ASR-3      : DEBUG      
    ASR: speech_end(fname="vad-2013-07-11-11-18-16.265707.wav")

2013-07-11-11-18-17.878216-CEST  MainProcess : INFO       
    #126722 Time: 2013-07-11-11-18-17.868051-CEST From: VAD        To: HUB        Command: speech_end(fname="vad-2013-07-11-11-18-16.265707.wav") 

2013-07-11-11-18-18.599435-CEST  ASR-3      : DEBUG      
    ASR Hypothesis
    ------------------------------------------------------------
    0.514 zastávky letňanská
    0.108 zastávka letňanská
    0.094 zastávky letenská
    0.081 zastávka letenská
    0.067 zastávky letňanská i
    0.054 zastavka letňanská
    0.040 zastávka letňanská i
    0.027 zastávk letňanská
    0.013 zastavka letenská
    0.000 __other__
    

2013-07-11-11-18-18.628548-CEST  MainProcess : INFO       
    #126770 Time: 2013-07-11-11-18-18.623913-CEST From: ASR        To: HUB        Command: asr_end(fname="vad-2013-07-11-11-18-16.265707.wav") 

2013-07-11-11-18-19.275447-CEST  SLU-4      : DEBUG      
    SLU Hypothesis
    ------------------------------------------------------------
    0.811 inform(="Letňanská")
    0.189 other()
    

2013-07-11-11-18-19.301380-CEST  MainProcess : INFO       
    #126813 Time: 2013-07-11-11-18-19.295869-CEST From: SLU        To: HUB        Command: slu_parsed(fname="vad-2013-07-11-11-18-16.265707.wav") 

2013-07-11-11-18-19.306099-CEST  DM-5       : DEBUG      
    DDDState Dialogue Act in: inform(="Letňanská")

2013-07-11-11-18-19.311109-CEST  DM-5       : DEBUG      
    Context Resolution - Dialogue Act: inform(from_stop="Letňanská")&inform(to_stop="Letňanská")&inform(="Letňanská")

2013-07-11-11-18-19.317037-CEST  DM-5       : DEBUG      
    DDDState - Dialogue state content:
    
    ludait = none
    alternative = none
    from_centre = none
    from_stop = Letňanská
    silence_time = 0.0
    time = none
    to_centre = none
    to_stop = Letňanská
    
    
    
    

2013-07-11-11-18-19.321784-CEST  DM-5       : DEBUG      
    DDDState - Dialogue state update
    
    Requested slots:
    {}
    Confirmed slots:
    {}
    Non-informed slots:
    {u'to_stop': u'Let\u0148ansk\xe1', u'silence_time': 0.0, u'from_stop': u'Let\u0148ansk\xe1'}

2013-07-11-11-18-19.360338-CEST  DM-5       : DEBUG      
    DM Output
    ------------------------------------------------------------
    iconfirm(to_stop="Letňanská")&iconfirm(from_stop="Letňanská")&apology()&inform(stops_conflict="thesame")&inform(from_stop="Letňanská")&inform(to_stop="Letňanská")
    

2013-07-11-11-18-19.384703-CEST  MainProcess : INFO       
    #126820 Time: 2013-07-11-11-18-19.380086-CEST From: DM         To: HUB        DA: iconfirm(to_stop="Letňanská")&iconfirm(from_stop="Letňanská")&apology()&inform(stops_conflict="thesame")&inform(from_stop="Letňanská")&inform(to_stop="Letňanská") 

2013-07-11-11-18-19.391883-CEST  NLG-6      : DEBUG      
    #126822 Time: 2013-07-11-11-18-19.387591-CEST From: HUB        To: NLG        DA: iconfirm(to_stop="Letňanská")&iconfirm(from_stop="Letňanská")&apology()&inform(stops_conflict="thesame")&inform(from_stop="Letňanská")&inform(to_stop="Letňanská") 

2013-07-11-11-18-19.424238-CEST  NLG-6      : DEBUG      
    NLG Output
    ------------------------------------------------------------
    Do zastávky Letňanská. Dobře, ze zastávky Letňanská. Promiňte. Něco tady mám špatně. Jméno výchozí a cílové zastávky je stejné. Ze zastávky Letňanská. Do zastávky Letňanská.
    

2013-07-11-11-18-19.448847-CEST  MainProcess : INFO       
    #126826 Time: 2013-07-11-11-18-19.444475-CEST From: NLG        To: HUB        Command: nlg_text_generated() 

2013-07-11-11-18-19.455486-CEST  MainProcess : INFO       
    #126829 Time: 2013-07-11-11-18-19.450394-CEST From: TTS        To: HUB        Command: tts_start(user_id="None",text="Do zastávky Letňanská. Dobře, ze zastávky Letňanská. Promiňte. Něco tady mám špatně. Jméno výchozí a cílové zastávky je stejné. Ze zastávky Letňanská. Do zastávky Letňanská.") 

2013-07-11-11-18-19.490177-CEST  MainProcess : INFO       
    #126832 Time: 2013-07-11-11-18-19.455985-CEST From: VoipIO     To: HUB        Command: play_utterance_start(user_id="None",fname="tts-2013-07-11-11-18-19.445829.wav") 

2013-07-11-11-18-20.920204-CEST  MainProcess : INFO       
    #127899 Time: 2013-07-11-11-18-20.912121-CEST From: TTS        To: HUB        Command: tts_end(user_id="None",text="Do zastávky Letňanská. Dobře, ze zastávky Letňanská. Promiňte. Něco tady mám špatně. Jméno výchozí a cílové zastávky je stejné. Ze zastávky Letňanská. Do zastávky Letňanská.",fname="tts-2013-07-11-11-18-19.445829.wav",log="true") 

2013-07-11-11-18-35.711144-CEST  MainProcess : INFO       
    #128776 Time: 2013-07-11-11-18-34.928996-CEST From: VoipIO     To: HUB        Command: play_utterance_end(user_id="None",fname="tts-2013-07-11-11-18-19.445829.wav) 

2013-07-11-11-18-38.312072-CEST  MainProcess : INFO       
    #128989 Time: 2013-07-11-11-18-38.308412-CEST From: VAD        To: HUB        Command: speech_start(fname="vad-2013-07-11-11-18-38.270039.wav") 

2013-07-11-11-18-38.317121-CEST  ASR-3      : DEBUG      
    ASR: speech_start(fname="vad-2013-07-11-11-18-38.270039.wav")

2013-07-11-11-18-38.321758-CEST  MainProcess : INFO       
    #128990 Time: 2013-07-11-11-18-38.310695-CEST From: ASR        To: HUB        Command: asr_start(fname="vad-2013-07-11-11-18-38.270039.wav") 

2013-07-11-11-18-39.954622-CEST  ASR-3      : DEBUG      
    ASR: speech_end(fname="vad-2013-07-11-11-18-38.270039.wav")

2013-07-11-11-18-39.959310-CEST  MainProcess : INFO       
    #129096 Time: 2013-07-11-11-18-39.950526-CEST From: VAD        To: HUB        Command: speech_end(fname="vad-2013-07-11-11-18-38.270039.wav") 

2013-07-11-11-18-40.584011-CEST  ASR-3      : DEBUG      
    ASR Hypothesis
    ------------------------------------------------------------
    0.582 zastávka letňanská
    0.046 ze zastávky letňanská
    0.044 zastávka vojenská
    0.041 zastávka letenská
    0.038 zastávka německa
    0.036 zastávka orionka
    0.033 ze zastávky letenská
    0.030 ze zastávky německa
    0.027 zastávky letňanská
    0.025 z zastávky letňanská
    0.022 zastávka u německa
    0.019 zastávky letenská
    0.016 zastavka německa
    0.014 zastavka letňanská
    0.011 za zastávky letňanská
    0.008 z zastávky letenská
    0.005 zastavka letenská
    0.003 za zastávky letenská
    0.000 __other__
    

2013-07-11-11-18-40.613242-CEST  MainProcess : INFO       
    #129137 Time: 2013-07-11-11-18-40.609343-CEST From: ASR        To: HUB        Command: asr_end(fname="vad-2013-07-11-11-18-38.270039.wav") 

2013-07-11-11-18-41.574447-CEST  SLU-4      : DEBUG      
    SLU Hypothesis
    ------------------------------------------------------------
    0.623 inform(="Letňanská")
    0.260 other()
    0.082 inform(from_stop="Letňanská")
    0.036 inform(="Orionka")
    

2013-07-11-11-18-41.594987-CEST  MainProcess : INFO       
    #129201 Time: 2013-07-11-11-18-41.591434-CEST From: SLU        To: HUB        Command: slu_parsed(fname="vad-2013-07-11-11-18-38.270039.wav") 

2013-07-11-11-18-41.598859-CEST  DM-5       : DEBUG      
    DDDState Dialogue Act in: inform(="Letňanská")

2013-07-11-11-18-41.602505-CEST  DM-5       : DEBUG      
    Context Resolution - Dialogue Act: inform(="Letňanská")

2013-07-11-11-18-41.606082-CEST  DM-5       : DEBUG      
    DDDState - Dialogue state content:
    
    ludait = none
    alternative = none
    from_centre = none
    from_stop = Letňanská
    silence_time = 0.0
    time = none
    to_centre = none
    to_stop = Letňanská
    
    rh_from_stop = system-informed
    rh_stops_conflict = system-informed
    rh_to_stop = system-informed
    
    ch_from_stop = system-informed
    ch_stops_conflict = system-informed
    ch_to_stop = system-informed
    
    sh_from_stop = system-informed
    sh_stops_conflict = system-informed
    sh_to_stop = system-informed
    

2013-07-11-11-18-41.609893-CEST  DM-5       : DEBUG      
    DDDState - Dialogue state update
    
    Requested slots:
    {}
    Confirmed slots:
    {}
    Non-informed slots:
    {u'silence_time': 0.0}

2013-07-11-11-18-41.644835-CEST  DM-5       : DEBUG      
    DM Output
    ------------------------------------------------------------
    apology()&inform(stops_conflict="thesame")&inform(from_stop="Letňanská")&inform(to_stop="Letňanská")
    

2013-07-11-11-18-41.670069-CEST  MainProcess : INFO       
    #129209 Time: 2013-07-11-11-18-41.666046-CEST From: DM         To: HUB        DA: apology()&inform(stops_conflict="thesame")&inform(from_stop="Letňanská")&inform(to_stop="Letňanská") 

2013-07-11-11-18-41.678482-CEST  NLG-6      : DEBUG      
    #129210 Time: 2013-07-11-11-18-41.673309-CEST From: HUB        To: NLG        DA: apology()&inform(stops_conflict="thesame")&inform(from_stop="Letňanská")&inform(to_stop="Letňanská") 

2013-07-11-11-18-41.684872-CEST  NLG-6      : DEBUG      
    NLG Output
    ------------------------------------------------------------
    Něco tady mám špatně. Předpokládám, že nechcete jet ze stanice Letňanská do stanice Letňanská.
    

2013-07-11-11-18-41.706236-CEST  MainProcess : INFO       
    #129211 Time: 2013-07-11-11-18-41.702662-CEST From: NLG        To: HUB        Command: nlg_text_generated() 

2013-07-11-11-18-41.712554-CEST  MainProcess : INFO       
    #129213 Time: 2013-07-11-11-18-41.707387-CEST From: TTS        To: HUB        Command: tts_start(user_id="None",text="Něco tady mám špatně. Předpokládám, že nechcete jet ze stanice Letňanská do stanice Letňanská.") 

2013-07-11-11-18-41.749785-CEST  MainProcess : INFO       
    #129216 Time: 2013-07-11-11-18-41.713439-CEST From: VoipIO     To: HUB        Command: play_utterance_start(user_id="None",fname="tts-2013-07-11-11-18-41.703437.wav") 

2013-07-11-11-18-43.179338-CEST  MainProcess : INFO       
    #129754 Time: 2013-07-11-11-18-43.171828-CEST From: TTS        To: HUB        Command: tts_end(user_id="None",text="Něco tady mám špatně. Předpokládám, že nechcete jet ze stanice Letňanská do stanice Letňanská.",fname="tts-2013-07-11-11-18-41.703437.wav",log="true") 

2013-07-11-11-18-48.836569-CEST  MainProcess : INFO       
    #130067 Time: 2013-07-11-11-18-48.156703-CEST From: VoipIO     To: HUB        Command: play_utterance_end(user_id="None",fname="tts-2013-07-11-11-18-41.703437.wav) 

2013-07-11-11-18-50.444565-CEST  MainProcess : INFO       
    #130213 Time: 2013-07-11-11-18-50.438990-CEST From: VAD        To: HUB        Command: speech_start(fname="vad-2013-07-11-11-18-50.381405.wav") 

2013-07-11-11-18-50.449367-CEST  ASR-3      : DEBUG      
    ASR: speech_start(fname="vad-2013-07-11-11-18-50.381405.wav")

2013-07-11-11-18-50.455695-CEST  MainProcess : INFO       
    #130214 Time: 2013-07-11-11-18-50.441062-CEST From: ASR        To: HUB        Command: asr_start(fname="vad-2013-07-11-11-18-50.381405.wav") 

2013-07-11-11-18-52.329805-CEST  MainProcess : INFO       
    #130332 Time: 2013-07-11-11-18-52.325153-CEST From: VAD        To: HUB        Command: speech_end(fname="vad-2013-07-11-11-18-50.381405.wav") 

2013-07-11-11-18-52.334942-CEST  ASR-3      : DEBUG      
    ASR: speech_end(fname="vad-2013-07-11-11-18-50.381405.wav")

2013-07-11-11-18-52.907678-CEST  ASR-3      : DEBUG      
    ASR Hypothesis
    ------------------------------------------------------------
    0.516 do stanice malostranské náměstí
    0.054 dostaňte malostranské náměstí
    0.051 dostaň se malostranské náměstí
    0.047 do stanic malostranské náměstí
    0.044 kdo stanici malostranské náměstí
    0.041 do stanice malostranském náměstí
    0.038 do stanici malostranské náměstí
    0.035 dostaňte malostranském náměstí
    0.032 do stanice malostranský náměstí
    0.028 dostaň se malostranském náměstí
    0.025 dostaňte malostranský náměstí
    0.022 do stanic malostranském náměstí
    0.019 kdo stanici malostranském náměstí
    0.016 do stanici malostranském náměstí
    0.013 dostaň se malostranský náměstí
    0.009 do stanic malostranský náměstí
    0.006 kdo stanici malostranský náměstí
    0.003 do stanici malostranský náměstí
    0.000 __other__
    

2013-07-11-11-18-52.946408-CEST  MainProcess : INFO       
    #130373 Time: 2013-07-11-11-18-52.940905-CEST From: ASR        To: HUB        Command: asr_end(fname="vad-2013-07-11-11-18-50.381405.wav") 

2013-07-11-11-18-54.010673-CEST  SLU-4      : DEBUG      
    SLU Hypothesis
    ------------------------------------------------------------
    0.601 inform(to_stop="Malostranské náměstí")
    0.250 other()
    0.149 inform(="Malostranské náměstí")
    

2013-07-11-11-18-54.050873-CEST  MainProcess : INFO       
    #130443 Time: 2013-07-11-11-18-54.045958-CEST From: SLU        To: HUB        Command: slu_parsed(fname="vad-2013-07-11-11-18-50.381405.wav") 

2013-07-11-11-18-54.055285-CEST  DM-5       : DEBUG      
    DDDState Dialogue Act in: inform(to_stop="Malostranské náměstí")

2013-07-11-11-18-54.060142-CEST  DM-5       : DEBUG      
    Context Resolution - Dialogue Act: inform(to_stop="Malostranské náměstí")

2013-07-11-11-18-54.064781-CEST  DM-5       : DEBUG      
    DDDState - Dialogue state content:
    
    ludait = none
    alternative = none
    from_centre = none
    from_stop = Letňanská
    silence_time = 0.0
    time = none
    to_centre = none
    to_stop = Malostranské náměstí
    
    rh_from_stop = system-informed
    rh_stops_conflict = system-informed
    rh_to_stop = system-informed
    
    ch_from_stop = system-informed
    ch_stops_conflict = system-informed
    ch_to_stop = system-informed
    
    sh_from_stop = system-informed
    sh_stops_conflict = system-informed
    sh_to_stop = system-informed
    

2013-07-11-11-18-54.069297-CEST  DM-5       : DEBUG      
    DDDState - Dialogue state update
    
    Requested slots:
    {}
    Confirmed slots:
    {}
    Non-informed slots:
    {u'silence_time': 0.0}

2013-07-11-11-18-54.386780-CEST  DM-5       : DEBUG      
    DM Output
    ------------------------------------------------------------
    inform(found_directions="true")&inform(alternative="1")&inform(vehicle="BUS")&inform(line="201")&inform(go_at="11:29")&inform(enter_at="Letňanská")&inform(headsign="Nádraží Holešovice")&inform(exit_at="Nádraží Holešovice")&inform(transfer="true")&inform(vehicle="TRAM")&inform(line="12")&inform(go_at="12:00")&inform(enter_at="Nádraží Holešovice")&inform(headsign="Sídliště Barrandov")&inform(exit_at="Malostranské náměstí")
    

2013-07-11-11-18-54.429773-CEST  MainProcess : INFO       
    #130469 Time: 2013-07-11-11-18-54.422808-CEST From: DM         To: HUB        DA: inform(found_directions="true")&inform(alternative="1")&inform(vehicle="BUS")&inform(line="201")&inform(go_at="11:29")&inform(enter_at="Letňanská")&inform(headsign="Nádraží Holešovice")&inform(exit_at="Nádraží Holešovice")&inform(transfer="true")&inform(vehicle="TRAM")&inform(line="12")&inform(go_at="12:00")&inform(enter_at="Nádraží Holešovice")&inform(headsign="Sídliště Barrandov")&inform(exit_at="Malostranské náměstí") 

2013-07-11-11-18-54.437354-CEST  NLG-6      : DEBUG      
    #130470 Time: 2013-07-11-11-18-54.431737-CEST From: HUB        To: NLG        DA: inform(found_directions="true")&inform(alternative="1")&inform(vehicle="BUS")&inform(line="201")&inform(go_at="11:29")&inform(enter_at="Letňanská")&inform(headsign="Nádraží Holešovice")&inform(exit_at="Nádraží Holešovice")&inform(transfer="true")&inform(vehicle="TRAM")&inform(line="12")&inform(go_at="12:00")&inform(enter_at="Nádraží Holešovice")&inform(headsign="Sídliště Barrandov")&inform(exit_at="Malostranské náměstí") 

2013-07-11-11-18-54.788050-CEST  NLG-6      : DEBUG      
    NLG Output
    ------------------------------------------------------------
    Našla jsem následující spojení. Možnost první. Jeďte autobusem číslo 201 v 11:29 ze zastávky Letňanská směrem Nádraží Holešovice. Vystupte na zastávce Nádraží Holešovice. A pak přestupte. Jeďte tramvají číslo 12 v 12:00 ze zastávky Nádraží Holešovice směrem Sídliště Barrandov. Vystupte na zastávce Malostranské náměstí.
    

2013-07-11-11-18-54.831961-CEST  MainProcess : INFO       
    #130495 Time: 2013-07-11-11-18-54.826372-CEST From: NLG        To: HUB        Command: nlg_text_generated() 

2013-07-11-11-18-54.840161-CEST  MainProcess : INFO       
    #130498 Time: 2013-07-11-11-18-54.833503-CEST From: TTS        To: HUB        Command: tts_start(user_id="None",text="Našla jsem následující spojení. Možnost první. Jeďte autobusem číslo 201 v 11:29 ze zastávky Letňanská směrem Nádraží Holešovice. Vystupte na zastávce Nádraží Holešovice. A pak přestupte. Jeďte tramvají číslo 12 v 12:00 ze zastávky Nádraží Holešovice směrem Sídliště Barrandov. Vystupte na zastávce Malostranské náměstí.") 

2013-07-11-11-18-54.903217-CEST  MainProcess : INFO       
    #130501 Time: 2013-07-11-11-18-54.843279-CEST From: VoipIO     To: HUB        Command: play_utterance_start(user_id="None",fname="tts-2013-07-11-11-18-54.827759.wav") 

2013-07-11-11-18-58.260665-CEST  MainProcess : INFO       
    #132501 Time: 2013-07-11-11-18-58.249005-CEST From: TTS        To: HUB        Command: tts_end(user_id="None",text="Našla jsem následující spojení. Možnost první. Jeďte autobusem číslo 201 v 11:29 ze zastávky Letňanská směrem Nádraží Holešovice. Vystupte na zastávce Nádraží Holešovice. A pak přestupte. Jeďte tramvají číslo 12 v 12:00 ze zastávky Nádraží Holešovice směrem Sídliště Barrandov. Vystupte na zastávce Malostranské náměstí.",fname="tts-2013-07-11-11-18-54.827759.wav",log="true") 

2013-07-11-11-19-23.395612-CEST  MainProcess : INFO       
    #134041 Time: 2013-07-11-11-19-22.879030-CEST From: VoipIO     To: HUB        Command: play_utterance_end(user_id="None",fname="tts-2013-07-11-11-18-54.827759.wav) 

2013-07-11-11-19-25.703884-CEST  ASR-3      : DEBUG      
    ASR: speech_start(fname="vad-2013-07-11-11-19-25.620058.wav")

2013-07-11-11-19-25.709098-CEST  MainProcess : INFO       
    #134219 Time: 2013-07-11-11-19-25.699263-CEST From: VAD        To: HUB        Command: speech_start(fname="vad-2013-07-11-11-19-25.620058.wav") 

2013-07-11-11-19-25.715696-CEST  MainProcess : INFO       
    #134220 Time: 2013-07-11-11-19-25.699883-CEST From: ASR        To: HUB        Command: asr_start(fname="vad-2013-07-11-11-19-25.620058.wav") 

2013-07-11-11-19-26.206011-CEST  MainProcess : INFO       
    #134252 Time: 2013-07-11-11-19-26.201923-CEST From: VAD        To: HUB        Command: speech_end(fname="vad-2013-07-11-11-19-25.620058.wav") 

2013-07-11-11-19-26.211284-CEST  ASR-3      : DEBUG      
    ASR: speech_end(fname="vad-2013-07-11-11-19-25.620058.wav")

2013-07-11-11-19-26.569040-CEST  ASR-3      : DEBUG      
    ASR Hypothesis
    ------------------------------------------------------------
    0.329 děkuju
    0.247 děkuji
    0.178 děku
    0.164 deku
    0.082 jakub
    0.000 __other__
    

2013-07-11-11-19-26.617298-CEST  MainProcess : INFO       
    #134280 Time: 2013-07-11-11-19-26.612560-CEST From: ASR        To: HUB        Command: asr_end(fname="vad-2013-07-11-11-19-25.620058.wav") 

2013-07-11-11-19-26.966408-CEST  SLU-4      : DEBUG      
    SLU Hypothesis
    ------------------------------------------------------------
    0.576 thankyou()
    0.424 other()
    

2013-07-11-11-19-27.011142-CEST  MainProcess : INFO       
    #134306 Time: 2013-07-11-11-19-27.006344-CEST From: SLU        To: HUB        Command: slu_parsed(fname="vad-2013-07-11-11-19-25.620058.wav") 

2013-07-11-11-19-27.015746-CEST  DM-5       : DEBUG      
    DDDState Dialogue Act in: thankyou()

2013-07-11-11-19-27.019919-CEST  DM-5       : DEBUG      
    Context Resolution - Dialogue Act: thankyou()

2013-07-11-11-19-27.025322-CEST  DM-5       : DEBUG      
    DDDState - Dialogue state content:
    
    ludait = thankyou
    alternative = none
    from_centre = none
    from_stop = Letňanská
    route_alternative = 0
    silence_time = 0.0
    time = none
    to_centre = none
    to_stop = Malostranské náměstí
    
    rh_alternative = system-informed
    rh_enter_at = system-informed
    rh_exit_at = system-informed
    rh_found_directions = system-informed
    rh_from_stop = system-informed
    rh_go_at = system-informed
    rh_headsign = system-informed
    rh_line = system-informed
    rh_stops_conflict = system-informed
    rh_to_stop = system-informed
    rh_transfer = system-informed
    rh_vehicle = system-informed
    
    ch_alternative = system-informed
    ch_enter_at = system-informed
    ch_exit_at = system-informed
    ch_found_directions = system-informed
    ch_from_stop = system-informed
    ch_go_at = system-informed
    ch_headsign = system-informed
    ch_line = system-informed
    ch_stops_conflict = system-informed
    ch_to_stop = system-informed
    ch_transfer = system-informed
    ch_vehicle = system-informed
    
    sh_alternative = system-informed
    sh_enter_at = system-informed
    sh_exit_at = system-informed
    sh_found_directions = system-informed
    sh_from_stop = system-informed
    sh_go_at = system-informed
    sh_headsign = system-informed
    sh_line = system-informed
    sh_stops_conflict = system-informed
    sh_to_stop = system-informed
    sh_transfer = system-informed
    sh_vehicle = system-informed
    

2013-07-11-11-19-27.030279-CEST  DM-5       : DEBUG      
    DDDState - Dialogue state update
    
    Requested slots:
    {}
    Confirmed slots:
    {}
    Non-informed slots:
    {u'route_alternative': 0, u'silence_time': 0.0}

2013-07-11-11-19-27.127042-CEST  DM-5       : DEBUG      
    DM Output
    ------------------------------------------------------------
    inform(cordiality="true")&hello()
    

2013-07-11-11-19-27.183161-CEST  MainProcess : INFO       
    #134320 Time: 2013-07-11-11-19-27.179164-CEST From: DM         To: HUB        DA: inform(cordiality="true")&hello() 

2013-07-11-11-19-27.190525-CEST  NLG-6      : DEBUG      
    #134321 Time: 2013-07-11-11-19-27.186153-CEST From: HUB        To: NLG        DA: inform(cordiality="true")&hello() 

2013-07-11-11-19-27.194879-CEST  NLG-6      : DEBUG      
    NLG Output
    ------------------------------------------------------------
    Nemáte zač. S čím Vám mohu ještě pomoci.
    

2013-07-11-11-19-27.342515-CEST  MainProcess : INFO       
    #134330 Time: 2013-07-11-11-19-27.336914-CEST From: NLG        To: HUB        Command: nlg_text_generated() 

2013-07-11-11-19-27.346604-CEST  MainProcess : INFO       
    #134332 Time: 2013-07-11-11-19-27.338036-CEST From: TTS        To: HUB        Command: tts_start(user_id="None",text="Nemáte zač. S čím Vám mohu ještě pomoci.") 

2013-07-11-11-19-27.420135-CEST  MainProcess : INFO       
    #134335 Time: 2013-07-11-11-19-27.347748-CEST From: VoipIO     To: HUB        Command: play_utterance_start(user_id="None",fname="tts-2013-07-11-11-19-27.337822.wav") 

2013-07-11-11-19-27.449328-CEST  MainProcess : INFO       
    #134559 Time: 2013-07-11-11-19-27.441468-CEST From: TTS        To: HUB        Command: tts_end(user_id="None",text="Nemáte zač. S čím Vám mohu ještě pomoci.",fname="tts-2013-07-11-11-19-27.337822.wav",log="true") 

2013-07-11-11-19-30.942550-CEST  MainProcess : INFO       
    #134731 Time: 2013-07-11-11-19-30.125914-CEST From: VoipIO     To: HUB        Command: play_utterance_end(user_id="None",fname="tts-2013-07-11-11-19-27.337822.wav) 

2013-07-11-11-19-31.608407-CEST  VoipIO-1   : DEBUG      
    CallCallback::on_state : Call with "00420221914256" <sip:00420221914256@195.113.20.160> is DISCONNCTD last code = 200 (Normal call clearing)

2013-07-11-11-19-31.724349-CEST  VoipIO-1   : DEBUG      
    VoipIO::on_call_disconnected

2013-07-11-11-19-31.729472-CEST  MainProcess : INFO       
    #134824 Time: 2013-07-11-11-19-31.725650-CEST From: VoipIO     To: HUB        Command: call_disconnected(remote_uri="00420221914256") 

