2013-09-04-12-15-28.842075-CEST  VoipIO-1   : DEBUG      
    CallCallback::on_state : Call with "607103683" <sip:607103683@195.113.20.160> is CONNECTING last code = 200 (OK)

2013-09-04-12-15-28.846675-CEST  VoipIO-1   : DEBUG      
    VoipIO::on_call_connecting

2013-09-04-12-15-28.852381-CEST  VoipIO-1   : DEBUG      
    CallCallback::on_state : Call with "607103683" <sip:607103683@195.113.20.160> is CONFIRMED last code = 200 (OK)

2013-09-04-12-15-28.874271-CEST  MainProcess : SYSTEM-LOG 
    config = { 'ASR': { 'Google': { 'debug': False, 'language': 'cs', 'maxresults': 20},
               'Julius': { 'adinnetport': 5530,
                           'binary': '/usr/local/bin/julius',
                           'debug': False,
                           'hostname': 'localhost',
                           'jconf': { '-adport': '5530',
                                      '-b': '1000',
                                      '-b2': '100',
                                      '-cmnload': 'cmn.param',
                                      '-cmnmapweight': '200',
                                      '-cmnsave': 'cmn.param',
                                      '-confnet': '',
                                      '-fallback1pass': '',
                                      '-gprune': 'safe',
                                      '-h': '/mnt/h/jurcicek/vystadial-git-dev/alex/resources/asr/voip_en/hmmdefs',
                                      '-hlist': '/mnt/h/jurcicek/vystadial-git-dev/alex/resources/asr/voip_en/tiedlist',
                                      '-htkconf': '/mnt/h/jurcicek/vystadial-git-dev/alex/resources/asr/voip_en/config',
                                      '-input': 'adinnet',
                                      '-iwsp': '',
                                      '-iwsppenalty': '0.0',
                                      '-lmp': '15.0 0.0',
                                      '-lmp2': '15.0 0.0',
                                      '-mapunk': 'UM',
                                      '-module': '10500',
                                      '-n': '50',
                                      '-nlr': '/mnt/h/jurcicek/vystadial-git-dev/alex/resources/lm/caminfo/julius_arpa_bigram',
                                      '-no_ccd': '',
                                      '-nrl': '/mnt/h/jurcicek/vystadial-git-dev/alex/resources/lm/caminfo/julius_arpa_rev_bigram',
                                      '-silhead': '<s>',
                                      '-siltail': '</s>',
                                      '-spmodel': 'sp',
                                      '-tmix': '4',
                                      '-v': '/mnt/h/jurcicek/vystadial-git-dev/alex/resources/lm/caminfo/julius_dict'},
                           'jconffile': 'julius.jconf',
                           'killall': False,
                           'logfile': 'julius.log',
                           'msg_timeout': 0.3,
                           'pidfile': 'julius.pid',
                           'reuse_server': False,
                           'serverport': 10500,
                           'start_max_wait_time': 15,
                           'start_wait_time': 0.5,
                           'timeout': 2.0},
               'Kaldi': { 'LM_scale': -6666.66,
                          'hypothesis_type': 'nblist',
                          'lat_depth': 666666,
                          'model': 'TODO_path_to_model'},
               'debug': True,
               'type': 'Google'},
      'AlexOnTheBus': { 'max_turns': 120},
      'Analytics': Analytics(account_id='UA-41905278-1', domain_name='cuni.cz'),
      'Audio': { 'sample_rate': 16000, 'samples_per_frame': 256},
      'AudioIO': { 'debug': True, 'output_dir': './aio_call_log', 'play_buffer_size': 1024},
      'DM': { 'PUfalRuleDM': { 'code_submit_url': None,
                               'db_cfg': '/mnt/h/jurcicek/vystadial-git-dev/alex/resources/../applications/CamInfoRest/cued_data/CIRdbase_V7_noloc.txt',
                               'ontology': '/mnt/h/jurcicek/vystadial-git-dev/alex/resources/../applications/CamInfoRest/ontology.cfg',
                               'provide_code': False},
              'UfalRuleDM': { 'code_submit_url': None,
                              'db_cfg': '/mnt/h/jurcicek/vystadial-git-dev/alex/resources/../applications/CamInfoRest/cued_data/CIRdbase_V7_noloc.txt',
                              'ontology': '/mnt/h/jurcicek/vystadial-git-dev/alex/resources/../applications/CamInfoRest/ontology.cfg',
                              'provide_code': False},
              'basic': { 'debug': True, 'silence_timeout': 10.0},
              'debug': True,
              'dialogue_policy': { 'type': <class 'alex.applications.AlexOnTheBus.aotb_hdc_policy.AOTBHDCPolicy'>},
              'dialogue_state': { 'type': <class 'alex.components.dm.dddstate.DeterministicDiscriminativeDialogueState'>},
              'input_timeout': 3.0,
              'ontology': '/mnt/h/jurcicek/vystadial-git-dev/alex/applications/AlexOnTheBus/data/ontology.py',
              'type': 'basic'},
      'General': { 'debug': False, 'include': ['/mnt/h/jurcicek/vystadial-git-dev/alex/resources/private/default.cfg']},
      'Hub': { 'history_file': 'hub_history_hub.txt', 'history_length': 1000, 'main_loop_sleep_time': 0.002},
      'Logging': { 'excepthook': ExceptionHook(
            ExceptionHook
              Hook Type: log
              Hook Logger: SystemLogger(output_dir=./call_logs, stdout_log_level='DEBUG', stdout=True, file_log_level='DEBUG')),
                   'session_logger': SessionLogger(),
                   'system_logger': SystemLogger(output_dir=/net/projects/vystadial/data/call-logs/2013-05-30-alex-aotb-prototype/new, stdout_log_level='DEBUG', stdout=True, file_log_level='DEBUG'),
                   'system_name': u'Alex On The Bus - Live',
                   'version': u'1.0'},
      'NLG': { 'Template': { 'model': '/mnt/h/jurcicek/vystadial-git-dev/alex/applications/AlexOnTheBus/nlg_templates.cfg'},
               'debug': True,
               'type': 'Template'},
      'SHub': { 'history_file': 'hub_history_shub.txt', 'history_length': 1000},
      'SLU': { 'cl-tracing': { 'cldb_fname': '/mnt/h/jurcicek/vystadial-git-dev/alex/applications/CamInfoRest/data/database.py',
                               'do_preprocessing': True,
                               'features_type': ('ngram', 'ab_ngram'),
                               'testing': { 'max_examples': None,
                                            'min_perc': 80,
                                            'model_fname': '/mnt/h/jurcicek/vystadial-git-dev/alex/applications/CamInfoRest/models/130516_minf60-minfc35-mind60.slu_model.gz',
                                            'renormalise': True,
                                            'threshold': None,
                                            'vanilla': True},
                               'training': { 'abstractions': ('abstract',), 'models_dir': 'models'}},
               'debug': True,
               'type': <class 'alex.applications.AlexOnTheBus.aotb_slu.AOTBSLU'>,
               <class 'alex.applications.AlexOnTheBus.aotb_slu.AOTBSLU'>: { 'cldb_fname': '/mnt/h/jurcicek/vystadial-git-dev/alex/applications/AlexOnTheBus/data/database.py',
                                                                            'preprocessing_cls': <class 'alex.applications.AlexOnTheBus.aotb_preprocessing.AOTBSLUPreprocessing'>,
                                                                            'training': { 'models_dir': 'models'}}},
      'THub': { 'history_file': 'hub_history_thub.txt', 'history_length': 1000},
      'TTS': { 'Flite': { 'debug': False,
                          'preprocessing': '/mnt/h/jurcicek/vystadial-git-dev/alex/resources/tts/prep_flite_en.cfg',
                          'tempo': 1.0,
                          'voice': 'kal16'},
               'Google': { 'debug': False,
                           'language': 'en',
                           'preprocessing': '/mnt/h/jurcicek/vystadial-git-dev/alex/resources/tts/prep_google_en.cfg',
                           'tempo': 1.0},
               'SpeechTech': { 'debug': True,
                               'login': 'filipjurcicek',
    # this line was removed since it included a password
                               'preprocessing': '/mnt/h/jurcicek/vystadial-git-dev/alex/resources/tts/prep_speechtech_cs.cfg',
                               'tempo': 1.2,
                               'voice': 'Iva210'},
               'VoiceRSS': { 'api_key': '3b6a9fca5d724b1c8ac34691586cdda1'},
               'VoiceRss': { 'language': 'en-gb',
                             'preprocessing': '/mnt/h/jurcicek/vystadial-git-dev/alex/resources/tts/prep_voicerss_en.cfg',
                             'tempo': 1.0},
               'debug': True,
               'in_between_segments_silence': 0.05,
               'type': 'SpeechTech'},
      'VAD': { 'debug': False,
               'decision_frames_sil': 25,
               'decision_frames_speech': 10,
               'decision_non_speech_threshold': 0.2,
               'decision_speech_threshold': 0.7,
               'gmm': { 'ceplifter': 22,
                        'enormalise': True,
                        'filter_length': 5,
                        'frameshift': 160,
                        'framesize': 512,
                        'frontend': 'MFCC',
                        'hifreq': 3800,
                        'lofreq': 125,
                        'numceps': 12,
                        'numchans': 26,
                        'preemcoef': 0.97,
                        'sil_model': '/mnt/h/jurcicek/vystadial-git-dev/alex/resources/vad/voip_en/vad_sil_sds_mfcc_m064_f100000.gmm',
                        'speech_model': '/mnt/h/jurcicek/vystadial-git-dev/alex/resources/vad/voip_en/vad_speech_sds_mfcc_m064_f100000.gmm',
                        'useacc': True,
                        'usec0': False,
                        'usecmn': False,
                        'usedelta': True,
                        'usehamming': True,
                        'usepower': True,
                        'zmeansource': True},
               'power': { 'adaptation_frames': 30, 'threshold': 70, 'threshold_multiplier': 1.0},
               'speech_buffer_frames': 20,
               'type': 'gmm'},
      'VoipHub': { 'blacklist_for': 7200,
                   'call_db': u'/net/projects/vystadial/data/call-logs/2013-05-30-alex-aotb-prototype/new/call_db.pckl',
                   'hard_time_limit': 360,
                   'hard_turn_limit': 120,
                   'history_length': 1000,
                   'last_period_max_num_calls': 20,
                   'last_period_max_total_time': 1800,
                   'limit_reached_message': u'D\u011bkujeme za zavol\xe1n\xed, ale u\u017e jste volali hodn\u011b. Pros\xedm zavolejte pozd\u011bji. Na shledanou.',
                   'period': 172800,
                   'pid_file': u'/net/projects/vystadial/data/call-logs/2013-05-30-alex-aotb-prototype/new/vhub_live.pid',
                   'wait_time_before_calling_back': 10},
      'VoipIO': { 'allowed_hosts': '',
                  'allowed_phone_numbers': '(^[234567])',
                  'allowed_users': '(^[234567])',
                  'debug': True,
                  'domain': 'vystadial.ms.mff.cuni.cz',
                  'forbidden_hosts': '',
                  'forbidden_phone_number': '(^112$|^150$|^155$|^156$|^158$)',
                  'forbidden_users': '(^112$|^150$|^155$|^156$|^158$)',
    # this line was removed since it included a password
                  'pjsip_log_level': 3,
                  'reject_calls': False,
                  'user': '800899998'},
      'WebHub': { 'port': 8000},
      'corpustools': { 'get_jasr_confnets': { 'frame_size': 256, 'rt_ratio': 0.2}}}

2013-09-04-12-15-28.891737-CEST  VoipIO-1   : DEBUG      
    VoipIO::on_call_confirmed

2013-09-04-12-15-28.934705-CEST  MainProcess : INFO       
    #34993  Time: 2013-09-04-12-15-28.848228-CEST From: VoipIO     To: HUB        Command: call_connecting(remote_uri="607103683") 

2013-09-04-12-15-28.942826-CEST  MainProcess : INFO       
    #34994  Time: 2013-09-04-12-15-28.893038-CEST From: VoipIO     To: HUB        Command: call_confirmed(remote_uri="607103683") 

2013-09-04-12-15-28.951901-CEST  MainProcess : INFO       
    
    ========================================================================================================================
    Incoming call from :          607103683
    ------------------------------------------------------------------------------------------------------------------------
    Total calls:                  2
    Total time (min):             0.5
    Last period total calls:      0
    Last period total time (min): 0.0
    ------------------------------------------------------------------------------------------------------------------------
    CALL ACCEPTED
    ========================================================================================================================
    

2013-09-04-12-15-28.956800-CEST  DM-5       : DEBUG      
    #34998  Time: 2013-09-04-12-15-28.948784-CEST From: HUB        To: DM         Command: new_dialogue() 

2013-09-04-12-15-28.973368-CEST  DM-5       : DEBUG      
    DM Output
    ------------------------------------------------------------
    hello()
    

2013-09-04-12-15-28.985383-CEST  MainProcess : INFO       
    #34999  Time: 2013-09-04-12-15-28.980196-CEST From: DM         To: HUB        DA: hello() 

2013-09-04-12-15-28.992850-CEST  NLG-6      : DEBUG      
    #35001  Time: 2013-09-04-12-15-28.987801-CEST From: HUB        To: NLG        DA: hello() 

2013-09-04-12-15-28.996951-CEST  NLG-6      : DEBUG      
    NLG Output
    ------------------------------------------------------------
    Dobrý den, dovolali jste se na informace o veřejné dopravě v Praze. Tato experimentální služba je poskytována laboratoří výzkumu hlasových dialogových systémů na Ústavu Formální a Aplikované Lingvistiky na Karlově Univerzitě. Hovor je nahráván. Více informací o této službě je na internetu. Jak Vám mohu pomoci. 
    

2013-09-04-12-15-29.008014-CEST  MainProcess : INFO       
    #35005  Time: 2013-09-04-12-15-29.004101-CEST From: NLG        To: HUB        Command: nlg_text_generated() 

2013-09-04-12-15-29.014644-CEST  MainProcess : INFO       
    #35007  Time: 2013-09-04-12-15-29.009315-CEST From: TTS        To: HUB        Command: tts_start(user_id="None",text="Dobrý den, dovolali jste se na informace o veřejné dopravě v Praze. Tato experimentální služba je poskytována laboratoří výzkumu hlasových dialogových systémů na Ústavu Formální a Aplikované Lingvistiky na Karlově Univerzitě. Hovor je nahráván. Více informací o této službě je na internetu. Jak Vám mohu pomoci. ") 

2013-09-04-12-15-29.032592-CEST  MainProcess : INFO       
    #35009  Time: 2013-09-04-12-15-29.014415-CEST From: VoipIO     To: HUB        Command: play_utterance_start(user_id="None",fname="tts-2013-09-04-12-15-29.006273.wav") 

2013-09-04-12-15-29.606345-CEST  MainProcess : INFO       
    #36239  Time: 2013-09-04-12-15-29.596504-CEST From: TTS        To: HUB        Command: tts_end(user_id="None",text="Dobrý den, dovolali jste se na informace o veřejné dopravě v Praze. Tato experimentální služba je poskytována laboratoří výzkumu hlasových dialogových systémů na Ústavu Formální a Aplikované Lingvistiky na Karlově Univerzitě. Hovor je nahráván. Více informací o této službě je na internetu. Jak Vám mohu pomoci. ",fname="tts-2013-09-04-12-15-29.006273.wav",log="true") 

2013-09-04-12-15-48.078444-CEST  MainProcess : INFO       
    #37364  Time: 2013-09-04-12-15-47.579993-CEST From: VoipIO     To: HUB        Command: play_utterance_end(user_id="None",fname="tts-2013-09-04-12-15-29.006273.wav) 

2013-09-04-12-15-50.083960-CEST  ASR-3      : DEBUG      
    ASR: speech_start(fname="vad-2013-09-04-12-15-50.060900.wav")

2013-09-04-12-15-50.088734-CEST  MainProcess : INFO       
    #37522  Time: 2013-09-04-12-15-50.080197-CEST From: VAD        To: HUB        Command: speech_start(fname="vad-2013-09-04-12-15-50.060900.wav") 

2013-09-04-12-15-50.095883-CEST  MainProcess : INFO       
    #37523  Time: 2013-09-04-12-15-50.080468-CEST From: ASR        To: HUB        Command: asr_start(fname="vad-2013-09-04-12-15-50.060900.wav") 

2013-09-04-12-15-53.736301-CEST  MainProcess : INFO       
    #37753  Time: 2013-09-04-12-15-53.731265-CEST From: VAD        To: HUB        Command: speech_end(fname="vad-2013-09-04-12-15-50.060900.wav") 

2013-09-04-12-15-53.740914-CEST  ASR-3      : DEBUG      
    ASR: speech_end(fname="vad-2013-09-04-12-15-50.060900.wav")

2013-09-04-12-15-54.832824-CEST  ASR-3      : DEBUG      
    ASR Hypothesis
    ------------------------------------------------------------
    0.869 chtěl bych jet letenské arbesovo náměstí
    0.014 chtěl bych vidět letenské arbesovo náměstí
    0.013 chtěl bych ž letenské arbesovo náměstí
    0.012 chtěl bych 5 letenské arbesovo náměstí
    0.012 chtěl bych jet letenské arbesovo nám
    0.011 chtěl bych z letenské arbesovo náměstí
    0.010 chtěl bych jet letenské 3 arbesovo náměstí
    0.009 chtěl bych jet letenské 5 arbesovo náměstí
    0.008 chtěl bych jet letenské sady arbesovo náměstí
    0.008 chtěl bych jet letenské arbesovo nám spí
    0.007 chtěl bych jet letenské arbesovo náměstí i
    0.006 chtěl bych jet letenské arbesovo náměstí 8
    0.005 chtěl bych vidět letenské arbesovo nám
    0.005 chtěl bych vidět letenské 3 arbesovo náměstí
    0.004 chtěl bych ž letenské arbesovo nám
    0.003 chtěla bych ž letenské arbesovo náměstí
    0.002 chtěl bych ž letenské 3 arbesovo náměstí
    0.002 chtěl bych vidět letenské 5 arbesovo náměstí
    0.001 chtěl bych vidět letenské sady arbesovo náměstí
    0.000 __other__
    

2013-09-04-12-15-54.854596-CEST  MainProcess : INFO       
    #37825  Time: 2013-09-04-12-15-54.850499-CEST From: ASR        To: HUB        Command: asr_end(fname="vad-2013-09-04-12-15-50.060900.wav") 

2013-09-04-12-15-55.980516-CEST  SLU-4      : DEBUG      
    SLU Hypothesis
    ------------------------------------------------------------
    0.961 inform(="Arbesovo náměstí")
    0.028 other()
    0.011 inform(from_stop="Arbesovo náměstí")
    

2013-09-04-12-15-56.001893-CEST  MainProcess : INFO       
    #37897  Time: 2013-09-04-12-15-55.996085-CEST From: SLU        To: HUB        Command: slu_parsed(fname="vad-2013-09-04-12-15-50.060900.wav") 

2013-09-04-12-15-56.005893-CEST  DM-5       : DEBUG      
    DDDState Dialogue Act in: inform(="Arbesovo náměstí")

2013-09-04-12-15-56.010441-CEST  DM-5       : DEBUG      
    Context Resolution - Dialogue Act: inform(="Arbesovo náměstí")

2013-09-04-12-15-56.014459-CEST  DM-5       : DEBUG      
    DDDState - Dialogue state content:
    
    ludait = none
    silence_time = 0.0
    
    
    
    

2013-09-04-12-15-56.018678-CEST  DM-5       : DEBUG      
    DDDState - Dialogue state update
    
    Requested slots:
    {}
    Confirmed slots:
    {}
    Non-informed slots:
    {u'silence_time': 0.0}

2013-09-04-12-15-56.048559-CEST  DM-5       : DEBUG      
    DM Output
    ------------------------------------------------------------
    confirm(from_centre="true")
    

2013-09-04-12-15-56.065737-CEST  MainProcess : INFO       
    #37903  Time: 2013-09-04-12-15-56.061900-CEST From: DM         To: HUB        DA: confirm(from_centre="true") 

2013-09-04-12-15-56.072829-CEST  NLG-6      : DEBUG      
    #37907  Time: 2013-09-04-12-15-56.068175-CEST From: HUB        To: NLG        DA: confirm(from_centre="true") 

2013-09-04-12-15-56.077034-CEST  NLG-6      : DEBUG      
    NLG Output
    ------------------------------------------------------------
    Jedete z centra?
    

2013-09-04-12-15-56.094528-CEST  MainProcess : INFO       
    #37908  Time: 2013-09-04-12-15-56.091273-CEST From: NLG        To: HUB        Command: nlg_text_generated() 

2013-09-04-12-15-56.101490-CEST  MainProcess : INFO       
    #37910  Time: 2013-09-04-12-15-56.095972-CEST From: TTS        To: HUB        Command: tts_start(user_id="None",text="Jedete z centra?") 

2013-09-04-12-15-56.118231-CEST  MainProcess : INFO       
    #37912  Time: 2013-09-04-12-15-56.097317-CEST From: VoipIO     To: HUB        Command: play_utterance_start(user_id="None",fname="tts-2013-09-04-12-15-56.092939.wav") 

2013-09-04-12-15-56.160132-CEST  MainProcess : INFO       
    #37996  Time: 2013-09-04-12-15-56.154649-CEST From: TTS        To: HUB        Command: tts_end(user_id="None",text="Jedete z centra?",fname="tts-2013-09-04-12-15-56.092939.wav",log="true") 

2013-09-04-12-15-57.422121-CEST  MainProcess : INFO       
    #38033  Time: 2013-09-04-12-15-56.759098-CEST From: VoipIO     To: HUB        Command: play_utterance_end(user_id="None",fname="tts-2013-09-04-12-15-56.092939.wav) 

2013-09-04-12-15-59.426602-CEST  MainProcess : INFO       
    #38203  Time: 2013-09-04-12-15-59.421816-CEST From: VAD        To: HUB        Command: speech_start(fname="vad-2013-09-04-12-15-59.390578.wav") 

2013-09-04-12-15-59.431268-CEST  ASR-3      : DEBUG      
    ASR: speech_start(fname="vad-2013-09-04-12-15-59.390578.wav")

2013-09-04-12-15-59.435851-CEST  MainProcess : INFO       
    #38204  Time: 2013-09-04-12-15-59.423073-CEST From: ASR        To: HUB        Command: asr_start(fname="vad-2013-09-04-12-15-59.390578.wav") 

2013-09-04-12-15-59.860583-CEST  ASR-3      : DEBUG      
    ASR: speech_end(fname="vad-2013-09-04-12-15-59.390578.wav")

2013-09-04-12-15-59.865044-CEST  MainProcess : INFO       
    #38234  Time: 2013-09-04-12-15-59.855261-CEST From: VAD        To: HUB        Command: speech_end(fname="vad-2013-09-04-12-15-59.390578.wav") 

2013-09-04-12-16-00.270561-CEST  ASR-3      : DEBUG      
    ASR Hypothesis
    ------------------------------------------------------------
    0.473 jak
    0.211 jakub
    0.158 jaký
    0.105 ne
    0.053 jako
    0.000 __other__
    

2013-09-04-12-16-00.292609-CEST  MainProcess : INFO       
    #38261  Time: 2013-09-04-12-16-00.287540-CEST From: ASR        To: HUB        Command: asr_end(fname="vad-2013-09-04-12-15-59.390578.wav") 

2013-09-04-12-16-00.661204-CEST  SLU-4      : DEBUG      
    SLU Hypothesis
    ------------------------------------------------------------
    0.895 other()
    0.105 negate()
    

2013-09-04-12-16-00.692710-CEST  MainProcess : INFO       
    #38289  Time: 2013-09-04-12-16-00.686467-CEST From: SLU        To: HUB        Command: slu_parsed(fname="vad-2013-09-04-12-15-59.390578.wav") 

2013-09-04-12-16-00.697714-CEST  DM-5       : DEBUG      
    DDDState Dialogue Act in: other()

2013-09-04-12-16-00.702749-CEST  DM-5       : DEBUG      
    Context Resolution - Dialogue Act: other()

2013-09-04-12-16-00.708091-CEST  DM-5       : DEBUG      
    DDDState - Dialogue state content:
    
    ludait = other
    alternative = none
    from_centre = none
    from_stop = none
    silence_time = 0.0
    time = none
    to_stop = none
    
    
    
    

2013-09-04-12-16-00.712508-CEST  DM-5       : DEBUG      
    DDDState - Dialogue state update
    
    Requested slots:
    {}
    Confirmed slots:
    {}
    Non-informed slots:
    {u'silence_time': 0.0}

2013-09-04-12-16-00.762743-CEST  DM-5       : DEBUG      
    DM Output
    ------------------------------------------------------------
    notunderstood()&help(inform="from_stop")
    

2013-09-04-12-16-00.793693-CEST  MainProcess : INFO       
    #38295  Time: 2013-09-04-12-16-00.788093-CEST From: DM         To: HUB        DA: notunderstood()&help(inform="from_stop") 

2013-09-04-12-16-00.801394-CEST  NLG-6      : DEBUG      
    #38297  Time: 2013-09-04-12-16-00.795312-CEST From: HUB        To: NLG        DA: notunderstood()&help(inform="from_stop") 

2013-09-04-12-16-00.807450-CEST  NLG-6      : DEBUG      
    NLG Output
    ------------------------------------------------------------
    Promiňte, nerozuměla jsem. Můžete například říct z Anděla.
    

2013-09-04-12-16-00.834372-CEST  MainProcess : INFO       
    #38301  Time: 2013-09-04-12-16-00.829008-CEST From: NLG        To: HUB        Command: nlg_text_generated() 

2013-09-04-12-16-00.839653-CEST  MainProcess : INFO       
    #38303  Time: 2013-09-04-12-16-00.831084-CEST From: TTS        To: HUB        Command: tts_start(user_id="None",text="Promiňte, nerozuměla jsem. Můžete například říct z Anděla.") 

2013-09-04-12-16-00.861423-CEST  MainProcess : INFO       
    #38305  Time: 2013-09-04-12-16-00.833361-CEST From: VoipIO     To: HUB        Command: play_utterance_start(user_id="None",fname="tts-2013-09-04-12-16-00.830868.wav") 

2013-09-04-12-16-00.938534-CEST  MainProcess : INFO       
    #38571  Time: 2013-09-04-12-16-00.932912-CEST From: TTS        To: HUB        Command: tts_end(user_id="None",text="Promiňte, nerozuměla jsem. Můžete například říct z Anděla.",fname="tts-2013-09-04-12-16-00.830868.wav",log="true") 

2013-09-04-12-16-04.974511-CEST  MainProcess : INFO       
    #38781  Time: 2013-09-04-12-16-04.313300-CEST From: VoipIO     To: HUB        Command: play_utterance_end(user_id="None",fname="tts-2013-09-04-12-16-00.830868.wav) 

2013-09-04-12-16-06.793341-CEST  ASR-3      : DEBUG      
    ASR: speech_start(fname="vad-2013-09-04-12-16-06.751966.wav")

2013-09-04-12-16-06.797215-CEST  MainProcess : INFO       
    #38939  Time: 2013-09-04-12-16-06.789386-CEST From: VAD        To: HUB        Command: speech_start(fname="vad-2013-09-04-12-16-06.751966.wav") 

2013-09-04-12-16-06.803578-CEST  MainProcess : INFO       
    #38940  Time: 2013-09-04-12-16-06.790237-CEST From: ASR        To: HUB        Command: asr_start(fname="vad-2013-09-04-12-16-06.751966.wav") 

2013-09-04-12-16-08.786198-CEST  ASR-3      : DEBUG      
    ASR: speech_end(fname="vad-2013-09-04-12-16-06.751966.wav")

2013-09-04-12-16-08.790759-CEST  MainProcess : INFO       
    #39066  Time: 2013-09-04-12-16-08.782401-CEST From: VAD        To: HUB        Command: speech_end(fname="vad-2013-09-04-12-16-06.751966.wav") 

2013-09-04-12-16-09.508924-CEST  ASR-3      : DEBUG      
    ASR Hypothesis
    ------------------------------------------------------------
    0.672 letňanské
    0.051 vtip letňanské
    0.046 vtipy letňanské
    0.042 letňanská
    0.038 tip letňanské
    0.034 vtip letňanská
    0.029 zlatý janského
    0.025 blatenské
    0.021 typ letňanské
    0.017 letenské
    0.013 letňanské den
    0.008 zlatý janské
    0.004 vtip zlatý janského
    0.000 __other__
    

2013-09-04-12-16-09.535428-CEST  MainProcess : INFO       
    #39115  Time: 2013-09-04-12-16-09.531229-CEST From: ASR        To: HUB        Command: asr_end(fname="vad-2013-09-04-12-16-06.751966.wav") 

2013-09-04-12-16-10.347350-CEST  SLU-4      : DEBUG      
    SLU Hypothesis
    ------------------------------------------------------------
    0.916 inform(="Letňanská")
    0.084 other()
    

2013-09-04-12-16-10.365561-CEST  DM-5       : DEBUG      
    DDDState Dialogue Act in: inform(="Letňanská")

2013-09-04-12-16-10.369209-CEST  MainProcess : INFO       
    #39169  Time: 2013-09-04-12-16-10.361417-CEST From: SLU        To: HUB        Command: slu_parsed(fname="vad-2013-09-04-12-16-06.751966.wav") 

2013-09-04-12-16-10.372657-CEST  DM-5       : DEBUG      
    Context Resolution - Dialogue Act: inform(="Letňanská")

2013-09-04-12-16-10.376106-CEST  DM-5       : DEBUG      
    DDDState - Dialogue state content:
    
    ludait = none
    alternative = none
    from_centre = none
    from_stop = none
    route_alternative = none
    silence_time = 0.0
    time = none
    to_stop = none
    
    
    
    

2013-09-04-12-16-10.379465-CEST  DM-5       : DEBUG      
    DDDState - Dialogue state update
    
    Requested slots:
    {}
    Confirmed slots:
    {}
    Non-informed slots:
    {u'silence_time': 0.0}

2013-09-04-12-16-10.406946-CEST  DM-5       : DEBUG      
    DM Output
    ------------------------------------------------------------
    request(from_stop)&request(to_stop)
    

2013-09-04-12-16-10.425368-CEST  MainProcess : INFO       
    #39175  Time: 2013-09-04-12-16-10.422266-CEST From: DM         To: HUB        DA: request(from_stop)&request(to_stop) 

2013-09-04-12-16-10.431529-CEST  NLG-6      : DEBUG      
    #39176  Time: 2013-09-04-12-16-10.427877-CEST From: HUB        To: NLG        DA: request(from_stop)&request(to_stop) 

2013-09-04-12-16-10.435217-CEST  NLG-6      : DEBUG      
    NLG Output
    ------------------------------------------------------------
    Odkud a kam chcete jet?
    

2013-09-04-12-16-10.453995-CEST  MainProcess : INFO       
    #39177  Time: 2013-09-04-12-16-10.450806-CEST From: NLG        To: HUB        Command: nlg_text_generated() 

2013-09-04-12-16-10.459473-CEST  MainProcess : INFO       
    #39179  Time: 2013-09-04-12-16-10.455183-CEST From: TTS        To: HUB        Command: tts_start(user_id="None",text="Odkud a kam chcete jet?") 

2013-09-04-12-16-10.477518-CEST  MainProcess : INFO       
    #39181  Time: 2013-09-04-12-16-10.456260-CEST From: VoipIO     To: HUB        Command: play_utterance_start(user_id="None",fname="tts-2013-09-04-12-16-10.452350.wav") 

2013-09-04-12-16-10.505948-CEST  MainProcess : INFO       
    #39298  Time: 2013-09-04-12-16-10.501442-CEST From: TTS        To: HUB        Command: tts_end(user_id="None",text="Odkud a kam chcete jet?",fname="tts-2013-09-04-12-16-10.452350.wav",log="true") 

2013-09-04-12-16-12.332605-CEST  MainProcess : INFO       
    #39387  Time: 2013-09-04-12-16-11.890374-CEST From: VoipIO     To: HUB        Command: play_utterance_end(user_id="None",fname="tts-2013-09-04-12-16-10.452350.wav) 

2013-09-04-12-16-13.975797-CEST  MainProcess : INFO       
    #39517  Time: 2013-09-04-12-16-13.971210-CEST From: VAD        To: HUB        Command: speech_start(fname="vad-2013-09-04-12-16-13.919626.wav") 

2013-09-04-12-16-13.980133-CEST  ASR-3      : DEBUG      
    ASR: speech_start(fname="vad-2013-09-04-12-16-13.919626.wav")

2013-09-04-12-16-13.984864-CEST  MainProcess : INFO       
    #39518  Time: 2013-09-04-12-16-13.972755-CEST From: ASR        To: HUB        Command: asr_start(fname="vad-2013-09-04-12-16-13.919626.wav") 

2013-09-04-12-16-15.766173-CEST  ASR-3      : DEBUG      
    ASR: speech_end(fname="vad-2013-09-04-12-16-13.919626.wav")

2013-09-04-12-16-15.770634-CEST  MainProcess : INFO       
    #39632  Time: 2013-09-04-12-16-15.761270-CEST From: VAD        To: HUB        Command: speech_end(fname="vad-2013-09-04-12-16-13.919626.wav") 

2013-09-04-12-16-15.916093-CEST  MainProcess : INFO       
    #39646  Time: 2013-09-04-12-16-15.910563-CEST From: VAD        To: HUB        Command: speech_start(fname="vad-2013-09-04-12-16-15.863056.wav") 

2013-09-04-12-16-16.609480-CEST  ASR-3      : DEBUG      
    ASR Hypothesis
    ------------------------------------------------------------
    0.422 zastávka letenská
    0.128 zastávka krymská
    0.112 zastávky letenská
    0.096 zastávky lipnická
    0.080 zastávka babická
    0.064 zastavte letenská
    0.048 zastávka trojská
    0.032 dostavte letenská
    0.016 představte letenská
    0.000 __other__
    

2013-09-04-12-16-16.656458-CEST  MainProcess : INFO       
    #39691  Time: 2013-09-04-12-16-16.651297-CEST From: ASR        To: HUB        Command: asr_end(fname="vad-2013-09-04-12-16-13.919626.wav") 

2013-09-04-12-16-16.660268-CEST  ASR-3      : DEBUG      
    ASR: speech_start(fname="vad-2013-09-04-12-16-15.863056.wav")

2013-09-04-12-16-16.663979-CEST  MainProcess : INFO       
    #39693  Time: 2013-09-04-12-16-16.655055-CEST From: ASR        To: HUB        Command: asr_start(fname="vad-2013-09-04-12-16-15.863056.wav") 

2013-09-04-12-16-17.279230-CEST  SLU-4      : DEBUG      
    SLU Hypothesis
    ------------------------------------------------------------
    0.727 other()
    0.128 inform(="Krymská")
    0.096 inform(="Lipnická")
    0.048 inform(="Trojská")
    

2013-09-04-12-16-17.304469-CEST  MainProcess : INFO       
    #39734  Time: 2013-09-04-12-16-17.299739-CEST From: SLU        To: HUB        Command: slu_parsed(fname="vad-2013-09-04-12-16-13.919626.wav") 

2013-09-04-12-16-17.308024-CEST  DM-5       : DEBUG      
    DDDState Dialogue Act in: other()

2013-09-04-12-16-17.311468-CEST  DM-5       : DEBUG      
    Context Resolution - Dialogue Act: other()

2013-09-04-12-16-17.315181-CEST  DM-5       : DEBUG      
    DDDState - Dialogue state content:
    
    ludait = other
    alternative = none
    from_centre = none
    from_stop = none
    route_alternative = none
    silence_time = 0.0
    time = none
    to_centre = none
    to_stop = none
    
    
    
    

2013-09-04-12-16-17.319072-CEST  DM-5       : DEBUG      
    DDDState - Dialogue state update
    
    Requested slots:
    {}
    Confirmed slots:
    {}
    Non-informed slots:
    {u'silence_time': 0.0}

2013-09-04-12-16-17.358725-CEST  DM-5       : DEBUG      
    DM Output
    ------------------------------------------------------------
    notunderstood()&help(inform="from_stop")
    

2013-09-04-12-16-17.381449-CEST  MainProcess : INFO       
    #39743  Time: 2013-09-04-12-16-17.378229-CEST From: DM         To: HUB        DA: notunderstood()&help(inform="from_stop") 

2013-09-04-12-16-17.387903-CEST  NLG-6      : DEBUG      
    #39745  Time: 2013-09-04-12-16-17.383884-CEST From: HUB        To: NLG        DA: notunderstood()&help(inform="from_stop") 

2013-09-04-12-16-17.392139-CEST  NLG-6      : DEBUG      
    NLG Output
    ------------------------------------------------------------
    Promiňte, nerozuměla jsem. Můžete například říct z Anděla.
    

2013-09-04-12-16-17.414353-CEST  MainProcess : INFO       
    #39746  Time: 2013-09-04-12-16-17.410163-CEST From: NLG        To: HUB        Command: nlg_text_generated() 

2013-09-04-12-16-17.420796-CEST  MainProcess : INFO       
    #39748  Time: 2013-09-04-12-16-17.415685-CEST From: TTS        To: HUB        Command: tts_start(user_id="None",text="Promiňte, nerozuměla jsem. Můžete například říct z Anděla.") 

2013-09-04-12-16-17.450340-CEST  MainProcess : INFO       
    #39750  Time: 2013-09-04-12-16-17.418291-CEST From: VoipIO     To: HUB        Command: play_utterance_start(user_id="None",fname="tts-2013-09-04-12-16-17.412213.wav") 

2013-09-04-12-16-17.472985-CEST  MainProcess : INFO       
    #40013  Time: 2013-09-04-12-16-17.467765-CEST From: TTS        To: HUB        Command: tts_end(user_id="None",text="Promiňte, nerozuměla jsem. Můžete například říct z Anděla.",fname="tts-2013-09-04-12-16-17.412213.wav",log="true") 

2013-09-04-12-16-17.932877-CEST  ASR-3      : DEBUG      
    ASR: speech_end(fname="vad-2013-09-04-12-16-15.863056.wav")

2013-09-04-12-16-17.937881-CEST  MainProcess : INFO       
    #40043  Time: 2013-09-04-12-16-17.928528-CEST From: VAD        To: HUB        Command: speech_end(fname="vad-2013-09-04-12-16-15.863056.wav") 

2013-09-04-12-16-18.505487-CEST  ASR-3      : DEBUG      
    ASR Hypothesis
    ------------------------------------------------------------
    0.921 zastávka arbesovo náměstí
    0.026 zastávka arbesovo náměstí i
    0.021 zastávka arbesovo nám
    0.016 zastávka arbesovo náměstí a
    0.011 zastávka arbesovo nám i
    0.005 zastávka arbesovo nám a
    0.000 __other__
    

2013-09-04-12-16-18.546607-CEST  MainProcess : INFO       
    #40084  Time: 2013-09-04-12-16-18.542516-CEST From: ASR        To: HUB        Command: asr_end(fname="vad-2013-09-04-12-16-15.863056.wav") 

2013-09-04-12-16-18.994495-CEST  SLU-4      : DEBUG      
    SLU Hypothesis
    ------------------------------------------------------------
    0.963 inform(="Arbesovo náměstí")
    0.037 other()
    

2013-09-04-12-16-19.036948-CEST  DM-5       : DEBUG      
    DDDState Dialogue Act in: inform(="Arbesovo náměstí")

2013-09-04-12-16-19.041688-CEST  MainProcess : INFO       
    #40114  Time: 2013-09-04-12-16-19.031605-CEST From: SLU        To: HUB        Command: slu_parsed(fname="vad-2013-09-04-12-16-15.863056.wav") 

2013-09-04-12-16-19.045647-CEST  DM-5       : DEBUG      
    Context Resolution - Dialogue Act: inform(="Arbesovo náměstí")

2013-09-04-12-16-19.049828-CEST  DM-5       : DEBUG      
    DDDState - Dialogue state content:
    
    ludait = none
    alternative = none
    from_centre = none
    from_stop = none
    route_alternative = none
    silence_time = 0.0
    time = none
    to_centre = none
    to_stop = none
    
    
    
    

2013-09-04-12-16-19.053761-CEST  DM-5       : DEBUG      
    DDDState - Dialogue state update
    
    Requested slots:
    {}
    Confirmed slots:
    {}
    Non-informed slots:
    {u'silence_time': 0.0}

2013-09-04-12-16-19.130592-CEST  DM-5       : DEBUG      
    DM Output
    ------------------------------------------------------------
    confirm(to_centre="true")
    

2013-09-04-12-16-19.272574-CEST  MainProcess : INFO       
    #40132  Time: 2013-09-04-12-16-19.266728-CEST From: DM         To: HUB        DA: confirm(to_centre="true") 

2013-09-04-12-16-19.318549-CEST  NLG-6      : DEBUG      
    #40137  Time: 2013-09-04-12-16-19.313376-CEST From: HUB        To: NLG        Command: flush() 

2013-09-04-12-16-19.326142-CEST  MainProcess : INFO       
    #40138  Time: 2013-09-04-12-16-19.319955-CEST From: NLG        To: HUB        Command: flushed() 

2013-09-04-12-16-19.331141-CEST  TTS-7      : DEBUG      
    #40139  Time: 2013-09-04-12-16-19.327415-CEST From: HUB        To: TTS        Command: flush() 

2013-09-04-12-16-19.336960-CEST  MainProcess : INFO       
    #40140  Time: 2013-09-04-12-16-19.332439-CEST From: TTS        To: HUB        Command: flushed() 

2013-09-04-12-16-19.343579-CEST  VoipIO-1   : DEBUG      
    #40141  Time: 2013-09-04-12-16-19.338282-CEST From: HUB        To: VIO        Command: flush_out() 

2013-09-04-12-16-19.349904-CEST  MainProcess : INFO       
    #40142  Time: 2013-09-04-12-16-19.344938-CEST From: VoipIO     To: HUB        Command: flushed_out() 

2013-09-04-12-16-19.355583-CEST  NLG-6      : DEBUG      
    #40143  Time: 2013-09-04-12-16-19.351101-CEST From: HUB        To: NLG        DA: confirm(to_centre="true") 

2013-09-04-12-16-19.359990-CEST  NLG-6      : DEBUG      
    NLG Output
    ------------------------------------------------------------
    Jedete do centra?
    

2013-09-04-12-16-19.402240-CEST  MainProcess : INFO       
    #40148  Time: 2013-09-04-12-16-19.398228-CEST From: NLG        To: HUB        Command: nlg_text_generated() 

2013-09-04-12-16-19.409306-CEST  MainProcess : INFO       
    #40150  Time: 2013-09-04-12-16-19.403523-CEST From: TTS        To: HUB        Command: tts_start(user_id="None",text="Jedete do centra?") 

2013-09-04-12-16-19.453712-CEST  MainProcess : INFO       
    #40152  Time: 2013-09-04-12-16-19.404990-CEST From: VoipIO     To: HUB        Command: play_utterance_start(user_id="None",fname="tts-2013-09-04-12-16-19.399846.wav") 

2013-09-04-12-16-19.480741-CEST  MainProcess : INFO       
    #40233  Time: 2013-09-04-12-16-19.475194-CEST From: TTS        To: HUB        Command: tts_end(user_id="None",text="Jedete do centra?",fname="tts-2013-09-04-12-16-19.399846.wav",log="true") 

2013-09-04-12-16-20.652888-CEST  MainProcess : INFO       
    #40298  Time: 2013-09-04-12-16-20.481086-CEST From: VoipIO     To: HUB        Command: play_utterance_end(user_id="None",fname="tts-2013-09-04-12-16-19.399846.wav) 

2013-09-04-12-16-22.264961-CEST  MainProcess : INFO       
    #40412  Time: 2013-09-04-12-16-22.260879-CEST From: VAD        To: HUB        Command: speech_start(fname="vad-2013-09-04-12-16-22.184327.wav") 

2013-09-04-12-16-22.269414-CEST  ASR-3      : DEBUG      
    ASR: speech_start(fname="vad-2013-09-04-12-16-22.184327.wav")

2013-09-04-12-16-22.274953-CEST  MainProcess : INFO       
    #40413  Time: 2013-09-04-12-16-22.261865-CEST From: ASR        To: HUB        Command: asr_start(fname="vad-2013-09-04-12-16-22.184327.wav") 

2013-09-04-12-16-22.812685-CEST  ASR-3      : DEBUG      
    ASR: speech_end(fname="vad-2013-09-04-12-16-22.184327.wav")

2013-09-04-12-16-22.817502-CEST  MainProcess : INFO       
    #40447  Time: 2013-09-04-12-16-22.808040-CEST From: VAD        To: HUB        Command: speech_end(fname="vad-2013-09-04-12-16-22.184327.wav") 

2013-09-04-12-16-23.112787-CEST  ASR-3      : DEBUG      
    ASR Hypothesis
    ------------------------------------------------------------
    0.798 ano
    0.081 anno
    0.060 ráno
    0.040 hovno
    0.020 ano ne
    0.000 __other__
    

2013-09-04-12-16-23.174588-CEST  MainProcess : INFO       
    #40472  Time: 2013-09-04-12-16-23.169832-CEST From: ASR        To: HUB        Command: asr_end(fname="vad-2013-09-04-12-16-22.184327.wav") 

2013-09-04-12-16-23.512913-CEST  SLU-4      : DEBUG      
    SLU Hypothesis
    ------------------------------------------------------------
    0.819 affirm()
    0.181 other()
    0.020 negate()
    

2013-09-04-12-16-23.562636-CEST  DM-5       : DEBUG      
    DDDState Dialogue Act in: affirm()

2013-09-04-12-16-23.566951-CEST  MainProcess : INFO       
    #40498  Time: 2013-09-04-12-16-23.558007-CEST From: SLU        To: HUB        Command: slu_parsed(fname="vad-2013-09-04-12-16-22.184327.wav") 

2013-09-04-12-16-23.570983-CEST  DM-5       : DEBUG      
    Context Resolution - Dialogue Act: inform(to_centre="true")&affirm()

2013-09-04-12-16-23.574920-CEST  DM-5       : DEBUG      
    DDDState - Dialogue state content:
    
    ludait = none
    alternative = none
    from_centre = none
    from_stop = none
    route_alternative = none
    silence_time = 0.0
    time = none
    to_centre = true
    to_stop = none
    
    
    
    

2013-09-04-12-16-23.579452-CEST  DM-5       : DEBUG      
    DDDState - Dialogue state update
    
    Requested slots:
    {}
    Confirmed slots:
    {}
    Non-informed slots:
    {u'to_centre': u'true', u'silence_time': 0.0}

2013-09-04-12-16-23.680147-CEST  DM-5       : DEBUG      
    DM Output
    ------------------------------------------------------------
    iconfirm(to_centre="true")&request(from_stop)
    

2013-09-04-12-16-23.727766-CEST  MainProcess : INFO       
    #40512  Time: 2013-09-04-12-16-23.722520-CEST From: DM         To: HUB        DA: iconfirm(to_centre="true")&request(from_stop) 

2013-09-04-12-16-23.735735-CEST  NLG-6      : DEBUG      
    #40513  Time: 2013-09-04-12-16-23.730478-CEST From: HUB        To: NLG        DA: iconfirm(to_centre="true")&request(from_stop) 

2013-09-04-12-16-23.740688-CEST  NLG-6      : DEBUG      
    NLG Output
    ------------------------------------------------------------
    Dobře, jedete do centra. Jaká je Vaše výchozí zastávka?
    

2013-09-04-12-16-23.865766-CEST  MainProcess : INFO       
    #40522  Time: 2013-09-04-12-16-23.861754-CEST From: NLG        To: HUB        Command: nlg_text_generated() 

2013-09-04-12-16-23.869807-CEST  MainProcess : INFO       
    #40524  Time: 2013-09-04-12-16-23.862575-CEST From: TTS        To: HUB        Command: tts_start(user_id="None",text="Dobře, jedete do centra. Jaká je Vaše výchozí zastávka?") 

2013-09-04-12-16-23.916404-CEST  MainProcess : INFO       
    #40526  Time: 2013-09-04-12-16-23.865539-CEST From: VoipIO     To: HUB        Command: play_utterance_start(user_id="None",fname="tts-2013-09-04-12-16-23.862386.wav") 

2013-09-04-12-16-24.017179-CEST  MainProcess : INFO       
    #40772  Time: 2013-09-04-12-16-24.012048-CEST From: TTS        To: HUB        Command: tts_end(user_id="None",text="Dobře, jedete do centra. Jaká je Vaše výchozí zastávka?",fname="tts-2013-09-04-12-16-23.862386.wav",log="true") 

2013-09-04-12-16-27.694209-CEST  MainProcess : INFO       
    #40960  Time: 2013-09-04-12-16-26.980165-CEST From: VoipIO     To: HUB        Command: play_utterance_end(user_id="None",fname="tts-2013-09-04-12-16-23.862386.wav) 

2013-09-04-12-16-29.332839-CEST  MainProcess : INFO       
    #41107  Time: 2013-09-04-12-16-29.329244-CEST From: VAD        To: HUB        Command: speech_start(fname="vad-2013-09-04-12-16-29.243416.wav") 

2013-09-04-12-16-29.337690-CEST  ASR-3      : DEBUG      
    ASR: speech_start(fname="vad-2013-09-04-12-16-29.243416.wav")

2013-09-04-12-16-29.342726-CEST  MainProcess : INFO       
    #41108  Time: 2013-09-04-12-16-29.330179-CEST From: ASR        To: HUB        Command: asr_start(fname="vad-2013-09-04-12-16-29.243416.wav") 

2013-09-04-12-16-30.432042-CEST  ASR-3      : DEBUG      
    ASR: speech_end(fname="vad-2013-09-04-12-16-29.243416.wav")

2013-09-04-12-16-30.437154-CEST  MainProcess : INFO       
    #41179  Time: 2013-09-04-12-16-30.427638-CEST From: VAD        To: HUB        Command: speech_end(fname="vad-2013-09-04-12-16-29.243416.wav") 

2013-09-04-12-16-30.855957-CEST  ASR-3      : DEBUG      
    ASR Hypothesis
    ------------------------------------------------------------
    0.765 letňanská
    0.043 letenská
    0.038 letňanská i
    0.034 letňanská a
    0.030 letenská i
    0.026 letnanska i
    0.021 letnanska a
    0.017 letenská a
    0.013 letňanská a i
    0.009 letňanská a a
    0.004 letnanska a i
    0.000 __other__
    

2013-09-04-12-16-30.921407-CEST  MainProcess : INFO       
    #41211  Time: 2013-09-04-12-16-30.915975-CEST From: ASR        To: HUB        Command: asr_end(fname="vad-2013-09-04-12-16-29.243416.wav") 

2013-09-04-12-16-31.669287-CEST  SLU-4      : DEBUG      
    SLU Hypothesis
    ------------------------------------------------------------
    0.859 inform(="Letňanská")
    0.141 other()
    

2013-09-04-12-16-31.725879-CEST  DM-5       : DEBUG      
    DDDState Dialogue Act in: inform(="Letňanská")

2013-09-04-12-16-31.730394-CEST  MainProcess : INFO       
    #41265  Time: 2013-09-04-12-16-31.720828-CEST From: SLU        To: HUB        Command: slu_parsed(fname="vad-2013-09-04-12-16-29.243416.wav") 

2013-09-04-12-16-31.734470-CEST  DM-5       : DEBUG      
    Context Resolution - Dialogue Act: inform(from_stop="Letňanská")&inform(="Letňanská")

2013-09-04-12-16-31.739273-CEST  DM-5       : DEBUG      
    DDDState - Dialogue state content:
    
    ludait = none
    alternative = none
    from_centre = none
    from_stop = Letňanská
    route_alternative = none
    silence_time = 0.0
    time = none
    to_centre = true
    to_stop = none
    
    rh_to_centre = system-informed
    
    ch_to_centre = system-informed
    
    sh_to_centre = system-informed
    

2013-09-04-12-16-31.743590-CEST  DM-5       : DEBUG      
    DDDState - Dialogue state update
    
    Requested slots:
    {}
    Confirmed slots:
    {}
    Non-informed slots:
    {u'silence_time': 0.0, u'from_stop': u'Let\u0148ansk\xe1'}

2013-09-04-12-16-31.834693-CEST  DM-5       : DEBUG      
    DM Output
    ------------------------------------------------------------
    iconfirm(from_stop="Letňanská")&request(to_stop)
    

2013-09-04-12-16-31.883234-CEST  MainProcess : INFO       
    #41275  Time: 2013-09-04-12-16-31.877583-CEST From: DM         To: HUB        DA: iconfirm(from_stop="Letňanská")&request(to_stop) 

2013-09-04-12-16-31.891970-CEST  NLG-6      : DEBUG      
    #41276  Time: 2013-09-04-12-16-31.886040-CEST From: HUB        To: NLG        DA: iconfirm(from_stop="Letňanská")&request(to_stop) 

2013-09-04-12-16-31.897267-CEST  NLG-6      : DEBUG      
    NLG Output
    ------------------------------------------------------------
    Chcete jet ze zastávky Letňanská. Kam chcete jet?
    

2013-09-04-12-16-31.947054-CEST  MainProcess : INFO       
    #41281  Time: 2013-09-04-12-16-31.941593-CEST From: NLG        To: HUB        Command: nlg_text_generated() 

2013-09-04-12-16-31.951180-CEST  MainProcess : INFO       
    #41283  Time: 2013-09-04-12-16-31.942484-CEST From: TTS        To: HUB        Command: tts_start(user_id="None",text="Chcete jet ze zastávky Letňanská. Kam chcete jet?") 

2013-09-04-12-16-31.997258-CEST  MainProcess : INFO       
    #41285  Time: 2013-09-04-12-16-31.944605-CEST From: VoipIO     To: HUB        Command: play_utterance_start(user_id="None",fname="tts-2013-09-04-12-16-31.942320.wav") 

2013-09-04-12-16-32.741878-CEST  MainProcess : INFO       
    #41554  Time: 2013-09-04-12-16-32.736071-CEST From: TTS        To: HUB        Command: tts_end(user_id="None",text="Chcete jet ze zastávky Letňanská. Kam chcete jet?",fname="tts-2013-09-04-12-16-31.942320.wav",log="true") 

2013-09-04-12-16-36.142399-CEST  MainProcess : INFO       
    #41758  Time: 2013-09-04-12-16-35.972858-CEST From: VoipIO     To: HUB        Command: play_utterance_end(user_id="None",fname="tts-2013-09-04-12-16-31.942320.wav) 

2013-09-04-12-16-37.773247-CEST  ASR-3      : DEBUG      
    ASR: speech_start(fname="vad-2013-09-04-12-16-37.667157.wav")

2013-09-04-12-16-37.778390-CEST  MainProcess : INFO       
    #41872  Time: 2013-09-04-12-16-37.768965-CEST From: VAD        To: HUB        Command: speech_start(fname="vad-2013-09-04-12-16-37.667157.wav") 

2013-09-04-12-16-37.785866-CEST  MainProcess : INFO       
    #41873  Time: 2013-09-04-12-16-37.769619-CEST From: ASR        To: HUB        Command: asr_start(fname="vad-2013-09-04-12-16-37.667157.wav") 

2013-09-04-12-16-39.308137-CEST  MainProcess : INFO       
    #41971  Time: 2013-09-04-12-16-39.303138-CEST From: VAD        To: HUB        Command: speech_end(fname="vad-2013-09-04-12-16-37.667157.wav") 

2013-09-04-12-16-39.313231-CEST  ASR-3      : DEBUG      
    ASR: speech_end(fname="vad-2013-09-04-12-16-37.667157.wav")

2013-09-04-12-16-39.700039-CEST  ASR-3      : DEBUG      
    ASR Hypothesis
    ------------------------------------------------------------
    0.809 arbesovo náměstí
    0.076 arbesovo náměstí i
    0.057 arbesovo náměstí 3
    0.038 arbesova náměstí 3
    0.019 arbesovo náměstí i i
    0.000 __other__
    

2013-09-04-12-16-39.759787-CEST  MainProcess : INFO       
    #42000  Time: 2013-09-04-12-16-39.754707-CEST From: ASR        To: HUB        Command: asr_end(fname="vad-2013-09-04-12-16-37.667157.wav") 

2013-09-04-12-16-40.081874-CEST  SLU-4      : DEBUG      
    SLU Hypothesis
    ------------------------------------------------------------
    1.000 inform(="Arbesovo náměstí")
    

2013-09-04-12-16-40.137268-CEST  DM-5       : DEBUG      
    DDDState Dialogue Act in: inform(="Arbesovo náměstí")

2013-09-04-12-16-40.141742-CEST  MainProcess : INFO       
    #42026  Time: 2013-09-04-12-16-40.132119-CEST From: SLU        To: HUB        Command: slu_parsed(fname="vad-2013-09-04-12-16-37.667157.wav") 

2013-09-04-12-16-40.145395-CEST  DM-5       : DEBUG      
    Context Resolution - Dialogue Act: inform(to_stop="Arbesovo náměstí")&inform(="Arbesovo náměstí")

2013-09-04-12-16-40.149665-CEST  DM-5       : DEBUG      
    DDDState - Dialogue state content:
    
    ludait = none
    alternative = none
    from_centre = none
    from_stop = Letňanská
    route_alternative = none
    silence_time = 0.0
    time = none
    to_centre = true
    to_stop = Arbesovo náměstí
    
    rh_from_stop = system-informed
    rh_to_centre = system-informed
    
    ch_from_stop = system-informed
    ch_to_centre = system-informed
    
    sh_from_stop = system-informed
    sh_to_centre = system-informed
    

2013-09-04-12-16-40.154042-CEST  DM-5       : DEBUG      
    DDDState - Dialogue state update
    
    Requested slots:
    {}
    Confirmed slots:
    {}
    Non-informed slots:
    {u'to_stop': u'Arbesovo n\xe1m\u011bst\xed', u'silence_time': 0.0}

2013-09-04-12-16-40.475560-CEST  DM-5       : DEBUG      
    DM Output
    ------------------------------------------------------------
    iconfirm(to_stop="Arbesovo náměstí")&inform(found_directions="true")&inform(alternative="1")&inform(vehicle="SUBWAY")&inform(line="B")&inform(go_at="12:34")&inform(enter_at="Vysočanská")&inform(headsign="Zličín")&inform(exit_at="Anděl")
    

2013-09-04-12-16-40.549572-CEST  MainProcess : INFO       
    #42054  Time: 2013-09-04-12-16-40.543139-CEST From: DM         To: HUB        DA: iconfirm(to_stop="Arbesovo náměstí")&inform(found_directions="true")&inform(alternative="1")&inform(vehicle="SUBWAY")&inform(line="B")&inform(go_at="12:34")&inform(enter_at="Vysočanská")&inform(headsign="Zličín")&inform(exit_at="Anděl") 

2013-09-04-12-16-40.557150-CEST  NLG-6      : DEBUG      
    #42057  Time: 2013-09-04-12-16-40.552310-CEST From: HUB        To: NLG        DA: iconfirm(to_stop="Arbesovo náměstí")&inform(found_directions="true")&inform(alternative="1")&inform(vehicle="SUBWAY")&inform(line="B")&inform(go_at="12:34")&inform(enter_at="Vysočanská")&inform(headsign="Zličín")&inform(exit_at="Anděl") 

2013-09-04-12-16-40.698914-CEST  NLG-6      : DEBUG      
    NLG Output
    ------------------------------------------------------------
    Do zastávky Arbesovo náměstí. Našla jsem následující spojení. Možnost první. Jeďte metrem B v 12:34 ze zastávky Vysočanská směrem Zličín. Vystupte na zastávce Anděl.
    

2013-09-04-12-16-40.754258-CEST  MainProcess : INFO       
    #42070  Time: 2013-09-04-12-16-40.750412-CEST From: NLG        To: HUB        Command: nlg_text_generated() 

2013-09-04-12-16-40.760737-CEST  MainProcess : INFO       
    #42072  Time: 2013-09-04-12-16-40.755563-CEST From: TTS        To: HUB        Command: tts_start(user_id="None",text="Do zastávky Arbesovo náměstí. Našla jsem následující spojení. Možnost první. Jeďte metrem B v 12:34 ze zastávky Vysočanská směrem Zličín. Vystupte na zastávce Anděl.") 

2013-09-04-12-16-40.824905-CEST  MainProcess : INFO       
    #42074  Time: 2013-09-04-12-16-40.757839-CEST From: VoipIO     To: HUB        Command: play_utterance_start(user_id="None",fname="tts-2013-09-04-12-16-40.752257.wav") 

2013-09-04-12-16-43.360257-CEST  MainProcess : INFO       
    #43045  Time: 2013-09-04-12-16-43.351327-CEST From: TTS        To: HUB        Command: tts_end(user_id="None",text="Do zastávky Arbesovo náměstí. Našla jsem následující spojení. Možnost první. Jeďte metrem B v 12:34 ze zastávky Vysočanská směrem Zličín. Vystupte na zastávce Anděl.",fname="tts-2013-09-04-12-16-40.752257.wav",log="true") 

2013-09-04-12-16-54.573315-CEST  MainProcess : INFO       
    #43706  Time: 2013-09-04-12-16-53.914863-CEST From: VoipIO     To: HUB        Command: play_utterance_end(user_id="None",fname="tts-2013-09-04-12-16-40.752257.wav) 

2013-09-04-12-16-57.581987-CEST  DM-5       : DEBUG      
    #43939  Time: 2013-09-04-12-16-57.575977-CEST From: HUB        To: DM         Command: timeout(silence_time="3.001") 

2013-09-04-12-16-57.586395-CEST  DM-5       : DEBUG      
    DDDState Dialogue Act in: silence(time="3.001")

2013-09-04-12-16-57.590656-CEST  DM-5       : DEBUG      
    Context Resolution - Dialogue Act: silence(time="3.001")

2013-09-04-12-16-57.595552-CEST  DM-5       : DEBUG      
    DDDState - Dialogue state content:
    
    ludait = silence
    alternative = none
    from_centre = none
    from_stop = Letňanská
    route_alternative = 0
    silence_time = 3.001
    time = none
    to_centre = true
    to_stop = Arbesovo náměstí
    
    rh_alternative = system-informed
    rh_enter_at = system-informed
    rh_exit_at = system-informed
    rh_found_directions = system-informed
    rh_from_stop = system-informed
    rh_go_at = system-informed
    rh_headsign = system-informed
    rh_line = system-informed
    rh_to_centre = system-informed
    rh_to_stop = system-informed
    rh_vehicle = system-informed
    
    ch_alternative = system-informed
    ch_enter_at = system-informed
    ch_exit_at = system-informed
    ch_found_directions = system-informed
    ch_from_stop = system-informed
    ch_go_at = system-informed
    ch_headsign = system-informed
    ch_line = system-informed
    ch_to_centre = system-informed
    ch_to_stop = system-informed
    ch_vehicle = system-informed
    
    sh_alternative = system-informed
    sh_enter_at = system-informed
    sh_exit_at = system-informed
    sh_found_directions = system-informed
    sh_from_stop = system-informed
    sh_go_at = system-informed
    sh_headsign = system-informed
    sh_line = system-informed
    sh_to_centre = system-informed
    sh_to_stop = system-informed
    sh_vehicle = system-informed
    

2013-09-04-12-16-57.599877-CEST  DM-5       : DEBUG      
    DDDState - Dialogue state update
    
    Requested slots:
    {}
    Confirmed slots:
    {}
    Non-informed slots:
    {u'route_alternative': 0, u'silence_time': 3.001}

2013-09-04-12-16-57.604467-CEST  DM-5       : DEBUG      
    DM Output
    ------------------------------------------------------------
    silence()
    

2013-09-04-12-16-57.712484-CEST  MainProcess : INFO       
    #43948  Time: 2013-09-04-12-16-57.707690-CEST From: DM         To: HUB        DA: silence() 

2013-09-04-12-16-58.021043-CEST  MainProcess : INFO       
    #43968  Time: 2013-09-04-12-16-58.015484-CEST From: VAD        To: HUB        Command: speech_start(fname="vad-2013-09-04-12-16-57.908236.wav") 

2013-09-04-12-16-58.026228-CEST  ASR-3      : DEBUG      
    ASR: speech_start(fname="vad-2013-09-04-12-16-57.908236.wav")

2013-09-04-12-16-58.030796-CEST  MainProcess : INFO       
    #43970  Time: 2013-09-04-12-16-58.017732-CEST From: ASR        To: HUB        Command: asr_start(fname="vad-2013-09-04-12-16-57.908236.wav") 

2013-09-04-12-16-58.778948-CEST  ASR-3      : DEBUG      
    ASR: speech_end(fname="vad-2013-09-04-12-16-57.908236.wav")

2013-09-04-12-16-58.783579-CEST  MainProcess : INFO       
    #44017  Time: 2013-09-04-12-16-58.774508-CEST From: VAD        To: HUB        Command: speech_end(fname="vad-2013-09-04-12-16-57.908236.wav") 

2013-09-04-12-16-59.152563-CEST  ASR-3      : DEBUG      
    ASR Hypothesis
    ------------------------------------------------------------
    0.882 další
    0.039 dalším
    0.031 další a
    0.024 další vtip
    0.016 další e
    0.008 dalším e
    0.000 __other__
    

2013-09-04-12-16-59.236625-CEST  MainProcess : INFO       
    #44048  Time: 2013-09-04-12-16-59.231073-CEST From: ASR        To: HUB        Command: asr_end(fname="vad-2013-09-04-12-16-57.908236.wav") 

2013-09-04-12-16-59.645095-CEST  SLU-4      : DEBUG      
    SLU Hypothesis
    ------------------------------------------------------------
    0.953 reqalts()
    0.047 other()
    

2013-09-04-12-16-59.730469-CEST  DM-5       : DEBUG      
    DDDState Dialogue Act in: reqalts()

2013-09-04-12-16-59.735143-CEST  MainProcess : INFO       
    #44080  Time: 2013-09-04-12-16-59.725854-CEST From: SLU        To: HUB        Command: slu_parsed(fname="vad-2013-09-04-12-16-57.908236.wav") 

2013-09-04-12-16-59.738749-CEST  DM-5       : DEBUG      
    Context Resolution - Dialogue Act: reqalts()

2013-09-04-12-16-59.744874-CEST  DM-5       : DEBUG      
    DDDState - Dialogue state content:
    
    ludait = reqalts
    alternative = none
    from_centre = none
    from_stop = Letňanská
    route_alternative = 0
    silence_time = 0.0
    time = none
    to_centre = true
    to_stop = Arbesovo náměstí
    
    rh_alternative = system-informed
    rh_enter_at = system-informed
    rh_exit_at = system-informed
    rh_found_directions = system-informed
    rh_from_stop = system-informed
    rh_go_at = system-informed
    rh_headsign = system-informed
    rh_line = system-informed
    rh_to_centre = system-informed
    rh_to_stop = system-informed
    rh_vehicle = system-informed
    
    ch_alternative = system-informed
    ch_enter_at = system-informed
    ch_exit_at = system-informed
    ch_found_directions = system-informed
    ch_from_stop = system-informed
    ch_go_at = system-informed
    ch_headsign = system-informed
    ch_line = system-informed
    ch_to_centre = system-informed
    ch_to_stop = system-informed
    ch_vehicle = system-informed
    
    sh_alternative = system-informed
    sh_enter_at = system-informed
    sh_exit_at = system-informed
    sh_found_directions = system-informed
    sh_from_stop = system-informed
    sh_go_at = system-informed
    sh_headsign = system-informed
    sh_line = system-informed
    sh_to_centre = system-informed
    sh_to_stop = system-informed
    sh_vehicle = system-informed
    

2013-09-04-12-16-59.750591-CEST  DM-5       : DEBUG      
    DDDState - Dialogue state update
    
    Requested slots:
    {}
    Confirmed slots:
    {}
    Non-informed slots:
    {u'route_alternative': 0, u'silence_time': 0.0}

2013-09-04-12-17-00.058777-CEST  DM-5       : DEBUG      
    DM Output
    ------------------------------------------------------------
    inform(found_directions="true")&inform(alternative="2")&inform(vehicle="SUBWAY")&inform(line="B")&inform(go_at="12:39")&inform(enter_at="Vysočanská")&inform(headsign="Zličín")&inform(exit_at="Anděl")
    

2013-09-04-12-17-00.150219-CEST  MainProcess : INFO       
    #44110  Time: 2013-09-04-12-17-00.144662-CEST From: DM         To: HUB        DA: inform(found_directions="true")&inform(alternative="2")&inform(vehicle="SUBWAY")&inform(line="B")&inform(go_at="12:39")&inform(enter_at="Vysočanská")&inform(headsign="Zličín")&inform(exit_at="Anděl") 

2013-09-04-12-17-00.156951-CEST  NLG-6      : DEBUG      
    #44111  Time: 2013-09-04-12-17-00.153151-CEST From: HUB        To: NLG        DA: inform(found_directions="true")&inform(alternative="2")&inform(vehicle="SUBWAY")&inform(line="B")&inform(go_at="12:39")&inform(enter_at="Vysočanská")&inform(headsign="Zličín")&inform(exit_at="Anděl") 

2013-09-04-12-17-00.233646-CEST  NLG-6      : DEBUG      
    NLG Output
    ------------------------------------------------------------
    Našla jsem následující spojení. Možnost druhá. Jeďte metrem B v 12:39 ze zastávky Vysočanská směrem Zličín. Vystupte na zastávce Anděl.
    

2013-09-04-12-17-00.300496-CEST  MainProcess : INFO       
    #44120  Time: 2013-09-04-12-17-00.296836-CEST From: NLG        To: HUB        Command: nlg_text_generated() 

2013-09-04-12-17-00.308107-CEST  MainProcess : INFO       
    #44122  Time: 2013-09-04-12-17-00.301957-CEST From: TTS        To: HUB        Command: tts_start(user_id="None",text="Našla jsem následující spojení. Možnost druhá. Jeďte metrem B v 12:39 ze zastávky Vysočanská směrem Zličín. Vystupte na zastávce Anděl.") 

2013-09-04-12-17-00.393765-CEST  MainProcess : INFO       
    #44124  Time: 2013-09-04-12-17-00.305041-CEST From: VoipIO     To: HUB        Command: play_utterance_start(user_id="None",fname="tts-2013-09-04-12-17-00.297422.wav") 

2013-09-04-12-17-01.503207-CEST  MainProcess : INFO       
    #44867  Time: 2013-09-04-12-17-01.495166-CEST From: TTS        To: HUB        Command: tts_end(user_id="None",text="Našla jsem následující spojení. Možnost druhá. Jeďte metrem B v 12:39 ze zastávky Vysočanská směrem Zličín. Vystupte na zastávce Anděl.",fname="tts-2013-09-04-12-17-00.297422.wav",log="true") 

2013-09-04-12-17-11.022416-CEST  MainProcess : INFO       
    #45456  Time: 2013-09-04-12-17-10.901602-CEST From: VoipIO     To: HUB        Command: play_utterance_end(user_id="None",fname="tts-2013-09-04-12-17-00.297422.wav) 

2013-09-04-12-17-14.029084-CEST  DM-5       : DEBUG      
    #45653  Time: 2013-09-04-12-17-14.024403-CEST From: HUB        To: DM         Command: timeout(silence_time="3.001") 

2013-09-04-12-17-14.034070-CEST  ASR-3      : DEBUG      
    ASR: speech_start(fname="vad-2013-09-04-12-17-13.907318.wav")

2013-09-04-12-17-14.039042-CEST  MainProcess : INFO       
    #45655  Time: 2013-09-04-12-17-14.028123-CEST From: VAD        To: HUB        Command: speech_start(fname="vad-2013-09-04-12-17-13.907318.wav") 

2013-09-04-12-17-14.043439-CEST  DM-5       : DEBUG      
    DDDState Dialogue Act in: silence(time="3.001")

2013-09-04-12-17-14.048151-CEST  MainProcess : INFO       
    #45656  Time: 2013-09-04-12-17-14.028342-CEST From: ASR        To: HUB        Command: asr_start(fname="vad-2013-09-04-12-17-13.907318.wav") 

2013-09-04-12-17-14.052173-CEST  DM-5       : DEBUG      
    Context Resolution - Dialogue Act: silence(time="3.001")

2013-09-04-12-17-14.058159-CEST  DM-5       : DEBUG      
    DDDState - Dialogue state content:
    
    ludait = silence
    alternative = none
    from_centre = none
    from_stop = Letňanská
    route_alternative = 1
    silence_time = 3.001
    time = none
    to_centre = true
    to_stop = Arbesovo náměstí
    
    rh_alternative = system-informed
    rh_enter_at = system-informed
    rh_exit_at = system-informed
    rh_found_directions = system-informed
    rh_from_stop = system-informed
    rh_go_at = system-informed
    rh_headsign = system-informed
    rh_line = system-informed
    rh_to_centre = system-informed
    rh_to_stop = system-informed
    rh_vehicle = system-informed
    
    ch_alternative = system-informed
    ch_enter_at = system-informed
    ch_exit_at = system-informed
    ch_found_directions = system-informed
    ch_from_stop = system-informed
    ch_go_at = system-informed
    ch_headsign = system-informed
    ch_line = system-informed
    ch_to_centre = system-informed
    ch_to_stop = system-informed
    ch_vehicle = system-informed
    
    sh_alternative = system-informed
    sh_enter_at = system-informed
    sh_exit_at = system-informed
    sh_found_directions = system-informed
    sh_from_stop = system-informed
    sh_go_at = system-informed
    sh_headsign = system-informed
    sh_line = system-informed
    sh_to_centre = system-informed
    sh_to_stop = system-informed
    sh_vehicle = system-informed
    

2013-09-04-12-17-14.062611-CEST  DM-5       : DEBUG      
    DDDState - Dialogue state update
    
    Requested slots:
    {}
    Confirmed slots:
    {}
    Non-informed slots:
    {u'route_alternative': 1, u'silence_time': 3.001}

2013-09-04-12-17-14.066883-CEST  DM-5       : DEBUG      
    DM Output
    ------------------------------------------------------------
    silence()
    

2013-09-04-12-17-14.233813-CEST  MainProcess : INFO       
    #45669  Time: 2013-09-04-12-17-14.229017-CEST From: DM         To: HUB        DA: silence() 

2013-09-04-12-17-14.660431-CEST  ASR-3      : DEBUG      
    ASR: speech_end(fname="vad-2013-09-04-12-17-13.907318.wav")

2013-09-04-12-17-14.665088-CEST  MainProcess : INFO       
    #45697  Time: 2013-09-04-12-17-14.655550-CEST From: VAD        To: HUB        Command: speech_end(fname="vad-2013-09-04-12-17-13.907318.wav") 

2013-09-04-12-17-14.930525-CEST  ASR-3      : DEBUG      
    ASR Hypothesis
    ------------------------------------------------------------
    0.331 král
    0.248 thule
    0.172 dál
    0.166 dal
    0.083 karel
    0.000 __other__
    

2013-09-04-12-17-15.024856-CEST  MainProcess : INFO       
    #45720  Time: 2013-09-04-12-17-15.019542-CEST From: ASR        To: HUB        Command: asr_end(fname="vad-2013-09-04-12-17-13.907318.wav") 

2013-09-04-12-17-15.373070-CEST  SLU-4      : DEBUG      
    SLU Hypothesis
    ------------------------------------------------------------
    0.828 other()
    0.172 reqalts()
    

2013-09-04-12-17-15.470041-CEST  MainProcess : INFO       
    #45750  Time: 2013-09-04-12-17-15.463852-CEST From: SLU        To: HUB        Command: slu_parsed(fname="vad-2013-09-04-12-17-13.907318.wav") 

2013-09-04-12-17-15.474434-CEST  DM-5       : DEBUG      
    DDDState Dialogue Act in: other()

2013-09-04-12-17-15.479294-CEST  DM-5       : DEBUG      
    Context Resolution - Dialogue Act: other()

2013-09-04-12-17-15.484544-CEST  DM-5       : DEBUG      
    DDDState - Dialogue state content:
    
    ludait = other
    alternative = none
    from_centre = none
    from_stop = Letňanská
    route_alternative = 1
    silence_time = 0.0
    time = none
    to_centre = true
    to_stop = Arbesovo náměstí
    
    rh_alternative = system-informed
    rh_enter_at = system-informed
    rh_exit_at = system-informed
    rh_found_directions = system-informed
    rh_from_stop = system-informed
    rh_go_at = system-informed
    rh_headsign = system-informed
    rh_line = system-informed
    rh_to_centre = system-informed
    rh_to_stop = system-informed
    rh_vehicle = system-informed
    
    ch_alternative = system-informed
    ch_enter_at = system-informed
    ch_exit_at = system-informed
    ch_found_directions = system-informed
    ch_from_stop = system-informed
    ch_go_at = system-informed
    ch_headsign = system-informed
    ch_line = system-informed
    ch_to_centre = system-informed
    ch_to_stop = system-informed
    ch_vehicle = system-informed
    
    sh_alternative = system-informed
    sh_enter_at = system-informed
    sh_exit_at = system-informed
    sh_found_directions = system-informed
    sh_from_stop = system-informed
    sh_go_at = system-informed
    sh_headsign = system-informed
    sh_line = system-informed
    sh_to_centre = system-informed
    sh_to_stop = system-informed
    sh_vehicle = system-informed
    

2013-09-04-12-17-15.490288-CEST  DM-5       : DEBUG      
    DDDState - Dialogue state update
    
    Requested slots:
    {}
    Confirmed slots:
    {}
    Non-informed slots:
    {u'route_alternative': 1, u'silence_time': 0.0}

2013-09-04-12-17-15.768072-CEST  DM-5       : DEBUG      
    DM Output
    ------------------------------------------------------------
    notunderstood()&help(inform="alternative_last")
    

2013-09-04-12-17-15.839619-CEST  MainProcess : INFO       
    #45776  Time: 2013-09-04-12-17-15.836034-CEST From: DM         To: HUB        DA: notunderstood()&help(inform="alternative_last") 

2013-09-04-12-17-15.847540-CEST  NLG-6      : DEBUG      
    #45777  Time: 2013-09-04-12-17-15.842463-CEST From: HUB        To: NLG        DA: notunderstood()&help(inform="alternative_last") 

2013-09-04-12-17-15.852714-CEST  NLG-6      : DEBUG      
    NLG Output
    ------------------------------------------------------------
    Nerozuměla jsem. Ještě jednou prosím. Můžete mě požádat o poslední nabídnutý spoj.
    

2013-09-04-12-17-15.928632-CEST  MainProcess : INFO       
    #45782  Time: 2013-09-04-12-17-15.925082-CEST From: NLG        To: HUB        Command: nlg_text_generated() 

2013-09-04-12-17-15.936792-CEST  MainProcess : INFO       
    #45784  Time: 2013-09-04-12-17-15.930135-CEST From: TTS        To: HUB        Command: tts_start(user_id="None",text="Nerozuměla jsem. Ještě jednou prosím. Můžete mě požádat o poslední nabídnutý spoj.") 

2013-09-04-12-17-16.020270-CEST  MainProcess : INFO       
    #45787  Time: 2013-09-04-12-17-15.933289-CEST From: VoipIO     To: HUB        Command: play_utterance_start(user_id="None",fname="tts-2013-09-04-12-17-15.926189.wav") 

2013-09-04-12-17-16.078779-CEST  MainProcess : INFO       
    #46152  Time: 2013-09-04-12-17-16.073747-CEST From: TTS        To: HUB        Command: tts_end(user_id="None",text="Nerozuměla jsem. Ještě jednou prosím. Můžete mě požádat o poslední nabídnutý spoj.",fname="tts-2013-09-04-12-17-15.926189.wav",log="true") 

2013-09-04-12-17-21.645727-CEST  MainProcess : INFO       
    #46469  Time: 2013-09-04-12-17-21.145936-CEST From: VoipIO     To: HUB        Command: play_utterance_end(user_id="None",fname="tts-2013-09-04-12-17-15.926189.wav) 

2013-09-04-12-17-23.082491-CEST  MainProcess : INFO       
    #46591  Time: 2013-09-04-12-17-23.078318-CEST From: VAD        To: HUB        Command: speech_start(fname="vad-2013-09-04-12-17-22.936467.wav") 

2013-09-04-12-17-23.087252-CEST  ASR-3      : DEBUG      
    ASR: speech_start(fname="vad-2013-09-04-12-17-22.936467.wav")

2013-09-04-12-17-23.092117-CEST  MainProcess : INFO       
    #46592  Time: 2013-09-04-12-17-23.080202-CEST From: ASR        To: HUB        Command: asr_start(fname="vad-2013-09-04-12-17-22.936467.wav") 

2013-09-04-12-17-23.947468-CEST  ASR-3      : DEBUG      
    ASR: speech_end(fname="vad-2013-09-04-12-17-22.936467.wav")

2013-09-04-12-17-23.952604-CEST  MainProcess : INFO       
    #46650  Time: 2013-09-04-12-17-23.943747-CEST From: VAD        To: HUB        Command: speech_end(fname="vad-2013-09-04-12-17-22.936467.wav") 

2013-09-04-12-17-24.403420-CEST  ASR-3      : DEBUG      
    ASR Hypothesis
    ------------------------------------------------------------
    0.859 poslední
    0.031 posledních
    0.027 poslední díl
    0.024 poslední i
    0.020 poslední a
    0.016 posledních i
    0.012 po slední i
    0.008 poslední a i
    0.004 posledních a
    0.000 __other__
    

2013-09-04-12-17-24.581803-CEST  MainProcess : INFO       
    #46689  Time: 2013-09-04-12-17-24.576791-CEST From: ASR        To: HUB        Command: asr_end(fname="vad-2013-09-04-12-17-22.936467.wav") 

2013-09-04-12-17-25.197856-CEST  SLU-4      : DEBUG      
    SLU Hypothesis
    ------------------------------------------------------------
    1.000 other()
    

2013-09-04-12-17-25.278125-CEST  MainProcess : INFO       
    #46733  Time: 2013-09-04-12-17-25.274150-CEST From: SLU        To: HUB        Command: slu_parsed(fname="vad-2013-09-04-12-17-22.936467.wav") 

2013-09-04-12-17-25.282431-CEST  DM-5       : DEBUG      
    DDDState Dialogue Act in: other()

2013-09-04-12-17-25.286715-CEST  DM-5       : DEBUG      
    Context Resolution - Dialogue Act: other()

2013-09-04-12-17-25.291528-CEST  DM-5       : DEBUG      
    DDDState - Dialogue state content:
    
    ludait = other
    alternative = none
    from_centre = none
    from_stop = Letňanská
    route_alternative = 1
    silence_time = 0.0
    time = none
    to_centre = true
    to_stop = Arbesovo náměstí
    
    rh_alternative = system-informed
    rh_enter_at = system-informed
    rh_exit_at = system-informed
    rh_found_directions = system-informed
    rh_from_stop = system-informed
    rh_go_at = system-informed
    rh_headsign = system-informed
    rh_line = system-informed
    rh_to_centre = system-informed
    rh_to_stop = system-informed
    rh_vehicle = system-informed
    
    ch_alternative = system-informed
    ch_enter_at = system-informed
    ch_exit_at = system-informed
    ch_found_directions = system-informed
    ch_from_stop = system-informed
    ch_go_at = system-informed
    ch_headsign = system-informed
    ch_line = system-informed
    ch_to_centre = system-informed
    ch_to_stop = system-informed
    ch_vehicle = system-informed
    
    sh_alternative = system-informed
    sh_enter_at = system-informed
    sh_exit_at = system-informed
    sh_found_directions = system-informed
    sh_from_stop = system-informed
    sh_go_at = system-informed
    sh_headsign = system-informed
    sh_line = system-informed
    sh_to_centre = system-informed
    sh_to_stop = system-informed
    sh_vehicle = system-informed
    

2013-09-04-12-17-25.295960-CEST  DM-5       : DEBUG      
    DDDState - Dialogue state update
    
    Requested slots:
    {}
    Confirmed slots:
    {}
    Non-informed slots:
    {u'route_alternative': 1, u'silence_time': 0.0}

2013-09-04-12-17-25.459940-CEST  DM-5       : DEBUG      
    DM Output
    ------------------------------------------------------------
    notunderstood()&help(inform="alternative_abs")
    

2013-09-04-12-17-25.545351-CEST  MainProcess : INFO       
    #46754  Time: 2013-09-04-12-17-25.541149-CEST From: DM         To: HUB        DA: notunderstood()&help(inform="alternative_abs") 

2013-09-04-12-17-25.553251-CEST  NLG-6      : DEBUG      
    #46756  Time: 2013-09-04-12-17-25.548137-CEST From: HUB        To: NLG        DA: notunderstood()&help(inform="alternative_abs") 

2013-09-04-12-17-25.558129-CEST  NLG-6      : DEBUG      
    NLG Output
    ------------------------------------------------------------
    Promiňte, nerozuměla jsem. Můžete to zopakovat? Pokud chcete zopakovat konkrétní spoj, potom můžete například říct třetí spojení.
    

2013-09-04-12-17-25.642877-CEST  MainProcess : INFO       
    #46761  Time: 2013-09-04-12-17-25.639059-CEST From: NLG        To: HUB        Command: nlg_text_generated() 

2013-09-04-12-17-25.649973-CEST  MainProcess : INFO       
    #46763  Time: 2013-09-04-12-17-25.644231-CEST From: TTS        To: HUB        Command: tts_start(user_id="None",text="Promiňte, nerozuměla jsem. Můžete to zopakovat? Pokud chcete zopakovat konkrétní spoj, potom můžete například říct třetí spojení.") 

2013-09-04-12-17-25.746090-CEST  MainProcess : INFO       
    #46765  Time: 2013-09-04-12-17-25.647592-CEST From: VoipIO     To: HUB        Command: play_utterance_start(user_id="None",fname="tts-2013-09-04-12-17-25.641292.wav") 

2013-09-04-12-17-25.914121-CEST  MainProcess : INFO       
    #47312  Time: 2013-09-04-12-17-25.907172-CEST From: TTS        To: HUB        Command: tts_end(user_id="None",text="Promiňte, nerozuměla jsem. Můžete to zopakovat? Pokud chcete zopakovat konkrétní spoj, potom můžete například říct třetí spojení.",fname="tts-2013-09-04-12-17-25.641292.wav",log="true") 

2013-09-04-12-17-28.961644-CEST  MainProcess : INFO       
    #47506  Time: 2013-09-04-12-17-28.957183-CEST From: VAD        To: HUB        Command: speech_start(fname="vad-2013-09-04-12-17-28.800442.wav") 

2013-09-04-12-17-28.965802-CEST  ASR-3      : DEBUG      
    ASR: speech_start(fname="vad-2013-09-04-12-17-28.800442.wav")

2013-09-04-12-17-28.969776-CEST  MainProcess : INFO       
    #47507  Time: 2013-09-04-12-17-28.958419-CEST From: ASR        To: HUB        Command: asr_start(fname="vad-2013-09-04-12-17-28.800442.wav") 

2013-09-04-12-17-29.532638-CEST  MainProcess : INFO       
    #47545  Time: 2013-09-04-12-17-29.527401-CEST From: VAD        To: HUB        Command: speech_end(fname="vad-2013-09-04-12-17-28.800442.wav") 

2013-09-04-12-17-29.537644-CEST  ASR-3      : DEBUG      
    ASR: speech_end(fname="vad-2013-09-04-12-17-28.800442.wav")

2013-09-04-12-17-29.958061-CEST  ASR-3      : DEBUG      
    ASR Hypothesis
    ------------------------------------------------------------
    1.000 __silence__
    0.000 __other__
    

2013-09-04-12-17-30.081145-CEST  MainProcess : INFO       
    #47579  Time: 2013-09-04-12-17-30.075996-CEST From: ASR        To: HUB        Command: asr_end(fname="vad-2013-09-04-12-17-28.800442.wav") 

2013-09-04-12-17-30.086386-CEST  SLU-4      : DEBUG      
    SLU Hypothesis
    ------------------------------------------------------------
    1.000 silence()
    

2013-09-04-12-17-30.193300-CEST  DM-5       : DEBUG      
    DDDState Dialogue Act in: silence()

2013-09-04-12-17-30.197459-CEST  MainProcess : INFO       
    #47588  Time: 2013-09-04-12-17-30.188518-CEST From: SLU        To: HUB        Command: slu_parsed(fname="vad-2013-09-04-12-17-28.800442.wav") 

2013-09-04-12-17-30.201703-CEST  DM-5       : DEBUG      
    Context Resolution - Dialogue Act: silence()

2013-09-04-12-17-30.206609-CEST  DM-5       : DEBUG      
    DDDState - Dialogue state content:
    
    ludait = silence
    alternative = none
    from_centre = none
    from_stop = Letňanská
    route_alternative = 1
    silence_time = 0.0
    time = none
    to_centre = true
    to_stop = Arbesovo náměstí
    
    rh_alternative = system-informed
    rh_enter_at = system-informed
    rh_exit_at = system-informed
    rh_found_directions = system-informed
    rh_from_stop = system-informed
    rh_go_at = system-informed
    rh_headsign = system-informed
    rh_line = system-informed
    rh_to_centre = system-informed
    rh_to_stop = system-informed
    rh_vehicle = system-informed
    
    ch_alternative = system-informed
    ch_enter_at = system-informed
    ch_exit_at = system-informed
    ch_found_directions = system-informed
    ch_from_stop = system-informed
    ch_go_at = system-informed
    ch_headsign = system-informed
    ch_line = system-informed
    ch_to_centre = system-informed
    ch_to_stop = system-informed
    ch_vehicle = system-informed
    
    sh_alternative = system-informed
    sh_enter_at = system-informed
    sh_exit_at = system-informed
    sh_found_directions = system-informed
    sh_from_stop = system-informed
    sh_go_at = system-informed
    sh_headsign = system-informed
    sh_line = system-informed
    sh_to_centre = system-informed
    sh_to_stop = system-informed
    sh_vehicle = system-informed
    

2013-09-04-12-17-30.212378-CEST  DM-5       : DEBUG      
    DDDState - Dialogue state update
    
    Requested slots:
    {}
    Confirmed slots:
    {}
    Non-informed slots:
    {u'route_alternative': 1, u'silence_time': 0.0}

2013-09-04-12-17-30.476952-CEST  DM-5       : DEBUG      
    DM Output
    ------------------------------------------------------------
    silence()
    

2013-09-04-12-17-30.665212-CEST  ASR-3      : DEBUG      
    ASR: speech_start(fname="vad-2013-09-04-12-17-30.232038.wav")

2013-09-04-12-17-30.669784-CEST  MainProcess : INFO       
    #47622  Time: 2013-09-04-12-17-30.661000-CEST From: VAD        To: HUB        Command: speech_start(fname="vad-2013-09-04-12-17-30.232038.wav") 

2013-09-04-12-17-30.676299-CEST  MainProcess : INFO       
    #47623  Time: 2013-09-04-12-17-30.661614-CEST From: ASR        To: HUB        Command: asr_start(fname="vad-2013-09-04-12-17-30.232038.wav") 

2013-09-04-12-17-30.746095-CEST  MainProcess : INFO       
    #47629  Time: 2013-09-04-12-17-30.742150-CEST From: DM         To: HUB        DA: silence() 

2013-09-04-12-17-31.458092-CEST  MainProcess : INFO       
    #47675  Time: 2013-09-04-12-17-31.453541-CEST From: VAD        To: HUB        Command: speech_end(fname="vad-2013-09-04-12-17-30.232038.wav") 

2013-09-04-12-17-31.462663-CEST  ASR-3      : DEBUG      
    ASR: speech_end(fname="vad-2013-09-04-12-17-30.232038.wav")

2013-09-04-12-17-32.030389-CEST  ASR-3      : DEBUG      
    ASR Hypothesis
    ------------------------------------------------------------
    1.000 __silence__
    0.000 __other__
    

2013-09-04-12-17-32.128715-CEST  MainProcess : INFO       
    #47717  Time: 2013-09-04-12-17-32.123285-CEST From: ASR        To: HUB        Command: asr_end(fname="vad-2013-09-04-12-17-30.232038.wav") 

2013-09-04-12-17-32.132906-CEST  SLU-4      : DEBUG      
    SLU Hypothesis
    ------------------------------------------------------------
    1.000 silence()
    

2013-09-04-12-17-32.232492-CEST  DM-5       : DEBUG      
    DDDState Dialogue Act in: silence()

2013-09-04-12-17-32.236946-CEST  MainProcess : INFO       
    #47726  Time: 2013-09-04-12-17-32.227391-CEST From: SLU        To: HUB        Command: slu_parsed(fname="vad-2013-09-04-12-17-30.232038.wav") 

2013-09-04-12-17-32.240995-CEST  DM-5       : DEBUG      
    Context Resolution - Dialogue Act: silence()

2013-09-04-12-17-32.246183-CEST  DM-5       : DEBUG      
    DDDState - Dialogue state content:
    
    ludait = silence
    alternative = none
    from_centre = none
    from_stop = Letňanská
    route_alternative = 1
    silence_time = 0.0
    time = none
    to_centre = true
    to_stop = Arbesovo náměstí
    
    rh_alternative = system-informed
    rh_enter_at = system-informed
    rh_exit_at = system-informed
    rh_found_directions = system-informed
    rh_from_stop = system-informed
    rh_go_at = system-informed
    rh_headsign = system-informed
    rh_line = system-informed
    rh_to_centre = system-informed
    rh_to_stop = system-informed
    rh_vehicle = system-informed
    
    ch_alternative = system-informed
    ch_enter_at = system-informed
    ch_exit_at = system-informed
    ch_found_directions = system-informed
    ch_from_stop = system-informed
    ch_go_at = system-informed
    ch_headsign = system-informed
    ch_line = system-informed
    ch_to_centre = system-informed
    ch_to_stop = system-informed
    ch_vehicle = system-informed
    
    sh_alternative = system-informed
    sh_enter_at = system-informed
    sh_exit_at = system-informed
    sh_found_directions = system-informed
    sh_from_stop = system-informed
    sh_go_at = system-informed
    sh_headsign = system-informed
    sh_line = system-informed
    sh_to_centre = system-informed
    sh_to_stop = system-informed
    sh_vehicle = system-informed
    

2013-09-04-12-17-32.250831-CEST  DM-5       : DEBUG      
    DDDState - Dialogue state update
    
    Requested slots:
    {}
    Confirmed slots:
    {}
    Non-informed slots:
    {u'route_alternative': 1, u'silence_time': 0.0}

2013-09-04-12-17-32.441552-CEST  DM-5       : DEBUG      
    DM Output
    ------------------------------------------------------------
    silence()
    

2013-09-04-12-17-32.543743-CEST  MainProcess : INFO       
    #47748  Time: 2013-09-04-12-17-32.539730-CEST From: DM         To: HUB        DA: silence() 

2013-09-04-12-17-34.191686-CEST  MainProcess : INFO       
    #47809  Time: 2013-09-04-12-17-33.529339-CEST From: VoipIO     To: HUB        Command: play_utterance_end(user_id="None",fname="tts-2013-09-04-12-17-25.641292.wav) 

2013-09-04-12-17-35.930565-CEST  MainProcess : INFO       
    #47963  Time: 2013-09-04-12-17-35.926131-CEST From: VAD        To: HUB        Command: speech_start(fname="vad-2013-09-04-12-17-35.735263.wav") 

2013-09-04-12-17-35.935455-CEST  ASR-3      : DEBUG      
    ASR: speech_start(fname="vad-2013-09-04-12-17-35.735263.wav")

2013-09-04-12-17-35.940106-CEST  MainProcess : INFO       
    #47964  Time: 2013-09-04-12-17-35.928189-CEST From: ASR        To: HUB        Command: asr_start(fname="vad-2013-09-04-12-17-35.735263.wav") 

2013-09-04-12-17-37.029197-CEST  MainProcess : INFO       
    #48034  Time: 2013-09-04-12-17-37.025458-CEST From: VAD        To: HUB        Command: speech_end(fname="vad-2013-09-04-12-17-35.735263.wav") 

2013-09-04-12-17-37.033739-CEST  ASR-3      : DEBUG      
    ASR: speech_end(fname="vad-2013-09-04-12-17-35.735263.wav")

2013-09-04-12-17-37.598260-CEST  ASR-3      : DEBUG      
    ASR Hypothesis
    ------------------------------------------------------------
    0.933 první spojení
    0.017 první spojení s
    0.014 první spojení a
    0.012 první spojení i
    0.010 první spojení s i
    0.007 první spojení a i
    0.005 první spojení s a
    0.002 první spojení s s
    0.000 __other__
    

2013-09-04-12-17-37.705503-CEST  MainProcess : INFO       
    #48078  Time: 2013-09-04-12-17-37.699870-CEST From: ASR        To: HUB        Command: asr_end(fname="vad-2013-09-04-12-17-35.735263.wav") 

2013-09-04-12-17-38.275466-CEST  SLU-4      : DEBUG      
    SLU Hypothesis
    ------------------------------------------------------------
    1.000 inform(alternative="1")
    

2013-09-04-12-17-38.337667-CEST  MainProcess : INFO       
    #48119  Time: 2013-09-04-12-17-38.334392-CEST From: SLU        To: HUB        Command: slu_parsed(fname="vad-2013-09-04-12-17-35.735263.wav") 

2013-09-04-12-17-38.341194-CEST  DM-5       : DEBUG      
    DDDState Dialogue Act in: inform(alternative="1")

2013-09-04-12-17-38.345820-CEST  DM-5       : DEBUG      
    Context Resolution - Dialogue Act: inform(alternative="1")

2013-09-04-12-17-38.349474-CEST  DM-5       : DEBUG      
    DDDState - Dialogue state content:
    
    ludait = none
    alternative = 1
    from_centre = none
    from_stop = Letňanská
    route_alternative = 1
    silence_time = 0.0
    time = none
    to_centre = true
    to_stop = Arbesovo náměstí
    
    rh_alternative = system-informed
    rh_enter_at = system-informed
    rh_exit_at = system-informed
    rh_found_directions = system-informed
    rh_from_stop = system-informed
    rh_go_at = system-informed
    rh_headsign = system-informed
    rh_line = system-informed
    rh_to_centre = system-informed
    rh_to_stop = system-informed
    rh_vehicle = system-informed
    
    ch_alternative = system-informed
    ch_enter_at = system-informed
    ch_exit_at = system-informed
    ch_found_directions = system-informed
    ch_from_stop = system-informed
    ch_go_at = system-informed
    ch_headsign = system-informed
    ch_line = system-informed
    ch_to_centre = system-informed
    ch_to_stop = system-informed
    ch_vehicle = system-informed
    
    sh_alternative = system-informed
    sh_enter_at = system-informed
    sh_exit_at = system-informed
    sh_found_directions = system-informed
    sh_from_stop = system-informed
    sh_go_at = system-informed
    sh_headsign = system-informed
    sh_line = system-informed
    sh_to_centre = system-informed
    sh_to_stop = system-informed
    sh_vehicle = system-informed
    

2013-09-04-12-17-38.353320-CEST  DM-5       : DEBUG      
    DDDState - Dialogue state update
    
    Requested slots:
    {}
    Confirmed slots:
    {}
    Non-informed slots:
    {u'route_alternative': 1, u'silence_time': 0.0}

2013-09-04-12-17-38.550751-CEST  DM-5       : DEBUG      
    DM Output
    ------------------------------------------------------------
    
    

2013-09-04-12-17-38.616992-CEST  MainProcess : INFO       
    #48139  Time: 2013-09-04-12-17-38.612953-CEST From: DM         To: HUB        DA:  

2013-09-04-12-17-38.622201-CEST  NLG-6      : DEBUG      
    #48140  Time: 2013-09-04-12-17-38.619158-CEST From: HUB        To: NLG        DA:  

2013-09-04-12-17-38.625672-CEST  NLG-6      : DEBUG      
    NLG Output
    ------------------------------------------------------------
    
    

2013-09-04-12-17-38.682550-CEST  MainProcess : INFO       
    #48145  Time: 2013-09-04-12-17-38.678683-CEST From: NLG        To: HUB        Command: nlg_text_generated() 

2013-09-04-12-17-38.686246-CEST  TTS-7      : EXCEPTION  
    Uncaught exception in the TTS process.
    Traceback (most recent call last):
      File "/mnt/h/jurcicek/vystadial-git-dev/alex/components/hub/tts.py", line 187, in run
        self.read_text_write_audio()
      File "/mnt/h/jurcicek/vystadial-git-dev/alex/components/hub/tts.py", line 168, in read_text_write_audio
        self.synthesize(None, data_tts.text)
      File "/mnt/h/jurcicek/vystadial-git-dev/alex/components/hub/tts.py", line 105, in synthesize
        segment_wav = self.remove_start_and_final_silence(segment_wav)
      File "/mnt/h/jurcicek/vystadial-git-dev/alex/components/hub/tts.py", line 82, in remove_start_and_final_silence
        return wav[2*int(i/2):-2*int(j/2)]
    UnboundLocalError: local variable 'i' referenced before assignment
    

2013-09-04-12-17-38.689563-CEST  MainProcess : INFO       
    #48147  Time: 2013-09-04-12-17-38.679633-CEST From: TTS        To: HUB        Command: tts_start(user_id="None",text="") 

