2013-07-09-16-56-13.177801-CEST  VoipIO-1   : DEBUG      
    CallCallback::on_state : Call with "777722783" <sip:777722783@195.113.20.160> is CONNECTING last code = 200 (OK)

2013-07-09-16-56-13.182870-CEST  VoipIO-1   : DEBUG      
    VoipIO::on_call_connecting

2013-07-09-16-56-13.188775-CEST  VoipIO-1   : DEBUG      
    CallCallback::on_state : Call with "777722783" <sip:777722783@195.113.20.160> is CONFIRMED last code = 200 (OK)

2013-07-09-16-56-13.210302-CEST  MainProcess : SYSTEM-LOG 
    config = { 'ASR': { 'Google': { 'debug': False, 'language': 'cs', 'maxresults': 20},
               'Julius': { 'adinnetport': 5530,
                           'binary': '/usr/local/bin/julius',
                           'debug': False,
                           'hostname': 'localhost',
                           'jconf': { '-adport': '5530',
                                      '-b': '1000',
                                      '-b2': '100',
                                      '-cmnload': 'cmn.param',
                                      '-cmnmapweight': '200',
                                      '-cmnsave': 'cmn.param',
                                      '-confnet': '',
                                      '-fallback1pass': '',
                                      '-gprune': 'safe',
                                      '-h': '/mnt/h/jurcicek/vystadial-git/alex/resources/asr/voip_en/hmmdefs',
                                      '-hlist': '/mnt/h/jurcicek/vystadial-git/alex/resources/asr/voip_en/tiedlist',
                                      '-htkconf': '/mnt/h/jurcicek/vystadial-git/alex/resources/asr/voip_en/config',
                                      '-input': 'adinnet',
                                      '-iwsp': '',
                                      '-iwsppenalty': '0.0',
                                      '-lmp': '15.0 0.0',
                                      '-lmp2': '15.0 0.0',
                                      '-mapunk': 'UM',
                                      '-module': '10500',
                                      '-n': '50',
                                      '-nlr': '/mnt/h/jurcicek/vystadial-git/alex/resources/lm/caminfo/julius_arpa_bigram',
                                      '-no_ccd': '',
                                      '-nrl': '/mnt/h/jurcicek/vystadial-git/alex/resources/lm/caminfo/julius_arpa_rev_bigram',
                                      '-silhead': '<s>',
                                      '-siltail': '</s>',
                                      '-spmodel': 'sp',
                                      '-tmix': '4',
                                      '-v': '/mnt/h/jurcicek/vystadial-git/alex/resources/lm/caminfo/julius_dict'},
                           'jconffile': 'julius.jconf',
                           'killall': False,
                           'logfile': 'julius.log',
                           'msg_timeout': 0.3,
                           'pidfile': 'julius.pid',
                           'reuse_server': False,
                           'serverport': 10500,
                           'start_max_wait_time': 15,
                           'start_wait_time': 0.5,
                           'timeout': 2.0},
               'Kaldi': { 'LM_scale': -6666.66,
                          'hypothesis_type': 'nblist',
                          'lat_depth': 666666,
                          'model': 'TODO_path_to_model'},
               'debug': True,
               'type': 'Google'},
      'AlexOnTheBus': { 'max_turns': 30},
      'Analytics': Analytics(account_id='UA-41905278-1', domain_name='cuni.cz'),
      'Audio': { 'sample_rate': 16000, 'samples_per_frame': 256},
      'AudioIO': { 'debug': True, 'output_dir': './aio_call_log', 'play_buffer_size': 1024},
      'DM': { 'PUfalRuleDM': { 'code_submit_url': None,
                               'db_cfg': '/mnt/h/jurcicek/vystadial-git/alex/resources/../applications/CamInfoRest/cued_data/CIRdbase_V7_noloc.txt',
                               'ontology': '/mnt/h/jurcicek/vystadial-git/alex/resources/../applications/CamInfoRest/ontology.cfg',
                               'provide_code': False},
              'UfalRuleDM': { 'code_submit_url': None,
                              'db_cfg': '/mnt/h/jurcicek/vystadial-git/alex/resources/../applications/CamInfoRest/cued_data/CIRdbase_V7_noloc.txt',
                              'ontology': '/mnt/h/jurcicek/vystadial-git/alex/resources/../applications/CamInfoRest/ontology.cfg',
                              'provide_code': False},
              'basic': { 'debug': True},
              'debug': True,
              'dialogue_policy': { 'type': <class 'alex.applications.AlexOnTheBus.aotb_hdc_policy.AOTBHDCPolicy'>},
              'dialogue_state': { 'type': <class 'alex.components.dm.dddstate.DeterministicDiscriminativeDialogueState'>},
              'ontology': '/mnt/h/jurcicek/vystadial-git/alex/applications/AlexOnTheBus/data/ontology.py',
              'type': 'basic'},
      'General': { 'debug': False, 'include': ['/mnt/h/jurcicek/vystadial-git/alex/resources/private/default.cfg']},
      'Hub': { 'history_file': 'hub_history_hub.txt', 'history_length': 1000, 'main_loop_sleep_time': 0.002},
      'Logging': { 'excepthook': <alex.utils.excepthook.ExceptionHook object at 0x23e6710>,
                   'session_logger': SessionLogger(),
                   'system_logger': SystemLogger(output_dir=/net/projects/vystadial/data/call-logs/2013-05-30-alex-aotb-prototype/new, stdout_log_level='DEBUG', stdout=True, file_log_level='DEBUG'),
                   'system_name': u'Alex On The Bus - Live',
                   'version': u'1.0'},
      'NLG': { 'Template': { 'model': '/mnt/h/jurcicek/vystadial-git/alex/applications/AlexOnTheBus/nlg_templates.cfg'},
               'debug': True,
               'type': 'Template'},
      'SHub': { 'history_file': 'hub_history_shub.txt', 'history_length': 1000},
      'SLU': { 'cl-tracing': { 'cldb_fname': '/mnt/h/jurcicek/vystadial-git/alex/applications/CamInfoRest/data/database.py',
                               'do_preprocessing': True,
                               'features_type': ('ngram', 'ab_ngram'),
                               'testing': { 'max_examples': None,
                                            'min_perc': 80,
                                            'model_fname': '/mnt/h/jurcicek/vystadial-git/alex/applications/CamInfoRest/models/130516_minf60-minfc35-mind60.slu_model.gz',
                                            'renormalise': True,
                                            'threshold': None,
                                            'vanilla': True},
                               'training': { 'abstractions': ('abstract',), 'models_dir': 'models'}},
               'debug': True,
               'type': <class 'alex.applications.AlexOnTheBus.aotb_slu.AOTBSLU'>,
               <class 'alex.applications.AlexOnTheBus.aotb_slu.AOTBSLU'>: { 'cldb_fname': '/mnt/h/jurcicek/vystadial-git/alex/applications/AlexOnTheBus/data/database.py',
                                                                            'preprocessing_cls': <class 'alex.applications.AlexOnTheBus.aotb_preprocessing.AOTBSLUPreprocessing'>,
                                                                            'training': { 'models_dir': 'models'}}},
      'THub': { 'history_file': 'hub_history_thub.txt', 'history_length': 1000},
      'TTS': { 'Flite': { 'debug': False,
                          'preprocessing': '/mnt/h/jurcicek/vystadial-git/alex/resources/tts/prep_flite_en.cfg',
                          'voice': 'kal16'},
               'Google': { 'debug': False,
                           'language': 'en',
                           'preprocessing': '/mnt/h/jurcicek/vystadial-git/alex/resources/tts/prep_google_en.cfg'},
               'SpeechTech': { 'debug': True,
                               'login': 'filipjurcicek',
    # this line was removed since it included a password
                               'preprocessing': '/mnt/h/jurcicek/vystadial-git/alex/resources/tts/prep_speechtech_cs.cfg',
                               'voice': 'Iva210'},
               'VoiceRSS': { 'api_key': '3b6a9fca5d724b1c8ac34691586cdda1'},
               'VoiceRss': { 'language': 'en-gb',
                             'preprocessing': '/mnt/h/jurcicek/vystadial-git/alex/resources/tts/prep_voicerss_en.cfg'},
               'debug': True,
               'final_silence_removal_proportion': 0.8,
               'type': 'SpeechTech'},
      'VAD': { 'debug': False,
               'decision_frames_sil': 25,
               'decision_frames_speech': 10,
               'decision_non_speech_threshold': 0.2,
               'decision_speech_threshold': 0.7,
               'gmm': { 'ceplifter': 22,
                        'enormalise': True,
                        'filter_length': 5,
                        'frameshift': 160,
                        'framesize': 512,
                        'frontend': 'MFCC',
                        'hifreq': 3800,
                        'lofreq': 125,
                        'numceps': 12,
                        'numchans': 26,
                        'preemcoef': 0.97,
                        'sil_model': '/mnt/h/jurcicek/vystadial-git/alex/resources/vad/voip_en/vad_sil_sds_mfcc_m064_f100000.gmm',
                        'speech_model': '/mnt/h/jurcicek/vystadial-git/alex/resources/vad/voip_en/vad_speech_sds_mfcc_m064_f100000.gmm',
                        'useacc': True,
                        'usec0': False,
                        'usecmn': False,
                        'usedelta': True,
                        'usehamming': True,
                        'usepower': True,
                        'zmeansource': True},
               'power': { 'adaptation_frames': 30, 'threshold': 70, 'threshold_multiplier': 1.0},
               'speech_buffer_frames': 20,
               'type': 'gmm'},
      'VoipHub': { 'blacklist_for': 7200,
                   'call_db': u'/net/projects/vystadial/data/call-logs/2013-05-30-alex-aotb-prototype/new/call_db.pckl',
                   'hard_time_limit': 360,
                   'hard_turn_limit': 40,
                   'history_length': 1000,
                   'last_period_max_num_calls': 20,
                   'last_period_max_total_time': 1800,
                   'limit_reached_message': u'D\u011bkujeme za zavol\xe1n\xed, ale u\u017e jste volali hodn\u011b. Pros\xedm zavolejte pozd\u011bji. Na shledanou.',
                   'period': 172800,
                   'pid_file': u'/net/projects/vystadial/data/call-logs/2013-05-30-alex-aotb-prototype/new/vhub_live.pid',
                   'wait_time_before_calling_back': 10},
      'VoipIO': { 'allowed_hosts': '',
                  'allowed_phone_numbers': '(^[234567])',
                  'allowed_users': '(^[234567])',
                  'debug': True,
                  'domain': 'vystadial.ms.mff.cuni.cz',
                  'forbidden_hosts': '',
                  'forbidden_phone_number': '(^112$|^150$|^155$|^156$|^158$)',
                  'forbidden_users': '(^112$|^150$|^155$|^156$|^158$)',
    # this line was removed since it included a password
                  'pjsip_log_level': 3,
                  'reject_calls': False,
                  'user': '800899998'},
      'WebHub': { 'port': 8000},
      'corpustools': { 'get_jasr_confnets': { 'frame_size': 256, 'rt_ratio': 0.2}}}
    

2013-07-09-16-56-13.227079-CEST  VoipIO-1   : DEBUG      
    VoipIO::on_call_confirmed

2013-07-09-16-56-13.270338-CEST  MainProcess : INFO       
    #14009  Time: 2013-07-09-16-56-13.184313-CEST From: VoipIO     To: HUB        Command: call_connecting(remote_uri="777722783") 

2013-07-09-16-56-13.278356-CEST  MainProcess : INFO       
    #14010  Time: 2013-07-09-16-56-13.228549-CEST From: VoipIO     To: HUB        Command: call_confirmed(remote_uri="777722783") 

2013-07-09-16-56-13.285417-CEST  MainProcess : INFO       
    
    ========================================================================================================================
    Incoming call from :          777722783
    ------------------------------------------------------------------------------------------------------------------------
    Total calls:                  5
    Total time (min):             8.7
    Last period total calls:      1
    Last period total time (min): 2.1
    ------------------------------------------------------------------------------------------------------------------------
    CALL ACCEPTED
    ========================================================================================================================
    

2013-07-09-16-56-13.289864-CEST  DM-5       : DEBUG      
    #14014  Time: 2013-07-09-16-56-13.282211-CEST From: HUB        To: DM         Command: new_dialogue() 

2013-07-09-16-56-13.294867-CEST  DM-5       : DEBUG      
    DM Output
    ------------------------------------------------------------
    hello()
    

2013-07-09-16-56-13.311563-CEST  NLG-6      : DEBUG      
    NLG Output
    ------------------------------------------------------------
    Dobrý den. Tato experimentální služba je poskytována laboratoří výzkumu hlasových dialogových systémů na Ústavu Formální a Aplikované Lingvistiky na Karlově Univerzitě. Hovor je nahráván. Více informací o této službě je na internetu. Jak Vám mohu pomoci. 
    

2013-07-09-16-56-13.315988-CEST  MainProcess : INFO       
    #14016  Time: 2013-07-09-16-56-13.307322-CEST From: DM         To: HUB        Command: dm_da_generated() 

2013-07-09-16-56-13.323962-CEST  MainProcess : INFO       
    #14017  Time: 2013-07-09-16-56-13.319917-CEST From: NLG        To: HUB        Command: nlg_text_generated() 

2013-07-09-16-56-13.332026-CEST  MainProcess : INFO       
    #14019  Time: 2013-07-09-16-56-13.325719-CEST From: TTS        To: HUB        Command: tts_start(user_id="None",text="Dobrý den. Tato experimentální služba je poskytována laboratoří výzkumu hlasových dialogových systémů na Ústavu Formální a Aplikované Lingvistiky na Karlově Univerzitě. Hovor je nahráván. Více informací o této službě je na internetu. Jak Vám mohu pomoci. ") 

2013-07-09-16-56-13.345175-CEST  MainProcess : INFO       
    #14021  Time: 2013-07-09-16-56-13.328516-CEST From: VoipIO     To: HUB        Command: play_utterance_start(user_id="None",fname="tts-2013-07-09-16-56-13.322358.wav") 

2013-07-09-16-56-13.729151-CEST  MainProcess : INFO       
    #15286  Time: 2013-07-09-16-56-13.715886-CEST From: TTS        To: HUB        Command: tts_end(user_id="None",text="Dobrý den. Tato experimentální služba je poskytována laboratoří výzkumu hlasových dialogových systémů na Ústavu Formální a Aplikované Lingvistiky na Karlově Univerzitě. Hovor je nahráván. Více informací o této službě je na internetu. Jak Vám mohu pomoci. ",fname="tts-2013-07-09-16-56-13.322358.wav",log="true") 

2013-07-09-16-56-33.133278-CEST  MainProcess : INFO       
    #16483  Time: 2013-07-09-16-56-32.850134-CEST From: VoipIO     To: HUB        Command: play_utterance_end(user_id="None",fname="tts-2013-07-09-16-56-13.322358.wav) 

2013-07-09-16-56-34.512813-CEST  ASR-3      : DEBUG      
    ASR: speech_start()

2013-07-09-16-56-34.518153-CEST  MainProcess : INFO       
    #16589  Time: 2013-07-09-16-56-34.507800-CEST From: VAD        To: HUB        Command: speech_start(fname="vad-2013-07-09-16-56-34.491150.wav") 

2013-07-09-16-56-34.524828-CEST  MainProcess : INFO       
    #16590  Time: 2013-07-09-16-56-34.509497-CEST From: ASR        To: HUB        Command: asr_start() 

2013-07-09-16-56-40.131480-CEST  ASR-3      : DEBUG      
    ASR: speech_end()

2013-07-09-16-56-40.136525-CEST  MainProcess : INFO       
    #16944  Time: 2013-07-09-16-56-40.126246-CEST From: VAD        To: HUB        Command: speech_end(fname="vad-2013-07-09-16-56-34.491150.wav") 

2013-07-09-16-56-40.400169-CEST  MainProcess : INFO       
    #16962  Time: 2013-07-09-16-56-40.394546-CEST From: VAD        To: HUB        Command: speech_start(fname="vad-2013-07-09-16-56-40.379833.wav") 

2013-07-09-16-56-41.396923-CEST  ASR-3      : DEBUG      
    ASR Hypothesis
    ------------------------------------------------------------
    0.792 já bych chtěl jet se ze stanice nádraží holešovice
    0.035 já bych chtěl jet se ze stanice a nádraží holešovice
    0.032 já bych chtěl jet se za stanice nádraží holešovice
    0.028 já bych chtěl jet se za stanice a nádraží holešovice
    0.025 já bych chtěl jet cz ze stanice nádraží holešovice
    0.022 já bych chtěl jet cz ze stanice a nádraží holešovice
    0.019 já bych chtěl jet set ze stanice nádraží holešovice
    0.016 já bych chtěl jet set ze stanice a nádraží holešovice
    0.013 já bych chtěl jet se zase stanice nádraží holešovice
    0.009 já bych chtěl jet se zase stanice a nádraží holešovice
    0.006 já bych chtěl jet se zas stanice nádraží holešovice
    0.003 já bych chtěl jet se zas stanice a nádraží holešovice
    0.000 __other__
    

2013-07-09-16-56-41.416154-CEST  MainProcess : INFO       
    #17027  Time: 2013-07-09-16-56-41.410568-CEST From: ASR        To: HUB        Command: asr_end() 

2013-07-09-16-56-41.420560-CEST  ASR-3      : DEBUG      
    ASR: speech_start()

2013-07-09-16-56-41.425028-CEST  MainProcess : INFO       
    #17029  Time: 2013-07-09-16-56-41.414251-CEST From: ASR        To: HUB        Command: asr_start() 

2013-07-09-16-56-42.226699-CEST  SLU-4      : DEBUG      
    SLU Hypothesis
    ------------------------------------------------------------
    0.867 inform(from_stop="Nádraží Holešovice")
    0.133 inform(="Nádraží Holešovice")
    

2013-07-09-16-56-42.245345-CEST  DM-5       : DEBUG      
    DDDState Dialogue Act in: inform(from_stop="Nádraží Holešovice")

2013-07-09-16-56-42.249780-CEST  MainProcess : INFO       
    #17082  Time: 2013-07-09-16-56-42.240042-CEST From: SLU        To: HUB        Command: slu_parsed() 

2013-07-09-16-56-42.253948-CEST  DM-5       : DEBUG      
    Context Resolution - Dialogue Act: inform(from_stop="Nádraží Holešovice")

2013-07-09-16-56-42.258253-CEST  DM-5       : DEBUG      
    DDDState - Dialogue state content:
    
    lda = none
    from_stop = Nádraží Holešovice
    
    
    
    

2013-07-09-16-56-42.262769-CEST  DM-5       : DEBUG      
    DDDState
    
    Requested slots:
    {}
    Confirmed slots:
    {}
    Non-informed slots:
    {u'from_stop': u'N\xe1dra\u017e\xed Hole\u0161ovice'}

2013-07-09-16-56-42.267209-CEST  DM-5       : DEBUG      
    DM Output
    ------------------------------------------------------------
    iconfirm(from_stop="Nádraží Holešovice")&request(to_stop)
    

2013-07-09-16-56-42.294260-CEST  MainProcess : INFO       
    #17088  Time: 2013-07-09-16-56-42.289495-CEST From: DM         To: HUB        Command: dm_da_generated() 

2013-07-09-16-56-42.298605-CEST  NLG-6      : DEBUG      
    NLG Output
    ------------------------------------------------------------
    Dobře, ze zastávky Nádraží Holešovice. Do jaké zastávky chcete jet?
    

2013-07-09-16-56-42.316415-CEST  MainProcess : INFO       
    #17090  Time: 2013-07-09-16-56-42.311779-CEST From: NLG        To: HUB        Command: nlg_text_generated() 

2013-07-09-16-56-42.325681-CEST  MainProcess : INFO       
    #17092  Time: 2013-07-09-16-56-42.312487-CEST From: TTS        To: HUB        Command: tts_start(user_id="None",text="Dobře, ze zastávky Nádraží Holešovice. Do jaké zastávky chcete jet?") 

2013-07-09-16-56-42.335169-CEST  MainProcess : INFO       
    #17094  Time: 2013-07-09-16-56-42.315463-CEST From: VoipIO     To: HUB        Command: play_utterance_start(user_id="None",fname="tts-2013-07-09-16-56-42.312316.wav") 

2013-07-09-16-56-42.462490-CEST  MainProcess : INFO       
    #17479  Time: 2013-07-09-16-56-42.454190-CEST From: TTS        To: HUB        Command: tts_end(user_id="None",text="Dobře, ze zastávky Nádraží Holešovice. Do jaké zastávky chcete jet?",fname="tts-2013-07-09-16-56-42.312316.wav",log="true") 

2013-07-09-16-56-43.010558-CEST  ASR-3      : DEBUG      
    ASR: speech_end()

2013-07-09-16-56-43.015462-CEST  MainProcess : INFO       
    #17517  Time: 2013-07-09-16-56-43.005476-CEST From: VAD        To: HUB        Command: speech_end(fname="vad-2013-07-09-16-56-40.379833.wav") 

2013-07-09-16-56-43.574794-CEST  ASR-3      : DEBUG      
    ASR Hypothesis
    ------------------------------------------------------------
    0.753 do stanice českolipská
    0.038 dostaň se českolipská
    0.035 dostaňte se českolipská
    0.032 stanice českolipská
    0.029 postranice českolipská
    0.025 do stanice se českolipská
    0.022 do stanic se českolipská
    0.019 do stanice a českolipská
    0.016 do stanice u českolipská
    0.013 pro stanici se českolipská
    0.010 do stanice o českolipská
    0.006 do stanice českolipská i
    0.003 do stanice česko lipská
    0.000 __other__
    

2013-07-09-16-56-43.594360-CEST  MainProcess : INFO       
    #17554  Time: 2013-07-09-16-56-43.589664-CEST From: ASR        To: HUB        Command: asr_end() 

2013-07-09-16-56-44.367602-CEST  SLU-4      : DEBUG      
    SLU Hypothesis
    ------------------------------------------------------------
    0.759 inform(to_stop="Českolipská")
    0.238 inform(="Českolipská")
    0.003 other()
    

2013-07-09-16-56-44.382142-CEST  MainProcess : INFO       
    #17605  Time: 2013-07-09-16-56-44.378541-CEST From: SLU        To: HUB        Command: slu_parsed() 

2013-07-09-16-56-44.385961-CEST  DM-5       : DEBUG      
    DDDState Dialogue Act in: inform(to_stop="Českolipská")

2013-07-09-16-56-44.389119-CEST  DM-5       : DEBUG      
    Context Resolution - Dialogue Act: inform(to_stop="Českolipská")

2013-07-09-16-56-44.392639-CEST  DM-5       : DEBUG      
    DDDState - Dialogue state content:
    
    lda = none
    alternative = none
    from_stop = Nádraží Holešovice
    to_centre = none
    to_stop = Českolipská
    
    rh_from_stop = system-informed
    
    ch_from_stop = system-informed
    
    sh_from_stop = system-informed
    

2013-07-09-16-56-44.395952-CEST  DM-5       : DEBUG      
    DDDState
    
    Requested slots:
    {}
    Confirmed slots:
    {}
    Non-informed slots:
    {u'to_stop': u'\u010ceskolipsk\xe1'}

2013-07-09-16-56-44.775520-CEST  DM-5       : DEBUG      
    DM Output
    ------------------------------------------------------------
    iconfirm(to_stop="Českolipská")&inform(found_directions="true")&inform(alternative="1")&inform(vehicle="BUS")&inform(line="201")&inform(go_at="05:08")&inform(enter_at="Nádraží Holešovice")&inform(headsign="Bakovská")&inform(exit_at="Českolipská")
    

2013-07-09-16-56-44.814536-CEST  MainProcess : INFO       
    #17634  Time: 2013-07-09-16-56-44.809645-CEST From: DM         To: HUB        Command: dm_da_generated() 

2013-07-09-16-56-44.910795-CEST  NLG-6      : DEBUG      
    NLG Output
    ------------------------------------------------------------
    Chcete jet do zastávky Českolipská. Našla jsem následující spojení. Možnost první. Jeďte autobusem číslo 201 v 05:08 ze zastávky Nádraží Holešovice směrem Bakovská. Vystupte na zastávce Českolipská.
    

2013-07-09-16-56-44.933641-CEST  MainProcess : INFO       
    #17644  Time: 2013-07-09-16-56-44.928378-CEST From: NLG        To: HUB        Command: nlg_text_generated() 

2013-07-09-16-56-44.939291-CEST  MainProcess : INFO       
    #17646  Time: 2013-07-09-16-56-44.930196-CEST From: TTS        To: HUB        Command: tts_start(user_id="None",text="Chcete jet do zastávky Českolipská. Našla jsem následující spojení. Možnost první. Jeďte autobusem číslo 201 v 05:08 ze zastávky Nádraží Holešovice směrem Bakovská. Vystupte na zastávce Českolipská.") 

2013-07-09-16-56-46.570404-CEST  MainProcess : INFO       
    #18895  Time: 2013-07-09-16-56-46.557230-CEST From: TTS        To: HUB        Command: tts_end(user_id="None",text="Chcete jet do zastávky Českolipská. Našla jsem následující spojení. Možnost první. Jeďte autobusem číslo 201 v 05:08 ze zastávky Nádraží Holešovice směrem Bakovská. Vystupte na zastávce Českolipská.",fname="tts-2013-07-09-16-56-44.929990.wav",log="true") 

2013-07-09-16-56-48.364930-CEST  MainProcess : INFO       
    #19002  Time: 2013-07-09-16-56-48.248902-CEST From: VoipIO     To: HUB        Command: play_utterance_end(user_id="None",fname="tts-2013-07-09-16-56-42.312316.wav) 

2013-07-09-16-56-48.371693-CEST  MainProcess : INFO       
    #19003  Time: 2013-07-09-16-56-48.251477-CEST From: VoipIO     To: HUB        Command: play_utterance_start(user_id="None",fname="tts-2013-07-09-16-56-44.929990.wav") 

2013-07-09-16-56-49.310910-CEST  ASR-3      : DEBUG      
    ASR: speech_start()

2013-07-09-16-56-49.315569-CEST  MainProcess : INFO       
    #19070  Time: 2013-07-09-16-56-49.306152-CEST From: VAD        To: HUB        Command: speech_start(fname="vad-2013-07-09-16-56-49.269731.wav") 

2013-07-09-16-56-49.340755-CEST  NLG-6      : DEBUG      
    #19075  Time: 2013-07-09-16-56-49.335984-CEST From: HUB        To: NLG        Command: flush() 

2013-07-09-16-56-49.345486-CEST  MainProcess : INFO       
    #19071  Time: 2013-07-09-16-56-49.307155-CEST From: ASR        To: HUB        Command: asr_start() 

2013-07-09-16-56-49.350282-CEST  MainProcess : INFO       
    #19076  Time: 2013-07-09-16-56-49.342162-CEST From: NLG        To: HUB        Command: flushed() 

2013-07-09-16-56-49.356168-CEST  TTS-7      : DEBUG      
    #19077  Time: 2013-07-09-16-56-49.351998-CEST From: HUB        To: TTS        Command: flush() 

2013-07-09-16-56-49.362056-CEST  MainProcess : INFO       
    #19078  Time: 2013-07-09-16-56-49.357663-CEST From: TTS        To: HUB        Command: flushed() 

2013-07-09-16-56-49.367152-CEST  VoipIO-1   : DEBUG      
    #19079  Time: 2013-07-09-16-56-49.363385-CEST From: HUB        To: VIO        Command: flush_out() 

2013-07-09-16-56-49.373613-CEST  MainProcess : INFO       
    #19080  Time: 2013-07-09-16-56-49.369227-CEST From: VoipIO     To: HUB        Command: flushed_out() 

2013-07-09-16-56-50.112186-CEST  MainProcess : INFO       
    #19130  Time: 2013-07-09-16-56-50.108256-CEST From: VAD        To: HUB        Command: speech_end(fname="vad-2013-07-09-16-56-49.269731.wav") 

2013-07-09-16-56-50.117148-CEST  ASR-3      : DEBUG      
    ASR: speech_end()

2013-07-09-16-56-50.369736-CEST  ASR-3      : DEBUG      
    ASR Hypothesis
    ------------------------------------------------------------
    1.000 __other__
    

2013-07-09-16-56-50.393567-CEST  MainProcess : INFO       
    #19147  Time: 2013-07-09-16-56-50.389562-CEST From: ASR        To: HUB        Command: asr_end() 

2013-07-09-16-56-50.398481-CEST  SLU-4      : DEBUG      
    SLU Hypothesis
    ------------------------------------------------------------
    1.000 other()
    

2013-07-09-16-56-50.432416-CEST  MainProcess : INFO       
    #19153  Time: 2013-07-09-16-56-50.427151-CEST From: SLU        To: HUB        Command: slu_parsed() 

2013-07-09-16-56-50.437059-CEST  DM-5       : DEBUG      
    DDDState Dialogue Act in: other()

2013-07-09-16-56-50.441339-CEST  DM-5       : DEBUG      
    Context Resolution - Dialogue Act: other()

2013-07-09-16-56-50.446097-CEST  DM-5       : DEBUG      
    DDDState - Dialogue state content:
    
    lda = other
    alternative = none
    from_stop = Nádraží Holešovice
    route_alternative = 0
    time = none
    to_centre = none
    to_stop = Českolipská
    
    rh_alternative = system-informed
    rh_enter_at = system-informed
    rh_exit_at = system-informed
    rh_found_directions = system-informed
    rh_from_stop = system-informed
    rh_go_at = system-informed
    rh_headsign = system-informed
    rh_line = system-informed
    rh_to_stop = system-informed
    rh_vehicle = system-informed
    
    ch_alternative = system-informed
    ch_enter_at = system-informed
    ch_exit_at = system-informed
    ch_found_directions = system-informed
    ch_from_stop = system-informed
    ch_go_at = system-informed
    ch_headsign = system-informed
    ch_line = system-informed
    ch_to_stop = system-informed
    ch_vehicle = system-informed
    
    sh_alternative = system-informed
    sh_enter_at = system-informed
    sh_exit_at = system-informed
    sh_found_directions = system-informed
    sh_from_stop = system-informed
    sh_go_at = system-informed
    sh_headsign = system-informed
    sh_line = system-informed
    sh_to_stop = system-informed
    sh_vehicle = system-informed
    

2013-07-09-16-56-50.450799-CEST  DM-5       : DEBUG      
    DDDState
    
    Requested slots:
    {}
    Confirmed slots:
    {}
    Non-informed slots:
    {u'route_alternative': 0}

2013-07-09-16-56-50.455429-CEST  DM-5       : DEBUG      
    DM Output
    ------------------------------------------------------------
    notunderstood()
    

2013-07-09-16-56-50.519700-CEST  MainProcess : INFO       
    #19159  Time: 2013-07-09-16-56-50.514914-CEST From: DM         To: HUB        Command: dm_da_generated() 

2013-07-09-16-56-50.524211-CEST  NLG-6      : DEBUG      
    NLG Output
    ------------------------------------------------------------
    Promiňte, nerozuměla jsem.
    

2013-07-09-16-56-50.557748-CEST  MainProcess : INFO       
    #19165  Time: 2013-07-09-16-56-50.552507-CEST From: NLG        To: HUB        Command: nlg_text_generated() 

2013-07-09-16-56-50.566559-CEST  MainProcess : INFO       
    #19167  Time: 2013-07-09-16-56-50.559440-CEST From: TTS        To: HUB        Command: tts_start(user_id="None",text="Promiňte, nerozuměla jsem.") 

2013-07-09-16-56-50.586443-CEST  MainProcess : INFO       
    #19169  Time: 2013-07-09-16-56-50.560827-CEST From: VoipIO     To: HUB        Command: play_utterance_start(user_id="None",fname="tts-2013-07-09-16-56-50.553558.wav") 

2013-07-09-16-56-50.599707-CEST  MainProcess : INFO       
    #19332  Time: 2013-07-09-16-56-50.594030-CEST From: TTS        To: HUB        Command: tts_end(user_id="None",text="Promiňte, nerozuměla jsem.",fname="tts-2013-07-09-16-56-50.553558.wav",log="true") 

2013-07-09-16-56-51.183572-CEST  MainProcess : INFO       
    #19372  Time: 2013-07-09-16-56-51.178009-CEST From: VAD        To: HUB        Command: speech_start(fname="vad-2013-07-09-16-56-51.132536.wav") 

2013-07-09-16-56-51.188479-CEST  ASR-3      : DEBUG      
    ASR: speech_start()

2013-07-09-16-56-51.209987-CEST  NLG-6      : DEBUG      
    #19374  Time: 2013-07-09-16-56-51.206040-CEST From: HUB        To: NLG        Command: flush() 

2013-07-09-16-56-51.214397-CEST  MainProcess : INFO       
    #19373  Time: 2013-07-09-16-56-51.180263-CEST From: ASR        To: HUB        Command: asr_start() 

2013-07-09-16-56-51.219399-CEST  MainProcess : INFO       
    #19375  Time: 2013-07-09-16-56-51.211485-CEST From: NLG        To: HUB        Command: flushed() 

2013-07-09-16-56-51.225749-CEST  TTS-7      : DEBUG      
    #19376  Time: 2013-07-09-16-56-51.220625-CEST From: HUB        To: TTS        Command: flush() 

2013-07-09-16-56-51.232797-CEST  MainProcess : INFO       
    #19378  Time: 2013-07-09-16-56-51.227219-CEST From: TTS        To: HUB        Command: flushed() 

2013-07-09-16-56-51.239232-CEST  VoipIO-1   : DEBUG      
    #19382  Time: 2013-07-09-16-56-51.234174-CEST From: HUB        To: VIO        Command: flush_out() 

2013-07-09-16-56-51.244324-CEST  MainProcess : INFO       
    #19383  Time: 2013-07-09-16-56-51.240869-CEST From: VoipIO     To: HUB        Command: flushed_out() 

2013-07-09-16-56-53.701372-CEST  MainProcess : INFO       
    #19537  Time: 2013-07-09-16-56-53.696569-CEST From: VAD        To: HUB        Command: speech_end(fname="vad-2013-07-09-16-56-51.132536.wav") 

2013-07-09-16-56-53.706253-CEST  ASR-3      : DEBUG      
    ASR: speech_end()

2013-07-09-16-56-54.433449-CEST  ASR-3      : DEBUG      
    ASR Hypothesis
    ------------------------------------------------------------
    0.670 jedovaté látky českolipská
    0.066 jedovaté zpátky českolipská
    0.059 jedovatá českolipská
    0.051 jedovatý českolipská
    0.044 jedovaté látky českodubská
    0.037 jedovaté českolipská
    0.029 jedovaté látky česko lipská
    0.022 jedovaté látky českolipská i
    0.015 jedovaté zpátky českodubská
    0.007 jedovatá a českolipská
    0.000 __other__
    

2013-07-09-16-56-54.472622-CEST  MainProcess : INFO       
    #19586  Time: 2013-07-09-16-56-54.467918-CEST From: ASR        To: HUB        Command: asr_end() 

2013-07-09-16-56-55.157741-CEST  SLU-4      : DEBUG      
    SLU Hypothesis
    ------------------------------------------------------------
    0.912 inform(="Českolipská")
    0.088 other()
    

2013-07-09-16-56-55.190773-CEST  MainProcess : INFO       
    #19632  Time: 2013-07-09-16-56-55.186451-CEST From: SLU        To: HUB        Command: slu_parsed() 

2013-07-09-16-56-55.195460-CEST  DM-5       : DEBUG      
    DDDState Dialogue Act in: inform(="Českolipská")

2013-07-09-16-56-55.200030-CEST  DM-5       : DEBUG      
    Context Resolution - Dialogue Act: inform(="Českolipská")

2013-07-09-16-56-55.204779-CEST  DM-5       : DEBUG      
    DDDState - Dialogue state content:
    
    lda = none
    alternative = none
    from_stop = Nádraží Holešovice
    route_alternative = 0
    time = none
    to_centre = none
    to_stop = Českolipská
    
    rh_alternative = system-informed
    rh_enter_at = system-informed
    rh_exit_at = system-informed
    rh_found_directions = system-informed
    rh_from_stop = system-informed
    rh_go_at = system-informed
    rh_headsign = system-informed
    rh_line = system-informed
    rh_to_stop = system-informed
    rh_vehicle = system-informed
    
    ch_alternative = system-informed
    ch_enter_at = system-informed
    ch_exit_at = system-informed
    ch_found_directions = system-informed
    ch_from_stop = system-informed
    ch_go_at = system-informed
    ch_headsign = system-informed
    ch_line = system-informed
    ch_to_stop = system-informed
    ch_vehicle = system-informed
    
    sh_alternative = system-informed
    sh_enter_at = system-informed
    sh_exit_at = system-informed
    sh_found_directions = system-informed
    sh_from_stop = system-informed
    sh_go_at = system-informed
    sh_headsign = system-informed
    sh_line = system-informed
    sh_to_stop = system-informed
    sh_vehicle = system-informed
    

2013-07-09-16-56-55.209605-CEST  DM-5       : DEBUG      
    DDDState
    
    Requested slots:
    {}
    Confirmed slots:
    {}
    Non-informed slots:
    {u'route_alternative': 0}

2013-07-09-16-56-55.263175-CEST  MainProcess : INFO       
    #19640  Time: 2013-07-09-16-56-55.258977-CEST From: VAD        To: HUB        Command: speech_start(fname="vad-2013-07-09-16-56-55.217310.wav") 

2013-07-09-16-56-55.267399-CEST  ASR-3      : DEBUG      
    ASR: speech_start()

2013-07-09-16-56-55.271511-CEST  MainProcess : INFO       
    #19642  Time: 2013-07-09-16-56-55.261167-CEST From: ASR        To: HUB        Command: asr_start() 

2013-07-09-16-56-55.391099-CEST  DM-5       : DEBUG      
    DM Output
    ------------------------------------------------------------
    inform(found_directions="true")&inform(alternative="1")&inform(vehicle="BUS")&inform(line="201")&inform(go_at="05:08")&inform(enter_at="Nádraží Holešovice")&inform(headsign="Bakovská")&inform(exit_at="Českolipská")
    

2013-07-09-16-56-55.442331-CEST  MainProcess : INFO       
    #19653  Time: 2013-07-09-16-56-55.437606-CEST From: DM         To: HUB        Command: dm_da_generated() 

2013-07-09-16-56-55.513633-CEST  NLG-6      : DEBUG      
    NLG Output
    ------------------------------------------------------------
    Našla jsem následující spojení. Možnost první. Jeďte autobusem číslo 201 v 05:08 ze zastávky Nádraží Holešovice směrem Bakovská. Vystupte na zastávce Českolipská.
    

2013-07-09-16-56-55.540576-CEST  MainProcess : INFO       
    #19663  Time: 2013-07-09-16-56-55.535832-CEST From: NLG        To: HUB        Command: nlg_text_generated() 

2013-07-09-16-56-55.548693-CEST  MainProcess : INFO       
    #19665  Time: 2013-07-09-16-56-55.541957-CEST From: TTS        To: HUB        Command: tts_start(user_id="None",text="Našla jsem následující spojení. Možnost první. Jeďte autobusem číslo 201 v 05:08 ze zastávky Nádraží Holešovice směrem Bakovská. Vystupte na zastávce Českolipská.") 

2013-07-09-16-56-55.578509-CEST  MainProcess : INFO       
    #19667  Time: 2013-07-09-16-56-55.544371-CEST From: VoipIO     To: HUB        Command: play_utterance_start(user_id="None",fname="tts-2013-07-09-16-56-55.537912.wav") 

2013-07-09-16-56-55.731599-CEST  MainProcess : INFO       
    #20637  Time: 2013-07-09-16-56-55.722292-CEST From: TTS        To: HUB        Command: tts_end(user_id="None",text="Našla jsem následující spojení. Možnost první. Jeďte autobusem číslo 201 v 05:08 ze zastávky Nádraží Holešovice směrem Bakovská. Vystupte na zastávce Českolipská.",fname="tts-2013-07-09-16-56-55.537912.wav",log="true") 

2013-07-09-16-56-57.038152-CEST  ASR-3      : DEBUG      
    ASR: speech_end()

2013-07-09-16-56-57.043012-CEST  MainProcess : INFO       
    #20719  Time: 2013-07-09-16-56-57.033861-CEST From: VAD        To: HUB        Command: speech_end(fname="vad-2013-07-09-16-56-55.217310.wav") 

2013-07-09-16-56-57.868386-CEST  ASR-3      : DEBUG      
    ASR Hypothesis
    ------------------------------------------------------------
    0.604 přijet do zastávky
    0.040 si jet do zastávky
    0.038 přijet do zastávky česká
    0.035 si jet do zastávky česká
    0.033 svět do zastávky
    0.031 vyjet do zastávky
    0.029 přijedu do zastávky
    0.027 přijet do zastávky tě
    0.025 přijet do zastávky czech
    0.023 přijet do zastávky a
    0.021 svět do zastávky česká
    0.019 si jet do zastávky tě
    0.017 si jet do zastávky czech
    0.015 vyjet do zastávky česká
    0.013 si jet do zastávky a
    0.010 přijedu do zastávky česká
    0.008 svět do zastávky tě
    0.006 svět do zastávky czech
    0.004 svět do zastávky a
    0.002 vyjet do zastávky tě
    0.000 __other__
    

2013-07-09-16-56-57.906731-CEST  MainProcess : INFO       
    #20776  Time: 2013-07-09-16-56-57.902039-CEST From: ASR        To: HUB        Command: asr_end() 

2013-07-09-16-56-59.033541-CEST  SLU-4      : DEBUG      
    SLU Hypothesis
    ------------------------------------------------------------
    1.000 other()
    

2013-07-09-16-56-59.052936-CEST  MainProcess : INFO       
    #20850  Time: 2013-07-09-16-56-59.049800-CEST From: SLU        To: HUB        Command: slu_parsed() 

2013-07-09-16-56-59.056236-CEST  DM-5       : DEBUG      
    DDDState Dialogue Act in: other()

2013-07-09-16-56-59.059443-CEST  DM-5       : DEBUG      
    Context Resolution - Dialogue Act: other()

2013-07-09-16-56-59.062942-CEST  DM-5       : DEBUG      
    DDDState - Dialogue state content:
    
    lda = other
    alternative = none
    from_stop = Nádraží Holešovice
    route_alternative = 0
    time = none
    to_centre = none
    to_stop = Českolipská
    
    rh_alternative = system-informed
    rh_enter_at = system-informed
    rh_exit_at = system-informed
    rh_found_directions = system-informed
    rh_from_stop = system-informed
    rh_go_at = system-informed
    rh_headsign = system-informed
    rh_line = system-informed
    rh_to_stop = system-informed
    rh_vehicle = system-informed
    
    ch_alternative = system-informed
    ch_enter_at = system-informed
    ch_exit_at = system-informed
    ch_found_directions = system-informed
    ch_from_stop = system-informed
    ch_go_at = system-informed
    ch_headsign = system-informed
    ch_line = system-informed
    ch_to_stop = system-informed
    ch_vehicle = system-informed
    
    sh_alternative = system-informed
    sh_enter_at = system-informed
    sh_exit_at = system-informed
    sh_found_directions = system-informed
    sh_from_stop = system-informed
    sh_go_at = system-informed
    sh_headsign = system-informed
    sh_line = system-informed
    sh_to_stop = system-informed
    sh_vehicle = system-informed
    

2013-07-09-16-56-59.066681-CEST  DM-5       : DEBUG      
    DDDState
    
    Requested slots:
    {}
    Confirmed slots:
    {}
    Non-informed slots:
    {u'route_alternative': 0}

2013-07-09-16-56-59.070100-CEST  DM-5       : DEBUG      
    DM Output
    ------------------------------------------------------------
    notunderstood()&help(request="num_transfers")
    

2013-07-09-16-56-59.105981-CEST  MainProcess : INFO       
    #20855  Time: 2013-07-09-16-56-59.103045-CEST From: DM         To: HUB        Command: dm_da_generated() 

2013-07-09-16-56-59.109289-CEST  NLG-6      : DEBUG      
    NLG Output
    ------------------------------------------------------------
    Promiňte, nerozuměla jsem. Můžete to zopakovat? Můžete se například zeptat kolik přestupů má nabídnutý spoj.
    

2013-07-09-16-56-59.129686-CEST  MainProcess : INFO       
    #20858  Time: 2013-07-09-16-56-59.126470-CEST From: NLG        To: HUB        Command: nlg_text_generated() 

2013-07-09-16-56-59.135822-CEST  MainProcess : INFO       
    #20860  Time: 2013-07-09-16-56-59.130687-CEST From: TTS        To: HUB        Command: tts_start(user_id="None",text="Promiňte, nerozuměla jsem. Můžete to zopakovat? Můžete se například zeptat kolik přestupů má nabídnutý spoj.") 

2013-07-09-16-56-59.196967-CEST  MainProcess : INFO       
    #21420  Time: 2013-07-09-16-56-59.191048-CEST From: TTS        To: HUB        Command: tts_end(user_id="None",text="Promiňte, nerozuměla jsem. Můžete to zopakovat? Můžete se například zeptat kolik přestupů má nabídnutý spoj.",fname="tts-2013-07-09-16-56-59.128358.wav",log="true") 

2013-07-09-16-57-10.766773-CEST  MainProcess : INFO       
    #22097  Time: 2013-07-09-16-57-09.996513-CEST From: VoipIO     To: HUB        Command: play_utterance_end(user_id="None",fname="tts-2013-07-09-16-56-55.537912.wav) 

2013-07-09-16-57-10.773952-CEST  MainProcess : INFO       
    #22098  Time: 2013-07-09-16-57-10.000427-CEST From: VoipIO     To: HUB        Command: play_utterance_start(user_id="None",fname="tts-2013-07-09-16-56-59.128358.wav") 

2013-07-09-16-57-16.078870-CEST  MainProcess : INFO       
    #22480  Time: 2013-07-09-16-57-16.073312-CEST From: VAD        To: HUB        Command: speech_start(fname="vad-2013-07-09-16-57-16.007542.wav") 

2013-07-09-16-57-16.084073-CEST  ASR-3      : DEBUG      
    ASR: speech_start()

2013-07-09-16-57-16.170138-CEST  MainProcess : INFO       
    #22481  Time: 2013-07-09-16-57-16.074864-CEST From: ASR        To: HUB        Command: asr_start() 

2013-07-09-16-57-16.174983-CEST  NLG-6      : DEBUG      
    #22486  Time: 2013-07-09-16-57-16.165077-CEST From: HUB        To: NLG        Command: flush() 

2013-07-09-16-57-16.181440-CEST  MainProcess : INFO       
    #22487  Time: 2013-07-09-16-57-16.176267-CEST From: NLG        To: HUB        Command: flushed() 

2013-07-09-16-57-16.187732-CEST  TTS-7      : DEBUG      
    #22488  Time: 2013-07-09-16-57-16.182866-CEST From: HUB        To: TTS        Command: flush() 

2013-07-09-16-57-16.193025-CEST  MainProcess : INFO       
    #22490  Time: 2013-07-09-16-57-16.189074-CEST From: TTS        To: HUB        Command: flushed() 

2013-07-09-16-57-16.200251-CEST  VoipIO-1   : DEBUG      
    #22493  Time: 2013-07-09-16-57-16.194423-CEST From: HUB        To: VIO        Command: flush_out() 

2013-07-09-16-57-16.206670-CEST  MainProcess : INFO       
    #22494  Time: 2013-07-09-16-57-16.201906-CEST From: VoipIO     To: HUB        Command: flushed_out() 

2013-07-09-16-57-16.444694-CEST  ASR-3      : DEBUG      
    ASR: speech_end()

2013-07-09-16-57-16.449794-CEST  MainProcess : INFO       
    #22509  Time: 2013-07-09-16-57-16.441287-CEST From: VAD        To: HUB        Command: speech_end(fname="vad-2013-07-09-16-57-16.007542.wav") 

2013-07-09-16-57-16.635076-CEST  ASR-3      : DEBUG      
    ASR Hypothesis
    ------------------------------------------------------------
    1.000 __other__
    

2013-07-09-16-57-16.681082-CEST  MainProcess : INFO       
    #22526  Time: 2013-07-09-16-57-16.677018-CEST From: ASR        To: HUB        Command: asr_end() 

2013-07-09-16-57-16.685773-CEST  SLU-4      : DEBUG      
    SLU Hypothesis
    ------------------------------------------------------------
    1.000 other()
    

2013-07-09-16-57-16.722040-CEST  MainProcess : INFO       
    #22532  Time: 2013-07-09-16-57-16.717243-CEST From: SLU        To: HUB        Command: slu_parsed() 

2013-07-09-16-57-16.727364-CEST  DM-5       : DEBUG      
    DDDState Dialogue Act in: other()

2013-07-09-16-57-16.732152-CEST  DM-5       : DEBUG      
    Context Resolution - Dialogue Act: other()

2013-07-09-16-57-16.737769-CEST  DM-5       : DEBUG      
    DDDState - Dialogue state content:
    
    lda = other
    alternative = none
    from_stop = Nádraží Holešovice
    route_alternative = 0
    time = none
    to_centre = none
    to_stop = Českolipská
    
    rh_alternative = system-informed
    rh_enter_at = system-informed
    rh_exit_at = system-informed
    rh_found_directions = system-informed
    rh_from_stop = system-informed
    rh_go_at = system-informed
    rh_headsign = system-informed
    rh_line = system-informed
    rh_to_stop = system-informed
    rh_vehicle = system-informed
    
    ch_alternative = system-informed
    ch_enter_at = system-informed
    ch_exit_at = system-informed
    ch_found_directions = system-informed
    ch_from_stop = system-informed
    ch_go_at = system-informed
    ch_headsign = system-informed
    ch_line = system-informed
    ch_to_stop = system-informed
    ch_vehicle = system-informed
    
    sh_alternative = system-informed
    sh_enter_at = system-informed
    sh_exit_at = system-informed
    sh_found_directions = system-informed
    sh_from_stop = system-informed
    sh_go_at = system-informed
    sh_headsign = system-informed
    sh_line = system-informed
    sh_to_stop = system-informed
    sh_vehicle = system-informed
    

2013-07-09-16-57-16.742680-CEST  DM-5       : DEBUG      
    DDDState
    
    Requested slots:
    {}
    Confirmed slots:
    {}
    Non-informed slots:
    {u'route_alternative': 0}

2013-07-09-16-57-16.747548-CEST  DM-5       : DEBUG      
    DM Output
    ------------------------------------------------------------
    notunderstood()&help(request="from_stop")
    

2013-07-09-16-57-16.831168-CEST  MainProcess : INFO       
    #22539  Time: 2013-07-09-16-57-16.826770-CEST From: DM         To: HUB        Command: dm_da_generated() 

2013-07-09-16-57-16.836520-CEST  NLG-6      : DEBUG      
    NLG Output
    ------------------------------------------------------------
    Nerozuměla jsem. Můžete se například zeptat z jaké zastávky jede nabídnutý spoj.
    

2013-07-09-16-57-16.872395-CEST  MainProcess : INFO       
    #22544  Time: 2013-07-09-16-57-16.867034-CEST From: NLG        To: HUB        Command: nlg_text_generated() 

2013-07-09-16-57-16.877885-CEST  MainProcess : INFO       
    #22546  Time: 2013-07-09-16-57-16.867713-CEST From: TTS        To: HUB        Command: tts_start(user_id="None",text="Nerozuměla jsem. Můžete se například zeptat z jaké zastávky jede nabídnutý spoj.") 

2013-07-09-16-57-16.923017-CEST  MainProcess : INFO       
    #22548  Time: 2013-07-09-16-57-16.871132-CEST From: VoipIO     To: HUB        Command: play_utterance_start(user_id="None",fname="tts-2013-07-09-16-57-16.867535.wav") 

2013-07-09-16-57-17.029810-CEST  MainProcess : INFO       
    #22966  Time: 2013-07-09-16-57-17.021706-CEST From: TTS        To: HUB        Command: tts_end(user_id="None",text="Nerozuměla jsem. Můžete se například zeptat z jaké zastávky jede nabídnutý spoj.",fname="tts-2013-07-09-16-57-16.867535.wav",log="true") 

2013-07-09-16-57-23.437202-CEST  MainProcess : INFO       
    #23346  Time: 2013-07-09-16-57-23.096925-CEST From: VoipIO     To: HUB        Command: play_utterance_end(user_id="None",fname="tts-2013-07-09-16-57-16.867535.wav) 

2013-07-09-16-57-25.424276-CEST  ASR-3      : DEBUG      
    ASR: speech_start()

2013-07-09-16-57-25.428923-CEST  MainProcess : INFO       
    #23496  Time: 2013-07-09-16-57-25.419127-CEST From: VAD        To: HUB        Command: speech_start(fname="vad-2013-07-09-16-57-25.354459.wav") 

2013-07-09-16-57-25.435238-CEST  MainProcess : INFO       
    #23497  Time: 2013-07-09-16-57-25.420301-CEST From: ASR        To: HUB        Command: asr_start() 

2013-07-09-16-57-30.955423-CEST  ASR-3      : DEBUG      
    ASR: speech_end()

2013-07-09-16-57-30.960655-CEST  MainProcess : INFO       
    #23843  Time: 2013-07-09-16-57-30.949749-CEST From: VAD        To: HUB        Command: speech_end(fname="vad-2013-07-09-16-57-25.354459.wav") 

2013-07-09-16-57-32.333337-CEST  ASR-3      : DEBUG      
    ASR Hypothesis
    ------------------------------------------------------------
    0.800 nechci se zeptat na příští spoj na následující spoj
    0.031 nechci se zeptat na příští spoj na následující spojení
    0.028 nechci se zeptat na příští spoj na následující svoj
    0.026 nechci se zeptat na příští spoj na následujících ahoj
    0.023 nechci se zeptat na příští spoj na následujících spoj
    0.020 nechci se zeptat na příští spoj na následující ahoj
    0.018 nechci se zeptat na příští spojky na následující spoj
    0.015 nechci se zeptat na příští spojka na následující spoj
    0.013 nechci se zeptat na příští spojit na následující spoj
    0.010 nechci se zeptat na příští spoj na následujících svoj
    0.008 nechci se zeptat na příští spojky na následující spojení
    0.005 nechci se zeptat na příští spojka na následující spojení
    0.003 nechci se zeptat na příští spoj na ná sledující spoj
    0.000 __other__
    

2013-07-09-16-57-32.378735-CEST  MainProcess : INFO       
    #23932  Time: 2013-07-09-16-57-32.374136-CEST From: ASR        To: HUB        Command: asr_end() 

2013-07-09-16-57-33.271479-CEST  SLU-4      : DEBUG      
    SLU Hypothesis
    ------------------------------------------------------------
    0.939 inform(alternative="next")
    0.046 hello()
    0.036 other()
    

2013-07-09-16-57-33.298140-CEST  MainProcess : INFO       
    #23994  Time: 2013-07-09-16-57-33.294451-CEST From: SLU        To: HUB        Command: slu_parsed() 

2013-07-09-16-57-33.301625-CEST  DM-5       : DEBUG      
    DDDState Dialogue Act in: inform(alternative="next")

2013-07-09-16-57-33.304779-CEST  DM-5       : DEBUG      
    Context Resolution - Dialogue Act: inform(alternative="next")

2013-07-09-16-57-33.308911-CEST  DM-5       : DEBUG      
    DDDState - Dialogue state content:
    
    lda = none
    alternative = next
    from_stop = Nádraží Holešovice
    route_alternative = 0
    time = none
    to_centre = none
    to_stop = Českolipská
    
    rh_alternative = system-informed
    rh_enter_at = system-informed
    rh_exit_at = system-informed
    rh_found_directions = system-informed
    rh_from_stop = system-informed
    rh_go_at = system-informed
    rh_headsign = system-informed
    rh_line = system-informed
    rh_to_stop = system-informed
    rh_vehicle = system-informed
    
    ch_alternative = system-informed
    ch_enter_at = system-informed
    ch_exit_at = system-informed
    ch_found_directions = system-informed
    ch_from_stop = system-informed
    ch_go_at = system-informed
    ch_headsign = system-informed
    ch_line = system-informed
    ch_to_stop = system-informed
    ch_vehicle = system-informed
    
    sh_alternative = system-informed
    sh_enter_at = system-informed
    sh_exit_at = system-informed
    sh_found_directions = system-informed
    sh_from_stop = system-informed
    sh_go_at = system-informed
    sh_headsign = system-informed
    sh_line = system-informed
    sh_to_stop = system-informed
    sh_vehicle = system-informed
    

2013-07-09-16-57-33.312701-CEST  DM-5       : DEBUG      
    DDDState
    
    Requested slots:
    {}
    Confirmed slots:
    {}
    Non-informed slots:
    {u'route_alternative': 0}

2013-07-09-16-57-33.506178-CEST  DM-5       : DEBUG      
    DM Output
    ------------------------------------------------------------
    inform(found_directions="next")&inform(alternative="2")&inform(vehicle="SUBWAY")&inform(line="C")&inform(go_at="05:02")&inform(enter_at="Nádraží Holešovice")&inform(headsign="Letňany")&inform(exit_at="Střížkov")&inform(transfer="true")&inform(vehicle="BUS")&inform(line="295")&inform(go_at="05:16")&inform(enter_at="Střížkov")&inform(headsign="Třeboradice")&inform(exit_at="Českolipská")
    

2013-07-09-16-57-33.593703-CEST  MainProcess : INFO       
    #24012  Time: 2013-07-09-16-57-33.589208-CEST From: DM         To: HUB        Command: dm_da_generated() 

2013-07-09-16-57-33.820285-CEST  NLG-6      : DEBUG      
    NLG Output
    ------------------------------------------------------------
    Následující spojení. Možnost druhá. Jeďte metrem C v 05:02 ze zastávky Nádraží Holešovice směrem Letňany. Vystupte na zastávce Střížkov. A pak přestupte. Jeďte autobusem číslo 295 v 05:16 ze zastávky Střížkov směrem Třeboradice. Vystupte na zastávce Českolipská.
    

2013-07-09-16-57-33.862732-CEST  MainProcess : INFO       
    #24034  Time: 2013-07-09-16-57-33.859259-CEST From: NLG        To: HUB        Command: nlg_text_generated() 

2013-07-09-16-57-33.870516-CEST  MainProcess : INFO       
    #24036  Time: 2013-07-09-16-57-33.864336-CEST From: TTS        To: HUB        Command: tts_start(user_id="None",text="Následující spojení. Možnost druhá. Jeďte metrem C v 05:02 ze zastávky Nádraží Holešovice směrem Letňany. Vystupte na zastávce Střížkov. A pak přestupte. Jeďte autobusem číslo 295 v 05:16 ze zastávky Střížkov směrem Třeboradice. Vystupte na zastávce Českolipská.") 

2013-07-09-16-57-33.926104-CEST  MainProcess : INFO       
    #24038  Time: 2013-07-09-16-57-33.867345-CEST From: VoipIO     To: HUB        Command: play_utterance_start(user_id="None",fname="tts-2013-07-09-16-57-33.861584.wav") 

2013-07-09-16-57-36.755637-CEST  MainProcess : INFO       
    #25791  Time: 2013-07-09-16-57-36.748091-CEST From: TTS        To: HUB        Command: tts_end(user_id="None",text="Následující spojení. Možnost druhá. Jeďte metrem C v 05:02 ze zastávky Nádraží Holešovice směrem Letňany. Vystupte na zastávce Střížkov. A pak přestupte. Jeďte autobusem číslo 295 v 05:16 ze zastávky Střížkov směrem Třeboradice. Vystupte na zastávce Českolipská.",fname="tts-2013-07-09-16-57-33.861584.wav",log="true") 

2013-07-09-16-57-59.021019-CEST  MainProcess : INFO       
    #27137  Time: 2013-07-09-16-57-58.300476-CEST From: VoipIO     To: HUB        Command: play_utterance_end(user_id="None",fname="tts-2013-07-09-16-57-33.861584.wav) 

2013-07-09-16-58-01.730377-CEST  ASR-3      : DEBUG      
    ASR: speech_start()

2013-07-09-16-58-01.735341-CEST  MainProcess : INFO       
    #27354  Time: 2013-07-09-16-58-01.725926-CEST From: VAD        To: HUB        Command: speech_start(fname="vad-2013-07-09-16-58-01.650062.wav") 

2013-07-09-16-58-01.742162-CEST  MainProcess : INFO       
    #27355  Time: 2013-07-09-16-58-01.726344-CEST From: ASR        To: HUB        Command: asr_start() 

2013-07-09-16-58-05.136987-CEST  ASR-3      : DEBUG      
    ASR: speech_end()

2013-07-09-16-58-05.141953-CEST  MainProcess : INFO       
    #27569  Time: 2013-07-09-16-58-05.131901-CEST From: VAD        To: HUB        Command: speech_end(fname="vad-2013-07-09-16-58-01.650062.wav") 

2013-07-09-16-58-05.945419-CEST  ASR-3      : DEBUG      
    ASR Hypothesis
    ------------------------------------------------------------
    0.668 děkuji a další možnost je třetí možnost
    0.044 děkuji a další možnost třetí možnost
    0.041 děkuji a další možnosti třetí možnost
    0.038 děkuji a dalších možnostech třetí možnost
    0.035 děkuji a další možností třetí možnost
    0.032 děkuji a další možnostech třetí možnost
    0.028 děkují a další možnost je třetí možnost
    0.025 děkují a další možnost třetí možnost
    0.022 děkují a další možnosti třetí možnost
    0.019 děkuji a další možností je třetí možnost
    0.016 děkuji a další možnost se ti možnost
    0.013 děkují a dalších možnostech třetí možnost
    0.009 děkuju a další možnost je třetí možnost
    0.006 děkuji a další možnost tak se ti možnost
    0.003 děkuju a další možnost třetí možnost
    0.000 __other__
    

2013-07-09-16-58-06.001821-CEST  MainProcess : INFO       
    #27626  Time: 2013-07-09-16-58-05.997616-CEST From: ASR        To: HUB        Command: asr_end() 

2013-07-09-16-58-06.895327-CEST  SLU-4      : DEBUG      
    SLU Hypothesis
    ------------------------------------------------------------
    1.000 thankyou()
    0.978 inform(alternative="3")
    0.949 inform(alternative="next")
    

2013-07-09-16-58-06.921878-CEST  MainProcess : INFO       
    #27684  Time: 2013-07-09-16-58-06.918390-CEST From: SLU        To: HUB        Command: slu_parsed() 

2013-07-09-16-58-06.925711-CEST  DM-5       : DEBUG      
    DDDState Dialogue Act in: thankyou()&inform(alternative="3")&inform(alternative="next")

2013-07-09-16-58-06.929010-CEST  DM-5       : DEBUG      
    Context Resolution - Dialogue Act: thankyou()&inform(alternative="3")&inform(alternative="next")

2013-07-09-16-58-06.933030-CEST  DM-5       : DEBUG      
    DDDState - Dialogue state content:
    
    lda = thankyou
    alternative = next
    from_stop = Nádraží Holešovice
    route_alternative = 1
    time = none
    to_centre = none
    to_stop = Českolipská
    
    rh_alternative = system-informed
    rh_enter_at = system-informed
    rh_exit_at = system-informed
    rh_found_directions = system-informed
    rh_from_stop = system-informed
    rh_go_at = system-informed
    rh_headsign = system-informed
    rh_line = system-informed
    rh_to_stop = system-informed
    rh_transfer = system-informed
    rh_vehicle = system-informed
    
    ch_alternative = system-informed
    ch_enter_at = system-informed
    ch_exit_at = system-informed
    ch_found_directions = system-informed
    ch_from_stop = system-informed
    ch_go_at = system-informed
    ch_headsign = system-informed
    ch_line = system-informed
    ch_to_stop = system-informed
    ch_transfer = system-informed
    ch_vehicle = system-informed
    
    sh_alternative = system-informed
    sh_enter_at = system-informed
    sh_exit_at = system-informed
    sh_found_directions = system-informed
    sh_from_stop = system-informed
    sh_go_at = system-informed
    sh_headsign = system-informed
    sh_line = system-informed
    sh_to_stop = system-informed
    sh_transfer = system-informed
    sh_vehicle = system-informed
    

2013-07-09-16-58-06.936817-CEST  DM-5       : DEBUG      
    DDDState
    
    Requested slots:
    {}
    Confirmed slots:
    {}
    Non-informed slots:
    {u'route_alternative': 1}

2013-07-09-16-58-06.940695-CEST  DM-5       : DEBUG      
    DM Output
    ------------------------------------------------------------
    inform(cordiality="true")&hello()
    

2013-07-09-16-58-06.996064-CEST  MainProcess : INFO       
    #27690  Time: 2013-07-09-16-58-06.991003-CEST From: DM         To: HUB        Command: dm_da_generated() 

2013-07-09-16-58-07.000132-CEST  NLG-6      : DEBUG      
    NLG Output
    ------------------------------------------------------------
    Nemáte zač. S čím Vám mohu ještě pomoci.
    

2013-07-09-16-58-07.027916-CEST  MainProcess : INFO       
    #27696  Time: 2013-07-09-16-58-07.024375-CEST From: NLG        To: HUB        Command: nlg_text_generated() 

2013-07-09-16-58-07.033534-CEST  MainProcess : INFO       
    #27698  Time: 2013-07-09-16-58-07.029090-CEST From: TTS        To: HUB        Command: tts_start(user_id="None",text="Nemáte zač. S čím Vám mohu ještě pomoci.") 

2013-07-09-16-58-07.070756-CEST  MainProcess : INFO       
    #27700  Time: 2013-07-09-16-58-07.031310-CEST From: VoipIO     To: HUB        Command: play_utterance_start(user_id="None",fname="tts-2013-07-09-16-58-07.025888.wav") 

2013-07-09-16-58-07.095697-CEST  MainProcess : INFO       
    #27943  Time: 2013-07-09-16-58-07.090901-CEST From: TTS        To: HUB        Command: tts_end(user_id="None",text="Nemáte zač. S čím Vám mohu ještě pomoci.",fname="tts-2013-07-09-16-58-07.025888.wav",log="true") 

2013-07-09-16-58-10.798820-CEST  MainProcess : INFO       
    #28152  Time: 2013-07-09-16-58-10.411180-CEST From: VoipIO     To: HUB        Command: play_utterance_end(user_id="None",fname="tts-2013-07-09-16-58-07.025888.wav) 

2013-07-09-16-58-11.971124-CEST  ASR-3      : DEBUG      
    ASR: speech_start()

2013-07-09-16-58-11.976248-CEST  MainProcess : INFO       
    #28250  Time: 2013-07-09-16-58-11.966277-CEST From: VAD        To: HUB        Command: speech_start(fname="vad-2013-07-09-16-58-11.879163.wav") 

2013-07-09-16-58-11.982889-CEST  MainProcess : INFO       
    #28251  Time: 2013-07-09-16-58-11.967096-CEST From: ASR        To: HUB        Command: asr_start() 

2013-07-09-16-58-16.147150-CEST  MainProcess : INFO       
    #28513  Time: 2013-07-09-16-58-16.141401-CEST From: VAD        To: HUB        Command: speech_end(fname="vad-2013-07-09-16-58-11.879163.wav") 

2013-07-09-16-58-16.152419-CEST  ASR-3      : DEBUG      
    ASR: speech_end()

2013-07-09-16-58-17.160521-CEST  ASR-3      : DEBUG      
    ASR Hypothesis
    ------------------------------------------------------------
    0.731 najít ještě další to znamená třetí spoj
    0.107 najít ještě další to znamená přečti spoj
    0.081 najdi ještě další to znamená třetí spoj
    0.054 najdi ještě další to znamená přečti spoj
    0.027 najít ještě další to znamená třetí spojka
    0.000 __other__
    

2013-07-09-16-58-17.226950-CEST  MainProcess : INFO       
    #28582  Time: 2013-07-09-16-58-17.222499-CEST From: ASR        To: HUB        Command: asr_end() 

2013-07-09-16-58-17.582778-CEST  SLU-4      : DEBUG      
    SLU Hypothesis
    ------------------------------------------------------------
    1.000 reqalts()
    0.973 inform(alternative="next")
    0.812 inform(alternative="3")
    

2013-07-09-16-58-17.637792-CEST  MainProcess : INFO       
    #28612  Time: 2013-07-09-16-58-17.634099-CEST From: SLU        To: HUB        Command: slu_parsed() 

2013-07-09-16-58-17.642451-CEST  DM-5       : DEBUG      
    DDDState Dialogue Act in: reqalts()&inform(alternative="next")&inform(alternative="3")

2013-07-09-16-58-17.646762-CEST  DM-5       : DEBUG      
    Context Resolution - Dialogue Act: reqalts()&inform(alternative="next")&inform(alternative="3")

2013-07-09-16-58-17.651923-CEST  DM-5       : DEBUG      
    DDDState - Dialogue state content:
    
    lda = reqalts
    alternative = 3
    from_stop = Nádraží Holešovice
    route_alternative = 1
    time = none
    to_centre = none
    to_stop = Českolipská
    
    rh_alternative = system-informed
    rh_cordiality = system-informed
    rh_enter_at = system-informed
    rh_exit_at = system-informed
    rh_found_directions = system-informed
    rh_from_stop = system-informed
    rh_go_at = system-informed
    rh_headsign = system-informed
    rh_line = system-informed
    rh_to_stop = system-informed
    rh_transfer = system-informed
    rh_vehicle = system-informed
    
    ch_alternative = system-informed
    ch_cordiality = system-informed
    ch_enter_at = system-informed
    ch_exit_at = system-informed
    ch_found_directions = system-informed
    ch_from_stop = system-informed
    ch_go_at = system-informed
    ch_headsign = system-informed
    ch_line = system-informed
    ch_to_stop = system-informed
    ch_transfer = system-informed
    ch_vehicle = system-informed
    
    sh_alternative = system-informed
    sh_cordiality = system-informed
    sh_enter_at = system-informed
    sh_exit_at = system-informed
    sh_found_directions = system-informed
    sh_from_stop = system-informed
    sh_go_at = system-informed
    sh_headsign = system-informed
    sh_line = system-informed
    sh_to_stop = system-informed
    sh_transfer = system-informed
    sh_vehicle = system-informed
    

2013-07-09-16-58-17.656600-CEST  DM-5       : DEBUG      
    DDDState
    
    Requested slots:
    {}
    Confirmed slots:
    {}
    Non-informed slots:
    {u'route_alternative': 1}

2013-07-09-16-58-17.947666-CEST  DM-5       : DEBUG      
    DM Output
    ------------------------------------------------------------
    inform(found_directions="true")&inform(alternative="3")&inform(vehicle="SUBWAY")&inform(line="C")&inform(go_at="05:02")&inform(enter_at="Nádraží Holešovice")&inform(headsign="Letňany")&inform(exit_at="Prosek")
    

2013-07-09-16-58-18.046303-CEST  MainProcess : INFO       
    #28638  Time: 2013-07-09-16-58-18.041826-CEST From: DM         To: HUB        Command: dm_da_generated() 

2013-07-09-16-58-18.113779-CEST  NLG-6      : DEBUG      
    NLG Output
    ------------------------------------------------------------
    Našla jsem následující spojení. Možnost třetí. Jeďte metrem C v 05:02 ze zastávky Nádraží Holešovice směrem Letňany. Vystupte na zastávce Prosek.
    

2013-07-09-16-58-18.168488-CEST  MainProcess : INFO       
    #28648  Time: 2013-07-09-16-58-18.164753-CEST From: NLG        To: HUB        Command: nlg_text_generated() 

2013-07-09-16-58-18.175215-CEST  MainProcess : INFO       
    #28650  Time: 2013-07-09-16-58-18.169894-CEST From: TTS        To: HUB        Command: tts_start(user_id="None",text="Našla jsem následující spojení. Možnost třetí. Jeďte metrem C v 05:02 ze zastávky Nádraží Holešovice směrem Letňany. Vystupte na zastávce Prosek.") 

2013-07-09-16-58-18.242471-CEST  MainProcess : INFO       
    #28652  Time: 2013-07-09-16-58-18.173171-CEST From: VoipIO     To: HUB        Command: play_utterance_start(user_id="None",fname="tts-2013-07-09-16-58-18.166798.wav") 

2013-07-09-16-58-19.139942-CEST  MainProcess : INFO       
    #29528  Time: 2013-07-09-16-58-19.125208-CEST From: TTS        To: HUB        Command: tts_end(user_id="None",text="Našla jsem následující spojení. Možnost třetí. Jeďte metrem C v 05:02 ze zastávky Nádraží Holešovice směrem Letňany. Vystupte na zastávce Prosek.",fname="tts-2013-07-09-16-58-18.166798.wav",log="true") 

2013-07-09-16-58-31.212553-CEST  MainProcess : INFO       
    #30277  Time: 2013-07-09-16-58-31.095577-CEST From: VoipIO     To: HUB        Command: play_utterance_end(user_id="None",fname="tts-2013-07-09-16-58-18.166798.wav) 

2013-07-09-16-58-36.495591-CEST  MainProcess : INFO       
    #30615  Time: 2013-07-09-16-58-36.491038-CEST From: VAD        To: HUB        Command: speech_start(fname="vad-2013-07-09-16-58-36.395708.wav") 

2013-07-09-16-58-36.500508-CEST  ASR-3      : DEBUG      
    ASR: speech_start()

2013-07-09-16-58-36.505576-CEST  MainProcess : INFO       
    #30616  Time: 2013-07-09-16-58-36.493216-CEST From: ASR        To: HUB        Command: asr_start() 

2013-07-09-16-58-37.396273-CEST  ASR-3      : DEBUG      
    ASR: speech_end()

2013-07-09-16-58-37.401652-CEST  MainProcess : INFO       
    #30674  Time: 2013-07-09-16-58-37.392319-CEST From: VAD        To: HUB        Command: speech_end(fname="vad-2013-07-09-16-58-36.395708.wav") 

2013-07-09-16-58-37.977075-CEST  ASR-3      : DEBUG      
    ASR Hypothesis
    ------------------------------------------------------------
    0.339 no a dál
    0.120 model
    0.108 no a dal
    0.096 nakládal
    0.084 no a dál a
    0.072 dál
    0.060 no dál
    0.048 nah dál
    0.036 na dál
    0.024 ne dál
    0.012 ano dál
    0.000 __other__
    

2013-07-09-16-58-38.037378-CEST  MainProcess : INFO       
    #30715  Time: 2013-07-09-16-58-38.031920-CEST From: ASR        To: HUB        Command: asr_end() 

2013-07-09-16-58-38.754782-CEST  SLU-4      : DEBUG      
    SLU Hypothesis
    ------------------------------------------------------------
    0.676 reqalts()
    0.324 other()
    0.024 negate()
    0.012 affirm()
    

2013-07-09-16-58-38.786526-CEST  MainProcess : INFO       
    #30765  Time: 2013-07-09-16-58-38.782041-CEST From: SLU        To: HUB        Command: slu_parsed() 

2013-07-09-16-58-38.790583-CEST  DM-5       : DEBUG      
    DDDState Dialogue Act in: reqalts()

2013-07-09-16-58-38.793724-CEST  DM-5       : DEBUG      
    Context Resolution - Dialogue Act: reqalts()

2013-07-09-16-58-38.797677-CEST  DM-5       : DEBUG      
    DDDState - Dialogue state content:
    
    lda = reqalts
    alternative = 3
    from_stop = Nádraží Holešovice
    route_alternative = 2
    time = none
    to_centre = none
    to_stop = Českolipská
    
    rh_alternative = system-informed
    rh_cordiality = system-informed
    rh_enter_at = system-informed
    rh_exit_at = system-informed
    rh_found_directions = system-informed
    rh_from_stop = system-informed
    rh_go_at = system-informed
    rh_headsign = system-informed
    rh_line = system-informed
    rh_to_stop = system-informed
    rh_transfer = system-informed
    rh_vehicle = system-informed
    
    ch_alternative = system-informed
    ch_cordiality = system-informed
    ch_enter_at = system-informed
    ch_exit_at = system-informed
    ch_found_directions = system-informed
    ch_from_stop = system-informed
    ch_go_at = system-informed
    ch_headsign = system-informed
    ch_line = system-informed
    ch_to_stop = system-informed
    ch_transfer = system-informed
    ch_vehicle = system-informed
    
    sh_alternative = system-informed
    sh_cordiality = system-informed
    sh_enter_at = system-informed
    sh_exit_at = system-informed
    sh_found_directions = system-informed
    sh_from_stop = system-informed
    sh_go_at = system-informed
    sh_headsign = system-informed
    sh_line = system-informed
    sh_to_stop = system-informed
    sh_transfer = system-informed
    sh_vehicle = system-informed
    

2013-07-09-16-58-38.801286-CEST  DM-5       : DEBUG      
    DDDState
    
    Requested slots:
    {}
    Confirmed slots:
    {}
    Non-informed slots:
    {u'route_alternative': 2}

2013-07-09-16-58-38.953938-CEST  DM-5       : DEBUG      
    DM Output
    ------------------------------------------------------------
    inform(found_directions="true")&inform(alternative="4")&inform(vehicle="BUS")&inform(line="201")&inform(go_at="05:18")&inform(enter_at="Nádraží Holešovice")&inform(headsign="Bakovská")&inform(exit_at="Českolipská")
    

2013-07-09-16-58-39.015576-CEST  MainProcess : INFO       
    #30783  Time: 2013-07-09-16-58-39.012452-CEST From: DM         To: HUB        Command: dm_da_generated() 

2013-07-09-16-58-39.082248-CEST  NLG-6      : DEBUG      
    NLG Output
    ------------------------------------------------------------
    Našla jsem následující spojení. Možnost čtvrtá. Jeďte autobusem číslo 201 v 05:18 ze zastávky Nádraží Holešovice směrem Bakovská. Vystupte na zastávce Českolipská.
    

2013-07-09-16-58-39.115039-CEST  MainProcess : INFO       
    #30789  Time: 2013-07-09-16-58-39.111278-CEST From: NLG        To: HUB        Command: nlg_text_generated() 

2013-07-09-16-58-39.119864-CEST  MainProcess : INFO       
    #30791  Time: 2013-07-09-16-58-39.111734-CEST From: TTS        To: HUB        Command: tts_start(user_id="None",text="Našla jsem následující spojení. Možnost čtvrtá. Jeďte autobusem číslo 201 v 05:18 ze zastávky Nádraží Holešovice směrem Bakovská. Vystupte na zastávce Českolipská.") 

2013-07-09-16-58-39.159082-CEST  MainProcess : INFO       
    #30793  Time: 2013-07-09-16-58-39.113931-CEST From: VoipIO     To: HUB        Command: play_utterance_start(user_id="None",fname="tts-2013-07-09-16-58-39.111545.wav") 

2013-07-09-16-58-40.504314-CEST  MainProcess : INFO       
    #31856  Time: 2013-07-09-16-58-40.493713-CEST From: TTS        To: HUB        Command: tts_end(user_id="None",text="Našla jsem následující spojení. Možnost čtvrtá. Jeďte autobusem číslo 201 v 05:18 ze zastávky Nádraží Holešovice směrem Bakovská. Vystupte na zastávce Českolipská.",fname="tts-2013-07-09-16-58-39.111545.wav",log="true") 

2013-07-09-16-58-54.701691-CEST  MainProcess : INFO       
    #32729  Time: 2013-07-09-16-58-54.475891-CEST From: VoipIO     To: HUB        Command: play_utterance_end(user_id="None",fname="tts-2013-07-09-16-58-39.111545.wav) 

2013-07-09-16-58-59.234407-CEST  MainProcess : INFO       
    #33029  Time: 2013-07-09-16-58-59.230227-CEST From: VAD        To: HUB        Command: speech_start(fname="vad-2013-07-09-16-58-59.123772.wav") 

2013-07-09-16-58-59.239239-CEST  ASR-3      : DEBUG      
    ASR: speech_start()

2013-07-09-16-58-59.243991-CEST  MainProcess : INFO       
    #33030  Time: 2013-07-09-16-58-59.231689-CEST From: ASR        To: HUB        Command: asr_start() 

2013-07-09-16-59-01.345420-CEST  MainProcess : INFO       
    #33164  Time: 2013-07-09-16-59-01.340576-CEST From: VAD        To: HUB        Command: speech_end(fname="vad-2013-07-09-16-58-59.123772.wav") 

2013-07-09-16-59-01.349969-CEST  ASR-3      : DEBUG      
    ASR: speech_end()

2013-07-09-16-59-01.872157-CEST  ASR-3      : DEBUG      
    ASR Hypothesis
    ------------------------------------------------------------
    0.787 takže děkuji a nashledanou
    0.053 tak že děkuji a nashledanou
    0.046 takže děkuji a naschledanou
    0.038 takže děkuji nashledanou
    0.030 takže děkuji a nashledanou i
    0.023 takže děkuji a nashledanou a
    0.015 taxi děkuji a nashledanou
    0.008 že děkuji a nashledanou
    0.000 __other__
    

2013-07-09-16-59-01.941484-CEST  MainProcess : INFO       
    #33203  Time: 2013-07-09-16-59-01.936628-CEST From: ASR        To: HUB        Command: asr_end() 

2013-07-09-16-59-02.493189-CEST  SLU-4      : DEBUG      
    SLU Hypothesis
    ------------------------------------------------------------
    1.000 thankyou()
    1.000 bye()
    

2013-07-09-16-59-02.562004-CEST  MainProcess : INFO       
    #33242  Time: 2013-07-09-16-59-02.556696-CEST From: SLU        To: HUB        Command: slu_parsed() 

2013-07-09-16-59-02.566518-CEST  DM-5       : DEBUG      
    DDDState Dialogue Act in: thankyou()&bye()

2013-07-09-16-59-02.570808-CEST  DM-5       : DEBUG      
    Context Resolution - Dialogue Act: thankyou()&bye()

2013-07-09-16-59-02.575748-CEST  DM-5       : DEBUG      
    DDDState - Dialogue state content:
    
    lda = bye
    alternative = 3
    from_stop = Nádraží Holešovice
    route_alternative = 3
    time = none
    to_centre = none
    to_stop = Českolipská
    
    rh_alternative = system-informed
    rh_cordiality = system-informed
    rh_enter_at = system-informed
    rh_exit_at = system-informed
    rh_found_directions = system-informed
    rh_from_stop = system-informed
    rh_go_at = system-informed
    rh_headsign = system-informed
    rh_line = system-informed
    rh_to_stop = system-informed
    rh_transfer = system-informed
    rh_vehicle = system-informed
    
    ch_alternative = system-informed
    ch_cordiality = system-informed
    ch_enter_at = system-informed
    ch_exit_at = system-informed
    ch_found_directions = system-informed
    ch_from_stop = system-informed
    ch_go_at = system-informed
    ch_headsign = system-informed
    ch_line = system-informed
    ch_to_stop = system-informed
    ch_transfer = system-informed
    ch_vehicle = system-informed
    
    sh_alternative = system-informed
    sh_cordiality = system-informed
    sh_enter_at = system-informed
    sh_exit_at = system-informed
    sh_found_directions = system-informed
    sh_from_stop = system-informed
    sh_go_at = system-informed
    sh_headsign = system-informed
    sh_line = system-informed
    sh_to_stop = system-informed
    sh_transfer = system-informed
    sh_vehicle = system-informed
    

2013-07-09-16-59-02.580505-CEST  DM-5       : DEBUG      
    DDDState
    
    Requested slots:
    {}
    Confirmed slots:
    {}
    Non-informed slots:
    {u'route_alternative': 3}

2013-07-09-16-59-02.585043-CEST  DM-5       : DEBUG      
    DM Output
    ------------------------------------------------------------
    bye()
    

2013-07-09-16-59-02.703842-CEST  MainProcess : INFO       
    #33255  Time: 2013-07-09-16-59-02.700186-CEST From: DM         To: HUB        Command: dm_da_generated() 

2013-07-09-16-59-02.708057-CEST  NLG-6      : DEBUG      
    NLG Output
    ------------------------------------------------------------
    Děkujeme za zavolání. Na shledanou.
    

2013-07-09-16-59-02.712824-CEST  MainProcess : INFO       
    #33257  Time: 2013-07-09-16-59-02.700626-CEST From: DM         To: HUB        Command: hangup() 

2013-07-09-16-59-02.772831-CEST  MainProcess : INFO       
    #33262  Time: 2013-07-09-16-59-02.767491-CEST From: NLG        To: HUB        Command: nlg_text_generated() 

2013-07-09-16-59-02.777476-CEST  MainProcess : INFO       
    #33264  Time: 2013-07-09-16-59-02.768158-CEST From: TTS        To: HUB        Command: tts_start(user_id="None",text="Děkujeme za zavolání. Na shledanou.") 

2013-07-09-16-59-02.843813-CEST  MainProcess : INFO       
    #33266  Time: 2013-07-09-16-59-02.770054-CEST From: VoipIO     To: HUB        Command: play_utterance_start(user_id="None",fname="tts-2013-07-09-16-59-02.767974.wav") 

2013-07-09-16-59-02.893301-CEST  MainProcess : INFO       
    #33491  Time: 2013-07-09-16-59-02.886837-CEST From: TTS        To: HUB        Command: tts_end(user_id="None",text="Děkujeme za zavolání. Na shledanou.",fname="tts-2013-07-09-16-59-02.767974.wav",log="true") 

2013-07-09-16-59-06.349911-CEST  MainProcess : INFO       
    #33673  Time: 2013-07-09-16-59-05.790979-CEST From: VoipIO     To: HUB        Command: play_utterance_end(user_id="None",fname="tts-2013-07-09-16-59-02.767974.wav) 

2013-07-09-16-59-06.878595-CEST  VoipIO-1   : DEBUG      
    CallCallback::on_state : Call with "777722783" <sip:777722783@195.113.20.160> is DISCONNCTD last code = 200 (Normal call clearing)

2013-07-09-16-59-07.094993-CEST  VoipIO-1   : DEBUG      
    VoipIO::on_call_disconnected

2013-07-09-16-59-07.102056-CEST  MainProcess : INFO       
    #33742  Time: 2013-07-09-16-59-07.096200-CEST From: VoipIO     To: HUB        Command: call_disconnected(remote_uri="777722783") 

