2013-06-21-08-56-17.986766-CEST  MainProcess : SYSTEM-LOG 
    config = { 'ASR': { 'Google': { 'debug': False, 'language': 'cs', 'maxresults': 20},
               'Julius': { 'adinnetport': 5530,
                           'binary': '/usr/local/bin/julius',
                           'debug': False,
                           'hostname': 'localhost',
                           'jconf': { '-adport': '5530',
                                      '-b': '1000',
                                      '-b2': '100',
                                      '-cmnload': 'cmn.param',
                                      '-cmnmapweight': '200',
                                      '-cmnsave': 'cmn.param',
                                      '-confnet': '',
                                      '-fallback1pass': '',
                                      '-gprune': 'safe',
                                      '-h': '/mnt/h/jurcicek/vystadial-git/alex/resources/asr/voip_en/hmmdefs',
                                      '-hlist': '/mnt/h/jurcicek/vystadial-git/alex/resources/asr/voip_en/tiedlist',
                                      '-htkconf': '/mnt/h/jurcicek/vystadial-git/alex/resources/asr/voip_en/config',
                                      '-input': 'adinnet',
                                      '-iwsp': '',
                                      '-iwsppenalty': '0.0',
                                      '-lmp': '15.0 0.0',
                                      '-lmp2': '15.0 0.0',
                                      '-mapunk': 'UM',
                                      '-module': '10500',
                                      '-n': '50',
                                      '-nlr': '/mnt/h/jurcicek/vystadial-git/alex/resources/lm/caminfo/julius_arpa_bigram',
                                      '-no_ccd': '',
                                      '-nrl': '/mnt/h/jurcicek/vystadial-git/alex/resources/lm/caminfo/julius_arpa_rev_bigram',
                                      '-silhead': '<s>',
                                      '-siltail': '</s>',
                                      '-spmodel': 'sp',
                                      '-tmix': '4',
                                      '-v': '/mnt/h/jurcicek/vystadial-git/alex/resources/lm/caminfo/julius_dict'},
                           'jconffile': 'julius.jconf',
                           'killall': False,
                           'logfile': 'julius.log',
                           'msg_timeout': 0.3,
                           'pidfile': 'julius.pid',
                           'reuse_server': False,
                           'serverport': 10500,
                           'start_max_wait_time': 15,
                           'start_wait_time': 0.5,
                           'timeout': 2.0},
               'Kaldi': { 'LM_scale': -6666.66,
                          'hypothesis_type': 'nblist',
                          'lat_depth': 666666,
                          'model': 'TODO_path_to_model'},
               'debug': True,
               'type': 'Google'},
      'AlexOnTheBus': { 'max_turns': 30},
      'Analytics': Analytics(account_id='UA-41905278-1', domain_name='cuni.cz'),
      'Audio': { 'sample_rate': 16000, 'samples_per_frame': 256},
      'AudioIO': { 'debug': True, 'output_dir': './aio_call_log', 'play_buffer_size': 1024},
      'DM': { 'PUfalRuleDM': { 'code_submit_url': None,
                               'db_cfg': '/mnt/h/jurcicek/vystadial-git/alex/resources/../applications/CamInfoRest/cued_data/CIRdbase_V7_noloc.txt',
                               'ontology': '/mnt/h/jurcicek/vystadial-git/alex/resources/../applications/CamInfoRest/ontology.cfg',
                               'provide_code': False},
              'UfalRuleDM': { 'code_submit_url': None,
                              'db_cfg': '/mnt/h/jurcicek/vystadial-git/alex/resources/../applications/CamInfoRest/cued_data/CIRdbase_V7_noloc.txt',
                              'ontology': '/mnt/h/jurcicek/vystadial-git/alex/resources/../applications/CamInfoRest/ontology.cfg',
                              'provide_code': False},
              'basic': { 'debug': True},
              'debug': True,
              'dialogue_policy': { 'type': <class 'alex.applications.AlexOnTheBus.aotb_hdc_policy.AOTBHDCPolicy'>},
              'dialogue_state': { 'type': <class 'alex.components.dm.dddstate.DeterministicDiscriminativeDialogueState'>},
              'ontology': '/mnt/h/jurcicek/vystadial-git/alex/applications/AlexOnTheBus/data/ontology.py',
              'type': 'basic'},
      'General': { 'include': ['/mnt/h/jurcicek/vystadial-git/alex/resources/private/default.cfg']},
      'Hub': { 'history_file': 'hub_history_hub.txt', 'history_length': 1000, 'main_loop_sleep_time': 0.005},
      'Logging': { 'session_logger': SessionLogger(),
                   'system_logger': SystemLogger(output_dir=./call_logs, stdout_log_level='DEBUG', stdout=True, file_log_level='DEBUG'),
                   'system_name': 'Alex On The Bus',
                   'version': '1.0'},
      'NLG': { 'Template': { 'model': '/mnt/h/jurcicek/vystadial-git/alex/applications/AlexOnTheBus/nlg_templates.cfg'},
               'debug': True,
               'type': 'Template'},
      'SHub': { 'history_file': 'hub_history_shub.txt', 'history_length': 1000},
      'SLU': { 'cl-tracing': { 'cldb_fname': '/mnt/h/jurcicek/vystadial-git/alex/resources/../applications/CamInfoRest/data/database.py',
                               'do_preprocessing': True,
                               'features_type': ('ngram',),
                               'testing': { 'max_examples': None,
                                            'min_perc': 80,
                                            'model_fname': '/mnt/h/jurcicek/vystadial-git/alex/resources/../applications/CamInfoRest/models/130516_minf60-minfc35-mind60.slu_model.gz',
                                            'renormalise': True,
                                            'threshold': None,
                                            'vanilla': True},
                               'training': { 'models_dir': 'models'}},
               'debug': True,
               'type': <class 'alex.applications.AlexOnTheBus.aotb_slu.AOTBSLU'>,
               <class 'alex.applications.AlexOnTheBus.aotb_slu.AOTBSLU'>: { 'cldb_fname': '/mnt/h/jurcicek/vystadial-git/alex/applications/AlexOnTheBus/data/database.py',
                                                                            'preprocessing_cls': <class 'alex.applications.AlexOnTheBus.aotb_preprocessing.AOTBSLUPreprocessing'>,
                                                                            'training': { 'models_dir': 'models'}}},
      'THub': { 'history_file': 'hub_history_thub.txt', 'history_length': 1000},
      'TTS': { 'Flite': { 'debug': False,
                          'preprocessing': '/mnt/h/jurcicek/vystadial-git/alex/resources/tts/prep_flite_en.cfg',
                          'voice': 'kal16'},
               'Google': { 'debug': False,
                           'language': 'en',
                           'preprocessing': '/mnt/h/jurcicek/vystadial-git/alex/resources/tts/prep_google_en.cfg'},
               'SpeechTech': { 'debug': True,
                               'login': 'filipjurcicek',
    # this line was removed since it included a password
                               'preprocessing': '/mnt/h/jurcicek/vystadial-git/alex/resources/tts/prep_speechtech_cs.cfg',
                               'voice': 'Iva210'},
               'VoiceRSS': { 'api_key': '3b6a9fca5d724b1c8ac34691586cdda1'},
               'VoiceRss': { 'language': 'en-gb',
                             'preprocessing': '/mnt/h/jurcicek/vystadial-git/alex/resources/tts/prep_voicerss_en.cfg'},
               'debug': True,
               'final_silence_removal_proportion': 0.8,
               'type': 'SpeechTech'},
      'VAD': { 'debug': False,
               'decision_frames_sil': 25,
               'decision_frames_speech': 10,
               'decision_non_speech_threshold': 0.2,
               'decision_speech_threshold': 0.7,
               'gmm': { 'ceplifter': 22,
                        'enormalise': True,
                        'filter_length': 5,
                        'frameshift': 160,
                        'framesize': 512,
                        'frontend': 'MFCC',
                        'hifreq': 3800,
                        'lofreq': 125,
                        'numceps': 12,
                        'numchans': 26,
                        'preemcoef': 0.97,
                        'sil_model': '/mnt/h/jurcicek/vystadial-git/alex/resources/vad/voip_en/vad_sil_sds_mfcc_m064_f100000.gmm',
                        'speech_model': '/mnt/h/jurcicek/vystadial-git/alex/resources/vad/voip_en/vad_speech_sds_mfcc_m064_f100000.gmm',
                        'useacc': True,
                        'usec0': False,
                        'usecmn': False,
                        'usedelta': True,
                        'usehamming': True,
                        'usepower': True,
                        'zmeansource': True},
               'power': { 'adaptation_frames': 30, 'threshold': 70, 'threshold_multiplier': 1.0},
               'speech_buffer_frames': 20,
               'type': 'gmm'},
      'VoipHub': { 'blacklist_for': 7200,
                   'call_db': '/mnt/h/jurcicek/vystadial-git/alex/applications/AlexOnTheBus/call_db.pckl',
                   'hard_time_limit': 360,
                   'hard_turn_limit': 40,
                   'history_length': 1000,
                   'last_period_max_num_calls': 100,
                   'last_period_max_total_time': 1800,
                   'limit_reached_message': u'D\u011bkujeme za zavol\xe1n\xed, ale u\u017e jste volali hodn\u011b. Pros\xedm zavolejte pozd\u011bji. Na shledanou.',
                   'period': 172800,
                   'pid_file': '/mnt/h/jurcicek/vystadial-git/alex/applications/vhub.pid',
                   'wait_time_before_calling_back': 10},
      'VoipIO': { 'allowed_hosts': '',
                  'allowed_phone_numbers': '(^[234567])',
                  'allowed_users': '(^[234567])',
                  'debug': True,
                  'domain': 'external.sip.mff.cuni.cz:5066',
                  'forbidden_hosts': '',
                  'forbidden_phone_number': '(^112$|^150$|^155$|^156$|^158$)',
                  'forbidden_users': '(^112$|^150$|^155$|^156$|^158$)',
    # this line was removed since it included a password
                  'pjsip_log_level': 3,
                  'reject_calls': False,
                  'user': 'DEV-9889'},
      'WebHub': { 'port': 8000}}
    

2013-06-21-08-56-17.987161-CEST  MainProcess : INFO       
    From: VoipIO     To: HUB        Command: incoming_call(remote_uri="4366") 

2013-06-21-08-56-18.019947-CEST  VoipIO-1   : DEBUG      
    CallCallback::on_state : Call with "Bejcek Eduard" <sip:4366@195.113.20.69> is CONFIRMED last code = 200 (OK)

2013-06-21-08-56-18.115140-CEST  MainProcess : INFO       
    From: VoipIO     To: HUB        Command: call_connecting(remote_uri="4366") 

2013-06-21-08-56-18.217111-CEST  VoipIO-1   : DEBUG      
    VoipIO::on_call_confirmed

2013-06-21-08-56-18.219409-CEST  MainProcess : INFO       
    From: VoipIO     To: HUB        Command: call_confirmed(remote_uri="4366") 

2013-06-21-08-56-18.220353-CEST  MainProcess : INFO       
    
    ========================================================================================================================
    Incoming call from :          4366
    ------------------------------------------------------------------------------------------------------------------------
    Total calls:                  29
    Total time (min):             18.8
    Last period total calls:      29
    Last period total time (min): 18.8
    ------------------------------------------------------------------------------------------------------------------------
    CALL ACCEPTED
    ========================================================================================================================
    

2013-06-21-08-56-18.225206-CEST  DM-5       : DEBUG      
    From: HUB        To: DM         Command: new_dialogue() 

2013-06-21-08-56-18.225610-CEST  DM-5       : DEBUG      
    DM Output
    ------------------------------------------------------------
    hello()
    

2013-06-21-08-56-18.327982-CEST  NLG-6      : DEBUG      
    NLG Output
    ------------------------------------------------------------
    Dobrý den. Tato experimentální služba je poskytována laboratoří výzkumu hlasových dialogových systémů na Ústavu Formální a Aplikované Lingvistiky na Karlově Univerzitě. Hovor je nahráván. Více informací o této službě je na internetu. Jak Vám mohu pomoci. 
    

2013-06-21-08-56-18.328795-CEST  MainProcess : INFO       
    From: DM         To: HUB        Command: dm_da_generated() 

2013-06-21-08-56-18.370880-CEST  MainProcess : INFO       
    From: NLG        To: HUB        Command: nlg_text_generated() 

2013-06-21-08-56-18.371138-CEST  MainProcess : INFO       
    From: TTS        To: HUB        Command: tts_start(user_id="None",text="Dobrý den. Tato experimentální služba je poskytována laboratoří výzkumu hlasových dialogových systémů na Ústavu Formální a Aplikované Lingvistiky na Karlově Univerzitě. Hovor je nahráván. Více informací o této službě je na internetu. Jak Vám mohu pomoci. ") 

2013-06-21-08-56-18.417391-CEST  MainProcess : INFO       
    From: VoipIO     To: HUB        Command: play_utterance_start(user_id="None",fname="tts-2013-06-21-08-56-18.368674.wav") 

2013-06-21-08-56-18.592323-CEST  MainProcess : INFO       
    From: TTS        To: HUB        Command: tts_end(user_id="None",text="Dobrý den. Tato experimentální služba je poskytována laboratoří výzkumu hlasových dialogových systémů na Ústavu Formální a Aplikované Lingvistiky na Karlově Univerzitě. Hovor je nahráván. Více informací o této službě je na internetu. Jak Vám mohu pomoci. ",fname="tts-2013-06-21-08-56-18.368674.wav") 

2013-06-21-08-56-23.137714-CEST  MainProcess : INFO       
    From: VAD        To: HUB        Command: speech_start(fname="vad-2013-06-21-08-56-23.078109.wav") 

2013-06-21-08-56-23.138071-CEST  ASR-3      : DEBUG      
    ASR: speech_start()

2013-06-21-08-56-23.175062-CEST  MainProcess : INFO       
    From: ASR        To: HUB        Command: asr_start() 

2013-06-21-08-56-23.175384-CEST  VoipIO-1   : DEBUG      
    From: HUB        To: VIO        Command: flush_out() 

2013-06-21-08-56-23.901816-CEST  ASR-3      : DEBUG      
    ASR: speech_end()

2013-06-21-08-56-23.903684-CEST  MainProcess : INFO       
    From: VAD        To: HUB        Command: speech_end(fname="vad-2013-06-21-08-56-23.078109.wav") 

2013-06-21-08-56-24.154171-CEST  ASR-3      : DEBUG      
    ASR Hypothesis
    ------------------------------------------------------------
    0.933 dobrý den
    0.019 dobrý den d
    0.016 dobrý den i
    0.013 dobrý den s
    0.010 dobrý den a
    0.006 dobry den d
    0.003 dobry den a
    0.000 __other__
    

2013-06-21-08-56-24.177304-CEST  MainProcess : INFO       
    From: ASR        To: HUB        Command: asr_end() 

2013-06-21-08-56-24.498717-CEST  SLU-4      : DEBUG      
    SLU Hypothesis
    ------------------------------------------------------------
    0.990 hello()
    0.010 other()
    

2013-06-21-08-56-24.526523-CEST  MainProcess : INFO       
    From: SLU        To: HUB        Command: slu_parsed() 

2013-06-21-08-56-24.530828-CEST  DM-5       : DEBUG      
    DDDState Dialogue Act in: hello()

2013-06-21-08-56-24.531059-CEST  DM-5       : DEBUG      
    Context Resolution - Dialogue Act: hello()

2013-06-21-08-56-24.531308-CEST  DM-5       : DEBUG      
    DDDState - Dialogue state content:
    
    lda = hello
    
    
    
    

2013-06-21-08-56-24.531498-CEST  DM-5       : DEBUG      
    DDDState
    
    Requested slots:
    {}
    Confirmed slots:
    {}
    Non-informed slots:
    {}

2013-06-21-08-56-24.531823-CEST  DM-5       : DEBUG      
    DM Output
    ------------------------------------------------------------
    request(from_stop)
    

2013-06-21-08-56-24.618032-CEST  NLG-6      : DEBUG      
    NLG Output
    ------------------------------------------------------------
    Z jaké zastávky chcete jet?
    

2013-06-21-08-56-24.619459-CEST  MainProcess : INFO       
    From: DM         To: HUB        Command: dm_da_generated() 

2013-06-21-08-56-24.667047-CEST  MainProcess : INFO       
    From: NLG        To: HUB        Command: nlg_text_generated() 

2013-06-21-08-56-24.672444-CEST  MainProcess : INFO       
    From: TTS        To: HUB        Command: tts_start(user_id="None",text="Z jaké zastávky chcete jet?") 

2013-06-21-08-56-24.724051-CEST  MainProcess : INFO       
    From: VoipIO     To: HUB        Command: play_utterance_start(user_id="None",fname="tts-2013-06-21-08-56-24.669062.wav") 

2013-06-21-08-56-24.724327-CEST  MainProcess : INFO       
    From: TTS        To: HUB        Command: tts_end(user_id="None",text="Z jaké zastávky chcete jet?",fname="tts-2013-06-21-08-56-24.669062.wav") 

2013-06-21-08-56-27.243722-CEST  MainProcess : INFO       
    From: VoipIO     To: HUB        Command: play_utterance_end(user_id="None",fname="tts-2013-06-21-08-56-24.669062.wav) 

2013-06-21-08-56-29.354260-CEST  MainProcess : INFO       
    From: VAD        To: HUB        Command: speech_start(fname="vad-2013-06-21-08-56-29.280642.wav") 

2013-06-21-08-56-29.354647-CEST  ASR-3      : DEBUG      
    ASR: speech_start()

2013-06-21-08-56-29.355545-CEST  MainProcess : INFO       
    From: ASR        To: HUB        Command: asr_start() 

2013-06-21-08-56-30.525856-CEST  MainProcess : INFO       
    From: VAD        To: HUB        Command: speech_end(fname="vad-2013-06-21-08-56-29.280642.wav") 

2013-06-21-08-56-30.526253-CEST  ASR-3      : DEBUG      
    ASR: speech_end()

2013-06-21-08-56-30.867084-CEST  ASR-3      : DEBUG      
    ASR Hypothesis
    ------------------------------------------------------------
    0.907 malostranské náměstí
    0.046 malostranské náměstí i
    0.031 malostranské náměstí a
    0.015 malostranský náměstí
    0.000 __other__
    

2013-06-21-08-56-30.892139-CEST  MainProcess : INFO       
    From: ASR        To: HUB        Command: asr_end() 

2013-06-21-08-56-31.051097-CEST  SLU-4      : DEBUG      
    SLU Hypothesis
    ------------------------------------------------------------
    0.985 inform(="Malostranské náměstí")
    0.015 other()
    

2013-06-21-08-56-31.076869-CEST  MainProcess : INFO       
    From: SLU        To: HUB        Command: slu_parsed() 

2013-06-21-08-56-31.077203-CEST  DM-5       : DEBUG      
    DDDState Dialogue Act in: inform(="Malostranské náměstí")

2013-06-21-08-56-31.077454-CEST  DM-5       : DEBUG      
    Context Resolution - Dialogue Act: inform(from_stop="Malostranské náměstí")&inform(="Malostranské náměstí")

2013-06-21-08-56-31.077710-CEST  DM-5       : DEBUG      
    DDDState - Dialogue state content:
    
    lda = hello
    from_centre = none
    from_stop = Malostranské náměstí
    time = none
    to_centre = none
    to_stop = none
    
    
    
    

2013-06-21-08-56-31.077939-CEST  DM-5       : DEBUG      
    DDDState
    
    Requested slots:
    {}
    Confirmed slots:
    {}
    Non-informed slots:
    {u'from_stop': u'Malostransk\xe9 n\xe1m\u011bst\xed'}

2013-06-21-08-56-31.078298-CEST  DM-5       : DEBUG      
    DM Output
    ------------------------------------------------------------
    iconfirm(from_stop="Malostranské náměstí")&request(to_stop)
    

2013-06-21-08-56-31.169508-CEST  MainProcess : INFO       
    From: DM         To: HUB        Command: dm_da_generated() 

2013-06-21-08-56-31.170054-CEST  NLG-6      : DEBUG      
    NLG Output
    ------------------------------------------------------------
    Chcete jet ze zastávky Malostranské náměstí. Jaká je Vaše koncová stanice?
    

2013-06-21-08-56-31.217095-CEST  MainProcess : INFO       
    From: NLG        To: HUB        Command: nlg_text_generated() 

2013-06-21-08-56-31.222548-CEST  MainProcess : INFO       
    From: TTS        To: HUB        Command: tts_start(user_id="None",text="Chcete jet ze zastávky Malostranské náměstí. Jaká je Vaše koncová stanice?") 

2013-06-21-08-56-31.274392-CEST  MainProcess : INFO       
    From: VoipIO     To: HUB        Command: play_utterance_start(user_id="None",fname="tts-2013-06-21-08-56-31.220503.wav") 

2013-06-21-08-56-31.999539-CEST  MainProcess : INFO       
    From: TTS        To: HUB        Command: tts_end(user_id="None",text="Chcete jet ze zastávky Malostranské náměstí. Jaká je Vaše koncová stanice?",fname="tts-2013-06-21-08-56-31.220503.wav") 

2013-06-21-08-56-38.128930-CEST  MainProcess : INFO       
    From: VoipIO     To: HUB        Command: play_utterance_end(user_id="None",fname="tts-2013-06-21-08-56-31.220503.wav) 

2013-06-21-08-56-42.971298-CEST  MainProcess : INFO       
    From: VAD        To: HUB        Command: speech_start(fname="vad-2013-06-21-08-56-42.854598.wav") 

2013-06-21-08-56-42.971744-CEST  ASR-3      : DEBUG      
    ASR: speech_start()

2013-06-21-08-56-42.972401-CEST  MainProcess : INFO       
    From: ASR        To: HUB        Command: asr_start() 

2013-06-21-08-56-43.462131-CEST  MainProcess : INFO       
    From: VAD        To: HUB        Command: speech_end(fname="vad-2013-06-21-08-56-42.854598.wav") 

2013-06-21-08-56-43.462467-CEST  ASR-3      : DEBUG      
    ASR: speech_end()

2013-06-21-08-56-43.906485-CEST  ASR-3      : DEBUG      
    ASR Hypothesis
    ------------------------------------------------------------
    0.933 anděl
    0.033 anděl i
    0.022 anděl s
    0.011 anděl a
    0.000 __other__
    

2013-06-21-08-56-43.936357-CEST  MainProcess : INFO       
    From: ASR        To: HUB        Command: asr_end() 

2013-06-21-08-56-44.110579-CEST  SLU-4      : DEBUG      
    SLU Hypothesis
    ------------------------------------------------------------
    1.000 inform(="Anděl")
    

2013-06-21-08-56-44.142098-CEST  MainProcess : INFO       
    From: SLU        To: HUB        Command: slu_parsed() 

2013-06-21-08-56-44.143892-CEST  DM-5       : DEBUG      
    DDDState Dialogue Act in: inform(="Anděl")

2013-06-21-08-56-44.144153-CEST  DM-5       : DEBUG      
    Context Resolution - Dialogue Act: inform(to_stop="Anděl")&inform(="Anděl")

2013-06-21-08-56-44.144436-CEST  DM-5       : DEBUG      
    DDDState - Dialogue state content:
    
    lda = hello
    from_centre = none
    from_stop = Malostranské náměstí
    time = none
    to_centre = none
    to_stop = Anděl
    
    rh_from_stop = system-informed
    
    ch_from_stop = system-informed
    
    sh_from_stop = system-informed
    

2013-06-21-08-56-44.144681-CEST  DM-5       : DEBUG      
    DDDState
    
    Requested slots:
    {}
    Confirmed slots:
    {}
    Non-informed slots:
    {u'to_stop': u'And\u011bl'}

2013-06-21-08-56-44.345924-CEST  DM-5       : DEBUG      
    DM Output
    ------------------------------------------------------------
    iconfirm(to_stop="Anděl")&inform(alternatives="4")&inform(alternative="1")&inform(vehicle="TRAM")&inform(line="12")&inform(go_at="09:03")&inform(enter_at="Malostranské náměstí")&inform(headsign="Sídliště Barrandov")&inform(exit_at="Anděl")
    

2013-06-21-08-56-44.420753-CEST  MainProcess : INFO       
    From: DM         To: HUB        Command: dm_da_generated() 

2013-06-21-08-56-44.469111-CEST  NLG-6      : DEBUG      
    NLG Output
    ------------------------------------------------------------
    Dobře, do zastávky Anděl. Našla jsem čtyři cesty. Možnost první. Jeďte tramvají číslo 12 v 09:03 ze zastávky Malostranské náměstí směrem Sídliště Barrandov. Vystupte na zastávce Anděl.
    

2013-06-21-08-56-44.504065-CEST  MainProcess : INFO       
    From: NLG        To: HUB        Command: nlg_text_generated() 

2013-06-21-08-56-44.509654-CEST  MainProcess : INFO       
    From: TTS        To: HUB        Command: tts_start(user_id="None",text="Dobře, do zastávky Anděl. Našla jsem čtyři cesty. Možnost první. Jeďte tramvají číslo 12 v 09:03 ze zastávky Malostranské náměstí směrem Sídliště Barrandov. Vystupte na zastávce Anděl.") 

2013-06-21-08-56-44.561466-CEST  MainProcess : INFO       
    From: VoipIO     To: HUB        Command: play_utterance_start(user_id="None",fname="tts-2013-06-21-08-56-44.503455.wav") 

2013-06-21-08-56-46.013196-CEST  MainProcess : INFO       
    From: TTS        To: HUB        Command: tts_end(user_id="None",text="Dobře, do zastávky Anděl. Našla jsem čtyři cesty. Možnost první. Jeďte tramvají číslo 12 v 09:03 ze zastávky Malostranské náměstí směrem Sídliště Barrandov. Vystupte na zastávce Anděl.",fname="tts-2013-06-21-08-56-44.503455.wav") 

2013-06-21-08-57-01.417791-CEST  MainProcess : INFO       
    From: VoipIO     To: HUB        Command: play_utterance_end(user_id="None",fname="tts-2013-06-21-08-56-44.503455.wav) 

2013-06-21-08-57-07.508225-CEST  MainProcess : INFO       
    From: VAD        To: HUB        Command: speech_start(fname="vad-2013-06-21-08-57-07.434577.wav") 

2013-06-21-08-57-07.508622-CEST  ASR-3      : DEBUG      
    ASR: speech_start()

2013-06-21-08-57-07.509419-CEST  MainProcess : INFO       
    From: ASR        To: HUB        Command: asr_start() 

2013-06-21-08-57-07.984127-CEST  ASR-3      : DEBUG      
    ASR: speech_end()

2013-06-21-08-57-07.984693-CEST  MainProcess : INFO       
    From: VAD        To: HUB        Command: speech_end(fname="vad-2013-06-21-08-57-07.434577.wav") 

2013-06-21-08-57-08.436266-CEST  ASR-3      : DEBUG      
    ASR Hypothesis
    ------------------------------------------------------------
    0.549 hledanou
    0.180 ano
    0.135 danou
    0.090 hanou
    0.045 janou
    0.000 __other__
    

2013-06-21-08-57-08.465427-CEST  MainProcess : INFO       
    From: ASR        To: HUB        Command: asr_end() 

2013-06-21-08-57-08.686857-CEST  SLU-4      : DEBUG      
    SLU Hypothesis
    ------------------------------------------------------------
    0.549 bye()
    0.270 other()
    0.180 affirm()
    

2013-06-21-08-57-08.716982-CEST  MainProcess : INFO       
    From: SLU        To: HUB        Command: slu_parsed() 

2013-06-21-08-57-08.718208-CEST  DM-5       : DEBUG      
    DDDState Dialogue Act in: bye()

2013-06-21-08-57-08.718462-CEST  DM-5       : DEBUG      
    Context Resolution - Dialogue Act: bye()

2013-06-21-08-57-08.718980-CEST  DM-5       : DEBUG      
    DDDState - Dialogue state content:
    
    lda = bye
    from_centre = none
    from_stop = Malostranské náměstí
    route_alternative = 0
    time = none
    to_centre = none
    to_stop = Anděl
    
    rh_alternative = system-informed
    rh_alternatives = system-informed
    rh_enter_at = system-informed
    rh_exit_at = system-informed
    rh_from_stop = system-informed
    rh_go_at = system-informed
    rh_headsign = system-informed
    rh_line = system-informed
    rh_to_stop = system-informed
    rh_vehicle = system-informed
    
    ch_alternative = system-informed
    ch_alternatives = system-informed
    ch_enter_at = system-informed
    ch_exit_at = system-informed
    ch_from_stop = system-informed
    ch_go_at = system-informed
    ch_headsign = system-informed
    ch_line = system-informed
    ch_to_stop = system-informed
    ch_vehicle = system-informed
    
    sh_alternative = system-informed
    sh_alternatives = system-informed
    sh_enter_at = system-informed
    sh_exit_at = system-informed
    sh_from_stop = system-informed
    sh_go_at = system-informed
    sh_headsign = system-informed
    sh_line = system-informed
    sh_to_stop = system-informed
    sh_vehicle = system-informed
    

2013-06-21-08-57-08.719362-CEST  DM-5       : DEBUG      
    DDDState
    
    Requested slots:
    {}
    Confirmed slots:
    {}
    Non-informed slots:
    {u'route_alternative': 0}

2013-06-21-08-57-08.719696-CEST  DM-5       : DEBUG      
    DM Output
    ------------------------------------------------------------
    bye()
    

2013-06-21-08-57-08.799164-CEST  MainProcess : INFO       
    From: DM         To: HUB        Command: dm_da_generated() 

2013-06-21-08-57-08.799568-CEST  NLG-6      : DEBUG      
    NLG Output
    ------------------------------------------------------------
    Na shledanou.
    

2013-06-21-08-57-08.805673-CEST  MainProcess : INFO       
    From: DM         To: HUB        Command: hangup() 

2013-06-21-08-57-08.853062-CEST  MainProcess : INFO       
    From: NLG        To: HUB        Command: nlg_text_generated() 

2013-06-21-08-57-08.853292-CEST  MainProcess : INFO       
    From: TTS        To: HUB        Command: tts_start(user_id="None",text="Na shledanou.") 

2013-06-21-08-57-08.874176-CEST  MainProcess : INFO       
    From: TTS        To: HUB        Command: tts_end(user_id="None",text="Na shledanou.",fname="tts-2013-06-21-08-57-08.850861.wav") 

2013-06-21-08-57-08.977625-CEST  MainProcess : INFO       
    From: VoipIO     To: HUB        Command: play_utterance_start(user_id="None",fname="tts-2013-06-21-08-57-08.850861.wav") 

2013-06-21-08-57-10.382625-CEST  MainProcess : INFO       
    From: VoipIO     To: HUB        Command: play_utterance_end(user_id="None",fname="tts-2013-06-21-08-57-08.850861.wav) 

2013-06-21-08-57-12.390514-CEST  VoipIO-1   : DEBUG      
    From: HUB        To: VoipIO     Command: hangup() 

2013-06-21-08-57-12.390717-CEST  VoipIO-1   : DEBUG      
    Hangup the call

2013-06-21-08-57-12.430412-CEST  VoipIO-1   : DEBUG      
    CallCallback::on_state : Call with "Bejcek Eduard" <sip:4366@195.113.20.69> is DISCONNCTD last code = 603 ()

2013-06-21-08-57-12.516452-CEST  VoipIO-1   : DEBUG      
    VoipIO::on_call_disconnected

2013-06-21-08-57-12.519987-CEST  MainProcess : INFO       
    From: VoipIO     To: HUB        Command: call_disconnected(remote_uri="4366") 

2013-06-21-08-57-12.524386-CEST  ASR-3      : DEBUG      
    From: HUB        To: ASR        Command: flush() 

2013-06-21-08-57-12.524717-CEST  VoipIO-1   : DEBUG      
    From: HUB        To: VoipIO     Command: flush() 

2013-06-21-08-57-12.525062-CEST  DM-5       : DEBUG      
    From: HUB        To: DM         Command: flush() 

2013-06-21-08-57-12.525395-CEST  NLG-6      : DEBUG      
    From: HUB        To: NLG        Command: flush() 

2013-06-21-08-57-12.525737-CEST  SLU-4      : DEBUG      
    From: HUB        To: SLU        Command: flush() 

2013-06-21-08-57-12.526063-CEST  TTS-7      : DEBUG      
    From: HUB        To: TTS        Command: flush() 

2013-06-21-08-57-12.530448-CEST  DM-5       : DEBUG      
    From: HUB        To: DM         Command: end_dialogue() 

