2013-07-03-10-15-59.334799-COT  VoipIO-1   : DEBUG      
    CallCallback::on_state : Call with "Anonymous" <sip:anonymous@195.113.20.69> is CONNECTING last code = 200 (OK)

2013-07-03-10-15-59.335466-COT  VoipIO-1   : DEBUG      
    VoipIO::on_call_connecting

2013-07-03-10-15-59.355904-COT  MainProcess : SYSTEM-LOG 
    config = { 'ASR': { 'Google': { 'debug': False, 'language': 'cs', 'maxresults': 20},
               'Julius': { 'adinnetport': 5530,
                           'binary': '/usr/local/bin/julius',
                           'debug': False,
                           'hostname': 'localhost',
                           'jconf': { '-adport': '5530',
                                      '-b': '1000',
                                      '-b2': '100',
                                      '-cmnload': 'cmn.param',
                                      '-cmnmapweight': '200',
                                      '-cmnsave': 'cmn.param',
                                      '-confnet': '',
                                      '-fallback1pass': '',
                                      '-gprune': 'safe',
                                      '-h': '/home/jurcicek/vystadial-git/alex/resources/asr/voip_en/hmmdefs',
                                      '-hlist': '/home/jurcicek/vystadial-git/alex/resources/asr/voip_en/tiedlist',
                                      '-htkconf': '/home/jurcicek/vystadial-git/alex/resources/asr/voip_en/config',
                                      '-input': 'adinnet',
                                      '-iwsp': '',
                                      '-iwsppenalty': '0.0',
                                      '-lmp': '15.0 0.0',
                                      '-lmp2': '15.0 0.0',
                                      '-mapunk': 'UM',
                                      '-module': '10500',
                                      '-n': '50',
                                      '-nlr': '/home/jurcicek/vystadial-git/alex/resources/lm/caminfo/julius_arpa_bigram',
                                      '-no_ccd': '',
                                      '-nrl': '/home/jurcicek/vystadial-git/alex/resources/lm/caminfo/julius_arpa_rev_bigram',
                                      '-silhead': '<s>',
                                      '-siltail': '</s>',
                                      '-spmodel': 'sp',
                                      '-tmix': '4',
                                      '-v': '/home/jurcicek/vystadial-git/alex/resources/lm/caminfo/julius_dict'},
                           'jconffile': 'julius.jconf',
                           'killall': False,
                           'logfile': 'julius.log',
                           'msg_timeout': 0.3,
                           'pidfile': 'julius.pid',
                           'reuse_server': False,
                           'serverport': 10500,
                           'start_max_wait_time': 15,
                           'start_wait_time': 0.5,
                           'timeout': 2.0},
               'Kaldi': { 'LM_scale': -6666.66,
                          'hypothesis_type': 'nblist',
                          'lat_depth': 666666,
                          'model': 'TODO_path_to_model'},
               'debug': True,
               'type': 'Google'},
      'AlexOnTheBus': { 'max_turns': 30},
      'Analytics': Analytics(account_id='UA-41905278-1', domain_name='cuni.cz'),
      'Audio': { 'sample_rate': 16000, 'samples_per_frame': 256},
      'AudioIO': { 'debug': True, 'output_dir': './aio_call_log', 'play_buffer_size': 1024},
      'DM': { 'PUfalRuleDM': { 'code_submit_url': None,
                               'db_cfg': '/home/jurcicek/vystadial-git/alex/resources/../applications/CamInfoRest/cued_data/CIRdbase_V7_noloc.txt',
                               'ontology': '/home/jurcicek/vystadial-git/alex/resources/../applications/CamInfoRest/ontology.cfg',
                               'provide_code': False},
              'UfalRuleDM': { 'code_submit_url': None,
                              'db_cfg': '/home/jurcicek/vystadial-git/alex/resources/../applications/CamInfoRest/cued_data/CIRdbase_V7_noloc.txt',
                              'ontology': '/home/jurcicek/vystadial-git/alex/resources/../applications/CamInfoRest/ontology.cfg',
                              'provide_code': False},
              'basic': { 'debug': True, 'silence_timeout': 10.0},
              'debug': True,
              'dialogue_policy': { 'type': <class 'alex.applications.AlexOnTheBus.aotb_hdc_policy.AOTBHDCPolicy'>},
              'dialogue_state': { 'type': <class 'alex.components.dm.dddstate.DeterministicDiscriminativeDialogueState'>},
              'input_timeout': 3.0,
              'ontology': '/home/jurcicek/vystadial-git/alex/applications/AlexOnTheBus/data/ontology.py',
              'type': 'basic'},
      'General': { 'debug': False, 'include': ['/home/jurcicek/vystadial-git/alex/resources/private/default.cfg']},
      'Hub': { 'history_file': 'hub_history_hub.txt', 'history_length': 1000, 'main_loop_sleep_time': 0.002},
      'Logging': { 'excepthook': ExceptionHook(
            ExceptionHook
              Hook Type: log
              Hook Logger: SystemLogger(output_dir=./call_logs, stdout_log_level='DEBUG', stdout=True, file_log_level='DEBUG')),
                   'session_logger': SessionLogger(),
                   'system_logger': SystemLogger(output_dir=./call_logs, stdout_log_level='DEBUG', stdout=True, file_log_level='DEBUG'),
                   'system_name': 'Alex On The Bus',
                   'version': '1.0'},
      'NLG': { 'Template': { 'model': '/home/jurcicek/vystadial-git/alex/applications/AlexOnTheBus/nlg_templates.cfg'},
               'debug': True,
               'type': 'Template'},
      'SHub': { 'history_file': 'hub_history_shub.txt', 'history_length': 1000},
      'SLU': { 'cl-tracing': { 'cldb_fname': '/home/jurcicek/vystadial-git/alex/applications/CamInfoRest/data/database.py',
                               'do_preprocessing': True,
                               'features_type': ('ngram', 'ab_ngram'),
                               'testing': { 'max_examples': None,
                                            'min_perc': 80,
                                            'model_fname': '/home/jurcicek/vystadial-git/alex/applications/CamInfoRest/models/130516_minf60-minfc35-mind60.slu_model.gz',
                                            'renormalise': True,
                                            'threshold': None,
                                            'vanilla': True},
                               'training': { 'abstractions': ('abstract',), 'models_dir': 'models'}},
               'debug': True,
               'type': <class 'alex.applications.AlexOnTheBus.aotb_slu.AOTBSLU'>,
               <class 'alex.applications.AlexOnTheBus.aotb_slu.AOTBSLU'>: { 'cldb_fname': '/home/jurcicek/vystadial-git/alex/applications/AlexOnTheBus/data/database.py',
                                                                            'preprocessing_cls': <class 'alex.applications.AlexOnTheBus.aotb_preprocessing.AOTBSLUPreprocessing'>,
                                                                            'training': { 'models_dir': 'models'}}},
      'THub': { 'history_file': 'hub_history_thub.txt', 'history_length': 1000},
      'TTS': { 'Flite': { 'debug': False,
                          'preprocessing': '/home/jurcicek/vystadial-git/alex/resources/tts/prep_flite_en.cfg',
                          'voice': 'kal16'},
               'Google': { 'debug': False,
                           'language': 'en',
                           'preprocessing': '/home/jurcicek/vystadial-git/alex/resources/tts/prep_google_en.cfg'},
               'SpeechTech': { 'debug': True,
                               'login': 'filipjurcicek',
    # this line was removed since it included a password
                               'preprocessing': '/home/jurcicek/vystadial-git/alex/resources/tts/prep_speechtech_cs.cfg',
                               'voice': 'Iva210'},
               'VoiceRSS': { 'api_key': '3b6a9fca5d724b1c8ac34691586cdda1'},
               'VoiceRss': { 'language': 'en-gb',
                             'preprocessing': '/home/jurcicek/vystadial-git/alex/resources/tts/prep_voicerss_en.cfg'},
               'debug': True,
               'in_between_segments_silence': 0.1,
               'type': 'SpeechTech'},
      'VAD': { 'debug': False,
               'decision_frames_sil': 25,
               'decision_frames_speech': 10,
               'decision_non_speech_threshold': 0.2,
               'decision_speech_threshold': 0.7,
               'gmm': { 'ceplifter': 22,
                        'enormalise': True,
                        'filter_length': 5,
                        'frameshift': 160,
                        'framesize': 512,
                        'frontend': 'MFCC',
                        'hifreq': 3800,
                        'lofreq': 125,
                        'numceps': 12,
                        'numchans': 26,
                        'preemcoef': 0.97,
                        'sil_model': '/home/jurcicek/vystadial-git/alex/resources/vad/voip_en/vad_sil_sds_mfcc_m064_f100000.gmm',
                        'speech_model': '/home/jurcicek/vystadial-git/alex/resources/vad/voip_en/vad_speech_sds_mfcc_m064_f100000.gmm',
                        'useacc': True,
                        'usec0': False,
                        'usecmn': False,
                        'usedelta': True,
                        'usehamming': True,
                        'usepower': True,
                        'zmeansource': True},
               'power': { 'adaptation_frames': 30, 'threshold': 70, 'threshold_multiplier': 1.0},
               'speech_buffer_frames': 20,
               'type': 'gmm'},
      'VoipHub': { 'blacklist_for': 7200,
                   'call_db': '/home/jurcicek/vystadial-git/alex/applications/AlexOnTheBus/call_db.pckl',
                   'hard_time_limit': 360,
                   'hard_turn_limit': 40,
                   'history_length': 1000,
                   'last_period_max_num_calls': 100,
                   'last_period_max_total_time': 7200,
                   'limit_reached_message': u'D\u011bkujeme za zavol\xe1n\xed, ale u\u017e jste volali hodn\u011b. Pros\xedm zavolejte pozd\u011bji. Na shledanou.',
                   'period': 172800,
                   'pid_file': '/home/jurcicek/vystadial-git/alex/applications/vhub.pid',
                   'wait_time_before_calling_back': 10},
      'VoipIO': { 'allowed_hosts': '',
                  'allowed_phone_numbers': '(^[234567])',
                  'allowed_users': '(^[234567])',
                  'debug': True,
                  'domain': 'external.sip.mff.cuni.cz:5066',
                  'forbidden_hosts': '',
                  'forbidden_phone_number': '(^112$|^150$|^155$|^156$|^158$)',
                  'forbidden_users': '(^112$|^150$|^155$|^156$|^158$)',
    # this line was removed since it included a password
                  'pjsip_log_level': 3,
                  'reject_calls': False,
                  'user': 'DEV-9889'},
      'WebHub': { 'port': 8000},
      'corpustools': { 'get_jasr_confnets': { 'frame_size': 256, 'rt_ratio': 0.2}}}

2013-07-03-10-15-59.387539-COT  MainProcess : INFO       
    #6440   Time: 2013-07-03-10-15-59.335684-COT From: VoipIO     To: HUB        Command: call_connecting(remote_uri="anonymous") 

2013-07-03-10-15-59.594396-COT  VoipIO-1   : DEBUG      
    CallCallback::on_state : Call with "Anonymous" <sip:anonymous@195.113.20.69> is CONFIRMED last code = 200 (OK)

2013-07-03-10-15-59.600056-COT  VoipIO-1   : DEBUG      
    VoipIO::on_call_confirmed

2013-07-03-10-15-59.603619-COT  MainProcess : INFO       
    #6441   Time: 2013-07-03-10-15-59.600230-COT From: VoipIO     To: HUB        Command: call_confirmed(remote_uri="anonymous") 

2013-07-03-10-15-59.606377-COT  MainProcess : INFO       
    
    ========================================================================================================================
    Incoming call from :          anonymous
    ------------------------------------------------------------------------------------------------------------------------
    Total calls:                  0
    Total time (min):             0.0
    Last period total calls:      0
    Last period total time (min): 0.0
    ------------------------------------------------------------------------------------------------------------------------
    CALL ACCEPTED
    ========================================================================================================================
    

2013-07-03-10-15-59.607054-COT  DM-5       : DEBUG      
    #6442   Time: 2013-07-03-10-15-59.605481-COT From: HUB        To: DM         Command: new_dialogue() 

2013-07-03-10-15-59.607974-COT  DM-5       : DEBUG      
    DM Output
    ------------------------------------------------------------
    hello()
    

2013-07-03-10-15-59.615279-COT  MainProcess : INFO       
    #6444   Time: 2013-07-03-10-15-59.613983-COT From: DM         To: HUB        Command: dm_da_generated() 

2013-07-03-10-15-59.617276-COT  NLG-6      : DEBUG      
    NLG Output
    ------------------------------------------------------------
    Dobrý den, dovolali jste se na informace o veřejné dopravě v Praze. Hovor je nahráván. Více informací o této službě je na internetu. Jak Vám mohu pomoci. 
    

2013-07-03-10-15-59.623466-COT  MainProcess : INFO       
    #6445   Time: 2013-07-03-10-15-59.619947-COT From: NLG        To: HUB        Command: nlg_text_generated() 

2013-07-03-10-15-59.624962-COT  MainProcess : INFO       
    #6447   Time: 2013-07-03-10-15-59.622288-COT From: TTS        To: HUB        Command: tts_start(user_id="None",text="Dobrý den, dovolali jste se na informace o veřejné dopravě v Praze. Hovor je nahráván. Více informací o této službě je na internetu. Jak Vám mohu pomoci. ") 

2013-07-03-10-15-59.634758-COT  MainProcess : INFO       
    #6449   Time: 2013-07-03-10-15-59.625523-COT From: VoipIO     To: HUB        Command: play_utterance_start(user_id="None",fname="tts-2013-07-03-10-15-59.622071.wav") 

2013-07-03-10-15-59.769144-COT  MainProcess : INFO       
    #7192   Time: 2013-07-03-10-15-59.764968-COT From: TTS        To: HUB        Command: tts_end(user_id="None",text="Dobrý den, dovolali jste se na informace o veřejné dopravě v Praze. Hovor je nahráván. Více informací o této službě je na internetu. Jak Vám mohu pomoci. ",fname="tts-2013-07-03-10-15-59.622071.wav",log="true") 

2013-07-03-10-16-11.379397-COT  MainProcess : INFO       
    #7897   Time: 2013-07-03-10-16-11.004048-COT From: VoipIO     To: HUB        Command: play_utterance_end(user_id="None",fname="tts-2013-07-03-10-15-59.622071.wav) 

2013-07-03-10-16-13.943743-COT  ASR-3      : DEBUG      
    ASR: speech_start()

2013-07-03-10-16-13.946595-COT  MainProcess : INFO       
    #8083   Time: 2013-07-03-10-16-13.941141-COT From: VAD        To: HUB        Command: speech_start(fname="vad-2013-07-03-10-16-13.932293.wav") 

2013-07-03-10-16-13.950134-COT  MainProcess : INFO       
    #8084   Time: 2013-07-03-10-16-13.942552-COT From: ASR        To: HUB        Command: asr_start() 

2013-07-03-10-16-19.707385-COT  MainProcess : INFO       
    #8446   Time: 2013-07-03-10-16-19.704887-COT From: VAD        To: HUB        Command: speech_end(fname="vad-2013-07-03-10-16-13.932293.wav") 

2013-07-03-10-16-19.708977-COT  ASR-3      : DEBUG      
    ASR: speech_end()

2013-07-03-10-16-20.097538-COT  MainProcess : INFO       
    #8472   Time: 2013-07-03-10-16-20.094473-COT From: VAD        To: HUB        Command: speech_start(fname="vad-2013-07-03-10-16-20.086873.wav") 

2013-07-03-10-16-21.010573-COT  ASR-3      : DEBUG      
    ASR Hypothesis
    ------------------------------------------------------------
    1.000 __silence__
    0.000 __other__
    

2013-07-03-10-16-21.015401-COT  SLU-4      : DEBUG      
    SLU Hypothesis
    ------------------------------------------------------------
    1.000 silence()
    

2013-07-03-10-16-21.016183-COT  MainProcess : INFO       
    #8529   Time: 2013-07-03-10-16-21.013929-COT From: ASR        To: HUB        Command: asr_end() 

2013-07-03-10-16-21.017280-COT  ASR-3      : DEBUG      
    ASR: speech_start()

2013-07-03-10-16-21.020089-COT  MainProcess : INFO       
    #8531   Time: 2013-07-03-10-16-21.016726-COT From: ASR        To: HUB        Command: asr_start() 

2013-07-03-10-16-21.026046-COT  MainProcess : INFO       
    #8532   Time: 2013-07-03-10-16-21.023077-COT From: SLU        To: HUB        Command: slu_parsed() 

2013-07-03-10-16-21.027022-COT  DM-5       : DEBUG      
    DDDState Dialogue Act in: silence()

2013-07-03-10-16-21.027627-COT  DM-5       : DEBUG      
    Context Resolution - Dialogue Act: silence()

2013-07-03-10-16-21.028296-COT  DM-5       : DEBUG      
    DDDState - Dialogue state content:
    
    ludait = silence
    silence_time = 0.0
    
    
    
    

2013-07-03-10-16-21.028993-COT  DM-5       : DEBUG      
    DDDState
    
    Requested slots:
    {}
    Confirmed slots:
    {}
    Non-informed slots:
    {u'silence_time': 0.0}

2013-07-03-10-16-21.030601-COT  DM-5       : DEBUG      
    DM Output
    ------------------------------------------------------------
    silence()
    

2013-07-03-10-16-21.042001-COT  MainProcess : INFO       
    #8538   Time: 2013-07-03-10-16-21.038433-COT From: DM         To: HUB        Command: dm_da_generated() 

2013-07-03-10-16-21.042920-COT  NLG-6      : DEBUG      
    NLG Output
    ------------------------------------------------------------
    DM sent 'silence()' therefore generating nothing
    

2013-07-03-10-16-21.048717-COT  MainProcess : INFO       
    #8540   Time: 2013-07-03-10-16-21.047456-COT From: NLG        To: HUB        Command: nlg_text_generated() 

2013-07-03-10-16-22.207945-COT  MainProcess : INFO       
    #8614   Time: 2013-07-03-10-16-22.204969-COT From: VAD        To: HUB        Command: speech_end(fname="vad-2013-07-03-10-16-20.086873.wav") 

2013-07-03-10-16-22.208485-COT  ASR-3      : DEBUG      
    ASR: speech_end()

2013-07-03-10-16-22.882806-COT  ASR-3      : DEBUG      
    ASR Hypothesis
    ------------------------------------------------------------
    1.000 __silence__
    0.000 __other__
    

2013-07-03-10-16-22.901075-COT  MainProcess : INFO       
    #8659   Time: 2013-07-03-10-16-22.899025-COT From: ASR        To: HUB        Command: asr_end() 

2013-07-03-10-16-22.904020-COT  SLU-4      : DEBUG      
    SLU Hypothesis
    ------------------------------------------------------------
    1.000 silence()
    

2013-07-03-10-16-22.916041-COT  DM-5       : DEBUG      
    DDDState Dialogue Act in: silence()

2013-07-03-10-16-22.917478-COT  DM-5       : DEBUG      
    Context Resolution - Dialogue Act: silence()

2013-07-03-10-16-22.920354-COT  DM-5       : DEBUG      
    DDDState - Dialogue state content:
    
    ludait = silence
    silence_time = 0.0
    
    
    
    

2013-07-03-10-16-22.922502-COT  MainProcess : INFO       
    #8661   Time: 2013-07-03-10-16-22.912279-COT From: SLU        To: HUB        Command: slu_parsed() 

2013-07-03-10-16-22.923712-COT  DM-5       : DEBUG      
    DDDState
    
    Requested slots:
    {}
    Confirmed slots:
    {}
    Non-informed slots:
    {u'silence_time': 0.0}

2013-07-03-10-16-22.924413-COT  DM-5       : DEBUG      
    DM Output
    ------------------------------------------------------------
    silence()
    

2013-07-03-10-16-22.955209-COT  MainProcess : INFO       
    #8664   Time: 2013-07-03-10-16-22.954328-COT From: DM         To: HUB        Command: dm_da_generated() 

2013-07-03-10-16-22.956164-COT  NLG-6      : DEBUG      
    NLG Output
    ------------------------------------------------------------
    DM sent 'silence()' therefore generating nothing
    

2013-07-03-10-16-22.964143-COT  MainProcess : INFO       
    #8668   Time: 2013-07-03-10-16-22.961568-COT From: NLG        To: HUB        Command: nlg_text_generated() 

2013-07-03-10-16-23.482809-COT  MainProcess : INFO       
    #8703   Time: 2013-07-03-10-16-23.479261-COT From: VAD        To: HUB        Command: speech_start(fname="vad-2013-07-03-10-16-23.466843.wav") 

2013-07-03-10-16-23.484073-COT  ASR-3      : DEBUG      
    ASR: speech_start()

2013-07-03-10-16-23.485378-COT  MainProcess : INFO       
    #8704   Time: 2013-07-03-10-16-23.481736-COT From: ASR        To: HUB        Command: asr_start() 

2013-07-03-10-16-24.764897-COT  MainProcess : INFO       
    #8786   Time: 2013-07-03-10-16-24.763069-COT From: VAD        To: HUB        Command: speech_end(fname="vad-2013-07-03-10-16-23.466843.wav") 

2013-07-03-10-16-24.766842-COT  ASR-3      : DEBUG      
    ASR: speech_end()

2013-07-03-10-16-25.446824-COT  ASR-3      : DEBUG      
    ASR Hypothesis
    ------------------------------------------------------------
    1.000 __silence__
    0.000 __other__
    

2013-07-03-10-16-25.468983-COT  MainProcess : INFO       
    #8831   Time: 2013-07-03-10-16-25.458958-COT From: ASR        To: HUB        Command: asr_end() 

2013-07-03-10-16-25.473173-COT  SLU-4      : DEBUG      
    SLU Hypothesis
    ------------------------------------------------------------
    1.000 silence()
    

2013-07-03-10-16-25.485794-COT  DM-5       : DEBUG      
    DDDState Dialogue Act in: silence()

2013-07-03-10-16-25.487011-COT  DM-5       : DEBUG      
    Context Resolution - Dialogue Act: silence()

2013-07-03-10-16-25.488015-COT  DM-5       : DEBUG      
    DDDState - Dialogue state content:
    
    ludait = silence
    silence_time = 0.0
    
    
    
    

2013-07-03-10-16-25.488754-COT  DM-5       : DEBUG      
    DDDState
    
    Requested slots:
    {}
    Confirmed slots:
    {}
    Non-informed slots:
    {u'silence_time': 0.0}

2013-07-03-10-16-25.489833-COT  MainProcess : INFO       
    #8833   Time: 2013-07-03-10-16-25.479924-COT From: SLU        To: HUB        Command: slu_parsed() 

2013-07-03-10-16-25.492814-COT  DM-5       : DEBUG      
    DM Output
    ------------------------------------------------------------
    silence()
    

2013-07-03-10-16-25.506108-COT  NLG-6      : DEBUG      
    NLG Output
    ------------------------------------------------------------
    DM sent 'silence()' therefore generating nothing
    

2013-07-03-10-16-25.508288-COT  MainProcess : INFO       
    #8835   Time: 2013-07-03-10-16-25.504340-COT From: DM         To: HUB        Command: dm_da_generated() 

2013-07-03-10-16-25.514453-COT  MainProcess : INFO       
    #8838   Time: 2013-07-03-10-16-25.513476-COT From: NLG        To: HUB        Command: nlg_text_generated() 

2013-07-03-10-16-25.913985-COT  ASR-3      : DEBUG      
    ASR: speech_start()

2013-07-03-10-16-25.914707-COT  MainProcess : INFO       
    #8867   Time: 2013-07-03-10-16-25.911494-COT From: VAD        To: HUB        Command: speech_start(fname="vad-2013-07-03-10-16-25.898593.wav") 

2013-07-03-10-16-25.917450-COT  MainProcess : INFO       
    #8868   Time: 2013-07-03-10-16-25.913268-COT From: ASR        To: HUB        Command: asr_start() 

2013-07-03-10-16-26.622102-COT  ASR-3      : DEBUG      
    ASR: speech_end()

2013-07-03-10-16-26.622857-COT  MainProcess : INFO       
    #8914   Time: 2013-07-03-10-16-26.617386-COT From: VAD        To: HUB        Command: speech_end(fname="vad-2013-07-03-10-16-25.898593.wav") 

2013-07-03-10-16-27.375518-COT  ASR-3      : DEBUG      
    ASR Hypothesis
    ------------------------------------------------------------
    1.000 __silence__
    0.000 __other__
    

2013-07-03-10-16-27.391547-COT  MainProcess : INFO       
    #8963   Time: 2013-07-03-10-16-27.388715-COT From: ASR        To: HUB        Command: asr_end() 

2013-07-03-10-16-27.395860-COT  SLU-4      : DEBUG      
    SLU Hypothesis
    ------------------------------------------------------------
    1.000 silence()
    

2013-07-03-10-16-27.406157-COT  DM-5       : DEBUG      
    DDDState Dialogue Act in: silence()

2013-07-03-10-16-27.406704-COT  DM-5       : DEBUG      
    Context Resolution - Dialogue Act: silence()

2013-07-03-10-16-27.407570-COT  DM-5       : DEBUG      
    DDDState - Dialogue state content:
    
    ludait = silence
    silence_time = 0.0
    
    
    
    

2013-07-03-10-16-27.408627-COT  DM-5       : DEBUG      
    DDDState
    
    Requested slots:
    {}
    Confirmed slots:
    {}
    Non-informed slots:
    {u'silence_time': 0.0}

2013-07-03-10-16-27.409486-COT  DM-5       : DEBUG      
    DM Output
    ------------------------------------------------------------
    silence()
    

2013-07-03-10-16-27.410837-COT  MainProcess : INFO       
    #8965   Time: 2013-07-03-10-16-27.403524-COT From: SLU        To: HUB        Command: slu_parsed() 

2013-07-03-10-16-27.432142-COT  MainProcess : INFO       
    #8968   Time: 2013-07-03-10-16-27.430728-COT From: DM         To: HUB        Command: dm_da_generated() 

2013-07-03-10-16-27.433351-COT  NLG-6      : DEBUG      
    NLG Output
    ------------------------------------------------------------
    DM sent 'silence()' therefore generating nothing
    

2013-07-03-10-16-27.446577-COT  MainProcess : INFO       
    #8973   Time: 2013-07-03-10-16-27.444568-COT From: NLG        To: HUB        Command: nlg_text_generated() 

2013-07-03-10-16-27.581455-COT  MainProcess : INFO       
    #8983   Time: 2013-07-03-10-16-27.577091-COT From: VAD        To: HUB        Command: speech_start(fname="vad-2013-07-03-10-16-27.560266.wav") 

2013-07-03-10-16-27.582988-COT  ASR-3      : DEBUG      
    ASR: speech_start()

2013-07-03-10-16-27.587760-COT  MainProcess : INFO       
    #8984   Time: 2013-07-03-10-16-27.579720-COT From: ASR        To: HUB        Command: asr_start() 

2013-07-03-10-16-34.932357-COT  ASR-3      : DEBUG      
    ASR: speech_end()

2013-07-03-10-16-34.934611-COT  MainProcess : INFO       
    #9446   Time: 2013-07-03-10-16-34.929123-COT From: VAD        To: HUB        Command: speech_end(fname="vad-2013-07-03-10-16-27.560266.wav") 

2013-07-03-10-16-35.524339-COT  MainProcess : INFO       
    #9484   Time: 2013-07-03-10-16-35.518446-COT From: VAD        To: HUB        Command: speech_start(fname="vad-2013-07-03-10-16-35.500086.wav") 

2013-07-03-10-16-36.313869-COT  ASR-3      : DEBUG      
    ASR Hypothesis
    ------------------------------------------------------------
    1.000 __silence__
    0.000 __other__
    

2013-07-03-10-16-36.328319-COT  MainProcess : INFO       
    #9534   Time: 2013-07-03-10-16-36.324467-COT From: ASR        To: HUB        Command: asr_end() 

2013-07-03-10-16-36.332631-COT  SLU-4      : DEBUG      
    SLU Hypothesis
    ------------------------------------------------------------
    1.000 silence()
    

2013-07-03-10-16-36.338621-COT  ASR-3      : DEBUG      
    ASR: speech_start()

2013-07-03-10-16-36.341124-COT  MainProcess : INFO       
    #9538   Time: 2013-07-03-10-16-36.337879-COT From: ASR        To: HUB        Command: asr_start() 

2013-07-03-10-16-36.350289-COT  MainProcess : INFO       
    #9540   Time: 2013-07-03-10-16-36.346929-COT From: SLU        To: HUB        Command: slu_parsed() 

2013-07-03-10-16-36.353916-COT  DM-5       : DEBUG      
    DDDState Dialogue Act in: silence()

2013-07-03-10-16-36.355188-COT  DM-5       : DEBUG      
    Context Resolution - Dialogue Act: silence()

2013-07-03-10-16-36.355928-COT  DM-5       : DEBUG      
    DDDState - Dialogue state content:
    
    ludait = silence
    silence_time = 0.0
    
    
    
    

2013-07-03-10-16-36.357084-COT  DM-5       : DEBUG      
    DDDState
    
    Requested slots:
    {}
    Confirmed slots:
    {}
    Non-informed slots:
    {u'silence_time': 0.0}

2013-07-03-10-16-36.358037-COT  DM-5       : DEBUG      
    DM Output
    ------------------------------------------------------------
    silence()
    

2013-07-03-10-16-36.380785-COT  NLG-6      : DEBUG      
    NLG Output
    ------------------------------------------------------------
    DM sent 'silence()' therefore generating nothing
    

2013-07-03-10-16-36.382104-COT  MainProcess : INFO       
    #9542   Time: 2013-07-03-10-16-36.379267-COT From: DM         To: HUB        Command: dm_da_generated() 

2013-07-03-10-16-36.395720-COT  MainProcess : INFO       
    #9546   Time: 2013-07-03-10-16-36.394012-COT From: NLG        To: HUB        Command: nlg_text_generated() 

2013-07-03-10-16-36.468355-COT  MainProcess : INFO       
    #9554   Time: 2013-07-03-10-16-36.466067-COT From: VAD        To: HUB        Command: speech_end(fname="vad-2013-07-03-10-16-35.500086.wav") 

2013-07-03-10-16-36.540275-COT  ASR-3      : DEBUG      
    ASR: speech_end()

2013-07-03-10-16-37.418388-COT  ASR-3      : DEBUG      
    ASR Hypothesis
    ------------------------------------------------------------
    1.000 __silence__
    0.000 __other__
    

2013-07-03-10-16-37.436550-COT  MainProcess : INFO       
    #9615   Time: 2013-07-03-10-16-37.435327-COT From: ASR        To: HUB        Command: asr_end() 

2013-07-03-10-16-37.438038-COT  SLU-4      : DEBUG      
    SLU Hypothesis
    ------------------------------------------------------------
    1.000 silence()
    

2013-07-03-10-16-37.451694-COT  DM-5       : DEBUG      
    DDDState Dialogue Act in: silence()

2013-07-03-10-16-37.452190-COT  DM-5       : DEBUG      
    Context Resolution - Dialogue Act: silence()

2013-07-03-10-16-37.452855-COT  DM-5       : DEBUG      
    DDDState - Dialogue state content:
    
    ludait = silence
    silence_time = 0.0
    
    
    
    

2013-07-03-10-16-37.454031-COT  DM-5       : DEBUG      
    DDDState
    
    Requested slots:
    {}
    Confirmed slots:
    {}
    Non-informed slots:
    {u'silence_time': 0.0}

2013-07-03-10-16-37.455266-COT  MainProcess : INFO       
    #9617   Time: 2013-07-03-10-16-37.449981-COT From: SLU        To: HUB        Command: slu_parsed() 

2013-07-03-10-16-37.456176-COT  DM-5       : DEBUG      
    DM Output
    ------------------------------------------------------------
    silence()
    

2013-07-03-10-16-37.650821-COT  MainProcess : INFO       
    #9620   Time: 2013-07-03-10-16-37.646657-COT From: DM         To: HUB        Command: dm_da_generated() 

2013-07-03-10-16-37.651744-COT  NLG-6      : DEBUG      
    NLG Output
    ------------------------------------------------------------
    DM sent 'silence()' therefore generating nothing
    

2013-07-03-10-16-37.664827-COT  MainProcess : INFO       
    #9626   Time: 2013-07-03-10-16-37.661965-COT From: NLG        To: HUB        Command: nlg_text_generated() 

2013-07-03-10-16-39.473888-COT  DM-5       : DEBUG      
    #9750   Time: 2013-07-03-10-16-39.469653-COT From: HUB        To: DM         Command: timeout(silence_time="3.001") 

2013-07-03-10-16-39.475327-COT  DM-5       : DEBUG      
    DDDState Dialogue Act in: silence(time="3.001")

2013-07-03-10-16-39.477667-COT  DM-5       : DEBUG      
    Context Resolution - Dialogue Act: silence(time="3.001")

2013-07-03-10-16-39.479208-COT  DM-5       : DEBUG      
    DDDState - Dialogue state content:
    
    ludait = silence
    silence_time = 3.001
    
    
    
    

2013-07-03-10-16-39.481996-COT  DM-5       : DEBUG      
    DDDState
    
    Requested slots:
    {}
    Confirmed slots:
    {}
    Non-informed slots:
    {u'silence_time': 3.001}

2013-07-03-10-16-39.482852-COT  DM-5       : DEBUG      
    DM Output
    ------------------------------------------------------------
    silence()
    

2013-07-03-10-16-39.505013-COT  NLG-6      : DEBUG      
    NLG Output
    ------------------------------------------------------------
    DM sent 'silence()' therefore generating nothing
    

2013-07-03-10-16-39.507558-COT  MainProcess : INFO       
    #9751   Time: 2013-07-03-10-16-39.503969-COT From: DM         To: HUB        Command: dm_da_generated() 

2013-07-03-10-16-39.523310-COT  MainProcess : INFO       
    #9753   Time: 2013-07-03-10-16-39.521127-COT From: NLG        To: HUB        Command: nlg_text_generated() 

2013-07-03-10-16-41.095724-COT  ASR-3      : DEBUG      
    ASR: speech_start()

2013-07-03-10-16-41.097442-COT  MainProcess : INFO       
    #9855   Time: 2013-07-03-10-16-41.094542-COT From: VAD        To: HUB        Command: speech_start(fname="vad-2013-07-03-10-16-41.071669.wav") 

2013-07-03-10-16-41.099223-COT  MainProcess : INFO       
    #9856   Time: 2013-07-03-10-16-41.094735-COT From: ASR        To: HUB        Command: asr_start() 

2013-07-03-10-16-41.413619-COT  MainProcess : INFO       
    #9878   Time: 2013-07-03-10-16-41.412442-COT From: VAD        To: HUB        Command: speech_end(fname="vad-2013-07-03-10-16-41.071669.wav") 

2013-07-03-10-16-41.414299-COT  ASR-3      : DEBUG      
    ASR: speech_end()

2013-07-03-10-16-41.803348-COT  ASR-3      : DEBUG      
    ASR Hypothesis
    ------------------------------------------------------------
    1.000 __silence__
    0.000 __other__
    

2013-07-03-10-16-41.818717-COT  MainProcess : INFO       
    #9903   Time: 2013-07-03-10-16-41.816652-COT From: ASR        To: HUB        Command: asr_end() 

2013-07-03-10-16-41.820388-COT  SLU-4      : DEBUG      
    SLU Hypothesis
    ------------------------------------------------------------
    1.000 silence()
    

2013-07-03-10-16-41.836691-COT  MainProcess : INFO       
    #9907   Time: 2013-07-03-10-16-41.834412-COT From: SLU        To: HUB        Command: slu_parsed() 

2013-07-03-10-16-41.837503-COT  DM-5       : DEBUG      
    DDDState Dialogue Act in: silence()

2013-07-03-10-16-41.838137-COT  DM-5       : DEBUG      
    Context Resolution - Dialogue Act: silence()

2013-07-03-10-16-41.839324-COT  DM-5       : DEBUG      
    DDDState - Dialogue state content:
    
    ludait = silence
    silence_time = 0.0
    
    
    
    

2013-07-03-10-16-41.840122-COT  DM-5       : DEBUG      
    DDDState
    
    Requested slots:
    {}
    Confirmed slots:
    {}
    Non-informed slots:
    {u'silence_time': 0.0}

2013-07-03-10-16-41.843626-COT  DM-5       : DEBUG      
    DM Output
    ------------------------------------------------------------
    silence()
    

2013-07-03-10-16-41.884265-COT  NLG-6      : DEBUG      
    NLG Output
    ------------------------------------------------------------
    DM sent 'silence()' therefore generating nothing
    

2013-07-03-10-16-41.891330-COT  MainProcess : INFO       
    #9911   Time: 2013-07-03-10-16-41.881765-COT From: DM         To: HUB        Command: dm_da_generated() 

2013-07-03-10-16-41.906342-COT  MainProcess : INFO       
    #9917   Time: 2013-07-03-10-16-41.903820-COT From: NLG        To: HUB        Command: nlg_text_generated() 

2013-07-03-10-16-42.319477-COT  ASR-3      : DEBUG      
    ASR: speech_start()

2013-07-03-10-16-42.322757-COT  MainProcess : INFO       
    #9943   Time: 2013-07-03-10-16-42.315500-COT From: VAD        To: HUB        Command: speech_start(fname="vad-2013-07-03-10-16-42.289853.wav") 

2013-07-03-10-16-42.329499-COT  MainProcess : INFO       
    #9944   Time: 2013-07-03-10-16-42.317221-COT From: ASR        To: HUB        Command: asr_start() 

2013-07-03-10-16-43.587988-COT  MainProcess : INFO       
    #10026  Time: 2013-07-03-10-16-43.586100-COT From: VAD        To: HUB        Command: speech_end(fname="vad-2013-07-03-10-16-42.289853.wav") 

2013-07-03-10-16-43.589264-COT  ASR-3      : DEBUG      
    ASR: speech_end()

2013-07-03-10-16-44.282551-COT  ASR-3      : DEBUG      
    ASR Hypothesis
    ------------------------------------------------------------
    1.000 __silence__
    0.000 __other__
    

2013-07-03-10-16-44.297542-COT  MainProcess : INFO       
    #10071  Time: 2013-07-03-10-16-44.294763-COT From: ASR        To: HUB        Command: asr_end() 

2013-07-03-10-16-44.298627-COT  SLU-4      : DEBUG      
    SLU Hypothesis
    ------------------------------------------------------------
    1.000 silence()
    

2013-07-03-10-16-44.315881-COT  DM-5       : DEBUG      
    DDDState Dialogue Act in: silence()

2013-07-03-10-16-44.316561-COT  DM-5       : DEBUG      
    Context Resolution - Dialogue Act: silence()

2013-07-03-10-16-44.317734-COT  DM-5       : DEBUG      
    DDDState - Dialogue state content:
    
    ludait = silence
    silence_time = 0.0
    
    
    
    

2013-07-03-10-16-44.318632-COT  DM-5       : DEBUG      
    DDDState
    
    Requested slots:
    {}
    Confirmed slots:
    {}
    Non-informed slots:
    {u'silence_time': 0.0}

2013-07-03-10-16-44.319714-COT  DM-5       : DEBUG      
    DM Output
    ------------------------------------------------------------
    silence()
    

2013-07-03-10-16-44.321016-COT  MainProcess : INFO       
    #10073  Time: 2013-07-03-10-16-44.312060-COT From: SLU        To: HUB        Command: slu_parsed() 

2013-07-03-10-16-44.350422-COT  MainProcess : INFO       
    #10079  Time: 2013-07-03-10-16-44.348309-COT From: DM         To: HUB        Command: dm_da_generated() 

2013-07-03-10-16-44.351592-COT  NLG-6      : DEBUG      
    NLG Output
    ------------------------------------------------------------
    DM sent 'silence()' therefore generating nothing
    

2013-07-03-10-16-44.366068-COT  MainProcess : INFO       
    #10081  Time: 2013-07-03-10-16-44.364534-COT From: NLG        To: HUB        Command: nlg_text_generated() 

2013-07-03-10-16-46.594390-COT  DM-5       : DEBUG      
    #10222  Time: 2013-07-03-10-16-46.589909-COT From: HUB        To: DM         Command: timeout(silence_time="3.002") 

2013-07-03-10-16-46.595071-COT  DM-5       : DEBUG      
    DDDState Dialogue Act in: silence(time="3.002")

2013-07-03-10-16-46.595866-COT  DM-5       : DEBUG      
    Context Resolution - Dialogue Act: silence(time="3.002")

2013-07-03-10-16-46.596690-COT  DM-5       : DEBUG      
    DDDState - Dialogue state content:
    
    ludait = silence
    silence_time = 3.002
    
    
    
    

2013-07-03-10-16-46.597704-COT  DM-5       : DEBUG      
    DDDState
    
    Requested slots:
    {}
    Confirmed slots:
    {}
    Non-informed slots:
    {u'silence_time': 3.002}

2013-07-03-10-16-46.598536-COT  DM-5       : DEBUG      
    DM Output
    ------------------------------------------------------------
    silence()
    

2013-07-03-10-16-46.631740-COT  NLG-6      : DEBUG      
    NLG Output
    ------------------------------------------------------------
    DM sent 'silence()' therefore generating nothing
    

2013-07-03-10-16-46.633797-COT  MainProcess : INFO       
    #10224  Time: 2013-07-03-10-16-46.627544-COT From: DM         To: HUB        Command: dm_da_generated() 

2013-07-03-10-16-46.654477-COT  MainProcess : INFO       
    #10229  Time: 2013-07-03-10-16-46.652734-COT From: NLG        To: HUB        Command: nlg_text_generated() 

2013-07-03-10-16-49.596787-COT  DM-5       : DEBUG      
    #10414  Time: 2013-07-03-10-16-49.593189-COT From: HUB        To: DM         Command: timeout(silence_time="6.005") 

2013-07-03-10-16-49.597412-COT  DM-5       : DEBUG      
    DDDState Dialogue Act in: silence(time="6.005")

2013-07-03-10-16-49.597891-COT  DM-5       : DEBUG      
    Context Resolution - Dialogue Act: silence(time="6.005")

2013-07-03-10-16-49.599815-COT  DM-5       : DEBUG      
    DDDState - Dialogue state content:
    
    ludait = silence
    silence_time = 6.005
    
    
    
    

2013-07-03-10-16-49.602225-COT  DM-5       : DEBUG      
    DDDState
    
    Requested slots:
    {}
    Confirmed slots:
    {}
    Non-informed slots:
    {u'silence_time': 6.005}

2013-07-03-10-16-49.602929-COT  DM-5       : DEBUG      
    DM Output
    ------------------------------------------------------------
    silence()
    

2013-07-03-10-16-49.630560-COT  NLG-6      : DEBUG      
    NLG Output
    ------------------------------------------------------------
    DM sent 'silence()' therefore generating nothing
    

2013-07-03-10-16-49.632040-COT  MainProcess : INFO       
    #10415  Time: 2013-07-03-10-16-49.628925-COT From: DM         To: HUB        Command: dm_da_generated() 

2013-07-03-10-16-49.654904-COT  MainProcess : INFO       
    #10421  Time: 2013-07-03-10-16-49.652816-COT From: NLG        To: HUB        Command: nlg_text_generated() 

2013-07-03-10-16-52.596459-COT  DM-5       : DEBUG      
    #10606  Time: 2013-07-03-10-16-52.593442-COT From: HUB        To: DM         Command: timeout(silence_time="9.005") 

2013-07-03-10-16-52.597529-COT  DM-5       : DEBUG      
    DDDState Dialogue Act in: silence(time="9.005")

2013-07-03-10-16-52.598017-COT  DM-5       : DEBUG      
    Context Resolution - Dialogue Act: silence(time="9.005")

2013-07-03-10-16-52.598760-COT  DM-5       : DEBUG      
    DDDState - Dialogue state content:
    
    ludait = silence
    silence_time = 9.005
    
    
    
    

2013-07-03-10-16-52.600023-COT  DM-5       : DEBUG      
    DDDState
    
    Requested slots:
    {}
    Confirmed slots:
    {}
    Non-informed slots:
    {u'silence_time': 9.005}

2013-07-03-10-16-52.602208-COT  DM-5       : DEBUG      
    DM Output
    ------------------------------------------------------------
    silence()
    

2013-07-03-10-16-52.635755-COT  NLG-6      : DEBUG      
    NLG Output
    ------------------------------------------------------------
    DM sent 'silence()' therefore generating nothing
    

2013-07-03-10-16-52.636452-COT  MainProcess : INFO       
    #10607  Time: 2013-07-03-10-16-52.633890-COT From: DM         To: HUB        Command: dm_da_generated() 

2013-07-03-10-16-52.654568-COT  MainProcess : INFO       
    #10611  Time: 2013-07-03-10-16-52.649095-COT From: NLG        To: HUB        Command: nlg_text_generated() 

2013-07-03-10-16-55.596942-COT  DM-5       : DEBUG      
    #10797  Time: 2013-07-03-10-16-55.593889-COT From: HUB        To: DM         Command: timeout(silence_time="12.006") 

2013-07-03-10-16-55.597875-COT  DM-5       : DEBUG      
    DDDState Dialogue Act in: silence(time="12.006")

2013-07-03-10-16-55.598745-COT  DM-5       : DEBUG      
    Context Resolution - Dialogue Act: silence(time="12.006")

2013-07-03-10-16-55.602503-COT  DM-5       : DEBUG      
    DDDState - Dialogue state content:
    
    ludait = silence
    silence_time = 12.006
    
    
    
    

2013-07-03-10-16-55.604421-COT  DM-5       : DEBUG      
    DDDState
    
    Requested slots:
    {}
    Confirmed slots:
    {}
    Non-informed slots:
    {u'silence_time': 12.006}

2013-07-03-10-16-55.605673-COT  DM-5       : DEBUG      
    DM Output
    ------------------------------------------------------------
    inform(silence_timeout="true")
    

2013-07-03-10-16-55.642230-COT  MainProcess : INFO       
    #10799  Time: 2013-07-03-10-16-55.641009-COT From: DM         To: HUB        Command: dm_da_generated() 

2013-07-03-10-16-55.644549-COT  NLG-6      : DEBUG      
    NLG Output
    ------------------------------------------------------------
    Haló, jste tam ještě?
    

2013-07-03-10-16-55.664977-COT  MainProcess : INFO       
    #10802  Time: 2013-07-03-10-16-55.658519-COT From: NLG        To: HUB        Command: nlg_text_generated() 

2013-07-03-10-16-55.669360-COT  MainProcess : INFO       
    #10804  Time: 2013-07-03-10-16-55.659003-COT From: TTS        To: HUB        Command: tts_start(user_id="None",text="Haló, jste tam ještě?") 

2013-07-03-10-16-55.685293-COT  MainProcess : INFO       
    #10934  Time: 2013-07-03-10-16-55.682848-COT From: TTS        To: HUB        Command: tts_end(user_id="None",text="Haló, jste tam ještě?",fname="tts-2013-07-03-10-16-55.658901.wav",log="true") 

2013-07-03-10-16-55.736863-COT  MainProcess : INFO       
    #10806  Time: 2013-07-03-10-16-55.666545-COT From: VoipIO     To: HUB        Command: play_utterance_start(user_id="None",fname="tts-2013-07-03-10-16-55.658901.wav") 

2013-07-03-10-16-56.075819-COT  ASR-3      : DEBUG      
    ASR: speech_start()

2013-07-03-10-16-56.077356-COT  MainProcess : INFO       
    #10963  Time: 2013-07-03-10-16-56.073291-COT From: VAD        To: HUB        Command: speech_start(fname="vad-2013-07-03-10-16-56.044780.wav") 

2013-07-03-10-16-56.108234-COT  MainProcess : INFO       
    #10964  Time: 2013-07-03-10-16-56.074334-COT From: ASR        To: HUB        Command: asr_start() 

2013-07-03-10-16-56.110344-COT  NLG-6      : DEBUG      
    #10966  Time: 2013-07-03-10-16-56.107104-COT From: HUB        To: NLG        Command: flush() 

2013-07-03-10-16-56.113942-COT  MainProcess : INFO       
    #10968  Time: 2013-07-03-10-16-56.110749-COT From: NLG        To: HUB        Command: flushed() 

2013-07-03-10-16-56.116780-COT  TTS-7      : DEBUG      
    #10970  Time: 2013-07-03-10-16-56.114313-COT From: HUB        To: TTS        Command: flush() 

2013-07-03-10-16-56.119924-COT  MainProcess : INFO       
    #10972  Time: 2013-07-03-10-16-56.116978-COT From: TTS        To: HUB        Command: flushed() 

2013-07-03-10-16-56.121563-COT  VoipIO-1   : DEBUG      
    #10973  Time: 2013-07-03-10-16-56.120238-COT From: HUB        To: VIO        Command: flush_out() 

2013-07-03-10-16-56.124233-COT  MainProcess : INFO       
    #10974  Time: 2013-07-03-10-16-56.121775-COT From: VoipIO     To: HUB        Command: flushed_out() 

2013-07-03-10-16-57.402610-COT  ASR-3      : DEBUG      
    ASR: speech_end()

2013-07-03-10-16-57.403332-COT  MainProcess : INFO       
    #11056  Time: 2013-07-03-10-16-57.399764-COT From: VAD        To: HUB        Command: speech_end(fname="vad-2013-07-03-10-16-56.044780.wav") 

2013-07-03-10-16-57.957386-COT  ASR-3      : DEBUG      
    ASR Hypothesis
    ------------------------------------------------------------
    1.000 __silence__
    0.000 __other__
    

2013-07-03-10-16-57.981301-COT  MainProcess : INFO       
    #11093  Time: 2013-07-03-10-16-57.979341-COT From: ASR        To: HUB        Command: asr_end() 

2013-07-03-10-16-57.982943-COT  SLU-4      : DEBUG      
    SLU Hypothesis
    ------------------------------------------------------------
    1.000 silence()
    

2013-07-03-10-16-58.000528-COT  MainProcess : INFO       
    #11095  Time: 2013-07-03-10-16-57.998799-COT From: SLU        To: HUB        Command: slu_parsed() 

2013-07-03-10-16-58.001756-COT  DM-5       : DEBUG      
    DDDState Dialogue Act in: silence()

2013-07-03-10-16-58.002596-COT  DM-5       : DEBUG      
    Context Resolution - Dialogue Act: silence()

2013-07-03-10-16-58.004013-COT  DM-5       : DEBUG      
    DDDState - Dialogue state content:
    
    ludait = silence
    silence_time = 0.0
    
    rh_silence_timeout = system-informed
    
    ch_silence_timeout = system-informed
    
    sh_silence_timeout = system-informed
    

2013-07-03-10-16-58.005166-COT  DM-5       : DEBUG      
    DDDState
    
    Requested slots:
    {}
    Confirmed slots:
    {}
    Non-informed slots:
    {u'silence_time': 0.0}

2013-07-03-10-16-58.006285-COT  DM-5       : DEBUG      
    DM Output
    ------------------------------------------------------------
    silence()
    

2013-07-03-10-16-58.045955-COT  MainProcess : INFO       
    #11101  Time: 2013-07-03-10-16-58.042455-COT From: DM         To: HUB        Command: dm_da_generated() 

2013-07-03-10-16-58.046767-COT  NLG-6      : DEBUG      
    NLG Output
    ------------------------------------------------------------
    DM sent 'silence()' therefore generating nothing
    

2013-07-03-10-16-58.064186-COT  MainProcess : INFO       
    #11103  Time: 2013-07-03-10-16-58.061354-COT From: NLG        To: HUB        Command: nlg_text_generated() 

2013-07-03-10-17-00.410894-COT  DM-5       : DEBUG      
    #11252  Time: 2013-07-03-10-17-00.407541-COT From: HUB        To: DM         Command: timeout(silence_time="3.004") 

2013-07-03-10-17-00.413591-COT  DM-5       : DEBUG      
    DDDState Dialogue Act in: silence(time="3.004")

2013-07-03-10-17-00.415024-COT  DM-5       : DEBUG      
    Context Resolution - Dialogue Act: silence(time="3.004")

2013-07-03-10-17-00.417861-COT  DM-5       : DEBUG      
    DDDState - Dialogue state content:
    
    ludait = silence
    silence_time = 3.004
    
    rh_silence_timeout = system-informed
    
    ch_silence_timeout = system-informed
    
    sh_silence_timeout = system-informed
    

2013-07-03-10-17-00.419876-COT  DM-5       : DEBUG      
    DDDState
    
    Requested slots:
    {}
    Confirmed slots:
    {}
    Non-informed slots:
    {u'silence_time': 3.004}

2013-07-03-10-17-00.421151-COT  DM-5       : DEBUG      
    DM Output
    ------------------------------------------------------------
    silence()
    

2013-07-03-10-17-00.616778-COT  MainProcess : INFO       
    #11265  Time: 2013-07-03-10-17-00.613285-COT From: DM         To: HUB        Command: dm_da_generated() 

2013-07-03-10-17-00.618058-COT  NLG-6      : DEBUG      
    NLG Output
    ------------------------------------------------------------
    DM sent 'silence()' therefore generating nothing
    

2013-07-03-10-17-00.644793-COT  MainProcess : INFO       
    #11267  Time: 2013-07-03-10-17-00.639222-COT From: NLG        To: HUB        Command: nlg_text_generated() 

2013-07-03-10-17-03.412805-COT  DM-5       : DEBUG      
    #11444  Time: 2013-07-03-10-17-03.408860-COT From: HUB        To: DM         Command: timeout(silence_time="6.005") 

2013-07-03-10-17-03.413719-COT  DM-5       : DEBUG      
    DDDState Dialogue Act in: silence(time="6.005")

2013-07-03-10-17-03.415293-COT  DM-5       : DEBUG      
    Context Resolution - Dialogue Act: silence(time="6.005")

2013-07-03-10-17-03.417411-COT  DM-5       : DEBUG      
    DDDState - Dialogue state content:
    
    ludait = silence
    silence_time = 6.005
    
    rh_silence_timeout = system-informed
    
    ch_silence_timeout = system-informed
    
    sh_silence_timeout = system-informed
    

2013-07-03-10-17-03.418919-COT  DM-5       : DEBUG      
    DDDState
    
    Requested slots:
    {}
    Confirmed slots:
    {}
    Non-informed slots:
    {u'silence_time': 6.005}

2013-07-03-10-17-03.420362-COT  DM-5       : DEBUG      
    DM Output
    ------------------------------------------------------------
    silence()
    

2013-07-03-10-17-03.454107-COT  MainProcess : INFO       
    #11445  Time: 2013-07-03-10-17-03.451235-COT From: DM         To: HUB        Command: dm_da_generated() 

2013-07-03-10-17-03.457230-COT  NLG-6      : DEBUG      
    NLG Output
    ------------------------------------------------------------
    DM sent 'silence()' therefore generating nothing
    

2013-07-03-10-17-03.479418-COT  MainProcess : INFO       
    #11451  Time: 2013-07-03-10-17-03.474417-COT From: NLG        To: HUB        Command: nlg_text_generated() 

2013-07-03-10-17-06.411140-COT  DM-5       : DEBUG      
    #11635  Time: 2013-07-03-10-17-06.408980-COT From: HUB        To: DM         Command: timeout(silence_time="9.005") 

2013-07-03-10-17-06.413122-COT  DM-5       : DEBUG      
    DDDState Dialogue Act in: silence(time="9.005")

2013-07-03-10-17-06.413824-COT  DM-5       : DEBUG      
    Context Resolution - Dialogue Act: silence(time="9.005")

2013-07-03-10-17-06.415950-COT  DM-5       : DEBUG      
    DDDState - Dialogue state content:
    
    ludait = silence
    silence_time = 9.005
    
    rh_silence_timeout = system-informed
    
    ch_silence_timeout = system-informed
    
    sh_silence_timeout = system-informed
    

2013-07-03-10-17-06.417460-COT  DM-5       : DEBUG      
    DDDState
    
    Requested slots:
    {}
    Confirmed slots:
    {}
    Non-informed slots:
    {u'silence_time': 9.005}

2013-07-03-10-17-06.418493-COT  DM-5       : DEBUG      
    DM Output
    ------------------------------------------------------------
    silence()
    

2013-07-03-10-17-06.465896-COT  NLG-6      : DEBUG      
    NLG Output
    ------------------------------------------------------------
    DM sent 'silence()' therefore generating nothing
    

2013-07-03-10-17-06.466645-COT  MainProcess : INFO       
    #11637  Time: 2013-07-03-10-17-06.463623-COT From: DM         To: HUB        Command: dm_da_generated() 

2013-07-03-10-17-06.499784-COT  MainProcess : INFO       
    #11643  Time: 2013-07-03-10-17-06.496561-COT From: NLG        To: HUB        Command: nlg_text_generated() 

2013-07-03-10-17-08.128383-COT  MainProcess : INFO       
    #11745  Time: 2013-07-03-10-17-08.125029-COT From: VAD        To: HUB        Command: speech_start(fname="vad-2013-07-03-10-17-08.091261.wav") 

2013-07-03-10-17-08.130344-COT  ASR-3      : DEBUG      
    ASR: speech_start()

2013-07-03-10-17-08.134045-COT  MainProcess : INFO       
    #11746  Time: 2013-07-03-10-17-08.125581-COT From: ASR        To: HUB        Command: asr_start() 

2013-07-03-10-17-10.157148-COT  ASR-3      : DEBUG      
    ASR: speech_end()

2013-07-03-10-17-10.158278-COT  MainProcess : INFO       
    #11876  Time: 2013-07-03-10-17-10.154416-COT From: VAD        To: HUB        Command: speech_end(fname="vad-2013-07-03-10-17-08.091261.wav") 

2013-07-03-10-17-11.144319-COT  ASR-3      : DEBUG      
    ASR Hypothesis
    ------------------------------------------------------------
    0.933 dobrý den
    0.019 dobrý den s
    0.016 dobrý den d
    0.013 dobrý den i
    0.010 dobrý den se
    0.006 dobrý den jak se
    0.003 dobrý den já se
    0.000 __other__
    

2013-07-03-10-17-11.169269-COT  MainProcess : INFO       
    #11941  Time: 2013-07-03-10-17-11.167371-COT From: ASR        To: HUB        Command: asr_end() 

2013-07-03-10-17-11.954626-COT  SLU-4      : DEBUG      
    SLU Hypothesis
    ------------------------------------------------------------
    1.000 hello()
    

2013-07-03-10-17-11.989665-COT  MainProcess : INFO       
    #11994  Time: 2013-07-03-10-17-11.986359-COT From: SLU        To: HUB        Command: slu_parsed() 

2013-07-03-10-17-11.990857-COT  DM-5       : DEBUG      
    DDDState Dialogue Act in: hello()

2013-07-03-10-17-11.991728-COT  DM-5       : DEBUG      
    Context Resolution - Dialogue Act: hello()

2013-07-03-10-17-11.993357-COT  DM-5       : DEBUG      
    DDDState - Dialogue state content:
    
    ludait = hello
    silence_time = 9.005
    
    rh_silence_timeout = system-informed
    
    ch_silence_timeout = system-informed
    
    sh_silence_timeout = system-informed
    

2013-07-03-10-17-11.995083-COT  DM-5       : DEBUG      
    DDDState
    
    Requested slots:
    {}
    Confirmed slots:
    {}
    Non-informed slots:
    {u'silence_time': 9.005}

2013-07-03-10-17-11.996470-COT  DM-5       : DEBUG      
    DM Output
    ------------------------------------------------------------
    request(from_stop)
    

2013-07-03-10-17-12.040952-COT  NLG-6      : DEBUG      
    NLG Output
    ------------------------------------------------------------
    Z jaké zastávky chcete jet?
    

2013-07-03-10-17-12.042860-COT  MainProcess : INFO       
    #11998  Time: 2013-07-03-10-17-12.036786-COT From: DM         To: HUB        Command: dm_da_generated() 

2013-07-03-10-17-12.068817-COT  MainProcess : INFO       
    #12003  Time: 2013-07-03-10-17-12.066105-COT From: NLG        To: HUB        Command: nlg_text_generated() 

2013-07-03-10-17-12.069392-COT  MainProcess : INFO       
    #12005  Time: 2013-07-03-10-17-12.067483-COT From: TTS        To: HUB        Command: tts_start(user_id="None",text="Z jaké zastávky chcete jet?") 

2013-07-03-10-17-12.118345-COT  MainProcess : INFO       
    #12007  Time: 2013-07-03-10-17-12.069506-COT From: VoipIO     To: HUB        Command: play_utterance_start(user_id="None",fname="tts-2013-07-03-10-17-12.067292.wav") 

2013-07-03-10-17-12.119068-COT  MainProcess : INFO       
    #12161  Time: 2013-07-03-10-17-12.114606-COT From: TTS        To: HUB        Command: tts_end(user_id="None",text="Z jaké zastávky chcete jet?",fname="tts-2013-07-03-10-17-12.067292.wav",log="true") 

2013-07-03-10-17-14.549013-COT  MainProcess : INFO       
    #12297  Time: 2013-07-03-10-17-14.238878-COT From: VoipIO     To: HUB        Command: play_utterance_end(user_id="None",fname="tts-2013-07-03-10-17-12.067292.wav) 

2013-07-03-10-17-17.552888-COT  DM-5       : DEBUG      
    #12505  Time: 2013-07-03-10-17-17.551289-COT From: HUB        To: DM         Command: timeout(silence_time="3.002") 

2013-07-03-10-17-17.554644-COT  DM-5       : DEBUG      
    DDDState Dialogue Act in: silence(time="3.002")

2013-07-03-10-17-17.556323-COT  DM-5       : DEBUG      
    Context Resolution - Dialogue Act: silence(time="3.002")

2013-07-03-10-17-17.562512-COT  DM-5       : DEBUG      
    DDDState - Dialogue state content:
    
    ludait = silence
    alternative = none
    from_centre = none
    from_stop = none
    silence_time = 3.002
    time = none
    to_centre = none
    to_stop = none
    
    rh_silence_timeout = system-informed
    
    ch_silence_timeout = system-informed
    
    sh_silence_timeout = system-informed
    

2013-07-03-10-17-17.565929-COT  DM-5       : DEBUG      
    DDDState
    
    Requested slots:
    {}
    Confirmed slots:
    {}
    Non-informed slots:
    {u'silence_time': 3.002}

2013-07-03-10-17-17.567441-COT  DM-5       : DEBUG      
    DM Output
    ------------------------------------------------------------
    silence()
    

2013-07-03-10-17-17.615313-COT  MainProcess : INFO       
    #12510  Time: 2013-07-03-10-17-17.613524-COT From: DM         To: HUB        Command: dm_da_generated() 

2013-07-03-10-17-17.616938-COT  NLG-6      : DEBUG      
    NLG Output
    ------------------------------------------------------------
    DM sent 'silence()' therefore generating nothing
    

2013-07-03-10-17-17.638254-COT  MainProcess : INFO       
    #12513  Time: 2013-07-03-10-17-17.635055-COT From: NLG        To: HUB        Command: nlg_text_generated() 

2013-07-03-10-17-20.556001-COT  DM-5       : DEBUG      
    #12696  Time: 2013-07-03-10-17-20.552328-COT From: HUB        To: DM         Command: timeout(silence_time="6.003") 

2013-07-03-10-17-20.557378-COT  DM-5       : DEBUG      
    DDDState Dialogue Act in: silence(time="6.003")

2013-07-03-10-17-20.558565-COT  DM-5       : DEBUG      
    Context Resolution - Dialogue Act: silence(time="6.003")

2013-07-03-10-17-20.564233-COT  DM-5       : DEBUG      
    DDDState - Dialogue state content:
    
    ludait = silence
    alternative = none
    from_centre = none
    from_stop = none
    silence_time = 6.003
    time = none
    to_centre = none
    to_stop = none
    
    rh_silence_timeout = system-informed
    
    ch_silence_timeout = system-informed
    
    sh_silence_timeout = system-informed
    

2013-07-03-10-17-20.566011-COT  DM-5       : DEBUG      
    DDDState
    
    Requested slots:
    {}
    Confirmed slots:
    {}
    Non-informed slots:
    {u'silence_time': 6.003}

2013-07-03-10-17-20.567791-COT  DM-5       : DEBUG      
    DM Output
    ------------------------------------------------------------
    silence()
    

2013-07-03-10-17-20.615750-COT  MainProcess : INFO       
    #12699  Time: 2013-07-03-10-17-20.613637-COT From: DM         To: HUB        Command: dm_da_generated() 

2013-07-03-10-17-20.617470-COT  NLG-6      : DEBUG      
    NLG Output
    ------------------------------------------------------------
    DM sent 'silence()' therefore generating nothing
    

2013-07-03-10-17-20.650054-COT  MainProcess : INFO       
    #12705  Time: 2013-07-03-10-17-20.647033-COT From: NLG        To: HUB        Command: nlg_text_generated() 

2013-07-03-10-17-21.247685-COT  MainProcess : INFO       
    #12743  Time: 2013-07-03-10-17-21.245853-COT From: VAD        To: HUB        Command: speech_start(fname="vad-2013-07-03-10-17-21.206295.wav") 

2013-07-03-10-17-21.249378-COT  ASR-3      : DEBUG      
    ASR: speech_start()

2013-07-03-10-17-21.254662-COT  MainProcess : INFO       
    #12744  Time: 2013-07-03-10-17-21.246650-COT From: ASR        To: HUB        Command: asr_start() 

2013-07-03-10-17-26.092517-COT  ASR-3      : DEBUG      
    ASR: speech_end()

2013-07-03-10-17-26.095990-COT  MainProcess : INFO       
    #13050  Time: 2013-07-03-10-17-26.090057-COT From: VAD        To: HUB        Command: speech_end(fname="vad-2013-07-03-10-17-21.206295.wav") 

2013-07-03-10-17-28.099119-COT  ASR-3      : DEBUG      
    ASR Hypothesis
    ------------------------------------------------------------
    0.550 začala
    0.180 začala hbo
    0.135 za dělat
    0.090 za těla
    0.045 za děláš
    0.000 __other__
    

2013-07-03-10-17-28.138572-COT  MainProcess : INFO       
    #13179  Time: 2013-07-03-10-17-28.132197-COT From: ASR        To: HUB        Command: asr_end() 

2013-07-03-10-17-28.188436-COT  MainProcess : INFO       
    #13186  Time: 2013-07-03-10-17-28.187387-COT From: VAD        To: HUB        Command: speech_start(fname="vad-2013-07-03-10-17-28.133647.wav") 

2013-07-03-10-17-28.191499-COT  ASR-3      : DEBUG      
    ASR: speech_start()

2013-07-03-10-17-28.195596-COT  MainProcess : INFO       
    #13187  Time: 2013-07-03-10-17-28.190372-COT From: ASR        To: HUB        Command: asr_start() 

2013-07-03-10-17-28.477542-COT  SLU-4      : DEBUG      
    SLU Hypothesis
    ------------------------------------------------------------
    1.000 other()
    

2013-07-03-10-17-28.519676-COT  MainProcess : INFO       
    #13208  Time: 2013-07-03-10-17-28.517286-COT From: SLU        To: HUB        Command: slu_parsed() 

2013-07-03-10-17-28.521820-COT  DM-5       : DEBUG      
    DDDState Dialogue Act in: other()

2013-07-03-10-17-28.522650-COT  DM-5       : DEBUG      
    Context Resolution - Dialogue Act: other()

2013-07-03-10-17-28.525756-COT  DM-5       : DEBUG      
    DDDState - Dialogue state content:
    
    ludait = other
    alternative = none
    from_centre = none
    from_stop = none
    silence_time = 6.003
    time = none
    to_centre = none
    to_stop = none
    
    rh_silence_timeout = system-informed
    
    ch_silence_timeout = system-informed
    
    sh_silence_timeout = system-informed
    

2013-07-03-10-17-28.527255-COT  DM-5       : DEBUG      
    DDDState
    
    Requested slots:
    {}
    Confirmed slots:
    {}
    Non-informed slots:
    {u'silence_time': 6.003}

2013-07-03-10-17-28.530595-COT  DM-5       : DEBUG      
    DM Output
    ------------------------------------------------------------
    notunderstood()&help(inform="from_stop")
    

2013-07-03-10-17-28.602921-COT  NLG-6      : DEBUG      
    NLG Output
    ------------------------------------------------------------
    Nerozuměla jsem. Můžete například říct chtěl bych jet ze zastávky poliklinika Barrandov.
    

2013-07-03-10-17-28.607895-COT  MainProcess : INFO       
    #13214  Time: 2013-07-03-10-17-28.579094-COT From: DM         To: HUB        Command: dm_da_generated() 

2013-07-03-10-17-28.637857-COT  MainProcess : INFO       
    #13220  Time: 2013-07-03-10-17-28.636712-COT From: NLG        To: HUB        Command: nlg_text_generated() 

2013-07-03-10-17-28.645772-COT  MainProcess : INFO       
    #13222  Time: 2013-07-03-10-17-28.637083-COT From: TTS        To: HUB        Command: tts_start(user_id="None",text="Nerozuměla jsem. Můžete například říct chtěl bych jet ze zastávky poliklinika Barrandov.") 

2013-07-03-10-17-28.698794-COT  MainProcess : INFO       
    #13224  Time: 2013-07-03-10-17-28.639895-COT From: VoipIO     To: HUB        Command: play_utterance_start(user_id="None",fname="tts-2013-07-03-10-17-28.636904.wav") 

2013-07-03-10-17-29.295588-COT  ASR-3      : DEBUG      
    ASR: speech_end()

2013-07-03-10-17-29.297037-COT  MainProcess : INFO       
    #13365  Time: 2013-07-03-10-17-29.293217-COT From: VAD        To: HUB        Command: speech_end(fname="vad-2013-07-03-10-17-28.133647.wav") 

2013-07-03-10-17-30.654498-COT  ASR-3      : DEBUG      
    ASR Hypothesis
    ------------------------------------------------------------
    0.858 za anděla
    0.047 za anděla i
    0.038 záviděla
    0.028 za anděl
    0.019 zadělat i
    0.009 za anděla a i
    0.000 __other__
    

2013-07-03-10-17-30.721664-COT  MainProcess : INFO       
    #13454  Time: 2013-07-03-10-17-30.717383-COT From: ASR        To: HUB        Command: asr_end() 

2013-07-03-10-17-31.030094-COT  SLU-4      : DEBUG      
    SLU Hypothesis
    ------------------------------------------------------------
    0.943 inform(from_stop="Anděl")
    0.057 other()
    

2013-07-03-10-17-31.051873-COT  MainProcess : INFO       
    #13478  Time: 2013-07-03-10-17-31.050459-COT From: SLU        To: HUB        Command: slu_parsed() 

2013-07-03-10-17-31.052673-COT  DM-5       : DEBUG      
    DDDState Dialogue Act in: inform(from_stop="Anděl")

2013-07-03-10-17-31.053371-COT  DM-5       : DEBUG      
    Context Resolution - Dialogue Act: inform(from_stop="Anděl")

2013-07-03-10-17-31.055619-COT  DM-5       : DEBUG      
    DDDState - Dialogue state content:
    
    ludait = none
    alternative = none
    from_centre = none
    from_stop = Anděl
    route_alternative = none
    silence_time = 6.003
    time = none
    to_centre = none
    to_stop = none
    
    rh_silence_timeout = system-informed
    
    ch_silence_timeout = system-informed
    
    sh_silence_timeout = system-informed
    

2013-07-03-10-17-31.058618-COT  DM-5       : DEBUG      
    DDDState
    
    Requested slots:
    {}
    Confirmed slots:
    {}
    Non-informed slots:
    {u'silence_time': 6.003, u'from_stop': u'And\u011bl'}

2013-07-03-10-17-31.062264-COT  DM-5       : DEBUG      
    DM Output
    ------------------------------------------------------------
    iconfirm(from_stop="Anděl")&confirm(to_centre="true")
    

2013-07-03-10-17-31.115912-COT  MainProcess : INFO       
    #13484  Time: 2013-07-03-10-17-31.112434-COT From: DM         To: HUB        Command: dm_da_generated() 

2013-07-03-10-17-31.117347-COT  NLG-6      : DEBUG      
    NLG Output
    ------------------------------------------------------------
    Ze zastávky Anděl. Jedete do centra?
    

2013-07-03-10-17-31.154116-COT  MainProcess : INFO       
    #13488  Time: 2013-07-03-10-17-31.151725-COT From: NLG        To: HUB        Command: nlg_text_generated() 

2013-07-03-10-17-31.937837-COT  MainProcess : INFO       
    #13539  Time: 2013-07-03-10-17-31.934765-COT From: VAD        To: HUB        Command: speech_start(fname="vad-2013-07-03-10-17-31.890235.wav") 

2013-07-03-10-17-31.939407-COT  ASR-3      : DEBUG      
    ASR: speech_start()

2013-07-03-10-17-31.978288-COT  NLG-6      : DEBUG      
    #13545  Time: 2013-07-03-10-17-31.977176-COT From: HUB        To: NLG        Command: flush() 

2013-07-03-10-17-31.979443-COT  MainProcess : INFO       
    #13540  Time: 2013-07-03-10-17-31.936476-COT From: ASR        To: HUB        Command: asr_start() 

2013-07-03-10-17-31.981239-COT  MainProcess : INFO       
    #13546  Time: 2013-07-03-10-17-31.978450-COT From: NLG        To: HUB        Command: flushed() 

2013-07-03-10-17-32.555813-COT  ASR-3      : DEBUG      
    ASR: speech_end()

2013-07-03-10-17-32.556795-COT  MainProcess : INFO       
    #13585  Time: 2013-07-03-10-17-32.554593-COT From: VAD        To: HUB        Command: speech_end(fname="vad-2013-07-03-10-17-31.890235.wav") 

2013-07-03-10-17-33.067643-COT  ASR-3      : DEBUG      
    ASR Hypothesis
    ------------------------------------------------------------
    1.000 __silence__
    0.000 __other__
    

2013-07-03-10-17-33.097458-COT  SLU-4      : DEBUG      
    SLU Hypothesis
    ------------------------------------------------------------
    1.000 silence()
    

2013-07-03-10-17-33.101287-COT  MainProcess : INFO       
    #13619  Time: 2013-07-03-10-17-33.096072-COT From: ASR        To: HUB        Command: asr_end() 

2013-07-03-10-17-33.138616-COT  DM-5       : DEBUG      
    DDDState Dialogue Act in: silence()

2013-07-03-10-17-33.139345-COT  DM-5       : DEBUG      
    Context Resolution - Dialogue Act: silence()

2013-07-03-10-17-33.140810-COT  DM-5       : DEBUG      
    DDDState - Dialogue state content:
    
    ludait = silence
    alternative = none
    from_centre = none
    from_stop = Anděl
    route_alternative = none
    silence_time = 0.0
    time = none
    to_centre = none
    to_stop = none
    
    rh_from_stop = system-informed
    rh_silence_timeout = system-informed
    
    ch_from_stop = system-informed
    ch_silence_timeout = system-informed
    
    sh_from_stop = system-informed
    sh_silence_timeout = system-informed
    

2013-07-03-10-17-33.141869-COT  DM-5       : DEBUG      
    DDDState
    
    Requested slots:
    {}
    Confirmed slots:
    {}
    Non-informed slots:
    {u'silence_time': 0.0}

2013-07-03-10-17-33.142541-COT  MainProcess : INFO       
    #13624  Time: 2013-07-03-10-17-33.136095-COT From: SLU        To: HUB        Command: slu_parsed() 

2013-07-03-10-17-33.143724-COT  DM-5       : DEBUG      
    DM Output
    ------------------------------------------------------------
    silence()
    

2013-07-03-10-17-33.192520-COT  MainProcess : INFO       
    #13630  Time: 2013-07-03-10-17-33.189044-COT From: DM         To: HUB        Command: dm_da_generated() 

2013-07-03-10-17-33.193623-COT  NLG-6      : DEBUG      
    NLG Output
    ------------------------------------------------------------
    DM sent 'silence()' therefore generating nothing
    

2013-07-03-10-17-33.223803-COT  MainProcess : INFO       
    #13633  Time: 2013-07-03-10-17-33.219033-COT From: NLG        To: HUB        Command: nlg_text_generated() 

2013-07-03-10-17-35.561392-COT  DM-5       : DEBUG      
    #13781  Time: 2013-07-03-10-17-35.557088-COT From: HUB        To: DM         Command: timeout(silence_time="3.000") 

2013-07-03-10-17-35.561907-COT  DM-5       : DEBUG      
    DDDState Dialogue Act in: silence(time="3.000")

2013-07-03-10-17-35.562704-COT  DM-5       : DEBUG      
    Context Resolution - Dialogue Act: silence(time="3.000")

2013-07-03-10-17-35.564606-COT  DM-5       : DEBUG      
    DDDState - Dialogue state content:
    
    ludait = silence
    alternative = none
    from_centre = none
    from_stop = Anděl
    route_alternative = none
    silence_time = 3.0
    time = none
    to_centre = none
    to_stop = none
    
    rh_from_stop = system-informed
    rh_silence_timeout = system-informed
    
    ch_from_stop = system-informed
    ch_silence_timeout = system-informed
    
    sh_from_stop = system-informed
    sh_silence_timeout = system-informed
    

2013-07-03-10-17-35.566495-COT  DM-5       : DEBUG      
    DDDState
    
    Requested slots:
    {}
    Confirmed slots:
    {}
    Non-informed slots:
    {u'silence_time': 3.0}

2013-07-03-10-17-35.567349-COT  DM-5       : DEBUG      
    DM Output
    ------------------------------------------------------------
    silence()
    

2013-07-03-10-17-35.617354-COT  NLG-6      : DEBUG      
    NLG Output
    ------------------------------------------------------------
    DM sent 'silence()' therefore generating nothing
    

2013-07-03-10-17-35.618974-COT  MainProcess : INFO       
    #13786  Time: 2013-07-03-10-17-35.615718-COT From: DM         To: HUB        Command: dm_da_generated() 

2013-07-03-10-17-35.644002-COT  MainProcess : INFO       
    #13788  Time: 2013-07-03-10-17-35.640884-COT From: NLG        To: HUB        Command: nlg_text_generated() 

2013-07-03-10-17-35.718776-COT  MainProcess : INFO       
    #14107  Time: 2013-07-03-10-17-35.716535-COT From: TTS        To: HUB        Command: tts_end(user_id="None",text="Nerozuměla jsem. Můžete například říct chtěl bych jet ze zastávky poliklinika Barrandov.",fname="tts-2013-07-03-10-17-28.636904.wav",log="true") 

2013-07-03-10-17-35.733228-COT  TTS-7      : DEBUG      
    #13547  Time: 2013-07-03-10-17-31.981393-COT From: HUB        To: TTS        Command: flush() 

2013-07-03-10-17-35.737619-COT  MainProcess : INFO       
    #14111  Time: 2013-07-03-10-17-35.733451-COT From: TTS        To: HUB        Command: flushed() 

2013-07-03-10-17-35.739471-COT  VoipIO-1   : DEBUG      
    #14112  Time: 2013-07-03-10-17-35.737838-COT From: HUB        To: VIO        Command: flush_out() 

2013-07-03-10-17-35.746048-COT  MainProcess : INFO       
    #14113  Time: 2013-07-03-10-17-35.742261-COT From: VoipIO     To: HUB        Command: flushed_out() 

2013-07-03-10-17-36.942232-COT  MainProcess : INFO       
    #14190  Time: 2013-07-03-10-17-36.938503-COT From: VAD        To: HUB        Command: speech_start(fname="vad-2013-07-03-10-17-36.891538.wav") 

2013-07-03-10-17-36.944395-COT  ASR-3      : DEBUG      
    ASR: speech_start()

2013-07-03-10-17-36.948172-COT  MainProcess : INFO       
    #14191  Time: 2013-07-03-10-17-36.940018-COT From: ASR        To: HUB        Command: asr_start() 

2013-07-03-10-17-37.746419-COT  ASR-3      : DEBUG      
    ASR: speech_end()

2013-07-03-10-17-37.748358-COT  MainProcess : INFO       
    #14242  Time: 2013-07-03-10-17-37.744897-COT From: VAD        To: HUB        Command: speech_end(fname="vad-2013-07-03-10-17-36.891538.wav") 

2013-07-03-10-17-38.446170-COT  ASR-3      : DEBUG      
    ASR Hypothesis
    ------------------------------------------------------------
    1.000 __silence__
    0.000 __other__
    

2013-07-03-10-17-38.484800-COT  SLU-4      : DEBUG      
    SLU Hypothesis
    ------------------------------------------------------------
    1.000 silence()
    

2013-07-03-10-17-38.486445-COT  MainProcess : INFO       
    #14290  Time: 2013-07-03-10-17-38.479485-COT From: ASR        To: HUB        Command: asr_end() 

2013-07-03-10-17-38.511452-COT  MainProcess : INFO       
    #14293  Time: 2013-07-03-10-17-38.509587-COT From: SLU        To: HUB        Command: slu_parsed() 

2013-07-03-10-17-38.512844-COT  DM-5       : DEBUG      
    DDDState Dialogue Act in: silence()

2013-07-03-10-17-38.513691-COT  DM-5       : DEBUG      
    Context Resolution - Dialogue Act: silence()

2013-07-03-10-17-38.516624-COT  DM-5       : DEBUG      
    DDDState - Dialogue state content:
    
    ludait = silence
    alternative = none
    from_centre = none
    from_stop = Anděl
    route_alternative = none
    silence_time = 0.0
    time = none
    to_centre = none
    to_stop = none
    
    rh_from_stop = system-informed
    rh_silence_timeout = system-informed
    
    ch_from_stop = system-informed
    ch_silence_timeout = system-informed
    
    sh_from_stop = system-informed
    sh_silence_timeout = system-informed
    

2013-07-03-10-17-38.517755-COT  DM-5       : DEBUG      
    DDDState
    
    Requested slots:
    {}
    Confirmed slots:
    {}
    Non-informed slots:
    {u'silence_time': 0.0}

2013-07-03-10-17-38.518563-COT  DM-5       : DEBUG      
    DM Output
    ------------------------------------------------------------
    silence()
    

2013-07-03-10-17-38.586753-COT  NLG-6      : DEBUG      
    NLG Output
    ------------------------------------------------------------
    DM sent 'silence()' therefore generating nothing
    

2013-07-03-10-17-38.588515-COT  MainProcess : INFO       
    #14299  Time: 2013-07-03-10-17-38.585298-COT From: DM         To: HUB        Command: dm_da_generated() 

2013-07-03-10-17-38.630816-COT  MainProcess : INFO       
    #14305  Time: 2013-07-03-10-17-38.628002-COT From: NLG        To: HUB        Command: nlg_text_generated() 

2013-07-03-10-17-40.754080-COT  DM-5       : DEBUG      
    #14438  Time: 2013-07-03-10-17-40.750557-COT From: HUB        To: DM         Command: timeout(silence_time="3.002") 

2013-07-03-10-17-40.754845-COT  DM-5       : DEBUG      
    DDDState Dialogue Act in: silence(time="3.002")

2013-07-03-10-17-40.755654-COT  DM-5       : DEBUG      
    Context Resolution - Dialogue Act: silence(time="3.002")

2013-07-03-10-17-40.757795-COT  DM-5       : DEBUG      
    DDDState - Dialogue state content:
    
    ludait = silence
    alternative = none
    from_centre = none
    from_stop = Anděl
    route_alternative = none
    silence_time = 3.002
    time = none
    to_centre = none
    to_stop = none
    
    rh_from_stop = system-informed
    rh_silence_timeout = system-informed
    
    ch_from_stop = system-informed
    ch_silence_timeout = system-informed
    
    sh_from_stop = system-informed
    sh_silence_timeout = system-informed
    

2013-07-03-10-17-40.759119-COT  DM-5       : DEBUG      
    DDDState
    
    Requested slots:
    {}
    Confirmed slots:
    {}
    Non-informed slots:
    {u'silence_time': 3.002}

2013-07-03-10-17-40.761357-COT  DM-5       : DEBUG      
    DM Output
    ------------------------------------------------------------
    silence()
    

2013-07-03-10-17-40.824717-COT  MainProcess : INFO       
    #14443  Time: 2013-07-03-10-17-40.822636-COT From: DM         To: HUB        Command: dm_da_generated() 

2013-07-03-10-17-40.825979-COT  NLG-6      : DEBUG      
    NLG Output
    ------------------------------------------------------------
    DM sent 'silence()' therefore generating nothing
    

2013-07-03-10-17-40.857239-COT  MainProcess : INFO       
    #14448  Time: 2013-07-03-10-17-40.849713-COT From: NLG        To: HUB        Command: nlg_text_generated() 

2013-07-03-10-17-43.754854-COT  DM-5       : DEBUG      
    #14630  Time: 2013-07-03-10-17-43.752050-COT From: HUB        To: DM         Command: timeout(silence_time="6.003") 

2013-07-03-10-17-43.755577-COT  DM-5       : DEBUG      
    DDDState Dialogue Act in: silence(time="6.003")

2013-07-03-10-17-43.755989-COT  DM-5       : DEBUG      
    Context Resolution - Dialogue Act: silence(time="6.003")

2013-07-03-10-17-43.756614-COT  DM-5       : DEBUG      
    DDDState - Dialogue state content:
    
    ludait = silence
    alternative = none
    from_centre = none
    from_stop = Anděl
    route_alternative = none
    silence_time = 6.003
    time = none
    to_centre = none
    to_stop = none
    
    rh_from_stop = system-informed
    rh_silence_timeout = system-informed
    
    ch_from_stop = system-informed
    ch_silence_timeout = system-informed
    
    sh_from_stop = system-informed
    sh_silence_timeout = system-informed
    

2013-07-03-10-17-43.757228-COT  DM-5       : DEBUG      
    DDDState
    
    Requested slots:
    {}
    Confirmed slots:
    {}
    Non-informed slots:
    {u'silence_time': 6.003}

2013-07-03-10-17-43.757722-COT  DM-5       : DEBUG      
    DM Output
    ------------------------------------------------------------
    silence()
    

2013-07-03-10-17-43.826604-COT  MainProcess : INFO       
    #14635  Time: 2013-07-03-10-17-43.824890-COT From: DM         To: HUB        Command: dm_da_generated() 

2013-07-03-10-17-43.827511-COT  NLG-6      : DEBUG      
    NLG Output
    ------------------------------------------------------------
    DM sent 'silence()' therefore generating nothing
    

2013-07-03-10-17-43.861512-COT  MainProcess : INFO       
    #14640  Time: 2013-07-03-10-17-43.858384-COT From: NLG        To: HUB        Command: nlg_text_generated() 

2013-07-03-10-17-46.757367-COT  DM-5       : DEBUG      
    #14822  Time: 2013-07-03-10-17-46.753781-COT From: HUB        To: DM         Command: timeout(silence_time="9.005") 

2013-07-03-10-17-46.757955-COT  DM-5       : DEBUG      
    DDDState Dialogue Act in: silence(time="9.005")

2013-07-03-10-17-46.758432-COT  DM-5       : DEBUG      
    Context Resolution - Dialogue Act: silence(time="9.005")

2013-07-03-10-17-46.759589-COT  DM-5       : DEBUG      
    DDDState - Dialogue state content:
    
    ludait = silence
    alternative = none
    from_centre = none
    from_stop = Anděl
    route_alternative = none
    silence_time = 9.005
    time = none
    to_centre = none
    to_stop = none
    
    rh_from_stop = system-informed
    rh_silence_timeout = system-informed
    
    ch_from_stop = system-informed
    ch_silence_timeout = system-informed
    
    sh_from_stop = system-informed
    sh_silence_timeout = system-informed
    

2013-07-03-10-17-46.760490-COT  DM-5       : DEBUG      
    DDDState
    
    Requested slots:
    {}
    Confirmed slots:
    {}
    Non-informed slots:
    {u'silence_time': 9.005}

2013-07-03-10-17-46.761364-COT  DM-5       : DEBUG      
    DM Output
    ------------------------------------------------------------
    silence()
    

2013-07-03-10-17-46.874882-COT  MainProcess : INFO       
    #14831  Time: 2013-07-03-10-17-46.873759-COT From: DM         To: HUB        Command: dm_da_generated() 

2013-07-03-10-17-46.877582-COT  NLG-6      : DEBUG      
    NLG Output
    ------------------------------------------------------------
    DM sent 'silence()' therefore generating nothing
    

2013-07-03-10-17-46.916069-COT  MainProcess : INFO       
    #14833  Time: 2013-07-03-10-17-46.908068-COT From: NLG        To: HUB        Command: nlg_text_generated() 

2013-07-03-10-17-49.758925-COT  DM-5       : DEBUG      
    #15014  Time: 2013-07-03-10-17-49.755414-COT From: HUB        To: DM         Command: timeout(silence_time="12.007") 

2013-07-03-10-17-49.761549-COT  DM-5       : DEBUG      
    DDDState Dialogue Act in: silence(time="12.007")

2013-07-03-10-17-49.762562-COT  DM-5       : DEBUG      
    Context Resolution - Dialogue Act: silence(time="12.007")

2013-07-03-10-17-49.765278-COT  DM-5       : DEBUG      
    DDDState - Dialogue state content:
    
    ludait = silence
    alternative = none
    from_centre = none
    from_stop = Anděl
    route_alternative = none
    silence_time = 12.007
    time = none
    to_centre = none
    to_stop = none
    
    rh_from_stop = system-informed
    rh_silence_timeout = system-informed
    
    ch_from_stop = system-informed
    ch_silence_timeout = system-informed
    
    sh_from_stop = system-informed
    sh_silence_timeout = system-informed
    

2013-07-03-10-17-49.766318-COT  DM-5       : DEBUG      
    DDDState
    
    Requested slots:
    {}
    Confirmed slots:
    {}
    Non-informed slots:
    {u'silence_time': 12.007}

2013-07-03-10-17-49.767411-COT  DM-5       : DEBUG      
    DM Output
    ------------------------------------------------------------
    inform(silence_timeout="true")
    

2013-07-03-10-17-49.833789-COT  MainProcess : INFO       
    #15019  Time: 2013-07-03-10-17-49.830708-COT From: DM         To: HUB        Command: dm_da_generated() 

2013-07-03-10-17-49.834357-COT  NLG-6      : DEBUG      
    NLG Output
    ------------------------------------------------------------
    Haló, slyšíme se?
    

2013-07-03-10-17-49.866213-COT  MainProcess : INFO       
    #15023  Time: 2013-07-03-10-17-49.863267-COT From: NLG        To: HUB        Command: nlg_text_generated() 

2013-07-03-10-17-49.867085-COT  MainProcess : INFO       
    #15025  Time: 2013-07-03-10-17-49.865052-COT From: TTS        To: HUB        Command: tts_start(user_id="None",text="Haló, slyšíme se?") 

2013-07-03-10-17-49.886436-COT  MainProcess : INFO       
    #15142  Time: 2013-07-03-10-17-49.885388-COT From: TTS        To: HUB        Command: tts_end(user_id="None",text="Haló, slyšíme se?",fname="tts-2013-07-03-10-17-49.864997.wav",log="true") 

2013-07-03-10-17-49.924980-COT  MainProcess : INFO       
    #15027  Time: 2013-07-03-10-17-49.867508-COT From: VoipIO     To: HUB        Command: play_utterance_start(user_id="None",fname="tts-2013-07-03-10-17-49.864997.wav") 

2013-07-03-10-17-51.666814-COT  MainProcess : INFO       
    #15217  Time: 2013-07-03-10-17-51.032340-COT From: VoipIO     To: HUB        Command: play_utterance_end(user_id="None",fname="tts-2013-07-03-10-17-49.864997.wav) 

2013-07-03-10-17-54.672053-COT  DM-5       : DEBUG      
    #15445  Time: 2013-07-03-10-17-54.668965-COT From: HUB        To: DM         Command: timeout(silence_time="3.002") 

2013-07-03-10-17-54.672924-COT  DM-5       : DEBUG      
    DDDState Dialogue Act in: silence(time="3.002")

2013-07-03-10-17-54.674214-COT  DM-5       : DEBUG      
    Context Resolution - Dialogue Act: silence(time="3.002")

2013-07-03-10-17-54.677739-COT  DM-5       : DEBUG      
    DDDState - Dialogue state content:
    
    ludait = silence
    alternative = none
    from_centre = none
    from_stop = Anděl
    route_alternative = none
    silence_time = 3.002
    time = none
    to_centre = none
    to_stop = none
    
    rh_from_stop = system-informed
    rh_silence_timeout = system-informed
    
    ch_from_stop = system-informed
    ch_silence_timeout = system-informed
    
    sh_from_stop = system-informed
    sh_silence_timeout = system-informed
    

2013-07-03-10-17-54.682654-COT  DM-5       : DEBUG      
    DDDState
    
    Requested slots:
    {}
    Confirmed slots:
    {}
    Non-informed slots:
    {u'silence_time': 3.002}

2013-07-03-10-17-54.684194-COT  DM-5       : DEBUG      
    DM Output
    ------------------------------------------------------------
    silence()
    

2013-07-03-10-17-54.753433-COT  NLG-6      : DEBUG      
    NLG Output
    ------------------------------------------------------------
    DM sent 'silence()' therefore generating nothing
    

2013-07-03-10-17-54.755090-COT  MainProcess : INFO       
    #15451  Time: 2013-07-03-10-17-54.751278-COT From: DM         To: HUB        Command: dm_da_generated() 

2013-07-03-10-17-54.838352-COT  MainProcess : INFO       
    #15457  Time: 2013-07-03-10-17-54.830278-COT From: NLG        To: HUB        Command: nlg_text_generated() 

2013-07-03-10-17-55.275880-COT  ASR-3      : DEBUG      
    ASR: speech_start()

2013-07-03-10-17-55.277173-COT  MainProcess : INFO       
    #15487  Time: 2013-07-03-10-17-55.271798-COT From: VAD        To: HUB        Command: speech_start(fname="vad-2013-07-03-10-17-55.180811.wav") 

2013-07-03-10-17-55.281362-COT  MainProcess : INFO       
    #15488  Time: 2013-07-03-10-17-55.274215-COT From: ASR        To: HUB        Command: asr_start() 

2013-07-03-10-17-55.663771-COT  ASR-3      : DEBUG      
    ASR: speech_end()

2013-07-03-10-17-55.665917-COT  MainProcess : INFO       
    #15514  Time: 2013-07-03-10-17-55.660717-COT From: VAD        To: HUB        Command: speech_end(fname="vad-2013-07-03-10-17-55.180811.wav") 

2013-07-03-10-17-56.217058-COT  ASR-3      : DEBUG      
    ASR Hypothesis
    ------------------------------------------------------------
    1.000 __silence__
    0.000 __other__
    

2013-07-03-10-17-56.258522-COT  SLU-4      : DEBUG      
    SLU Hypothesis
    ------------------------------------------------------------
    1.000 silence()
    

2013-07-03-10-17-56.263995-COT  MainProcess : INFO       
    #15551  Time: 2013-07-03-10-17-56.253829-COT From: ASR        To: HUB        Command: asr_end() 

2013-07-03-10-17-56.298746-COT  MainProcess : INFO       
    #15557  Time: 2013-07-03-10-17-56.295658-COT From: SLU        To: HUB        Command: slu_parsed() 

2013-07-03-10-17-56.300500-COT  DM-5       : DEBUG      
    DDDState Dialogue Act in: silence()

2013-07-03-10-17-56.301192-COT  DM-5       : DEBUG      
    Context Resolution - Dialogue Act: silence()

2013-07-03-10-17-56.302813-COT  DM-5       : DEBUG      
    DDDState - Dialogue state content:
    
    ludait = silence
    alternative = none
    from_centre = none
    from_stop = Anděl
    route_alternative = none
    silence_time = 0.0
    time = none
    to_centre = none
    to_stop = none
    
    rh_from_stop = system-informed
    rh_silence_timeout = system-informed
    
    ch_from_stop = system-informed
    ch_silence_timeout = system-informed
    
    sh_from_stop = system-informed
    sh_silence_timeout = system-informed
    

2013-07-03-10-17-56.303768-COT  DM-5       : DEBUG      
    DDDState
    
    Requested slots:
    {}
    Confirmed slots:
    {}
    Non-informed slots:
    {u'silence_time': 0.0}

2013-07-03-10-17-56.305275-COT  DM-5       : DEBUG      
    DM Output
    ------------------------------------------------------------
    bye()&inform(toolong="true")
    

2013-07-03-10-17-56.363905-COT  MainProcess : INFO       
    #15563  Time: 2013-07-03-10-17-56.362319-COT From: DM         To: HUB        Command: dm_da_generated() 

2013-07-03-10-17-56.364440-COT  NLG-6      : DEBUG      
    NLG Output
    ------------------------------------------------------------
    Moc děkujeme za zavolání, ale tento hovor již přesáhl maximální povolenou délku. Na shledanou.
    

2013-07-03-10-17-56.367561-COT  MainProcess : INFO       
    #15565  Time: 2013-07-03-10-17-56.362637-COT From: DM         To: HUB        Command: hangup() 

2013-07-03-10-17-56.401771-COT  MainProcess : INFO       
    #15568  Time: 2013-07-03-10-17-56.394446-COT From: NLG        To: HUB        Command: nlg_text_generated() 

2013-07-03-10-17-56.405990-COT  MainProcess : INFO       
    #15571  Time: 2013-07-03-10-17-56.402060-COT From: TTS        To: HUB        Command: tts_start(user_id="None",text="Moc děkujeme za zavolání, ale tento hovor již přesáhl maximální povolenou délku. Na shledanou.") 

2013-07-03-10-17-56.474167-COT  MainProcess : INFO       
    #15573  Time: 2013-07-03-10-17-56.406338-COT From: VoipIO     To: HUB        Command: play_utterance_start(user_id="None",fname="tts-2013-07-03-10-17-56.401004.wav") 

2013-07-03-10-17-56.532500-COT  MainProcess : INFO       
    #16035  Time: 2013-07-03-10-17-56.526605-COT From: TTS        To: HUB        Command: tts_end(user_id="None",text="Moc děkujeme za zavolání, ale tento hovor již přesáhl maximální povolenou délku. Na shledanou.",fname="tts-2013-07-03-10-17-56.401004.wav",log="true") 

2013-07-03-10-17-56.655932-COT  MainProcess : INFO       
    #16045  Time: 2013-07-03-10-17-56.653006-COT From: VAD        To: HUB        Command: speech_start(fname="vad-2013-07-03-10-17-56.598232.wav") 

2013-07-03-10-17-56.659884-COT  ASR-3      : DEBUG      
    ASR: speech_start()

2013-07-03-10-17-56.718109-COT  MainProcess : INFO       
    #16046  Time: 2013-07-03-10-17-56.654673-COT From: ASR        To: HUB        Command: asr_start() 

2013-07-03-10-17-56.720019-COT  NLG-6      : DEBUG      
    #16052  Time: 2013-07-03-10-17-56.717264-COT From: HUB        To: NLG        Command: flush() 

2013-07-03-10-17-56.721626-COT  MainProcess : INFO       
    #16053  Time: 2013-07-03-10-17-56.720278-COT From: NLG        To: HUB        Command: flushed() 

2013-07-03-10-17-56.724205-COT  TTS-7      : DEBUG      
    #16054  Time: 2013-07-03-10-17-56.721859-COT From: HUB        To: TTS        Command: flush() 

2013-07-03-10-17-56.725519-COT  MainProcess : INFO       
    #16055  Time: 2013-07-03-10-17-56.724441-COT From: TTS        To: HUB        Command: flushed() 

2013-07-03-10-17-56.728579-COT  VoipIO-1   : DEBUG      
    #16056  Time: 2013-07-03-10-17-56.725844-COT From: HUB        To: VIO        Command: flush_out() 

2013-07-03-10-17-56.731403-COT  MainProcess : INFO       
    #16057  Time: 2013-07-03-10-17-56.728932-COT From: VoipIO     To: HUB        Command: flushed_out() 

2013-07-03-10-17-57.336634-COT  MainProcess : INFO       
    #16095  Time: 2013-07-03-10-17-57.334110-COT From: VAD        To: HUB        Command: speech_end(fname="vad-2013-07-03-10-17-56.598232.wav") 

2013-07-03-10-17-57.337341-COT  ASR-3      : DEBUG      
    ASR: speech_end()

2013-07-03-10-17-57.831056-COT  ASR-3      : DEBUG      
    ASR Hypothesis
    ------------------------------------------------------------
    1.000 __silence__
    0.000 __other__
    

2013-07-03-10-17-57.861785-COT  MainProcess : INFO       
    #16128  Time: 2013-07-03-10-17-57.858624-COT From: ASR        To: HUB        Command: asr_end() 

2013-07-03-10-17-57.864474-COT  SLU-4      : DEBUG      
    SLU Hypothesis
    ------------------------------------------------------------
    1.000 silence()
    

2013-07-03-10-17-57.905710-COT  MainProcess : INFO       
    #16134  Time: 2013-07-03-10-17-57.903882-COT From: SLU        To: HUB        Command: slu_parsed() 

2013-07-03-10-17-57.906365-COT  DM-5       : DEBUG      
    DDDState Dialogue Act in: silence()

2013-07-03-10-17-57.907608-COT  DM-5       : DEBUG      
    Context Resolution - Dialogue Act: silence()

2013-07-03-10-17-57.909303-COT  DM-5       : DEBUG      
    DDDState - Dialogue state content:
    
    ludait = silence
    alternative = none
    from_centre = none
    from_stop = Anděl
    route_alternative = none
    silence_time = 0.0
    time = none
    to_centre = none
    to_stop = none
    
    rh_from_stop = system-informed
    rh_silence_timeout = system-informed
    rh_toolong = system-informed
    
    ch_from_stop = system-informed
    ch_silence_timeout = system-informed
    ch_toolong = system-informed
    
    sh_from_stop = system-informed
    sh_silence_timeout = system-informed
    sh_toolong = system-informed
    

2013-07-03-10-17-57.910557-COT  DM-5       : DEBUG      
    DDDState
    
    Requested slots:
    {}
    Confirmed slots:
    {}
    Non-informed slots:
    {u'silence_time': 0.0}

2013-07-03-10-17-57.911742-COT  DM-5       : DEBUG      
    DM Output
    ------------------------------------------------------------
    bye()&inform(toolong="true")
    

2013-07-03-10-17-57.980618-COT  NLG-6      : DEBUG      
    NLG Output
    ------------------------------------------------------------
    Moc děkujeme za zavolání, ale tento hovor již přesáhl maximální povolenou délku. Na shledanou.
    

2013-07-03-10-17-57.981188-COT  MainProcess : INFO       
    #16140  Time: 2013-07-03-10-17-57.977710-COT From: DM         To: HUB        Command: dm_da_generated() 

2013-07-03-10-17-57.985143-COT  MainProcess : INFO       
    #16142  Time: 2013-07-03-10-17-57.977977-COT From: DM         To: HUB        Command: hangup() 

2013-07-03-10-17-58.031630-COT  MainProcess : INFO       
    #16147  Time: 2013-07-03-10-17-58.030631-COT From: NLG        To: HUB        Command: nlg_text_generated() 

2013-07-03-10-17-58.038474-COT  MainProcess : INFO       
    #16149  Time: 2013-07-03-10-17-58.033118-COT From: TTS        To: HUB        Command: tts_start(user_id="None",text="Moc děkujeme za zavolání, ale tento hovor již přesáhl maximální povolenou délku. Na shledanou.") 

2013-07-03-10-17-58.109485-COT  MainProcess : INFO       
    #16151  Time: 2013-07-03-10-17-58.035646-COT From: VoipIO     To: HUB        Command: play_utterance_start(user_id="None",fname="tts-2013-07-03-10-17-58.032995.wav") 

2013-07-03-10-17-58.149882-COT  MainProcess : INFO       
    #16612  Time: 2013-07-03-10-17-58.147203-COT From: TTS        To: HUB        Command: tts_end(user_id="None",text="Moc děkujeme za zavolání, ale tento hovor již přesáhl maximální povolenou délku. Na shledanou.",fname="tts-2013-07-03-10-17-58.032995.wav",log="true") 

2013-07-03-10-18-05.366892-COT  MainProcess : INFO       
    #17062  Time: 2013-07-03-10-18-05.304296-COT From: VoipIO     To: HUB        Command: play_utterance_end(user_id="None",fname="tts-2013-07-03-10-17-58.032995.wav) 

2013-07-03-10-18-07.368921-COT  VoipIO-1   : DEBUG      
    #17191  Time: 2013-07-03-10-18-07.367750-COT From: HUB        To: VoipIO     Command: hangup() 

2013-07-03-10-18-07.369408-COT  VoipIO-1   : DEBUG      
    Hangup the call

2013-07-03-10-18-07.625200-COT  VoipIO-1   : DEBUG      
    CallCallback::on_state : Call with "Anonymous" <sip:anonymous@195.113.20.69> is DISCONNCTD last code = 603 ()

2013-07-03-10-18-07.690996-COT  VoipIO-1   : DEBUG      
    VoipIO::on_call_disconnected

2013-07-03-10-18-07.693254-COT  MainProcess : INFO       
    #17208  Time: 2013-07-03-10-18-07.691126-COT From: VoipIO     To: HUB        Command: call_disconnected(remote_uri="anonymous") 

