2013-07-15-22-11-56.981305-CEST  VoipIO-1   : DEBUG      
    CallCallback::on_state : Call with "736131551" <sip:736131551@195.113.20.160> is CONNECTING last code = 200 (OK)

2013-07-15-22-11-56.986313-CEST  VoipIO-1   : DEBUG      
    VoipIO::on_call_connecting

2013-07-15-22-11-56.992363-CEST  VoipIO-1   : DEBUG      
    CallCallback::on_state : Call with "736131551" <sip:736131551@195.113.20.160> is CONFIRMED last code = 200 (OK)

2013-07-15-22-11-57.014355-CEST  MainProcess : SYSTEM-LOG 
    config = { 'ASR': { 'Google': { 'debug': False, 'language': 'cs', 'maxresults': 20},
               'Julius': { 'adinnetport': 5530,
                           'binary': '/usr/local/bin/julius',
                           'debug': False,
                           'hostname': 'localhost',
                           'jconf': { '-adport': '5530',
                                      '-b': '1000',
                                      '-b2': '100',
                                      '-cmnload': 'cmn.param',
                                      '-cmnmapweight': '200',
                                      '-cmnsave': 'cmn.param',
                                      '-confnet': '',
                                      '-fallback1pass': '',
                                      '-gprune': 'safe',
                                      '-h': '/mnt/h/jurcicek/vystadial-git/alex/resources/asr/voip_en/hmmdefs',
                                      '-hlist': '/mnt/h/jurcicek/vystadial-git/alex/resources/asr/voip_en/tiedlist',
                                      '-htkconf': '/mnt/h/jurcicek/vystadial-git/alex/resources/asr/voip_en/config',
                                      '-input': 'adinnet',
                                      '-iwsp': '',
                                      '-iwsppenalty': '0.0',
                                      '-lmp': '15.0 0.0',
                                      '-lmp2': '15.0 0.0',
                                      '-mapunk': 'UM',
                                      '-module': '10500',
                                      '-n': '50',
                                      '-nlr': '/mnt/h/jurcicek/vystadial-git/alex/resources/lm/caminfo/julius_arpa_bigram',
                                      '-no_ccd': '',
                                      '-nrl': '/mnt/h/jurcicek/vystadial-git/alex/resources/lm/caminfo/julius_arpa_rev_bigram',
                                      '-silhead': '<s>',
                                      '-siltail': '</s>',
                                      '-spmodel': 'sp',
                                      '-tmix': '4',
                                      '-v': '/mnt/h/jurcicek/vystadial-git/alex/resources/lm/caminfo/julius_dict'},
                           'jconffile': 'julius.jconf',
                           'killall': False,
                           'logfile': 'julius.log',
                           'msg_timeout': 0.3,
                           'pidfile': 'julius.pid',
                           'reuse_server': False,
                           'serverport': 10500,
                           'start_max_wait_time': 15,
                           'start_wait_time': 0.5,
                           'timeout': 2.0},
               'Kaldi': { 'LM_scale': -6666.66,
                          'hypothesis_type': 'nblist',
                          'lat_depth': 666666,
                          'model': 'TODO_path_to_model'},
               'debug': True,
               'type': 'Google'},
      'AlexOnTheBus': { 'max_turns': 120},
      'Analytics': Analytics(account_id='UA-41905278-1', domain_name='cuni.cz'),
      'Audio': { 'sample_rate': 16000, 'samples_per_frame': 256},
      'AudioIO': { 'debug': True, 'output_dir': './aio_call_log', 'play_buffer_size': 1024},
      'DM': { 'PUfalRuleDM': { 'code_submit_url': None,
                               'db_cfg': '/mnt/h/jurcicek/vystadial-git/alex/resources/../applications/CamInfoRest/cued_data/CIRdbase_V7_noloc.txt',
                               'ontology': '/mnt/h/jurcicek/vystadial-git/alex/resources/../applications/CamInfoRest/ontology.cfg',
                               'provide_code': False},
              'UfalRuleDM': { 'code_submit_url': None,
                              'db_cfg': '/mnt/h/jurcicek/vystadial-git/alex/resources/../applications/CamInfoRest/cued_data/CIRdbase_V7_noloc.txt',
                              'ontology': '/mnt/h/jurcicek/vystadial-git/alex/resources/../applications/CamInfoRest/ontology.cfg',
                              'provide_code': False},
              'basic': { 'debug': True, 'silence_timeout': 10.0},
              'debug': True,
              'dialogue_policy': { 'type': <class 'alex.applications.AlexOnTheBus.aotb_hdc_policy.AOTBHDCPolicy'>},
              'dialogue_state': { 'type': <class 'alex.components.dm.dddstate.DeterministicDiscriminativeDialogueState'>},
              'input_timeout': 3.0,
              'ontology': '/mnt/h/jurcicek/vystadial-git/alex/applications/AlexOnTheBus/data/ontology.py',
              'type': 'basic'},
      'General': { 'debug': False, 'include': ['/mnt/h/jurcicek/vystadial-git/alex/resources/private/default.cfg']},
      'Hub': { 'history_file': 'hub_history_hub.txt', 'history_length': 1000, 'main_loop_sleep_time': 0.002},
      'Logging': { 'excepthook': ExceptionHook(
            ExceptionHook
              Hook Type: log
              Hook Logger: SystemLogger(output_dir=./call_logs, stdout_log_level='DEBUG', stdout=True, file_log_level='DEBUG')),
                   'session_logger': SessionLogger(),
                   'system_logger': SystemLogger(output_dir=/net/projects/vystadial/data/call-logs/2013-05-30-alex-aotb-prototype/new, stdout_log_level='DEBUG', stdout=True, file_log_level='DEBUG'),
                   'system_name': u'Alex On The Bus - Live',
                   'version': u'1.0'},
      'NLG': { 'Template': { 'model': '/mnt/h/jurcicek/vystadial-git/alex/applications/AlexOnTheBus/nlg_templates.cfg'},
               'debug': True,
               'type': 'Template'},
      'SHub': { 'history_file': 'hub_history_shub.txt', 'history_length': 1000},
      'SLU': { 'cl-tracing': { 'cldb_fname': '/mnt/h/jurcicek/vystadial-git/alex/applications/CamInfoRest/data/database.py',
                               'do_preprocessing': True,
                               'features_type': ('ngram', 'ab_ngram'),
                               'testing': { 'max_examples': None,
                                            'min_perc': 80,
                                            'model_fname': '/mnt/h/jurcicek/vystadial-git/alex/applications/CamInfoRest/models/130516_minf60-minfc35-mind60.slu_model.gz',
                                            'renormalise': True,
                                            'threshold': None,
                                            'vanilla': True},
                               'training': { 'abstractions': ('abstract',), 'models_dir': 'models'}},
               'debug': True,
               'type': <class 'alex.applications.AlexOnTheBus.aotb_slu.AOTBSLU'>,
               <class 'alex.applications.AlexOnTheBus.aotb_slu.AOTBSLU'>: { 'cldb_fname': '/mnt/h/jurcicek/vystadial-git/alex/applications/AlexOnTheBus/data/database.py',
                                                                            'preprocessing_cls': <class 'alex.applications.AlexOnTheBus.aotb_preprocessing.AOTBSLUPreprocessing'>,
                                                                            'training': { 'models_dir': 'models'}}},
      'THub': { 'history_file': 'hub_history_thub.txt', 'history_length': 1000},
      'TTS': { 'Flite': { 'debug': False,
                          'preprocessing': '/mnt/h/jurcicek/vystadial-git/alex/resources/tts/prep_flite_en.cfg',
                          'voice': 'kal16'},
               'Google': { 'debug': False,
                           'language': 'en',
                           'preprocessing': '/mnt/h/jurcicek/vystadial-git/alex/resources/tts/prep_google_en.cfg'},
               'SpeechTech': { 'debug': True,
                               'login': 'filipjurcicek',
    # this line was removed since it included a password
                               'preprocessing': '/mnt/h/jurcicek/vystadial-git/alex/resources/tts/prep_speechtech_cs.cfg',
                               'voice': 'Iva210'},
               'VoiceRSS': { 'api_key': '3b6a9fca5d724b1c8ac34691586cdda1'},
               'VoiceRss': { 'language': 'en-gb',
                             'preprocessing': '/mnt/h/jurcicek/vystadial-git/alex/resources/tts/prep_voicerss_en.cfg'},
               'debug': True,
               'in_between_segments_silence': 0.1,
               'type': 'SpeechTech'},
      'VAD': { 'debug': False,
               'decision_frames_sil': 25,
               'decision_frames_speech': 10,
               'decision_non_speech_threshold': 0.2,
               'decision_speech_threshold': 0.7,
               'gmm': { 'ceplifter': 22,
                        'enormalise': True,
                        'filter_length': 5,
                        'frameshift': 160,
                        'framesize': 512,
                        'frontend': 'MFCC',
                        'hifreq': 3800,
                        'lofreq': 125,
                        'numceps': 12,
                        'numchans': 26,
                        'preemcoef': 0.97,
                        'sil_model': '/mnt/h/jurcicek/vystadial-git/alex/resources/vad/voip_en/vad_sil_sds_mfcc_m064_f100000.gmm',
                        'speech_model': '/mnt/h/jurcicek/vystadial-git/alex/resources/vad/voip_en/vad_speech_sds_mfcc_m064_f100000.gmm',
                        'useacc': True,
                        'usec0': False,
                        'usecmn': False,
                        'usedelta': True,
                        'usehamming': True,
                        'usepower': True,
                        'zmeansource': True},
               'power': { 'adaptation_frames': 30, 'threshold': 70, 'threshold_multiplier': 1.0},
               'speech_buffer_frames': 20,
               'type': 'gmm'},
      'VoipHub': { 'blacklist_for': 7200,
                   'call_db': u'/net/projects/vystadial/data/call-logs/2013-05-30-alex-aotb-prototype/new/call_db.pckl',
                   'hard_time_limit': 360,
                   'hard_turn_limit': 120,
                   'history_length': 1000,
                   'last_period_max_num_calls': 20,
                   'last_period_max_total_time': 1800,
                   'limit_reached_message': u'D\u011bkujeme za zavol\xe1n\xed, ale u\u017e jste volali hodn\u011b. Pros\xedm zavolejte pozd\u011bji. Na shledanou.',
                   'period': 172800,
                   'pid_file': u'/net/projects/vystadial/data/call-logs/2013-05-30-alex-aotb-prototype/new/vhub_live.pid',
                   'wait_time_before_calling_back': 10},
      'VoipIO': { 'allowed_hosts': '',
                  'allowed_phone_numbers': '(^[234567])',
                  'allowed_users': '(^[234567])',
                  'debug': True,
                  'domain': 'vystadial.ms.mff.cuni.cz',
                  'forbidden_hosts': '',
                  'forbidden_phone_number': '(^112$|^150$|^155$|^156$|^158$)',
                  'forbidden_users': '(^112$|^150$|^155$|^156$|^158$)',
    # this line was removed since it included a password
                  'pjsip_log_level': 3,
                  'reject_calls': False,
                  'user': '800899998'},
      'WebHub': { 'port': 8000},
      'corpustools': { 'get_jasr_confnets': { 'frame_size': 256, 'rt_ratio': 0.2}}}

2013-07-15-22-11-57.031730-CEST  VoipIO-1   : DEBUG      
    VoipIO::on_call_confirmed

2013-07-15-22-11-57.076528-CEST  MainProcess : INFO       
    #27472  Time: 2013-07-15-22-11-56.987832-CEST From: VoipIO     To: HUB        Command: call_connecting(remote_uri="736131551") 

2013-07-15-22-11-57.084987-CEST  MainProcess : INFO       
    #27473  Time: 2013-07-15-22-11-57.033221-CEST From: VoipIO     To: HUB        Command: call_confirmed(remote_uri="736131551") 

2013-07-15-22-11-57.131415-CEST  MainProcess : INFO       
    
    ========================================================================================================================
    Incoming call from :          736131551
    ------------------------------------------------------------------------------------------------------------------------
    Total calls:                  0
    Total time (min):             0.0
    Last period total calls:      0
    Last period total time (min): 0.0
    ------------------------------------------------------------------------------------------------------------------------
    CALL ACCEPTED
    ========================================================================================================================
    

2013-07-15-22-11-57.136609-CEST  DM-5       : DEBUG      
    #27477  Time: 2013-07-15-22-11-57.128197-CEST From: HUB        To: DM         Command: new_dialogue() 

2013-07-15-22-11-57.158766-CEST  DM-5       : DEBUG      
    DM Output
    ------------------------------------------------------------
    hello()
    

2013-07-15-22-11-57.174461-CEST  MainProcess : INFO       
    #27482  Time: 2013-07-15-22-11-57.167828-CEST From: DM         To: HUB        DA: hello() 

2013-07-15-22-11-57.180647-CEST  NLG-6      : DEBUG      
    #27483  Time: 2013-07-15-22-11-57.176359-CEST From: HUB        To: NLG        DA: hello() 

2013-07-15-22-11-57.184852-CEST  NLG-6      : DEBUG      
    NLG Output
    ------------------------------------------------------------
    Dobrý den, dovolali jste se na informace o veřejné dopravě v Praze. Tato experimentální služba je poskytována laboratoří výzkumu hlasových dialogových systémů na Ústavu Formální a Aplikované Lingvistiky na Karlově Univerzitě. Hovor je nahráván. Více informací o této službě je na internetu. Jak Vám mohu pomoci. Můžete například říct ze zastávky poliklinika Barrandov na Žižkov.
    

2013-07-15-22-11-57.196285-CEST  MainProcess : INFO       
    #27484  Time: 2013-07-15-22-11-57.192644-CEST From: NLG        To: HUB        Command: nlg_text_generated() 

2013-07-15-22-11-57.202906-CEST  MainProcess : INFO       
    #27486  Time: 2013-07-15-22-11-57.197813-CEST From: TTS        To: HUB        Command: tts_start(user_id="None",text="Dobrý den, dovolali jste se na informace o veřejné dopravě v Praze. Tato experimentální služba je poskytována laboratoří výzkumu hlasových dialogových systémů na Ústavu Formální a Aplikované Lingvistiky na Karlově Univerzitě. Hovor je nahráván. Více informací o této službě je na internetu. Jak Vám mohu pomoci. Můžete například říct ze zastávky poliklinika Barrandov na Žižkov.") 

2013-07-15-22-11-57.215639-CEST  MainProcess : INFO       
    #27488  Time: 2013-07-15-22-11-57.202459-CEST From: VoipIO     To: HUB        Command: play_utterance_start(user_id="None",fname="tts-2013-07-15-22-11-57.193331.wav") 

2013-07-15-22-11-57.778832-CEST  MainProcess : INFO       
    #29241  Time: 2013-07-15-22-11-57.764542-CEST From: TTS        To: HUB        Command: tts_end(user_id="None",text="Dobrý den, dovolali jste se na informace o veřejné dopravě v Praze. Tato experimentální služba je poskytována laboratoří výzkumu hlasových dialogových systémů na Ústavu Formální a Aplikované Lingvistiky na Karlově Univerzitě. Hovor je nahráván. Více informací o této službě je na internetu. Jak Vám mohu pomoci. Můžete například říct ze zastávky poliklinika Barrandov na Žižkov.",fname="tts-2013-07-15-22-11-57.193331.wav",log="true") 

2013-07-15-22-12-12.103570-CEST  MainProcess : INFO       
    #30139  Time: 2013-07-15-22-12-12.098188-CEST From: VAD        To: HUB        Command: speech_start(fname="vad-2013-07-15-22-12-12.077469.wav") 

2013-07-15-22-12-12.108455-CEST  ASR-3      : DEBUG      
    ASR: speech_start(fname="vad-2013-07-15-22-12-12.077469.wav")

2013-07-15-22-12-12.112992-CEST  MainProcess : INFO       
    #30140  Time: 2013-07-15-22-12-12.100144-CEST From: ASR        To: HUB        Command: asr_start(fname="vad-2013-07-15-22-12-12.077469.wav") 

2013-07-15-22-12-12.494847-CEST  ASR-3      : DEBUG      
    ASR: speech_end(fname="vad-2013-07-15-22-12-12.077469.wav")

2013-07-15-22-12-12.499833-CEST  MainProcess : INFO       
    #30166  Time: 2013-07-15-22-12-12.491254-CEST From: VAD        To: HUB        Command: speech_end(fname="vad-2013-07-15-22-12-12.077469.wav") 

2013-07-15-22-12-12.741136-CEST  ASR-3      : DEBUG      
    ASR Hypothesis
    ------------------------------------------------------------
    1.000 __silence__
    0.000 __other__
    

2013-07-15-22-12-12.756804-CEST  MainProcess : INFO       
    #30183  Time: 2013-07-15-22-12-12.751206-CEST From: ASR        To: HUB        Command: asr_end(fname="vad-2013-07-15-22-12-12.077469.wav") 

2013-07-15-22-12-12.761539-CEST  SLU-4      : DEBUG      
    SLU Hypothesis
    ------------------------------------------------------------
    1.000 silence()
    

2013-07-15-22-12-12.776138-CEST  MainProcess : INFO       
    #30185  Time: 2013-07-15-22-12-12.771900-CEST From: SLU        To: HUB        Command: slu_parsed(fname="vad-2013-07-15-22-12-12.077469.wav") 

2013-07-15-22-12-12.781094-CEST  DM-5       : DEBUG      
    DDDState Dialogue Act in: silence()

2013-07-15-22-12-12.786194-CEST  DM-5       : DEBUG      
    Context Resolution - Dialogue Act: silence()

2013-07-15-22-12-12.791268-CEST  DM-5       : DEBUG      
    DDDState - Dialogue state content:
    
    ludait = silence
    silence_time = 0.0
    
    
    
    

2013-07-15-22-12-12.796318-CEST  DM-5       : DEBUG      
    DDDState - Dialogue state update
    
    Requested slots:
    {}
    Confirmed slots:
    {}
    Non-informed slots:
    {u'silence_time': 0.0}

2013-07-15-22-12-12.908028-CEST  DM-5       : DEBUG      
    DM Output
    ------------------------------------------------------------
    silence()
    

2013-07-15-22-12-12.922929-CEST  MainProcess : INFO       
    #30199  Time: 2013-07-15-22-12-12.918152-CEST From: DM         To: HUB        DA: silence() 

2013-07-15-22-12-24.634299-CEST  MainProcess : INFO       
    #30888  Time: 2013-07-15-22-12-23.964737-CEST From: VoipIO     To: HUB        Command: play_utterance_end(user_id="None",fname="tts-2013-07-15-22-11-57.193331.wav) 

2013-07-15-22-12-27.641778-CEST  DM-5       : DEBUG      
    #31121  Time: 2013-07-15-22-12-27.637367-CEST From: HUB        To: DM         Command: timeout(silence_time="3.002") 

2013-07-15-22-12-27.646176-CEST  DM-5       : DEBUG      
    DDDState Dialogue Act in: silence(time="3.002")

2013-07-15-22-12-27.650541-CEST  DM-5       : DEBUG      
    Context Resolution - Dialogue Act: silence(time="3.002")

2013-07-15-22-12-27.654807-CEST  DM-5       : DEBUG      
    DDDState - Dialogue state content:
    
    ludait = silence
    silence_time = 3.002
    
    
    
    

2013-07-15-22-12-27.658967-CEST  DM-5       : DEBUG      
    DDDState - Dialogue state update
    
    Requested slots:
    {}
    Confirmed slots:
    {}
    Non-informed slots:
    {u'silence_time': 3.002}

2013-07-15-22-12-27.663364-CEST  DM-5       : DEBUG      
    DM Output
    ------------------------------------------------------------
    silence()
    

2013-07-15-22-12-27.687288-CEST  MainProcess : INFO       
    #31122  Time: 2013-07-15-22-12-27.683265-CEST From: DM         To: HUB        DA: silence() 

2013-07-15-22-12-30.643144-CEST  DM-5       : DEBUG      
    #31310  Time: 2013-07-15-22-12-30.637746-CEST From: HUB        To: DM         Command: timeout(silence_time="6.002") 

2013-07-15-22-12-30.647463-CEST  DM-5       : DEBUG      
    DDDState Dialogue Act in: silence(time="6.002")

2013-07-15-22-12-30.651427-CEST  DM-5       : DEBUG      
    Context Resolution - Dialogue Act: silence(time="6.002")

2013-07-15-22-12-30.655657-CEST  DM-5       : DEBUG      
    DDDState - Dialogue state content:
    
    ludait = silence
    silence_time = 6.002
    
    
    
    

2013-07-15-22-12-30.659999-CEST  DM-5       : DEBUG      
    DDDState - Dialogue state update
    
    Requested slots:
    {}
    Confirmed slots:
    {}
    Non-informed slots:
    {u'silence_time': 6.002}

2013-07-15-22-12-30.664335-CEST  DM-5       : DEBUG      
    DM Output
    ------------------------------------------------------------
    silence()
    

2013-07-15-22-12-30.690601-CEST  MainProcess : INFO       
    #31312  Time: 2013-07-15-22-12-30.685222-CEST From: DM         To: HUB        DA: silence() 

2013-07-15-22-12-31.814814-CEST  MainProcess : INFO       
    #31386  Time: 2013-07-15-22-12-31.809731-CEST From: VAD        To: HUB        Command: speech_start(fname="vad-2013-07-15-22-12-31.787759.wav") 

2013-07-15-22-12-31.819674-CEST  ASR-3      : DEBUG      
    ASR: speech_start(fname="vad-2013-07-15-22-12-31.787759.wav")

2013-07-15-22-12-31.824457-CEST  MainProcess : INFO       
    #31387  Time: 2013-07-15-22-12-31.810903-CEST From: ASR        To: HUB        Command: asr_start(fname="vad-2013-07-15-22-12-31.787759.wav") 

2013-07-15-22-12-36.164301-CEST  ASR-3      : DEBUG      
    ASR: speech_end(fname="vad-2013-07-15-22-12-31.787759.wav")

2013-07-15-22-12-36.169031-CEST  MainProcess : INFO       
    #31661  Time: 2013-07-15-22-12-36.159340-CEST From: VAD        To: HUB        Command: speech_end(fname="vad-2013-07-15-22-12-31.787759.wav") 

2013-07-15-22-12-36.432319-CEST  MainProcess : INFO       
    #31679  Time: 2013-07-15-22-12-36.426400-CEST From: VAD        To: HUB        Command: speech_start(fname="vad-2013-07-15-22-12-36.403093.wav") 

2013-07-15-22-12-37.439821-CEST  ASR-3      : DEBUG      
    ASR Hypothesis
    ------------------------------------------------------------
    0.794 zastávky sídliště zahradní město stávku
    0.052 zastávky sídliště zahradní město novostav ku
    0.044 zastávky sídliště zahradní město na statku
    0.037 zastávky sídliště zahradní město nedostatku
    0.029 zastávky sídliště zahradní město nastav ku
    0.022 zastávky sídliště zahradní město prostav ku
    0.015 zastávky sídliště zahradní město nedostatků
    0.007 zastávky sídliště zahradní město postav ku
    0.000 __other__
    

2013-07-15-22-12-37.462175-CEST  MainProcess : INFO       
    #31744  Time: 2013-07-15-22-12-37.457607-CEST From: ASR        To: HUB        Command: asr_end(fname="vad-2013-07-15-22-12-31.787759.wav") 

2013-07-15-22-12-37.466489-CEST  ASR-3      : DEBUG      
    ASR: speech_start(fname="vad-2013-07-15-22-12-36.403093.wav")

2013-07-15-22-12-37.470740-CEST  MainProcess : INFO       
    #31746  Time: 2013-07-15-22-12-37.460754-CEST From: ASR        To: HUB        Command: asr_start(fname="vad-2013-07-15-22-12-36.403093.wav") 

2013-07-15-22-12-37.891876-CEST  ASR-3      : DEBUG      
    ASR: speech_end(fname="vad-2013-07-15-22-12-36.403093.wav")

2013-07-15-22-12-37.896440-CEST  MainProcess : INFO       
    #31776  Time: 2013-07-15-22-12-37.887884-CEST From: VAD        To: HUB        Command: speech_end(fname="vad-2013-07-15-22-12-36.403093.wav") 

2013-07-15-22-12-38.038164-CEST  SLU-4      : DEBUG      
    SLU Hypothesis
    ------------------------------------------------------------
    0.845 inform(="Sídliště Zahradní Město")
    0.155 inform(from_stop="Sídliště Zahradní Město")
    

2013-07-15-22-12-38.059422-CEST  DM-5       : DEBUG      
    DDDState Dialogue Act in: inform(="Sídliště Zahradní Město")

2013-07-15-22-12-38.063713-CEST  MainProcess : INFO       
    #31785  Time: 2013-07-15-22-12-38.054234-CEST From: SLU        To: HUB        Command: slu_parsed(fname="vad-2013-07-15-22-12-31.787759.wav") 

2013-07-15-22-12-38.067729-CEST  DM-5       : DEBUG      
    Context Resolution - Dialogue Act: inform(="Sídliště Zahradní Město")

2013-07-15-22-12-38.072290-CEST  DM-5       : DEBUG      
    DDDState - Dialogue state content:
    
    ludait = none
    silence_time = 0.0
    
    
    
    

2013-07-15-22-12-38.076513-CEST  DM-5       : DEBUG      
    DDDState - Dialogue state update
    
    Requested slots:
    {}
    Confirmed slots:
    {}
    Non-informed slots:
    {u'silence_time': 0.0}

2013-07-15-22-12-38.116102-CEST  DM-5       : DEBUG      
    DM Output
    ------------------------------------------------------------
    request(from_stop)&request(to_stop)
    

2013-07-15-22-12-38.135937-CEST  MainProcess : INFO       
    #31795  Time: 2013-07-15-22-12-38.132527-CEST From: DM         To: HUB        DA: request(from_stop)&request(to_stop) 

2013-07-15-22-12-38.144213-CEST  NLG-6      : DEBUG      
    #31796  Time: 2013-07-15-22-12-38.138812-CEST From: HUB        To: NLG        DA: request(from_stop)&request(to_stop) 

2013-07-15-22-12-38.148437-CEST  NLG-6      : DEBUG      
    NLG Output
    ------------------------------------------------------------
    Odkud a kam chcete jet?
    

2013-07-15-22-12-38.167496-CEST  MainProcess : INFO       
    #31797  Time: 2013-07-15-22-12-38.164147-CEST From: NLG        To: HUB        Command: nlg_text_generated() 

2013-07-15-22-12-38.174612-CEST  MainProcess : INFO       
    #31799  Time: 2013-07-15-22-12-38.168888-CEST From: TTS        To: HUB        Command: tts_start(user_id="None",text="Odkud a kam chcete jet?") 

2013-07-15-22-12-38.199934-CEST  MainProcess : INFO       
    #31801  Time: 2013-07-15-22-12-38.171490-CEST From: VoipIO     To: HUB        Command: play_utterance_start(user_id="None",fname="tts-2013-07-15-22-12-38.165166.wav") 

2013-07-15-22-12-38.255842-CEST  ASR-3      : DEBUG      
    ASR Hypothesis
    ------------------------------------------------------------
    0.896 národní divadlo
    0.023 ahoj národní divadlo
    0.020 národní divadlo i
    0.017 hovno národní divadlo
    0.014 národní divadlo a
    0.012 i národní divadlo
    0.009 lol národní divadlo
    0.006 a národní divadlo
    0.003 ahoj národní divadlo i
    0.000 __other__
    

2013-07-15-22-12-38.261218-CEST  MainProcess : INFO       
    #31942  Time: 2013-07-15-22-12-38.253626-CEST From: TTS        To: HUB        Command: tts_end(user_id="None",text="Odkud a kam chcete jet?",fname="tts-2013-07-15-22-12-38.165166.wav",log="true") 

2013-07-15-22-12-38.286942-CEST  MainProcess : INFO       
    #31946  Time: 2013-07-15-22-12-38.281959-CEST From: ASR        To: HUB        Command: asr_end(fname="vad-2013-07-15-22-12-36.403093.wav") 

2013-07-15-22-12-38.865682-CEST  SLU-4      : DEBUG      
    SLU Hypothesis
    ------------------------------------------------------------
    1.000 inform(="Národní divadlo")
    0.026 hello()
    

2013-07-15-22-12-38.890613-CEST  MainProcess : INFO       
    #31985  Time: 2013-07-15-22-12-38.886117-CEST From: SLU        To: HUB        Command: slu_parsed(fname="vad-2013-07-15-22-12-36.403093.wav") 

2013-07-15-22-12-38.894904-CEST  DM-5       : DEBUG      
    DDDState Dialogue Act in: inform(="Národní divadlo")

2013-07-15-22-12-38.899382-CEST  DM-5       : DEBUG      
    Context Resolution - Dialogue Act: inform(from_stop="Národní divadlo")&inform(to_stop="Národní divadlo")&inform(="Národní divadlo")

2013-07-15-22-12-38.903729-CEST  DM-5       : DEBUG      
    DDDState - Dialogue state content:
    
    ludait = none
    alternative = none
    from_centre = none
    from_stop = Národní divadlo
    silence_time = 0.0
    time = none
    to_centre = none
    to_stop = Národní divadlo
    
    
    
    

2013-07-15-22-12-38.907831-CEST  DM-5       : DEBUG      
    DDDState - Dialogue state update
    
    Requested slots:
    {}
    Confirmed slots:
    {}
    Non-informed slots:
    {u'to_stop': u'N\xe1rodn\xed divadlo', u'silence_time': 0.0, u'from_stop': u'N\xe1rodn\xed divadlo'}

2013-07-15-22-12-38.955045-CEST  DM-5       : DEBUG      
    DM Output
    ------------------------------------------------------------
    iconfirm(to_stop="Národní divadlo")&iconfirm(from_stop="Národní divadlo")&apology()&inform(stops_conflict="thesame")&inform(from_stop="Národní divadlo")&inform(to_stop="Národní divadlo")
    

2013-07-15-22-12-38.979815-CEST  MainProcess : INFO       
    #31994  Time: 2013-07-15-22-12-38.975418-CEST From: DM         To: HUB        DA: iconfirm(to_stop="Národní divadlo")&iconfirm(from_stop="Národní divadlo")&apology()&inform(stops_conflict="thesame")&inform(from_stop="Národní divadlo")&inform(to_stop="Národní divadlo") 

2013-07-15-22-12-39.010207-CEST  NLG-6      : DEBUG      
    #31995  Time: 2013-07-15-22-12-39.005928-CEST From: HUB        To: NLG        Command: flush() 

2013-07-15-22-12-39.015735-CEST  MainProcess : INFO       
    #31996  Time: 2013-07-15-22-12-39.011530-CEST From: NLG        To: HUB        Command: flushed() 

2013-07-15-22-12-39.021275-CEST  TTS-7      : DEBUG      
    #31998  Time: 2013-07-15-22-12-39.017759-CEST From: HUB        To: TTS        Command: flush() 

2013-07-15-22-12-39.027409-CEST  MainProcess : INFO       
    #32001  Time: 2013-07-15-22-12-39.022606-CEST From: TTS        To: HUB        Command: flushed() 

2013-07-15-22-12-39.034103-CEST  VoipIO-1   : DEBUG      
    #32003  Time: 2013-07-15-22-12-39.028659-CEST From: HUB        To: VIO        Command: flush_out() 

2013-07-15-22-12-39.040362-CEST  MainProcess : INFO       
    #32004  Time: 2013-07-15-22-12-39.035529-CEST From: VoipIO     To: HUB        Command: flushed_out() 

2013-07-15-22-12-39.046553-CEST  NLG-6      : DEBUG      
    #32005  Time: 2013-07-15-22-12-39.041685-CEST From: HUB        To: NLG        DA: iconfirm(to_stop="Národní divadlo")&iconfirm(from_stop="Národní divadlo")&apology()&inform(stops_conflict="thesame")&inform(from_stop="Národní divadlo")&inform(to_stop="Národní divadlo") 

2013-07-15-22-12-39.078693-CEST  NLG-6      : DEBUG      
    NLG Output
    ------------------------------------------------------------
    Dobře, do zastávky Národní divadlo. Chcete jet ze zastávky Národní divadlo. Promiňte. Je mi líto, ale asi jsem Vám špatně rozuměla. Jméno výchozí tak i cílové zastávky je stejné. Ze zastávky Národní divadlo. Do zastávky Národní divadlo.
    

2013-07-15-22-12-39.104447-CEST  MainProcess : INFO       
    #32010  Time: 2013-07-15-22-12-39.100340-CEST From: NLG        To: HUB        Command: nlg_text_generated() 

2013-07-15-22-12-39.111300-CEST  MainProcess : INFO       
    #32012  Time: 2013-07-15-22-12-39.105747-CEST From: TTS        To: HUB        Command: tts_start(user_id="None",text="Dobře, do zastávky Národní divadlo. Chcete jet ze zastávky Národní divadlo. Promiňte. Je mi líto, ale asi jsem Vám špatně rozuměla. Jméno výchozí tak i cílové zastávky je stejné. Ze zastávky Národní divadlo. Do zastávky Národní divadlo.") 

2013-07-15-22-12-39.240546-CEST  MainProcess : INFO       
    #32014  Time: 2013-07-15-22-12-39.109957-CEST From: VoipIO     To: HUB        Command: play_utterance_start(user_id="None",fname="tts-2013-07-15-22-12-39.102777.wav") 

2013-07-15-22-12-44.905538-CEST  MainProcess : INFO       
    #33542  Time: 2013-07-15-22-12-44.893584-CEST From: TTS        To: HUB        Command: tts_end(user_id="None",text="Dobře, do zastávky Národní divadlo. Chcete jet ze zastávky Národní divadlo. Promiňte. Je mi líto, ale asi jsem Vám špatně rozuměla. Jméno výchozí tak i cílové zastávky je stejné. Ze zastávky Národní divadlo. Do zastávky Národní divadlo.",fname="tts-2013-07-15-22-12-39.102777.wav",log="true") 

2013-07-15-22-13-01.437056-CEST  MainProcess : INFO       
    #34571  Time: 2013-07-15-22-13-01.318354-CEST From: VoipIO     To: HUB        Command: play_utterance_end(user_id="None",fname="tts-2013-07-15-22-12-39.102777.wav) 

2013-07-15-22-13-04.445965-CEST  DM-5       : DEBUG      
    #34768  Time: 2013-07-15-22-13-04.440241-CEST From: HUB        To: DM         Command: timeout(silence_time="3.002") 

2013-07-15-22-13-04.450484-CEST  DM-5       : DEBUG      
    DDDState Dialogue Act in: silence(time="3.002")

2013-07-15-22-13-04.454645-CEST  DM-5       : DEBUG      
    Context Resolution - Dialogue Act: silence(time="3.002")

2013-07-15-22-13-04.459114-CEST  DM-5       : DEBUG      
    DDDState - Dialogue state content:
    
    ludait = silence
    alternative = none
    from_centre = none
    from_stop = Národní divadlo
    silence_time = 3.002
    time = none
    to_centre = none
    to_stop = Národní divadlo
    
    rh_from_stop = system-informed
    rh_stops_conflict = system-informed
    rh_to_stop = system-informed
    
    ch_from_stop = system-informed
    ch_stops_conflict = system-informed
    ch_to_stop = system-informed
    
    sh_from_stop = system-informed
    sh_stops_conflict = system-informed
    sh_to_stop = system-informed
    

2013-07-15-22-13-04.463565-CEST  DM-5       : DEBUG      
    DDDState - Dialogue state update
    
    Requested slots:
    {}
    Confirmed slots:
    {}
    Non-informed slots:
    {u'silence_time': 3.002}

2013-07-15-22-13-04.468399-CEST  DM-5       : DEBUG      
    DM Output
    ------------------------------------------------------------
    silence()
    

2013-07-15-22-13-04.513707-CEST  MainProcess : INFO       
    #34773  Time: 2013-07-15-22-13-04.508799-CEST From: DM         To: HUB        DA: silence() 

2013-07-15-22-13-04.673742-CEST  MainProcess : INFO       
    #34783  Time: 2013-07-15-22-13-04.668198-CEST From: VAD        To: HUB        Command: speech_start(fname="vad-2013-07-15-22-13-04.627119.wav") 

2013-07-15-22-13-04.678531-CEST  ASR-3      : DEBUG      
    ASR: speech_start(fname="vad-2013-07-15-22-13-04.627119.wav")

2013-07-15-22-13-04.683016-CEST  MainProcess : INFO       
    #34784  Time: 2013-07-15-22-13-04.670190-CEST From: ASR        To: HUB        Command: asr_start(fname="vad-2013-07-15-22-13-04.627119.wav") 

2013-07-15-22-13-06.794178-CEST  VoipIO-1   : INFO       
    22:13:06.790    pjsua_acc.c  ....<sip:800899998@vystadial.ms.mff.cuni.cz>: registration success, status=200 (OK), will re-register in 300 seconds
    

2013-07-15-22-13-10.675659-CEST  MainProcess : INFO       
    #35162  Time: 2013-07-15-22-13-10.670492-CEST From: VAD        To: HUB        Command: speech_end(fname="vad-2013-07-15-22-13-04.627119.wav") 

2013-07-15-22-13-10.680636-CEST  ASR-3      : DEBUG      
    ASR: speech_end(fname="vad-2013-07-15-22-13-04.627119.wav")

2013-07-15-22-13-11.846184-CEST  ASR-3      : DEBUG      
    ASR Hypothesis
    ------------------------------------------------------------
    0.848 zastávky sídliště zahradní město do zastávky národní divadlo
    0.061 stávky sídliště zahradní město do zastávky národní divadlo
    0.046 zastávky sídliště zahradní město do stávky národní divadlo
    0.030 zastávky sídliště zahradní město a do zastávky národní divadlo
    0.015 zastávky sídliště zahradní město do zastávky národní divadlo i
    0.000 __other__
    

2013-07-15-22-13-11.874784-CEST  MainProcess : INFO       
    #35239  Time: 2013-07-15-22-13-11.870776-CEST From: ASR        To: HUB        Command: asr_end(fname="vad-2013-07-15-22-13-04.627119.wav") 

2013-07-15-22-13-12.241375-CEST  SLU-4      : DEBUG      
    SLU Hypothesis
    ------------------------------------------------------------
    1.000 inform(to_stop="Národní divadlo")
    1.000 inform(from_stop="Sídliště Zahradní Město")
    

2013-07-15-22-13-12.273514-CEST  DM-5       : DEBUG      
    DDDState Dialogue Act in: inform(to_stop="Národní divadlo")&inform(from_stop="Sídliště Zahradní Město")

2013-07-15-22-13-12.277965-CEST  MainProcess : INFO       
    #35265  Time: 2013-07-15-22-13-12.267710-CEST From: SLU        To: HUB        Command: slu_parsed(fname="vad-2013-07-15-22-13-04.627119.wav") 

2013-07-15-22-13-12.282114-CEST  DM-5       : DEBUG      
    Context Resolution - Dialogue Act: inform(to_stop="Národní divadlo")&inform(from_stop="Sídliště Zahradní Město")

2013-07-15-22-13-12.286624-CEST  DM-5       : DEBUG      
    DDDState - Dialogue state content:
    
    ludait = none
    alternative = none
    from_centre = none
    from_stop = Sídliště Zahradní Město
    silence_time = 0.0
    time = none
    to_centre = none
    to_stop = Národní divadlo
    
    rh_from_stop = system-informed
    rh_stops_conflict = system-informed
    rh_to_stop = system-informed
    
    ch_from_stop = system-informed
    ch_stops_conflict = system-informed
    ch_to_stop = system-informed
    
    sh_from_stop = system-informed
    sh_stops_conflict = system-informed
    sh_to_stop = system-informed
    

2013-07-15-22-13-12.290860-CEST  DM-5       : DEBUG      
    DDDState - Dialogue state update
    
    Requested slots:
    {}
    Confirmed slots:
    {}
    Non-informed slots:
    {u'silence_time': 0.0}

2013-07-15-22-13-12.761323-CEST  DM-5       : DEBUG      
    DM Output
    ------------------------------------------------------------
    inform(found_directions="true")&inform(alternative="1")&inform(vehicle="TRAM")&inform(line="22")&inform(go_at="10:25")&inform(enter_at="Sídliště Zahradní Město")&inform(headsign="Bílá Hora")&inform(exit_at="Národní divadlo")
    

2013-07-15-22-13-12.794386-CEST  MainProcess : INFO       
    #35299  Time: 2013-07-15-22-13-12.788524-CEST From: DM         To: HUB        DA: inform(found_directions="true")&inform(alternative="1")&inform(vehicle="TRAM")&inform(line="22")&inform(go_at="10:25")&inform(enter_at="Sídliště Zahradní Město")&inform(headsign="Bílá Hora")&inform(exit_at="Národní divadlo") 

2013-07-15-22-13-12.802776-CEST  NLG-6      : DEBUG      
    #35300  Time: 2013-07-15-22-13-12.797396-CEST From: HUB        To: NLG        DA: inform(found_directions="true")&inform(alternative="1")&inform(vehicle="TRAM")&inform(line="22")&inform(go_at="10:25")&inform(enter_at="Sídliště Zahradní Město")&inform(headsign="Bílá Hora")&inform(exit_at="Národní divadlo") 

2013-07-15-22-13-12.880850-CEST  NLG-6      : DEBUG      
    NLG Output
    ------------------------------------------------------------
    Našla jsem následující spojení. Možnost první. Jeďte tramvají číslo 22 v 10:25 ze zastávky Sídliště Zahradní Město směrem Bílá Hora. Vystupte na zastávce Národní divadlo.
    

2013-07-15-22-13-12.915738-CEST  MainProcess : INFO       
    #35309  Time: 2013-07-15-22-13-12.911474-CEST From: NLG        To: HUB        Command: nlg_text_generated() 

2013-07-15-22-13-12.922803-CEST  MainProcess : INFO       
    #35311  Time: 2013-07-15-22-13-12.917436-CEST From: TTS        To: HUB        Command: tts_start(user_id="None",text="Našla jsem následující spojení. Možnost první. Jeďte tramvají číslo 22 v 10:25 ze zastávky Sídliště Zahradní Město směrem Bílá Hora. Vystupte na zastávce Národní divadlo.") 

2013-07-15-22-13-12.960747-CEST  MainProcess : INFO       
    #35313  Time: 2013-07-15-22-13-12.921707-CEST From: VoipIO     To: HUB        Command: play_utterance_start(user_id="None",fname="tts-2013-07-15-22-13-12.913599.wav") 

2013-07-15-22-13-14.827910-CEST  MainProcess : INFO       
    #36388  Time: 2013-07-15-22-13-14.817602-CEST From: TTS        To: HUB        Command: tts_end(user_id="None",text="Našla jsem následující spojení. Možnost první. Jeďte tramvají číslo 22 v 10:25 ze zastávky Sídliště Zahradní Město směrem Bílá Hora. Vystupte na zastávce Národní divadlo.",fname="tts-2013-07-15-22-13-12.913599.wav",log="true") 

2013-07-15-22-13-28.187704-CEST  MainProcess : INFO       
    #37173  Time: 2013-07-15-22-13-27.362110-CEST From: VoipIO     To: HUB        Command: play_utterance_end(user_id="None",fname="tts-2013-07-15-22-13-12.913599.wav) 

2013-07-15-22-13-31.197528-CEST  DM-5       : DEBUG      
    #37414  Time: 2013-07-15-22-13-31.191106-CEST From: HUB        To: DM         Command: timeout(silence_time="3.002") 

2013-07-15-22-13-31.201825-CEST  DM-5       : DEBUG      
    DDDState Dialogue Act in: silence(time="3.002")

2013-07-15-22-13-31.206201-CEST  DM-5       : DEBUG      
    Context Resolution - Dialogue Act: silence(time="3.002")

2013-07-15-22-13-31.211148-CEST  DM-5       : DEBUG      
    DDDState - Dialogue state content:
    
    ludait = silence
    alternative = none
    from_centre = none
    from_stop = Sídliště Zahradní Město
    route_alternative = 0
    silence_time = 3.002
    time = none
    to_centre = none
    to_stop = Národní divadlo
    
    rh_alternative = system-informed
    rh_enter_at = system-informed
    rh_exit_at = system-informed
    rh_found_directions = system-informed
    rh_from_stop = system-informed
    rh_go_at = system-informed
    rh_headsign = system-informed
    rh_line = system-informed
    rh_stops_conflict = system-informed
    rh_to_stop = system-informed
    rh_vehicle = system-informed
    
    ch_alternative = system-informed
    ch_enter_at = system-informed
    ch_exit_at = system-informed
    ch_found_directions = system-informed
    ch_from_stop = system-informed
    ch_go_at = system-informed
    ch_headsign = system-informed
    ch_line = system-informed
    ch_stops_conflict = system-informed
    ch_to_stop = system-informed
    ch_vehicle = system-informed
    
    sh_alternative = system-informed
    sh_enter_at = system-informed
    sh_exit_at = system-informed
    sh_found_directions = system-informed
    sh_from_stop = system-informed
    sh_go_at = system-informed
    sh_headsign = system-informed
    sh_line = system-informed
    sh_stops_conflict = system-informed
    sh_to_stop = system-informed
    sh_vehicle = system-informed
    

2013-07-15-22-13-31.215489-CEST  DM-5       : DEBUG      
    DDDState - Dialogue state update
    
    Requested slots:
    {}
    Confirmed slots:
    {}
    Non-informed slots:
    {u'route_alternative': 0, u'silence_time': 3.002}

2013-07-15-22-13-31.219863-CEST  DM-5       : DEBUG      
    DM Output
    ------------------------------------------------------------
    silence()
    

2013-07-15-22-13-31.276608-CEST  MainProcess : INFO       
    #37419  Time: 2013-07-15-22-13-31.271560-CEST From: DM         To: HUB        DA: silence() 

2013-07-15-22-13-33.057403-CEST  MainProcess : INFO       
    #37533  Time: 2013-07-15-22-13-33.053094-CEST From: VAD        To: HUB        Command: speech_start(fname="vad-2013-07-15-22-13-32.999083.wav") 

2013-07-15-22-13-33.062645-CEST  ASR-3      : DEBUG      
    ASR: speech_start(fname="vad-2013-07-15-22-13-32.999083.wav")

2013-07-15-22-13-33.067352-CEST  MainProcess : INFO       
    #37534  Time: 2013-07-15-22-13-33.054731-CEST From: ASR        To: HUB        Command: asr_start(fname="vad-2013-07-15-22-13-32.999083.wav") 

2013-07-15-22-13-33.854906-CEST  ASR-3      : DEBUG      
    ASR: speech_end(fname="vad-2013-07-15-22-13-32.999083.wav")

2013-07-15-22-13-33.860539-CEST  MainProcess : INFO       
    #37584  Time: 2013-07-15-22-13-33.851341-CEST From: VAD        To: HUB        Command: speech_end(fname="vad-2013-07-15-22-13-32.999083.wav") 

2013-07-15-22-13-34.152113-CEST  ASR-3      : DEBUG      
    ASR Hypothesis
    ------------------------------------------------------------
    0.862 děkuji
    0.034 děkuju
    0.030 děkuji ti
    0.025 děkuji a
    0.020 děkuji i
    0.015 děkuju i
    0.010 děkuji ti i
    0.005 děkuji a i
    0.000 __other__
    

2013-07-15-22-13-34.186660-CEST  MainProcess : INFO       
    #37605  Time: 2013-07-15-22-13-34.182031-CEST From: ASR        To: HUB        Command: asr_end(fname="vad-2013-07-15-22-13-32.999083.wav") 

2013-07-15-22-13-34.790167-CEST  SLU-4      : DEBUG      
    SLU Hypothesis
    ------------------------------------------------------------
    1.000 thankyou()
    

2013-07-15-22-13-34.943367-CEST  MainProcess : INFO       
    #37655  Time: 2013-07-15-22-13-34.937531-CEST From: SLU        To: HUB        Command: slu_parsed(fname="vad-2013-07-15-22-13-32.999083.wav") 

2013-07-15-22-13-34.947825-CEST  DM-5       : DEBUG      
    DDDState Dialogue Act in: thankyou()

2013-07-15-22-13-34.952597-CEST  DM-5       : DEBUG      
    Context Resolution - Dialogue Act: thankyou()

2013-07-15-22-13-34.957794-CEST  DM-5       : DEBUG      
    DDDState - Dialogue state content:
    
    ludait = thankyou
    alternative = none
    from_centre = none
    from_stop = Sídliště Zahradní Město
    route_alternative = 0
    silence_time = 0.0
    time = none
    to_centre = none
    to_stop = Národní divadlo
    
    rh_alternative = system-informed
    rh_enter_at = system-informed
    rh_exit_at = system-informed
    rh_found_directions = system-informed
    rh_from_stop = system-informed
    rh_go_at = system-informed
    rh_headsign = system-informed
    rh_line = system-informed
    rh_stops_conflict = system-informed
    rh_to_stop = system-informed
    rh_vehicle = system-informed
    
    ch_alternative = system-informed
    ch_enter_at = system-informed
    ch_exit_at = system-informed
    ch_found_directions = system-informed
    ch_from_stop = system-informed
    ch_go_at = system-informed
    ch_headsign = system-informed
    ch_line = system-informed
    ch_stops_conflict = system-informed
    ch_to_stop = system-informed
    ch_vehicle = system-informed
    
    sh_alternative = system-informed
    sh_enter_at = system-informed
    sh_exit_at = system-informed
    sh_found_directions = system-informed
    sh_from_stop = system-informed
    sh_go_at = system-informed
    sh_headsign = system-informed
    sh_line = system-informed
    sh_stops_conflict = system-informed
    sh_to_stop = system-informed
    sh_vehicle = system-informed
    

2013-07-15-22-13-34.962207-CEST  DM-5       : DEBUG      
    DDDState - Dialogue state update
    
    Requested slots:
    {}
    Confirmed slots:
    {}
    Non-informed slots:
    {u'route_alternative': 0, u'silence_time': 0.0}

2013-07-15-22-13-35.035584-CEST  DM-5       : DEBUG      
    DM Output
    ------------------------------------------------------------
    inform(cordiality="true")&hello()
    

2013-07-15-22-13-35.079309-CEST  MainProcess : INFO       
    #37665  Time: 2013-07-15-22-13-35.074865-CEST From: DM         To: HUB        DA: inform(cordiality="true")&hello() 

2013-07-15-22-13-35.086479-CEST  NLG-6      : DEBUG      
    #37667  Time: 2013-07-15-22-13-35.081086-CEST From: HUB        To: NLG        DA: inform(cordiality="true")&hello() 

2013-07-15-22-13-35.090583-CEST  NLG-6      : DEBUG      
    NLG Output
    ------------------------------------------------------------
    Nemáte zač. S čím Vám mohu ještě pomoci.
    

2013-07-15-22-13-35.133354-CEST  MainProcess : INFO       
    #37671  Time: 2013-07-15-22-13-35.128212-CEST From: NLG        To: HUB        Command: nlg_text_generated() 

2013-07-15-22-13-35.137533-CEST  MainProcess : INFO       
    #37673  Time: 2013-07-15-22-13-35.128844-CEST From: TTS        To: HUB        Command: tts_start(user_id="None",text="Nemáte zač. S čím Vám mohu ještě pomoci.") 

2013-07-15-22-13-35.214988-CEST  ASR-3      : DEBUG      
    ASR: speech_start(fname="vad-2013-07-15-22-13-35.101890.wav")

2013-07-15-22-13-35.219600-CEST  MainProcess : INFO       
    #37753  Time: 2013-07-15-22-13-35.210578-CEST From: VAD        To: HUB        Command: speech_start(fname="vad-2013-07-15-22-13-35.101890.wav") 

2013-07-15-22-13-35.225564-CEST  MainProcess : INFO       
    #37754  Time: 2013-07-15-22-13-35.211594-CEST From: ASR        To: HUB        Command: asr_start(fname="vad-2013-07-15-22-13-35.101890.wav") 

2013-07-15-22-13-35.267608-CEST  MainProcess : INFO       
    #37675  Time: 2013-07-15-22-13-35.131114-CEST From: VoipIO     To: HUB        Command: play_utterance_start(user_id="None",fname="tts-2013-07-15-22-13-35.128659.wav") 

2013-07-15-22-13-35.275667-CEST  MainProcess : INFO       
    #37900  Time: 2013-07-15-22-13-35.270033-CEST From: TTS        To: HUB        Command: tts_end(user_id="None",text="Nemáte zač. S čím Vám mohu ještě pomoci.",fname="tts-2013-07-15-22-13-35.128659.wav",log="true") 

2013-07-15-22-13-35.960504-CEST  MainProcess : INFO       
    #37952  Time: 2013-07-15-22-13-35.956169-CEST From: VAD        To: HUB        Command: speech_end(fname="vad-2013-07-15-22-13-35.101890.wav") 

2013-07-15-22-13-35.965327-CEST  ASR-3      : DEBUG      
    ASR: speech_end(fname="vad-2013-07-15-22-13-35.101890.wav")

2013-07-15-22-13-36.224718-CEST  ASR-3      : DEBUG      
    ASR Hypothesis
    ------------------------------------------------------------
    1.000 __silence__
    0.000 __other__
    

2013-07-15-22-13-36.286786-CEST  MainProcess : INFO       
    #37973  Time: 2013-07-15-22-13-36.281724-CEST From: ASR        To: HUB        Command: asr_end(fname="vad-2013-07-15-22-13-35.101890.wav") 

2013-07-15-22-13-36.291240-CEST  SLU-4      : DEBUG      
    SLU Hypothesis
    ------------------------------------------------------------
    1.000 silence()
    

2013-07-15-22-13-36.348616-CEST  MainProcess : INFO       
    #37979  Time: 2013-07-15-22-13-36.344208-CEST From: SLU        To: HUB        Command: slu_parsed(fname="vad-2013-07-15-22-13-35.101890.wav") 

2013-07-15-22-13-36.353274-CEST  DM-5       : DEBUG      
    DDDState Dialogue Act in: silence()

2013-07-15-22-13-36.357695-CEST  DM-5       : DEBUG      
    Context Resolution - Dialogue Act: silence()

2013-07-15-22-13-36.362761-CEST  DM-5       : DEBUG      
    DDDState - Dialogue state content:
    
    ludait = silence
    alternative = none
    from_centre = none
    from_stop = Sídliště Zahradní Město
    route_alternative = 0
    silence_time = 0.0
    time = none
    to_centre = none
    to_stop = Národní divadlo
    
    rh_alternative = system-informed
    rh_cordiality = system-informed
    rh_enter_at = system-informed
    rh_exit_at = system-informed
    rh_found_directions = system-informed
    rh_from_stop = system-informed
    rh_go_at = system-informed
    rh_headsign = system-informed
    rh_line = system-informed
    rh_stops_conflict = system-informed
    rh_to_stop = system-informed
    rh_vehicle = system-informed
    
    ch_alternative = system-informed
    ch_cordiality = system-informed
    ch_enter_at = system-informed
    ch_exit_at = system-informed
    ch_found_directions = system-informed
    ch_from_stop = system-informed
    ch_go_at = system-informed
    ch_headsign = system-informed
    ch_line = system-informed
    ch_stops_conflict = system-informed
    ch_to_stop = system-informed
    ch_vehicle = system-informed
    
    sh_alternative = system-informed
    sh_cordiality = system-informed
    sh_enter_at = system-informed
    sh_exit_at = system-informed
    sh_found_directions = system-informed
    sh_from_stop = system-informed
    sh_go_at = system-informed
    sh_headsign = system-informed
    sh_line = system-informed
    sh_stops_conflict = system-informed
    sh_to_stop = system-informed
    sh_vehicle = system-informed
    

2013-07-15-22-13-36.367556-CEST  DM-5       : DEBUG      
    DDDState - Dialogue state update
    
    Requested slots:
    {}
    Confirmed slots:
    {}
    Non-informed slots:
    {u'route_alternative': 0, u'silence_time': 0.0}

2013-07-15-22-13-36.453870-CEST  DM-5       : DEBUG      
    DM Output
    ------------------------------------------------------------
    silence()
    

2013-07-15-22-13-36.507709-CEST  MainProcess : INFO       
    #37993  Time: 2013-07-15-22-13-36.502207-CEST From: DM         To: HUB        DA: silence() 

2013-07-15-22-13-38.682450-CEST  MainProcess : INFO       
    #38110  Time: 2013-07-15-22-13-38.402804-CEST From: VoipIO     To: HUB        Command: play_utterance_end(user_id="None",fname="tts-2013-07-15-22-13-35.128659.wav) 

2013-07-15-22-13-40.506332-CEST  ASR-3      : DEBUG      
    ASR: speech_start(fname="vad-2013-07-15-22-13-40.409804.wav")

2013-07-15-22-13-40.511012-CEST  MainProcess : INFO       
    #38244  Time: 2013-07-15-22-13-40.500979-CEST From: VAD        To: HUB        Command: speech_start(fname="vad-2013-07-15-22-13-40.409804.wav") 

2013-07-15-22-13-40.516934-CEST  MainProcess : INFO       
    #38245  Time: 2013-07-15-22-13-40.502250-CEST From: ASR        To: HUB        Command: asr_start(fname="vad-2013-07-15-22-13-40.409804.wav") 

2013-07-15-22-13-41.910105-CEST  VoipIO-1   : DEBUG      
    CallCallback::on_state : Call with "736131551" <sip:736131551@195.113.20.160> is DISCONNCTD last code = 200 (Normal call clearing)

2013-07-15-22-13-41.924368-CEST  ASR-3      : DEBUG      
    ASR: speech_end(fname="vad-2013-07-15-22-13-40.409804.wav")

2013-07-15-22-13-41.929503-CEST  MainProcess : INFO       
    #38335  Time: 2013-07-15-22-13-41.920060-CEST From: VAD        To: HUB        Command: speech_end(fname="vad-2013-07-15-22-13-40.409804.wav") 

2013-07-15-22-13-42.026647-CEST  VoipIO-1   : DEBUG      
    VoipIO::on_call_disconnected

2013-07-15-22-13-42.032478-CEST  MainProcess : INFO       
    #38336  Time: 2013-07-15-22-13-42.027810-CEST From: VoipIO     To: HUB        Command: call_disconnected(remote_uri="736131551") 

