2013-06-17-19-03-32.575479-CEST  VoipIO-1   : DEBUG      
    CallCallback::on_media_state : Media is now active

2013-06-17-19-03-32.582237-CEST  VoipIO-1   : DEBUG      
    CallCallback::on_state : Call with "737758650" <sip:737758650@195.113.20.160> is CONNECTING last code = 200 (OK)

2013-06-17-19-03-32.590054-CEST  VoipIO-1   : DEBUG      
    VoipIO::on_call_connecting

2013-06-17-19-03-32.593800-CEST  MainProcess : SYSTEM-LOG 
    config = { 'ASR': { 'Google': { 'debug': False, 'language': 'cs', 'maxresults': 20},
               'Julius': { 'adinnetport': 5530,
                           'binary': '/usr/local/bin/julius',
                           'debug': False,
                           'hostname': 'localhost',
                           'jconf': { '-adport': '5530',
                                      '-b': '1000',
                                      '-b2': '100',
                                      '-cmnload': 'cmn.param',
                                      '-cmnmapweight': '200',
                                      '-cmnsave': 'cmn.param',
                                      '-confnet': '',
                                      '-fallback1pass': '',
                                      '-gprune': 'safe',
                                      '-h': '/mnt/h/jurcicek/vystadial-git/alex/resources/asr/voip_en/hmmdefs',
                                      '-hlist': '/mnt/h/jurcicek/vystadial-git/alex/resources/asr/voip_en/tiedlist',
                                      '-htkconf': '/mnt/h/jurcicek/vystadial-git/alex/resources/asr/voip_en/config',
                                      '-input': 'adinnet',
                                      '-iwsp': '',
                                      '-iwsppenalty': '0.0',
                                      '-lmp': '15.0 0.0',
                                      '-lmp2': '15.0 0.0',
                                      '-mapunk': 'UM',
                                      '-module': '10500',
                                      '-n': '50',
                                      '-nlr': '/mnt/h/jurcicek/vystadial-git/alex/resources/lm/caminfo/julius_arpa_bigram',
                                      '-no_ccd': '',
                                      '-nrl': '/mnt/h/jurcicek/vystadial-git/alex/resources/lm/caminfo/julius_arpa_rev_bigram',
                                      '-silhead': '<s>',
                                      '-siltail': '</s>',
                                      '-spmodel': 'sp',
                                      '-tmix': '4',
                                      '-v': '/mnt/h/jurcicek/vystadial-git/alex/resources/lm/caminfo/julius_dict'},
                           'jconffile': 'julius.jconf',
                           'killall': False,
                           'logfile': 'julius.log',
                           'msg_timeout': 0.3,
                           'pidfile': 'julius.pid',
                           'reuse_server': False,
                           'serverport': 10500,
                           'start_max_wait_time': 15,
                           'start_wait_time': 0.5,
                           'timeout': 2.0},
               'debug': True,
               'type': 'Google'},
      'AlexOnTheBus': { 'max_turns': 30},
      'Audio': { 'sample_rate': 16000, 'samples_per_frame': 256},
      'AudioIO': { 'debug': True, 'output_dir': './aio_call_log', 'play_buffer_size': 1024},
      'DM': { 'PUfalRuleDM': { 'code_submit_url': None,
                               'db_cfg': '/mnt/h/jurcicek/vystadial-git/alex/resources/../applications/CamInfoRest/cued_data/CIRdbase_V7_noloc.txt',
                               'ontology': '/mnt/h/jurcicek/vystadial-git/alex/resources/../applications/CamInfoRest/ontology.cfg',
                               'provide_code': False},
              'UfalRuleDM': { 'code_submit_url': None,
                              'db_cfg': '/mnt/h/jurcicek/vystadial-git/alex/resources/../applications/CamInfoRest/cued_data/CIRdbase_V7_noloc.txt',
                              'ontology': '/mnt/h/jurcicek/vystadial-git/alex/resources/../applications/CamInfoRest/ontology.cfg',
                              'provide_code': False},
              'basic': { 'debug': True},
              'debug': True,
              'dialogue_policy': { 'type': <class 'alex.applications.AlexOnTheBus.aotb_hdc_policy.AOTBHDCPolicy'>},
              'dialogue_state': { 'type': <class 'alex.components.dm.dddstate.DeterministicDiscriminativeDialogueState'>},
              'ontology': '/mnt/h/jurcicek/vystadial-git/alex/applications/AlexOnTheBus/data/ontology.py',
              'type': 'basic'},
      'General': { 'include': ['/mnt/h/jurcicek/vystadial-git/alex/resources/private/default.cfg']},
      'Hub': { 'history_file': 'hub_history_hub.txt', 'history_length': 1000, 'main_loop_sleep_time': 0.005},
      'Logging': { 'session_logger': SessionLogger(),
                   'system_logger': SystemLogger(stdout_log_level='ERROR', stdout=True, file_log_level='ERROR', output_dir=/net/projects/vystadial/data/call-logs/2013-05-30-alex-aotb-prototype),
                   'system_name': 'Alex On The Bus - Live',
                   'version': '1.0'},
      'NLG': { 'Template': { 'model': '/mnt/h/jurcicek/vystadial-git/alex/applications/AlexOnTheBus/nlg_templates.cfg'},
               'debug': True,
               'type': 'Template'},
      'SHub': { 'history_file': 'hub_history_shub.txt', 'history_length': 1000},
      'SLU': { 'cl-tracing': { 'cldb_fname': '/mnt/h/jurcicek/vystadial-git/alex/resources/../applications/CamInfoRest/data/database.py',
                               'do_preprocessing': True,
                               'features_type': ('ngram',),
                               'testing': { 'max_examples': None,
                                            'min_perc': 80,
                                            'model_fname': '/mnt/h/jurcicek/vystadial-git/alex/resources/../applications/CamInfoRest/models/130516_minf60-minfc35-mind60.slu_model.gz',
                                            'renormalise': True,
                                            'threshold': None,
                                            'vanilla': True},
                               'training': { 'models_dir': 'models'}},
               'debug': True,
               'type': <class 'alex.applications.AlexOnTheBus.aotb_slu.AOTBSLU'>,
               <class 'alex.applications.AlexOnTheBus.aotb_slu.AOTBSLU'>: { 'cldb_fname': '/mnt/h/jurcicek/vystadial-git/alex/applications/AlexOnTheBus/data/database.py',
                                                                            'preprocessing_cls': <class 'alex.applications.AlexOnTheBus.aotb_preprocessing.AOTBSLUPreprocessing'>,
                                                                            'training': { 'models_dir': 'models'}}},
      'THub': { 'history_file': 'hub_history_thub.txt', 'history_length': 1000},
      'TTS': { 'Flite': { 'debug': False,
                          'preprocessing': '/mnt/h/jurcicek/vystadial-git/alex/resources/tts/prep_flite_en.cfg',
                          'voice': 'kal16'},
               'Google': { 'debug': False,
                           'language': 'en',
                           'preprocessing': '/mnt/h/jurcicek/vystadial-git/alex/resources/tts/prep_google_en.cfg'},
               'SpeechTech': { 'debug': True,
                               'login': 'filipjurcicek',
    # this line was removed since it included a password
                               'preprocessing': '/mnt/h/jurcicek/vystadial-git/alex/resources/tts/prep_speechtech_cs.cfg',
                               'voice': 'Iva210'},
               'VoiceRSS': { 'api_key': '3b6a9fca5d724b1c8ac34691586cdda1'},
               'VoiceRss': { 'language': 'en-gb',
                             'preprocessing': '/mnt/h/jurcicek/vystadial-git/alex/resources/tts/prep_voicerss_en.cfg'},
               'debug': True,
               'type': 'SpeechTech'},
      'VAD': { 'debug': False,
               'decision_frames_sil': 25,
               'decision_frames_speech': 10,
               'decision_non_speech_threshold': 0.2,
               'decision_speech_threshold': 0.7,
               'gmm': { 'ceplifter': 22,
                        'enormalise': True,
                        'filter_length': 5,
                        'frameshift': 160,
                        'framesize': 512,
                        'frontend': 'MFCC',
                        'hifreq': 3800,
                        'lofreq': 125,
                        'numceps': 12,
                        'numchans': 26,
                        'preemcoef': 0.97,
                        'sil_model': '/mnt/h/jurcicek/vystadial-git/alex/resources/vad/voip_en/vad_sil_sds_mfcc_m064_f100000.gmm',
                        'speech_model': '/mnt/h/jurcicek/vystadial-git/alex/resources/vad/voip_en/vad_speech_sds_mfcc_m064_f100000.gmm',
                        'useacc': True,
                        'usec0': False,
                        'usecmn': False,
                        'usedelta': True,
                        'usehamming': True,
                        'usepower': True,
                        'zmeansource': True},
               'power': { 'adaptation_frames': 30, 'threshold': 70, 'threshold_multiplier': 1.0},
               'speech_buffer_frames': 20,
               'type': 'gmm'},
      'VoipHub': { 'blacklist_for': 7200,
                   'call_db': '/mnt/h/jurcicek/vystadial-git/alex/applications/AlexOnTheBus/call_db.pckl',
                   'hard_time_limit': 360,
                   'hard_turn_limit': 40,
                   'history_length': 1000,
                   'last_period_max_num_calls': 100,
                   'last_period_max_total_time': 1800,
                   'limit_reached_message': u'D\u011bkujeme za zavol\xe1n\xed, ale u\u017e jste volali hodn\u011b. Pros\xedm zavolejte pozd\u011bji. Na shledanou.',
                   'period': 172800,
                   'wait_time_before_calling_back': 10},
      'VoipIO': { 'allowed_hosts': '',
                  'allowed_phone_numbers': '(^[234567])',
                  'allowed_users': '(^[234567])',
                  'debug': True,
                  'domain': 'vystadial.ms.mff.cuni.cz',
                  'forbidden_hosts': '',
                  'forbidden_phone_number': '(^112$|^150$|^155$|^156$|^158$)',
                  'forbidden_users': '(^112$|^150$|^155$|^156$|^158$)',
    # this line was removed since it included a password
                  'pjsip_log_level': 3,
                  'reject_calls': False,
                  'user': '800899998'},
      'WebHub': { 'port': 8000}}
    

2013-06-17-19-03-32.602540-CEST  VoipIO-1   : DEBUG      
    CallCallback::on_state : Call with "737758650" <sip:737758650@195.113.20.160> is CONFIRMED last code = 200 (OK)

2013-06-17-19-03-32.610657-CEST  MainProcess : INFO       
    From: VoipIO     To: HUB        Command: incoming_call(remote_uri="737758650") 

2013-06-17-19-03-32.646457-CEST  VoipIO-1   : DEBUG      
    VoipIO::on_call_confirmed

2013-06-17-19-03-32.684062-CEST  MainProcess : INFO       
    From: VoipIO     To: HUB        Command: call_connecting(remote_uri="737758650") 

2013-06-17-19-03-32.697380-CEST  MainProcess : INFO       
    From: VoipIO     To: HUB        Command: call_confirmed(remote_uri="737758650") 

2013-06-17-19-03-32.704973-CEST  MainProcess : INFO       
    
    ========================================================================================================================
    Incoming call from :          737758650
    ------------------------------------------------------------------------------------------------------------------------
    Total calls:                  0
    Total time (min):             0.0
    Last period total calls:      0
    Last period total time (min): 0.0
    ------------------------------------------------------------------------------------------------------------------------
    CALL ACCEPTED
    ========================================================================================================================
    

2013-06-17-19-03-32.713983-CEST  DM-5       : DEBUG      
    From: HUB        To: DM         Command: new_dialogue() 

2013-06-17-19-03-32.722079-CEST  DM-5       : DEBUG      
    DM Output
    ------------------------------------------------------------
    hello()
    

2013-06-17-19-03-32.759866-CEST  MainProcess : INFO       
    From: DM         To: HUB        Command: dm_da_generated() 

2013-06-17-19-03-32.768359-CEST  NLG-6      : DEBUG      
    NLG Output
    ------------------------------------------------------------
    Dobrý den, dovolali jste se na informace o veřejné dopravě v Praze. Tato experimentální služba je poskytována laboratoří výzkumu hlasových dialogových systémů na Ústavu Formální a Aplikované Lingvistiky na Karlově Univerzitě. Hovor je nahráván. Více informací o této službě je na internetu. Jak Vám mohu pomoci. 
    

2013-06-17-19-03-32.795152-CEST  MainProcess : INFO       
    From: NLG        To: HUB        Command: nlg_text_generated() 

2013-06-17-19-03-32.820321-CEST  MainProcess : INFO       
    From: TTS        To: HUB        Command: tts_start(user_id="None",text="Dobrý den, dovolali jste se na informace o veřejné dopravě v Praze. Tato experimentální služba je poskytována laboratoří výzkumu hlasových dialogových systémů na Ústavu Formální a Aplikované Lingvistiky na Karlově Univerzitě. Hovor je nahráván. Více informací o této službě je na internetu. Jak Vám mohu pomoci. ") 

2013-06-17-19-03-32.889169-CEST  MainProcess : INFO       
    From: VoipIO     To: HUB        Command: play_utterance_start(user_id="None",fname="tts-2013-06-17-19-03-32.787525.wav") 

2013-06-17-19-03-33.103925-CEST  MainProcess : INFO       
    From: TTS        To: HUB        Command: tts_end(user_id="None",text="Dobrý den, dovolali jste se na informace o veřejné dopravě v Praze. Tato experimentální služba je poskytována laboratoří výzkumu hlasových dialogových systémů na Ústavu Formální a Aplikované Lingvistiky na Karlově Univerzitě. Hovor je nahráván. Více informací o této službě je na internetu. Jak Vám mohu pomoci. ",fname="tts-2013-06-17-19-03-32.787525.wav") 

2013-06-17-19-03-58.395689-CEST  MainProcess : INFO       
    From: VoipIO     To: HUB        Command: play_utterance_end(user_id="None",fname="tts-2013-06-17-19-03-32.787525.wav) 

2013-06-17-19-04-00.580817-CEST  MainProcess : INFO       
    From: VAD        To: HUB        Command: speech_start(fname="vad-2013-06-17-19-04-00.546571.wav") 

2013-06-17-19-04-00.588661-CEST  MainProcess : INFO       
    From: ASR        To: HUB        Command: asr_start() 

2013-06-17-19-04-00.596791-CEST  ASR-3      : DEBUG      
    ASR: speech_start()

2013-06-17-19-04-02.572966-CEST  MainProcess : INFO       
    From: VAD        To: HUB        Command: speech_end(fname="vad-2013-06-17-19-04-00.546571.wav") 

2013-06-17-19-04-02.582708-CEST  ASR-3      : DEBUG      
    ASR: speech_end()

2013-06-17-19-04-03.312572-CEST  ASR-3      : DEBUG      
    ASR Hypothesis
    ------------------------------------------------------------
    0.933 prosím o sdělení
    0.012 prosím o sdělení i
    0.011 prosím o sdělení zda
    0.010 prosím o sdělení o
    0.008 prosím o sdělení jít
    0.007 prosím o sdělení jít o
    0.006 prosím o schválení i
    0.005 prosím o si dělení i
    0.004 prosím o schválení jít
    0.002 prosím o si dělení jít
    0.001 prosím o asi dělení i
    0.000 __other__
    

2013-06-17-19-04-03.342528-CEST  MainProcess : INFO       
    From: ASR        To: HUB        Command: asr_end() 

2013-06-17-19-04-04.225460-CEST  SLU-4      : DEBUG      
    SLU Hypothesis
    ------------------------------------------------------------
    1.000 other()
    

2013-06-17-19-04-04.254678-CEST  DM-5       : DEBUG      
    DDDState Dialogue Act in: other()

2013-06-17-19-04-04.262158-CEST  MainProcess : INFO       
    From: SLU        To: HUB        Command: slu_parsed() 

2013-06-17-19-04-04.269929-CEST  DM-5       : DEBUG      
    Context Resolution - Dialogue Act: other()

2013-06-17-19-04-04.277206-CEST  DM-5       : DEBUG      
    DDDState - Dialogue state content:
    
    lda = None
    
    
    
    

2013-06-17-19-04-04.285031-CEST  DM-5       : DEBUG      
    DDDState
    
    Requested slots:
    {}
    Confirmed slots:
    {}
    Non-informed slots:
    {}

2013-06-17-19-04-04.292675-CEST  DM-5       : DEBUG      
    DM Output
    ------------------------------------------------------------
    request(from_stop)
    

2013-06-17-19-04-04.326340-CEST  NLG-6      : DEBUG      
    NLG Output
    ------------------------------------------------------------
    Z jaké zastávky chcete jet?
    

2013-06-17-19-04-04.334672-CEST  MainProcess : INFO       
    From: DM         To: HUB        Command: dm_da_generated() 

2013-06-17-19-04-04.357173-CEST  MainProcess : INFO       
    From: NLG        To: HUB        Command: nlg_text_generated() 

2013-06-17-19-04-04.364749-CEST  MainProcess : INFO       
    From: TTS        To: HUB        Command: tts_start(user_id="None",text="Z jaké zastávky chcete jet?") 

2013-06-17-19-04-04.385218-CEST  MainProcess : INFO       
    From: VoipIO     To: HUB        Command: play_utterance_start(user_id="None",fname="tts-2013-06-17-19-04-04.339107.wav") 

2013-06-17-19-04-04.392874-CEST  MainProcess : INFO       
    From: TTS        To: HUB        Command: tts_end(user_id="None",text="Z jaké zastávky chcete jet?",fname="tts-2013-06-17-19-04-04.339107.wav") 

2013-06-17-19-04-05.195958-CEST  MainProcess : INFO       
    From: VAD        To: HUB        Command: speech_start(fname="vad-2013-06-17-19-04-05.165280.wav") 

2013-06-17-19-04-05.204712-CEST  ASR-3      : DEBUG      
    ASR: speech_start()

2013-06-17-19-04-05.214883-CEST  MainProcess : INFO       
    From: ASR        To: HUB        Command: asr_start() 

2013-06-17-19-04-05.224264-CEST  VoipIO-1   : DEBUG      
    From: HUB        To: VIO        Command: flush_out() 

2013-06-17-19-04-07.170099-CEST  ASR-3      : DEBUG      
    ASR: speech_end()

2013-06-17-19-04-07.177280-CEST  MainProcess : INFO       
    From: VAD        To: HUB        Command: speech_end(fname="vad-2013-06-17-19-04-05.165280.wav") 

2013-06-17-19-04-07.789954-CEST  ASR-3      : DEBUG      
    ASR Hypothesis
    ------------------------------------------------------------
    0.710 autobusové spojení
    0.039 autobusová spojení
    0.036 autobus spojení
    0.033 autobusy spojení
    0.030 autobusový spojení
    0.028 autobusové spojení s
    0.025 autobusové spojení i
    0.022 autobus spojení s
    0.019 autobusová spojení s
    0.017 autobusy spojení s
    0.014 autobusový spojení s
    0.011 autobus spojení i
    0.008 autobusová spojení i
    0.006 autobusy spojení i
    0.003 autobusový spojení i
    0.000 __other__
    

2013-06-17-19-04-07.813559-CEST  MainProcess : INFO       
    From: ASR        To: HUB        Command: asr_end() 

2013-06-17-19-04-08.476105-CEST  SLU-4      : DEBUG      
    SLU Hypothesis
    ------------------------------------------------------------
    1.000 other()
    

2013-06-17-19-04-08.501291-CEST  DM-5       : DEBUG      
    DDDState Dialogue Act in: other()

2013-06-17-19-04-08.509323-CEST  MainProcess : INFO       
    From: SLU        To: HUB        Command: slu_parsed() 

2013-06-17-19-04-08.517415-CEST  DM-5       : DEBUG      
    Context Resolution - Dialogue Act: other()

2013-06-17-19-04-08.525341-CEST  DM-5       : DEBUG      
    DDDState - Dialogue state content:
    
    lda = None
    from_centre = None
    from_stop = None
    time = None
    to_centre = None
    to_stop = None
    
    
    
    

2013-06-17-19-04-08.533052-CEST  DM-5       : DEBUG      
    DDDState
    
    Requested slots:
    {}
    Confirmed slots:
    {}
    Non-informed slots:
    {}

2013-06-17-19-04-08.541397-CEST  DM-5       : DEBUG      
    DM Output
    ------------------------------------------------------------
    request(time)
    

2013-06-17-19-04-08.583187-CEST  NLG-6      : DEBUG      
    NLG Output
    ------------------------------------------------------------
    Kdy chcete jet?
    

2013-06-17-19-04-08.590870-CEST  MainProcess : INFO       
    From: DM         To: HUB        Command: dm_da_generated() 

2013-06-17-19-04-08.616115-CEST  MainProcess : INFO       
    From: NLG        To: HUB        Command: nlg_text_generated() 

2013-06-17-19-04-08.630167-CEST  MainProcess : INFO       
    From: TTS        To: HUB        Command: tts_start(user_id="None",text="Kdy chcete jet?") 

2013-06-17-19-04-08.638604-CEST  ASR-3      : DEBUG      
    ASR: speech_start()

2013-06-17-19-04-08.646053-CEST  MainProcess : INFO       
    From: VAD        To: HUB        Command: speech_start(fname="vad-2013-06-17-19-04-08.562259.wav") 

2013-06-17-19-04-08.654004-CEST  MainProcess : INFO       
    From: ASR        To: HUB        Command: asr_start() 

2013-06-17-19-04-08.661526-CEST  MainProcess : INFO       
    From: TTS        To: HUB        Command: tts_end(user_id="None",text="Kdy chcete jet?",fname="tts-2013-06-17-19-04-08.601888.wav") 

2013-06-17-19-04-08.674753-CEST  MainProcess : INFO       
    From: VoipIO     To: HUB        Command: play_utterance_start(user_id="None",fname="tts-2013-06-17-19-04-08.601888.wav") 

2013-06-17-19-04-10.372514-CEST  ASR-3      : DEBUG      
    ASR: speech_end()

2013-06-17-19-04-10.379673-CEST  MainProcess : INFO       
    From: VAD        To: HUB        Command: speech_end(fname="vad-2013-06-17-19-04-08.562259.wav") 

2013-06-17-19-04-10.742680-CEST  MainProcess : INFO       
    From: VoipIO     To: HUB        Command: play_utterance_end(user_id="None",fname="tts-2013-06-17-19-04-08.601888.wav) 

2013-06-17-19-04-10.960102-CEST  ASR-3      : DEBUG      
    ASR Hypothesis
    ------------------------------------------------------------
    0.639 želivecká strašnice
    0.080 želivecká strašnická
    0.070 želivecká strašnic
    0.060 želivecká strašnické
    0.050 želivecká strašně
    0.040 želivecká a strašnice
    0.030 želivecká a strašnická
    0.020 želivecká a strašnic
    0.010 želivecká a strašnické
    0.000 __other__
    

2013-06-17-19-04-10.982400-CEST  MainProcess : INFO       
    From: ASR        To: HUB        Command: asr_end() 

2013-06-17-19-04-11.360095-CEST  SLU-4      : DEBUG      
    SLU Hypothesis
    ------------------------------------------------------------
    0.860 inform(="Želivecká")
    0.140 inform(to_stop="Strašnická")
    0.140 inform(from_stop="Želivecká")
    0.040 inform(="Strašnická")
    

2013-06-17-19-04-11.388974-CEST  MainProcess : INFO       
    From: SLU        To: HUB        Command: slu_parsed() 

2013-06-17-19-04-11.397297-CEST  DM-5       : DEBUG      
    DDDState Dialogue Act in: inform(="Želivecká")

2013-06-17-19-04-11.407052-CEST  DM-5       : DEBUG      
    Context Resolution - Dialogue Act: inform(="Želivecká")

2013-06-17-19-04-11.415955-CEST  DM-5       : DEBUG      
    DDDState - Dialogue state content:
    
    lda = None
    from_centre = None
    from_stop = None
    time = None
    to_centre = None
    to_stop = None
    
    
    
    

2013-06-17-19-04-11.423821-CEST  DM-5       : DEBUG      
    DDDState
    
    Requested slots:
    {}
    Confirmed slots:
    {}
    Non-informed slots:
    {}

2013-06-17-19-04-11.432463-CEST  DM-5       : DEBUG      
    DM Output
    ------------------------------------------------------------
    request(from_stop)&request(to_stop)
    

2013-06-17-19-04-11.478922-CEST  MainProcess : INFO       
    From: DM         To: HUB        Command: dm_da_generated() 

2013-06-17-19-04-11.487595-CEST  NLG-6      : DEBUG      
    NLG Output
    ------------------------------------------------------------
    Odkud a kam chcete jet?
    

2013-06-17-19-04-11.527845-CEST  MainProcess : INFO       
    From: NLG        To: HUB        Command: nlg_text_generated() 

2013-06-17-19-04-11.534683-CEST  MainProcess : INFO       
    From: TTS        To: HUB        Command: tts_start(user_id="None",text="Odkud a kam chcete jet?") 

2013-06-17-19-04-11.561654-CEST  MainProcess : INFO       
    From: VoipIO     To: HUB        Command: play_utterance_start(user_id="None",fname="tts-2013-06-17-19-04-11.508392.wav") 

2013-06-17-19-04-11.568543-CEST  MainProcess : INFO       
    From: TTS        To: HUB        Command: tts_end(user_id="None",text="Odkud a kam chcete jet?",fname="tts-2013-06-17-19-04-11.508392.wav") 

2013-06-17-19-04-12.105327-CEST  MainProcess : INFO       
    From: VAD        To: HUB        Command: speech_start(fname="vad-2013-06-17-19-04-12.065698.wav") 

2013-06-17-19-04-12.114141-CEST  ASR-3      : DEBUG      
    ASR: speech_start()

2013-06-17-19-04-12.129428-CEST  MainProcess : INFO       
    From: ASR        To: HUB        Command: asr_start() 

2013-06-17-19-04-12.137632-CEST  VoipIO-1   : DEBUG      
    From: HUB        To: VIO        Command: flush_out() 

2013-06-17-19-04-13.330103-CEST  ASR-3      : DEBUG      
    ASR: speech_end()

2013-06-17-19-04-13.336902-CEST  MainProcess : INFO       
    From: VAD        To: HUB        Command: speech_end(fname="vad-2013-06-17-19-04-12.065698.wav") 

2013-06-17-19-04-13.709233-CEST  ASR-3      : DEBUG      
    ASR Hypothesis
    ------------------------------------------------------------
    0.917 za půl hodiny
    0.012 za půl hodin
    0.011 za půl hodiny a
    0.010 za půl hodiny i
    0.009 za půl hoďky
    0.008 na půl hodiny a
    0.007 za půl hodin i
    0.006 za půl hoďky i
    0.005 za půl hodiny i i
    0.005 za půl hodiny a i
    0.004 za půl hodin a
    0.003 za půl hoďky a
    0.002 za půl hodiny i a
    0.001 za půl hodiny a a
    0.000 __other__
    

2013-06-17-19-04-13.735357-CEST  MainProcess : INFO       
    From: ASR        To: HUB        Command: asr_end() 

2013-06-17-19-04-14.362646-CEST  SLU-4      : DEBUG      
    SLU Hypothesis
    ------------------------------------------------------------
    1.000 other()
    

2013-06-17-19-04-14.392355-CEST  DM-5       : DEBUG      
    DDDState Dialogue Act in: other()

2013-06-17-19-04-14.400751-CEST  MainProcess : INFO       
    From: SLU        To: HUB        Command: slu_parsed() 

2013-06-17-19-04-14.409287-CEST  DM-5       : DEBUG      
    Context Resolution - Dialogue Act: other()

2013-06-17-19-04-14.417428-CEST  DM-5       : DEBUG      
    DDDState - Dialogue state content:
    
    lda = None
    from_centre = None
    from_stop = None
    time = None
    to_centre = None
    to_stop = None
    
    
    
    

2013-06-17-19-04-14.425291-CEST  DM-5       : DEBUG      
    DDDState
    
    Requested slots:
    {}
    Confirmed slots:
    {}
    Non-informed slots:
    {}

2013-06-17-19-04-14.433536-CEST  DM-5       : DEBUG      
    DM Output
    ------------------------------------------------------------
    request(from_stop)
    

2013-06-17-19-04-14.479987-CEST  NLG-6      : DEBUG      
    NLG Output
    ------------------------------------------------------------
    Z jaké zastávky chcete jet?
    

2013-06-17-19-04-14.489523-CEST  MainProcess : INFO       
    From: DM         To: HUB        Command: dm_da_generated() 

2013-06-17-19-04-14.520645-CEST  MainProcess : INFO       
    From: NLG        To: HUB        Command: nlg_text_generated() 

2013-06-17-19-04-14.528099-CEST  MainProcess : INFO       
    From: TTS        To: HUB        Command: tts_start(user_id="None",text="Z jaké zastávky chcete jet?") 

2013-06-17-19-04-14.556601-CEST  MainProcess : INFO       
    From: VoipIO     To: HUB        Command: play_utterance_start(user_id="None",fname="tts-2013-06-17-19-04-14.501994.wav") 

2013-06-17-19-04-14.564235-CEST  MainProcess : INFO       
    From: TTS        To: HUB        Command: tts_end(user_id="None",text="Z jaké zastávky chcete jet?",fname="tts-2013-06-17-19-04-14.501994.wav") 

2013-06-17-19-04-17.461957-CEST  MainProcess : INFO       
    From: VoipIO     To: HUB        Command: play_utterance_end(user_id="None",fname="tts-2013-06-17-19-04-14.501994.wav) 

2013-06-17-19-04-18.206861-CEST  ASR-3      : DEBUG      
    ASR: speech_start()

2013-06-17-19-04-18.214008-CEST  MainProcess : INFO       
    From: VAD        To: HUB        Command: speech_start(fname="vad-2013-06-17-19-04-18.156791.wav") 

2013-06-17-19-04-18.221715-CEST  MainProcess : INFO       
    From: ASR        To: HUB        Command: asr_start() 

2013-06-17-19-04-19.595113-CEST  ASR-3      : DEBUG      
    ASR: speech_end()

2013-06-17-19-04-19.602438-CEST  MainProcess : INFO       
    From: VAD        To: HUB        Command: speech_end(fname="vad-2013-06-17-19-04-18.156791.wav") 

2013-06-17-19-04-20.296965-CEST  ASR-3      : DEBUG      
    ASR Hypothesis
    ------------------------------------------------------------
    0.240 je livečka
    0.089 je li wecka
    0.084 ivetka
    0.078 je liberecká
    0.073 je li vecka
    0.067 jelly wecka
    0.062 jelly vecka
    0.056 jeli wecka
    0.050 jeli vecka
    0.045 jely wecka
    0.039 je live tečka
    0.034 jely vecka
    0.028 ě livečka
    0.022 live tečka
    0.017 ě liberecká
    0.011 illy wecka
    0.006 illy vecka
    0.000 __other__
    

2013-06-17-19-04-20.329903-CEST  MainProcess : INFO       
    From: ASR        To: HUB        Command: asr_end() 

2013-06-17-19-04-21.087381-CEST  SLU-4      : DEBUG      
    SLU Hypothesis
    ------------------------------------------------------------
    1.000 other()
    

2013-06-17-19-04-21.121590-CEST  DM-5       : DEBUG      
    DDDState Dialogue Act in: other()

2013-06-17-19-04-21.130302-CEST  MainProcess : INFO       
    From: SLU        To: HUB        Command: slu_parsed() 

2013-06-17-19-04-21.138480-CEST  DM-5       : DEBUG      
    Context Resolution - Dialogue Act: other()

2013-06-17-19-04-21.146708-CEST  DM-5       : DEBUG      
    DDDState - Dialogue state content:
    
    lda = None
    from_centre = None
    from_stop = None
    time = None
    to_centre = None
    to_stop = None
    
    
    
    

2013-06-17-19-04-21.154502-CEST  DM-5       : DEBUG      
    DDDState
    
    Requested slots:
    {}
    Confirmed slots:
    {}
    Non-informed slots:
    {}

2013-06-17-19-04-21.162616-CEST  DM-5       : DEBUG      
    DM Output
    ------------------------------------------------------------
    request(from_stop)
    

2013-06-17-19-04-21.218088-CEST  NLG-6      : DEBUG      
    NLG Output
    ------------------------------------------------------------
    Odkud chcete jet?
    

2013-06-17-19-04-21.227712-CEST  MainProcess : INFO       
    From: DM         To: HUB        Command: dm_da_generated() 

2013-06-17-19-04-21.261092-CEST  MainProcess : INFO       
    From: NLG        To: HUB        Command: nlg_text_generated() 

2013-06-17-19-04-21.268285-CEST  MainProcess : INFO       
    From: TTS        To: HUB        Command: tts_start(user_id="None",text="Odkud chcete jet?") 

2013-06-17-19-04-21.282903-CEST  MainProcess : INFO       
    From: TTS        To: HUB        Command: tts_end(user_id="None",text="Odkud chcete jet?",fname="tts-2013-06-17-19-04-21.244503.wav") 

2013-06-17-19-04-21.295133-CEST  MainProcess : INFO       
    From: VoipIO     To: HUB        Command: play_utterance_start(user_id="None",fname="tts-2013-06-17-19-04-21.244503.wav") 

2013-06-17-19-04-23.562851-CEST  MainProcess : INFO       
    From: VoipIO     To: HUB        Command: play_utterance_end(user_id="None",fname="tts-2013-06-17-19-04-21.244503.wav) 

2013-06-17-19-04-24.517307-CEST  VoipIO-1   : INFO       
    19:04:24.510    pjsua_acc.c  ....<sip:800899998@vystadial.ms.mff.cuni.cz>: registration success, status=200 (OK), will re-register in 300 seconds
    

2013-06-17-19-04-24.739304-CEST  MainProcess : INFO       
    From: VAD        To: HUB        Command: speech_start(fname="vad-2013-06-17-19-04-24.688744.wav") 

2013-06-17-19-04-24.746578-CEST  MainProcess : INFO       
    From: ASR        To: HUB        Command: asr_start() 

2013-06-17-19-04-24.754282-CEST  ASR-3      : DEBUG      
    ASR: speech_start()

2013-06-17-19-04-27.587890-CEST  MainProcess : INFO       
    From: VAD        To: HUB        Command: speech_end(fname="vad-2013-06-17-19-04-24.688744.wav") 

2013-06-17-19-04-27.594264-CEST  ASR-3      : DEBUG      
    ASR: speech_end()

2013-06-17-19-04-28.099945-CEST  ASR-3      : DEBUG      
    ASR Hypothesis
    ------------------------------------------------------------
    0.811 želivecká za stanice želivecká
    0.034 želivecká ze stanice želivecká
    0.031 želivecká stanice želivecká
    0.027 želivecká zas stanice želivecká
    0.024 želivecká zase stanice želivecká
    0.021 želivecká za stanice želivecká i
    0.017 želivecká za stanice želivecká a
    0.014 želivecká ze stanice želivecká i
    0.010 želivecká ze stanice želivecká a
    0.007 želivecká stanice želivecká i
    0.003 želivecká zas stanice želivecká i
    0.000 __other__
    

2013-06-17-19-04-28.130794-CEST  MainProcess : INFO       
    From: ASR        To: HUB        Command: asr_end() 

2013-06-17-19-04-28.611042-CEST  SLU-4      : DEBUG      
    SLU Hypothesis
    ------------------------------------------------------------
    0.907 inform(to_stop="Želivecká")
    0.093 inform(="Želivecká")
    

2013-06-17-19-04-28.645212-CEST  DM-5       : DEBUG      
    DDDState Dialogue Act in: inform(to_stop="Želivecká")

2013-06-17-19-04-28.652938-CEST  MainProcess : INFO       
    From: SLU        To: HUB        Command: slu_parsed() 

2013-06-17-19-04-28.660339-CEST  DM-5       : DEBUG      
    Context Resolution - Dialogue Act: inform(to_stop="Želivecká")

2013-06-17-19-04-28.668449-CEST  DM-5       : DEBUG      
    DDDState - Dialogue state content:
    
    lda = None
    from_centre = None
    from_stop = None
    time = None
    to_centre = None
    to_stop = Želivecká
    
    
    
    

2013-06-17-19-04-28.677185-CEST  DM-5       : DEBUG      
    DDDState
    
    Requested slots:
    {}
    Confirmed slots:
    {}
    Non-informed slots:
    {u'to_stop': u'\u017deliveck\xe1'}

2013-06-17-19-04-28.685579-CEST  DM-5       : DEBUG      
    DM Output
    ------------------------------------------------------------
    iconfirm(to_stop="Želivecká")&request(time)
    

2013-06-17-19-04-28.742740-CEST  NLG-6      : DEBUG      
    NLG Output
    ------------------------------------------------------------
    Chcete jet do zastávky Želivecká. Kdy chcete jet?
    

2013-06-17-19-04-28.752637-CEST  MainProcess : INFO       
    From: DM         To: HUB        Command: dm_da_generated() 

2013-06-17-19-04-28.777359-CEST  MainProcess : INFO       
    From: NLG        To: HUB        Command: nlg_text_generated() 

2013-06-17-19-04-28.785373-CEST  MainProcess : INFO       
    From: TTS        To: HUB        Command: tts_start(user_id="None",text="Chcete jet do zastávky Želivecká. Kdy chcete jet?") 

2013-06-17-19-04-28.808231-CEST  MainProcess : INFO       
    From: VoipIO     To: HUB        Command: play_utterance_start(user_id="None",fname="tts-2013-06-17-19-04-28.767599.wav") 

2013-06-17-19-04-32.552267-CEST  MainProcess : INFO       
    From: TTS        To: HUB        Command: tts_end(user_id="None",text="Chcete jet do zastávky Želivecká. Kdy chcete jet?",fname="tts-2013-06-17-19-04-28.767599.wav") 

2013-06-17-19-04-32.862505-CEST  MainProcess : INFO       
    From: VAD        To: HUB        Command: speech_start(fname="vad-2013-06-17-19-04-32.806819.wav") 

2013-06-17-19-04-32.870738-CEST  ASR-3      : DEBUG      
    ASR: speech_start()

2013-06-17-19-04-32.896085-CEST  MainProcess : INFO       
    From: ASR        To: HUB        Command: asr_start() 

2013-06-17-19-04-32.903930-CEST  VoipIO-1   : DEBUG      
    From: HUB        To: VIO        Command: flush_out() 

2013-06-17-19-04-33.680960-CEST  MainProcess : INFO       
    From: VAD        To: HUB        Command: speech_end(fname="vad-2013-06-17-19-04-32.806819.wav") 

2013-06-17-19-04-33.689405-CEST  ASR-3      : DEBUG      
    ASR: speech_end()

2013-06-17-19-04-34.115600-CEST  ASR-3      : DEBUG      
    ASR Hypothesis
    ------------------------------------------------------------
    0.273 česko
    0.219 4
    0.180 čt
    0.164 čtk
    0.109 tesco
    0.055 čt 4
    0.000 __other__
    

2013-06-17-19-04-34.151617-CEST  MainProcess : INFO       
    From: ASR        To: HUB        Command: asr_end() 

2013-06-17-19-04-34.415768-CEST  SLU-4      : DEBUG      
    SLU Hypothesis
    ------------------------------------------------------------
    0.891 other()
    0.109 inform(="TESCO")
    

2013-06-17-19-04-34.448944-CEST  DM-5       : DEBUG      
    DDDState Dialogue Act in: other()

2013-06-17-19-04-34.457318-CEST  MainProcess : INFO       
    From: SLU        To: HUB        Command: slu_parsed() 

2013-06-17-19-04-34.465712-CEST  DM-5       : DEBUG      
    Context Resolution - Dialogue Act: other()

2013-06-17-19-04-34.473579-CEST  DM-5       : DEBUG      
    DDDState - Dialogue state content:
    
    lda = None
    from_centre = None
    from_stop = None
    time = None
    to_centre = None
    to_stop = Želivecká
    
    rh_to_stop = system-informed
    
    ch_to_stop = system-informed
    
    sh_to_stop = system-informed
    

2013-06-17-19-04-34.481528-CEST  DM-5       : DEBUG      
    DDDState
    
    Requested slots:
    {}
    Confirmed slots:
    {}
    Non-informed slots:
    {}

2013-06-17-19-04-34.489482-CEST  DM-5       : DEBUG      
    DM Output
    ------------------------------------------------------------
    request(from_stop)
    

2013-06-17-19-04-34.599875-CEST  MainProcess : INFO       
    From: DM         To: HUB        Command: dm_da_generated() 

2013-06-17-19-04-34.607156-CEST  NLG-6      : DEBUG      
    NLG Output
    ------------------------------------------------------------
    Z jaké zastávky chcete jet?
    

2013-06-17-19-04-34.653699-CEST  MainProcess : INFO       
    From: NLG        To: HUB        Command: nlg_text_generated() 

2013-06-17-19-04-34.660983-CEST  MainProcess : INFO       
    From: TTS        To: HUB        Command: tts_start(user_id="None",text="Z jaké zastávky chcete jet?") 

2013-06-17-19-04-34.701434-CEST  MainProcess : INFO       
    From: VoipIO     To: HUB        Command: play_utterance_start(user_id="None",fname="tts-2013-06-17-19-04-34.636985.wav") 

2013-06-17-19-04-34.709291-CEST  MainProcess : INFO       
    From: TTS        To: HUB        Command: tts_end(user_id="None",text="Z jaké zastávky chcete jet?",fname="tts-2013-06-17-19-04-34.636985.wav") 

2013-06-17-19-04-37.620303-CEST  MainProcess : INFO       
    From: VoipIO     To: HUB        Command: play_utterance_end(user_id="None",fname="tts-2013-06-17-19-04-34.636985.wav) 

2013-06-17-19-04-38.821806-CEST  MainProcess : INFO       
    From: VAD        To: HUB        Command: speech_start(fname="vad-2013-06-17-19-04-38.761770.wav") 

2013-06-17-19-04-38.829102-CEST  MainProcess : INFO       
    From: ASR        To: HUB        Command: asr_start() 

2013-06-17-19-04-38.836449-CEST  ASR-3      : DEBUG      
    ASR: speech_start()

2013-06-17-19-04-40.076484-CEST  MainProcess : INFO       
    From: VAD        To: HUB        Command: speech_end(fname="vad-2013-06-17-19-04-38.761770.wav") 

2013-06-17-19-04-40.084378-CEST  ASR-3      : DEBUG      
    ASR: speech_end()

2013-06-17-19-04-40.461348-CEST  ASR-3      : DEBUG      
    ASR Hypothesis
    ------------------------------------------------------------
    0.895 želivecká
    0.023 želivec k
    0.020 želivecká i
    0.017 želivecká a
    0.015 želivec k i
    0.012 želivecká a i
    0.009 želivec k a
    0.006 želivecká a a
    0.003 želivec k a i
    0.000 __other__
    

2013-06-17-19-04-40.546560-CEST  MainProcess : INFO       
    From: ASR        To: HUB        Command: asr_end() 

2013-06-17-19-04-40.926679-CEST  SLU-4      : DEBUG      
    SLU Hypothesis
    ------------------------------------------------------------
    0.950 inform(="Želivecká")
    0.050 other()
    

2013-06-17-19-04-40.968800-CEST  MainProcess : INFO       
    From: SLU        To: HUB        Command: slu_parsed() 

2013-06-17-19-04-40.975964-CEST  DM-5       : DEBUG      
    DDDState Dialogue Act in: inform(="Želivecká")

2013-06-17-19-04-40.983036-CEST  DM-5       : DEBUG      
    Context Resolution - Dialogue Act: inform(from_stop="Želivecká")&inform(="Želivecká")

2013-06-17-19-04-40.990937-CEST  DM-5       : DEBUG      
    DDDState - Dialogue state content:
    
    lda = None
    from_centre = None
    from_stop = Želivecká
    time = None
    to_centre = None
    to_stop = Želivecká
    
    rh_to_stop = system-informed
    
    ch_to_stop = system-informed
    
    sh_to_stop = system-informed
    

2013-06-17-19-04-40.999277-CEST  DM-5       : DEBUG      
    DDDState
    
    Requested slots:
    {}
    Confirmed slots:
    {}
    Non-informed slots:
    {u'from_stop': u'\u017deliveck\xe1'}

2013-06-17-19-04-41.201926-CEST  DM-5       : DEBUG      
    DM Output
    ------------------------------------------------------------
    iconfirm(from_stop="Želivecká")&apology()&inform(from_stop="Želivecká")&inform(to_stop="Želivecká")
    

2013-06-17-19-04-41.267752-CEST  MainProcess : INFO       
    From: DM         To: HUB        Command: dm_da_generated() 

2013-06-17-19-04-41.276169-CEST  NLG-6      : DEBUG      
    NLG Output
    ------------------------------------------------------------
    Dobře, ze zastávky Želivecká. Jemi líto, ale žádné spojení jsem nenašla. Trasa ze zastávky Želivecká do zastávky Želivecká nebyla nalezena.
    

2013-06-17-19-04-41.364053-CEST  MainProcess : INFO       
    From: NLG        To: HUB        Command: nlg_text_generated() 

2013-06-17-19-04-41.370938-CEST  MainProcess : INFO       
    From: TTS        To: HUB        Command: tts_start(user_id="None",text="Dobře, ze zastávky Želivecká. Jemi líto, ale žádné spojení jsem nenašla. Trasa ze zastávky Želivecká do zastávky Želivecká nebyla nalezena.") 

2013-06-17-19-04-41.399247-CEST  MainProcess : INFO       
    From: VoipIO     To: HUB        Command: play_utterance_start(user_id="None",fname="tts-2013-06-17-19-04-41.352741.wav") 

2013-06-17-19-04-43.062891-CEST  MainProcess : INFO       
    From: VAD        To: HUB        Command: speech_start(fname="vad-2013-06-17-19-04-42.994341.wav") 

2013-06-17-19-04-43.072492-CEST  ASR-3      : DEBUG      
    ASR: speech_start()

2013-06-17-19-04-43.107061-CEST  MainProcess : INFO       
    From: ASR        To: HUB        Command: asr_start() 

2013-06-17-19-04-43.113558-CEST  VoipIO-1   : DEBUG      
    From: HUB        To: VIO        Command: flush_out() 

2013-06-17-19-04-43.166134-CEST  MainProcess : INFO       
    From: TTS        To: HUB        Command: tts_end(user_id="None",text="Dobře, ze zastávky Želivecká. Jemi líto, ale žádné spojení jsem nenašla. Trasa ze zastávky Želivecká do zastávky Želivecká nebyla nalezena.",fname="tts-2013-06-17-19-04-41.352741.wav") 

2013-06-17-19-04-43.672030-CEST  MainProcess : INFO       
    From: VAD        To: HUB        Command: speech_end(fname="vad-2013-06-17-19-04-42.994341.wav") 

2013-06-17-19-04-43.680177-CEST  ASR-3      : DEBUG      
    ASR: speech_end()

2013-06-17-19-04-43.979744-CEST  ASR-3      : DEBUG      
    ASR Hypothesis
    ------------------------------------------------------------
    1.000 __other__
    

2013-06-17-19-04-44.018546-CEST  MainProcess : INFO       
    From: ASR        To: HUB        Command: asr_end() 

2013-06-17-19-04-44.025920-CEST  SLU-4      : DEBUG      
    SLU Hypothesis
    ------------------------------------------------------------
    1.000 other()
    

2013-06-17-19-04-44.063287-CEST  MainProcess : INFO       
    From: SLU        To: HUB        Command: slu_parsed() 

2013-06-17-19-04-44.070542-CEST  DM-5       : DEBUG      
    DDDState Dialogue Act in: other()

2013-06-17-19-04-44.077300-CEST  DM-5       : DEBUG      
    Context Resolution - Dialogue Act: other()

2013-06-17-19-04-44.085068-CEST  DM-5       : DEBUG      
    DDDState - Dialogue state content:
    
    lda = None
    from_centre = None
    from_stop = Želivecká
    route_alternative = 0
    time = None
    to_centre = None
    to_stop = Želivecká
    
    rh_from_stop = system-informed
    rh_to_stop = system-informed
    
    ch_from_stop = system-informed
    ch_to_stop = system-informed
    
    sh_from_stop = system-informed
    sh_to_stop = system-informed
    

2013-06-17-19-04-44.093618-CEST  DM-5       : DEBUG      
    DDDState
    
    Requested slots:
    {}
    Confirmed slots:
    {}
    Non-informed slots:
    {u'route_alternative': 0}

2013-06-17-19-04-44.412782-CEST  DM-5       : DEBUG      
    DM Output
    ------------------------------------------------------------
    apology()&inform(from_stop="Želivecká")&inform(to_stop="Želivecká")
    

2013-06-17-19-04-44.482613-CEST  MainProcess : INFO       
    From: DM         To: HUB        Command: dm_da_generated() 

2013-06-17-19-04-44.491037-CEST  NLG-6      : DEBUG      
    NLG Output
    ------------------------------------------------------------
    Jemi líto, ale žádné spojení jsem nenašla. Trasa z Želivecká do Želivecká nebyla nalezena.
    

2013-06-17-19-04-44.546763-CEST  MainProcess : INFO       
    From: NLG        To: HUB        Command: nlg_text_generated() 

2013-06-17-19-04-44.554792-CEST  MainProcess : INFO       
    From: TTS        To: HUB        Command: tts_start(user_id="None",text="Jemi líto, ale žádné spojení jsem nenašla. Trasa z Želivecká do Želivecká nebyla nalezena.") 

2013-06-17-19-04-44.582857-CEST  MainProcess : INFO       
    From: VoipIO     To: HUB        Command: play_utterance_start(user_id="None",fname="tts-2013-06-17-19-04-44.521239.wav") 

2013-06-17-19-04-45.564224-CEST  MainProcess : INFO       
    From: TTS        To: HUB        Command: tts_end(user_id="None",text="Jemi líto, ale žádné spojení jsem nenašla. Trasa z Želivecká do Želivecká nebyla nalezena.",fname="tts-2013-06-17-19-04-44.521239.wav") 

2013-06-17-19-04-50.315202-CEST  ASR-3      : DEBUG      
    ASR: speech_start()

2013-06-17-19-04-50.322062-CEST  MainProcess : INFO       
    From: VAD        To: HUB        Command: speech_start(fname="vad-2013-06-17-19-04-50.082387.wav") 

2013-06-17-19-04-50.358654-CEST  MainProcess : INFO       
    From: ASR        To: HUB        Command: asr_start() 

2013-06-17-19-04-50.365399-CEST  VoipIO-1   : DEBUG      
    From: HUB        To: VIO        Command: flush_out() 

2013-06-17-19-04-50.966867-CEST  ASR-3      : DEBUG      
    ASR: speech_end()

2013-06-17-19-04-50.974243-CEST  MainProcess : INFO       
    From: VAD        To: HUB        Command: speech_end(fname="vad-2013-06-17-19-04-50.082387.wav") 

2013-06-17-19-04-51.349108-CEST  ASR-3      : DEBUG      
    ASR Hypothesis
    ------------------------------------------------------------
    1.000 __other__
    

2013-06-17-19-04-51.393071-CEST  MainProcess : INFO       
    From: ASR        To: HUB        Command: asr_end() 

2013-06-17-19-04-51.401553-CEST  SLU-4      : DEBUG      
    SLU Hypothesis
    ------------------------------------------------------------
    1.000 other()
    

2013-06-17-19-04-51.446803-CEST  DM-5       : DEBUG      
    DDDState Dialogue Act in: other()

2013-06-17-19-04-51.454734-CEST  DM-5       : DEBUG      
    Context Resolution - Dialogue Act: other()

2013-06-17-19-04-51.463417-CEST  DM-5       : DEBUG      
    DDDState - Dialogue state content:
    
    lda = None
    from_centre = None
    from_stop = Želivecká
    route_alternative = 0
    time = None
    to_centre = None
    to_stop = Želivecká
    
    rh_from_stop = system-informed
    rh_to_stop = system-informed
    
    ch_from_stop = system-informed
    ch_to_stop = system-informed
    
    sh_from_stop = system-informed
    sh_to_stop = system-informed
    

2013-06-17-19-04-51.471315-CEST  MainProcess : INFO       
    From: SLU        To: HUB        Command: slu_parsed() 

2013-06-17-19-04-51.478909-CEST  DM-5       : DEBUG      
    DDDState
    
    Requested slots:
    {}
    Confirmed slots:
    {}
    Non-informed slots:
    {u'route_alternative': 0}

2013-06-17-19-04-51.676084-CEST  DM-5       : DEBUG      
    DM Output
    ------------------------------------------------------------
    apology()&inform(from_stop="Želivecká")&inform(to_stop="Želivecká")
    

2013-06-17-19-04-51.746298-CEST  MainProcess : INFO       
    From: DM         To: HUB        Command: dm_da_generated() 

2013-06-17-19-04-51.753998-CEST  NLG-6      : DEBUG      
    NLG Output
    ------------------------------------------------------------
    Jemi líto, ale žádné spojení jsem nenašla. Trasa z Želivecká do Želivecká nebyla nalezena.
    

2013-06-17-19-04-51.810296-CEST  MainProcess : INFO       
    From: NLG        To: HUB        Command: nlg_text_generated() 

2013-06-17-19-04-51.817668-CEST  MainProcess : INFO       
    From: TTS        To: HUB        Command: tts_start(user_id="None",text="Jemi líto, ale žádné spojení jsem nenašla. Trasa z Želivecká do Želivecká nebyla nalezena.") 

2013-06-17-19-04-51.868141-CEST  MainProcess : INFO       
    From: VoipIO     To: HUB        Command: play_utterance_start(user_id="None",fname="tts-2013-06-17-19-04-51.787491.wav") 

2013-06-17-19-04-51.912896-CEST  MainProcess : INFO       
    From: TTS        To: HUB        Command: tts_end(user_id="None",text="Jemi líto, ale žádné spojení jsem nenašla. Trasa z Želivecká do Želivecká nebyla nalezena.",fname="tts-2013-06-17-19-04-51.787491.wav") 

2013-06-17-19-04-57.075357-CEST  MainProcess : INFO       
    From: VAD        To: HUB        Command: speech_start(fname="vad-2013-06-17-19-04-57.004490.wav") 

2013-06-17-19-04-57.085147-CEST  ASR-3      : DEBUG      
    ASR: speech_start()

2013-06-17-19-04-57.116353-CEST  MainProcess : INFO       
    From: ASR        To: HUB        Command: asr_start() 

2013-06-17-19-04-57.124398-CEST  VoipIO-1   : DEBUG      
    From: HUB        To: VIO        Command: flush_out() 

2013-06-17-19-04-57.544806-CEST  ASR-3      : DEBUG      
    ASR: speech_end()

2013-06-17-19-04-57.552322-CEST  MainProcess : INFO       
    From: VAD        To: HUB        Command: speech_end(fname="vad-2013-06-17-19-04-57.004490.wav") 

2013-06-17-19-04-57.765923-CEST  ASR-3      : DEBUG      
    ASR Hypothesis
    ------------------------------------------------------------
    1.000 __other__
    

2013-06-17-19-04-57.807609-CEST  MainProcess : INFO       
    From: ASR        To: HUB        Command: asr_end() 

2013-06-17-19-04-57.816138-CEST  SLU-4      : DEBUG      
    SLU Hypothesis
    ------------------------------------------------------------
    1.000 other()
    

2013-06-17-19-04-57.855974-CEST  MainProcess : INFO       
    From: SLU        To: HUB        Command: slu_parsed() 

2013-06-17-19-04-57.864703-CEST  DM-5       : DEBUG      
    DDDState Dialogue Act in: other()

2013-06-17-19-04-57.872547-CEST  DM-5       : DEBUG      
    Context Resolution - Dialogue Act: other()

2013-06-17-19-04-57.880435-CEST  DM-5       : DEBUG      
    DDDState - Dialogue state content:
    
    lda = None
    from_centre = None
    from_stop = Želivecká
    route_alternative = 0
    time = None
    to_centre = None
    to_stop = Želivecká
    
    rh_from_stop = system-informed
    rh_to_stop = system-informed
    
    ch_from_stop = system-informed
    ch_to_stop = system-informed
    
    sh_from_stop = system-informed
    sh_to_stop = system-informed
    

2013-06-17-19-04-57.888570-CEST  DM-5       : DEBUG      
    DDDState
    
    Requested slots:
    {}
    Confirmed slots:
    {}
    Non-informed slots:
    {u'route_alternative': 0}

2013-06-17-19-04-58.014241-CEST  DM-5       : DEBUG      
    DM Output
    ------------------------------------------------------------
    apology()&inform(from_stop="Želivecká")&inform(to_stop="Želivecká")
    

2013-06-17-19-04-58.090074-CEST  NLG-6      : DEBUG      
    NLG Output
    ------------------------------------------------------------
    Jemi líto, ale žádné spojení jsem nenašla. Trasa z Želivecká do Želivecká nebyla nalezena.
    

2013-06-17-19-04-58.101455-CEST  MainProcess : INFO       
    From: DM         To: HUB        Command: dm_da_generated() 

2013-06-17-19-04-58.367290-CEST  MainProcess : INFO       
    From: NLG        To: HUB        Command: nlg_text_generated() 

2013-06-17-19-04-58.375207-CEST  MainProcess : INFO       
    From: TTS        To: HUB        Command: tts_start(user_id="None",text="Jemi líto, ale žádné spojení jsem nenašla. Trasa z Želivecká do Želivecká nebyla nalezena.") 

2013-06-17-19-04-58.420812-CEST  MainProcess : INFO       
    From: VoipIO     To: HUB        Command: play_utterance_start(user_id="None",fname="tts-2013-06-17-19-04-58.124914.wav") 

2013-06-17-19-04-58.465841-CEST  MainProcess : INFO       
    From: TTS        To: HUB        Command: tts_end(user_id="None",text="Jemi líto, ale žádné spojení jsem nenašla. Trasa z Želivecká do Želivecká nebyla nalezena.",fname="tts-2013-06-17-19-04-58.124914.wav") 

2013-06-17-19-05-06.421113-CEST  MainProcess : INFO       
    From: VoipIO     To: HUB        Command: play_utterance_end(user_id="None",fname="tts-2013-06-17-19-04-58.124914.wav) 

2013-06-17-19-05-08.416765-CEST  ASR-3      : DEBUG      
    ASR: speech_start()

2013-06-17-19-05-08.423947-CEST  MainProcess : INFO       
    From: VAD        To: HUB        Command: speech_start(fname="vad-2013-06-17-19-05-08.341028.wav") 

2013-06-17-19-05-08.431483-CEST  MainProcess : INFO       
    From: ASR        To: HUB        Command: asr_start() 

2013-06-17-19-05-12.631737-CEST  VoipIO-1   : DEBUG      
    CallCallback::on_state : Call with "737758650" <sip:737758650@195.113.20.160> is DISCONNCTD last code = 200 (Normal call clearing)

2013-06-17-19-05-12.800640-CEST  VoipIO-1   : DEBUG      
    VoipIO::on_call_disconnected

2013-06-17-19-05-12.809557-CEST  MainProcess : INFO       
    From: VoipIO     To: HUB        Command: call_disconnected(remote_uri="737758650") 

2013-06-17-19-05-12.817878-CEST  ASR-3      : DEBUG      
    From: HUB        To: ASR        Command: flush() 

2013-06-17-19-05-12.825111-CEST  SLU-4      : DEBUG      
    From: HUB        To: SLU        Command: flush() 

2013-06-17-19-05-12.832359-CEST  DM-5       : DEBUG      
    From: HUB        To: DM         Command: flush() 

2013-06-17-19-05-12.840261-CEST  TTS-7      : DEBUG      
    From: HUB        To: TTS        Command: flush() 

2013-06-17-19-05-12.848614-CEST  NLG-6      : DEBUG      
    From: HUB        To: NLG        Command: flush() 

2013-06-17-19-05-12.856941-CEST  VoipIO-1   : DEBUG      
    From: HUB        To: VoipIO     Command: flush() 

2013-06-17-19-05-12.864950-CEST  DM-5       : DEBUG      
    From: HUB        To: DM         Command: end_dialogue() 

