2013-07-04-10-57-50.486657-CEST  VoipIO-1   : DEBUG      
    CallCallback::on_state : Call with "733114659" <sip:733114659@195.113.20.160> is CONNECTING last code = 200 (OK)

2013-07-04-10-57-50.491081-CEST  VoipIO-1   : DEBUG      
    VoipIO::on_call_connecting

2013-07-04-10-57-50.496331-CEST  VoipIO-1   : DEBUG      
    CallCallback::on_state : Call with "733114659" <sip:733114659@195.113.20.160> is CONFIRMED last code = 200 (OK)

2013-07-04-10-57-50.518333-CEST  MainProcess : SYSTEM-LOG 
    config = { 'ASR': { 'Google': { 'debug': False, 'language': 'cs', 'maxresults': 20},
               'Julius': { 'adinnetport': 5530,
                           'binary': '/usr/local/bin/julius',
                           'debug': False,
                           'hostname': 'localhost',
                           'jconf': { '-adport': '5530',
                                      '-b': '1000',
                                      '-b2': '100',
                                      '-cmnload': 'cmn.param',
                                      '-cmnmapweight': '200',
                                      '-cmnsave': 'cmn.param',
                                      '-confnet': '',
                                      '-fallback1pass': '',
                                      '-gprune': 'safe',
                                      '-h': '/mnt/h/jurcicek/vystadial-git/alex/resources/asr/voip_en/hmmdefs',
                                      '-hlist': '/mnt/h/jurcicek/vystadial-git/alex/resources/asr/voip_en/tiedlist',
                                      '-htkconf': '/mnt/h/jurcicek/vystadial-git/alex/resources/asr/voip_en/config',
                                      '-input': 'adinnet',
                                      '-iwsp': '',
                                      '-iwsppenalty': '0.0',
                                      '-lmp': '15.0 0.0',
                                      '-lmp2': '15.0 0.0',
                                      '-mapunk': 'UM',
                                      '-module': '10500',
                                      '-n': '50',
                                      '-nlr': '/mnt/h/jurcicek/vystadial-git/alex/resources/lm/caminfo/julius_arpa_bigram',
                                      '-no_ccd': '',
                                      '-nrl': '/mnt/h/jurcicek/vystadial-git/alex/resources/lm/caminfo/julius_arpa_rev_bigram',
                                      '-silhead': '<s>',
                                      '-siltail': '</s>',
                                      '-spmodel': 'sp',
                                      '-tmix': '4',
                                      '-v': '/mnt/h/jurcicek/vystadial-git/alex/resources/lm/caminfo/julius_dict'},
                           'jconffile': 'julius.jconf',
                           'killall': False,
                           'logfile': 'julius.log',
                           'msg_timeout': 0.3,
                           'pidfile': 'julius.pid',
                           'reuse_server': False,
                           'serverport': 10500,
                           'start_max_wait_time': 15,
                           'start_wait_time': 0.5,
                           'timeout': 2.0},
               'Kaldi': { 'LM_scale': -6666.66,
                          'hypothesis_type': 'nblist',
                          'lat_depth': 666666,
                          'model': 'TODO_path_to_model'},
               'debug': True,
               'type': 'Google'},
      'AlexOnTheBus': { 'max_turns': 30},
      'Analytics': Analytics(account_id='UA-41905278-1', domain_name='cuni.cz'),
      'Audio': { 'sample_rate': 16000, 'samples_per_frame': 256},
      'AudioIO': { 'debug': True, 'output_dir': './aio_call_log', 'play_buffer_size': 1024},
      'DM': { 'PUfalRuleDM': { 'code_submit_url': None,
                               'db_cfg': '/mnt/h/jurcicek/vystadial-git/alex/resources/../applications/CamInfoRest/cued_data/CIRdbase_V7_noloc.txt',
                               'ontology': '/mnt/h/jurcicek/vystadial-git/alex/resources/../applications/CamInfoRest/ontology.cfg',
                               'provide_code': False},
              'UfalRuleDM': { 'code_submit_url': None,
                              'db_cfg': '/mnt/h/jurcicek/vystadial-git/alex/resources/../applications/CamInfoRest/cued_data/CIRdbase_V7_noloc.txt',
                              'ontology': '/mnt/h/jurcicek/vystadial-git/alex/resources/../applications/CamInfoRest/ontology.cfg',
                              'provide_code': False},
              'basic': { 'debug': True},
              'debug': True,
              'dialogue_policy': { 'type': <class 'alex.applications.AlexOnTheBus.aotb_hdc_policy.AOTBHDCPolicy'>},
              'dialogue_state': { 'type': <class 'alex.components.dm.dddstate.DeterministicDiscriminativeDialogueState'>},
              'ontology': '/mnt/h/jurcicek/vystadial-git/alex/applications/AlexOnTheBus/data/ontology.py',
              'type': 'basic'},
      'General': { 'debug': False, 'include': ['/mnt/h/jurcicek/vystadial-git/alex/resources/private/default.cfg']},
      'Hub': { 'history_file': 'hub_history_hub.txt', 'history_length': 1000, 'main_loop_sleep_time': 0.002},
      'Logging': { 'excepthook': <alex.utils.excepthook.ExceptionHook object at 0x1c53710>,
                   'session_logger': SessionLogger(),
                   'system_logger': SystemLogger(output_dir=/net/projects/vystadial/data/call-logs/2013-05-30-alex-aotb-prototype/new, stdout_log_level='DEBUG', stdout=True, file_log_level='DEBUG'),
                   'system_name': u'Alex On The Bus - Live',
                   'version': u'1.0'},
      'NLG': { 'Template': { 'model': '/mnt/h/jurcicek/vystadial-git/alex/applications/AlexOnTheBus/nlg_templates.cfg'},
               'debug': True,
               'type': 'Template'},
      'SHub': { 'history_file': 'hub_history_shub.txt', 'history_length': 1000},
      'SLU': { 'cl-tracing': { 'cldb_fname': '/mnt/h/jurcicek/vystadial-git/alex/applications/CamInfoRest/data/database.py',
                               'do_preprocessing': True,
                               'features_type': ('ngram', 'ab_ngram'),
                               'testing': { 'max_examples': None,
                                            'min_perc': 80,
                                            'model_fname': '/mnt/h/jurcicek/vystadial-git/alex/applications/CamInfoRest/models/130516_minf60-minfc35-mind60.slu_model.gz',
                                            'renormalise': True,
                                            'threshold': None,
                                            'vanilla': True},
                               'training': { 'abstractions': ('abstract',), 'models_dir': 'models'}},
               'debug': True,
               'type': <class 'alex.applications.AlexOnTheBus.aotb_slu.AOTBSLU'>,
               <class 'alex.applications.AlexOnTheBus.aotb_slu.AOTBSLU'>: { 'cldb_fname': '/mnt/h/jurcicek/vystadial-git/alex/applications/AlexOnTheBus/data/database.py',
                                                                            'preprocessing_cls': <class 'alex.applications.AlexOnTheBus.aotb_preprocessing.AOTBSLUPreprocessing'>,
                                                                            'training': { 'models_dir': 'models'}}},
      'THub': { 'history_file': 'hub_history_thub.txt', 'history_length': 1000},
      'TTS': { 'Flite': { 'debug': False,
                          'preprocessing': '/mnt/h/jurcicek/vystadial-git/alex/resources/tts/prep_flite_en.cfg',
                          'voice': 'kal16'},
               'Google': { 'debug': False,
                           'language': 'en',
                           'preprocessing': '/mnt/h/jurcicek/vystadial-git/alex/resources/tts/prep_google_en.cfg'},
               'SpeechTech': { 'debug': True,
                               'login': 'filipjurcicek',
    # this line was removed since it included a password
                               'preprocessing': '/mnt/h/jurcicek/vystadial-git/alex/resources/tts/prep_speechtech_cs.cfg',
                               'voice': 'Iva210'},
               'VoiceRSS': { 'api_key': '3b6a9fca5d724b1c8ac34691586cdda1'},
               'VoiceRss': { 'language': 'en-gb',
                             'preprocessing': '/mnt/h/jurcicek/vystadial-git/alex/resources/tts/prep_voicerss_en.cfg'},
               'debug': True,
               'final_silence_removal_proportion': 0.8,
               'type': 'SpeechTech'},
      'VAD': { 'debug': False,
               'decision_frames_sil': 25,
               'decision_frames_speech': 10,
               'decision_non_speech_threshold': 0.2,
               'decision_speech_threshold': 0.7,
               'gmm': { 'ceplifter': 22,
                        'enormalise': True,
                        'filter_length': 5,
                        'frameshift': 160,
                        'framesize': 512,
                        'frontend': 'MFCC',
                        'hifreq': 3800,
                        'lofreq': 125,
                        'numceps': 12,
                        'numchans': 26,
                        'preemcoef': 0.97,
                        'sil_model': '/mnt/h/jurcicek/vystadial-git/alex/resources/vad/voip_en/vad_sil_sds_mfcc_m064_f100000.gmm',
                        'speech_model': '/mnt/h/jurcicek/vystadial-git/alex/resources/vad/voip_en/vad_speech_sds_mfcc_m064_f100000.gmm',
                        'useacc': True,
                        'usec0': False,
                        'usecmn': False,
                        'usedelta': True,
                        'usehamming': True,
                        'usepower': True,
                        'zmeansource': True},
               'power': { 'adaptation_frames': 30, 'threshold': 70, 'threshold_multiplier': 1.0},
               'speech_buffer_frames': 20,
               'type': 'gmm'},
      'VoipHub': { 'blacklist_for': 7200,
                   'call_db': u'/net/projects/vystadial/data/call-logs/2013-05-30-alex-aotb-prototype/new/call_db.pckl',
                   'hard_time_limit': 360,
                   'hard_turn_limit': 40,
                   'history_length': 1000,
                   'last_period_max_num_calls': 20,
                   'last_period_max_total_time': 1800,
                   'limit_reached_message': u'D\u011bkujeme za zavol\xe1n\xed, ale u\u017e jste volali hodn\u011b. Pros\xedm zavolejte pozd\u011bji. Na shledanou.',
                   'period': 172800,
                   'pid_file': u'/net/projects/vystadial/data/call-logs/2013-05-30-alex-aotb-prototype/new/vhub_live.pid',
                   'wait_time_before_calling_back': 10},
      'VoipIO': { 'allowed_hosts': '',
                  'allowed_phone_numbers': '(^[234567])',
                  'allowed_users': '(^[234567])',
                  'debug': True,
                  'domain': 'vystadial.ms.mff.cuni.cz',
                  'forbidden_hosts': '',
                  'forbidden_phone_number': '(^112$|^150$|^155$|^156$|^158$)',
                  'forbidden_users': '(^112$|^150$|^155$|^156$|^158$)',
    # this line was removed since it included a password
                  'pjsip_log_level': 3,
                  'reject_calls': False,
                  'user': '800899998'},
      'WebHub': { 'port': 8000},
      'corpustools': { 'get_jasr_confnets': { 'frame_size': 256, 'rt_ratio': 0.2}}}
    

2013-07-04-10-57-50.535138-CEST  VoipIO-1   : DEBUG      
    VoipIO::on_call_confirmed

2013-07-04-10-57-50.594880-CEST  MainProcess : INFO       
    #103205 Time: 2013-07-04-10-57-50.492323-CEST From: VoipIO     To: HUB        Command: call_connecting(remote_uri="733114659") 

2013-07-04-10-57-50.602636-CEST  MainProcess : INFO       
    #103206 Time: 2013-07-04-10-57-50.536606-CEST From: VoipIO     To: HUB        Command: call_confirmed(remote_uri="733114659") 

2013-07-04-10-57-50.620702-CEST  MainProcess : INFO       
    
    ========================================================================================================================
    Incoming call from :          733114659
    ------------------------------------------------------------------------------------------------------------------------
    Total calls:                  0
    Total time (min):             0.0
    Last period total calls:      0
    Last period total time (min): 0.0
    ------------------------------------------------------------------------------------------------------------------------
    CALL ACCEPTED
    ========================================================================================================================
    

2013-07-04-10-57-50.625380-CEST  DM-5       : DEBUG      
    #103210 Time: 2013-07-04-10-57-50.617412-CEST From: HUB        To: DM         Command: new_dialogue() 

2013-07-04-10-57-50.629857-CEST  DM-5       : DEBUG      
    DM Output
    ------------------------------------------------------------
    hello()
    

2013-07-04-10-57-50.647072-CEST  MainProcess : INFO       
    #103212 Time: 2013-07-04-10-57-50.642987-CEST From: DM         To: HUB        Command: dm_da_generated() 

2013-07-04-10-57-50.651714-CEST  NLG-6      : DEBUG      
    NLG Output
    ------------------------------------------------------------
    Dobrý den, dovolali jste se na informace o veřejné dopravě v Praze. Hovor je nahráván. Více informací o této službě je na internetu. Jak Vám mohu pomoci. Můžete například říct chtěl bych jet ze zastávky poliklinika Barrandov na Žižkov.
    

2013-07-04-10-57-50.663587-CEST  MainProcess : INFO       
    #103216 Time: 2013-07-04-10-57-50.658913-CEST From: NLG        To: HUB        Command: nlg_text_generated() 

2013-07-04-10-57-50.670078-CEST  MainProcess : INFO       
    #103219 Time: 2013-07-04-10-57-50.664936-CEST From: TTS        To: HUB        Command: tts_start(user_id="None",text="Dobrý den, dovolali jste se na informace o veřejné dopravě v Praze. Hovor je nahráván. Více informací o této službě je na internetu. Jak Vám mohu pomoci. Můžete například říct chtěl bych jet ze zastávky poliklinika Barrandov na Žižkov.") 

2013-07-04-10-57-50.682666-CEST  MainProcess : INFO       
    #103221 Time: 2013-07-04-10-57-50.669516-CEST From: VoipIO     To: HUB        Command: play_utterance_start(user_id="None",fname="tts-2013-07-04-10-57-50.660894.wav") 

2013-07-04-10-57-56.066160-CEST  MainProcess : INFO       
    #104692 Time: 2013-07-04-10-57-56.055077-CEST From: TTS        To: HUB        Command: tts_end(user_id="None",text="Dobrý den, dovolali jste se na informace o veřejné dopravě v Praze. Hovor je nahráván. Více informací o této službě je na internetu. Jak Vám mohu pomoci. Můžete například říct chtěl bych jet ze zastávky poliklinika Barrandov na Žižkov.",fname="tts-2013-07-04-10-57-50.660894.wav",log="true") 

2013-07-04-10-58-08.908803-CEST  MainProcess : INFO       
    #105461 Time: 2013-07-04-10-58-08.366463-CEST From: VoipIO     To: HUB        Command: play_utterance_end(user_id="None",fname="tts-2013-07-04-10-57-50.660894.wav) 

2013-07-04-10-58-15.267268-CEST  MainProcess : INFO       
    #105895 Time: 2013-07-04-10-58-15.262932-CEST From: VAD        To: HUB        Command: speech_start(fname="vad-2013-07-04-10-58-15.248288.wav") 

2013-07-04-10-58-15.272440-CEST  ASR-3      : DEBUG      
    ASR: speech_start()

2013-07-04-10-58-15.277343-CEST  MainProcess : INFO       
    #105896 Time: 2013-07-04-10-58-15.263855-CEST From: ASR        To: HUB        Command: asr_start() 

2013-07-04-10-58-16.355520-CEST  MainProcess : INFO       
    #105966 Time: 2013-07-04-10-58-16.350138-CEST From: VAD        To: HUB        Command: speech_end(fname="vad-2013-07-04-10-58-15.248288.wav") 

2013-07-04-10-58-16.360284-CEST  ASR-3      : DEBUG      
    ASR: speech_end()

2013-07-04-10-58-16.870302-CEST  MainProcess : INFO       
    #106000 Time: 2013-07-04-10-58-16.865079-CEST From: VAD        To: HUB        Command: speech_start(fname="vad-2013-07-04-10-58-16.850297.wav") 

2013-07-04-10-58-16.888893-CEST  ASR-3      : DEBUG      
    ASR Hypothesis
    ------------------------------------------------------------
    0.751 chtěl bych jet
    0.055 chtěl bych je
    0.048 chtěl bych tě
    0.042 chtěl bych je do
    0.035 chtěl bych je to
    0.028 dal bych je
    0.021 chtěl bych si je to
    0.014 chtěl bych jen to
    0.007 dal bych si je to
    0.000 __other__
    

2013-07-04-10-58-16.906632-CEST  MainProcess : INFO       
    #106004 Time: 2013-07-04-10-58-16.902341-CEST From: ASR        To: HUB        Command: asr_end() 

2013-07-04-10-58-16.910737-CEST  ASR-3      : DEBUG      
    ASR: speech_start()

2013-07-04-10-58-16.914949-CEST  MainProcess : INFO       
    #106007 Time: 2013-07-04-10-58-16.905601-CEST From: ASR        To: HUB        Command: asr_start() 

2013-07-04-10-58-17.511344-CEST  SLU-4      : DEBUG      
    SLU Hypothesis
    ------------------------------------------------------------
    1.000 other()
    

2013-07-04-10-58-17.526197-CEST  MainProcess : INFO       
    #106044 Time: 2013-07-04-10-58-17.522518-CEST From: SLU        To: HUB        Command: slu_parsed() 

2013-07-04-10-58-17.530851-CEST  DM-5       : DEBUG      
    DDDState Dialogue Act in: other()

2013-07-04-10-58-17.535245-CEST  DM-5       : DEBUG      
    Context Resolution - Dialogue Act: other()

2013-07-04-10-58-17.539397-CEST  DM-5       : DEBUG      
    DDDState - Dialogue state content:
    
    lda = other
    
    
    
    

2013-07-04-10-58-17.543642-CEST  DM-5       : DEBUG      
    DDDState
    
    Requested slots:
    {}
    Confirmed slots:
    {}
    Non-informed slots:
    {}

2013-07-04-10-58-17.548126-CEST  DM-5       : DEBUG      
    DM Output
    ------------------------------------------------------------
    notunderstood()&help(inform="from_stop")
    

2013-07-04-10-58-17.579196-CEST  MainProcess : INFO       
    #106050 Time: 2013-07-04-10-58-17.575283-CEST From: DM         To: HUB        Command: dm_da_generated() 

2013-07-04-10-58-17.583744-CEST  NLG-6      : DEBUG      
    NLG Output
    ------------------------------------------------------------
    Nerozuměla jsem. Můžete například říct chtěl bych jet ze zastávky poliklinika Barrandov.
    

2013-07-04-10-58-17.599984-CEST  MainProcess : INFO       
    #106053 Time: 2013-07-04-10-58-17.595533-CEST From: NLG        To: HUB        Command: nlg_text_generated() 

2013-07-04-10-58-17.606641-CEST  MainProcess : INFO       
    #106057 Time: 2013-07-04-10-58-17.601419-CEST From: TTS        To: HUB        Command: tts_start(user_id="None",text="Nerozuměla jsem. Můžete například říct chtěl bych jet ze zastávky poliklinika Barrandov.") 

2013-07-04-10-58-17.628409-CEST  MainProcess : INFO       
    #106060 Time: 2013-07-04-10-58-17.607298-CEST From: VoipIO     To: HUB        Command: play_utterance_start(user_id="None",fname="tts-2013-07-04-10-58-17.596866.wav") 

2013-07-04-10-58-17.745055-CEST  MainProcess : INFO       
    #106500 Time: 2013-07-04-10-58-17.739007-CEST From: TTS        To: HUB        Command: tts_end(user_id="None",text="Nerozuměla jsem. Můžete například říct chtěl bych jet ze zastávky poliklinika Barrandov.",fname="tts-2013-07-04-10-58-17.596866.wav",log="true") 

2013-07-04-10-58-19.164869-CEST  ASR-3      : DEBUG      
    ASR: speech_end()

2013-07-04-10-58-19.169531-CEST  MainProcess : INFO       
    #106591 Time: 2013-07-04-10-58-19.160236-CEST From: VAD        To: HUB        Command: speech_end(fname="vad-2013-07-04-10-58-16.850297.wav") 

2013-07-04-10-58-19.884462-CEST  ASR-3      : DEBUG      
    ASR Hypothesis
    ------------------------------------------------------------
    0.663 ze zastávky malostranské náměstí
    0.061 zastávky malostranské náměstí
    0.055 ze zastávky malostranské náměstí s
    0.049 ze zastávky malostranské náměstí i
    0.043 ze zastávky malostranské náměstí 5
    0.037 zastávky malostranské náměstí s
    0.031 zastávky malostranské náměstí i
    0.025 zastávka malostranské náměstí
    0.018 zastávky malostranské náměstí 5
    0.012 ze zastávky a malostranské náměstí
    0.006 zastávky a malostranské náměstí
    0.000 __other__
    

2013-07-04-10-58-19.904913-CEST  MainProcess : INFO       
    #106637 Time: 2013-07-04-10-58-19.899284-CEST From: ASR        To: HUB        Command: asr_end() 

2013-07-04-10-58-20.666342-CEST  SLU-4      : DEBUG      
    SLU Hypothesis
    ------------------------------------------------------------
    0.810 inform(from_stop="Malostranské náměstí")
    0.190 inform(="Malostranské náměstí")
    

2013-07-04-10-58-20.683673-CEST  MainProcess : INFO       
    #106690 Time: 2013-07-04-10-58-20.679605-CEST From: SLU        To: HUB        Command: slu_parsed() 

2013-07-04-10-58-20.687530-CEST  DM-5       : DEBUG      
    DDDState Dialogue Act in: inform(from_stop="Malostranské náměstí")

2013-07-04-10-58-20.691355-CEST  DM-5       : DEBUG      
    Context Resolution - Dialogue Act: inform(from_stop="Malostranské náměstí")

2013-07-04-10-58-20.694996-CEST  DM-5       : DEBUG      
    DDDState - Dialogue state content:
    
    lda = none
    alternative = none
    from_stop = Malostranské náměstí
    route_alternative = none
    
    
    
    

2013-07-04-10-58-20.698412-CEST  DM-5       : DEBUG      
    DDDState
    
    Requested slots:
    {}
    Confirmed slots:
    {}
    Non-informed slots:
    {u'from_stop': u'Malostransk\xe9 n\xe1m\u011bst\xed'}

2013-07-04-10-58-20.702138-CEST  DM-5       : DEBUG      
    DM Output
    ------------------------------------------------------------
    iconfirm(from_stop="Malostranské náměstí")&request(to_stop)
    

2013-07-04-10-58-20.722804-CEST  MainProcess : INFO       
    #106692 Time: 2013-07-04-10-58-20.719751-CEST From: DM         To: HUB        Command: dm_da_generated() 

2013-07-04-10-58-20.726680-CEST  NLG-6      : DEBUG      
    NLG Output
    ------------------------------------------------------------
    Ze zastávky Malostranské náměstí. Kam chcete jet?
    

2013-07-04-10-58-20.742690-CEST  MainProcess : INFO       
    #106698 Time: 2013-07-04-10-58-20.738653-CEST From: NLG        To: HUB        Command: nlg_text_generated() 

2013-07-04-10-58-20.748433-CEST  MainProcess : INFO       
    #106700 Time: 2013-07-04-10-58-20.743949-CEST From: TTS        To: HUB        Command: tts_start(user_id="None",text="Ze zastávky Malostranské náměstí. Kam chcete jet?") 

2013-07-04-10-58-20.821777-CEST  MainProcess : INFO       
    #106998 Time: 2013-07-04-10-58-20.816991-CEST From: TTS        To: HUB        Command: tts_end(user_id="None",text="Ze zastávky Malostranské náměstí. Kam chcete jet?",fname="tts-2013-07-04-10-58-20.740112.wav",log="true") 

2013-07-04-10-58-24.521862-CEST  MainProcess : INFO       
    #107208 Time: 2013-07-04-10-58-24.186011-CEST From: VoipIO     To: HUB        Command: play_utterance_end(user_id="None",fname="tts-2013-07-04-10-58-17.596866.wav) 

2013-07-04-10-58-24.528610-CEST  MainProcess : INFO       
    #107210 Time: 2013-07-04-10-58-24.191047-CEST From: VoipIO     To: HUB        Command: play_utterance_start(user_id="None",fname="tts-2013-07-04-10-58-20.740112.wav") 

2013-07-04-10-58-29.132767-CEST  MainProcess : INFO       
    #107473 Time: 2013-07-04-10-58-28.373800-CEST From: VoipIO     To: HUB        Command: play_utterance_end(user_id="None",fname="tts-2013-07-04-10-58-20.740112.wav) 

2013-07-04-10-58-32.757959-CEST  ASR-3      : DEBUG      
    ASR: speech_start()

2013-07-04-10-58-32.762610-CEST  MainProcess : INFO       
    #107747 Time: 2013-07-04-10-58-32.752508-CEST From: VAD        To: HUB        Command: speech_start(fname="vad-2013-07-04-10-58-32.721514.wav") 

2013-07-04-10-58-32.769440-CEST  MainProcess : INFO       
    #107748 Time: 2013-07-04-10-58-32.754294-CEST From: ASR        To: HUB        Command: asr_start() 

2013-07-04-10-58-33.445461-CEST  MainProcess : INFO       
    #107794 Time: 2013-07-04-10-58-33.441397-CEST From: VAD        To: HUB        Command: speech_end(fname="vad-2013-07-04-10-58-32.721514.wav") 

2013-07-04-10-58-33.449892-CEST  ASR-3      : DEBUG      
    ASR: speech_end()

2013-07-04-10-58-33.917982-CEST  ASR-3      : DEBUG      
    ASR Hypothesis
    ------------------------------------------------------------
    0.261 svět
    0.218 přijet
    0.208 5
    0.156 viet
    0.104 si jet
    0.052 jet
    0.000 __other__
    

2013-07-04-10-58-33.943480-CEST  MainProcess : INFO       
    #107827 Time: 2013-07-04-10-58-33.937833-CEST From: ASR        To: HUB        Command: asr_end() 

2013-07-04-10-58-34.352174-CEST  SLU-4      : DEBUG      
    SLU Hypothesis
    ------------------------------------------------------------
    1.000 other()
    

2013-07-04-10-58-34.380413-CEST  MainProcess : INFO       
    #107857 Time: 2013-07-04-10-58-34.376676-CEST From: SLU        To: HUB        Command: slu_parsed() 

2013-07-04-10-58-34.385089-CEST  DM-5       : DEBUG      
    DDDState Dialogue Act in: other()

2013-07-04-10-58-34.389325-CEST  DM-5       : DEBUG      
    Context Resolution - Dialogue Act: other()

2013-07-04-10-58-34.393625-CEST  DM-5       : DEBUG      
    DDDState - Dialogue state content:
    
    lda = other
    alternative = none
    from_stop = Malostranské náměstí
    route_alternative = none
    to_centre = none
    to_stop = none
    
    rh_from_stop = system-informed
    
    ch_from_stop = system-informed
    
    sh_from_stop = system-informed
    

2013-07-04-10-58-34.398014-CEST  DM-5       : DEBUG      
    DDDState
    
    Requested slots:
    {}
    Confirmed slots:
    {}
    Non-informed slots:
    {}

2013-07-04-10-58-34.402530-CEST  DM-5       : DEBUG      
    DM Output
    ------------------------------------------------------------
    notunderstood()&help(inform="to_stop")
    

2013-07-04-10-58-34.440626-CEST  MainProcess : INFO       
    #107862 Time: 2013-07-04-10-58-34.436971-CEST From: DM         To: HUB        Command: dm_da_generated() 

2013-07-04-10-58-34.445224-CEST  NLG-6      : DEBUG      
    NLG Output
    ------------------------------------------------------------
    Nerozuměla jsem. Můžete například říct chtěl bych jet na Zvonařku.
    

2013-07-04-10-58-34.474379-CEST  MainProcess : INFO       
    #107865 Time: 2013-07-04-10-58-34.468539-CEST From: NLG        To: HUB        Command: nlg_text_generated() 

2013-07-04-10-58-34.479236-CEST  MainProcess : INFO       
    #107867 Time: 2013-07-04-10-58-34.470304-CEST From: TTS        To: HUB        Command: tts_start(user_id="None",text="Nerozuměla jsem. Můžete například říct chtěl bych jet na Zvonařku.") 

2013-07-04-10-58-34.509579-CEST  MainProcess : INFO       
    #107869 Time: 2013-07-04-10-58-34.473750-CEST From: VoipIO     To: HUB        Command: play_utterance_start(user_id="None",fname="tts-2013-07-04-10-58-34.470137.wav") 

2013-07-04-10-58-35.484855-CEST  MainProcess : INFO       
    #108288 Time: 2013-07-04-10-58-35.479052-CEST From: TTS        To: HUB        Command: tts_end(user_id="None",text="Nerozuměla jsem. Můžete například říct chtěl bych jet na Zvonařku.",fname="tts-2013-07-04-10-58-34.470137.wav",log="true") 

2013-07-04-10-58-36.148458-CEST  MainProcess : INFO       
    #108330 Time: 2013-07-04-10-58-36.144537-CEST From: VAD        To: HUB        Command: speech_start(fname="vad-2013-07-04-10-58-36.107801.wav") 

2013-07-04-10-58-36.153677-CEST  ASR-3      : DEBUG      
    ASR: speech_start()

2013-07-04-10-58-36.176899-CEST  NLG-6      : DEBUG      
    #108336 Time: 2013-07-04-10-58-36.172034-CEST From: HUB        To: NLG        Command: flush() 

2013-07-04-10-58-36.181823-CEST  MainProcess : INFO       
    #108331 Time: 2013-07-04-10-58-36.145937-CEST From: ASR        To: HUB        Command: asr_start() 

2013-07-04-10-58-36.186920-CEST  MainProcess : INFO       
    #108337 Time: 2013-07-04-10-58-36.178479-CEST From: NLG        To: HUB        Command: flushed() 

2013-07-04-10-58-36.194411-CEST  TTS-7      : DEBUG      
    #108338 Time: 2013-07-04-10-58-36.189109-CEST From: HUB        To: TTS        Command: flush() 

2013-07-04-10-58-36.201254-CEST  MainProcess : INFO       
    #108339 Time: 2013-07-04-10-58-36.195737-CEST From: TTS        To: HUB        Command: flushed() 

2013-07-04-10-58-36.206827-CEST  VoipIO-1   : DEBUG      
    #108340 Time: 2013-07-04-10-58-36.202693-CEST From: HUB        To: VIO        Command: flush_out() 

2013-07-04-10-58-36.212405-CEST  MainProcess : INFO       
    #108341 Time: 2013-07-04-10-58-36.208495-CEST From: VoipIO     To: HUB        Command: flushed_out() 

2013-07-04-10-58-36.896908-CEST  ASR-3      : DEBUG      
    ASR: speech_end()

2013-07-04-10-58-36.900913-CEST  MainProcess : INFO       
    #108387 Time: 2013-07-04-10-58-36.892684-CEST From: VAD        To: HUB        Command: speech_end(fname="vad-2013-07-04-10-58-36.107801.wav") 

2013-07-04-10-58-37.454444-CEST  ASR-3      : DEBUG      
    ASR Hypothesis
    ------------------------------------------------------------
    0.303 david
    0.279 dejvice
    0.209 dejvická
    0.139 prodej byt
    0.070 dejvid
    0.000 __other__
    

2013-07-04-10-58-37.485351-CEST  MainProcess : INFO       
    #108424 Time: 2013-07-04-10-58-37.479884-CEST From: ASR        To: HUB        Command: asr_end() 

2013-07-04-10-58-37.798316-CEST  SLU-4      : DEBUG      
    SLU Hypothesis
    ------------------------------------------------------------
    0.791 other()
    0.209 inform(="Dejvická")
    

2013-07-04-10-58-37.823051-CEST  DM-5       : DEBUG      
    DDDState Dialogue Act in: other()

2013-07-04-10-58-37.827487-CEST  MainProcess : INFO       
    #108447 Time: 2013-07-04-10-58-37.817997-CEST From: SLU        To: HUB        Command: slu_parsed() 

2013-07-04-10-58-37.831826-CEST  DM-5       : DEBUG      
    Context Resolution - Dialogue Act: other()

2013-07-04-10-58-37.836644-CEST  DM-5       : DEBUG      
    DDDState - Dialogue state content:
    
    lda = other
    alternative = none
    from_stop = Malostranské náměstí
    route_alternative = none
    to_centre = none
    to_stop = none
    
    rh_from_stop = system-informed
    
    ch_from_stop = system-informed
    
    sh_from_stop = system-informed
    

2013-07-04-10-58-37.841042-CEST  DM-5       : DEBUG      
    DDDState
    
    Requested slots:
    {}
    Confirmed slots:
    {}
    Non-informed slots:
    {}

2013-07-04-10-58-37.845365-CEST  DM-5       : DEBUG      
    DM Output
    ------------------------------------------------------------
    notunderstood()&help(inform="to_stop")
    

2013-07-04-10-58-37.892663-CEST  MainProcess : INFO       
    #108454 Time: 2013-07-04-10-58-37.887552-CEST From: DM         To: HUB        Command: dm_da_generated() 

2013-07-04-10-58-37.897035-CEST  NLG-6      : DEBUG      
    NLG Output
    ------------------------------------------------------------
    Nerozuměla jsem. Můžete například říct chtěl bych jet na zastávku Zličín.
    

2013-07-04-10-58-37.989522-CEST  MainProcess : INFO       
    #108462 Time: 2013-07-04-10-58-37.984149-CEST From: NLG        To: HUB        Command: nlg_text_generated() 

2013-07-04-10-58-37.995282-CEST  MainProcess : INFO       
    #108464 Time: 2013-07-04-10-58-37.985600-CEST From: TTS        To: HUB        Command: tts_start(user_id="None",text="Nerozuměla jsem. Můžete například říct chtěl bych jet na zastávku Zličín.") 

2013-07-04-10-58-38.027508-CEST  MainProcess : INFO       
    #108466 Time: 2013-07-04-10-58-37.988651-CEST From: VoipIO     To: HUB        Command: play_utterance_start(user_id="None",fname="tts-2013-07-04-10-58-37.985412.wav") 

2013-07-04-10-58-38.123142-CEST  MainProcess : INFO       
    #108862 Time: 2013-07-04-10-58-38.116507-CEST From: TTS        To: HUB        Command: tts_end(user_id="None",text="Nerozuměla jsem. Můžete například říct chtěl bych jet na zastávku Zličín.",fname="tts-2013-07-04-10-58-37.985412.wav",log="true") 

2013-07-04-10-58-44.176555-CEST  MainProcess : INFO       
    #109243 Time: 2013-07-04-10-58-44.169666-CEST From: VoipIO     To: HUB        Command: play_utterance_end(user_id="None",fname="tts-2013-07-04-10-58-37.985412.wav) 

2013-07-04-10-58-46.916257-CEST  ASR-3      : DEBUG      
    ASR: speech_start()

2013-07-04-10-58-46.921407-CEST  MainProcess : INFO       
    #109415 Time: 2013-07-04-10-58-46.911936-CEST From: VAD        To: HUB        Command: speech_start(fname="vad-2013-07-04-10-58-46.863346.wav") 

2013-07-04-10-58-46.927168-CEST  MainProcess : INFO       
    #109416 Time: 2013-07-04-10-58-46.912741-CEST From: ASR        To: HUB        Command: asr_start() 

2013-07-04-10-58-48.993967-CEST  MainProcess : INFO       
    #109548 Time: 2013-07-04-10-58-48.989492-CEST From: VAD        To: HUB        Command: speech_end(fname="vad-2013-07-04-10-58-46.863346.wav") 

2013-07-04-10-58-48.998992-CEST  ASR-3      : DEBUG      
    ASR: speech_end()

2013-07-04-10-58-49.499924-CEST  ASR-3      : DEBUG      
    ASR Hypothesis
    ------------------------------------------------------------
    0.776 chtěl bych jet na zastávku zličín
    0.028 chtěl bych 1 zastávku zličín
    0.026 chtěl bych jít na zastávku zličín
    0.024 chtěl bych jed na zastávku zličín
    0.022 měl bych jet na zastávku zličín
    0.021 chtěl bych na zastávku zličín
    0.019 chtěl bych jet na zastávku zličín i
    0.017 měl bych jít na zastávku zličín
    0.015 chtěl bych jet na zastávku zličín a
    0.013 chtěl bych jet na zastávce zličín
    0.011 chtěl bych 1 zastávka zličín
    0.009 chtěl bych 1 zastávku zličín i
    0.007 chtěl bych jít na zastávku zličín i
    0.006 chtěl bych 1 zastávku zličín a
    0.004 chtěl bych jed na zastávku zličín i
    0.002 chtěl bych jít na zastávku zličín a
    

2013-07-04-10-58-49.530549-CEST  MainProcess : INFO       
    #109581 Time: 2013-07-04-10-58-49.525806-CEST From: ASR        To: HUB        Command: asr_end() 

2013-07-04-10-58-50.378699-CEST  SLU-4      : DEBUG      
    SLU Hypothesis
    ------------------------------------------------------------
    0.946 inform(to_stop="Zličín")
    0.054 inform(="Zličín")
    

2013-07-04-10-58-50.398765-CEST  MainProcess : INFO       
    #109639 Time: 2013-07-04-10-58-50.393847-CEST From: SLU        To: HUB        Command: slu_parsed() 

2013-07-04-10-58-50.402240-CEST  DM-5       : DEBUG      
    DDDState Dialogue Act in: inform(to_stop="Zličín")

2013-07-04-10-58-50.405360-CEST  DM-5       : DEBUG      
    Context Resolution - Dialogue Act: inform(to_stop="Zličín")

2013-07-04-10-58-50.408798-CEST  DM-5       : DEBUG      
    DDDState - Dialogue state content:
    
    lda = none
    alternative = none
    from_stop = Malostranské náměstí
    route_alternative = none
    to_centre = none
    to_stop = Zličín
    
    rh_from_stop = system-informed
    
    ch_from_stop = system-informed
    
    sh_from_stop = system-informed
    

2013-07-04-10-58-50.412308-CEST  DM-5       : DEBUG      
    DDDState
    
    Requested slots:
    {}
    Confirmed slots:
    {}
    Non-informed slots:
    {u'to_stop': u'Zli\u010d\xedn'}

2013-07-04-10-58-50.753502-CEST  DM-5       : DEBUG      
    DM Output
    ------------------------------------------------------------
    iconfirm(to_stop="Zličín")&inform(found_directions="true")&inform(alternative="1")&inform(vehicle="TRAM")&inform(line="12")&inform(go_at="11:05")&inform(enter_at="Malostranské náměstí")&inform(headsign="Sídliště Barrandov")&inform(exit_at="Smíchovské nádraží")&inform(transfer="true")&inform(vehicle="SUBWAY")&inform(line="B")&inform(go_at="11:27")&inform(enter_at="Smíchovské nádraží")&inform(headsign="Zličín")&inform(exit_at="Zličín")
    

2013-07-04-10-58-50.808537-CEST  MainProcess : INFO       
    #109665 Time: 2013-07-04-10-58-50.804925-CEST From: DM         To: HUB        Command: dm_da_generated() 

2013-07-04-10-58-51.224286-CEST  NLG-6      : DEBUG      
    NLG Output
    ------------------------------------------------------------
    Do zastávky Zličín. Našla jsem následující spojení. Možnost první. Jeďte tramvají číslo 12 v 11:05 ze zastávky Malostranské náměstí směrem Sídliště Barrandov. Vystupte na zastávce Smíchovské nádraží. A pak přestupte. Jeďte metrem B v 11:27 ze zastávky Smíchovské nádraží směrem Zličín. Vystupte na zastávce Zličín.
    

2013-07-04-10-58-51.254860-CEST  MainProcess : INFO       
    #109695 Time: 2013-07-04-10-58-51.251030-CEST From: NLG        To: HUB        Command: nlg_text_generated() 

2013-07-04-10-58-51.261731-CEST  MainProcess : INFO       
    #109697 Time: 2013-07-04-10-58-51.256363-CEST From: TTS        To: HUB        Command: tts_start(user_id="None",text="Do zastávky Zličín. Našla jsem následující spojení. Možnost první. Jeďte tramvají číslo 12 v 11:05 ze zastávky Malostranské náměstí směrem Sídliště Barrandov. Vystupte na zastávce Smíchovské nádraží. A pak přestupte. Jeďte metrem B v 11:27 ze zastávky Smíchovské nádraží směrem Zličín. Vystupte na zastávce Zličín.") 

2013-07-04-10-58-51.308605-CEST  MainProcess : INFO       
    #109700 Time: 2013-07-04-10-58-51.259760-CEST From: VoipIO     To: HUB        Command: play_utterance_start(user_id="None",fname="tts-2013-07-04-10-58-51.252688.wav") 

2013-07-04-10-58-55.428922-CEST  MainProcess : INFO       
    #111771 Time: 2013-07-04-10-58-55.413761-CEST From: TTS        To: HUB        Command: tts_end(user_id="None",text="Do zastávky Zličín. Našla jsem následující spojení. Možnost první. Jeďte tramvají číslo 12 v 11:05 ze zastávky Malostranské náměstí směrem Sídliště Barrandov. Vystupte na zastávce Smíchovské nádraží. A pak přestupte. Jeďte metrem B v 11:27 ze zastávky Smíchovské nádraží směrem Zličín. Vystupte na zastávce Zličín.",fname="tts-2013-07-04-10-58-51.252688.wav",log="true") 

2013-07-04-10-59-20.653808-CEST  MainProcess : INFO       
    #113340 Time: 2013-07-04-10-59-20.480925-CEST From: VoipIO     To: HUB        Command: play_utterance_end(user_id="None",fname="tts-2013-07-04-10-58-51.252688.wav) 

2013-07-04-10-59-31.932780-CEST  VoipIO-1   : INFO       
    10:59:31.928    pjsua_acc.c  ....<sip:800899998@vystadial.ms.mff.cuni.cz>: registration success, status=200 (OK), will re-register in 300 seconds
    

2013-07-04-10-59-37.806971-CEST  VoipIO-1   : DEBUG      
    CallCallback::on_state : Call with "733114659" <sip:733114659@195.113.20.160> is DISCONNCTD last code = 200 (Normal call clearing)

2013-07-04-10-59-37.871384-CEST  VoipIO-1   : DEBUG      
    VoipIO::on_call_disconnected

2013-07-04-10-59-37.878729-CEST  MainProcess : INFO       
    #114425 Time: 2013-07-04-10-59-37.872663-CEST From: VoipIO     To: HUB        Command: call_disconnected(remote_uri="733114659") 

