2013-06-07-15-55-25.002360-CEST  VoipIO-1   : DEBUG      
    CallCallback::on_media_state : Media is now active

2013-06-07-15-55-25.009611-CEST  VoipIO-1   : DEBUG      
    CallCallback::on_state : Call with "605179476" <sip:605179476@195.113.20.160> is CONNECTING last code = 200 (OK)

2013-06-07-15-55-25.013108-CEST  MainProcess : SYSTEM-LOG 
    config = { 'ASR': { 'Google': { 'debug': False, 'language': 'cs'},
               'Julius': { 'adinnetport': 5530,
                           'binary': '/usr/local/bin/julius',
                           'debug': False,
                           'hostname': 'localhost',
                           'jconf': { '-adport': '5530',
                                      '-b': '1000',
                                      '-b2': '100',
                                      '-cmnload': 'cmn.param',
                                      '-cmnmapweight': '200',
                                      '-cmnsave': 'cmn.param',
                                      '-confnet': '',
                                      '-fallback1pass': '',
                                      '-gprune': 'safe',
                                      '-h': '/mnt/h/jurcicek/vystadial-git/alex/resources/asr/voip_en/hmmdefs',
                                      '-hlist': '/mnt/h/jurcicek/vystadial-git/alex/resources/asr/voip_en/tiedlist',
                                      '-htkconf': '/mnt/h/jurcicek/vystadial-git/alex/resources/asr/voip_en/config',
                                      '-input': 'adinnet',
                                      '-iwsp': '',
                                      '-iwsppenalty': '0.0',
                                      '-lmp': '15.0 0.0',
                                      '-lmp2': '15.0 0.0',
                                      '-mapunk': 'UM',
                                      '-module': '10500',
                                      '-n': '50',
                                      '-nlr': '/mnt/h/jurcicek/vystadial-git/alex/resources/lm/caminfo/julius_arpa_bigram',
                                      '-no_ccd': '',
                                      '-nrl': '/mnt/h/jurcicek/vystadial-git/alex/resources/lm/caminfo/julius_arpa_rev_bigram',
                                      '-silhead': '<s>',
                                      '-siltail': '</s>',
                                      '-spmodel': 'sp',
                                      '-tmix': '4',
                                      '-v': '/mnt/h/jurcicek/vystadial-git/alex/resources/lm/caminfo/julius_dict'},
                           'jconffile': 'julius.jconf',
                           'killall': False,
                           'logfile': 'julius.log',
                           'pidfile': 'julius.pid',
                           'reuse_server': False,
                           'serverport': 10500,
                           'start_max_wait_time': 15,
                           'start_wait_time': 0.5,
                           'timeout': 2.0},
               'debug': True,
               'type': 'Google'},
      'Audio': { 'sample_rate': 16000, 'samples_per_frame': 256},
      'AudioIO': { 'debug': True, 'output_dir': './aio_call_log', 'play_buffer_size': 1024},
      'DM': { 'Dummy': { 'debug': True},
              'PUfalRuleDM': { 'code_submit_url': None,
                               'db_cfg': '/mnt/h/jurcicek/vystadial-git/alex/applications/AlexOnTheBus/../applications/CamInfoRest/cued_data/CIRdbase_V7_noloc.txt',
                               'ontology': '/mnt/h/jurcicek/vystadial-git/alex/applications/AlexOnTheBus/../applications/CamInfoRest/ontology.cfg',
                               'provide_code': False},
              'UfalRuleDM': { 'code_submit_url': None,
                              'db_cfg': '/mnt/h/jurcicek/vystadial-git/alex/applications/AlexOnTheBus/../applications/CamInfoRest/cued_data/CIRdbase_V7_noloc.txt',
                              'ontology': '/mnt/h/jurcicek/vystadial-git/alex/applications/AlexOnTheBus/../applications/CamInfoRest/ontology.cfg',
                              'provide_code': False},
              'debug': True,
              'type': <class 'alex.applications.AlexOnTheBus.aotb_dm.AOTBDM'>},
      'General': { 'include': ['/mnt/h/jurcicek/vystadial-git/alex/resources/private/default.cfg']},
      'Hub': { 'history_file': 'hub_history_hub.txt', 'history_length': 1000, 'main_loop_sleep_time': 0.005},
      'Logging': { 'session_logger': SessionLogger(),
                   'system_logger': SystemLogger(stdout_log_level='ERROR', stdout=True, file_log_level='ERROR', output_dir=/net/projects/vystadial/data/call-logs/2013-05-30-alex-aotb-prototype),
                   'system_name': 'Alex On The Bus - Live',
                   'version': '1.0'},
      'NLG': { 'Template': { 'model': '/mnt/h/jurcicek/vystadial-git/alex/applications/AlexOnTheBus/nlg_templates.cfg'},
               'debug': True,
               'type': <class 'alex.applications.AlexOnTheBus.aotb_nlg.AOTBNLG'>},
      'SHub': { 'history_file': 'hub_history_shub.txt', 'history_length': 1000},
      'SLU': { 'AOTBSLU': { 'cldb_fname': '/mnt/h/jurcicek/vystadial-git/alex/applications/AlexOnTheBus/data/database.py',
                            'preprocessing_cls': <class 'alex.applications.AlexOnTheBus.aotb_preprocessing.AOTBSLUPreprocessing'>},
               'cl-tracing': { 'cldb_fname': '/mnt/h/jurcicek/vystadial-git/alex/resources/../applications/CamInfoRest/data/database.py',
                               'do_preprocessing': True,
                               'features_type': ('ngram',),
                               'testing': { 'max_examples': None,
                                            'min_perc': 80,
                                            'model_fname': '/mnt/h/jurcicek/vystadial-git/alex/resources/../applications/CamInfoRest/models/130516_minf60-minfc35-mind60.slu_model.gz',
                                            'renormalise': True,
                                            'threshold': None,
                                            'vanilla': True}},
               'debug': True,
               'type': <class 'alex.applications.AlexOnTheBus.aotb_slu.AOTBSLU'>},
      'THub': { 'history_file': 'hub_history_thub.txt', 'history_length': 1000},
      'TTS': { 'Flite': { 'debug': False, 'voice': 'kal16'},
               'Google': { 'debug': False, 'language': 'cs', 'rate': 2.0},
               'SpeechTech': { 'debug': True,
                               'login': 'filipjurcicek',
    # this line was removed since it included a password
                               'voice': 'Iva210'},
               'VoiceRSS': { 'api_key': '3b6a9fca5d724b1c8ac34691586cdda1', 'language': 'en-gb'},
               'debug': True,
               'type': 'SpeechTech'},
      'VAD': { 'debug': False,
               'decision_frames_sil': 25,
               'decision_frames_speech': 10,
               'decision_non_speech_threshold': 0.2,
               'decision_speech_threshold': 0.7,
               'gmm': { 'ceplifter': 22,
                        'enormalise': True,
                        'filter_length': 5,
                        'frameshift': 160,
                        'framesize': 512,
                        'frontend': 'MFCC',
                        'hifreq': 3800,
                        'lofreq': 125,
                        'numceps': 12,
                        'numchans': 26,
                        'preemcoef': 0.97,
                        'sil_model': '/mnt/h/jurcicek/vystadial-git/alex/resources/vad/voip_en/vad_sil_sds_mfcc_m064_f100000.gmm',
                        'speech_model': '/mnt/h/jurcicek/vystadial-git/alex/resources/vad/voip_en/vad_speech_sds_mfcc_m064_f100000.gmm',
                        'useacc': True,
                        'usec0': False,
                        'usecmn': False,
                        'usedelta': True,
                        'usehamming': True,
                        'usepower': True,
                        'zmeansource': True},
               'power': { 'adaptation_frames': 30, 'threshold': 70, 'threshold_multiplier': 1.0},
               'speech_buffer_frames': 20,
               'type': 'gmm'},
      'VoipHub': { 'history_length': 1000, 'wait_time_before_calling_back': 10},
      'VoipIO': { 'allowed_hosts': '',
                  'allowed_phone_numbers': '(^[234567])',
                  'allowed_users': '(^[234567])',
                  'debug': True,
                  'domain': 'vystadial.ms.mff.cuni.cz',
                  'forbidden_hosts': '',
                  'forbidden_phone_number': '(^112$|^150$|^155$|^156$|^158$)',
                  'forbidden_users': '(^112$|^150$|^155$|^156$|^158$)',
    # this line was removed since it included a password
                  'pjsip_log_level': 3,
                  'reject_calls': False,
                  'user': '800899998'},
      'WebHub': { 'port': 8000}}
    

2013-06-07-15-55-25.022346-CEST  VoipIO-1   : DEBUG      
    VoipIO::on_call_connecting

2013-06-07-15-55-25.029802-CEST  MainProcess : INFO       
    From: VoipIO     To: HUB        Command: incoming_call(remote_uri="605179476") 

2013-06-07-15-55-25.037074-CEST  VoipIO-1   : DEBUG      
    CallCallback::on_state : Call with "605179476" <sip:605179476@195.113.20.160> is CONFIRMED last code = 200 (OK)

2013-06-07-15-55-25.061668-CEST  VoipIO-1   : DEBUG      
    VoipIO::on_call_confirmed

2013-06-07-15-55-25.087926-CEST  MainProcess : INFO       
    From: VoipIO     To: HUB        Command: call_connecting(remote_uri="605179476") 

2013-06-07-15-55-25.100387-CEST  MainProcess : INFO       
    From: VoipIO     To: HUB        Command: call_confirmed(remote_uri="605179476") 

2013-06-07-15-55-25.109970-CEST  DM-5       : DEBUG      
    From: HUB        To: DM         Command: new_dialogue() 

2013-06-07-15-55-25.118342-CEST  DM-5       : DEBUG      
    DM Output
    ------------------------------------------------------------
    hello()
    

2013-06-07-15-55-25.146061-CEST  MainProcess : INFO       
    From: DM         To: HUB        Command: dm_da_generated() 

2013-06-07-15-55-25.153551-CEST  NLG-6      : DEBUG      
    NLG Output
    ------------------------------------------------------------
    Dobrý den. Hovor je nahráván. Více informací o této službě je na internetu. Odkud a kam chcete jet? 
    

2013-06-07-15-55-25.160904-CEST  TTS-7      : DEBUG      
    From: HUB        To: TTS        Command: keeplast() 

2013-06-07-15-55-25.174207-CEST  MainProcess : INFO       
    From: NLG        To: HUB        Command: nlg_text_generated() 

2013-06-07-15-55-25.181648-CEST  MainProcess : INFO       
    From: TTS        To: HUB        Command: tts_start(user_id="None",text="Dobrý den. Hovor je nahráván. Více informací o této službě je na internetu. Odkud a kam chcete jet? ") 

2013-06-07-15-55-26.386867-CEST  MainProcess : INFO       
    From: VoipIO     To: HUB        Command: play_utterance_start(user_id="None") 

2013-06-07-15-55-26.404743-CEST  MainProcess : INFO       
    From: TTS        To: HUB        Command: tts_end(user_id="None",text="Dobrý den. Hovor je nahráván. Více informací o této službě je na internetu. Odkud a kam chcete jet? ") 

2013-06-07-15-55-35.271579-CEST  MainProcess : INFO       
    From: VoipIO     To: HUB        Command: play_utterance_end(user_id="None") 

2013-06-07-15-55-36.761571-CEST  ASR-3      : DEBUG      
    ASR: speech_start()

2013-06-07-15-55-36.768694-CEST  MainProcess : INFO       
    From: VAD        To: HUB        Command: speech_start() 

2013-06-07-15-55-36.776798-CEST  MainProcess : INFO       
    From: ASR        To: HUB        Command: asr_start() 

2013-06-07-15-55-40.211540-CEST  ASR-3      : DEBUG      
    ASR: speech_end()

2013-06-07-15-55-40.218770-CEST  MainProcess : INFO       
    From: VAD        To: HUB        Command: speech_end() 

2013-06-07-15-55-40.689310-CEST  VoipIO-1   : INFO       
    15:55:40.683    pjsua_acc.c  ....<sip:800899998@vystadial.ms.mff.cuni.cz>: registration success, status=200 (OK), will re-register in 300 seconds
    

2013-06-07-15-55-41.209653-CEST  ASR-3      : DEBUG      
    ASR Hypothesis
    ------------------------------------------------------------
    chtěl bych jedno stránského náměstí anděl
    

2013-06-07-15-55-41.228721-CEST  MainProcess : INFO       
    From: ASR        To: HUB        Command: asr_end() 

2013-06-07-15-55-41.278585-CEST  SLU-4      : DEBUG      
    SLU Hypothesis
    ------------------------------------------------------------
    1.000 inform(stop="anděl")
    

2013-06-07-15-55-41.287972-CEST  MainProcess : INFO       
    From: SLU        To: HUB        Command: slu_parsed() 

2013-06-07-15-55-41.295570-CEST  DM-5       : DEBUG      
    DM Output
    ------------------------------------------------------------
    notunderstood()&help(from_stop)
    

2013-06-07-15-55-41.325944-CEST  MainProcess : INFO       
    From: DM         To: HUB        Command: dm_da_generated() 

2013-06-07-15-55-41.332815-CEST  NLG-6      : DEBUG      
    NLG Output
    ------------------------------------------------------------
    Můžete to zopakovat? Řekněte například chtěla bych jet ze zastávky poliklinika Barandov.
    

2013-06-07-15-55-41.341029-CEST  TTS-7      : DEBUG      
    From: HUB        To: TTS        Command: keeplast() 

2013-06-07-15-55-41.353538-CEST  MainProcess : INFO       
    From: NLG        To: HUB        Command: nlg_text_generated() 

2013-06-07-15-55-41.361003-CEST  MainProcess : INFO       
    From: TTS        To: HUB        Command: tts_start(user_id="None",text="Můžete to zopakovat? Řekněte například chtěla bych jet ze zastávky poliklinika Barandov.") 

2013-06-07-15-55-42.340022-CEST  MainProcess : INFO       
    From: VoipIO     To: HUB        Command: play_utterance_start(user_id="None") 

2013-06-07-15-55-42.348888-CEST  MainProcess : INFO       
    From: TTS        To: HUB        Command: tts_end(user_id="None",text="Můžete to zopakovat? Řekněte například chtěla bych jet ze zastávky poliklinika Barandov.") 

2013-06-07-15-55-49.097687-CEST  MainProcess : INFO       
    From: VoipIO     To: HUB        Command: play_utterance_end(user_id="None") 

2013-06-07-15-55-51.682580-CEST  MainProcess : INFO       
    From: VAD        To: HUB        Command: speech_start() 

2013-06-07-15-55-51.690137-CEST  ASR-3      : DEBUG      
    ASR: speech_start()

2013-06-07-15-55-51.698108-CEST  MainProcess : INFO       
    From: ASR        To: HUB        Command: asr_start() 

2013-06-07-15-55-54.551566-CEST  ASR-3      : DEBUG      
    ASR: speech_end()

2013-06-07-15-55-54.558829-CEST  MainProcess : INFO       
    From: VAD        To: HUB        Command: speech_end() 

2013-06-07-15-55-55.403025-CEST  ASR-3      : DEBUG      
    ASR Hypothesis
    ------------------------------------------------------------
    hledám spojení malostranského náměstí
    

2013-06-07-15-55-55.424286-CEST  MainProcess : INFO       
    From: ASR        To: HUB        Command: asr_end() 

2013-06-07-15-55-55.473869-CEST  SLU-4      : DEBUG      
    SLU Hypothesis
    ------------------------------------------------------------
    
    

2013-06-07-15-55-55.482734-CEST  MainProcess : INFO       
    From: SLU        To: HUB        Command: slu_parsed() 

2013-06-07-15-55-55.490785-CEST  DM-5       : DEBUG      
    DM Output
    ------------------------------------------------------------
    notunderstood()&help(from_stop)
    

2013-06-07-15-55-55.521561-CEST  NLG-6      : DEBUG      
    NLG Output
    ------------------------------------------------------------
    Nerozuměla jsem. Jěště jednou prosím. Řekněte například chtěla bych jet z Malostranského náměstí.
    

2013-06-07-15-55-55.529190-CEST  MainProcess : INFO       
    From: DM         To: HUB        Command: dm_da_generated() 

2013-06-07-15-55-55.538502-CEST  TTS-7      : DEBUG      
    From: HUB        To: TTS        Command: keeplast() 

2013-06-07-15-55-55.546024-CEST  MainProcess : INFO       
    From: NLG        To: HUB        Command: nlg_text_generated() 

2013-06-07-15-55-55.553343-CEST  MainProcess : INFO       
    From: TTS        To: HUB        Command: tts_start(user_id="None",text="Nerozuměla jsem. Jěště jednou prosím. Řekněte například chtěla bych jet z Malostranského náměstí.") 

2013-06-07-15-55-56.795191-CEST  MainProcess : INFO       
    From: VoipIO     To: HUB        Command: play_utterance_start(user_id="None") 

2013-06-07-15-55-56.803004-CEST  MainProcess : INFO       
    From: TTS        To: HUB        Command: tts_end(user_id="None",text="Nerozuměla jsem. Jěště jednou prosím. Řekněte například chtěla bych jet z Malostranského náměstí.") 

2013-06-07-15-56-04.967686-CEST  MainProcess : INFO       
    From: VoipIO     To: HUB        Command: play_utterance_end(user_id="None") 

2013-06-07-15-56-06.140914-CEST  MainProcess : INFO       
    From: VAD        To: HUB        Command: speech_start() 

2013-06-07-15-56-06.149015-CEST  ASR-3      : DEBUG      
    ASR: speech_start()

2013-06-07-15-56-06.157096-CEST  MainProcess : INFO       
    From: ASR        To: HUB        Command: asr_start() 

2013-06-07-15-56-08.002079-CEST  ASR-3      : DEBUG      
    ASR: speech_end()

2013-06-07-15-56-08.009350-CEST  MainProcess : INFO       
    From: VAD        To: HUB        Command: speech_end() 

2013-06-07-15-56-08.437547-CEST  ASR-3      : DEBUG      
    ASR Hypothesis
    ------------------------------------------------------------
    malostranské náměstí
    

2013-06-07-15-56-08.458827-CEST  MainProcess : INFO       
    From: ASR        To: HUB        Command: asr_end() 

2013-06-07-15-56-08.479043-CEST  SLU-4      : DEBUG      
    SLU Hypothesis
    ------------------------------------------------------------
    1.000 inform(stop="malostranské náměstí")
    

2013-06-07-15-56-08.486411-CEST  MainProcess : INFO       
    From: SLU        To: HUB        Command: slu_parsed() 

2013-06-07-15-56-08.493923-CEST  DM-5       : DEBUG      
    DM Output
    ------------------------------------------------------------
    notunderstood()&help(from_stop)
    

2013-06-07-15-56-08.525377-CEST  MainProcess : INFO       
    From: DM         To: HUB        Command: dm_da_generated() 

2013-06-07-15-56-08.532695-CEST  NLG-6      : DEBUG      
    NLG Output
    ------------------------------------------------------------
    Můžete to zopakovat? Řekněte například chtěla bych jet z Malostranského náměstí.
    

2013-06-07-15-56-08.540289-CEST  TTS-7      : DEBUG      
    From: HUB        To: TTS        Command: keeplast() 

2013-06-07-15-56-08.553557-CEST  MainProcess : INFO       
    From: NLG        To: HUB        Command: nlg_text_generated() 

2013-06-07-15-56-08.560483-CEST  MainProcess : INFO       
    From: TTS        To: HUB        Command: tts_start(user_id="None",text="Můžete to zopakovat? Řekněte například chtěla bych jet z Malostranského náměstí.") 

2013-06-07-15-56-09.750223-CEST  MainProcess : INFO       
    From: VoipIO     To: HUB        Command: play_utterance_start(user_id="None") 

2013-06-07-15-56-09.758125-CEST  MainProcess : INFO       
    From: TTS        To: HUB        Command: tts_end(user_id="None",text="Můžete to zopakovat? Řekněte například chtěla bych jet z Malostranského náměstí.") 

2013-06-07-15-56-16.236030-CEST  MainProcess : INFO       
    From: VoipIO     To: HUB        Command: play_utterance_end(user_id="None") 

2013-06-07-15-56-17.794566-CEST  MainProcess : INFO       
    From: VAD        To: HUB        Command: speech_start() 

2013-06-07-15-56-17.802425-CEST  ASR-3      : DEBUG      
    ASR: speech_start()

2013-06-07-15-56-17.810320-CEST  MainProcess : INFO       
    From: ASR        To: HUB        Command: asr_start() 

2013-06-07-15-56-20.993121-CEST  MainProcess : INFO       
    From: VAD        To: HUB        Command: speech_end() 

2013-06-07-15-56-21.000974-CEST  ASR-3      : DEBUG      
    ASR: speech_end()

2013-06-07-15-56-24.790751-CEST  ASR-3      : DEBUG      
    ASR Hypothesis
    ------------------------------------------------------------
    chtěl bych jet malostranského náměstí
    

2013-06-07-15-56-24.817903-CEST  MainProcess : INFO       
    From: ASR        To: HUB        Command: asr_end() 

2013-06-07-15-56-24.867710-CEST  SLU-4      : DEBUG      
    SLU Hypothesis
    ------------------------------------------------------------
    
    

2013-06-07-15-56-24.877130-CEST  MainProcess : INFO       
    From: SLU        To: HUB        Command: slu_parsed() 

2013-06-07-15-56-24.885171-CEST  DM-5       : DEBUG      
    DM Output
    ------------------------------------------------------------
    notunderstood()&help(from_stop)
    

2013-06-07-15-56-24.916274-CEST  NLG-6      : DEBUG      
    NLG Output
    ------------------------------------------------------------
    Nerozuměla jsem. Jěště jednou prosím. Řekněte například chtěla bych jet z Malostranského náměstí.
    

2013-06-07-15-56-24.925022-CEST  MainProcess : INFO       
    From: DM         To: HUB        Command: dm_da_generated() 

2013-06-07-15-56-24.932388-CEST  TTS-7      : DEBUG      
    From: HUB        To: TTS        Command: keeplast() 

2013-06-07-15-56-24.939394-CEST  MainProcess : INFO       
    From: NLG        To: HUB        Command: nlg_text_generated() 

2013-06-07-15-56-24.946770-CEST  MainProcess : INFO       
    From: TTS        To: HUB        Command: tts_start(user_id="None",text="Nerozuměla jsem. Jěště jednou prosím. Řekněte například chtěla bych jet z Malostranského náměstí.") 

2013-06-07-15-56-26.176315-CEST  MainProcess : INFO       
    From: VoipIO     To: HUB        Command: play_utterance_start(user_id="None") 

2013-06-07-15-56-26.184309-CEST  MainProcess : INFO       
    From: TTS        To: HUB        Command: tts_end(user_id="None",text="Nerozuměla jsem. Jěště jednou prosím. Řekněte například chtěla bych jet z Malostranského náměstí.") 

2013-06-07-15-56-34.406972-CEST  MainProcess : INFO       
    From: VoipIO     To: HUB        Command: play_utterance_end(user_id="None") 

2013-06-07-15-56-36.044656-CEST  ASR-3      : DEBUG      
    ASR: speech_start()

2013-06-07-15-56-36.052426-CEST  MainProcess : INFO       
    From: VAD        To: HUB        Command: speech_start() 

2013-06-07-15-56-36.060438-CEST  MainProcess : INFO       
    From: ASR        To: HUB        Command: asr_start() 

2013-06-07-15-56-40.581258-CEST  ASR-3      : DEBUG      
    ASR: speech_end()

2013-06-07-15-56-40.588887-CEST  MainProcess : INFO       
    From: VAD        To: HUB        Command: speech_end() 

2013-06-07-15-56-41.562057-CEST  ASR-3      : DEBUG      
    ASR Hypothesis
    ------------------------------------------------------------
    hledám spojení z malostranského náměstí
    

2013-06-07-15-56-41.584115-CEST  MainProcess : INFO       
    From: ASR        To: HUB        Command: asr_end() 

2013-06-07-15-56-41.633963-CEST  SLU-4      : DEBUG      
    SLU Hypothesis
    ------------------------------------------------------------
    
    

2013-06-07-15-56-41.643712-CEST  MainProcess : INFO       
    From: SLU        To: HUB        Command: slu_parsed() 

2013-06-07-15-56-41.652341-CEST  DM-5       : DEBUG      
    DM Output
    ------------------------------------------------------------
    notunderstood()&help(from_stop)
    

2013-06-07-15-56-41.686982-CEST  NLG-6      : DEBUG      
    NLG Output
    ------------------------------------------------------------
    Ještě jednou prosím. Řekněte například chtěla bych jet ze zastávky poliklinika Barandov.
    

2013-06-07-15-56-41.695925-CEST  MainProcess : INFO       
    From: DM         To: HUB        Command: dm_da_generated() 

2013-06-07-15-56-41.703945-CEST  TTS-7      : DEBUG      
    From: HUB        To: TTS        Command: keeplast() 

2013-06-07-15-56-41.711733-CEST  MainProcess : INFO       
    From: NLG        To: HUB        Command: nlg_text_generated() 

2013-06-07-15-56-41.720244-CEST  MainProcess : INFO       
    From: TTS        To: HUB        Command: tts_start(user_id="None",text="Ještě jednou prosím. Řekněte například chtěla bych jet ze zastávky poliklinika Barandov.") 

2013-06-07-15-56-42.699556-CEST  MainProcess : INFO       
    From: VoipIO     To: HUB        Command: play_utterance_start(user_id="None") 

2013-06-07-15-56-42.708157-CEST  MainProcess : INFO       
    From: TTS        To: HUB        Command: tts_end(user_id="None",text="Ještě jednou prosím. Řekněte například chtěla bych jet ze zastávky poliklinika Barandov.") 

2013-06-07-15-56-49.446594-CEST  MainProcess : INFO       
    From: VoipIO     To: HUB        Command: play_utterance_end(user_id="None") 

2013-06-07-15-56-51.839938-CEST  MainProcess : INFO       
    From: VAD        To: HUB        Command: speech_start() 

2013-06-07-15-56-51.849525-CEST  MainProcess : INFO       
    From: ASR        To: HUB        Command: asr_start() 

2013-06-07-15-56-51.856528-CEST  ASR-3      : DEBUG      
    ASR: speech_start()

2013-06-07-15-56-56.967939-CEST  ASR-3      : DEBUG      
    ASR: speech_end()

2013-06-07-15-56-56.975656-CEST  MainProcess : INFO       
    From: VAD        To: HUB        Command: speech_end() 

2013-06-07-15-56-57.780096-CEST  ASR-3      : DEBUG      
    ASR Hypothesis
    ------------------------------------------------------------
    hledám spojení z malostranského náměstí
    

2013-06-07-15-56-57.800980-CEST  MainProcess : INFO       
    From: ASR        To: HUB        Command: asr_end() 

2013-06-07-15-56-57.852267-CEST  SLU-4      : DEBUG      
    SLU Hypothesis
    ------------------------------------------------------------
    
    

2013-06-07-15-56-57.865141-CEST  DM-5       : DEBUG      
    DM Output
    ------------------------------------------------------------
    notunderstood()&help(from_stop)
    

2013-06-07-15-56-57.874301-CEST  MainProcess : INFO       
    From: SLU        To: HUB        Command: slu_parsed() 

2013-06-07-15-56-57.899573-CEST  NLG-6      : DEBUG      
    NLG Output
    ------------------------------------------------------------
    Můžete to zopakovat? Řekněte například chtěla bych jet ze zastávky poliklinika Barandov.
    

2013-06-07-15-56-57.907990-CEST  MainProcess : INFO       
    From: DM         To: HUB        Command: dm_da_generated() 

2013-06-07-15-56-57.916849-CEST  TTS-7      : DEBUG      
    From: HUB        To: TTS        Command: keeplast() 

2013-06-07-15-56-57.925511-CEST  MainProcess : INFO       
    From: NLG        To: HUB        Command: nlg_text_generated() 

2013-06-07-15-56-57.933928-CEST  MainProcess : INFO       
    From: TTS        To: HUB        Command: tts_start(user_id="None",text="Můžete to zopakovat? Řekněte například chtěla bych jet ze zastávky poliklinika Barandov.") 

2013-06-07-15-56-58.912244-CEST  MainProcess : INFO       
    From: VoipIO     To: HUB        Command: play_utterance_start(user_id="None") 

2013-06-07-15-56-58.925608-CEST  MainProcess : INFO       
    From: TTS        To: HUB        Command: tts_end(user_id="None",text="Můžete to zopakovat? Řekněte například chtěla bych jet ze zastávky poliklinika Barandov.") 

2013-06-07-15-57-03.416890-CEST  VoipIO-1   : DEBUG      
    CallCallback::on_state : Call with "605179476" <sip:605179476@195.113.20.160> is DISCONNCTD last code = 200 (Normal call clearing)

2013-06-07-15-57-03.810989-CEST  VoipIO-1   : DEBUG      
    VoipIO::on_call_disconnected

2013-06-07-15-57-03.820639-CEST  MainProcess : INFO       
    From: VoipIO     To: HUB        Command: call_disconnected(remote_uri="605179476") 

2013-06-07-15-57-03.829607-CEST  TTS-7      : DEBUG      
    From: HUB        To: TTS        Command: flush() 

2013-06-07-15-57-03.838116-CEST  DM-5       : DEBUG      
    From: HUB        To: DM         Command: flush() 

2013-06-07-15-57-03.846262-CEST  SLU-4      : DEBUG      
    From: HUB        To: SLU        Command: flush() 

2013-06-07-15-57-03.854975-CEST  NLG-6      : DEBUG      
    From: HUB        To: NLG        Command: flush() 

2013-06-07-15-57-03.863317-CEST  ASR-3      : DEBUG      
    From: HUB        To: ASR        Command: flush() 

2013-06-07-15-57-03.873171-CEST  VoipIO-1   : DEBUG      
    From: HUB        To: VoipIO     Command: flush() 

2013-06-07-15-57-03.880804-CEST  DM-5       : DEBUG      
    From: HUB        To: DM         Command: end_dialogue() 

