2013-09-03-08-54-11.349390-CEST  VoipIO-1   : DEBUG      
    CallCallback::on_state : Call with "777722783" <sip:777722783@195.113.20.160> is CONNECTING last code = 200 (OK)

2013-09-03-08-54-11.354149-CEST  VoipIO-1   : DEBUG      
    VoipIO::on_call_connecting

2013-09-03-08-54-11.360056-CEST  VoipIO-1   : DEBUG      
    CallCallback::on_state : Call with "777722783" <sip:777722783@195.113.20.160> is CONFIRMED last code = 200 (OK)

2013-09-03-08-54-11.381914-CEST  MainProcess : SYSTEM-LOG 
    config = { 'ASR': { 'Google': { 'debug': False, 'language': 'cs', 'maxresults': 20},
               'Julius': { 'adinnetport': 5530,
                           'binary': '/usr/local/bin/julius',
                           'debug': False,
                           'hostname': 'localhost',
                           'jconf': { '-adport': '5530',
                                      '-b': '1000',
                                      '-b2': '100',
                                      '-cmnload': 'cmn.param',
                                      '-cmnmapweight': '200',
                                      '-cmnsave': 'cmn.param',
                                      '-confnet': '',
                                      '-fallback1pass': '',
                                      '-gprune': 'safe',
                                      '-h': '/mnt/h/jurcicek/vystadial-git/alex/resources/asr/voip_en/hmmdefs',
                                      '-hlist': '/mnt/h/jurcicek/vystadial-git/alex/resources/asr/voip_en/tiedlist',
                                      '-htkconf': '/mnt/h/jurcicek/vystadial-git/alex/resources/asr/voip_en/config',
                                      '-input': 'adinnet',
                                      '-iwsp': '',
                                      '-iwsppenalty': '0.0',
                                      '-lmp': '15.0 0.0',
                                      '-lmp2': '15.0 0.0',
                                      '-mapunk': 'UM',
                                      '-module': '10500',
                                      '-n': '50',
                                      '-nlr': '/mnt/h/jurcicek/vystadial-git/alex/resources/lm/caminfo/julius_arpa_bigram',
                                      '-no_ccd': '',
                                      '-nrl': '/mnt/h/jurcicek/vystadial-git/alex/resources/lm/caminfo/julius_arpa_rev_bigram',
                                      '-silhead': '<s>',
                                      '-siltail': '</s>',
                                      '-spmodel': 'sp',
                                      '-tmix': '4',
                                      '-v': '/mnt/h/jurcicek/vystadial-git/alex/resources/lm/caminfo/julius_dict'},
                           'jconffile': 'julius.jconf',
                           'killall': False,
                           'logfile': 'julius.log',
                           'msg_timeout': 0.3,
                           'pidfile': 'julius.pid',
                           'reuse_server': False,
                           'serverport': 10500,
                           'start_max_wait_time': 15,
                           'start_wait_time': 0.5,
                           'timeout': 2.0},
               'Kaldi': { 'LM_scale': -6666.66,
                          'hypothesis_type': 'nblist',
                          'lat_depth': 666666,
                          'model': 'TODO_path_to_model'},
               'debug': True,
               'type': 'Google'},
      'AlexOnTheBus': { 'max_turns': 120},
      'Analytics': Analytics(account_id='UA-41905278-1', domain_name='cuni.cz'),
      'Audio': { 'sample_rate': 16000, 'samples_per_frame': 256},
      'AudioIO': { 'debug': True, 'output_dir': './aio_call_log', 'play_buffer_size': 1024},
      'DM': { 'PUfalRuleDM': { 'code_submit_url': None,
                               'db_cfg': '/mnt/h/jurcicek/vystadial-git/alex/resources/../applications/CamInfoRest/cued_data/CIRdbase_V7_noloc.txt',
                               'ontology': '/mnt/h/jurcicek/vystadial-git/alex/resources/../applications/CamInfoRest/ontology.cfg',
                               'provide_code': False},
              'UfalRuleDM': { 'code_submit_url': None,
                              'db_cfg': '/mnt/h/jurcicek/vystadial-git/alex/resources/../applications/CamInfoRest/cued_data/CIRdbase_V7_noloc.txt',
                              'ontology': '/mnt/h/jurcicek/vystadial-git/alex/resources/../applications/CamInfoRest/ontology.cfg',
                              'provide_code': False},
              'basic': { 'debug': True, 'silence_timeout': 10.0},
              'debug': True,
              'dialogue_policy': { 'type': <class 'alex.applications.AlexOnTheBus.aotb_hdc_policy.AOTBHDCPolicy'>},
              'dialogue_state': { 'type': <class 'alex.components.dm.dddstate.DeterministicDiscriminativeDialogueState'>},
              'input_timeout': 3.0,
              'ontology': '/mnt/h/jurcicek/vystadial-git/alex/applications/AlexOnTheBus/data/ontology.py',
              'type': 'basic'},
      'General': { 'debug': False, 'include': ['/mnt/h/jurcicek/vystadial-git/alex/resources/private/default.cfg']},
      'Hub': { 'history_file': 'hub_history_hub.txt', 'history_length': 1000, 'main_loop_sleep_time': 0.002},
      'Logging': { 'excepthook': ExceptionHook(
            ExceptionHook
              Hook Type: log
              Hook Logger: SystemLogger(output_dir=./call_logs, stdout_log_level='DEBUG', stdout=True, file_log_level='DEBUG')),
                   'session_logger': SessionLogger(),
                   'system_logger': SystemLogger(output_dir=/net/projects/vystadial/data/call-logs/2013-05-30-alex-aotb-prototype/new, stdout_log_level='DEBUG', stdout=True, file_log_level='DEBUG'),
                   'system_name': u'Alex On The Bus - Live',
                   'version': u'1.0'},
      'NLG': { 'Template': { 'model': '/mnt/h/jurcicek/vystadial-git/alex/applications/AlexOnTheBus/nlg_templates.cfg'},
               'debug': True,
               'type': 'Template'},
      'SHub': { 'history_file': 'hub_history_shub.txt', 'history_length': 1000},
      'SLU': { 'cl-tracing': { 'cldb_fname': '/mnt/h/jurcicek/vystadial-git/alex/applications/CamInfoRest/data/database.py',
                               'do_preprocessing': True,
                               'features_type': ('ngram', 'ab_ngram'),
                               'testing': { 'max_examples': None,
                                            'min_perc': 80,
                                            'model_fname': '/mnt/h/jurcicek/vystadial-git/alex/applications/CamInfoRest/models/130516_minf60-minfc35-mind60.slu_model.gz',
                                            'renormalise': True,
                                            'threshold': None,
                                            'vanilla': True},
                               'training': { 'abstractions': ('abstract',), 'models_dir': 'models'}},
               'debug': True,
               'type': <class 'alex.applications.AlexOnTheBus.aotb_slu.AOTBSLU'>,
               <class 'alex.applications.AlexOnTheBus.aotb_slu.AOTBSLU'>: { 'cldb_fname': '/mnt/h/jurcicek/vystadial-git/alex/applications/AlexOnTheBus/data/database.py',
                                                                            'preprocessing_cls': <class 'alex.applications.AlexOnTheBus.aotb_preprocessing.AOTBSLUPreprocessing'>,
                                                                            'training': { 'models_dir': 'models'}}},
      'THub': { 'history_file': 'hub_history_thub.txt', 'history_length': 1000},
      'TTS': { 'Flite': { 'debug': False,
                          'preprocessing': '/mnt/h/jurcicek/vystadial-git/alex/resources/tts/prep_flite_en.cfg',
                          'tempo': 1.0,
                          'voice': 'kal16'},
               'Google': { 'debug': False,
                           'language': 'en',
                           'preprocessing': '/mnt/h/jurcicek/vystadial-git/alex/resources/tts/prep_google_en.cfg',
                           'tempo': 1.0},
               'SpeechTech': { 'debug': True,
                               'login': 'filipjurcicek',
    # this line was removed since it included a password
                               'preprocessing': '/mnt/h/jurcicek/vystadial-git/alex/resources/tts/prep_speechtech_cs.cfg',
                               'tempo': 1.2,
                               'voice': 'Iva210'},
               'VoiceRSS': { 'api_key': '3b6a9fca5d724b1c8ac34691586cdda1'},
               'VoiceRss': { 'language': 'en-gb',
                             'preprocessing': '/mnt/h/jurcicek/vystadial-git/alex/resources/tts/prep_voicerss_en.cfg',
                             'tempo': 1.0},
               'debug': True,
               'in_between_segments_silence': 0.05,
               'type': 'SpeechTech'},
      'VAD': { 'debug': False,
               'decision_frames_sil': 25,
               'decision_frames_speech': 10,
               'decision_non_speech_threshold': 0.2,
               'decision_speech_threshold': 0.7,
               'gmm': { 'ceplifter': 22,
                        'enormalise': True,
                        'filter_length': 5,
                        'frameshift': 160,
                        'framesize': 512,
                        'frontend': 'MFCC',
                        'hifreq': 3800,
                        'lofreq': 125,
                        'numceps': 12,
                        'numchans': 26,
                        'preemcoef': 0.97,
                        'sil_model': '/mnt/h/jurcicek/vystadial-git/alex/resources/vad/voip_en/vad_sil_sds_mfcc_m064_f100000.gmm',
                        'speech_model': '/mnt/h/jurcicek/vystadial-git/alex/resources/vad/voip_en/vad_speech_sds_mfcc_m064_f100000.gmm',
                        'useacc': True,
                        'usec0': False,
                        'usecmn': False,
                        'usedelta': True,
                        'usehamming': True,
                        'usepower': True,
                        'zmeansource': True},
               'power': { 'adaptation_frames': 30, 'threshold': 70, 'threshold_multiplier': 1.0},
               'speech_buffer_frames': 20,
               'type': 'gmm'},
      'VoipHub': { 'blacklist_for': 7200,
                   'call_db': u'/net/projects/vystadial/data/call-logs/2013-05-30-alex-aotb-prototype/new/call_db.pckl',
                   'hard_time_limit': 360,
                   'hard_turn_limit': 120,
                   'history_length': 1000,
                   'last_period_max_num_calls': 20,
                   'last_period_max_total_time': 1800,
                   'limit_reached_message': u'D\u011bkujeme za zavol\xe1n\xed, ale u\u017e jste volali hodn\u011b. Pros\xedm zavolejte pozd\u011bji. Na shledanou.',
                   'period': 172800,
                   'pid_file': u'/net/projects/vystadial/data/call-logs/2013-05-30-alex-aotb-prototype/new/vhub_live.pid',
                   'wait_time_before_calling_back': 10},
      'VoipIO': { 'allowed_hosts': '',
                  'allowed_phone_numbers': '(^[234567])',
                  'allowed_users': '(^[234567])',
                  'debug': True,
                  'domain': 'vystadial.ms.mff.cuni.cz',
                  'forbidden_hosts': '',
                  'forbidden_phone_number': '(^112$|^150$|^155$|^156$|^158$)',
                  'forbidden_users': '(^112$|^150$|^155$|^156$|^158$)',
    # this line was removed since it included a password
                  'pjsip_log_level': 3,
                  'reject_calls': False,
                  'user': '800899998'},
      'WebHub': { 'port': 8000},
      'corpustools': { 'get_jasr_confnets': { 'frame_size': 256, 'rt_ratio': 0.2}}}

2013-09-03-08-54-11.398570-CEST  VoipIO-1   : DEBUG      
    VoipIO::on_call_confirmed

2013-09-03-08-54-11.448957-CEST  MainProcess : INFO       
    #32707  Time: 2013-09-03-08-54-11.355570-CEST From: VoipIO     To: HUB        Command: call_connecting(remote_uri="777722783") 

2013-09-03-08-54-11.456610-CEST  MainProcess : INFO       
    #32708  Time: 2013-09-03-08-54-11.400025-CEST From: VoipIO     To: HUB        Command: call_confirmed(remote_uri="777722783") 

2013-09-03-08-54-11.464753-CEST  MainProcess : INFO       
    
    ========================================================================================================================
    Incoming call from :          777722783
    ------------------------------------------------------------------------------------------------------------------------
    Total calls:                  18
    Total time (min):             25.3
    Last period total calls:      4
    Last period total time (min): 3.4
    ------------------------------------------------------------------------------------------------------------------------
    CALL ACCEPTED
    ========================================================================================================================
    

2013-09-03-08-54-11.469394-CEST  DM-5       : DEBUG      
    #32712  Time: 2013-09-03-08-54-11.461750-CEST From: HUB        To: DM         Command: new_dialogue() 

2013-09-03-08-54-11.486322-CEST  DM-5       : DEBUG      
    DM Output
    ------------------------------------------------------------
    hello()
    

2013-09-03-08-54-11.498651-CEST  MainProcess : INFO       
    #32713  Time: 2013-09-03-08-54-11.492892-CEST From: DM         To: HUB        DA: hello() 

2013-09-03-08-54-11.506491-CEST  NLG-6      : DEBUG      
    #32717  Time: 2013-09-03-08-54-11.501218-CEST From: HUB        To: NLG        DA: hello() 

2013-09-03-08-54-11.510638-CEST  NLG-6      : DEBUG      
    NLG Output
    ------------------------------------------------------------
    Dobrý den. Tato experimentální služba je poskytována laboratoří výzkumu hlasových dialogových systémů na Ústavu Formální a Aplikované Lingvistiky na Karlově Univerzitě. Hovor je nahráván. Více informací o této službě je na internetu. Jak Vám mohu pomoci. 
    

2013-09-03-08-54-11.521261-CEST  MainProcess : INFO       
    #32719  Time: 2013-09-03-08-54-11.518123-CEST From: NLG        To: HUB        Command: nlg_text_generated() 

2013-09-03-08-54-11.530314-CEST  MainProcess : INFO       
    #32721  Time: 2013-09-03-08-54-11.522478-CEST From: TTS        To: HUB        Command: tts_start(user_id="None",text="Dobrý den. Tato experimentální služba je poskytována laboratoří výzkumu hlasových dialogových systémů na Ústavu Formální a Aplikované Lingvistiky na Karlově Univerzitě. Hovor je nahráván. Více informací o této službě je na internetu. Jak Vám mohu pomoci. ") 

2013-09-03-08-54-11.540447-CEST  MainProcess : INFO       
    #32723  Time: 2013-09-03-08-54-11.528244-CEST From: VoipIO     To: HUB        Command: play_utterance_start(user_id="None",fname="tts-2013-09-03-08-54-11.519844.wav") 

2013-09-03-08-54-11.830558-CEST  MainProcess : INFO       
    #33737  Time: 2013-09-03-08-54-11.821579-CEST From: TTS        To: HUB        Command: tts_end(user_id="None",text="Dobrý den. Tato experimentální služba je poskytována laboratoří výzkumu hlasových dialogových systémů na Ústavu Formální a Aplikované Lingvistiky na Karlově Univerzitě. Hovor je nahráván. Více informací o této službě je na internetu. Jak Vám mohu pomoci. ",fname="tts-2013-09-03-08-54-11.519844.wav",log="true") 

2013-09-03-08-54-27.385034-CEST  MainProcess : INFO       
    #34687  Time: 2013-09-03-08-54-27.000251-CEST From: VoipIO     To: HUB        Command: play_utterance_end(user_id="None",fname="tts-2013-09-03-08-54-11.519844.wav) 

2013-09-03-08-54-28.811942-CEST  ASR-3      : DEBUG      
    ASR: speech_start(fname="vad-2013-09-03-08-54-28.787005.wav")

2013-09-03-08-54-28.816510-CEST  MainProcess : INFO       
    #34801  Time: 2013-09-03-08-54-28.807631-CEST From: VAD        To: HUB        Command: speech_start(fname="vad-2013-09-03-08-54-28.787005.wav") 

2013-09-03-08-54-28.823081-CEST  MainProcess : INFO       
    #34802  Time: 2013-09-03-08-54-28.808318-CEST From: ASR        To: HUB        Command: asr_start(fname="vad-2013-09-03-08-54-28.787005.wav") 

2013-09-03-08-54-33.664554-CEST  MainProcess : INFO       
    #35108  Time: 2013-09-03-08-54-33.659865-CEST From: VAD        To: HUB        Command: speech_end(fname="vad-2013-09-03-08-54-28.787005.wav") 

2013-09-03-08-54-33.669447-CEST  ASR-3      : DEBUG      
    ASR: speech_end(fname="vad-2013-09-03-08-54-28.787005.wav")

2013-09-03-08-54-34.949770-CEST  ASR-3      : DEBUG      
    ASR Hypothesis
    ------------------------------------------------------------
    0.718 potřebujete stanice novoborská do stanice střížkov
    0.056 potřebujeme stanice novoborská do stanice střížkov
    0.050 potřebuje stanice novoborská do stanice střížkov
    0.044 potřebuju jet stanice novoborská do stanice střížkov
    0.038 potřebujete stanice novoborská a do stanice střížkov
    0.031 potřebujete stanice novoborska do stanice střížkov
    0.025 potřebujete stanice novodvorská do stanice střížkov
    0.019 potřebujete stanice novoborská do stanice střížkov u
    0.013 potřebujete stanice novoborská do stanice střížkov i
    0.006 potřebujete stanice novoborská do stanice střížkov fu
    0.000 __other__
    

2013-09-03-08-54-34.966178-CEST  MainProcess : INFO       
    #35189  Time: 2013-09-03-08-54-34.960786-CEST From: ASR        To: HUB        Command: asr_end(fname="vad-2013-09-03-08-54-28.787005.wav") 

2013-09-03-08-54-35.693317-CEST  SLU-4      : DEBUG      
    SLU Hypothesis
    ------------------------------------------------------------
    1.000 inform(to_stop="Střížkov")
    0.975 inform(from_stop="Novoborská")
    0.025 inform(from_stop="Novodvorská")
    

2013-09-03-08-54-35.718333-CEST  MainProcess : INFO       
    #35239  Time: 2013-09-03-08-54-35.713355-CEST From: SLU        To: HUB        Command: slu_parsed(fname="vad-2013-09-03-08-54-28.787005.wav") 

2013-09-03-08-54-35.723340-CEST  DM-5       : DEBUG      
    DDDState Dialogue Act in: inform(to_stop="Střížkov")&inform(from_stop="Novoborská")

2013-09-03-08-54-35.728300-CEST  DM-5       : DEBUG      
    Context Resolution - Dialogue Act: inform(to_stop="Střížkov")&inform(from_stop="Novoborská")

2013-09-03-08-54-35.732834-CEST  DM-5       : DEBUG      
    DDDState - Dialogue state content:
    
    ludait = none
    from_stop = Novoborská
    silence_time = 0.0
    to_stop = Střížkov
    
    
    
    

2013-09-03-08-54-35.736981-CEST  DM-5       : DEBUG      
    DDDState - Dialogue state update
    
    Requested slots:
    {}
    Confirmed slots:
    {}
    Non-informed slots:
    {u'to_stop': u'St\u0159\xed\u017ekov', u'silence_time': 0.0, u'from_stop': u'Novoborsk\xe1'}

2013-09-03-08-54-35.958307-CEST  DM-5       : DEBUG      
    DM Output
    ------------------------------------------------------------
    iconfirm(to_stop="Střížkov")&iconfirm(from_stop="Novoborská")&inform(found_directions="true")&inform(alternative="1")&inform(vehicle="BUS")&inform(line="151")&inform(go_at="08:58")&inform(enter_at="Novoborská")&inform(headsign="Českomoravská")&inform(exit_at="Střížkov")
    

2013-09-03-08-54-35.976724-CEST  MainProcess : INFO       
    #35257  Time: 2013-09-03-08-54-35.971693-CEST From: DM         To: HUB        DA: iconfirm(to_stop="Střížkov")&iconfirm(from_stop="Novoborská")&inform(found_directions="true")&inform(alternative="1")&inform(vehicle="BUS")&inform(line="151")&inform(go_at="08:58")&inform(enter_at="Novoborská")&inform(headsign="Českomoravská")&inform(exit_at="Střížkov") 

2013-09-03-08-54-35.983929-CEST  NLG-6      : DEBUG      
    #35258  Time: 2013-09-03-08-54-35.978486-CEST From: HUB        To: NLG        DA: iconfirm(to_stop="Střížkov")&iconfirm(from_stop="Novoborská")&inform(found_directions="true")&inform(alternative="1")&inform(vehicle="BUS")&inform(line="151")&inform(go_at="08:58")&inform(enter_at="Novoborská")&inform(headsign="Českomoravská")&inform(exit_at="Střížkov") 

2013-09-03-08-54-36.115892-CEST  NLG-6      : DEBUG      
    NLG Output
    ------------------------------------------------------------
    Dobře, do zastávky Střížkov. Ze zastávky Novoborská. Našla jsem následující spojení. Možnost první. Jeďte autobusem číslo 151 v 08:58 ze zastávky Novoborská směrem Českomoravská. Vystupte na zastávce Střížkov.
    

2013-09-03-08-54-36.132819-CEST  MainProcess : INFO       
    #35267  Time: 2013-09-03-08-54-36.129108-CEST From: NLG        To: HUB        Command: nlg_text_generated() 

2013-09-03-08-54-36.139581-CEST  MainProcess : INFO       
    #35270  Time: 2013-09-03-08-54-36.134175-CEST From: TTS        To: HUB        Command: tts_start(user_id="None",text="Dobře, do zastávky Střížkov. Ze zastávky Novoborská. Našla jsem následující spojení. Možnost první. Jeďte autobusem číslo 151 v 08:58 ze zastávky Novoborská směrem Českomoravská. Vystupte na zastávce Střížkov.") 

2013-09-03-08-54-36.157047-CEST  MainProcess : INFO       
    #35272  Time: 2013-09-03-08-54-36.135804-CEST From: VoipIO     To: HUB        Command: play_utterance_start(user_id="None",fname="tts-2013-09-03-08-54-36.129995.wav") 

2013-09-03-08-54-38.590924-CEST  MainProcess : INFO       
    #36453  Time: 2013-09-03-08-54-38.580023-CEST From: TTS        To: HUB        Command: tts_end(user_id="None",text="Dobře, do zastávky Střížkov. Ze zastávky Novoborská. Našla jsem následující spojení. Možnost první. Jeďte autobusem číslo 151 v 08:58 ze zastávky Novoborská směrem Českomoravská. Vystupte na zastávce Střížkov.",fname="tts-2013-09-03-08-54-36.129995.wav",log="true") 

2013-09-03-08-54-53.176853-CEST  MainProcess : INFO       
    #37342  Time: 2013-09-03-08-54-52.837208-CEST From: VoipIO     To: HUB        Command: play_utterance_end(user_id="None",fname="tts-2013-09-03-08-54-36.129995.wav) 

2013-09-03-08-54-54.472377-CEST  MainProcess : INFO       
    #37448  Time: 2013-09-03-08-54-54.468549-CEST From: VAD        To: HUB        Command: speech_start(fname="vad-2013-09-03-08-54-54.442687.wav") 

2013-09-03-08-54-54.476985-CEST  ASR-3      : DEBUG      
    ASR: speech_start(fname="vad-2013-09-03-08-54-54.442687.wav")

2013-09-03-08-54-54.481321-CEST  MainProcess : INFO       
    #37449  Time: 2013-09-03-08-54-54.469869-CEST From: ASR        To: HUB        Command: asr_start(fname="vad-2013-09-03-08-54-54.442687.wav") 

2013-09-03-08-54-55.828596-CEST  ASR-3      : DEBUG      
    ASR: speech_end(fname="vad-2013-09-03-08-54-54.442687.wav")

2013-09-03-08-54-55.833238-CEST  MainProcess : INFO       
    #37535  Time: 2013-09-03-08-54-55.824571-CEST From: VAD        To: HUB        Command: speech_end(fname="vad-2013-09-03-08-54-54.442687.wav") 

2013-09-03-08-54-56.358613-CEST  ASR-3      : DEBUG      
    ASR Hypothesis
    ------------------------------------------------------------
    0.933 děkuji
    0.027 děkuji ti
    0.020 děkuji vám
    0.013 děkuji moc
    0.007 děkuji a
    0.000 __other__
    

2013-09-03-08-54-56.388563-CEST  MainProcess : INFO       
    #37572  Time: 2013-09-03-08-54-56.382369-CEST From: ASR        To: HUB        Command: asr_end(fname="vad-2013-09-03-08-54-54.442687.wav") 

2013-09-03-08-54-56.744384-CEST  SLU-4      : DEBUG      
    SLU Hypothesis
    ------------------------------------------------------------
    1.000 thankyou()
    

2013-09-03-08-54-56.766736-CEST  DM-5       : DEBUG      
    DDDState Dialogue Act in: thankyou()

2013-09-03-08-54-56.771644-CEST  MainProcess : INFO       
    #37598  Time: 2013-09-03-08-54-56.761693-CEST From: SLU        To: HUB        Command: slu_parsed(fname="vad-2013-09-03-08-54-54.442687.wav") 

2013-09-03-08-54-56.776500-CEST  DM-5       : DEBUG      
    Context Resolution - Dialogue Act: thankyou()

2013-09-03-08-54-56.781706-CEST  DM-5       : DEBUG      
    DDDState - Dialogue state content:
    
    ludait = thankyou
    alternative = none
    from_stop = Novoborská
    route_alternative = 0
    silence_time = 0.0
    time = none
    to_stop = Střížkov
    
    rh_alternative = system-informed
    rh_enter_at = system-informed
    rh_exit_at = system-informed
    rh_found_directions = system-informed
    rh_from_stop = system-informed
    rh_go_at = system-informed
    rh_headsign = system-informed
    rh_line = system-informed
    rh_to_stop = system-informed
    rh_vehicle = system-informed
    
    ch_alternative = system-informed
    ch_enter_at = system-informed
    ch_exit_at = system-informed
    ch_found_directions = system-informed
    ch_from_stop = system-informed
    ch_go_at = system-informed
    ch_headsign = system-informed
    ch_line = system-informed
    ch_to_stop = system-informed
    ch_vehicle = system-informed
    
    sh_alternative = system-informed
    sh_enter_at = system-informed
    sh_exit_at = system-informed
    sh_found_directions = system-informed
    sh_from_stop = system-informed
    sh_go_at = system-informed
    sh_headsign = system-informed
    sh_line = system-informed
    sh_to_stop = system-informed
    sh_vehicle = system-informed
    

2013-09-03-08-54-56.786323-CEST  DM-5       : DEBUG      
    DDDState - Dialogue state update
    
    Requested slots:
    {}
    Confirmed slots:
    {}
    Non-informed slots:
    {u'route_alternative': 0, u'silence_time': 0.0}

2013-09-03-08-54-56.834272-CEST  DM-5       : DEBUG      
    DM Output
    ------------------------------------------------------------
    inform(cordiality="true")&hello()
    

2013-09-03-08-54-56.868347-CEST  MainProcess : INFO       
    #37604  Time: 2013-09-03-08-54-56.864296-CEST From: DM         To: HUB        DA: inform(cordiality="true")&hello() 

2013-09-03-08-54-56.879036-CEST  NLG-6      : DEBUG      
    #37606  Time: 2013-09-03-08-54-56.873102-CEST From: HUB        To: NLG        DA: inform(cordiality="true")&hello() 

2013-09-03-08-54-56.884086-CEST  NLG-6      : DEBUG      
    NLG Output
    ------------------------------------------------------------
    Nemáte zač. S čím Vám mohu ještě pomoci.
    

2013-09-03-08-54-56.919131-CEST  MainProcess : INFO       
    #37610  Time: 2013-09-03-08-54-56.915070-CEST From: NLG        To: HUB        Command: nlg_text_generated() 

2013-09-03-08-54-56.926751-CEST  MainProcess : INFO       
    #37612  Time: 2013-09-03-08-54-56.920628-CEST From: TTS        To: HUB        Command: tts_start(user_id="None",text="Nemáte zač. S čím Vám mohu ještě pomoci.") 

2013-09-03-08-54-56.959403-CEST  MainProcess : INFO       
    #37614  Time: 2013-09-03-08-54-56.922906-CEST From: VoipIO     To: HUB        Command: play_utterance_start(user_id="None",fname="tts-2013-09-03-08-54-56.917337.wav") 

2013-09-03-08-54-56.996194-CEST  MainProcess : INFO       
    #37801  Time: 2013-09-03-08-54-56.990424-CEST From: TTS        To: HUB        Command: tts_end(user_id="None",text="Nemáte zač. S čím Vám mohu ještě pomoci.",fname="tts-2013-09-03-08-54-56.917337.wav",log="true") 

2013-09-03-08-54-57.447232-CEST  MainProcess : INFO       
    #37831  Time: 2013-09-03-08-54-57.442688-CEST From: VAD        To: HUB        Command: speech_start(fname="vad-2013-09-03-08-54-57.395483.wav") 

2013-09-03-08-54-57.451626-CEST  ASR-3      : DEBUG      
    ASR: speech_start(fname="vad-2013-09-03-08-54-57.395483.wav")

2013-09-03-08-54-57.456145-CEST  MainProcess : INFO       
    #37832  Time: 2013-09-03-08-54-57.444198-CEST From: ASR        To: HUB        Command: asr_start(fname="vad-2013-09-03-08-54-57.395483.wav") 

2013-09-03-08-54-58.325354-CEST  ASR-3      : DEBUG      
    ASR: speech_end(fname="vad-2013-09-03-08-54-57.395483.wav")

2013-09-03-08-54-58.330029-CEST  MainProcess : INFO       
    #37890  Time: 2013-09-03-08-54-58.321414-CEST From: VAD        To: HUB        Command: speech_end(fname="vad-2013-09-03-08-54-57.395483.wav") 

2013-09-03-08-54-58.613193-CEST  MainProcess : INFO       
    #37912  Time: 2013-09-03-08-54-58.608708-CEST From: VAD        To: HUB        Command: speech_start(fname="vad-2013-09-03-08-54-58.566393.wav") 

2013-09-03-08-54-58.775298-CEST  VoipIO-1   : DEBUG      
    CallCallback::on_state : Call with "777722783" <sip:777722783@195.113.20.160> is DISCONNCTD last code = 200 (Normal call clearing)

2013-09-03-08-54-58.816736-CEST  ASR-3      : DEBUG      
    ASR Hypothesis
    ------------------------------------------------------------
    1.000 __silence__
    0.000 __other__
    

2013-09-03-08-54-58.837926-CEST  VoipIO-1   : DEBUG      
    VoipIO::on_call_disconnected

2013-09-03-08-54-58.843323-CEST  MainProcess : INFO       
    #37921  Time: 2013-09-03-08-54-58.839083-CEST From: VoipIO     To: HUB        Command: call_disconnected(remote_uri="777722783") 

