2013-06-28-16-39-18.398479-CEST  MainProcess : SYSTEM-LOG 
    config = { 'ASR': { 'Google': { 'debug': False, 'language': 'cs', 'maxresults': 20},
               'Julius': { 'adinnetport': 5530,
                           'binary': '/usr/local/bin/julius',
                           'debug': False,
                           'hostname': 'localhost',
                           'jconf': { '-adport': '5530',
                                      '-b': '1000',
                                      '-b2': '100',
                                      '-cmnload': 'cmn.param',
                                      '-cmnmapweight': '200',
                                      '-cmnsave': 'cmn.param',
                                      '-confnet': '',
                                      '-fallback1pass': '',
                                      '-gprune': 'safe',
                                      '-h': '/mnt/h/jurcicek/vystadial-git/alex/resources/asr/voip_en/hmmdefs',
                                      '-hlist': '/mnt/h/jurcicek/vystadial-git/alex/resources/asr/voip_en/tiedlist',
                                      '-htkconf': '/mnt/h/jurcicek/vystadial-git/alex/resources/asr/voip_en/config',
                                      '-input': 'adinnet',
                                      '-iwsp': '',
                                      '-iwsppenalty': '0.0',
                                      '-lmp': '15.0 0.0',
                                      '-lmp2': '15.0 0.0',
                                      '-mapunk': 'UM',
                                      '-module': '10500',
                                      '-n': '50',
                                      '-nlr': '/mnt/h/jurcicek/vystadial-git/alex/resources/lm/caminfo/julius_arpa_bigram',
                                      '-no_ccd': '',
                                      '-nrl': '/mnt/h/jurcicek/vystadial-git/alex/resources/lm/caminfo/julius_arpa_rev_bigram',
                                      '-silhead': '<s>',
                                      '-siltail': '</s>',
                                      '-spmodel': 'sp',
                                      '-tmix': '4',
                                      '-v': '/mnt/h/jurcicek/vystadial-git/alex/resources/lm/caminfo/julius_dict'},
                           'jconffile': 'julius.jconf',
                           'killall': False,
                           'logfile': 'julius.log',
                           'msg_timeout': 0.3,
                           'pidfile': 'julius.pid',
                           'reuse_server': False,
                           'serverport': 10500,
                           'start_max_wait_time': 15,
                           'start_wait_time': 0.5,
                           'timeout': 2.0},
               'Kaldi': { 'LM_scale': -6666.66,
                          'hypothesis_type': 'nblist',
                          'lat_depth': 666666,
                          'model': 'TODO_path_to_model'},
               'debug': True,
               'type': 'Google'},
      'AlexOnTheBus': { 'max_turns': 30},
      'Analytics': Analytics(account_id='UA-41905278-1', domain_name='cuni.cz'),
      'Audio': { 'sample_rate': 16000, 'samples_per_frame': 256},
      'AudioIO': { 'debug': True, 'output_dir': './aio_call_log', 'play_buffer_size': 1024},
      'DM': { 'PUfalRuleDM': { 'code_submit_url': None,
                               'db_cfg': '/mnt/h/jurcicek/vystadial-git/alex/resources/../applications/CamInfoRest/cued_data/CIRdbase_V7_noloc.txt',
                               'ontology': '/mnt/h/jurcicek/vystadial-git/alex/resources/../applications/CamInfoRest/ontology.cfg',
                               'provide_code': False},
              'UfalRuleDM': { 'code_submit_url': None,
                              'db_cfg': '/mnt/h/jurcicek/vystadial-git/alex/resources/../applications/CamInfoRest/cued_data/CIRdbase_V7_noloc.txt',
                              'ontology': '/mnt/h/jurcicek/vystadial-git/alex/resources/../applications/CamInfoRest/ontology.cfg',
                              'provide_code': False},
              'basic': { 'debug': True},
              'debug': True,
              'dialogue_policy': { 'type': <class 'alex.applications.AlexOnTheBus.aotb_hdc_policy.AOTBHDCPolicy'>},
              'dialogue_state': { 'type': <class 'alex.components.dm.dddstate.DeterministicDiscriminativeDialogueState'>},
              'ontology': '/mnt/h/jurcicek/vystadial-git/alex/applications/AlexOnTheBus/data/ontology.py',
              'type': 'basic'},
      'General': { 'debug': False, 'include': ['/mnt/h/jurcicek/vystadial-git/alex/resources/private/default.cfg']},
      'Hub': { 'history_file': 'hub_history_hub.txt', 'history_length': 1000, 'main_loop_sleep_time': 0.002},
      'Logging': { 'excepthook': <alex.utils.excepthook.ExceptionHook object at 0x2d91750>,
                   'session_logger': SessionLogger(),
                   'system_logger': SystemLogger(output_dir=./call_logs, stdout_log_level='DEBUG', stdout=True, file_log_level='DEBUG'),
                   'system_name': 'Alex On The Bus',
                   'version': '1.0'},
      'NLG': { 'Template': { 'model': '/mnt/h/jurcicek/vystadial-git/alex/applications/AlexOnTheBus/nlg_templates.cfg'},
               'debug': True,
               'type': 'Template'},
      'SHub': { 'history_file': 'hub_history_shub.txt', 'history_length': 1000},
      'SLU': { 'cl-tracing': { 'cldb_fname': '/mnt/h/jurcicek/vystadial-git/alex/applications/CamInfoRest/data/database.py',
                               'do_preprocessing': True,
                               'features_type': ('ngram', 'ab_ngram'),
                               'testing': { 'max_examples': None,
                                            'min_perc': 80,
                                            'model_fname': '/mnt/h/jurcicek/vystadial-git/alex/applications/CamInfoRest/models/130516_minf60-minfc35-mind60.slu_model.gz',
                                            'renormalise': True,
                                            'threshold': None,
                                            'vanilla': True},
                               'training': { 'abstractions': ('abstract',), 'models_dir': 'models'}},
               'debug': True,
               'type': <class 'alex.applications.AlexOnTheBus.aotb_slu.AOTBSLU'>,
               <class 'alex.applications.AlexOnTheBus.aotb_slu.AOTBSLU'>: { 'cldb_fname': '/mnt/h/jurcicek/vystadial-git/alex/applications/AlexOnTheBus/data/database.py',
                                                                            'preprocessing_cls': <class 'alex.applications.AlexOnTheBus.aotb_preprocessing.AOTBSLUPreprocessing'>,
                                                                            'training': { 'models_dir': 'models'}}},
      'THub': { 'history_file': 'hub_history_thub.txt', 'history_length': 1000},
      'TTS': { 'Flite': { 'debug': False,
                          'preprocessing': '/mnt/h/jurcicek/vystadial-git/alex/resources/tts/prep_flite_en.cfg',
                          'voice': 'kal16'},
               'Google': { 'debug': False,
                           'language': 'en',
                           'preprocessing': '/mnt/h/jurcicek/vystadial-git/alex/resources/tts/prep_google_en.cfg'},
               'SpeechTech': { 'debug': True,
                               'login': 'filipjurcicek',
    # this line was removed since it included a password
                               'preprocessing': '/mnt/h/jurcicek/vystadial-git/alex/resources/tts/prep_speechtech_cs.cfg',
                               'voice': 'Iva210'},
               'VoiceRSS': { 'api_key': '3b6a9fca5d724b1c8ac34691586cdda1'},
               'VoiceRss': { 'language': 'en-gb',
                             'preprocessing': '/mnt/h/jurcicek/vystadial-git/alex/resources/tts/prep_voicerss_en.cfg'},
               'debug': True,
               'final_silence_removal_proportion': 0.8,
               'type': 'SpeechTech'},
      'VAD': { 'debug': False,
               'decision_frames_sil': 25,
               'decision_frames_speech': 10,
               'decision_non_speech_threshold': 0.2,
               'decision_speech_threshold': 0.7,
               'gmm': { 'ceplifter': 22,
                        'enormalise': True,
                        'filter_length': 5,
                        'frameshift': 160,
                        'framesize': 512,
                        'frontend': 'MFCC',
                        'hifreq': 3800,
                        'lofreq': 125,
                        'numceps': 12,
                        'numchans': 26,
                        'preemcoef': 0.97,
                        'sil_model': '/mnt/h/jurcicek/vystadial-git/alex/resources/vad/voip_en/vad_sil_sds_mfcc_m064_f100000.gmm',
                        'speech_model': '/mnt/h/jurcicek/vystadial-git/alex/resources/vad/voip_en/vad_speech_sds_mfcc_m064_f100000.gmm',
                        'useacc': True,
                        'usec0': False,
                        'usecmn': False,
                        'usedelta': True,
                        'usehamming': True,
                        'usepower': True,
                        'zmeansource': True},
               'power': { 'adaptation_frames': 30, 'threshold': 70, 'threshold_multiplier': 1.0},
               'speech_buffer_frames': 20,
               'type': 'gmm'},
      'VoipHub': { 'blacklist_for': 7200,
                   'call_db': '/mnt/h/jurcicek/vystadial-git/alex/applications/AlexOnTheBus/call_db.pckl',
                   'hard_time_limit': 360,
                   'hard_turn_limit': 40,
                   'history_length': 1000,
                   'last_period_max_num_calls': 100,
                   'last_period_max_total_time': 7200,
                   'limit_reached_message': u'D\u011bkujeme za zavol\xe1n\xed, ale u\u017e jste volali hodn\u011b. Pros\xedm zavolejte pozd\u011bji. Na shledanou.',
                   'period': 172800,
                   'pid_file': '/mnt/h/jurcicek/vystadial-git/alex/applications/vhub.pid',
                   'wait_time_before_calling_back': 10},
      'VoipIO': { 'allowed_hosts': '',
                  'allowed_phone_numbers': '(^[234567])',
                  'allowed_users': '(^[234567])',
                  'debug': True,
                  'domain': 'external.sip.mff.cuni.cz:5066',
                  'forbidden_hosts': '',
                  'forbidden_phone_number': '(^112$|^150$|^155$|^156$|^158$)',
                  'forbidden_users': '(^112$|^150$|^155$|^156$|^158$)',
    # this line was removed since it included a password
                  'pjsip_log_level': 3,
                  'reject_calls': False,
                  'user': 'DEV-9889'},
      'WebHub': { 'port': 8000},
      'corpustools': { 'get_jasr_confnets': { 'frame_size': 256, 'rt_ratio': 0.2}}}
    

2013-06-28-16-39-18.433041-CEST  VoipIO-1   : DEBUG      
    CallCallback::on_state : Call with "Bejcek Eduard" <sip:4366@195.113.20.69> is CONFIRMED last code = 200 (OK)

2013-06-28-16-39-18.499152-CEST  MainProcess : INFO       
    #2      Time: 2013-06-28-16-39-18.382343-CEST From: VoipIO     To: HUB        Command: call_connecting(remote_uri="4366") 

2013-06-28-16-39-18.585757-CEST  VoipIO-1   : DEBUG      
    VoipIO::on_call_confirmed

2013-06-28-16-39-18.587026-CEST  MainProcess : INFO       
    #3      Time: 2013-06-28-16-39-18.586353-CEST From: VoipIO     To: HUB        Command: call_confirmed(remote_uri="4366") 

2013-06-28-16-39-18.587986-CEST  MainProcess : INFO       
    
    ========================================================================================================================
    Incoming call from :          4366
    ------------------------------------------------------------------------------------------------------------------------
    Total calls:                  48
    Total time (min):             41.3
    Last period total calls:      7
    Last period total time (min): 14.9
    ------------------------------------------------------------------------------------------------------------------------
    CALL ACCEPTED
    ========================================================================================================================
    

2013-06-28-16-39-18.589591-CEST  DM-5       : DEBUG      
    #4      Time: 2013-06-28-16-39-18.587660-CEST From: HUB        To: DM         Command: new_dialogue() 

2013-06-28-16-39-18.590188-CEST  DM-5       : DEBUG      
    DM Output
    ------------------------------------------------------------
    hello()
    

2013-06-28-16-39-18.736984-CEST  MainProcess : INFO       
    #13     Time: 2013-06-28-16-39-18.736244-CEST From: DM         To: HUB        Command: dm_da_generated() 

2013-06-28-16-39-18.737586-CEST  NLG-6      : DEBUG      
    NLG Output
    ------------------------------------------------------------
    Dobrý den. Hovor je nahráván. Více informací o této službě je na internetu. Jak Vám mohu pomoci. Můžete například říct z Malostranského náměstí na Zvonařku.
    

2013-06-28-16-39-18.778853-CEST  MainProcess : INFO       
    #18     Time: 2013-06-28-16-39-18.777873-CEST From: NLG        To: HUB        Command: nlg_text_generated() 

2013-06-28-16-39-18.781319-CEST  MainProcess : INFO       
    #20     Time: 2013-06-28-16-39-18.780127-CEST From: TTS        To: HUB        Command: tts_start(user_id="None",text="Dobrý den. Hovor je nahráván. Více informací o této službě je na internetu. Jak Vám mohu pomoci. Můžete například říct z Malostranského náměstí na Zvonařku.") 

2013-06-28-16-39-18.847889-CEST  MainProcess : INFO       
    #22     Time: 2013-06-28-16-39-18.782107-CEST From: VoipIO     To: HUB        Command: play_utterance_start(user_id="None",fname="tts-2013-06-28-16-39-18.779857.wav") 

2013-06-28-16-39-18.963272-CEST  MainProcess : INFO       
    #863    Time: 2013-06-28-16-39-18.960529-CEST From: TTS        To: HUB        Command: tts_end(user_id="None",text="Dobrý den. Hovor je nahráván. Více informací o této službě je na internetu. Jak Vám mohu pomoci. Můžete například říct z Malostranského náměstí na Zvonařku.",fname="tts-2013-06-28-16-39-18.779857.wav",log="true") 

2013-06-28-16-39-24.212004-CEST  MainProcess : INFO       
    #1195   Time: 2013-06-28-16-39-24.211294-CEST From: VAD        To: HUB        Command: speech_start(fname="vad-2013-06-28-16-39-24.147204.wav") 

2013-06-28-16-39-24.212699-CEST  ASR-3      : DEBUG      
    ASR: speech_start()

2013-06-28-16-39-24.262391-CEST  MainProcess : INFO       
    #1196   Time: 2013-06-28-16-39-24.211815-CEST From: ASR        To: HUB        Command: asr_start() 

2013-06-28-16-39-24.263060-CEST  NLG-6      : DEBUG      
    #1198   Time: 2013-06-28-16-39-24.261113-CEST From: HUB        To: NLG        Command: flush() 

2013-06-28-16-39-24.264917-CEST  MainProcess : INFO       
    #1199   Time: 2013-06-28-16-39-24.263148-CEST From: NLG        To: HUB        Command: flushed() 

2013-06-28-16-39-24.267285-CEST  TTS-7      : DEBUG      
    #1200   Time: 2013-06-28-16-39-24.265002-CEST From: HUB        To: TTS        Command: flush() 

2013-06-28-16-39-24.269568-CEST  MainProcess : INFO       
    #1201   Time: 2013-06-28-16-39-24.267379-CEST From: TTS        To: HUB        Command: flushed() 

2013-06-28-16-39-24.271008-CEST  VoipIO-1   : DEBUG      
    #1202   Time: 2013-06-28-16-39-24.269648-CEST From: HUB        To: VIO        Command: flush_out() 

2013-06-28-16-39-24.272020-CEST  MainProcess : INFO       
    #1203   Time: 2013-06-28-16-39-24.271326-CEST From: VoipIO     To: HUB        Command: flushed_out() 

2013-06-28-16-39-25.320727-CEST  ASR-3      : DEBUG      
    ASR: speech_end()

2013-06-28-16-39-25.321770-CEST  MainProcess : INFO       
    #1273   Time: 2013-06-28-16-39-25.319818-CEST From: VAD        To: HUB        Command: speech_end(fname="vad-2013-06-28-16-39-24.147204.wav") 

2013-06-28-16-39-25.883169-CEST  ASR-3      : DEBUG      
    ASR Hypothesis
    ------------------------------------------------------------
    0.600 chtěl bych něco dělat
    0.053 chtěl bych jet anděla
    0.050 chtěl bych něco udělat
    0.046 chtěl by něco udělat
    0.042 chtěl bych jet anděl
    0.038 chtěl bych něco anděla
    0.034 chtěl bych jet a anděla
    0.030 chtěl bych vidět anděla
    0.027 chtěl bych jet a anděl
    0.023 chtěl bych něco anděl
    0.019 chtěl by jet a anděla
    0.015 chtěl bych 5 anděla
    0.011 chtěl bych vidět anděl
    0.008 chtěl by jet a anděl
    0.004 chtěl bych 5 anděl
    0.000 __other__
    

2013-06-28-16-39-25.912712-CEST  MainProcess : INFO       
    #1310   Time: 2013-06-28-16-39-25.911405-CEST From: ASR        To: HUB        Command: asr_end() 

2013-06-28-16-39-27.043163-CEST  SLU-4      : DEBUG      
    SLU Hypothesis
    ------------------------------------------------------------
    0.695 other()
    0.305 inform(="Anděl")
    

2013-06-28-16-39-27.096610-CEST  DM-5       : DEBUG      
    DDDState Dialogue Act in: other()

2013-06-28-16-39-27.096995-CEST  MainProcess : INFO       
    #1388   Time: 2013-06-28-16-39-27.094788-CEST From: SLU        To: HUB        Command: slu_parsed() 

2013-06-28-16-39-27.097409-CEST  DM-5       : DEBUG      
    Context Resolution - Dialogue Act: other()

2013-06-28-16-39-27.097678-CEST  DM-5       : DEBUG      
    DDDState - Dialogue state content:
    
    lda = other
    
    
    
    

2013-06-28-16-39-27.097910-CEST  DM-5       : DEBUG      
    DDDState
    
    Requested slots:
    {}
    Confirmed slots:
    {}
    Non-informed slots:
    {}

2013-06-28-16-39-27.098283-CEST  DM-5       : DEBUG      
    DM Output
    ------------------------------------------------------------
    notunderstood()&help(repeat)
    

2013-06-28-16-39-27.178907-CEST  MainProcess : INFO       
    #1394   Time: 2013-06-28-16-39-27.178363-CEST From: DM         To: HUB        Command: dm_da_generated() 

2013-06-28-16-39-27.180882-CEST  NLG-6      : DEBUG      
    NLG Output
    ------------------------------------------------------------
    Promiňte, nerozuměla jsem. Můžete to zopakovat? Pokud mi nebylo rozumět, potom mě můžete požádat o zopakování poslední věty.
    

2013-06-28-16-39-27.239405-CEST  MainProcess : INFO       
    #1400   Time: 2013-06-28-16-39-27.236943-CEST From: NLG        To: HUB        Command: nlg_text_generated() 

2013-06-28-16-39-27.241810-CEST  MainProcess : INFO       
    #1402   Time: 2013-06-28-16-39-27.239581-CEST From: TTS        To: HUB        Command: tts_start(user_id="None",text="Promiňte, nerozuměla jsem. Můžete to zopakovat? Pokud mi nebylo rozumět, potom mě můžete požádat o zopakování poslední věty.") 

2013-06-28-16-39-27.275929-CEST  MainProcess : INFO       
    #1404   Time: 2013-06-28-16-39-27.240656-CEST From: VoipIO     To: HUB        Command: play_utterance_start(user_id="None",fname="tts-2013-06-28-16-39-27.239184.wav") 

2013-06-28-16-39-27.380087-CEST  MainProcess : INFO       
    #2054   Time: 2013-06-28-16-39-27.377417-CEST From: TTS        To: HUB        Command: tts_end(user_id="None",text="Promiňte, nerozuměla jsem. Můžete to zopakovat? Pokud mi nebylo rozumět, potom mě můžete požádat o zopakování poslední věty.",fname="tts-2013-06-28-16-39-27.239184.wav",log="true") 

2013-06-28-16-39-31.178907-CEST  ASR-3      : DEBUG      
    ASR: speech_start()

2013-06-28-16-39-31.179266-CEST  MainProcess : INFO       
    #2292   Time: 2013-06-28-16-39-31.178064-CEST From: VAD        To: HUB        Command: speech_start(fname="vad-2013-06-28-16-39-31.122061.wav") 

2013-06-28-16-39-31.220822-CEST  MainProcess : INFO       
    #2293   Time: 2013-06-28-16-39-31.178473-CEST From: ASR        To: HUB        Command: asr_start() 

2013-06-28-16-39-31.221244-CEST  NLG-6      : DEBUG      
    #2298   Time: 2013-06-28-16-39-31.219673-CEST From: HUB        To: NLG        Command: flush() 

2013-06-28-16-39-31.223274-CEST  MainProcess : INFO       
    #2299   Time: 2013-06-28-16-39-31.221341-CEST From: NLG        To: HUB        Command: flushed() 

2013-06-28-16-39-31.224086-CEST  TTS-7      : DEBUG      
    #2300   Time: 2013-06-28-16-39-31.223351-CEST From: HUB        To: TTS        Command: flush() 

2013-06-28-16-39-31.225764-CEST  MainProcess : INFO       
    #2301   Time: 2013-06-28-16-39-31.224168-CEST From: TTS        To: HUB        Command: flushed() 

2013-06-28-16-39-31.227573-CEST  VoipIO-1   : DEBUG      
    #2302   Time: 2013-06-28-16-39-31.225864-CEST From: HUB        To: VIO        Command: flush_out() 

2013-06-28-16-39-31.228304-CEST  MainProcess : INFO       
    #2303   Time: 2013-06-28-16-39-31.227895-CEST From: VoipIO     To: HUB        Command: flushed_out() 

2013-06-28-16-39-32.371500-CEST  MainProcess : INFO       
    #2377   Time: 2013-06-28-16-39-32.369987-CEST From: VAD        To: HUB        Command: speech_end(fname="vad-2013-06-28-16-39-31.122061.wav") 

2013-06-28-16-39-32.372071-CEST  ASR-3      : DEBUG      
    ASR: speech_end()

2013-06-28-16-39-33.077157-CEST  ASR-3      : DEBUG      
    ASR Hypothesis
    ------------------------------------------------------------
    0.643 chtěl bych jeden z anděla
    0.036 chtěl bych z anděla
    0.034 chtěl by jeden z anděla
    0.032 záběry z anděla
    0.030 chtěl bych za anděla
    0.028 chtěl bych jednu z anděla
    0.026 chtěl bych jet z anděla
    0.024 chtěl bych jeden z nás dělá
    0.023 chtěl by jet z anděla
    0.021 chtěl bych zde anděla
    0.019 chtěl bych jeden z děla
    0.017 chtěl bych za anděl
    0.015 jeden z anděla
    0.013 chtěl by jednu z anděla
    0.011 chtěli by jeden z anděla
    0.009 chtěl by jeden z nás dělá
    0.008 chtěl bych jeden z dělat
    0.006 to by jeden z anděla
    0.004 co by jeden z anděla
    0.002 chtěl bych z děla
    0.000 __other__
    

2013-06-28-16-39-33.104200-CEST  MainProcess : INFO       
    #2423   Time: 2013-06-28-16-39-33.103069-CEST From: ASR        To: HUB        Command: asr_end() 

2013-06-28-16-39-34.053740-CEST  SLU-4      : DEBUG      
    SLU Hypothesis
    ------------------------------------------------------------
    0.917 inform(from_stop="Anděl")
    0.062 other()
    0.021 inform(="Anděl")
    

2013-06-28-16-39-34.078997-CEST  MainProcess : INFO       
    #2488   Time: 2013-06-28-16-39-34.078279-CEST From: SLU        To: HUB        Command: slu_parsed() 

2013-06-28-16-39-34.080624-CEST  DM-5       : DEBUG      
    DDDState Dialogue Act in: inform(from_stop="Anděl")

2013-06-28-16-39-34.080837-CEST  DM-5       : DEBUG      
    Context Resolution - Dialogue Act: inform(from_stop="Anděl")

2013-06-28-16-39-34.081072-CEST  DM-5       : DEBUG      
    DDDState - Dialogue state content:
    
    lda = none
    alternative = none
    from_stop = Anděl
    route_alternative = none
    
    
    
    

2013-06-28-16-39-34.081312-CEST  DM-5       : DEBUG      
    DDDState
    
    Requested slots:
    {}
    Confirmed slots:
    {}
    Non-informed slots:
    {u'from_stop': u'And\u011bl'}

2013-06-28-16-39-34.081702-CEST  DM-5       : DEBUG      
    DM Output
    ------------------------------------------------------------
    iconfirm(from_stop="Anděl")&request(to_stop)
    

2013-06-28-16-39-34.154129-CEST  MainProcess : INFO       
    #2494   Time: 2013-06-28-16-39-34.153471-CEST From: DM         To: HUB        Command: dm_da_generated() 

2013-06-28-16-39-34.156264-CEST  NLG-6      : DEBUG      
    NLG Output
    ------------------------------------------------------------
    Ze zastávky Anděl. Kam chcete jet?
    

2013-06-28-16-39-34.204783-CEST  MainProcess : INFO       
    #2500   Time: 2013-06-28-16-39-34.203584-CEST From: NLG        To: HUB        Command: nlg_text_generated() 

2013-06-28-16-39-34.205066-CEST  MainProcess : INFO       
    #2502   Time: 2013-06-28-16-39-34.204285-CEST From: TTS        To: HUB        Command: tts_start(user_id="None",text="Ze zastávky Anděl. Kam chcete jet?") 

2013-06-28-16-39-34.250267-CEST  MainProcess : INFO       
    #2504   Time: 2013-06-28-16-39-34.205436-CEST From: VoipIO     To: HUB        Command: play_utterance_start(user_id="None",fname="tts-2013-06-28-16-39-34.204203.wav") 

2013-06-28-16-39-34.271918-CEST  MainProcess : INFO       
    #2733   Time: 2013-06-28-16-39-34.269923-CEST From: TTS        To: HUB        Command: tts_end(user_id="None",text="Ze zastávky Anděl. Kam chcete jet?",fname="tts-2013-06-28-16-39-34.204203.wav",log="true") 

2013-06-28-16-39-37.791344-CEST  MainProcess : INFO       
    #2926   Time: 2013-06-28-16-39-37.344493-CEST From: VoipIO     To: HUB        Command: play_utterance_end(user_id="None",fname="tts-2013-06-28-16-39-34.204203.wav) 

2013-06-28-16-39-42.796796-CEST  MainProcess : INFO       
    #3268   Time: 2013-06-28-16-39-42.795251-CEST From: VAD        To: HUB        Command: speech_start(fname="vad-2013-06-28-16-39-42.716947.wav") 

2013-06-28-16-39-42.797496-CEST  ASR-3      : DEBUG      
    ASR: speech_start()

2013-06-28-16-39-42.797992-CEST  MainProcess : INFO       
    #3269   Time: 2013-06-28-16-39-42.797152-CEST From: ASR        To: HUB        Command: asr_start() 

2013-06-28-16-39-44.022556-CEST  MainProcess : INFO       
    #3347   Time: 2013-06-28-16-39-44.020171-CEST From: VAD        To: HUB        Command: speech_end(fname="vad-2013-06-28-16-39-42.716947.wav") 

2013-06-28-16-39-44.022928-CEST  ASR-3      : DEBUG      
    ASR: speech_end()

2013-06-28-16-39-44.655992-CEST  ASR-3      : DEBUG      
    ASR Hypothesis
    ------------------------------------------------------------
    0.750 zastávky košíře
    0.033 zastávka košíře
    0.031 zastávky košířem
    0.029 zastávka šíře
    0.026 zastavte košíře
    0.024 na zastávce košíře
    0.021 zastávka košířem
    0.019 zastávky košíře i
    0.017 zastávky košíř
    0.014 zastávka košíře i
    0.012 zastávka košíř
    0.010 zastavte košířem
    0.007 na zastávce košířem
    0.005 zatáčka šíře
    0.002 zastávky košířem i
    0.000 __other__
    

2013-06-28-16-39-44.687692-CEST  MainProcess : INFO       
    #3389   Time: 2013-06-28-16-39-44.686691-CEST From: ASR        To: HUB        Command: asr_end() 

2013-06-28-16-39-45.412282-CEST  SLU-4      : DEBUG      
    SLU Hypothesis
    ------------------------------------------------------------
    0.995 other()
    0.005 inform(="Zatáčka")
    

2013-06-28-16-39-45.506330-CEST  MainProcess : INFO       
    #3442   Time: 2013-06-28-16-39-45.505482-CEST From: SLU        To: HUB        Command: slu_parsed() 

2013-06-28-16-39-45.508067-CEST  DM-5       : DEBUG      
    DDDState Dialogue Act in: other()

2013-06-28-16-39-45.508307-CEST  DM-5       : DEBUG      
    Context Resolution - Dialogue Act: other()

2013-06-28-16-39-45.508638-CEST  DM-5       : DEBUG      
    DDDState - Dialogue state content:
    
    lda = other
    alternative = none
    from_stop = Anděl
    route_alternative = none
    to_centre = none
    to_stop = none
    
    rh_from_stop = system-informed
    
    ch_from_stop = system-informed
    
    sh_from_stop = system-informed
    

2013-06-28-16-39-45.508934-CEST  DM-5       : DEBUG      
    DDDState
    
    Requested slots:
    {}
    Confirmed slots:
    {}
    Non-informed slots:
    {}

2013-06-28-16-39-45.509279-CEST  DM-5       : DEBUG      
    DM Output
    ------------------------------------------------------------
    notunderstood()&help(inform="to_stop")
    

2013-06-28-16-39-46.051097-CEST  MainProcess : INFO       
    #3480   Time: 2013-06-28-16-39-46.049160-CEST From: DM         To: HUB        Command: dm_da_generated() 

2013-06-28-16-39-46.051538-CEST  NLG-6      : DEBUG      
    NLG Output
    ------------------------------------------------------------
    Nerozuměla jsem. Ještě jednou prosím. Můžete například říct na Zvonařku.
    

2013-06-28-16-39-46.093182-CEST  MainProcess : INFO       
    #3482   Time: 2013-06-28-16-39-46.090958-CEST From: NLG        To: HUB        Command: nlg_text_generated() 

2013-06-28-16-39-46.093498-CEST  MainProcess : INFO       
    #3484   Time: 2013-06-28-16-39-46.091864-CEST From: TTS        To: HUB        Command: tts_start(user_id="None",text="Nerozuměla jsem. Ještě jednou prosím. Můžete například říct na Zvonařku.") 

2013-06-28-16-39-46.146614-CEST  MainProcess : INFO       
    #3486   Time: 2013-06-28-16-39-46.093640-CEST From: VoipIO     To: HUB        Command: play_utterance_start(user_id="None",fname="tts-2013-06-28-16-39-46.091762.wav") 

2013-06-28-16-39-46.202970-CEST  MainProcess : INFO       
    #3910   Time: 2013-06-28-16-39-46.200753-CEST From: TTS        To: HUB        Command: tts_end(user_id="None",text="Nerozuměla jsem. Ještě jednou prosím. Můžete například říct na Zvonařku.",fname="tts-2013-06-28-16-39-46.091762.wav",log="true") 

2013-06-28-16-39-52.701946-CEST  MainProcess : INFO       
    #4271   Time: 2013-06-28-16-39-51.932282-CEST From: VoipIO     To: HUB        Command: play_utterance_end(user_id="None",fname="tts-2013-06-28-16-39-46.091762.wav) 

2013-06-28-16-39-55.099767-CEST  ASR-3      : DEBUG      
    ASR: speech_start()

2013-06-28-16-39-55.100359-CEST  MainProcess : INFO       
    #4469   Time: 2013-06-28-16-39-55.099242-CEST From: VAD        To: HUB        Command: speech_start(fname="vad-2013-06-28-16-39-55.003774.wav") 

2013-06-28-16-39-55.101541-CEST  MainProcess : INFO       
    #4470   Time: 2013-06-28-16-39-55.099433-CEST From: ASR        To: HUB        Command: asr_start() 

2013-06-28-16-39-55.533739-CEST  ASR-3      : DEBUG      
    ASR: speech_end()

2013-06-28-16-39-55.534179-CEST  MainProcess : INFO       
    #4500   Time: 2013-06-28-16-39-55.532571-CEST From: VAD        To: HUB        Command: speech_end(fname="vad-2013-06-28-16-39-55.003774.wav") 

2013-06-28-16-39-55.843678-CEST  ASR-3      : DEBUG      
    ASR Hypothesis
    ------------------------------------------------------------
    0.775 šíře
    0.037 zvíře
    0.034 šíře i
    0.031 šíře o
    0.027 šíře h
    0.024 zvíře i
    0.020 šířen i
    0.017 zvíře o
    0.014 štíři i
    0.010 4 i
    0.007 štíři o
    0.003 4 o
    0.000 __other__
    

2013-06-28-16-39-55.876294-CEST  MainProcess : INFO       
    #4521   Time: 2013-06-28-16-39-55.874376-CEST From: ASR        To: HUB        Command: asr_end() 

2013-06-28-16-39-56.449091-CEST  SLU-4      : DEBUG      
    SLU Hypothesis
    ------------------------------------------------------------
    1.000 other()
    

2013-06-28-16-39-56.484729-CEST  DM-5       : DEBUG      
    DDDState Dialogue Act in: other()

2013-06-28-16-39-56.484933-CEST  DM-5       : DEBUG      
    Context Resolution - Dialogue Act: other()

2013-06-28-16-39-56.485268-CEST  MainProcess : INFO       
    #4563   Time: 2013-06-28-16-39-56.482857-CEST From: SLU        To: HUB        Command: slu_parsed() 

2013-06-28-16-39-56.485782-CEST  DM-5       : DEBUG      
    DDDState - Dialogue state content:
    
    lda = other
    alternative = none
    from_stop = Anděl
    route_alternative = none
    to_centre = none
    to_stop = none
    
    rh_from_stop = system-informed
    
    ch_from_stop = system-informed
    
    sh_from_stop = system-informed
    

2013-06-28-16-39-56.486086-CEST  DM-5       : DEBUG      
    DDDState
    
    Requested slots:
    {}
    Confirmed slots:
    {}
    Non-informed slots:
    {}

2013-06-28-16-39-56.486501-CEST  DM-5       : DEBUG      
    DM Output
    ------------------------------------------------------------
    notunderstood()&help(inform="time")
    

2013-06-28-16-39-56.560477-CEST  MainProcess : INFO       
    #4569   Time: 2013-06-28-16-39-56.558205-CEST From: DM         To: HUB        Command: dm_da_generated() 

2013-06-28-16-39-56.560930-CEST  NLG-6      : DEBUG      
    NLG Output
    ------------------------------------------------------------
    Promiňte, nerozuměla jsem. Můžete například říct v kolik hodin chcete jet.
    

2013-06-28-16-39-56.602312-CEST  MainProcess : INFO       
    #4575   Time: 2013-06-28-16-39-56.599965-CEST From: NLG        To: HUB        Command: nlg_text_generated() 

2013-06-28-16-39-56.602600-CEST  MainProcess : INFO       
    #4577   Time: 2013-06-28-16-39-56.600611-CEST From: TTS        To: HUB        Command: tts_start(user_id="None",text="Promiňte, nerozuměla jsem. Můžete například říct v kolik hodin chcete jet.") 

2013-06-28-16-39-56.655918-CEST  MainProcess : INFO       
    #4579   Time: 2013-06-28-16-39-56.601311-CEST From: VoipIO     To: HUB        Command: play_utterance_start(user_id="None",fname="tts-2013-06-28-16-39-56.600526.wav") 

2013-06-28-16-39-56.711668-CEST  MainProcess : INFO       
    #4966   Time: 2013-06-28-16-39-56.708891-CEST From: TTS        To: HUB        Command: tts_end(user_id="None",text="Promiňte, nerozuměla jsem. Můžete například říct v kolik hodin chcete jet.",fname="tts-2013-06-28-16-39-56.600526.wav",log="true") 

2013-06-28-16-40-02.688049-CEST  MainProcess : INFO       
    #5296   Time: 2013-06-28-16-40-01.969436-CEST From: VoipIO     To: HUB        Command: play_utterance_end(user_id="None",fname="tts-2013-06-28-16-39-56.600526.wav) 

2013-06-28-16-40-05.217686-CEST  ASR-3      : DEBUG      
    ASR: speech_start()

2013-06-28-16-40-05.218146-CEST  MainProcess : INFO       
    #5501   Time: 2013-06-28-16-40-05.216891-CEST From: VAD        To: HUB        Command: speech_start(fname="vad-2013-06-28-16-40-05.113747.wav") 

2013-06-28-16-40-05.219780-CEST  MainProcess : INFO       
    #5502   Time: 2013-06-28-16-40-05.217346-CEST From: ASR        To: HUB        Command: asr_start() 

2013-06-28-16-40-06.552398-CEST  MainProcess : INFO       
    #5588   Time: 2013-06-28-16-40-06.550315-CEST From: VAD        To: HUB        Command: speech_end(fname="vad-2013-06-28-16-40-05.113747.wav") 

2013-06-28-16-40-06.552873-CEST  ASR-3      : DEBUG      
    ASR: speech_end()

2013-06-28-16-40-07.188150-CEST  ASR-3      : DEBUG      
    ASR Hypothesis
    ------------------------------------------------------------
    0.816 zastávky vinohradská
    0.026 zastávka vinohradská
    0.024 zastavte vinohradská
    0.022 zastávky bělehradská
    0.020 zastávky vinohradská 100
    0.018 zastávky bělohradská
    0.016 zastávce vinohradská
    0.014 zastav vinohradská
    0.012 dostat vinohradská
    0.010 vlasta vinohradská
    0.008 zastávka bělehradská
    0.006 zastávka bělohradská
    0.004 vesta vinohradská
    0.002 zastávka vinohradská 100
    0.000 __other__
    

2013-06-28-16-40-07.226151-CEST  MainProcess : INFO       
    #5633   Time: 2013-06-28-16-40-07.225115-CEST From: ASR        To: HUB        Command: asr_end() 

2013-06-28-16-40-07.876525-CEST  SLU-4      : DEBUG      
    SLU Hypothesis
    ------------------------------------------------------------
    0.990 other()
    0.010 inform(="Vlastina")
    

2013-06-28-16-40-07.909547-CEST  DM-5       : DEBUG      
    DDDState Dialogue Act in: other()

2013-06-28-16-40-07.909733-CEST  DM-5       : DEBUG      
    Context Resolution - Dialogue Act: other()

2013-06-28-16-40-07.909990-CEST  DM-5       : DEBUG      
    DDDState - Dialogue state content:
    
    lda = other
    alternative = none
    from_stop = Anděl
    route_alternative = none
    to_centre = none
    to_stop = none
    
    rh_from_stop = system-informed
    
    ch_from_stop = system-informed
    
    sh_from_stop = system-informed
    

2013-06-28-16-40-07.910359-CEST  MainProcess : INFO       
    #5675   Time: 2013-06-28-16-40-07.908526-CEST From: SLU        To: HUB        Command: slu_parsed() 

2013-06-28-16-40-07.910649-CEST  DM-5       : DEBUG      
    DDDState
    
    Requested slots:
    {}
    Confirmed slots:
    {}
    Non-informed slots:
    {}

2013-06-28-16-40-07.910988-CEST  DM-5       : DEBUG      
    DM Output
    ------------------------------------------------------------
    notunderstood()&help(inform="to_stop")
    

2013-06-28-16-40-08.019397-CEST  MainProcess : INFO       
    #5685   Time: 2013-06-28-16-40-08.017212-CEST From: DM         To: HUB        Command: dm_da_generated() 

2013-06-28-16-40-08.020146-CEST  NLG-6      : DEBUG      
    NLG Output
    ------------------------------------------------------------
    Nerozuměla jsem. Můžete například říct chtěl bych jet na zastávku Zličín.
    

2013-06-28-16-40-08.084613-CEST  MainProcess : INFO       
    #5691   Time: 2013-06-28-16-40-08.084150-CEST From: NLG        To: HUB        Command: nlg_text_generated() 

2013-06-28-16-40-08.087180-CEST  MainProcess : INFO       
    #5693   Time: 2013-06-28-16-40-08.085597-CEST From: TTS        To: HUB        Command: tts_start(user_id="None",text="Nerozuměla jsem. Můžete například říct chtěl bych jet na zastávku Zličín.") 

2013-06-28-16-40-08.165698-CEST  MainProcess : INFO       
    #5695   Time: 2013-06-28-16-40-08.087650-CEST From: VoipIO     To: HUB        Command: play_utterance_start(user_id="None",fname="tts-2013-06-28-16-40-08.085496.wav") 

2013-06-28-16-40-08.176625-CEST  MainProcess : INFO       
    #6087   Time: 2013-06-28-16-40-08.175610-CEST From: TTS        To: HUB        Command: tts_end(user_id="None",text="Nerozuměla jsem. Můžete například říct chtěl bych jet na zastávku Zličín.",fname="tts-2013-06-28-16-40-08.085496.wav",log="true") 

2013-06-28-16-40-14.335727-CEST  MainProcess : INFO       
    #6430   Time: 2013-06-28-16-40-13.618150-CEST From: VoipIO     To: HUB        Command: play_utterance_end(user_id="None",fname="tts-2013-06-28-16-40-08.085496.wav) 

2013-06-28-16-40-21.559811-CEST  ASR-3      : DEBUG      
    ASR: speech_start()

2013-06-28-16-40-21.560349-CEST  MainProcess : INFO       
    #6930   Time: 2013-06-28-16-40-21.558673-CEST From: VAD        To: HUB        Command: speech_start(fname="vad-2013-06-28-16-40-21.491724.wav") 

2013-06-28-16-40-21.561652-CEST  MainProcess : INFO       
    #6931   Time: 2013-06-28-16-40-21.559441-CEST From: ASR        To: HUB        Command: asr_start() 

2013-06-28-16-40-22.943063-CEST  ASR-3      : DEBUG      
    ASR: speech_end()

2013-06-28-16-40-22.943444-CEST  MainProcess : INFO       
    #7017   Time: 2013-06-28-16-40-22.942048-CEST From: VAD        To: HUB        Command: speech_end(fname="vad-2013-06-28-16-40-21.491724.wav") 

2013-06-28-16-40-23.573022-CEST  ASR-3      : DEBUG      
    ASR Hypothesis
    ------------------------------------------------------------
    0.613 zastávky bělohradská
    0.060 zastávky bělehradská
    0.055 zastávky bylo hradská
    0.050 zastávka bělohradská
    0.045 zastávka bělehradská
    0.040 dnes taky bylo hradská
    0.035 dostat bělohradská
    0.030 dostat bělehradská
    0.025 zastavte bělohradská
    0.020 zastavte bělehradská
    0.015 zastav bělohradská
    0.010 zastav bělehradská
    0.005 zastávka bylo hradská
    

2013-06-28-16-40-23.610871-CEST  MainProcess : INFO       
    #7062   Time: 2013-06-28-16-40-23.608647-CEST From: ASR        To: HUB        Command: asr_end() 

2013-06-28-16-40-24.223614-CEST  SLU-4      : DEBUG      
    SLU Hypothesis
    ------------------------------------------------------------
    1.000 other()
    

2013-06-28-16-40-24.260695-CEST  MainProcess : INFO       
    #7104   Time: 2013-06-28-16-40-24.258652-CEST From: SLU        To: HUB        Command: slu_parsed() 

2013-06-28-16-40-24.261023-CEST  DM-5       : DEBUG      
    DDDState Dialogue Act in: other()

2013-06-28-16-40-24.261230-CEST  DM-5       : DEBUG      
    Context Resolution - Dialogue Act: other()

2013-06-28-16-40-24.261509-CEST  DM-5       : DEBUG      
    DDDState - Dialogue state content:
    
    lda = other
    alternative = none
    from_stop = Anděl
    route_alternative = none
    to_centre = none
    to_stop = none
    
    rh_from_stop = system-informed
    
    ch_from_stop = system-informed
    
    sh_from_stop = system-informed
    

2013-06-28-16-40-24.261786-CEST  DM-5       : DEBUG      
    DDDState
    
    Requested slots:
    {}
    Confirmed slots:
    {}
    Non-informed slots:
    {}

2013-06-28-16-40-24.262186-CEST  DM-5       : DEBUG      
    DM Output
    ------------------------------------------------------------
    notunderstood()&help(inform="to_stop")
    

2013-06-28-16-40-24.336090-CEST  MainProcess : INFO       
    #7110   Time: 2013-06-28-16-40-24.333900-CEST From: DM         To: HUB        Command: dm_da_generated() 

2013-06-28-16-40-24.336659-CEST  NLG-6      : DEBUG      
    NLG Output
    ------------------------------------------------------------
    Nerozuměla jsem. Můžete to zopakovat? Můžete například říct chtěl bych jet na Žižkov.
    

2013-06-28-16-40-24.378043-CEST  MainProcess : INFO       
    #7116   Time: 2013-06-28-16-40-24.375907-CEST From: NLG        To: HUB        Command: nlg_text_generated() 

2013-06-28-16-40-24.380543-CEST  MainProcess : INFO       
    #7118   Time: 2013-06-28-16-40-24.378237-CEST From: TTS        To: HUB        Command: tts_start(user_id="None",text="Nerozuměla jsem. Můžete to zopakovat? Můžete například říct chtěl bych jet na Žižkov.") 

2013-06-28-16-40-24.421605-CEST  MainProcess : INFO       
    #7120   Time: 2013-06-28-16-40-24.380610-CEST From: VoipIO     To: HUB        Command: play_utterance_start(user_id="None",fname="tts-2013-06-28-16-40-24.377786.wav") 

2013-06-28-16-40-25.401937-CEST  MainProcess : INFO       
    #7639   Time: 2013-06-28-16-40-25.399853-CEST From: TTS        To: HUB        Command: tts_end(user_id="None",text="Nerozuměla jsem. Můžete to zopakovat? Můžete například říct chtěl bych jet na Žižkov.",fname="tts-2013-06-28-16-40-24.377786.wav",log="true") 

2013-06-28-16-40-31.678727-CEST  MainProcess : INFO       
    #7983   Time: 2013-06-28-16-40-30.901586-CEST From: VoipIO     To: HUB        Command: play_utterance_end(user_id="None",fname="tts-2013-06-28-16-40-24.377786.wav) 

2013-06-28-16-40-34.553684-CEST  ASR-3      : DEBUG      
    ASR: speech_start()

2013-06-28-16-40-34.554128-CEST  MainProcess : INFO       
    #8214   Time: 2013-06-28-16-40-34.552175-CEST From: VAD        To: HUB        Command: speech_start(fname="vad-2013-06-28-16-40-34.482739.wav") 

2013-06-28-16-40-34.555277-CEST  MainProcess : INFO       
    #8215   Time: 2013-06-28-16-40-34.553329-CEST From: ASR        To: HUB        Command: asr_start() 

2013-06-28-16-40-35.228425-CEST  MainProcess : INFO       
    #8257   Time: 2013-06-28-16-40-35.227258-CEST From: VAD        To: HUB        Command: speech_end(fname="vad-2013-06-28-16-40-34.482739.wav") 

2013-06-28-16-40-35.228887-CEST  ASR-3      : DEBUG      
    ASR: speech_end()

2013-06-28-16-40-35.592562-CEST  ASR-3      : DEBUG      
    ASR Hypothesis
    ------------------------------------------------------------
    0.751 na žižkov
    0.045 ne žižkov
    0.041 na žižkově
    0.036 dne žižkov
    0.032 na žižkov i
    0.027 na žižkov se
    0.023 ne žižkov i
    0.018 ne žižkově
    0.014 na žižkově i
    0.009 dne žižkov i
    0.005 ne žižkov se
    0.000 __other__
    

2013-06-28-16-40-35.628262-CEST  MainProcess : INFO       
    #8282   Time: 2013-06-28-16-40-35.627353-CEST From: ASR        To: HUB        Command: asr_end() 

2013-06-28-16-40-36.162698-CEST  SLU-4      : DEBUG      
    SLU Hypothesis
    ------------------------------------------------------------
    0.910 other()
    0.090 negate()
    

2013-06-28-16-40-36.195068-CEST  MainProcess : INFO       
    #8320   Time: 2013-06-28-16-40-36.194088-CEST From: SLU        To: HUB        Command: slu_parsed() 

2013-06-28-16-40-36.195856-CEST  DM-5       : DEBUG      
    DDDState Dialogue Act in: other()

2013-06-28-16-40-36.196039-CEST  DM-5       : DEBUG      
    Context Resolution - Dialogue Act: other()

2013-06-28-16-40-36.196295-CEST  DM-5       : DEBUG      
    DDDState - Dialogue state content:
    
    lda = other
    alternative = none
    from_stop = Anděl
    route_alternative = none
    to_centre = none
    to_stop = none
    
    rh_from_stop = system-informed
    
    ch_from_stop = system-informed
    
    sh_from_stop = system-informed
    

2013-06-28-16-40-36.196534-CEST  DM-5       : DEBUG      
    DDDState
    
    Requested slots:
    {}
    Confirmed slots:
    {}
    Non-informed slots:
    {}

2013-06-28-16-40-36.196923-CEST  DM-5       : DEBUG      
    DM Output
    ------------------------------------------------------------
    notunderstood()&help(inform="to_stop")
    

2013-06-28-16-40-36.287004-CEST  MainProcess : INFO       
    #8330   Time: 2013-06-28-16-40-36.286171-CEST From: DM         To: HUB        Command: dm_da_generated() 

2013-06-28-16-40-36.287460-CEST  NLG-6      : DEBUG      
    NLG Output
    ------------------------------------------------------------
    Nerozuměla jsem. Můžete například říct na zastávku Zličín.
    

2013-06-28-16-40-36.337090-CEST  MainProcess : INFO       
    #8333   Time: 2013-06-28-16-40-36.336382-CEST From: NLG        To: HUB        Command: nlg_text_generated() 

2013-06-28-16-40-36.337355-CEST  MainProcess : INFO       
    #8335   Time: 2013-06-28-16-40-36.336743-CEST From: TTS        To: HUB        Command: tts_start(user_id="None",text="Nerozuměla jsem. Můžete například říct na zastávku Zličín.") 

2013-06-28-16-40-36.434141-CEST  MainProcess : INFO       
    #8337   Time: 2013-06-28-16-40-36.337552-CEST From: VoipIO     To: HUB        Command: play_utterance_start(user_id="None",fname="tts-2013-06-28-16-40-36.336652.wav") 

2013-06-28-16-40-36.440829-CEST  MainProcess : INFO       
    #8673   Time: 2013-06-28-16-40-36.438787-CEST From: TTS        To: HUB        Command: tts_end(user_id="None",text="Nerozuměla jsem. Můžete například říct na zastávku Zličín.",fname="tts-2013-06-28-16-40-36.336652.wav",log="true") 

2013-06-28-16-40-41.728354-CEST  MainProcess : INFO       
    #8954   Time: 2013-06-28-16-40-40.842189-CEST From: VoipIO     To: HUB        Command: play_utterance_end(user_id="None",fname="tts-2013-06-28-16-40-36.336652.wav) 

2013-06-28-16-40-43.145205-CEST  MainProcess : INFO       
    #9100   Time: 2013-06-28-16-40-43.144544-CEST From: VAD        To: HUB        Command: speech_start(fname="vad-2013-06-28-16-40-43.071190.wav") 

2013-06-28-16-40-43.145565-CEST  ASR-3      : DEBUG      
    ASR: speech_start()

2013-06-28-16-40-43.146392-CEST  MainProcess : INFO       
    #9101   Time: 2013-06-28-16-40-43.144933-CEST From: ASR        To: HUB        Command: asr_start() 

2013-06-28-16-40-43.736844-CEST  MainProcess : INFO       
    #9139   Time: 2013-06-28-16-40-43.736336-CEST From: VAD        To: HUB        Command: speech_end(fname="vad-2013-06-28-16-40-43.071190.wav") 

2013-06-28-16-40-43.738254-CEST  ASR-3      : DEBUG      
    ASR: speech_end()

2013-06-28-16-40-44.066917-CEST  ASR-3      : DEBUG      
    ASR Hypothesis
    ------------------------------------------------------------
    0.858 nashle
    0.035 nahled
    0.030 náhled
    0.025 nashle i
    0.020 nah le
    0.015 jah le
    0.010 bah le
    0.005 mah le
    0.000 __other__
    

2013-06-28-16-40-44.155415-CEST  MainProcess : INFO       
    #9168   Time: 2013-06-28-16-40-44.153018-CEST From: ASR        To: HUB        Command: asr_end() 

2013-06-28-16-40-44.524500-CEST  SLU-4      : DEBUG      
    SLU Hypothesis
    ------------------------------------------------------------
    0.884 bye()
    0.116 other()
    

2013-06-28-16-40-44.570379-CEST  MainProcess : INFO       
    #9194   Time: 2013-06-28-16-40-44.569819-CEST From: SLU        To: HUB        Command: slu_parsed() 

2013-06-28-16-40-44.571827-CEST  DM-5       : DEBUG      
    DDDState Dialogue Act in: bye()

2013-06-28-16-40-44.572026-CEST  DM-5       : DEBUG      
    Context Resolution - Dialogue Act: bye()

2013-06-28-16-40-44.572305-CEST  DM-5       : DEBUG      
    DDDState - Dialogue state content:
    
    lda = bye
    alternative = none
    from_stop = Anděl
    route_alternative = none
    to_centre = none
    to_stop = none
    
    rh_from_stop = system-informed
    
    ch_from_stop = system-informed
    
    sh_from_stop = system-informed
    

2013-06-28-16-40-44.572605-CEST  DM-5       : DEBUG      
    DDDState
    
    Requested slots:
    {}
    Confirmed slots:
    {}
    Non-informed slots:
    {}

2013-06-28-16-40-44.572931-CEST  DM-5       : DEBUG      
    DM Output
    ------------------------------------------------------------
    bye()
    

2013-06-28-16-40-44.655642-CEST  NLG-6      : DEBUG      
    NLG Output
    ------------------------------------------------------------
    Děkujeme za zavolání. Na shledanou.
    

2013-06-28-16-40-44.656190-CEST  MainProcess : INFO       
    #9200   Time: 2013-06-28-16-40-44.653302-CEST From: DM         To: HUB        Command: dm_da_generated() 

2013-06-28-16-40-44.659733-CEST  MainProcess : INFO       
    #9202   Time: 2013-06-28-16-40-44.653525-CEST From: DM         To: HUB        Command: hangup() 

2013-06-28-16-40-44.737437-CEST  MainProcess : INFO       
    #9211   Time: 2013-06-28-16-40-44.736857-CEST From: NLG        To: HUB        Command: nlg_text_generated() 

2013-06-28-16-40-44.739960-CEST  MainProcess : INFO       
    #9213   Time: 2013-06-28-16-40-44.738807-CEST From: TTS        To: HUB        Command: tts_start(user_id="None",text="Děkujeme za zavolání. Na shledanou.") 

2013-06-28-16-40-44.791628-CEST  MainProcess : INFO       
    #9215   Time: 2013-06-28-16-40-44.741169-CEST From: VoipIO     To: HUB        Command: play_utterance_start(user_id="None",fname="tts-2013-06-28-16-40-44.738696.wav") 

2013-06-28-16-40-44.794283-CEST  MainProcess : INFO       
    #9435   Time: 2013-06-28-16-40-44.793591-CEST From: TTS        To: HUB        Command: tts_end(user_id="None",text="Děkujeme za zavolání. Na shledanou.",fname="tts-2013-06-28-16-40-44.738696.wav",log="true") 

2013-06-28-16-40-47.790325-CEST  VoipIO-1   : DEBUG      
    CallCallback::on_state : Call with "Bejcek Eduard" <sip:4366@195.113.20.69> is DISCONNCTD last code = 200 (Normal call clearing)

2013-06-28-16-40-47.854267-CEST  VoipIO-1   : DEBUG      
    VoipIO::on_call_disconnected

2013-06-28-16-40-47.855065-CEST  MainProcess : INFO       
    #9622   Time: 2013-06-28-16-40-47.854359-CEST From: VoipIO     To: HUB        Command: call_disconnected(remote_uri="4366") 

