2013-06-18-10-23-06.694849-CEST  VoipIO-1   : DEBUG      
    CallCallback::on_media_state : Media is now active

2013-06-18-10-23-06.701966-CEST  VoipIO-1   : DEBUG      
    CallCallback::on_state : Call with "777805048" <sip:777805048@195.113.20.160> is CONNECTING last code = 200 (OK)

2013-06-18-10-23-06.709668-CEST  VoipIO-1   : DEBUG      
    VoipIO::on_call_connecting

2013-06-18-10-23-06.713682-CEST  MainProcess : SYSTEM-LOG 
    config = { 'ASR': { 'Google': { 'debug': False, 'language': 'cs', 'maxresults': 20},
               'Julius': { 'adinnetport': 5530,
                           'binary': '/usr/local/bin/julius',
                           'debug': False,
                           'hostname': 'localhost',
                           'jconf': { '-adport': '5530',
                                      '-b': '1000',
                                      '-b2': '100',
                                      '-cmnload': 'cmn.param',
                                      '-cmnmapweight': '200',
                                      '-cmnsave': 'cmn.param',
                                      '-confnet': '',
                                      '-fallback1pass': '',
                                      '-gprune': 'safe',
                                      '-h': '/mnt/h/jurcicek/vystadial-git/alex/resources/asr/voip_en/hmmdefs',
                                      '-hlist': '/mnt/h/jurcicek/vystadial-git/alex/resources/asr/voip_en/tiedlist',
                                      '-htkconf': '/mnt/h/jurcicek/vystadial-git/alex/resources/asr/voip_en/config',
                                      '-input': 'adinnet',
                                      '-iwsp': '',
                                      '-iwsppenalty': '0.0',
                                      '-lmp': '15.0 0.0',
                                      '-lmp2': '15.0 0.0',
                                      '-mapunk': 'UM',
                                      '-module': '10500',
                                      '-n': '50',
                                      '-nlr': '/mnt/h/jurcicek/vystadial-git/alex/resources/lm/caminfo/julius_arpa_bigram',
                                      '-no_ccd': '',
                                      '-nrl': '/mnt/h/jurcicek/vystadial-git/alex/resources/lm/caminfo/julius_arpa_rev_bigram',
                                      '-silhead': '<s>',
                                      '-siltail': '</s>',
                                      '-spmodel': 'sp',
                                      '-tmix': '4',
                                      '-v': '/mnt/h/jurcicek/vystadial-git/alex/resources/lm/caminfo/julius_dict'},
                           'jconffile': 'julius.jconf',
                           'killall': False,
                           'logfile': 'julius.log',
                           'msg_timeout': 0.3,
                           'pidfile': 'julius.pid',
                           'reuse_server': False,
                           'serverport': 10500,
                           'start_max_wait_time': 15,
                           'start_wait_time': 0.5,
                           'timeout': 2.0},
               'debug': True,
               'type': 'Google'},
      'AlexOnTheBus': { 'max_turns': 30},
      'Audio': { 'sample_rate': 16000, 'samples_per_frame': 256},
      'AudioIO': { 'debug': True, 'output_dir': './aio_call_log', 'play_buffer_size': 1024},
      'DM': { 'PUfalRuleDM': { 'code_submit_url': None,
                               'db_cfg': '/mnt/h/jurcicek/vystadial-git/alex/resources/../applications/CamInfoRest/cued_data/CIRdbase_V7_noloc.txt',
                               'ontology': '/mnt/h/jurcicek/vystadial-git/alex/resources/../applications/CamInfoRest/ontology.cfg',
                               'provide_code': False},
              'UfalRuleDM': { 'code_submit_url': None,
                              'db_cfg': '/mnt/h/jurcicek/vystadial-git/alex/resources/../applications/CamInfoRest/cued_data/CIRdbase_V7_noloc.txt',
                              'ontology': '/mnt/h/jurcicek/vystadial-git/alex/resources/../applications/CamInfoRest/ontology.cfg',
                              'provide_code': False},
              'basic': { 'debug': True},
              'debug': True,
              'dialogue_policy': { 'type': <class 'alex.applications.AlexOnTheBus.aotb_hdc_policy.AOTBHDCPolicy'>},
              'dialogue_state': { 'type': <class 'alex.components.dm.dddstate.DeterministicDiscriminativeDialogueState'>},
              'ontology': '/mnt/h/jurcicek/vystadial-git/alex/applications/AlexOnTheBus/data/ontology.py',
              'type': 'basic'},
      'General': { 'include': ['/mnt/h/jurcicek/vystadial-git/alex/resources/private/default.cfg']},
      'Hub': { 'history_file': 'hub_history_hub.txt', 'history_length': 1000, 'main_loop_sleep_time': 0.005},
      'Logging': { 'session_logger': SessionLogger(),
                   'system_logger': SystemLogger(stdout_log_level='ERROR', stdout=True, file_log_level='ERROR', output_dir=/net/projects/vystadial/data/call-logs/2013-05-30-alex-aotb-prototype),
                   'system_name': 'Alex On The Bus - Live',
                   'version': '1.0'},
      'NLG': { 'Template': { 'model': '/mnt/h/jurcicek/vystadial-git/alex/applications/AlexOnTheBus/nlg_templates.cfg'},
               'debug': True,
               'type': 'Template'},
      'SHub': { 'history_file': 'hub_history_shub.txt', 'history_length': 1000},
      'SLU': { 'cl-tracing': { 'cldb_fname': '/mnt/h/jurcicek/vystadial-git/alex/resources/../applications/CamInfoRest/data/database.py',
                               'do_preprocessing': True,
                               'features_type': ('ngram',),
                               'testing': { 'max_examples': None,
                                            'min_perc': 80,
                                            'model_fname': '/mnt/h/jurcicek/vystadial-git/alex/resources/../applications/CamInfoRest/models/130516_minf60-minfc35-mind60.slu_model.gz',
                                            'renormalise': True,
                                            'threshold': None,
                                            'vanilla': True},
                               'training': { 'models_dir': 'models'}},
               'debug': True,
               'type': <class 'alex.applications.AlexOnTheBus.aotb_slu.AOTBSLU'>,
               <class 'alex.applications.AlexOnTheBus.aotb_slu.AOTBSLU'>: { 'cldb_fname': '/mnt/h/jurcicek/vystadial-git/alex/applications/AlexOnTheBus/data/database.py',
                                                                            'preprocessing_cls': <class 'alex.applications.AlexOnTheBus.aotb_preprocessing.AOTBSLUPreprocessing'>,
                                                                            'training': { 'models_dir': 'models'}}},
      'THub': { 'history_file': 'hub_history_thub.txt', 'history_length': 1000},
      'TTS': { 'Flite': { 'debug': False,
                          'preprocessing': '/mnt/h/jurcicek/vystadial-git/alex/resources/tts/prep_flite_en.cfg',
                          'voice': 'kal16'},
               'Google': { 'debug': False,
                           'language': 'en',
                           'preprocessing': '/mnt/h/jurcicek/vystadial-git/alex/resources/tts/prep_google_en.cfg'},
               'SpeechTech': { 'debug': True,
                               'login': 'filipjurcicek',
    # this line was removed since it included a password
                               'preprocessing': '/mnt/h/jurcicek/vystadial-git/alex/resources/tts/prep_speechtech_cs.cfg',
                               'voice': 'Iva210'},
               'VoiceRSS': { 'api_key': '3b6a9fca5d724b1c8ac34691586cdda1'},
               'VoiceRss': { 'language': 'en-gb',
                             'preprocessing': '/mnt/h/jurcicek/vystadial-git/alex/resources/tts/prep_voicerss_en.cfg'},
               'debug': True,
               'type': 'SpeechTech'},
      'VAD': { 'debug': False,
               'decision_frames_sil': 25,
               'decision_frames_speech': 10,
               'decision_non_speech_threshold': 0.2,
               'decision_speech_threshold': 0.7,
               'gmm': { 'ceplifter': 22,
                        'enormalise': True,
                        'filter_length': 5,
                        'frameshift': 160,
                        'framesize': 512,
                        'frontend': 'MFCC',
                        'hifreq': 3800,
                        'lofreq': 125,
                        'numceps': 12,
                        'numchans': 26,
                        'preemcoef': 0.97,
                        'sil_model': '/mnt/h/jurcicek/vystadial-git/alex/resources/vad/voip_en/vad_sil_sds_mfcc_m064_f100000.gmm',
                        'speech_model': '/mnt/h/jurcicek/vystadial-git/alex/resources/vad/voip_en/vad_speech_sds_mfcc_m064_f100000.gmm',
                        'useacc': True,
                        'usec0': False,
                        'usecmn': False,
                        'usedelta': True,
                        'usehamming': True,
                        'usepower': True,
                        'zmeansource': True},
               'power': { 'adaptation_frames': 30, 'threshold': 70, 'threshold_multiplier': 1.0},
               'speech_buffer_frames': 20,
               'type': 'gmm'},
      'VoipHub': { 'blacklist_for': 7200,
                   'call_db': '/mnt/h/jurcicek/vystadial-git/alex/applications/AlexOnTheBus/call_db.pckl',
                   'hard_time_limit': 360,
                   'hard_turn_limit': 40,
                   'history_length': 1000,
                   'last_period_max_num_calls': 100,
                   'last_period_max_total_time': 1800,
                   'limit_reached_message': u'D\u011bkujeme za zavol\xe1n\xed, ale u\u017e jste volali hodn\u011b. Pros\xedm zavolejte pozd\u011bji. Na shledanou.',
                   'period': 172800,
                   'wait_time_before_calling_back': 10},
      'VoipIO': { 'allowed_hosts': '',
                  'allowed_phone_numbers': '(^[234567])',
                  'allowed_users': '(^[234567])',
                  'debug': True,
                  'domain': 'vystadial.ms.mff.cuni.cz',
                  'forbidden_hosts': '',
                  'forbidden_phone_number': '(^112$|^150$|^155$|^156$|^158$)',
                  'forbidden_users': '(^112$|^150$|^155$|^156$|^158$)',
    # this line was removed since it included a password
                  'pjsip_log_level': 3,
                  'reject_calls': False,
                  'user': '800899998'},
      'WebHub': { 'port': 8000}}
    

2013-06-18-10-23-06.722162-CEST  MainProcess : INFO       
    From: VoipIO     To: HUB        Command: incoming_call(remote_uri="777805048") 

2013-06-18-10-23-06.729070-CEST  VoipIO-1   : DEBUG      
    CallCallback::on_state : Call with "777805048" <sip:777805048@195.113.20.160> is CONFIRMED last code = 200 (OK)

2013-06-18-10-23-06.756941-CEST  VoipIO-1   : DEBUG      
    VoipIO::on_call_confirmed

2013-06-18-10-23-06.791393-CEST  MainProcess : INFO       
    From: VoipIO     To: HUB        Command: call_connecting(remote_uri="777805048") 

2013-06-18-10-23-06.803691-CEST  MainProcess : INFO       
    From: VoipIO     To: HUB        Command: call_confirmed(remote_uri="777805048") 

2013-06-18-10-23-06.812151-CEST  MainProcess : INFO       
    
    ========================================================================================================================
    Incoming call from :          777805048
    ------------------------------------------------------------------------------------------------------------------------
    Total calls:                  8
    Total time (min):             14.0
    Last period total calls:      8
    Last period total time (min): 14.0
    ------------------------------------------------------------------------------------------------------------------------
    CALL ACCEPTED
    ========================================================================================================================
    

2013-06-18-10-23-06.820618-CEST  DM-5       : DEBUG      
    From: HUB        To: DM         Command: new_dialogue() 

2013-06-18-10-23-06.828957-CEST  DM-5       : DEBUG      
    DM Output
    ------------------------------------------------------------
    hello()
    

2013-06-18-10-23-06.869729-CEST  NLG-6      : DEBUG      
    NLG Output
    ------------------------------------------------------------
    Dobrý den. Tato experimentální služba je poskytována laboratoří výzkumu hlasových dialogových systémů na Ústavu Formální a Aplikované Lingvistiky na Karlově Univerzitě. Hovor je nahráván. Více informací o této službě je na internetu. Jak Vám mohu pomoci. 
    

2013-06-18-10-23-06.877867-CEST  MainProcess : INFO       
    From: DM         To: HUB        Command: dm_da_generated() 

2013-06-18-10-23-06.895490-CEST  MainProcess : INFO       
    From: NLG        To: HUB        Command: nlg_text_generated() 

2013-06-18-10-23-06.910303-CEST  MainProcess : INFO       
    From: TTS        To: HUB        Command: tts_start(user_id="None",text="Dobrý den. Tato experimentální služba je poskytována laboratoří výzkumu hlasových dialogových systémů na Ústavu Formální a Aplikované Lingvistiky na Karlově Univerzitě. Hovor je nahráván. Více informací o této službě je na internetu. Jak Vám mohu pomoci. ") 

2013-06-18-10-23-06.955923-CEST  MainProcess : INFO       
    From: VoipIO     To: HUB        Command: play_utterance_start(user_id="None",fname="tts-2013-06-18-10-23-06.889858.wav") 

2013-06-18-10-23-07.155309-CEST  MainProcess : INFO       
    From: TTS        To: HUB        Command: tts_end(user_id="None",text="Dobrý den. Tato experimentální služba je poskytována laboratoří výzkumu hlasových dialogových systémů na Ústavu Formální a Aplikované Lingvistiky na Karlově Univerzitě. Hovor je nahráván. Více informací o této službě je na internetu. Jak Vám mohu pomoci. ",fname="tts-2013-06-18-10-23-06.889858.wav") 

2013-06-18-10-23-07.801355-CEST  MainProcess : INFO       
    From: VAD        To: HUB        Command: speech_start(fname="vad-2013-06-18-10-23-07.768337.wav") 

2013-06-18-10-23-07.809933-CEST  ASR-3      : DEBUG      
    ASR: speech_start()

2013-06-18-10-23-07.817871-CEST  MainProcess : INFO       
    From: ASR        To: HUB        Command: asr_start() 

2013-06-18-10-23-07.825753-CEST  VoipIO-1   : DEBUG      
    From: HUB        To: VIO        Command: flush_out() 

2013-06-18-10-23-08.309858-CEST  MainProcess : INFO       
    From: VAD        To: HUB        Command: speech_end(fname="vad-2013-06-18-10-23-07.768337.wav") 

2013-06-18-10-23-08.317816-CEST  ASR-3      : DEBUG      
    ASR: speech_end()

2013-06-18-10-23-08.487347-CEST  ASR-3      : DEBUG      
    ASR Hypothesis
    ------------------------------------------------------------
    1.000 __other__
    

2013-06-18-10-23-08.512944-CEST  MainProcess : INFO       
    From: ASR        To: HUB        Command: asr_end() 

2013-06-18-10-23-08.521403-CEST  SLU-4      : DEBUG      
    SLU Hypothesis
    ------------------------------------------------------------
    1.000 other()
    

2013-06-18-10-23-08.546417-CEST  MainProcess : INFO       
    From: SLU        To: HUB        Command: slu_parsed() 

2013-06-18-10-23-08.553449-CEST  DM-5       : DEBUG      
    DDDState Dialogue Act in: other()

2013-06-18-10-23-08.561287-CEST  DM-5       : DEBUG      
    Context Resolution - Dialogue Act: other()

2013-06-18-10-23-08.568389-CEST  DM-5       : DEBUG      
    DDDState - Dialogue state content:
    
    lda = None
    
    
    
    

2013-06-18-10-23-08.576206-CEST  DM-5       : DEBUG      
    DDDState
    
    Requested slots:
    {}
    Confirmed slots:
    {}
    Non-informed slots:
    {}

2013-06-18-10-23-08.584388-CEST  DM-5       : DEBUG      
    DM Output
    ------------------------------------------------------------
    confirm(from_centre="true")
    

2013-06-18-10-23-08.614390-CEST  NLG-6      : DEBUG      
    NLG Output
    ------------------------------------------------------------
    Jedete z centra?
    

2013-06-18-10-23-08.622273-CEST  MainProcess : INFO       
    From: DM         To: HUB        Command: dm_da_generated() 

2013-06-18-10-23-08.635847-CEST  MainProcess : INFO       
    From: NLG        To: HUB        Command: nlg_text_generated() 

2013-06-18-10-23-08.644051-CEST  MainProcess : INFO       
    From: TTS        To: HUB        Command: tts_start(user_id="None",text="Jedete z centra?") 

2013-06-18-10-23-08.656707-CEST  MainProcess : INFO       
    From: VoipIO     To: HUB        Command: play_utterance_start(user_id="None",fname="tts-2013-06-18-10-23-08.626076.wav") 

2013-06-18-10-23-08.742651-CEST  MainProcess : INFO       
    From: TTS        To: HUB        Command: tts_end(user_id="None",text="Jedete z centra?",fname="tts-2013-06-18-10-23-08.626076.wav") 

2013-06-18-10-23-10.798737-CEST  MainProcess : INFO       
    From: VoipIO     To: HUB        Command: play_utterance_end(user_id="None",fname="tts-2013-06-18-10-23-08.626076.wav) 

2013-06-18-10-23-12.933555-CEST  ASR-3      : DEBUG      
    ASR: speech_start()

2013-06-18-10-23-12.940986-CEST  MainProcess : INFO       
    From: VAD        To: HUB        Command: speech_start(fname="vad-2013-06-18-10-23-12.906023.wav") 

2013-06-18-10-23-12.948842-CEST  MainProcess : INFO       
    From: ASR        To: HUB        Command: asr_start() 

2013-06-18-10-23-14.260477-CEST  MainProcess : INFO       
    From: VAD        To: HUB        Command: speech_end(fname="vad-2013-06-18-10-23-12.906023.wav") 

2013-06-18-10-23-14.267955-CEST  ASR-3      : DEBUG      
    ASR: speech_end()

2013-06-18-10-23-14.814392-CEST  ASR-3      : DEBUG      
    ASR Hypothesis
    ------------------------------------------------------------
    0.175 nedostatek
    0.097 nedostane
    0.091 nedostal
    0.085 ne nejdu standa
    0.079 nedostanu
    0.073 menu standa
    0.067 ne nedostanu
    0.061 ne nedostane
    0.055 ne nedostal
    0.049 nenajdu standa
    0.042 ne nedostatek
    0.036 na nedostanu
    0.030 na netu standa
    0.024 na nedostal
    0.018 na nedostane
    0.012 na nedostatek
    0.006 ne ne jedu standa
    0.000 __other__
    

2013-06-18-10-23-14.834024-CEST  MainProcess : INFO       
    From: ASR        To: HUB        Command: asr_end() 

2013-06-18-10-23-15.978800-CEST  SLU-4      : DEBUG      
    SLU Hypothesis
    ------------------------------------------------------------
    0.685 other()
    0.315 negate()
    

2013-06-18-10-23-16.003462-CEST  MainProcess : INFO       
    From: SLU        To: HUB        Command: slu_parsed() 

2013-06-18-10-23-16.010489-CEST  DM-5       : DEBUG      
    DDDState Dialogue Act in: other()

2013-06-18-10-23-16.017325-CEST  DM-5       : DEBUG      
    Context Resolution - Dialogue Act: other()

2013-06-18-10-23-16.024422-CEST  DM-5       : DEBUG      
    DDDState - Dialogue state content:
    
    lda = None
    from_centre = None
    from_stop = None
    time = None
    to_centre = None
    
    
    
    

2013-06-18-10-23-16.032000-CEST  DM-5       : DEBUG      
    DDDState
    
    Requested slots:
    {}
    Confirmed slots:
    {}
    Non-informed slots:
    {}

2013-06-18-10-23-16.039246-CEST  DM-5       : DEBUG      
    DM Output
    ------------------------------------------------------------
    request(from_stop)&request(to_stop)
    

2013-06-18-10-23-16.073181-CEST  MainProcess : INFO       
    From: DM         To: HUB        Command: dm_da_generated() 

2013-06-18-10-23-16.080694-CEST  NLG-6      : DEBUG      
    NLG Output
    ------------------------------------------------------------
    Odkud a kam chcete jet?
    

2013-06-18-10-23-16.100445-CEST  MainProcess : INFO       
    From: NLG        To: HUB        Command: nlg_text_generated() 

2013-06-18-10-23-16.107576-CEST  MainProcess : INFO       
    From: TTS        To: HUB        Command: tts_start(user_id="None",text="Odkud a kam chcete jet?") 

2013-06-18-10-23-16.124803-CEST  MainProcess : INFO       
    From: VoipIO     To: HUB        Command: play_utterance_start(user_id="None",fname="tts-2013-06-18-10-23-16.095880.wav") 

2013-06-18-10-23-16.236993-CEST  MainProcess : INFO       
    From: TTS        To: HUB        Command: tts_end(user_id="None",text="Odkud a kam chcete jet?",fname="tts-2013-06-18-10-23-16.095880.wav") 

2013-06-18-10-23-18.925863-CEST  MainProcess : INFO       
    From: VoipIO     To: HUB        Command: play_utterance_end(user_id="None",fname="tts-2013-06-18-10-23-16.095880.wav) 

2013-06-18-10-23-22.337576-CEST  ASR-3      : DEBUG      
    ASR: speech_start()

2013-06-18-10-23-22.345247-CEST  MainProcess : INFO       
    From: VAD        To: HUB        Command: speech_start(fname="vad-2013-06-18-10-23-22.304221.wav") 

2013-06-18-10-23-22.353686-CEST  MainProcess : INFO       
    From: ASR        To: HUB        Command: asr_start() 

2013-06-18-10-23-23.293148-CEST  ASR-3      : DEBUG      
    ASR: speech_end()

2013-06-18-10-23-23.301112-CEST  MainProcess : INFO       
    From: VAD        To: HUB        Command: speech_end(fname="vad-2013-06-18-10-23-22.304221.wav") 

2013-06-18-10-23-23.787388-CEST  ASR-3      : DEBUG      
    ASR Hypothesis
    ------------------------------------------------------------
    0.617 1 anděla
    0.085 jedna anděla
    0.074 1 dělat
    0.064 jedná anděla
    0.053 1 děláš
    0.043 1 anděl
    0.032 jedna dělat
    0.021 jed na anděla
    0.011 jedna děláš
    0.000 __other__
    

2013-06-18-10-23-23.812634-CEST  MainProcess : INFO       
    From: ASR        To: HUB        Command: asr_end() 

2013-06-18-10-23-24.217991-CEST  SLU-4      : DEBUG      
    SLU Hypothesis
    ------------------------------------------------------------
    0.809 inform(="Anděl")
    0.128 other()
    0.043 inform(time="1:00")
    0.021 inform(to_stop="Anděl")
    

2013-06-18-10-23-24.245713-CEST  MainProcess : INFO       
    From: SLU        To: HUB        Command: slu_parsed() 

2013-06-18-10-23-24.253604-CEST  DM-5       : DEBUG      
    DDDState Dialogue Act in: inform(="Anděl")

2013-06-18-10-23-24.261608-CEST  DM-5       : DEBUG      
    Context Resolution - Dialogue Act: inform(from_stop="Anděl")&inform(to_stop="Anděl")&inform(="Anděl")

2013-06-18-10-23-24.269845-CEST  DM-5       : DEBUG      
    DDDState - Dialogue state content:
    
    lda = None
    from_centre = None
    from_stop = Anděl
    time = None
    to_centre = None
    to_stop = Anděl
    
    
    
    

2013-06-18-10-23-24.277730-CEST  DM-5       : DEBUG      
    DDDState
    
    Requested slots:
    {}
    Confirmed slots:
    {}
    Non-informed slots:
    {u'to_stop': u'And\u011bl', u'from_stop': u'And\u011bl'}

2013-06-18-10-23-24.623191-CEST  DM-5       : DEBUG      
    DM Output
    ------------------------------------------------------------
    iconfirm(to_stop="Anděl")&iconfirm(from_stop="Anděl")&apology()&inform(from_stop="Anděl")&inform(to_stop="Anděl")
    

2013-06-18-10-23-24.665095-CEST  MainProcess : INFO       
    From: DM         To: HUB        Command: dm_da_generated() 

2013-06-18-10-23-24.674066-CEST  NLG-6      : DEBUG      
    NLG Output
    ------------------------------------------------------------
    Chcete jet do zastávky Anděl. Dobře, ze zastávky Anděl. Promiňte. Ze zastávky Anděl. Do zastávky Anděl.
    

2013-06-18-10-23-24.699087-CEST  MainProcess : INFO       
    From: NLG        To: HUB        Command: nlg_text_generated() 

2013-06-18-10-23-24.706427-CEST  MainProcess : INFO       
    From: TTS        To: HUB        Command: tts_start(user_id="None",text="Chcete jet do zastávky Anděl. Dobře, ze zastávky Anděl. Promiňte. Ze zastávky Anděl. Do zastávky Anděl.") 

2013-06-18-10-23-24.735213-CEST  MainProcess : INFO       
    From: VoipIO     To: HUB        Command: play_utterance_start(user_id="None",fname="tts-2013-06-18-10-23-24.691912.wav") 

2013-06-18-10-23-28.687866-CEST  MainProcess : INFO       
    From: TTS        To: HUB        Command: tts_end(user_id="None",text="Chcete jet do zastávky Anděl. Dobře, ze zastávky Anděl. Promiňte. Ze zastávky Anděl. Do zastávky Anděl.",fname="tts-2013-06-18-10-23-24.691912.wav") 

2013-06-18-10-23-36.656722-CEST  MainProcess : INFO       
    From: VoipIO     To: HUB        Command: play_utterance_end(user_id="None",fname="tts-2013-06-18-10-23-24.691912.wav) 

2013-06-18-10-23-39.498576-CEST  ASR-3      : DEBUG      
    ASR: speech_start()

2013-06-18-10-23-39.505720-CEST  MainProcess : INFO       
    From: VAD        To: HUB        Command: speech_start(fname="vad-2013-06-18-10-23-39.453674.wav") 

2013-06-18-10-23-39.513460-CEST  MainProcess : INFO       
    From: ASR        To: HUB        Command: asr_start() 

2013-06-18-10-23-41.211078-CEST  ASR-3      : DEBUG      
    ASR: speech_end()

2013-06-18-10-23-41.218757-CEST  MainProcess : INFO       
    From: VAD        To: HUB        Command: speech_end(fname="vad-2013-06-18-10-23-39.453674.wav") 

2013-06-18-10-23-41.865712-CEST  ASR-3      : DEBUG      
    ASR Hypothesis
    ------------------------------------------------------------
    0.742 nechci na malostranské náměstí
    0.037 nehty na malostranské náměstí
    0.034 nechci na malostranském náměstí
    0.031 nechte na malostranské náměstí
    0.028 nechce na malostranské náměstí
    0.025 ne na malostranské náměstí
    0.023 nehty na malostranském náměstí
    0.020 nechci na malostranský náměstí
    0.017 nechte na malostranském náměstí
    0.014 nechce na malostranském náměstí
    0.011 nechci na malostranské náměstí i
    0.008 nechci na malostranské náměstí a
    0.006 ne na malostranském náměstí
    0.003 nehty na malostranský náměstí
    0.000 __other__
    

2013-06-18-10-23-41.896506-CEST  MainProcess : INFO       
    From: ASR        To: HUB        Command: asr_end() 

2013-06-18-10-23-42.516497-CEST  SLU-4      : DEBUG      
    SLU Hypothesis
    ------------------------------------------------------------
    0.884 inform(to_stop="Malostranské náměstí")
    0.110 other()
    0.031 negate()
    

2013-06-18-10-23-42.544721-CEST  MainProcess : INFO       
    From: SLU        To: HUB        Command: slu_parsed() 

2013-06-18-10-23-42.552884-CEST  DM-5       : DEBUG      
    DDDState Dialogue Act in: inform(to_stop="Malostranské náměstí")

2013-06-18-10-23-42.560948-CEST  DM-5       : DEBUG      
    Context Resolution - Dialogue Act: inform(to_stop="Malostranské náměstí")

2013-06-18-10-23-42.569486-CEST  DM-5       : DEBUG      
    DDDState - Dialogue state content:
    
    lda = None
    from_centre = None
    from_stop = Anděl
    route_alternative = 0
    time = None
    to_centre = None
    to_stop = Malostranské náměstí
    
    rh_from_stop = system-informed
    rh_to_stop = system-informed
    
    ch_from_stop = system-informed
    ch_to_stop = system-informed
    
    sh_from_stop = system-informed
    sh_to_stop = system-informed
    

2013-06-18-10-23-42.577858-CEST  DM-5       : DEBUG      
    DDDState
    
    Requested slots:
    {}
    Confirmed slots:
    {}
    Non-informed slots:
    {u'route_alternative': 0}

2013-06-18-10-23-42.763969-CEST  DM-5       : DEBUG      
    DM Output
    ------------------------------------------------------------
    inform(alternatives="4")&inform(alternative="1")&inform(vehicle="TRAM")&inform(line="20")&inform(go_at="10:26")&inform(enter_at="Anděl")&inform(headsign="Divoká Šárka")&inform(exit_at="Malostranské náměstí")
    

2013-06-18-10-23-42.810220-CEST  MainProcess : INFO       
    From: DM         To: HUB        Command: dm_da_generated() 

2013-06-18-10-23-42.847051-CEST  NLG-6      : DEBUG      
    NLG Output
    ------------------------------------------------------------
    Našla jsem čtyři cesty. Možnost první. Jeďte tramvají číslo 20 v 10:26 ze zastávky Anděl směrem Divoká Šárka. Vystupte na zastávce Malostranské náměstí.
    

2013-06-18-10-23-42.880545-CEST  MainProcess : INFO       
    From: NLG        To: HUB        Command: nlg_text_generated() 

2013-06-18-10-23-42.887047-CEST  MainProcess : INFO       
    From: TTS        To: HUB        Command: tts_start(user_id="None",text="Našla jsem čtyři cesty. Možnost první. Jeďte tramvají číslo 20 v 10:26 ze zastávky Anděl směrem Divoká Šárka. Vystupte na zastávce Malostranské náměstí.") 

2013-06-18-10-23-42.904724-CEST  MainProcess : INFO       
    From: VoipIO     To: HUB        Command: play_utterance_start(user_id="None",fname="tts-2013-06-18-10-23-42.871709.wav") 

2013-06-18-10-23-44.273247-CEST  MainProcess : INFO       
    From: TTS        To: HUB        Command: tts_end(user_id="None",text="Našla jsem čtyři cesty. Možnost první. Jeďte tramvají číslo 20 v 10:26 ze zastávky Anděl směrem Divoká Šárka. Vystupte na zastávce Malostranské náměstí.",fname="tts-2013-06-18-10-23-42.871709.wav") 

2013-06-18-10-23-59.180547-CEST  MainProcess : INFO       
    From: VoipIO     To: HUB        Command: play_utterance_end(user_id="None",fname="tts-2013-06-18-10-23-42.871709.wav) 

2013-06-18-10-24-03.071876-CEST  ASR-3      : DEBUG      
    ASR: speech_start()

2013-06-18-10-24-03.078894-CEST  MainProcess : INFO       
    From: VAD        To: HUB        Command: speech_start(fname="vad-2013-06-18-10-24-03.019613.wav") 

2013-06-18-10-24-03.086403-CEST  MainProcess : INFO       
    From: ASR        To: HUB        Command: asr_start() 

2013-06-18-10-24-04.049122-CEST  MainProcess : INFO       
    From: VAD        To: HUB        Command: speech_end(fname="vad-2013-06-18-10-24-03.019613.wav") 

2013-06-18-10-24-04.055700-CEST  ASR-3      : DEBUG      
    ASR: speech_end()

2013-06-18-10-24-04.484024-CEST  ASR-3      : DEBUG      
    ASR Hypothesis
    ------------------------------------------------------------
    0.549 odkud to jede
    0.050 odkud pojede
    0.047 od kud to jede
    0.044 pokud to jede
    0.041 pojede
    0.038 odkud to je de
    0.035 pokud pojede
    0.032 odkud to jde
    0.029 od kud to jde
    0.027 pokud to jde
    0.024 odkud co je de
    0.021 odkud je de
    0.018 pokuta je de
    0.015 odkud ta je de
    0.012 od kud co je de
    0.009 pokud co je de
    0.006 odtud co je de
    0.003 odkup co je de
    0.000 __other__
    

2013-06-18-10-24-04.518948-CEST  MainProcess : INFO       
    From: ASR        To: HUB        Command: asr_end() 

2013-06-18-10-24-05.314325-CEST  SLU-4      : DEBUG      
    SLU Hypothesis
    ------------------------------------------------------------
    0.646 request(from_stop)
    0.354 other()
    

2013-06-18-10-24-05.349099-CEST  MainProcess : INFO       
    From: SLU        To: HUB        Command: slu_parsed() 

2013-06-18-10-24-05.356872-CEST  DM-5       : DEBUG      
    DDDState Dialogue Act in: request(from_stop)

2013-06-18-10-24-05.363954-CEST  DM-5       : DEBUG      
    Context Resolution - Dialogue Act: request(from_stop)

2013-06-18-10-24-05.371652-CEST  DM-5       : DEBUG      
    DDDState - Dialogue state content:
    
    lda = None
    from_centre = None
    from_stop = Anděl
    route_alternative = 0
    time = None
    to_centre = None
    to_stop = Malostranské náměstí
    
    rh_alternative = system-informed
    rh_alternatives = system-informed
    rh_enter_at = system-informed
    rh_exit_at = system-informed
    rh_from_stop = user-requested
    rh_go_at = system-informed
    rh_headsign = system-informed
    rh_line = system-informed
    rh_to_stop = system-informed
    rh_vehicle = system-informed
    
    ch_alternative = system-informed
    ch_alternatives = system-informed
    ch_enter_at = system-informed
    ch_exit_at = system-informed
    ch_from_stop = system-informed
    ch_go_at = system-informed
    ch_headsign = system-informed
    ch_line = system-informed
    ch_to_stop = system-informed
    ch_vehicle = system-informed
    
    sh_alternative = system-informed
    sh_alternatives = system-informed
    sh_enter_at = system-informed
    sh_exit_at = system-informed
    sh_from_stop = system-informed
    sh_go_at = system-informed
    sh_headsign = system-informed
    sh_line = system-informed
    sh_to_stop = system-informed
    sh_vehicle = system-informed
    

2013-06-18-10-24-05.378296-CEST  DM-5       : DEBUG      
    DDDState
    
    Requested slots:
    {u'from_stop': u'And\u011bl'}
    Confirmed slots:
    {}
    Non-informed slots:
    {u'route_alternative': 0}

2013-06-18-10-24-05.385564-CEST  DM-5       : DEBUG      
    DM Output
    ------------------------------------------------------------
    inform(from_stop="Anděl")&inform(vehicle="TRAM")&inform(line="20")&inform(headsign="Divoká Šárka")
    

2013-06-18-10-24-05.443729-CEST  MainProcess : INFO       
    From: DM         To: HUB        Command: dm_da_generated() 

2013-06-18-10-24-05.450727-CEST  NLG-6      : DEBUG      
    NLG Output
    ------------------------------------------------------------
    Ze zastávky Anděl. Jeďte tramvají číslo 20 směrem Divoká Šárka.
    

2013-06-18-10-24-05.491537-CEST  MainProcess : INFO       
    From: NLG        To: HUB        Command: nlg_text_generated() 

2013-06-18-10-24-05.499350-CEST  MainProcess : INFO       
    From: TTS        To: HUB        Command: tts_start(user_id="None",text="Ze zastávky Anděl. Jeďte tramvají číslo 20 směrem Divoká Šárka.") 

2013-06-18-10-24-05.522807-CEST  MainProcess : INFO       
    From: VoipIO     To: HUB        Command: play_utterance_start(user_id="None",fname="tts-2013-06-18-10-24-05.474305.wav") 

2013-06-18-10-24-06.272207-CEST  MainProcess : INFO       
    From: TTS        To: HUB        Command: tts_end(user_id="None",text="Ze zastávky Anděl. Jeďte tramvají číslo 20 směrem Divoká Šárka.",fname="tts-2013-06-18-10-24-05.474305.wav") 

2013-06-18-10-24-12.298087-CEST  MainProcess : INFO       
    From: VoipIO     To: HUB        Command: play_utterance_end(user_id="None",fname="tts-2013-06-18-10-24-05.474305.wav) 

2013-06-18-10-24-15.160558-CEST  MainProcess : INFO       
    From: VAD        To: HUB        Command: speech_start(fname="vad-2013-06-18-10-24-15.108744.wav") 

2013-06-18-10-24-15.168229-CEST  MainProcess : INFO       
    From: ASR        To: HUB        Command: asr_start() 

2013-06-18-10-24-15.175823-CEST  ASR-3      : DEBUG      
    ASR: speech_start()

2013-06-18-10-24-15.969722-CEST  MainProcess : INFO       
    From: VAD        To: HUB        Command: speech_end(fname="vad-2013-06-18-10-24-15.108744.wav") 

2013-06-18-10-24-15.977940-CEST  ASR-3      : DEBUG      
    ASR: speech_end()

2013-06-18-10-24-16.413214-CEST  ASR-3      : DEBUG      
    ASR Hypothesis
    ------------------------------------------------------------
    0.431 kam pojede
    0.227 kam to jede
    0.171 tam pojede
    0.114 kam pojedeme
    0.057 kam pojedete
    0.000 __other__
    

2013-06-18-10-24-16.445118-CEST  MainProcess : INFO       
    From: ASR        To: HUB        Command: asr_end() 

2013-06-18-10-24-16.667245-CEST  SLU-4      : DEBUG      
    SLU Hypothesis
    ------------------------------------------------------------
    0.716 request(to_stop)
    0.284 other()
    

2013-06-18-10-24-16.700496-CEST  DM-5       : DEBUG      
    DDDState Dialogue Act in: request(to_stop)

2013-06-18-10-24-16.707873-CEST  MainProcess : INFO       
    From: SLU        To: HUB        Command: slu_parsed() 

2013-06-18-10-24-16.716564-CEST  DM-5       : DEBUG      
    Context Resolution - Dialogue Act: request(to_stop)

2013-06-18-10-24-16.724376-CEST  DM-5       : DEBUG      
    DDDState - Dialogue state content:
    
    lda = None
    from_centre = None
    from_stop = Anděl
    route_alternative = 0
    time = None
    to_centre = None
    to_stop = Malostranské náměstí
    
    rh_alternative = system-informed
    rh_alternatives = system-informed
    rh_enter_at = system-informed
    rh_exit_at = system-informed
    rh_from_stop = system-informed
    rh_go_at = system-informed
    rh_headsign = system-informed
    rh_line = system-informed
    rh_to_stop = user-requested
    rh_vehicle = system-informed
    
    ch_alternative = system-informed
    ch_alternatives = system-informed
    ch_enter_at = system-informed
    ch_exit_at = system-informed
    ch_from_stop = system-informed
    ch_go_at = system-informed
    ch_headsign = system-informed
    ch_line = system-informed
    ch_to_stop = system-informed
    ch_vehicle = system-informed
    
    sh_alternative = system-informed
    sh_alternatives = system-informed
    sh_enter_at = system-informed
    sh_exit_at = system-informed
    sh_from_stop = system-informed
    sh_go_at = system-informed
    sh_headsign = system-informed
    sh_line = system-informed
    sh_to_stop = system-informed
    sh_vehicle = system-informed
    

2013-06-18-10-24-16.732639-CEST  DM-5       : DEBUG      
    DDDState
    
    Requested slots:
    {u'to_stop': u'Malostransk\xe9 n\xe1m\u011bst\xed'}
    Confirmed slots:
    {}
    Non-informed slots:
    {u'route_alternative': 0}

2013-06-18-10-24-16.740566-CEST  DM-5       : DEBUG      
    DM Output
    ------------------------------------------------------------
    inform(to_stop="Malostranské náměstí")&inform(arrive_at="10:34")
    

2013-06-18-10-24-16.798100-CEST  MainProcess : INFO       
    From: DM         To: HUB        Command: dm_da_generated() 

2013-06-18-10-24-16.805660-CEST  NLG-6      : DEBUG      
    NLG Output
    ------------------------------------------------------------
    Do zastávky Malostranské náměstí. Budete tam v 10:34 .
    

2013-06-18-10-24-16.842459-CEST  MainProcess : INFO       
    From: NLG        To: HUB        Command: nlg_text_generated() 

2013-06-18-10-24-16.849573-CEST  MainProcess : INFO       
    From: TTS        To: HUB        Command: tts_start(user_id="None",text="Do zastávky Malostranské náměstí. Budete tam v 10:34 .") 

2013-06-18-10-24-16.934108-CEST  MainProcess : INFO       
    From: VoipIO     To: HUB        Command: play_utterance_start(user_id="None",fname="tts-2013-06-18-10-24-16.832331.wav") 

2013-06-18-10-24-17.700870-CEST  MainProcess : INFO       
    From: TTS        To: HUB        Command: tts_end(user_id="None",text="Do zastávky Malostranské náměstí. Budete tam v 10:34 .",fname="tts-2013-06-18-10-24-16.832331.wav") 

2013-06-18-10-24-21.498056-CEST  MainProcess : INFO       
    From: VAD        To: HUB        Command: speech_start(fname="vad-2013-06-18-10-24-21.440984.wav") 

2013-06-18-10-24-21.507165-CEST  ASR-3      : DEBUG      
    ASR: speech_start()

2013-06-18-10-24-21.530779-CEST  MainProcess : INFO       
    From: ASR        To: HUB        Command: asr_start() 

2013-06-18-10-24-21.538381-CEST  VoipIO-1   : DEBUG      
    From: HUB        To: VIO        Command: flush_out() 

2013-06-18-10-24-21.871918-CEST  ASR-3      : DEBUG      
    ASR: speech_end()

2013-06-18-10-24-21.879612-CEST  MainProcess : INFO       
    From: VAD        To: HUB        Command: speech_end(fname="vad-2013-06-18-10-24-21.440984.wav") 

2013-06-18-10-24-22.204109-CEST  ASR-3      : DEBUG      
    ASR Hypothesis
    ------------------------------------------------------------
    1.000 __other__
    

2013-06-18-10-24-22.241913-CEST  MainProcess : INFO       
    From: ASR        To: HUB        Command: asr_end() 

2013-06-18-10-24-22.250176-CEST  SLU-4      : DEBUG      
    SLU Hypothesis
    ------------------------------------------------------------
    1.000 other()
    

2013-06-18-10-24-22.284529-CEST  DM-5       : DEBUG      
    DDDState Dialogue Act in: other()

2013-06-18-10-24-22.291865-CEST  MainProcess : INFO       
    From: SLU        To: HUB        Command: slu_parsed() 

2013-06-18-10-24-22.299638-CEST  DM-5       : DEBUG      
    Context Resolution - Dialogue Act: other()

2013-06-18-10-24-22.308366-CEST  DM-5       : DEBUG      
    DDDState - Dialogue state content:
    
    lda = None
    from_centre = None
    from_stop = Anděl
    route_alternative = 0
    time = None
    to_centre = None
    to_stop = Malostranské náměstí
    
    rh_alternative = system-informed
    rh_alternatives = system-informed
    rh_arrive_at = system-informed
    rh_enter_at = system-informed
    rh_exit_at = system-informed
    rh_from_stop = system-informed
    rh_go_at = system-informed
    rh_headsign = system-informed
    rh_line = system-informed
    rh_to_stop = system-informed
    rh_vehicle = system-informed
    
    ch_alternative = system-informed
    ch_alternatives = system-informed
    ch_arrive_at = system-informed
    ch_enter_at = system-informed
    ch_exit_at = system-informed
    ch_from_stop = system-informed
    ch_go_at = system-informed
    ch_headsign = system-informed
    ch_line = system-informed
    ch_to_stop = system-informed
    ch_vehicle = system-informed
    
    sh_alternative = system-informed
    sh_alternatives = system-informed
    sh_arrive_at = system-informed
    sh_enter_at = system-informed
    sh_exit_at = system-informed
    sh_from_stop = system-informed
    sh_go_at = system-informed
    sh_headsign = system-informed
    sh_line = system-informed
    sh_to_stop = system-informed
    sh_vehicle = system-informed
    

2013-06-18-10-24-22.316304-CEST  DM-5       : DEBUG      
    DDDState
    
    Requested slots:
    {}
    Confirmed slots:
    {}
    Non-informed slots:
    {u'route_alternative': 0}

2013-06-18-10-24-22.483717-CEST  DM-5       : DEBUG      
    DM Output
    ------------------------------------------------------------
    inform(alternatives="4")&inform(alternative="1")&inform(vehicle="TRAM")&inform(line="20")&inform(go_at="10:26")&inform(enter_at="Anděl")&inform(headsign="Divoká Šárka")&inform(exit_at="Malostranské náměstí")
    

2013-06-18-10-24-22.592221-CEST  MainProcess : INFO       
    From: DM         To: HUB        Command: dm_da_generated() 

2013-06-18-10-24-22.629770-CEST  NLG-6      : DEBUG      
    NLG Output
    ------------------------------------------------------------
    Našla jsem čtyři cesty. Možnost první. Jeďte tramvají číslo 20 v 10:26 ze zastávky Anděl směrem Divoká Šárka. Vystupte na zastávce Malostranské náměstí.
    

2013-06-18-10-24-22.676669-CEST  MainProcess : INFO       
    From: NLG        To: HUB        Command: nlg_text_generated() 

2013-06-18-10-24-22.684047-CEST  MainProcess : INFO       
    From: TTS        To: HUB        Command: tts_start(user_id="None",text="Našla jsem čtyři cesty. Možnost první. Jeďte tramvají číslo 20 v 10:26 ze zastávky Anděl směrem Divoká Šárka. Vystupte na zastávce Malostranské náměstí.") 

2013-06-18-10-24-22.715941-CEST  MainProcess : INFO       
    From: VoipIO     To: HUB        Command: play_utterance_start(user_id="None",fname="tts-2013-06-18-10-24-22.656681.wav") 

2013-06-18-10-24-22.875146-CEST  MainProcess : INFO       
    From: TTS        To: HUB        Command: tts_end(user_id="None",text="Našla jsem čtyři cesty. Možnost první. Jeďte tramvají číslo 20 v 10:26 ze zastávky Anděl směrem Divoká Šárka. Vystupte na zastávce Malostranské náměstí.",fname="tts-2013-06-18-10-24-22.656681.wav") 

2013-06-18-10-24-24.325363-CEST  MainProcess : INFO       
    From: VAD        To: HUB        Command: speech_start(fname="vad-2013-06-18-10-24-24.262569.wav") 

2013-06-18-10-24-24.335067-CEST  ASR-3      : DEBUG      
    ASR: speech_start()

2013-06-18-10-24-24.361968-CEST  MainProcess : INFO       
    From: ASR        To: HUB        Command: asr_start() 

2013-06-18-10-24-24.369694-CEST  VoipIO-1   : DEBUG      
    From: HUB        To: VIO        Command: flush_out() 

2013-06-18-10-24-24.992463-CEST  ASR-3      : DEBUG      
    ASR: speech_end()

2013-06-18-10-24-24.999950-CEST  MainProcess : INFO       
    From: VAD        To: HUB        Command: speech_end(fname="vad-2013-06-18-10-24-24.262569.wav") 

2013-06-18-10-24-25.455960-CEST  ASR-3      : DEBUG      
    ASR Hypothesis
    ------------------------------------------------------------
    1.000 __other__
    

2013-06-18-10-24-25.542047-CEST  MainProcess : INFO       
    From: ASR        To: HUB        Command: asr_end() 

2013-06-18-10-24-25.550119-CEST  SLU-4      : DEBUG      
    SLU Hypothesis
    ------------------------------------------------------------
    1.000 other()
    

2013-06-18-10-24-25.591235-CEST  MainProcess : INFO       
    From: SLU        To: HUB        Command: slu_parsed() 

2013-06-18-10-24-25.598688-CEST  DM-5       : DEBUG      
    DDDState Dialogue Act in: other()

2013-06-18-10-24-25.605929-CEST  DM-5       : DEBUG      
    Context Resolution - Dialogue Act: other()

2013-06-18-10-24-25.614067-CEST  DM-5       : DEBUG      
    DDDState - Dialogue state content:
    
    lda = None
    from_centre = None
    from_stop = Anděl
    route_alternative = 0
    time = None
    to_centre = None
    to_stop = Malostranské náměstí
    
    rh_alternative = system-informed
    rh_alternatives = system-informed
    rh_arrive_at = system-informed
    rh_enter_at = system-informed
    rh_exit_at = system-informed
    rh_from_stop = system-informed
    rh_go_at = system-informed
    rh_headsign = system-informed
    rh_line = system-informed
    rh_to_stop = system-informed
    rh_vehicle = system-informed
    
    ch_alternative = system-informed
    ch_alternatives = system-informed
    ch_arrive_at = system-informed
    ch_enter_at = system-informed
    ch_exit_at = system-informed
    ch_from_stop = system-informed
    ch_go_at = system-informed
    ch_headsign = system-informed
    ch_line = system-informed
    ch_to_stop = system-informed
    ch_vehicle = system-informed
    
    sh_alternative = system-informed
    sh_alternatives = system-informed
    sh_arrive_at = system-informed
    sh_enter_at = system-informed
    sh_exit_at = system-informed
    sh_from_stop = system-informed
    sh_go_at = system-informed
    sh_headsign = system-informed
    sh_line = system-informed
    sh_to_stop = system-informed
    sh_vehicle = system-informed
    

2013-06-18-10-24-25.622531-CEST  DM-5       : DEBUG      
    DDDState
    
    Requested slots:
    {}
    Confirmed slots:
    {}
    Non-informed slots:
    {u'route_alternative': 0}

2013-06-18-10-24-25.817733-CEST  DM-5       : DEBUG      
    DM Output
    ------------------------------------------------------------
    inform(alternatives="4")&inform(alternative="1")&inform(vehicle="TRAM")&inform(line="20")&inform(go_at="10:26")&inform(enter_at="Anděl")&inform(headsign="Divoká Šárka")&inform(exit_at="Malostranské náměstí")
    

2013-06-18-10-24-25.880761-CEST  MainProcess : INFO       
    From: DM         To: HUB        Command: dm_da_generated() 

2013-06-18-10-24-25.916738-CEST  NLG-6      : DEBUG      
    NLG Output
    ------------------------------------------------------------
    Našla jsem čtyři cesty. Možnost první. Jeďte tramvají číslo 20 v 10:26 ze zastávky Anděl směrem Divoká Šárka. Vystupte na zastávce Malostranské náměstí.
    

2013-06-18-10-24-26.011780-CEST  MainProcess : INFO       
    From: NLG        To: HUB        Command: nlg_text_generated() 

2013-06-18-10-24-26.019644-CEST  MainProcess : INFO       
    From: TTS        To: HUB        Command: tts_start(user_id="None",text="Našla jsem čtyři cesty. Možnost první. Jeďte tramvají číslo 20 v 10:26 ze zastávky Anděl směrem Divoká Šárka. Vystupte na zastávce Malostranské náměstí.") 

2013-06-18-10-24-26.060520-CEST  MainProcess : INFO       
    From: VoipIO     To: HUB        Command: play_utterance_start(user_id="None",fname="tts-2013-06-18-10-24-25.993831.wav") 

2013-06-18-10-24-26.219731-CEST  MainProcess : INFO       
    From: TTS        To: HUB        Command: tts_end(user_id="None",text="Našla jsem čtyři cesty. Možnost první. Jeďte tramvají číslo 20 v 10:26 ze zastávky Anděl směrem Divoká Šárka. Vystupte na zastávce Malostranské náměstí.",fname="tts-2013-06-18-10-24-25.993831.wav") 

2013-06-18-10-24-42.188396-CEST  MainProcess : INFO       
    From: VoipIO     To: HUB        Command: play_utterance_end(user_id="None",fname="tts-2013-06-18-10-24-25.993831.wav) 

