2013-07-03-07-23-49.192924-COT  VoipIO-1   : DEBUG      
    CallCallback::on_state : Call with "277278104" <sip:277278104@195.113.20.69> is CONNECTING last code = 200 (OK)

2013-07-03-07-23-49.193917-COT  VoipIO-1   : DEBUG      
    VoipIO::on_call_connecting

2013-07-03-07-23-49.223986-COT  MainProcess : SYSTEM-LOG 
    config = { 'ASR': { 'Google': { 'debug': False, 'language': 'cs', 'maxresults': 20},
               'Julius': { 'adinnetport': 5530,
                           'binary': '/usr/local/bin/julius',
                           'debug': False,
                           'hostname': 'localhost',
                           'jconf': { '-adport': '5530',
                                      '-b': '1000',
                                      '-b2': '100',
                                      '-cmnload': 'cmn.param',
                                      '-cmnmapweight': '200',
                                      '-cmnsave': 'cmn.param',
                                      '-confnet': '',
                                      '-fallback1pass': '',
                                      '-gprune': 'safe',
                                      '-h': '/home/jurcicek/vystadial-git/alex/resources/asr/voip_en/hmmdefs',
                                      '-hlist': '/home/jurcicek/vystadial-git/alex/resources/asr/voip_en/tiedlist',
                                      '-htkconf': '/home/jurcicek/vystadial-git/alex/resources/asr/voip_en/config',
                                      '-input': 'adinnet',
                                      '-iwsp': '',
                                      '-iwsppenalty': '0.0',
                                      '-lmp': '15.0 0.0',
                                      '-lmp2': '15.0 0.0',
                                      '-mapunk': 'UM',
                                      '-module': '10500',
                                      '-n': '50',
                                      '-nlr': '/home/jurcicek/vystadial-git/alex/resources/lm/caminfo/julius_arpa_bigram',
                                      '-no_ccd': '',
                                      '-nrl': '/home/jurcicek/vystadial-git/alex/resources/lm/caminfo/julius_arpa_rev_bigram',
                                      '-silhead': '<s>',
                                      '-siltail': '</s>',
                                      '-spmodel': 'sp',
                                      '-tmix': '4',
                                      '-v': '/home/jurcicek/vystadial-git/alex/resources/lm/caminfo/julius_dict'},
                           'jconffile': 'julius.jconf',
                           'killall': False,
                           'logfile': 'julius.log',
                           'msg_timeout': 0.3,
                           'pidfile': 'julius.pid',
                           'reuse_server': False,
                           'serverport': 10500,
                           'start_max_wait_time': 15,
                           'start_wait_time': 0.5,
                           'timeout': 2.0},
               'Kaldi': { 'LM_scale': -6666.66,
                          'hypothesis_type': 'nblist',
                          'lat_depth': 666666,
                          'model': 'TODO_path_to_model'},
               'debug': True,
               'type': 'Google'},
      'AlexOnTheBus': { 'max_turns': 30},
      'Analytics': Analytics(account_id='UA-41905278-1', domain_name='cuni.cz'),
      'Audio': { 'sample_rate': 16000, 'samples_per_frame': 256},
      'AudioIO': { 'debug': True, 'output_dir': './aio_call_log', 'play_buffer_size': 1024},
      'DM': { 'PUfalRuleDM': { 'code_submit_url': None,
                               'db_cfg': '/home/jurcicek/vystadial-git/alex/resources/../applications/CamInfoRest/cued_data/CIRdbase_V7_noloc.txt',
                               'ontology': '/home/jurcicek/vystadial-git/alex/resources/../applications/CamInfoRest/ontology.cfg',
                               'provide_code': False},
              'UfalRuleDM': { 'code_submit_url': None,
                              'db_cfg': '/home/jurcicek/vystadial-git/alex/resources/../applications/CamInfoRest/cued_data/CIRdbase_V7_noloc.txt',
                              'ontology': '/home/jurcicek/vystadial-git/alex/resources/../applications/CamInfoRest/ontology.cfg',
                              'provide_code': False},
              'basic': { 'debug': True},
              'debug': True,
              'dialogue_policy': { 'type': <class 'alex.applications.AlexOnTheBus.aotb_hdc_policy.AOTBHDCPolicy'>},
              'dialogue_state': { 'type': <class 'alex.components.dm.dddstate.DeterministicDiscriminativeDialogueState'>},
              'input_timeout': 1.0,
              'ontology': '/home/jurcicek/vystadial-git/alex/applications/AlexOnTheBus/data/ontology.py',
              'type': 'basic'},
      'General': { 'debug': False, 'include': ['/home/jurcicek/vystadial-git/alex/resources/private/default.cfg']},
      'Hub': { 'history_file': 'hub_history_hub.txt', 'history_length': 1000, 'main_loop_sleep_time': 0.002},
      'Logging': { 'excepthook': ExceptionHook(
            ExceptionHook
              Hook Type: log
              Hook Logger: SystemLogger(output_dir=./call_logs, stdout_log_level='DEBUG', stdout=True, file_log_level='DEBUG')),
                   'session_logger': SessionLogger(),
                   'system_logger': SystemLogger(output_dir=./call_logs, stdout_log_level='DEBUG', stdout=True, file_log_level='DEBUG'),
                   'system_name': 'Alex On The Bus',
                   'version': '1.0'},
      'NLG': { 'Template': { 'model': '/home/jurcicek/vystadial-git/alex/applications/AlexOnTheBus/nlg_templates.cfg'},
               'debug': True,
               'type': 'Template'},
      'SHub': { 'history_file': 'hub_history_shub.txt', 'history_length': 1000},
      'SLU': { 'cl-tracing': { 'cldb_fname': '/home/jurcicek/vystadial-git/alex/applications/CamInfoRest/data/database.py',
                               'do_preprocessing': True,
                               'features_type': ('ngram', 'ab_ngram'),
                               'testing': { 'max_examples': None,
                                            'min_perc': 80,
                                            'model_fname': '/home/jurcicek/vystadial-git/alex/applications/CamInfoRest/models/130516_minf60-minfc35-mind60.slu_model.gz',
                                            'renormalise': True,
                                            'threshold': None,
                                            'vanilla': True},
                               'training': { 'abstractions': ('abstract',), 'models_dir': 'models'}},
               'debug': True,
               'type': <class 'alex.applications.AlexOnTheBus.aotb_slu.AOTBSLU'>,
               <class 'alex.applications.AlexOnTheBus.aotb_slu.AOTBSLU'>: { 'cldb_fname': '/home/jurcicek/vystadial-git/alex/applications/AlexOnTheBus/data/database.py',
                                                                            'preprocessing_cls': <class 'alex.applications.AlexOnTheBus.aotb_preprocessing.AOTBSLUPreprocessing'>,
                                                                            'training': { 'models_dir': 'models'}}},
      'THub': { 'history_file': 'hub_history_thub.txt', 'history_length': 1000},
      'TTS': { 'Flite': { 'debug': False,
                          'preprocessing': '/home/jurcicek/vystadial-git/alex/resources/tts/prep_flite_en.cfg',
                          'voice': 'kal16'},
               'Google': { 'debug': False,
                           'language': 'en',
                           'preprocessing': '/home/jurcicek/vystadial-git/alex/resources/tts/prep_google_en.cfg'},
               'SpeechTech': { 'debug': True,
                               'login': 'filipjurcicek',
    # this line was removed since it included a password
                               'preprocessing': '/home/jurcicek/vystadial-git/alex/resources/tts/prep_speechtech_cs.cfg',
                               'voice': 'Iva210'},
               'VoiceRSS': { 'api_key': '3b6a9fca5d724b1c8ac34691586cdda1'},
               'VoiceRss': { 'language': 'en-gb',
                             'preprocessing': '/home/jurcicek/vystadial-git/alex/resources/tts/prep_voicerss_en.cfg'},
               'debug': True,
               'in_between_segments_silence': 0.1,
               'type': 'SpeechTech'},
      'VAD': { 'debug': False,
               'decision_frames_sil': 25,
               'decision_frames_speech': 10,
               'decision_non_speech_threshold': 0.2,
               'decision_speech_threshold': 0.7,
               'gmm': { 'ceplifter': 22,
                        'enormalise': True,
                        'filter_length': 5,
                        'frameshift': 160,
                        'framesize': 512,
                        'frontend': 'MFCC',
                        'hifreq': 3800,
                        'lofreq': 125,
                        'numceps': 12,
                        'numchans': 26,
                        'preemcoef': 0.97,
                        'sil_model': '/home/jurcicek/vystadial-git/alex/resources/vad/voip_en/vad_sil_sds_mfcc_m064_f100000.gmm',
                        'speech_model': '/home/jurcicek/vystadial-git/alex/resources/vad/voip_en/vad_speech_sds_mfcc_m064_f100000.gmm',
                        'useacc': True,
                        'usec0': False,
                        'usecmn': False,
                        'usedelta': True,
                        'usehamming': True,
                        'usepower': True,
                        'zmeansource': True},
               'power': { 'adaptation_frames': 30, 'threshold': 70, 'threshold_multiplier': 1.0},
               'speech_buffer_frames': 20,
               'type': 'gmm'},
      'VoipHub': { 'blacklist_for': 7200,
                   'call_db': '/home/jurcicek/vystadial-git/alex/applications/AlexOnTheBus/call_db.pckl',
                   'hard_time_limit': 360,
                   'hard_turn_limit': 40,
                   'history_length': 1000,
                   'last_period_max_num_calls': 100,
                   'last_period_max_total_time': 7200,
                   'limit_reached_message': u'D\u011bkujeme za zavol\xe1n\xed, ale u\u017e jste volali hodn\u011b. Pros\xedm zavolejte pozd\u011bji. Na shledanou.',
                   'period': 172800,
                   'pid_file': '/home/jurcicek/vystadial-git/alex/applications/vhub.pid',
                   'wait_time_before_calling_back': 10},
      'VoipIO': { 'allowed_hosts': '',
                  'allowed_phone_numbers': '(^[234567])',
                  'allowed_users': '(^[234567])',
                  'debug': True,
                  'domain': 'external.sip.mff.cuni.cz:5066',
                  'forbidden_hosts': '',
                  'forbidden_phone_number': '(^112$|^150$|^155$|^156$|^158$)',
                  'forbidden_users': '(^112$|^150$|^155$|^156$|^158$)',
    # this line was removed since it included a password
                  'pjsip_log_level': 3,
                  'reject_calls': False,
                  'user': 'DEV-9889'},
      'WebHub': { 'port': 8000},
      'corpustools': { 'get_jasr_confnets': { 'frame_size': 256, 'rt_ratio': 0.2}}}

2013-07-03-07-23-49.259803-COT  MainProcess : INFO       
    #2      Time: 2013-07-03-07-23-49.194128-COT From: VoipIO     To: HUB        Command: call_connecting(remote_uri="277278104") 

2013-07-03-07-23-49.456032-COT  VoipIO-1   : DEBUG      
    CallCallback::on_state : Call with "277278104" <sip:277278104@195.113.20.69> is CONFIRMED last code = 200 (OK)

2013-07-03-07-23-49.468493-COT  VoipIO-1   : DEBUG      
    VoipIO::on_call_confirmed

2013-07-03-07-23-49.471084-COT  MainProcess : INFO       
    #3      Time: 2013-07-03-07-23-49.468805-COT From: VoipIO     To: HUB        Command: call_confirmed(remote_uri="277278104") 

2013-07-03-07-23-49.476029-COT  MainProcess : INFO       
    
    ========================================================================================================================
    Incoming call from :          277278104
    ------------------------------------------------------------------------------------------------------------------------
    Total calls:                  6
    Total time (min):             2.4
    Last period total calls:      6
    Last period total time (min): 2.4
    ------------------------------------------------------------------------------------------------------------------------
    CALL ACCEPTED
    ========================================================================================================================
    

2013-07-03-07-23-49.479540-COT  DM-5       : DEBUG      
    #4      Time: 2013-07-03-07-23-49.474138-COT From: HUB        To: DM         Command: new_dialogue() 

2013-07-03-07-23-49.482096-COT  DM-5       : DEBUG      
    DM Output
    ------------------------------------------------------------
    hello()
    

2013-07-03-07-23-49.497978-COT  NLG-6      : DEBUG      
    NLG Output
    ------------------------------------------------------------
    Dobrý den. Tato experimentální služba je poskytována laboratoří výzkumu hlasových dialogových systémů na Ústavu Formální a Aplikované Lingvistiky na Karlově Univerzitě. Hovor je nahráván. Více informací o této službě je na internetu. Jak Vám mohu pomoci. 
    

2013-07-03-07-23-49.499310-COT  MainProcess : INFO       
    #6      Time: 2013-07-03-07-23-49.494678-COT From: DM         To: HUB        Command: dm_da_generated() 

2013-07-03-07-23-49.513892-COT  MainProcess : INFO       
    #7      Time: 2013-07-03-07-23-49.507622-COT From: NLG        To: HUB        Command: nlg_text_generated() 

2013-07-03-07-23-49.519880-COT  MainProcess : INFO       
    #9      Time: 2013-07-03-07-23-49.514286-COT From: TTS        To: HUB        Command: tts_start(user_id="None",text="Dobrý den. Tato experimentální služba je poskytována laboratoří výzkumu hlasových dialogových systémů na Ústavu Formální a Aplikované Lingvistiky na Karlově Univerzitě. Hovor je nahráván. Více informací o této službě je na internetu. Jak Vám mohu pomoci. ") 

2013-07-03-07-23-49.555356-COT  MainProcess : INFO       
    #11     Time: 2013-07-03-07-23-49.516834-COT From: VoipIO     To: HUB        Command: play_utterance_start(user_id="None",fname="tts-2013-07-03-07-23-49.512810.wav") 

2013-07-03-07-23-49.723907-COT  MainProcess : INFO       
    #1215   Time: 2013-07-03-07-23-49.721651-COT From: TTS        To: HUB        Command: tts_end(user_id="None",text="Dobrý den. Tato experimentální služba je poskytována laboratoří výzkumu hlasových dialogových systémů na Ústavu Formální a Aplikované Lingvistiky na Karlově Univerzitě. Hovor je nahráván. Více informací o této službě je na internetu. Jak Vám mohu pomoci. ",fname="tts-2013-07-03-07-23-49.512810.wav",log="true") 

2013-07-03-07-24-04.598077-COT  ASR-3      : DEBUG      
    ASR: speech_start()

2013-07-03-07-24-04.599698-COT  MainProcess : INFO       
    #2149   Time: 2013-07-03-07-24-04.596148-COT From: VAD        To: HUB        Command: speech_start(fname="vad-2013-07-03-07-24-04.585735.wav") 

2013-07-03-07-24-04.607646-COT  NLG-6      : DEBUG      
    #2151   Time: 2013-07-03-07-24-04.604803-COT From: HUB        To: NLG        Command: flush() 

2013-07-03-07-24-04.609364-COT  MainProcess : INFO       
    #2150   Time: 2013-07-03-07-24-04.596884-COT From: ASR        To: HUB        Command: asr_start() 

2013-07-03-07-24-04.610220-COT  MainProcess : INFO       
    #2152   Time: 2013-07-03-07-24-04.607811-COT From: NLG        To: HUB        Command: flushed() 

2013-07-03-07-24-04.612652-COT  TTS-7      : DEBUG      
    #2153   Time: 2013-07-03-07-24-04.610369-COT From: HUB        To: TTS        Command: flush() 

2013-07-03-07-24-04.613711-COT  MainProcess : INFO       
    #2154   Time: 2013-07-03-07-24-04.612984-COT From: TTS        To: HUB        Command: flushed() 

2013-07-03-07-24-04.616113-COT  VoipIO-1   : DEBUG      
    #2155   Time: 2013-07-03-07-24-04.614472-COT From: HUB        To: VIO        Command: flush_out() 

2013-07-03-07-24-04.620943-COT  MainProcess : INFO       
    #2156   Time: 2013-07-03-07-24-04.616828-COT From: VoipIO     To: HUB        Command: flushed_out() 

2013-07-03-07-24-06.568438-COT  MainProcess : INFO       
    #2282   Time: 2013-07-03-07-24-06.567048-COT From: VAD        To: HUB        Command: speech_end(fname="vad-2013-07-03-07-24-04.585735.wav") 

2013-07-03-07-24-06.569498-COT  ASR-3      : DEBUG      
    ASR: speech_end()

2013-07-03-07-24-07.270686-COT  ASR-3      : DEBUG      
    ASR Hypothesis
    ------------------------------------------------------------
    1.000 __other__
    

2013-07-03-07-24-07.283097-COT  SLU-4      : DEBUG      
    SLU Hypothesis
    ------------------------------------------------------------
    1.000 other()
    

2013-07-03-07-24-07.283998-COT  MainProcess : INFO       
    #2327   Time: 2013-07-03-07-24-07.279577-COT From: ASR        To: HUB        Command: asr_end() 

2013-07-03-07-24-07.298073-COT  DM-5       : DEBUG      
    DDDState Dialogue Act in: other()

2013-07-03-07-24-07.299386-COT  DM-5       : DEBUG      
    Context Resolution - Dialogue Act: other()

2013-07-03-07-24-07.300766-COT  DM-5       : DEBUG      
    DDDState - Dialogue state content:
    
    ludait = other
    
    
    
    

2013-07-03-07-24-07.301541-COT  MainProcess : INFO       
    #2329   Time: 2013-07-03-07-24-07.295134-COT From: SLU        To: HUB        Command: slu_parsed() 

2013-07-03-07-24-07.302428-COT  DM-5       : DEBUG      
    DDDState
    
    Requested slots:
    {}
    Confirmed slots:
    {}
    Non-informed slots:
    {}

2013-07-03-07-24-07.303368-COT  DM-5       : DEBUG      
    DM Output
    ------------------------------------------------------------
    notunderstood()&help(inform="from_stop")
    

2013-07-03-07-24-07.316883-COT  NLG-6      : DEBUG      
    NLG Output
    ------------------------------------------------------------
    Nerozuměla jsem. Můžete například říct z Anděla.
    

2013-07-03-07-24-07.319543-COT  MainProcess : INFO       
    #2331   Time: 2013-07-03-07-24-07.310734-COT From: DM         To: HUB        Command: dm_da_generated() 

2013-07-03-07-24-07.324635-COT  MainProcess : INFO       
    #2334   Time: 2013-07-03-07-24-07.323291-COT From: NLG        To: HUB        Command: nlg_text_generated() 

2013-07-03-07-24-07.338150-COT  MainProcess : INFO       
    #2337   Time: 2013-07-03-07-24-07.325639-COT From: TTS        To: HUB        Command: tts_start(user_id="None",text="Nerozuměla jsem. Můžete například říct z Anděla.") 

2013-07-03-07-24-07.342767-COT  MainProcess : INFO       
    #2339   Time: 2013-07-03-07-24-07.328225-COT From: VoipIO     To: HUB        Command: play_utterance_start(user_id="None",fname="tts-2013-07-03-07-24-07.325502.wav") 

2013-07-03-07-24-07.491943-COT  MainProcess : INFO       
    #2608   Time: 2013-07-03-07-24-07.490561-COT From: TTS        To: HUB        Command: tts_end(user_id="None",text="Nerozuměla jsem. Můžete například říct z Anděla.",fname="tts-2013-07-03-07-24-07.325502.wav",log="true") 

2013-07-03-07-24-08.498015-COT  MainProcess : INFO       
    #2674   Time: 2013-07-03-07-24-08.491763-COT From: VAD        To: HUB        Command: speech_start(fname="vad-2013-07-03-07-24-08.483542.wav") 

2013-07-03-07-24-08.499258-COT  ASR-3      : DEBUG      
    ASR: speech_start()

2013-07-03-07-24-08.508101-COT  MainProcess : INFO       
    #2675   Time: 2013-07-03-07-24-08.496573-COT From: ASR        To: HUB        Command: asr_start() 

2013-07-03-07-24-08.509689-COT  NLG-6      : DEBUG      
    #2676   Time: 2013-07-03-07-24-08.504992-COT From: HUB        To: NLG        Command: flush() 

2013-07-03-07-24-08.511659-COT  MainProcess : INFO       
    #2677   Time: 2013-07-03-07-24-08.509841-COT From: NLG        To: HUB        Command: flushed() 

2013-07-03-07-24-08.513894-COT  TTS-7      : DEBUG      
    #2678   Time: 2013-07-03-07-24-08.512136-COT From: HUB        To: TTS        Command: flush() 

2013-07-03-07-24-08.514772-COT  MainProcess : INFO       
    #2679   Time: 2013-07-03-07-24-08.514097-COT From: TTS        To: HUB        Command: flushed() 

2013-07-03-07-24-08.517301-COT  VoipIO-1   : DEBUG      
    #2680   Time: 2013-07-03-07-24-08.514921-COT From: HUB        To: VIO        Command: flush_out() 

2013-07-03-07-24-08.520112-COT  MainProcess : INFO       
    #2681   Time: 2013-07-03-07-24-08.517576-COT From: VoipIO     To: HUB        Command: flushed_out() 

2013-07-03-07-24-11.814823-COT  ASR-3      : DEBUG      
    ASR: speech_end()

2013-07-03-07-24-11.817472-COT  MainProcess : INFO       
    #2891   Time: 2013-07-03-07-24-11.811763-COT From: VAD        To: HUB        Command: speech_end(fname="vad-2013-07-03-07-24-08.483542.wav") 

2013-07-03-07-24-12.952105-COT  ASR-3      : DEBUG      
    ASR Hypothesis
    ------------------------------------------------------------
    1.000 __other__
    

2013-07-03-07-24-12.964512-COT  MainProcess : INFO       
    #2962   Time: 2013-07-03-07-24-12.960468-COT From: ASR        To: HUB        Command: asr_end() 

2013-07-03-07-24-12.967569-COT  SLU-4      : DEBUG      
    SLU Hypothesis
    ------------------------------------------------------------
    1.000 other()
    

2013-07-03-07-24-12.980762-COT  MainProcess : INFO       
    #2966   Time: 2013-07-03-07-24-12.978267-COT From: SLU        To: HUB        Command: slu_parsed() 

2013-07-03-07-24-12.982626-COT  DM-5       : DEBUG      
    DDDState Dialogue Act in: other()

2013-07-03-07-24-12.983939-COT  DM-5       : DEBUG      
    Context Resolution - Dialogue Act: other()

2013-07-03-07-24-12.988660-COT  DM-5       : DEBUG      
    DDDState - Dialogue state content:
    
    ludait = other
    alternative = none
    from_stop = none
    route_alternative = none
    
    
    
    

2013-07-03-07-24-12.990428-COT  DM-5       : DEBUG      
    DDDState
    
    Requested slots:
    {}
    Confirmed slots:
    {}
    Non-informed slots:
    {}

2013-07-03-07-24-12.992065-COT  DM-5       : DEBUG      
    DM Output
    ------------------------------------------------------------
    notunderstood()&help(request="help")
    

2013-07-03-07-24-13.009329-COT  MainProcess : INFO       
    #2968   Time: 2013-07-03-07-24-13.006695-COT From: DM         To: HUB        Command: dm_da_generated() 

2013-07-03-07-24-13.011326-COT  NLG-6      : DEBUG      
    NLG Output
    ------------------------------------------------------------
    Nerozuměla jsem. Můžete se zeptat na nápovědu nebo požádat o pomoc.
    

2013-07-03-07-24-13.025249-COT  MainProcess : INFO       
    #2970   Time: 2013-07-03-07-24-13.016958-COT From: NLG        To: HUB        Command: nlg_text_generated() 

2013-07-03-07-24-13.026391-COT  MainProcess : INFO       
    #2972   Time: 2013-07-03-07-24-13.017742-COT From: TTS        To: HUB        Command: tts_start(user_id="None",text="Nerozuměla jsem. Můžete se zeptat na nápovědu nebo požádat o pomoc.") 

2013-07-03-07-24-13.037239-COT  MainProcess : INFO       
    #2975   Time: 2013-07-03-07-24-13.023476-COT From: VoipIO     To: HUB        Command: play_utterance_start(user_id="None",fname="tts-2013-07-03-07-24-13.017568.wav") 

2013-07-03-07-24-13.198879-COT  MainProcess : INFO       
    #3320   Time: 2013-07-03-07-24-13.195328-COT From: TTS        To: HUB        Command: tts_end(user_id="None",text="Nerozuměla jsem. Můžete se zeptat na nápovědu nebo požádat o pomoc.",fname="tts-2013-07-03-07-24-13.017568.wav",log="true") 

2013-07-03-07-24-18.349841-COT  MainProcess : INFO       
    #3633   Time: 2013-07-03-07-24-18.181803-COT From: VoipIO     To: HUB        Command: play_utterance_end(user_id="None",fname="tts-2013-07-03-07-24-13.017568.wav) 

2013-07-03-07-24-54.082020-COT  DM-5       : EXCEPTION  
    Uncaught exception in the DM process.
    Traceback (most recent call last):
      File "/home/jurcicek/vystadial-git/alex/components/hub/dm.py", line 178, in run
        time.sleep(self.cfg['Hub']['main_loop_sleep_time'])
    KeyboardInterrupt
    

2013-07-03-07-24-54.082791-COT  NLG-6      : EXCEPTION  
    Uncaught exception in NLG process.
    Traceback (most recent call last):
      File "/home/jurcicek/vystadial-git/alex/components/hub/nlg.py", line 119, in run
        time.sleep(self.cfg['Hub']['main_loop_sleep_time'])
    KeyboardInterrupt
    

2013-07-03-07-24-54.085795-COT  VAD-2      : EXCEPTION  
    Uncaught exception in the VAD process.
    Traceback (most recent call last):
      File "/home/jurcicek/vystadial-git/alex/components/hub/vad.py", line 246, in run
        time.sleep(self.cfg['Hub']['main_loop_sleep_time'])
    KeyboardInterrupt
    

2013-07-03-07-24-54.086974-COT  ASR-3      : EXCEPTION  
    Uncaught exception in ASR process.
    Traceback (most recent call last):
      File "/home/jurcicek/vystadial-git/alex/components/hub/asr.py", line 213, in run
        time.sleep(self.cfg['Hub']['main_loop_sleep_time'])
    KeyboardInterrupt
    

2013-07-03-07-24-54.088339-COT  SLU-4      : EXCEPTION  
    Uncaught exception in SLU process.
    Traceback (most recent call last):
      File "/home/jurcicek/vystadial-git/alex/components/hub/slu.py", line 137, in run
        time.sleep(self.cfg['Hub']['main_loop_sleep_time'])
    KeyboardInterrupt
    

2013-07-03-07-24-54.091769-COT  MainProcess : EXCEPTION  
    Uncaught exception in VHUB process.
    Traceback (most recent call last):
      File "./vhub.py", line 122, in run
        time.sleep(self.cfg['Hub']['main_loop_sleep_time'])
    KeyboardInterrupt
    

2013-07-03-07-24-54.093839-COT  TTS-7      : EXCEPTION  
    Uncaught exception in the TTS process.
    Traceback (most recent call last):
      File "/home/jurcicek/vystadial-git/alex/components/hub/tts.py", line 180, in run
        time.sleep(self.cfg['Hub']['main_loop_sleep_time'])
    KeyboardInterrupt
    

2013-07-03-07-24-54.671302-COT  VoipIO-1   : DEBUG      
    CallCallback::on_state : Call with "277278104" <sip:277278104@195.113.20.69> is DISCONNCTD last code = 200 (Normal call clearing)

