2013-09-26-17-14-32.626748-CEST  VoipIO-1   : DEBUG      
    CallCallback::on_state : Call with "777722785" <sip:777722785@195.113.20.160> is CONNECTING last code = 200 (OK)

2013-09-26-17-14-32.629392-CEST  VoipIO-1   : DEBUG      
    VoipIO::on_call_connecting

2013-09-26-17-14-32.632433-CEST  VoipIO-1   : DEBUG      
    CallCallback::on_state : Call with "777722785" <sip:777722785@195.113.20.160> is CONFIRMED last code = 200 (OK)

2013-09-26-17-14-32.641663-CEST  MainProcess : SYSTEM-LOG 
    config = { 'ASR': { 'Google': { 'debug': False, 'language': 'cs', 'maxresults': 20},
               'Julius': { 'adinnetport': 5530,
                           'binary': '/usr/local/bin/julius',
                           'debug': False,
                           'hostname': 'localhost',
                           'jconf': { '-adport': '5530',
                                      '-b': '1000',
                                      '-b2': '100',
                                      '-cmnload': 'cmn.param',
                                      '-cmnmapweight': '200',
                                      '-cmnsave': 'cmn.param',
                                      '-confnet': '',
                                      '-fallback1pass': '',
                                      '-gprune': 'safe',
                                      '-h': '/mnt/h/jurcicek/github/UFAL-DSG-alex-prd/alex/resources/asr/voip_en/hmmdefs',
                                      '-hlist': '/mnt/h/jurcicek/github/UFAL-DSG-alex-prd/alex/resources/asr/voip_en/tiedlist',
                                      '-htkconf': '/mnt/h/jurcicek/github/UFAL-DSG-alex-prd/alex/resources/asr/voip_en/config',
                                      '-input': 'adinnet',
                                      '-iwsp': '',
                                      '-iwsppenalty': '0.0',
                                      '-lmp': '15.0 0.0',
                                      '-lmp2': '15.0 0.0',
                                      '-mapunk': 'UM',
                                      '-module': '10500',
                                      '-n': '50',
                                      '-nlr': '/mnt/h/jurcicek/github/UFAL-DSG-alex-prd/alex/resources/lm/caminfo/julius_arpa_bigram',
                                      '-no_ccd': '',
                                      '-nrl': '/mnt/h/jurcicek/github/UFAL-DSG-alex-prd/alex/resources/lm/caminfo/julius_arpa_rev_bigram',
                                      '-silhead': '<s>',
                                      '-siltail': '</s>',
                                      '-spmodel': 'sp',
                                      '-tmix': '4',
                                      '-v': '/mnt/h/jurcicek/github/UFAL-DSG-alex-prd/alex/resources/lm/caminfo/julius_dict'},
                           'jconffile': 'julius.jconf',
                           'killall': False,
                           'logfile': 'julius.log',
                           'msg_timeout': 0.3,
                           'pidfile': 'julius.pid',
                           'reuse_server': False,
                           'serverport': 10500,
                           'start_max_wait_time': 15,
                           'start_wait_time': 0.5,
                           'timeout': 2.0},
               'Kaldi': { 'LM_scale': -6666.66,
                          'hypothesis_type': 'nblist',
                          'lat_depth': 666666,
                          'model': 'TODO_path_to_model'},
               'debug': True,
               'type': 'Google'},
      'Analytics': Analytics(account_id='UA-41905278-1', domain_name='cuni.cz'),
      'Audio': { 'sample_rate': 16000, 'samples_per_frame': 256},
      'AudioIO': { 'debug': True, 'output_dir': './aio_call_log', 'play_buffer_size': 1024},
      'DM': { 'PUfalRuleDM': { 'code_submit_url': None,
                               'db_cfg': '/mnt/h/jurcicek/github/UFAL-DSG-alex-prd/alex/resources/../applications/CamInfoRest/cued_data/CIRdbase_V7_noloc.txt',
                               'ontology': '/mnt/h/jurcicek/github/UFAL-DSG-alex-prd/alex/resources/../applications/CamInfoRest/ontology.cfg',
                               'provide_code': False},
              'UfalRuleDM': { 'code_submit_url': None,
                              'db_cfg': '/mnt/h/jurcicek/github/UFAL-DSG-alex-prd/alex/resources/../applications/CamInfoRest/cued_data/CIRdbase_V7_noloc.txt',
                              'ontology': '/mnt/h/jurcicek/github/UFAL-DSG-alex-prd/alex/resources/../applications/CamInfoRest/ontology.cfg',
                              'provide_code': False},
              'basic': { 'debug': True, 'silence_timeout': 10.0},
              'debug': True,
              'dialogue_policy': { 'type': <class 'alex.applications.PublicTransportInfoCS.hdc_policy.PTICSHDCPolicy'>},
              'dialogue_state': { 'type': <class 'alex.components.dm.dddstate.DeterministicDiscriminativeDialogueState'>},
              'input_timeout': 3.0,
              'ontology': '/mnt/h/jurcicek/github/UFAL-DSG-alex-prd/alex/applications/PublicTransportInfoCS/data/ontology.py',
              'type': 'basic'},
      'General': { 'debug': False,
                   'include': ['/mnt/h/jurcicek/github/UFAL-DSG-alex-prd/alex/resources/private/default.cfg']},
      'Hub': { 'history_file': 'hub_history_hub.txt', 'history_length': 1000, 'main_loop_sleep_time': 0.002},
      'Logging': { 'excepthook': ExceptionHook(
            ExceptionHook
              Hook Type: log
              Hook Logger: SystemLogger(output_dir=./call_logs, stdout_log_level='DEBUG', stdout=True, file_log_level='DEBUG')),
                   'session_logger': SessionLogger(),
                   'system_logger': SystemLogger(output_dir=/net/projects/vystadial/data/call-logs/2013-05-30-alex-aotb-prototype/new, stdout_log_level='DEBUG', stdout=True, file_log_level='DEBUG'),
                   'system_name': u'Alex On The Bus - Live',
                   'version': u'1.0'},
      'NLG': { 'Template': { 'model': '/mnt/h/jurcicek/github/UFAL-DSG-alex-prd/alex/applications/PublicTransportInfoCS/nlg_templates.cfg'},
               'debug': True,
               'type': 'Template'},
      'PublicTransportInfoCS': { 'max_turns': 120},
      'SHub': { 'history_file': 'hub_history_shub.txt', 'history_length': 1000},
      'SLU': { 'cl-tracing': { 'cldb_fname': '/mnt/h/jurcicek/github/UFAL-DSG-alex-prd/alex/applications/CamInfoRest/data/database.py',
                               'do_preprocessing': True,
                               'features_type': ('ngram', 'ab_ngram'),
                               'testing': { 'max_examples': None,
                                            'min_perc': 80,
                                            'model_fname': '/mnt/h/jurcicek/github/UFAL-DSG-alex-prd/alex/applications/CamInfoRest/models/130516_minf60-minfc35-mind60.slu_model.gz',
                                            'renormalise': True,
                                            'threshold': None,
                                            'vanilla': True},
                               'training': { 'abstractions': ('abstract',), 'models_dir': 'models'}},
               'debug': True,
               'type': <class 'alex.applications.PublicTransportInfoCS.hdc_slu.PTICSHDCSLU'>,
               <class 'alex.applications.PublicTransportInfoCS.hdc_slu.PTICSHDCSLU'>: { 'cldb_fname': '/mnt/h/jurcicek/github/UFAL-DSG-alex-prd/alex/applications/PublicTransportInfoCS/data/database.py',
                                                                                        'preprocessing_cls': <class 'alex.applications.PublicTransportInfoCS.preprocessing.PTICSSLUPreprocessing'>,
                                                                                        'training': { 'models_dir': 'models'}}},
      'THub': { 'history_file': 'hub_history_thub.txt', 'history_length': 1000},
      'TTS': { 'Flite': { 'debug': False,
                          'preprocessing': '/mnt/h/jurcicek/github/UFAL-DSG-alex-prd/alex/resources/tts/prep_flite_en.cfg',
                          'tempo': 1.0,
                          'voice': 'kal16'},
               'Google': { 'debug': False,
                           'language': 'en',
                           'preprocessing': '/mnt/h/jurcicek/github/UFAL-DSG-alex-prd/alex/resources/tts/prep_google_en.cfg',
                           'tempo': 1.0},
               'SpeechTech': { 'debug': True,
                               'login': 'filipjurcicek',
    # this line was removed since it included a password
                               'preprocessing': '/mnt/h/jurcicek/github/UFAL-DSG-alex-prd/alex/resources/tts/prep_speechtech_cs.cfg',
                               'tempo': 1.2,
                               'voice': 'Iva210'},
               'VoiceRSS': { 'api_key': '3b6a9fca5d724b1c8ac34691586cdda1'},
               'VoiceRss': { 'language': 'en-gb',
                             'preprocessing': '/mnt/h/jurcicek/github/UFAL-DSG-alex-prd/alex/resources/tts/prep_voicerss_en.cfg',
                             'tempo': 1.0},
               'debug': True,
               'in_between_segments_silence': 0.01,
               'type': 'SpeechTech'},
      'VAD': { 'debug': False,
               'decision_frames_sil': 25,
               'decision_frames_speech': 10,
               'decision_non_speech_threshold': 0.2,
               'decision_speech_threshold': 0.7,
               'ffnn': { 'ceplifter': 22,
                         'enormalise': True,
                         'filter_length': 2,
                         'frameshift': 160,
                         'framesize': 512,
                         'frontend': 'MFCC',
                         'hifreq': 3800,
                         'lofreq': 125,
                         'model': '/mnt/h/jurcicek/github/UFAL-DSG-alex-prd/alex/resources/vad/voip/vad_sds_mfcc_is39_hu32_lf0_mfr5000000_mfl1000000_mfps50_ts0_usec01.nn',
                         'n_last_frames': 0,
                         'numceps': 12,
                         'numchans': 26,
                         'preemcoef': 0.97,
                         'useacc': True,
                         'usec0': True,
                         'usecmn': False,
                         'usedelta': True,
                         'usehamming': True,
                         'usepower': True,
                         'zmeansource': True},
               'gmm': { 'ceplifter': 22,
                        'enormalise': True,
                        'filter_length': 2,
                        'frameshift': 160,
                        'framesize': 512,
                        'frontend': 'MFCC',
                        'hifreq': 3800,
                        'lofreq': 125,
                        'n_last_frames': 0,
                        'numceps': 12,
                        'numchans': 26,
                        'preemcoef': 0.97,
                        'sil_model': '/mnt/h/jurcicek/github/UFAL-DSG-alex-prd/alex/resources/vad/voip/vad_sil_sds_mfcc_m064_f100000.gmm',
                        'speech_model': '/mnt/h/jurcicek/github/UFAL-DSG-alex-prd/alex/resources/vad/voip/vad_speech_sds_mfcc_m064_f100000.gmm',
                        'useacc': True,
                        'usec0': False,
                        'usecmn': False,
                        'usedelta': True,
                        'usehamming': True,
                        'usepower': True,
                        'zmeansource': True},
               'power': { 'adaptation_frames': 30, 'threshold': 70, 'threshold_multiplier': 1.0},
               'speech_buffer_frames': 25,
               'type': 'ffnn'},
      'VoipHub': { 'blacklist_for': 7200,
                   'call_db': u'/net/projects/vystadial/data/call-logs/2013-05-30-alex-aotb-prototype/new/call_db.pckl',
                   'hard_time_limit': 360,
                   'hard_turn_limit': 120,
                   'history_length': 1000,
                   'last_period_max_num_calls': 20,
                   'last_period_max_total_time': 1800,
                   'limit_reached_message': u'D\u011bkujeme za zavol\xe1n\xed, ale u\u017e jste volali hodn\u011b. Pros\xedm zavolejte pozd\u011bji. Na shledanou.',
                   'period': 172800,
                   'pid_file': u'/net/projects/vystadial/data/call-logs/2013-05-30-alex-aotb-prototype/new/vhub_live.pid',
                   'wait_time_before_calling_back': 10},
      'VoipIO': { 'allowed_hosts': '',
                  'allowed_phone_numbers': '(^[234567])',
                  'allowed_users': '(^[234567])',
                  'debug': True,
                  'domain': 'vystadial.ms.mff.cuni.cz',
                  'forbidden_hosts': '',
                  'forbidden_phone_number': '(^112$|^150$|^155$|^156$|^158$)',
                  'forbidden_users': '(^112$|^150$|^155$|^156$|^158$)',
    # this line was removed since it included a password
                  'pjsip_log_level': 3,
                  'reject_calls': False,
                  'user': '800899998'},
      'WebHub': { 'port': 8000},
      'corpustools': { 'get_jasr_confnets': { 'frame_size': 256, 'rt_ratio': 0.2}}}

2013-09-26-17-14-32.661092-CEST  VoipIO-1   : DEBUG      
    VoipIO::on_call_confirmed

2013-09-26-17-14-32.692734-CEST  MainProcess : INFO       
    #24179  Time: 2013-09-26-17-14-32.630206-CEST From: VoipIO     To: HUB        Command: call_connecting(remote_uri="777722785") 

2013-09-26-17-14-32.699566-CEST  MainProcess : INFO       
    #24180  Time: 2013-09-26-17-14-32.661923-CEST From: VoipIO     To: HUB        Command: call_confirmed(remote_uri="777722785") 

2013-09-26-17-14-32.705771-CEST  MainProcess : INFO       
    
    ========================================================================================================================
    Incoming call from :          777722785
    ------------------------------------------------------------------------------------------------------------------------
    Total calls:                  0
    Total time (min):             0.0
    Last period total calls:      0
    Last period total time (min): 0.0
    ------------------------------------------------------------------------------------------------------------------------
    CALL ACCEPTED
    ========================================================================================================================
    

2013-09-26-17-14-32.709218-CEST  DM-5       : DEBUG      
    #24181  Time: 2013-09-26-17-14-32.703313-CEST From: HUB        To: DM         Command: new_dialogue() 

2013-09-26-17-14-32.721447-CEST  DM-5       : DEBUG      
    DM Output
    ------------------------------------------------------------
    hello()
    

2013-09-26-17-14-32.729692-CEST  MainProcess : INFO       
    #24183  Time: 2013-09-26-17-14-32.726371-CEST From: DM         To: HUB        DA: hello() 

2013-09-26-17-14-32.734158-CEST  NLG-6      : DEBUG      
    #24186  Time: 2013-09-26-17-14-32.731529-CEST From: HUB        To: NLG        DA: hello() 

2013-09-26-17-14-32.737269-CEST  NLG-6      : DEBUG      
    NLG Output
    ------------------------------------------------------------
    Dobrý den. Hovor je nahráván. Více informací o této službě je na internetu. Jak Vám mohu pomoci. 
    

2013-09-26-17-14-32.746543-CEST  MainProcess : INFO       
    #24187  Time: 2013-09-26-17-14-32.742549-CEST From: NLG        To: HUB        Command: nlg_text_generated() 

2013-09-26-17-14-32.749789-CEST  MainProcess : INFO       
    #24189  Time: 2013-09-26-17-14-32.743053-CEST From: TTS        To: HUB        Command: tts_start(user_id="None",text="Dobrý den. Hovor je nahráván. Více informací o této službě je na internetu. Jak Vám mohu pomoci. ") 

2013-09-26-17-14-32.754973-CEST  MainProcess : INFO       
    #24191  Time: 2013-09-26-17-14-32.744140-CEST From: VoipIO     To: HUB        Command: play_utterance_start(user_id="None",fname="tts-2013-09-26-17-14-32.742927.wav") 

2013-09-26-17-14-32.828046-CEST  MainProcess : INFO       
    #24612  Time: 2013-09-26-17-14-32.823325-CEST From: TTS        To: HUB        Command: tts_end(user_id="None",text="Dobrý den. Hovor je nahráván. Více informací o této službě je na internetu. Jak Vám mohu pomoci. ",fname="tts-2013-09-26-17-14-32.742927.wav",log="true") 

2013-09-26-17-14-35.761019-CEST  MainProcess : INFO       
    #24798  Time: 2013-09-26-17-14-35.757961-CEST From: VAD        To: HUB        Command: speech_start(fname="vad-2013-09-26-17-14-35.748285.wav") 

2013-09-26-17-14-35.764858-CEST  ASR-3      : DEBUG      
    ASR: speech_start(fname="vad-2013-09-26-17-14-35.748285.wav")

2013-09-26-17-14-35.767875-CEST  MainProcess : INFO       
    #24799  Time: 2013-09-26-17-14-35.758531-CEST From: ASR        To: HUB        Command: asr_start(fname="vad-2013-09-26-17-14-35.748285.wav") 

2013-09-26-17-14-36.192465-CEST  ASR-3      : DEBUG      
    ASR: speech_end(fname="vad-2013-09-26-17-14-35.748285.wav")

2013-09-26-17-14-36.195828-CEST  MainProcess : INFO       
    #24829  Time: 2013-09-26-17-14-36.189383-CEST From: VAD        To: HUB        Command: speech_end(fname="vad-2013-09-26-17-14-35.748285.wav") 

2013-09-26-17-14-36.433672-CEST  ASR-3      : DEBUG      
    ASR Hypothesis
    ------------------------------------------------------------
    1.000 __silence__
    0.000 __other__
    

2013-09-26-17-14-36.444472-CEST  SLU-4      : DEBUG      
    SLU Hypothesis
    ------------------------------------------------------------
    1.000 silence()
    

2013-09-26-17-14-36.448373-CEST  MainProcess : INFO       
    #24844  Time: 2013-09-26-17-14-36.440085-CEST From: ASR        To: HUB        Command: asr_end(fname="vad-2013-09-26-17-14-35.748285.wav") 

2013-09-26-17-14-36.455276-CEST  DM-5       : DEBUG      
    DDDState Dialogue Act in: silence()

2013-09-26-17-14-36.458637-CEST  MainProcess : INFO       
    #24848  Time: 2013-09-26-17-14-36.451138-CEST From: SLU        To: HUB        Command: slu_parsed(fname="vad-2013-09-26-17-14-35.748285.wav") 

2013-09-26-17-14-36.461602-CEST  DM-5       : DEBUG      
    Context Resolution - Dialogue Act: silence()

2013-09-26-17-14-36.464574-CEST  DM-5       : DEBUG      
    DDDState - Dialogue state content:
    
    ludait = silence
    silence_time = 0.0
    
    
    
    

2013-09-26-17-14-36.467630-CEST  DM-5       : DEBUG      
    DDDState - Dialogue state update
    
    Requested slots:
    {}
    Confirmed slots:
    {}
    Non-informed slots:
    {u'silence_time': 0.0}

2013-09-26-17-14-36.484201-CEST  DM-5       : DEBUG      
    DM Output
    ------------------------------------------------------------
    silence()
    

2013-09-26-17-14-36.494858-CEST  MainProcess : INFO       
    #24850  Time: 2013-09-26-17-14-36.490393-CEST From: DM         To: HUB        DA: silence() 

2013-09-26-17-14-39.335183-CEST  MainProcess : INFO       
    #25007  Time: 2013-09-26-17-14-38.946603-CEST From: VoipIO     To: HUB        Command: play_utterance_end(user_id="None",fname="tts-2013-09-26-17-14-32.742927.wav) 

2013-09-26-17-14-41.671294-CEST  VoipIO-1   : DEBUG      
    CallCallback::on_state : Call with "777722785" <sip:777722785@195.113.20.160> is DISCONNCTD last code = 200 (Normal call clearing)

2013-09-26-17-14-41.693852-CEST  VoipIO-1   : DEBUG      
    VoipIO::on_call_disconnected

2013-09-26-17-14-41.698676-CEST  MainProcess : INFO       
    #25176  Time: 2013-09-26-17-14-41.694829-CEST From: VoipIO     To: HUB        Command: call_disconnected(remote_uri="777722785") 

