2013-07-24-08-06-57.111699-CEST  VoipIO-1   : DEBUG      
    CallCallback::on_state : Call with "774583694" <sip:774583694@195.113.20.160> is CONNECTING last code = 200 (OK)

2013-07-24-08-06-57.117790-CEST  VoipIO-1   : DEBUG      
    VoipIO::on_call_connecting

2013-07-24-08-06-57.123442-CEST  VoipIO-1   : DEBUG      
    CallCallback::on_state : Call with "774583694" <sip:774583694@195.113.20.160> is CONFIRMED last code = 200 (OK)

2013-07-24-08-06-57.144619-CEST  MainProcess : SYSTEM-LOG 
    config = { 'ASR': { 'Google': { 'debug': False, 'language': 'cs', 'maxresults': 20},
               'Julius': { 'adinnetport': 5530,
                           'binary': '/usr/local/bin/julius',
                           'debug': False,
                           'hostname': 'localhost',
                           'jconf': { '-adport': '5530',
                                      '-b': '1000',
                                      '-b2': '100',
                                      '-cmnload': 'cmn.param',
                                      '-cmnmapweight': '200',
                                      '-cmnsave': 'cmn.param',
                                      '-confnet': '',
                                      '-fallback1pass': '',
                                      '-gprune': 'safe',
                                      '-h': '/mnt/h/jurcicek/vystadial-git/alex/resources/asr/voip_en/hmmdefs',
                                      '-hlist': '/mnt/h/jurcicek/vystadial-git/alex/resources/asr/voip_en/tiedlist',
                                      '-htkconf': '/mnt/h/jurcicek/vystadial-git/alex/resources/asr/voip_en/config',
                                      '-input': 'adinnet',
                                      '-iwsp': '',
                                      '-iwsppenalty': '0.0',
                                      '-lmp': '15.0 0.0',
                                      '-lmp2': '15.0 0.0',
                                      '-mapunk': 'UM',
                                      '-module': '10500',
                                      '-n': '50',
                                      '-nlr': '/mnt/h/jurcicek/vystadial-git/alex/resources/lm/caminfo/julius_arpa_bigram',
                                      '-no_ccd': '',
                                      '-nrl': '/mnt/h/jurcicek/vystadial-git/alex/resources/lm/caminfo/julius_arpa_rev_bigram',
                                      '-silhead': '<s>',
                                      '-siltail': '</s>',
                                      '-spmodel': 'sp',
                                      '-tmix': '4',
                                      '-v': '/mnt/h/jurcicek/vystadial-git/alex/resources/lm/caminfo/julius_dict'},
                           'jconffile': 'julius.jconf',
                           'killall': False,
                           'logfile': 'julius.log',
                           'msg_timeout': 0.3,
                           'pidfile': 'julius.pid',
                           'reuse_server': False,
                           'serverport': 10500,
                           'start_max_wait_time': 15,
                           'start_wait_time': 0.5,
                           'timeout': 2.0},
               'Kaldi': { 'LM_scale': -6666.66,
                          'hypothesis_type': 'nblist',
                          'lat_depth': 666666,
                          'model': 'TODO_path_to_model'},
               'debug': True,
               'type': 'Google'},
      'AlexOnTheBus': { 'max_turns': 120},
      'Analytics': Analytics(account_id='UA-41905278-1', domain_name='cuni.cz'),
      'Audio': { 'sample_rate': 16000, 'samples_per_frame': 256},
      'AudioIO': { 'debug': True, 'output_dir': './aio_call_log', 'play_buffer_size': 1024},
      'DM': { 'PUfalRuleDM': { 'code_submit_url': None,
                               'db_cfg': '/mnt/h/jurcicek/vystadial-git/alex/resources/../applications/CamInfoRest/cued_data/CIRdbase_V7_noloc.txt',
                               'ontology': '/mnt/h/jurcicek/vystadial-git/alex/resources/../applications/CamInfoRest/ontology.cfg',
                               'provide_code': False},
              'UfalRuleDM': { 'code_submit_url': None,
                              'db_cfg': '/mnt/h/jurcicek/vystadial-git/alex/resources/../applications/CamInfoRest/cued_data/CIRdbase_V7_noloc.txt',
                              'ontology': '/mnt/h/jurcicek/vystadial-git/alex/resources/../applications/CamInfoRest/ontology.cfg',
                              'provide_code': False},
              'basic': { 'debug': True, 'silence_timeout': 10.0},
              'debug': True,
              'dialogue_policy': { 'type': <class 'alex.applications.AlexOnTheBus.aotb_hdc_policy.AOTBHDCPolicy'>},
              'dialogue_state': { 'type': <class 'alex.components.dm.dddstate.DeterministicDiscriminativeDialogueState'>},
              'input_timeout': 3.0,
              'ontology': '/mnt/h/jurcicek/vystadial-git/alex/applications/AlexOnTheBus/data/ontology.py',
              'type': 'basic'},
      'General': { 'debug': False, 'include': ['/mnt/h/jurcicek/vystadial-git/alex/resources/private/default.cfg']},
      'Hub': { 'history_file': 'hub_history_hub.txt', 'history_length': 1000, 'main_loop_sleep_time': 0.002},
      'Logging': { 'excepthook': ExceptionHook(
            ExceptionHook
              Hook Type: log
              Hook Logger: SystemLogger(output_dir=./call_logs, stdout_log_level='DEBUG', stdout=True, file_log_level='DEBUG')),
                   'session_logger': SessionLogger(),
                   'system_logger': SystemLogger(output_dir=/net/projects/vystadial/data/call-logs/2013-05-30-alex-aotb-prototype/new, stdout_log_level='DEBUG', stdout=True, file_log_level='DEBUG'),
                   'system_name': u'Alex On The Bus - Live',
                   'version': u'1.0'},
      'NLG': { 'Template': { 'model': '/mnt/h/jurcicek/vystadial-git/alex/applications/AlexOnTheBus/nlg_templates.cfg'},
               'debug': True,
               'type': 'Template'},
      'SHub': { 'history_file': 'hub_history_shub.txt', 'history_length': 1000},
      'SLU': { 'cl-tracing': { 'cldb_fname': '/mnt/h/jurcicek/vystadial-git/alex/applications/CamInfoRest/data/database.py',
                               'do_preprocessing': True,
                               'features_type': ('ngram', 'ab_ngram'),
                               'testing': { 'max_examples': None,
                                            'min_perc': 80,
                                            'model_fname': '/mnt/h/jurcicek/vystadial-git/alex/applications/CamInfoRest/models/130516_minf60-minfc35-mind60.slu_model.gz',
                                            'renormalise': True,
                                            'threshold': None,
                                            'vanilla': True},
                               'training': { 'abstractions': ('abstract',), 'models_dir': 'models'}},
               'debug': True,
               'type': <class 'alex.applications.AlexOnTheBus.aotb_slu.AOTBSLU'>,
               <class 'alex.applications.AlexOnTheBus.aotb_slu.AOTBSLU'>: { 'cldb_fname': '/mnt/h/jurcicek/vystadial-git/alex/applications/AlexOnTheBus/data/database.py',
                                                                            'preprocessing_cls': <class 'alex.applications.AlexOnTheBus.aotb_preprocessing.AOTBSLUPreprocessing'>,
                                                                            'training': { 'models_dir': 'models'}}},
      'THub': { 'history_file': 'hub_history_thub.txt', 'history_length': 1000},
      'TTS': { 'Flite': { 'debug': False,
                          'preprocessing': '/mnt/h/jurcicek/vystadial-git/alex/resources/tts/prep_flite_en.cfg',
                          'voice': 'kal16'},
               'Google': { 'debug': False,
                           'language': 'en',
                           'preprocessing': '/mnt/h/jurcicek/vystadial-git/alex/resources/tts/prep_google_en.cfg'},
               'SpeechTech': { 'debug': True,
                               'login': 'filipjurcicek',
    # this line was removed since it included a password
                               'preprocessing': '/mnt/h/jurcicek/vystadial-git/alex/resources/tts/prep_speechtech_cs.cfg',
                               'voice': 'Iva210'},
               'VoiceRSS': { 'api_key': '3b6a9fca5d724b1c8ac34691586cdda1'},
               'VoiceRss': { 'language': 'en-gb',
                             'preprocessing': '/mnt/h/jurcicek/vystadial-git/alex/resources/tts/prep_voicerss_en.cfg'},
               'debug': True,
               'in_between_segments_silence': 0.1,
               'type': 'SpeechTech'},
      'VAD': { 'debug': False,
               'decision_frames_sil': 25,
               'decision_frames_speech': 10,
               'decision_non_speech_threshold': 0.2,
               'decision_speech_threshold': 0.7,
               'gmm': { 'ceplifter': 22,
                        'enormalise': True,
                        'filter_length': 5,
                        'frameshift': 160,
                        'framesize': 512,
                        'frontend': 'MFCC',
                        'hifreq': 3800,
                        'lofreq': 125,
                        'numceps': 12,
                        'numchans': 26,
                        'preemcoef': 0.97,
                        'sil_model': '/mnt/h/jurcicek/vystadial-git/alex/resources/vad/voip_en/vad_sil_sds_mfcc_m064_f100000.gmm',
                        'speech_model': '/mnt/h/jurcicek/vystadial-git/alex/resources/vad/voip_en/vad_speech_sds_mfcc_m064_f100000.gmm',
                        'useacc': True,
                        'usec0': False,
                        'usecmn': False,
                        'usedelta': True,
                        'usehamming': True,
                        'usepower': True,
                        'zmeansource': True},
               'power': { 'adaptation_frames': 30, 'threshold': 70, 'threshold_multiplier': 1.0},
               'speech_buffer_frames': 20,
               'type': 'gmm'},
      'VoipHub': { 'blacklist_for': 7200,
                   'call_db': u'/net/projects/vystadial/data/call-logs/2013-05-30-alex-aotb-prototype/new/call_db.pckl',
                   'hard_time_limit': 360,
                   'hard_turn_limit': 120,
                   'history_length': 1000,
                   'last_period_max_num_calls': 20,
                   'last_period_max_total_time': 1800,
                   'limit_reached_message': u'D\u011bkujeme za zavol\xe1n\xed, ale u\u017e jste volali hodn\u011b. Pros\xedm zavolejte pozd\u011bji. Na shledanou.',
                   'period': 172800,
                   'pid_file': u'/net/projects/vystadial/data/call-logs/2013-05-30-alex-aotb-prototype/new/vhub_live.pid',
                   'wait_time_before_calling_back': 10},
      'VoipIO': { 'allowed_hosts': '',
                  'allowed_phone_numbers': '(^[234567])',
                  'allowed_users': '(^[234567])',
                  'debug': True,
                  'domain': 'vystadial.ms.mff.cuni.cz',
                  'forbidden_hosts': '',
                  'forbidden_phone_number': '(^112$|^150$|^155$|^156$|^158$)',
                  'forbidden_users': '(^112$|^150$|^155$|^156$|^158$)',
    # this line was removed since it included a password
                  'pjsip_log_level': 3,
                  'reject_calls': False,
                  'user': '800899998'},
      'WebHub': { 'port': 8000},
      'corpustools': { 'get_jasr_confnets': { 'frame_size': 256, 'rt_ratio': 0.2}}}

2013-07-24-08-06-57.161596-CEST  VoipIO-1   : DEBUG      
    VoipIO::on_call_confirmed

2013-07-24-08-06-57.208672-CEST  MainProcess : INFO       
    #196385 Time: 2013-07-24-08-06-57.119065-CEST From: VoipIO     To: HUB        Command: call_connecting(remote_uri="774583694") 

2013-07-24-08-06-57.217060-CEST  MainProcess : INFO       
    #196386 Time: 2013-07-24-08-06-57.162932-CEST From: VoipIO     To: HUB        Command: call_confirmed(remote_uri="774583694") 

2013-07-24-08-06-57.230389-CEST  MainProcess : INFO       
    
    ========================================================================================================================
    Incoming call from :          774583694
    ------------------------------------------------------------------------------------------------------------------------
    Total calls:                  0
    Total time (min):             0.0
    Last period total calls:      0
    Last period total time (min): 0.0
    ------------------------------------------------------------------------------------------------------------------------
    CALL ACCEPTED
    ========================================================================================================================
    

2013-07-24-08-06-57.237307-CEST  DM-5       : DEBUG      
    #196387 Time: 2013-07-24-08-06-57.221542-CEST From: HUB        To: DM         Command: new_dialogue() 

2013-07-24-08-06-57.257869-CEST  DM-5       : DEBUG      
    DM Output
    ------------------------------------------------------------
    hello()
    

2013-07-24-08-06-57.270011-CEST  MainProcess : INFO       
    #196390 Time: 2013-07-24-08-06-57.266293-CEST From: DM         To: HUB        DA: hello() 

2013-07-24-08-06-57.277233-CEST  NLG-6      : DEBUG      
    #196391 Time: 2013-07-24-08-06-57.272776-CEST From: HUB        To: NLG        DA: hello() 

2013-07-24-08-06-57.281746-CEST  NLG-6      : DEBUG      
    NLG Output
    ------------------------------------------------------------
    Dobrý den, dovolali jste se na informace o veřejné dopravě v Praze. Tato experimentální služba je poskytována laboratoří výzkumu hlasových dialogových systémů na Ústavu Formální a Aplikované Lingvistiky na Karlově Univerzitě. Hovor je nahráván. Více informací o této službě je na internetu. Jak Vám mohu pomoci. Můžete například říct chtěl bych jet z Malostranského náměstí na Zličín.
    

2013-07-24-08-06-57.293584-CEST  MainProcess : INFO       
    #196393 Time: 2013-07-24-08-06-57.288926-CEST From: NLG        To: HUB        Command: nlg_text_generated() 

2013-07-24-08-06-57.298251-CEST  MainProcess : INFO       
    #196395 Time: 2013-07-24-08-06-57.289811-CEST From: TTS        To: HUB        Command: tts_start(user_id="None",text="Dobrý den, dovolali jste se na informace o veřejné dopravě v Praze. Tato experimentální služba je poskytována laboratoří výzkumu hlasových dialogových systémů na Ústavu Formální a Aplikované Lingvistiky na Karlově Univerzitě. Hovor je nahráván. Více informací o této službě je na internetu. Jak Vám mohu pomoci. Můžete například říct chtěl bych jet z Malostranského náměstí na Zličín.") 

2013-07-24-08-06-57.923063-CEST  MainProcess : INFO       
    #196398 Time: 2013-07-24-08-06-57.305615-CEST From: VoipIO     To: HUB        Command: play_utterance_start(user_id="None",fname="tts-2013-07-24-08-06-57.289622.wav") 

2013-07-24-08-06-58.523936-CEST  MainProcess : INFO       
    #198208 Time: 2013-07-24-08-06-58.507890-CEST From: TTS        To: HUB        Command: tts_end(user_id="None",text="Dobrý den, dovolali jste se na informace o veřejné dopravě v Praze. Tato experimentální služba je poskytována laboratoří výzkumu hlasových dialogových systémů na Ústavu Formální a Aplikované Lingvistiky na Karlově Univerzitě. Hovor je nahráván. Více informací o této službě je na internetu. Jak Vám mohu pomoci. Můžete například říct chtěl bych jet z Malostranského náměstí na Zličín.",fname="tts-2013-07-24-08-06-57.289622.wav",log="true") 

2013-07-24-08-07-26.300728-CEST  MainProcess : INFO       
    #199971 Time: 2013-07-24-08-07-26.102339-CEST From: VoipIO     To: HUB        Command: play_utterance_end(user_id="None",fname="tts-2013-07-24-08-06-57.289622.wav) 

2013-07-24-08-07-29.309782-CEST  DM-5       : DEBUG      
    #200170 Time: 2013-07-24-08-07-29.303805-CEST From: HUB        To: DM         Command: timeout(silence_time="3.002") 

2013-07-24-08-07-29.314311-CEST  DM-5       : DEBUG      
    DDDState Dialogue Act in: silence(time="3.002")

2013-07-24-08-07-29.318611-CEST  DM-5       : DEBUG      
    Context Resolution - Dialogue Act: silence(time="3.002")

2013-07-24-08-07-29.322977-CEST  DM-5       : DEBUG      
    DDDState - Dialogue state content:
    
    ludait = silence
    silence_time = 3.002
    
    
    
    

2013-07-24-08-07-29.327075-CEST  DM-5       : DEBUG      
    DDDState - Dialogue state update
    
    Requested slots:
    {}
    Confirmed slots:
    {}
    Non-informed slots:
    {u'silence_time': 3.002}

2013-07-24-08-07-29.331499-CEST  DM-5       : DEBUG      
    DM Output
    ------------------------------------------------------------
    silence()
    

2013-07-24-08-07-29.351812-CEST  MainProcess : INFO       
    #200174 Time: 2013-07-24-08-07-29.347967-CEST From: DM         To: HUB        DA: silence() 

2013-07-24-08-07-29.383143-CEST  MainProcess : INFO       
    #200178 Time: 2013-07-24-08-07-29.378898-CEST From: VAD        To: HUB        Command: speech_start(fname="vad-2013-07-24-08-07-29.354144.wav") 

2013-07-24-08-07-29.388069-CEST  ASR-3      : DEBUG      
    ASR: speech_start(fname="vad-2013-07-24-08-07-29.354144.wav")

2013-07-24-08-07-29.392928-CEST  MainProcess : INFO       
    #200179 Time: 2013-07-24-08-07-29.381041-CEST From: ASR        To: HUB        Command: asr_start(fname="vad-2013-07-24-08-07-29.354144.wav") 

2013-07-24-08-07-32.506033-CEST  ASR-3      : DEBUG      
    ASR: speech_end(fname="vad-2013-07-24-08-07-29.354144.wav")

2013-07-24-08-07-32.510710-CEST  MainProcess : INFO       
    #200378 Time: 2013-07-24-08-07-32.501907-CEST From: VAD        To: HUB        Command: speech_end(fname="vad-2013-07-24-08-07-29.354144.wav") 

2013-07-24-08-07-33.285838-CEST  ASR-3      : DEBUG      
    ASR Hypothesis
    ------------------------------------------------------------
    0.788 chtěl bych jet z ryby přemýšlení
    0.026 chtěl bych něco z ryby přemýšlení
    0.025 chtěl bych z ryby přemýšlení
    0.023 chtěl bych aby přemýšlení
    0.021 chtěl bych jet z huby přemýšlení
    0.019 chtěl bych jedno z ryby přemýšlení
    0.018 chtěl bych jet z ryby přemyšlení
    0.016 chtěl bych jet z ryby a přemýšlení
    0.014 chtěl bych jeden z ryby přemýšlení
    0.012 chtěl bych jet z nivy přemýšlení
    0.011 chtěl bych chtěl by přemýšlení
    0.009 chtěl bych jet přemýšlení
    0.007 chtěl bych něco z huby přemýšlení
    0.005 chtěl bych jet z ryby přemýšlení o
    0.004 chtěl bych něco z ryby přemyšlení
    0.002 chtěl bych něco z ryby a přemýšlení
    0.000 __other__
    

2013-07-24-08-07-33.306327-CEST  MainProcess : INFO       
    #200429 Time: 2013-07-24-08-07-33.302036-CEST From: ASR        To: HUB        Command: asr_end(fname="vad-2013-07-24-08-07-29.354144.wav") 

2013-07-24-08-07-34.315143-CEST  SLU-4      : DEBUG      
    SLU Hypothesis
    ------------------------------------------------------------
    1.000 other()
    

2013-07-24-08-07-34.333206-CEST  MainProcess : INFO       
    #200492 Time: 2013-07-24-08-07-34.328797-CEST From: SLU        To: HUB        Command: slu_parsed(fname="vad-2013-07-24-08-07-29.354144.wav") 

2013-07-24-08-07-34.338433-CEST  DM-5       : DEBUG      
    DDDState Dialogue Act in: other()

2013-07-24-08-07-34.343207-CEST  DM-5       : DEBUG      
    Context Resolution - Dialogue Act: other()

2013-07-24-08-07-34.348155-CEST  DM-5       : DEBUG      
    DDDState - Dialogue state content:
    
    ludait = other
    silence_time = 0.0
    
    
    
    

2013-07-24-08-07-34.352857-CEST  DM-5       : DEBUG      
    DDDState - Dialogue state update
    
    Requested slots:
    {}
    Confirmed slots:
    {}
    Non-informed slots:
    {u'silence_time': 0.0}

2013-07-24-08-07-34.388512-CEST  DM-5       : DEBUG      
    DM Output
    ------------------------------------------------------------
    notunderstood()&help(repeat)
    

2013-07-24-08-07-34.413109-CEST  MainProcess : INFO       
    #200500 Time: 2013-07-24-08-07-34.407746-CEST From: DM         To: HUB        DA: notunderstood()&help(repeat) 

2013-07-24-08-07-34.420530-CEST  NLG-6      : DEBUG      
    #200502 Time: 2013-07-24-08-07-34.415181-CEST From: HUB        To: NLG        DA: notunderstood()&help(repeat) 

2013-07-24-08-07-34.425314-CEST  NLG-6      : DEBUG      
    NLG Output
    ------------------------------------------------------------
    Promiňte, nerozuměla jsem. Můžete to zopakovat? Můžete mě požádat o zopakování poslední věty.
    

2013-07-24-08-07-34.448518-CEST  MainProcess : INFO       
    #200505 Time: 2013-07-24-08-07-34.444609-CEST From: NLG        To: HUB        Command: nlg_text_generated() 

2013-07-24-08-07-34.455769-CEST  MainProcess : INFO       
    #200508 Time: 2013-07-24-08-07-34.450289-CEST From: TTS        To: HUB        Command: tts_start(user_id="None",text="Promiňte, nerozuměla jsem. Můžete to zopakovat? Můžete mě požádat o zopakování poslední věty.") 

2013-07-24-08-07-34.499150-CEST  MainProcess : INFO       
    #200511 Time: 2013-07-24-08-07-34.460490-CEST From: VoipIO     To: HUB        Command: play_utterance_start(user_id="None",fname="tts-2013-07-24-08-07-34.446074.wav") 

2013-07-24-08-07-34.697186-CEST  MainProcess : INFO       
    #201012 Time: 2013-07-24-08-07-34.691321-CEST From: TTS        To: HUB        Command: tts_end(user_id="None",text="Promiňte, nerozuměla jsem. Můžete to zopakovat? Můžete mě požádat o zopakování poslední věty.",fname="tts-2013-07-24-08-07-34.446074.wav",log="true") 

2013-07-24-08-07-40.198686-CEST  ASR-3      : DEBUG      
    ASR: speech_start(fname="vad-2013-07-24-08-07-40.168287.wav")

2013-07-24-08-07-40.203757-CEST  MainProcess : INFO       
    #201359 Time: 2013-07-24-08-07-40.193308-CEST From: VAD        To: HUB        Command: speech_start(fname="vad-2013-07-24-08-07-40.168287.wav") 

2013-07-24-08-07-40.210385-CEST  MainProcess : INFO       
    #201360 Time: 2013-07-24-08-07-40.194754-CEST From: ASR        To: HUB        Command: asr_start(fname="vad-2013-07-24-08-07-40.168287.wav") 

2013-07-24-08-07-40.517994-CEST  MainProcess : INFO       
    #201382 Time: 2013-07-24-08-07-40.512677-CEST From: VAD        To: HUB        Command: speech_end(fname="vad-2013-07-24-08-07-40.168287.wav") 

2013-07-24-08-07-40.523111-CEST  ASR-3      : DEBUG      
    ASR: speech_end(fname="vad-2013-07-24-08-07-40.168287.wav")

2013-07-24-08-07-40.859333-CEST  ASR-3      : DEBUG      
    ASR Hypothesis
    ------------------------------------------------------------
    1.000 __silence__
    0.000 __other__
    

2013-07-24-08-07-40.883008-CEST  MainProcess : INFO       
    #201405 Time: 2013-07-24-08-07-40.878193-CEST From: ASR        To: HUB        Command: asr_end(fname="vad-2013-07-24-08-07-40.168287.wav") 

2013-07-24-08-07-40.887732-CEST  SLU-4      : DEBUG      
    SLU Hypothesis
    ------------------------------------------------------------
    1.000 silence()
    

2013-07-24-08-07-40.910837-CEST  MainProcess : INFO       
    #201409 Time: 2013-07-24-08-07-40.906681-CEST From: SLU        To: HUB        Command: slu_parsed(fname="vad-2013-07-24-08-07-40.168287.wav") 

2013-07-24-08-07-40.915077-CEST  DM-5       : DEBUG      
    DDDState Dialogue Act in: silence()

2013-07-24-08-07-40.919618-CEST  DM-5       : DEBUG      
    Context Resolution - Dialogue Act: silence()

2013-07-24-08-07-40.924452-CEST  DM-5       : DEBUG      
    DDDState - Dialogue state content:
    
    ludait = silence
    alternative = none
    route_alternative = none
    silence_time = 0.0
    
    
    
    

2013-07-24-08-07-40.929388-CEST  DM-5       : DEBUG      
    DDDState - Dialogue state update
    
    Requested slots:
    {}
    Confirmed slots:
    {}
    Non-informed slots:
    {u'silence_time': 0.0}

2013-07-24-08-07-40.970076-CEST  DM-5       : DEBUG      
    DM Output
    ------------------------------------------------------------
    silence()
    

2013-07-24-08-07-40.998921-CEST  MainProcess : INFO       
    #201417 Time: 2013-07-24-08-07-40.993864-CEST From: DM         To: HUB        DA: silence() 

2013-07-24-08-07-42.377522-CEST  MainProcess : INFO       
    #201504 Time: 2013-07-24-08-07-42.340140-CEST From: VoipIO     To: HUB        Command: play_utterance_end(user_id="None",fname="tts-2013-07-24-08-07-34.446074.wav) 

2013-07-24-08-07-43.625037-CEST  MainProcess : INFO       
    #201586 Time: 2013-07-24-08-07-43.621129-CEST From: VAD        To: HUB        Command: speech_start(fname="vad-2013-07-24-08-07-43.590893.wav") 

2013-07-24-08-07-43.629948-CEST  ASR-3      : DEBUG      
    ASR: speech_start(fname="vad-2013-07-24-08-07-43.590893.wav")

2013-07-24-08-07-43.635551-CEST  MainProcess : INFO       
    #201587 Time: 2013-07-24-08-07-43.621732-CEST From: ASR        To: HUB        Command: asr_start(fname="vad-2013-07-24-08-07-43.590893.wav") 

2013-07-24-08-07-47.875998-CEST  MainProcess : INFO       
    #201854 Time: 2013-07-24-08-07-47.870777-CEST From: VAD        To: HUB        Command: speech_end(fname="vad-2013-07-24-08-07-43.590893.wav") 

2013-07-24-08-07-47.880611-CEST  ASR-3      : DEBUG      
    ASR: speech_end(fname="vad-2013-07-24-08-07-43.590893.wav")

2013-07-24-08-07-48.425847-CEST  MainProcess : INFO       
    #201890 Time: 2013-07-24-08-07-48.420713-CEST From: VAD        To: HUB        Command: speech_start(fname="vad-2013-07-24-08-07-48.384180.wav") 

2013-07-24-08-07-49.233639-CEST  ASR-3      : DEBUG      
    ASR Hypothesis
    ------------------------------------------------------------
    0.698 ano ano chtěl bych jet z ryby přemýšlení
    0.086 ano chtěl bych jet z ryby přemýšlení
    0.072 ano ano chtěl bych jet ze zdi by přemýšlení
    0.057 ano ano chtěl bych jet z stibi přemýšlení
    0.043 ano ano chtěl bych jet ze zdi byly přemýšlení
    0.029 ano ano chtěl bych jet ze stavby přemýšlení
    0.014 ano ano chtěl bych jet z nivy přemýšlení
    0.000 __other__
    

2013-07-24-08-07-49.267739-CEST  MainProcess : INFO       
    #201944 Time: 2013-07-24-08-07-49.261361-CEST From: ASR        To: HUB        Command: asr_end(fname="vad-2013-07-24-08-07-43.590893.wav") 

2013-07-24-08-07-49.271803-CEST  ASR-3      : DEBUG      
    ASR: speech_start(fname="vad-2013-07-24-08-07-48.384180.wav")

2013-07-24-08-07-49.276953-CEST  MainProcess : INFO       
    #201946 Time: 2013-07-24-08-07-49.265064-CEST From: ASR        To: HUB        Command: asr_start(fname="vad-2013-07-24-08-07-48.384180.wav") 

2013-07-24-08-07-49.718861-CEST  SLU-4      : DEBUG      
    SLU Hypothesis
    ------------------------------------------------------------
    1.000 affirm()
    

2013-07-24-08-07-49.743175-CEST  DM-5       : DEBUG      
    DDDState Dialogue Act in: affirm()

2013-07-24-08-07-49.747843-CEST  MainProcess : INFO       
    #201975 Time: 2013-07-24-08-07-49.737992-CEST From: SLU        To: HUB        Command: slu_parsed(fname="vad-2013-07-24-08-07-43.590893.wav") 

2013-07-24-08-07-49.752297-CEST  DM-5       : DEBUG      
    Context Resolution - Dialogue Act: affirm()

2013-07-24-08-07-49.756983-CEST  DM-5       : DEBUG      
    DDDState - Dialogue state content:
    
    ludait = none
    alternative = none
    route_alternative = none
    silence_time = 0.0
    
    
    
    

2013-07-24-08-07-49.761333-CEST  DM-5       : DEBUG      
    DDDState - Dialogue state update
    
    Requested slots:
    {}
    Confirmed slots:
    {}
    Non-informed slots:
    {u'silence_time': 0.0}

2013-07-24-08-07-49.869807-CEST  DM-5       : DEBUG      
    DM Output
    ------------------------------------------------------------
    request(from_stop)&request(to_stop)
    

2013-07-24-08-07-49.894377-CEST  MainProcess : INFO       
    #201987 Time: 2013-07-24-08-07-49.889118-CEST From: DM         To: HUB        DA: request(from_stop)&request(to_stop) 

2013-07-24-08-07-49.902408-CEST  NLG-6      : DEBUG      
    #201989 Time: 2013-07-24-08-07-49.897089-CEST From: HUB        To: NLG        DA: request(from_stop)&request(to_stop) 

2013-07-24-08-07-49.907015-CEST  NLG-6      : DEBUG      
    NLG Output
    ------------------------------------------------------------
    Odkud a kam chcete jet?
    

2013-07-24-08-07-49.932355-CEST  MainProcess : INFO       
    #201992 Time: 2013-07-24-08-07-49.927418-CEST From: NLG        To: HUB        Command: nlg_text_generated() 

2013-07-24-08-07-49.936475-CEST  MainProcess : INFO       
    #201994 Time: 2013-07-24-08-07-49.928378-CEST From: TTS        To: HUB        Command: tts_start(user_id="None",text="Odkud a kam chcete jet?") 

2013-07-24-08-07-49.984151-CEST  MainProcess : INFO       
    #201997 Time: 2013-07-24-08-07-49.936813-CEST From: VoipIO     To: HUB        Command: play_utterance_start(user_id="None",fname="tts-2013-07-24-08-07-49.928185.wav") 

2013-07-24-08-07-50.007084-CEST  MainProcess : INFO       
    #202135 Time: 2013-07-24-08-07-50.000681-CEST From: TTS        To: HUB        Command: tts_end(user_id="None",text="Odkud a kam chcete jet?",fname="tts-2013-07-24-08-07-49.928185.wav",log="true") 

2013-07-24-08-07-51.041747-CEST  ASR-3      : DEBUG      
    ASR: speech_end(fname="vad-2013-07-24-08-07-48.384180.wav")

2013-07-24-08-07-51.047051-CEST  MainProcess : INFO       
    #202204 Time: 2013-07-24-08-07-51.037541-CEST From: VAD        To: HUB        Command: speech_end(fname="vad-2013-07-24-08-07-48.384180.wav") 

2013-07-24-08-07-51.669829-CEST  ASR-3      : DEBUG      
    ASR Hypothesis
    ------------------------------------------------------------
    0.587 ze stanice zdiby přemyšlení
    0.118 ze stanice zdiby přemýšlení
    0.098 stanice zdiby přemyšlení
    0.079 stanice zdiby přemýšlení
    0.059 je stanice zdiby přemyšlení
    0.039 je stanice zdiby přemýšlení
    0.020 ze stanice zdiby přemýšlení o
    0.000 __other__
    

2013-07-24-08-07-51.698783-CEST  MainProcess : INFO       
    #202246 Time: 2013-07-24-08-07-51.693110-CEST From: ASR        To: HUB        Command: asr_end(fname="vad-2013-07-24-08-07-48.384180.wav") 

2013-07-24-08-07-52.154554-CEST  SLU-4      : DEBUG      
    SLU Hypothesis
    ------------------------------------------------------------
    0.725 inform(from_stop="Zdiby")
    0.275 inform(="Zdiby")
    

2013-07-24-08-07-52.192938-CEST  DM-5       : DEBUG      
    DDDState Dialogue Act in: inform(from_stop="Zdiby")

2013-07-24-08-07-52.197819-CEST  MainProcess : INFO       
    #202280 Time: 2013-07-24-08-07-52.187854-CEST From: SLU        To: HUB        Command: slu_parsed(fname="vad-2013-07-24-08-07-48.384180.wav") 

2013-07-24-08-07-52.202113-CEST  DM-5       : DEBUG      
    Context Resolution - Dialogue Act: inform(from_stop="Zdiby")

2013-07-24-08-07-52.206695-CEST  DM-5       : DEBUG      
    DDDState - Dialogue state content:
    
    ludait = none
    alternative = none
    from_centre = none
    from_stop = Zdiby
    route_alternative = none
    silence_time = 0.0
    time = none
    to_centre = none
    to_stop = none
    
    
    
    

2013-07-24-08-07-52.210831-CEST  DM-5       : DEBUG      
    DDDState - Dialogue state update
    
    Requested slots:
    {}
    Confirmed slots:
    {}
    Non-informed slots:
    {u'silence_time': 0.0, u'from_stop': u'Zdiby'}

2013-07-24-08-07-52.221954-CEST  MainProcess : INFO       
    #202277 Time: 2013-07-24-08-07-52.150288-CEST From: VoipIO     To: HUB        Command: play_utterance_end(user_id="None",fname="tts-2013-07-24-08-07-49.928185.wav) 

2013-07-24-08-07-52.262375-CEST  DM-5       : DEBUG      
    DM Output
    ------------------------------------------------------------
    iconfirm(from_stop="Zdiby")&request(to_stop)
    

2013-07-24-08-07-52.297996-CEST  MainProcess : INFO       
    #202288 Time: 2013-07-24-08-07-52.293897-CEST From: DM         To: HUB        DA: iconfirm(from_stop="Zdiby")&request(to_stop) 

2013-07-24-08-07-52.303955-CEST  NLG-6      : DEBUG      
    #202290 Time: 2013-07-24-08-07-52.300498-CEST From: HUB        To: NLG        DA: iconfirm(from_stop="Zdiby")&request(to_stop) 

2013-07-24-08-07-52.308316-CEST  NLG-6      : DEBUG      
    NLG Output
    ------------------------------------------------------------
    Dobře, ze zastávky Zdiby. Do jaké zastávky chcete jet?
    

2013-07-24-08-07-52.336424-CEST  MainProcess : INFO       
    #202292 Time: 2013-07-24-08-07-52.331153-CEST From: NLG        To: HUB        Command: nlg_text_generated() 

2013-07-24-08-07-52.342981-CEST  MainProcess : INFO       
    #202295 Time: 2013-07-24-08-07-52.337762-CEST From: TTS        To: HUB        Command: tts_start(user_id="None",text="Dobře, ze zastávky Zdiby. Do jaké zastávky chcete jet?") 

2013-07-24-08-07-52.391377-CEST  MainProcess : INFO       
    #202298 Time: 2013-07-24-08-07-52.348769-CEST From: VoipIO     To: HUB        Command: play_utterance_start(user_id="None",fname="tts-2013-07-24-08-07-52.333698.wav") 

2013-07-24-08-07-53.865029-CEST  ASR-3      : DEBUG      
    ASR: speech_start(fname="vad-2013-07-24-08-07-53.805145.wav")

2013-07-24-08-07-53.869877-CEST  MainProcess : INFO       
    #202395 Time: 2013-07-24-08-07-53.860862-CEST From: VAD        To: HUB        Command: speech_start(fname="vad-2013-07-24-08-07-53.805145.wav") 

2013-07-24-08-07-53.876117-CEST  MainProcess : INFO       
    #202396 Time: 2013-07-24-08-07-53.861540-CEST From: ASR        To: HUB        Command: asr_start(fname="vad-2013-07-24-08-07-53.805145.wav") 

2013-07-24-08-07-56.400783-CEST  MainProcess : INFO       
    #202846 Time: 2013-07-24-08-07-56.395627-CEST From: TTS        To: HUB        Command: tts_end(user_id="None",text="Dobře, ze zastávky Zdiby. Do jaké zastávky chcete jet?",fname="tts-2013-07-24-08-07-52.333698.wav",log="true") 

2013-07-24-08-07-56.505539-CEST  ASR-3      : DEBUG      
    ASR: speech_end(fname="vad-2013-07-24-08-07-53.805145.wav")

2013-07-24-08-07-56.510716-CEST  MainProcess : INFO       
    #202854 Time: 2013-07-24-08-07-56.501249-CEST From: VAD        To: HUB        Command: speech_end(fname="vad-2013-07-24-08-07-53.805145.wav") 

2013-07-24-08-07-57.099966-CEST  ASR-3      : DEBUG      
    ASR Hypothesis
    ------------------------------------------------------------
    0.684 ze stanice zdiby přemyšlení
    0.039 ze stanice zdiby přemýšlení
    0.037 stanice zdiby přemyšlení
    0.034 stanice zdiby přemýšlení
    0.032 že stanice zdiby přemyšlení
    0.029 že stanice zdiby přemýšlení
    0.026 se stanice zdiby přemyšlení
    0.024 se stanice zdiby přemýšlení
    0.021 ze stanice zdiby přemýšlení o
    0.018 ze stanice zdiby přemyšlení i
    0.016 ze stanice zdiby přemýšlení a
    0.013 ze stanice zdiby přemyšlení a
    0.011 ze stanice zdiby přemýšlení i
    0.008 z stanice zdiby přemyšlení
    0.005 ze stanice zdiby přemyšlení o
    0.003 z stanice zdiby přemýšlení
    0.000 __other__
    

2013-07-24-08-07-57.143218-CEST  MainProcess : INFO       
    #202895 Time: 2013-07-24-08-07-57.137926-CEST From: ASR        To: HUB        Command: asr_end(fname="vad-2013-07-24-08-07-53.805145.wav") 

2013-07-24-08-07-58.242041-CEST  SLU-4      : DEBUG      
    SLU Hypothesis
    ------------------------------------------------------------
    0.818 inform(from_stop="Zdiby")
    0.182 inform(="Zdiby")
    

2013-07-24-08-07-58.279335-CEST  MainProcess : INFO       
    #202968 Time: 2013-07-24-08-07-58.273615-CEST From: SLU        To: HUB        Command: slu_parsed(fname="vad-2013-07-24-08-07-53.805145.wav") 

2013-07-24-08-07-58.283973-CEST  DM-5       : DEBUG      
    DDDState Dialogue Act in: inform(from_stop="Zdiby")

2013-07-24-08-07-58.288996-CEST  DM-5       : DEBUG      
    Context Resolution - Dialogue Act: inform(from_stop="Zdiby")

2013-07-24-08-07-58.293857-CEST  DM-5       : DEBUG      
    DDDState - Dialogue state content:
    
    ludait = none
    alternative = none
    from_centre = none
    from_stop = Zdiby
    route_alternative = none
    silence_time = 0.0
    time = none
    to_centre = none
    to_stop = none
    
    rh_from_stop = system-informed
    
    ch_from_stop = system-informed
    
    sh_from_stop = system-informed
    

2013-07-24-08-07-58.298453-CEST  DM-5       : DEBUG      
    DDDState - Dialogue state update
    
    Requested slots:
    {}
    Confirmed slots:
    {}
    Non-informed slots:
    {u'silence_time': 0.0}

2013-07-24-08-07-58.364099-CEST  DM-5       : DEBUG      
    DM Output
    ------------------------------------------------------------
    confirm(to_centre="true")
    

2013-07-24-08-07-58.404141-CEST  MainProcess : INFO       
    #202977 Time: 2013-07-24-08-07-58.400437-CEST From: DM         To: HUB        DA: confirm(to_centre="true") 

2013-07-24-08-07-58.447189-CEST  NLG-6      : DEBUG      
    #202981 Time: 2013-07-24-08-07-58.441744-CEST From: HUB        To: NLG        Command: flush() 

2013-07-24-08-07-58.453684-CEST  MainProcess : INFO       
    #202982 Time: 2013-07-24-08-07-58.448515-CEST From: NLG        To: HUB        Command: flushed() 

2013-07-24-08-07-58.459994-CEST  TTS-7      : DEBUG      
    #202983 Time: 2013-07-24-08-07-58.455078-CEST From: HUB        To: TTS        Command: flush() 

2013-07-24-08-07-58.464813-CEST  MainProcess : INFO       
    #202985 Time: 2013-07-24-08-07-58.461306-CEST From: TTS        To: HUB        Command: flushed() 

2013-07-24-08-07-58.480022-CEST  VoipIO-1   : DEBUG      
    #202986 Time: 2013-07-24-08-07-58.466252-CEST From: HUB        To: VIO        Command: flush_out() 

2013-07-24-08-07-58.486926-CEST  MainProcess : INFO       
    #202988 Time: 2013-07-24-08-07-58.481523-CEST From: VoipIO     To: HUB        Command: flushed_out() 

2013-07-24-08-07-58.494425-CEST  NLG-6      : DEBUG      
    #202989 Time: 2013-07-24-08-07-58.488277-CEST From: HUB        To: NLG        DA: confirm(to_centre="true") 

2013-07-24-08-07-58.499200-CEST  NLG-6      : DEBUG      
    NLG Output
    ------------------------------------------------------------
    Jedete do centra?
    

2013-07-24-08-07-58.539000-CEST  MainProcess : INFO       
    #202993 Time: 2013-07-24-08-07-58.533923-CEST From: NLG        To: HUB        Command: nlg_text_generated() 

2013-07-24-08-07-58.543212-CEST  MainProcess : INFO       
    #202995 Time: 2013-07-24-08-07-58.535631-CEST From: TTS        To: HUB        Command: tts_start(user_id="None",text="Jedete do centra?") 

2013-07-24-08-07-58.575533-CEST  MainProcess : INFO       
    #203090 Time: 2013-07-24-08-07-58.570526-CEST From: TTS        To: HUB        Command: tts_end(user_id="None",text="Jedete do centra?",fname="tts-2013-07-24-08-07-58.535382.wav",log="true") 

2013-07-24-08-07-58.610348-CEST  MainProcess : INFO       
    #202998 Time: 2013-07-24-08-07-58.551380-CEST From: VoipIO     To: HUB        Command: play_utterance_start(user_id="None",fname="tts-2013-07-24-08-07-58.535382.wav") 

2013-07-24-08-08-00.092223-CEST  MainProcess : INFO       
    #203186 Time: 2013-07-24-08-08-00.040879-CEST From: VoipIO     To: HUB        Command: play_utterance_end(user_id="None",fname="tts-2013-07-24-08-07-58.535382.wav) 

2013-07-24-08-08-01.834074-CEST  ASR-3      : DEBUG      
    ASR: speech_start(fname="vad-2013-07-24-08-08-01.752283.wav")

2013-07-24-08-08-01.838798-CEST  MainProcess : INFO       
    #203299 Time: 2013-07-24-08-08-01.828373-CEST From: VAD        To: HUB        Command: speech_start(fname="vad-2013-07-24-08-08-01.752283.wav") 

2013-07-24-08-08-01.844880-CEST  MainProcess : INFO       
    #203300 Time: 2013-07-24-08-08-01.828656-CEST From: ASR        To: HUB        Command: asr_start(fname="vad-2013-07-24-08-08-01.752283.wav") 

2013-07-24-08-08-05.132018-CEST  ASR-3      : DEBUG      
    ASR: speech_end(fname="vad-2013-07-24-08-08-01.752283.wav")

2013-07-24-08-08-05.137125-CEST  MainProcess : INFO       
    #203509 Time: 2013-07-24-08-08-05.127474-CEST From: VAD        To: HUB        Command: speech_end(fname="vad-2013-07-24-08-08-01.752283.wav") 

2013-07-24-08-08-05.873737-CEST  ASR-3      : DEBUG      
    ASR Hypothesis
    ------------------------------------------------------------
    0.643 hci jet do na nádraží vršovice
    0.071 hci jet na nádraží vršovice
    0.063 chceš jet do na nádraží vršovice
    0.055 chceš jet na nádraží vršovice
    0.048 si jet do na nádraží vršovice
    0.040 hci jet do nádraží vršovice
    0.032 chcete jet do na nádraží vršovice
    0.024 chcí jet do na nádraží vršovice
    0.016 si jet na nádraží vršovice
    0.008 chceš jet do nádraží vršovice
    0.000 __other__
    

2013-07-24-08-08-06.013965-CEST  MainProcess : INFO       
    #203564 Time: 2013-07-24-08-08-06.008612-CEST From: ASR        To: HUB        Command: asr_end(fname="vad-2013-07-24-08-08-01.752283.wav") 

2013-07-24-08-08-06.706203-CEST  SLU-4      : DEBUG      
    SLU Hypothesis
    ------------------------------------------------------------
    1.000 inform(to_stop="Nádraží Vršovice")
    

2013-07-24-08-08-06.747844-CEST  MainProcess : INFO       
    #203613 Time: 2013-07-24-08-08-06.742606-CEST From: SLU        To: HUB        Command: slu_parsed(fname="vad-2013-07-24-08-08-01.752283.wav") 

2013-07-24-08-08-06.752023-CEST  DM-5       : DEBUG      
    DDDState Dialogue Act in: inform(to_stop="Nádraží Vršovice")

2013-07-24-08-08-06.756095-CEST  DM-5       : DEBUG      
    Context Resolution - Dialogue Act: inform(to_stop="Nádraží Vršovice")

2013-07-24-08-08-06.760129-CEST  DM-5       : DEBUG      
    DDDState - Dialogue state content:
    
    ludait = none
    alternative = none
    from_centre = none
    from_stop = Zdiby
    route_alternative = none
    silence_time = 0.0
    time = none
    to_centre = none
    to_stop = Nádraží Vršovice
    
    rh_from_stop = system-informed
    
    ch_from_stop = system-informed
    
    sh_from_stop = system-informed
    

2013-07-24-08-08-06.763971-CEST  DM-5       : DEBUG      
    DDDState - Dialogue state update
    
    Requested slots:
    {}
    Confirmed slots:
    {}
    Non-informed slots:
    {u'to_stop': u'N\xe1dra\u017e\xed Vr\u0161ovice', u'silence_time': 0.0}

2013-07-24-08-08-07.158433-CEST  DM-5       : DEBUG      
    DM Output
    ------------------------------------------------------------
    iconfirm(to_stop="Nádraží Vršovice")&inform(found_directions="true")&inform(alternative="1")&inform(vehicle="BUS")&inform(line="371")&inform(go_at="08:23")&inform(enter_at="Zdiby,Veltěž")&inform(headsign="Kobylisy")&inform(exit_at="Kobylisy")&inform(transfer="true")&inform(vehicle="SUBWAY")&inform(line="C")&inform(go_at="08:41")&inform(enter_at="Kobylisy")&inform(headsign="Háje")&inform(exit_at="I. P. Pavlova")&inform(transfer="true")&inform(vehicle="TRAM")&inform(line="22")&inform(go_at="09:01")&inform(enter_at="Bruselská")&inform(headsign="Nádraží Hostivař")&inform(exit_at="Nádraží Vršovice")
    

2013-07-24-08-08-07.201381-CEST  MainProcess : INFO       
    #203643 Time: 2013-07-24-08-08-07.195991-CEST From: DM         To: HUB        DA: iconfirm(to_stop="Nádraží Vršovice")&inform(found_directions="true")&inform(alternative="1")&inform(vehicle="BUS")&inform(line="371")&inform(go_at="08:23")&inform(enter_at="Zdiby,Veltěž")&inform(headsign="Kobylisy")&inform(exit_at="Kobylisy")&inform(transfer="true")&inform(vehicle="SUBWAY")&inform(line="C")&inform(go_at="08:41")&inform(enter_at="Kobylisy")&inform(headsign="Háje")&inform(exit_at="I. P. Pavlova")&inform(transfer="true")&inform(vehicle="TRAM")&inform(line="22")&inform(go_at="09:01")&inform(enter_at="Bruselská")&inform(headsign="Nádraží Hostivař")&inform(exit_at="Nádraží Vršovice") 

2013-07-24-08-08-07.211334-CEST  NLG-6      : DEBUG      
    #203644 Time: 2013-07-24-08-08-07.204328-CEST From: HUB        To: NLG        DA: iconfirm(to_stop="Nádraží Vršovice")&inform(found_directions="true")&inform(alternative="1")&inform(vehicle="BUS")&inform(line="371")&inform(go_at="08:23")&inform(enter_at="Zdiby,Veltěž")&inform(headsign="Kobylisy")&inform(exit_at="Kobylisy")&inform(transfer="true")&inform(vehicle="SUBWAY")&inform(line="C")&inform(go_at="08:41")&inform(enter_at="Kobylisy")&inform(headsign="Háje")&inform(exit_at="I. P. Pavlova")&inform(transfer="true")&inform(vehicle="TRAM")&inform(line="22")&inform(go_at="09:01")&inform(enter_at="Bruselská")&inform(headsign="Nádraží Hostivař")&inform(exit_at="Nádraží Vršovice") 

2013-07-24-08-08-08.043525-CEST  NLG-6      : DEBUG      
    NLG Output
    ------------------------------------------------------------
    Chcete jet do zastávky Nádraží Vršovice. Našla jsem následující spojení. Možnost první. Jeďte autobusem číslo 371 v 08:23 ze zastávky Zdiby,Veltěž směrem Kobylisy. Vystupte na zastávce Kobylisy. A pak přestupte. Jeďte metrem C v 08:41 ze zastávky Kobylisy směrem Háje. Vystupte na zastávce I. P. Pavlova. A pak přestupte. Jeďte tramvají číslo 22 v 09:01 ze zastávky Bruselská směrem Nádraží Hostivař. Vystupte na zastávce Nádraží Vršovice.
    

2013-07-24-08-08-08.067771-CEST  MainProcess : INFO       
    #203700 Time: 2013-07-24-08-08-08.063442-CEST From: NLG        To: HUB        Command: nlg_text_generated() 

2013-07-24-08-08-08.073615-CEST  MainProcess : INFO       
    #203702 Time: 2013-07-24-08-08-08.068896-CEST From: TTS        To: HUB        Command: tts_start(user_id="None",text="Chcete jet do zastávky Nádraží Vršovice. Našla jsem následující spojení. Možnost první. Jeďte autobusem číslo 371 v 08:23 ze zastávky Zdiby,Veltěž směrem Kobylisy. Vystupte na zastávce Kobylisy. A pak přestupte. Jeďte metrem C v 08:41 ze zastávky Kobylisy směrem Háje. Vystupte na zastávce I. P. Pavlova. A pak přestupte. Jeďte tramvají číslo 22 v 09:01 ze zastávky Bruselská směrem Nádraží Hostivař. Vystupte na zastávce Nádraží Vršovice.") 

2013-07-24-08-08-08.142065-CEST  DM-5       : DEBUG      
    #203810 Time: 2013-07-24-08-08-08.138961-CEST From: HUB        To: DM         Command: timeout(silence_time="3.000") 

2013-07-24-08-08-08.145645-CEST  DM-5       : DEBUG      
    DDDState Dialogue Act in: silence(time="3.000")

2013-07-24-08-08-08.148496-CEST  DM-5       : DEBUG      
    Context Resolution - Dialogue Act: silence(time="3.000")

2013-07-24-08-08-08.152088-CEST  DM-5       : DEBUG      
    DDDState - Dialogue state content:
    
    ludait = silence
    alternative = none
    from_centre = none
    from_stop = Zdiby
    route_alternative = 0
    silence_time = 3.0
    time = none
    to_centre = none
    to_stop = Nádraží Vršovice
    
    rh_alternative = system-informed
    rh_enter_at = system-informed
    rh_exit_at = system-informed
    rh_found_directions = system-informed
    rh_from_stop = system-informed
    rh_go_at = system-informed
    rh_headsign = system-informed
    rh_line = system-informed
    rh_to_stop = system-informed
    rh_transfer = system-informed
    rh_vehicle = system-informed
    
    ch_alternative = system-informed
    ch_enter_at = system-informed
    ch_exit_at = system-informed
    ch_found_directions = system-informed
    ch_from_stop = system-informed
    ch_go_at = system-informed
    ch_headsign = system-informed
    ch_line = system-informed
    ch_to_stop = system-informed
    ch_transfer = system-informed
    ch_vehicle = system-informed
    
    sh_alternative = system-informed
    sh_enter_at = system-informed
    sh_exit_at = system-informed
    sh_found_directions = system-informed
    sh_from_stop = system-informed
    sh_go_at = system-informed
    sh_headsign = system-informed
    sh_line = system-informed
    sh_to_stop = system-informed
    sh_transfer = system-informed
    sh_vehicle = system-informed
    

2013-07-24-08-08-08.155339-CEST  DM-5       : DEBUG      
    DDDState - Dialogue state update
    
    Requested slots:
    {}
    Confirmed slots:
    {}
    Non-informed slots:
    {u'route_alternative': 0, u'silence_time': 3.0}

2013-07-24-08-08-08.158555-CEST  DM-5       : DEBUG      
    DM Output
    ------------------------------------------------------------
    silence()
    

2013-07-24-08-08-08.165309-CEST  MainProcess : INFO       
    #203704 Time: 2013-07-24-08-08-08.071280-CEST From: VoipIO     To: HUB        Command: play_utterance_start(user_id="None",fname="tts-2013-07-24-08-08-08.065259.wav") 

2013-07-24-08-08-08.219653-CEST  MainProcess : INFO       
    #204008 Time: 2013-07-24-08-08-08.214565-CEST From: DM         To: HUB        DA: silence() 

2013-07-24-08-08-12.105087-CEST  VoipIO-1   : INFO       
    08:08:12.101    pjsua_acc.c  ....<sip:800899998@vystadial.ms.mff.cuni.cz>: registration success, status=200 (OK), will re-register in 300 seconds
    

2013-07-24-08-08-14.513325-CEST  MainProcess : INFO       
    #206615 Time: 2013-07-24-08-08-14.494165-CEST From: TTS        To: HUB        Command: tts_end(user_id="None",text="Chcete jet do zastávky Nádraží Vršovice. Našla jsem následující spojení. Možnost první. Jeďte autobusem číslo 371 v 08:23 ze zastávky Zdiby,Veltěž směrem Kobylisy. Vystupte na zastávce Kobylisy. A pak přestupte. Jeďte metrem C v 08:41 ze zastávky Kobylisy směrem Háje. Vystupte na zastávce I. P. Pavlova. A pak přestupte. Jeďte tramvají číslo 22 v 09:01 ze zastávky Bruselská směrem Nádraží Hostivař. Vystupte na zastávce Nádraží Vršovice.",fname="tts-2013-07-24-08-08-08.065259.wav",log="true") 

2013-07-24-08-08-48.158016-CEST  MainProcess : INFO       
    #208712 Time: 2013-07-24-08-08-48.001798-CEST From: VoipIO     To: HUB        Command: play_utterance_end(user_id="None",fname="tts-2013-07-24-08-08-08.065259.wav) 

2013-07-24-08-08-51.165360-CEST  DM-5       : DEBUG      
    #208910 Time: 2013-07-24-08-08-51.160504-CEST From: HUB        To: DM         Command: timeout(silence_time="3.001") 

2013-07-24-08-08-51.169743-CEST  DM-5       : DEBUG      
    DDDState Dialogue Act in: silence(time="3.001")

2013-07-24-08-08-51.174240-CEST  DM-5       : DEBUG      
    Context Resolution - Dialogue Act: silence(time="3.001")

2013-07-24-08-08-51.179183-CEST  DM-5       : DEBUG      
    DDDState - Dialogue state content:
    
    ludait = silence
    alternative = none
    from_centre = none
    from_stop = Zdiby
    route_alternative = 0
    silence_time = 3.001
    time = none
    to_centre = none
    to_stop = Nádraží Vršovice
    
    rh_alternative = system-informed
    rh_enter_at = system-informed
    rh_exit_at = system-informed
    rh_found_directions = system-informed
    rh_from_stop = system-informed
    rh_go_at = system-informed
    rh_headsign = system-informed
    rh_line = system-informed
    rh_to_stop = system-informed
    rh_transfer = system-informed
    rh_vehicle = system-informed
    
    ch_alternative = system-informed
    ch_enter_at = system-informed
    ch_exit_at = system-informed
    ch_found_directions = system-informed
    ch_from_stop = system-informed
    ch_go_at = system-informed
    ch_headsign = system-informed
    ch_line = system-informed
    ch_to_stop = system-informed
    ch_transfer = system-informed
    ch_vehicle = system-informed
    
    sh_alternative = system-informed
    sh_enter_at = system-informed
    sh_exit_at = system-informed
    sh_found_directions = system-informed
    sh_from_stop = system-informed
    sh_go_at = system-informed
    sh_headsign = system-informed
    sh_line = system-informed
    sh_to_stop = system-informed
    sh_transfer = system-informed
    sh_vehicle = system-informed
    

2013-07-24-08-08-51.183333-CEST  DM-5       : DEBUG      
    DDDState - Dialogue state update
    
    Requested slots:
    {}
    Confirmed slots:
    {}
    Non-informed slots:
    {u'route_alternative': 0, u'silence_time': 3.001}

2013-07-24-08-08-51.187517-CEST  DM-5       : DEBUG      
    DM Output
    ------------------------------------------------------------
    silence()
    

2013-07-24-08-08-51.255860-CEST  MainProcess : INFO       
    #208916 Time: 2013-07-24-08-08-51.251254-CEST From: DM         To: HUB        DA: silence() 

2013-07-24-08-08-51.958277-CEST  ASR-3      : DEBUG      
    ASR: speech_start(fname="vad-2013-07-24-08-08-51.882952.wav")

2013-07-24-08-08-51.962872-CEST  MainProcess : INFO       
    #208962 Time: 2013-07-24-08-08-51.953124-CEST From: VAD        To: HUB        Command: speech_start(fname="vad-2013-07-24-08-08-51.882952.wav") 

2013-07-24-08-08-51.969523-CEST  MainProcess : INFO       
    #208963 Time: 2013-07-24-08-08-51.954152-CEST From: ASR        To: HUB        Command: asr_start(fname="vad-2013-07-24-08-08-51.882952.wav") 

2013-07-24-08-08-54.324594-CEST  ASR-3      : DEBUG      
    ASR: speech_end(fname="vad-2013-07-24-08-08-51.882952.wav")

2013-07-24-08-08-54.329415-CEST  MainProcess : INFO       
    #209113 Time: 2013-07-24-08-08-54.320384-CEST From: VAD        To: HUB        Command: speech_end(fname="vad-2013-07-24-08-08-51.882952.wav") 

2013-07-24-08-08-54.997508-CEST  ASR-3      : DEBUG      
    ASR Hypothesis
    ------------------------------------------------------------
    0.828 je ještě jiná varianta
    0.029 je ještě jedna varianta
    0.026 je ještě jiná varianta a
    0.023 je ještě jiná varianta s
    0.021 je ještě jiná varianta b
    0.018 je to ještě jiná varianta
    0.016 to je ještě jedna varianta
    0.013 je ještě jedna varianta a
    0.010 co je ještě jedna varianta
    0.008 je ještě dina varianta
    0.005 je ještě nina varianta
    0.003 to je ještě jiná varianta
    0.000 __other__
    

2013-07-24-08-08-55.051239-CEST  MainProcess : INFO       
    #209160 Time: 2013-07-24-08-08-55.045475-CEST From: ASR        To: HUB        Command: asr_end(fname="vad-2013-07-24-08-08-51.882952.wav") 

2013-07-24-08-08-55.189307-CEST  MainProcess : INFO       
    #209171 Time: 2013-07-24-08-08-55.184495-CEST From: VAD        To: HUB        Command: speech_start(fname="vad-2013-07-24-08-08-55.112253.wav") 

2013-07-24-08-08-55.194215-CEST  ASR-3      : DEBUG      
    ASR: speech_start(fname="vad-2013-07-24-08-08-55.112253.wav")

2013-07-24-08-08-55.198996-CEST  MainProcess : INFO       
    #209172 Time: 2013-07-24-08-08-55.185824-CEST From: ASR        To: HUB        Command: asr_start(fname="vad-2013-07-24-08-08-55.112253.wav") 

2013-07-24-08-08-55.806112-CEST  SLU-4      : DEBUG      
    SLU Hypothesis
    ------------------------------------------------------------
    0.919 reqalts()
    0.068 repeat()
    0.013 other()
    

2013-07-24-08-08-55.868162-CEST  MainProcess : INFO       
    #209216 Time: 2013-07-24-08-08-55.862466-CEST From: SLU        To: HUB        Command: slu_parsed(fname="vad-2013-07-24-08-08-51.882952.wav") 

2013-07-24-08-08-55.872586-CEST  DM-5       : DEBUG      
    DDDState Dialogue Act in: reqalts()

2013-07-24-08-08-55.877002-CEST  DM-5       : DEBUG      
    Context Resolution - Dialogue Act: reqalts()

2013-07-24-08-08-55.881878-CEST  DM-5       : DEBUG      
    DDDState - Dialogue state content:
    
    ludait = reqalts
    alternative = none
    from_centre = none
    from_stop = Zdiby
    route_alternative = 0
    silence_time = 0.0
    time = none
    to_centre = none
    to_stop = Nádraží Vršovice
    
    rh_alternative = system-informed
    rh_enter_at = system-informed
    rh_exit_at = system-informed
    rh_found_directions = system-informed
    rh_from_stop = system-informed
    rh_go_at = system-informed
    rh_headsign = system-informed
    rh_line = system-informed
    rh_to_stop = system-informed
    rh_transfer = system-informed
    rh_vehicle = system-informed
    
    ch_alternative = system-informed
    ch_enter_at = system-informed
    ch_exit_at = system-informed
    ch_found_directions = system-informed
    ch_from_stop = system-informed
    ch_go_at = system-informed
    ch_headsign = system-informed
    ch_line = system-informed
    ch_to_stop = system-informed
    ch_transfer = system-informed
    ch_vehicle = system-informed
    
    sh_alternative = system-informed
    sh_enter_at = system-informed
    sh_exit_at = system-informed
    sh_found_directions = system-informed
    sh_from_stop = system-informed
    sh_go_at = system-informed
    sh_headsign = system-informed
    sh_line = system-informed
    sh_to_stop = system-informed
    sh_transfer = system-informed
    sh_vehicle = system-informed
    

2013-07-24-08-08-55.887518-CEST  DM-5       : DEBUG      
    DDDState - Dialogue state update
    
    Requested slots:
    {}
    Confirmed slots:
    {}
    Non-informed slots:
    {u'route_alternative': 0, u'silence_time': 0.0}

2013-07-24-08-08-56.211777-CEST  DM-5       : DEBUG      
    DM Output
    ------------------------------------------------------------
    inform(found_directions="true")&inform(alternative="2")&inform(vehicle="BUS")&inform(line="374")&inform(go_at="08:43")&inform(enter_at="Zdiby,Veltěž")&inform(headsign="Kobylisy")&inform(exit_at="Kobylisy")&inform(transfer="true")&inform(vehicle="SUBWAY")&inform(line="C")&inform(go_at="09:05")&inform(enter_at="Kobylisy")&inform(headsign="Háje")&inform(exit_at="I. P. Pavlova")&inform(transfer="true")&inform(vehicle="TRAM")&inform(line="22")&inform(go_at="09:26")&inform(enter_at="Bruselská")&inform(headsign="Radošovická")&inform(exit_at="Nádraží Vršovice")
    

2013-07-24-08-08-56.275664-CEST  MainProcess : INFO       
    #209243 Time: 2013-07-24-08-08-56.270467-CEST From: DM         To: HUB        DA: inform(found_directions="true")&inform(alternative="2")&inform(vehicle="BUS")&inform(line="374")&inform(go_at="08:43")&inform(enter_at="Zdiby,Veltěž")&inform(headsign="Kobylisy")&inform(exit_at="Kobylisy")&inform(transfer="true")&inform(vehicle="SUBWAY")&inform(line="C")&inform(go_at="09:05")&inform(enter_at="Kobylisy")&inform(headsign="Háje")&inform(exit_at="I. P. Pavlova")&inform(transfer="true")&inform(vehicle="TRAM")&inform(line="22")&inform(go_at="09:26")&inform(enter_at="Bruselská")&inform(headsign="Radošovická")&inform(exit_at="Nádraží Vršovice") 

2013-07-24-08-08-56.284635-CEST  NLG-6      : DEBUG      
    #209245 Time: 2013-07-24-08-08-56.278725-CEST From: HUB        To: NLG        DA: inform(found_directions="true")&inform(alternative="2")&inform(vehicle="BUS")&inform(line="374")&inform(go_at="08:43")&inform(enter_at="Zdiby,Veltěž")&inform(headsign="Kobylisy")&inform(exit_at="Kobylisy")&inform(transfer="true")&inform(vehicle="SUBWAY")&inform(line="C")&inform(go_at="09:05")&inform(enter_at="Kobylisy")&inform(headsign="Háje")&inform(exit_at="I. P. Pavlova")&inform(transfer="true")&inform(vehicle="TRAM")&inform(line="22")&inform(go_at="09:26")&inform(enter_at="Bruselská")&inform(headsign="Radošovická")&inform(exit_at="Nádraží Vršovice") 

2013-07-24-08-08-56.404894-CEST  MainProcess : INFO       
    #209254 Time: 2013-07-24-08-08-56.401242-CEST From: VAD        To: HUB        Command: speech_end(fname="vad-2013-07-24-08-08-55.112253.wav") 

2013-07-24-08-08-56.409112-CEST  ASR-3      : DEBUG      
    ASR: speech_end(fname="vad-2013-07-24-08-08-55.112253.wav")

2013-07-24-08-08-56.764322-CEST  ASR-3      : DEBUG      
    ASR Hypothesis
    ------------------------------------------------------------
    0.896 jiná možnost
    0.014 jiná možnost i
    0.013 jiná možnost a
    0.012 jiná možnost u
    0.011 jiná možnost není
    0.010 1 možnost
    0.009 jin a možnost
    0.008 je na možnost
    0.007 jdi na možnost
    0.006 ji na možnost
    0.005 jiná a možnost
    0.004 jen a možnost
    0.003 jen na možnost
    0.002 na možnost
    0.001 nina a možnost
    0.000 __other__
    

2013-07-24-08-08-56.822809-CEST  MainProcess : INFO       
    #209281 Time: 2013-07-24-08-08-56.817104-CEST From: ASR        To: HUB        Command: asr_end(fname="vad-2013-07-24-08-08-55.112253.wav") 

2013-07-24-08-08-57.243639-CEST  NLG-6      : DEBUG      
    NLG Output
    ------------------------------------------------------------
    Našla jsem následující spojení. Možnost druhá. Jeďte autobusem číslo 374 v 08:43 ze zastávky Zdiby,Veltěž směrem Kobylisy. Vystupte na zastávce Kobylisy. A pak přestupte. Jeďte metrem C v 09:05 ze zastávky Kobylisy směrem Háje. Vystupte na zastávce I. P. Pavlova. A pak přestupte. Jeďte tramvají číslo 22 v 09:26 ze zastávky Bruselská směrem Radošovická. Vystupte na zastávce Nádraží Vršovice.
    

2013-07-24-08-08-57.289681-CEST  MainProcess : INFO       
    #209313 Time: 2013-07-24-08-08-57.285863-CEST From: NLG        To: HUB        Command: nlg_text_generated() 

2013-07-24-08-08-57.297920-CEST  MainProcess : INFO       
    #209315 Time: 2013-07-24-08-08-57.290918-CEST From: TTS        To: HUB        Command: tts_start(user_id="None",text="Našla jsem následující spojení. Možnost druhá. Jeďte autobusem číslo 374 v 08:43 ze zastávky Zdiby,Veltěž směrem Kobylisy. Vystupte na zastávce Kobylisy. A pak přestupte. Jeďte metrem C v 09:05 ze zastávky Kobylisy směrem Háje. Vystupte na zastávce I. P. Pavlova. A pak přestupte. Jeďte tramvají číslo 22 v 09:26 ze zastávky Bruselská směrem Radošovická. Vystupte na zastávce Nádraží Vršovice.") 

2013-07-24-08-08-57.382920-CEST  MainProcess : INFO       
    #209318 Time: 2013-07-24-08-08-57.303794-CEST From: VoipIO     To: HUB        Command: play_utterance_start(user_id="None",fname="tts-2013-07-24-08-08-57.287916.wav") 

2013-07-24-08-08-57.507295-CEST  SLU-4      : DEBUG      
    SLU Hypothesis
    ------------------------------------------------------------
    1.000 other()
    

2013-07-24-08-08-57.571317-CEST  MainProcess : INFO       
    #209583 Time: 2013-07-24-08-08-57.567106-CEST From: SLU        To: HUB        Command: slu_parsed(fname="vad-2013-07-24-08-08-55.112253.wav") 

2013-07-24-08-08-57.574979-CEST  DM-5       : DEBUG      
    DDDState Dialogue Act in: other()

2013-07-24-08-08-57.579171-CEST  DM-5       : DEBUG      
    Context Resolution - Dialogue Act: other()

2013-07-24-08-08-57.583741-CEST  DM-5       : DEBUG      
    DDDState - Dialogue state content:
    
    ludait = other
    alternative = none
    from_centre = none
    from_stop = Zdiby
    route_alternative = 1
    silence_time = 0.0
    time = none
    to_centre = none
    to_stop = Nádraží Vršovice
    
    rh_alternative = system-informed
    rh_enter_at = system-informed
    rh_exit_at = system-informed
    rh_found_directions = system-informed
    rh_from_stop = system-informed
    rh_go_at = system-informed
    rh_headsign = system-informed
    rh_line = system-informed
    rh_to_stop = system-informed
    rh_transfer = system-informed
    rh_vehicle = system-informed
    
    ch_alternative = system-informed
    ch_enter_at = system-informed
    ch_exit_at = system-informed
    ch_found_directions = system-informed
    ch_from_stop = system-informed
    ch_go_at = system-informed
    ch_headsign = system-informed
    ch_line = system-informed
    ch_to_stop = system-informed
    ch_transfer = system-informed
    ch_vehicle = system-informed
    
    sh_alternative = system-informed
    sh_enter_at = system-informed
    sh_exit_at = system-informed
    sh_found_directions = system-informed
    sh_from_stop = system-informed
    sh_go_at = system-informed
    sh_headsign = system-informed
    sh_line = system-informed
    sh_to_stop = system-informed
    sh_transfer = system-informed
    sh_vehicle = system-informed
    

2013-07-24-08-08-57.588088-CEST  DM-5       : DEBUG      
    DDDState - Dialogue state update
    
    Requested slots:
    {}
    Confirmed slots:
    {}
    Non-informed slots:
    {u'route_alternative': 1, u'silence_time': 0.0}

2013-07-24-08-08-57.702007-CEST  DM-5       : DEBUG      
    DM Output
    ------------------------------------------------------------
    notunderstood()&help(request="num_transfers")
    

2013-07-24-08-08-57.768179-CEST  MainProcess : INFO       
    #209596 Time: 2013-07-24-08-08-57.764545-CEST From: DM         To: HUB        DA: notunderstood()&help(request="num_transfers") 

2013-07-24-08-08-57.956300-CEST  NLG-6      : DEBUG      
    #209607 Time: 2013-07-24-08-08-57.951079-CEST From: HUB        To: NLG        Command: flush() 

2013-07-24-08-08-57.962712-CEST  MainProcess : INFO       
    #209608 Time: 2013-07-24-08-08-57.957581-CEST From: NLG        To: HUB        Command: flushed() 

2013-07-24-08-09-00.957042-CEST  DM-5       : DEBUG      
    #211186 Time: 2013-07-24-08-09-00.953004-CEST From: HUB        To: DM         Command: timeout(silence_time="3.002") 

2013-07-24-08-09-00.961065-CEST  DM-5       : DEBUG      
    DDDState Dialogue Act in: silence(time="3.002")

2013-07-24-08-09-00.965102-CEST  DM-5       : DEBUG      
    Context Resolution - Dialogue Act: silence(time="3.002")

2013-07-24-08-09-00.969306-CEST  DM-5       : DEBUG      
    DDDState - Dialogue state content:
    
    ludait = silence
    alternative = none
    from_centre = none
    from_stop = Zdiby
    route_alternative = 1
    silence_time = 3.002
    time = none
    to_centre = none
    to_stop = Nádraží Vršovice
    
    rh_alternative = system-informed
    rh_enter_at = system-informed
    rh_exit_at = system-informed
    rh_found_directions = system-informed
    rh_from_stop = system-informed
    rh_go_at = system-informed
    rh_headsign = system-informed
    rh_line = system-informed
    rh_to_stop = system-informed
    rh_transfer = system-informed
    rh_vehicle = system-informed
    
    ch_alternative = system-informed
    ch_enter_at = system-informed
    ch_exit_at = system-informed
    ch_found_directions = system-informed
    ch_from_stop = system-informed
    ch_go_at = system-informed
    ch_headsign = system-informed
    ch_line = system-informed
    ch_to_stop = system-informed
    ch_transfer = system-informed
    ch_vehicle = system-informed
    
    sh_alternative = system-informed
    sh_enter_at = system-informed
    sh_exit_at = system-informed
    sh_found_directions = system-informed
    sh_from_stop = system-informed
    sh_go_at = system-informed
    sh_headsign = system-informed
    sh_line = system-informed
    sh_to_stop = system-informed
    sh_transfer = system-informed
    sh_vehicle = system-informed
    

2013-07-24-08-09-00.973788-CEST  DM-5       : DEBUG      
    DDDState - Dialogue state update
    
    Requested slots:
    {}
    Confirmed slots:
    {}
    Non-informed slots:
    {u'route_alternative': 1, u'silence_time': 3.002}

2013-07-24-08-09-00.977625-CEST  DM-5       : DEBUG      
    DM Output
    ------------------------------------------------------------
    silence()
    

2013-07-24-08-09-01.066900-CEST  MainProcess : INFO       
    #211194 Time: 2013-07-24-08-09-01.062895-CEST From: DM         To: HUB        DA: silence() 

2013-07-24-08-09-01.636651-CEST  MainProcess : INFO       
    #211900 Time: 2013-07-24-08-09-01.630908-CEST From: TTS        To: HUB        Command: tts_end(user_id="None",text="Našla jsem následující spojení. Možnost druhá. Jeďte autobusem číslo 374 v 08:43 ze zastávky Zdiby,Veltěž směrem Kobylisy. Vystupte na zastávce Kobylisy. A pak přestupte. Jeďte metrem C v 09:05 ze zastávky Kobylisy směrem Háje. Vystupte na zastávce I. P. Pavlova. A pak přestupte. Jeďte tramvají číslo 22 v 09:26 ze zastávky Bruselská směrem Radošovická. Vystupte na zastávce Nádraží Vršovice.",fname="tts-2013-07-24-08-08-57.287916.wav",log="true") 

2013-07-24-08-09-01.657028-CEST  TTS-7      : DEBUG      
    #209610 Time: 2013-07-24-08-08-57.963975-CEST From: HUB        To: TTS        Command: flush() 

2013-07-24-08-09-01.663231-CEST  MainProcess : INFO       
    #211902 Time: 2013-07-24-08-09-01.658323-CEST From: TTS        To: HUB        Command: flushed() 

2013-07-24-08-09-01.684681-CEST  VoipIO-1   : DEBUG      
    #211904 Time: 2013-07-24-08-09-01.664415-CEST From: HUB        To: VIO        Command: flush_out() 

2013-07-24-08-09-01.693267-CEST  MainProcess : INFO       
    #211906 Time: 2013-07-24-08-09-01.687885-CEST From: VoipIO     To: HUB        Command: flushed_out() 

2013-07-24-08-09-01.700234-CEST  NLG-6      : DEBUG      
    #211907 Time: 2013-07-24-08-09-01.694609-CEST From: HUB        To: NLG        DA: notunderstood()&help(request="num_transfers") 

2013-07-24-08-09-01.705810-CEST  NLG-6      : DEBUG      
    NLG Output
    ------------------------------------------------------------
    Promiňte, nerozuměla jsem. Můžete se například zeptat kolik přestupů má nabídnutý spoj.
    

2013-07-24-08-09-01.802516-CEST  MainProcess : INFO       
    #211913 Time: 2013-07-24-08-09-01.798278-CEST From: NLG        To: HUB        Command: nlg_text_generated() 

2013-07-24-08-09-01.810259-CEST  MainProcess : INFO       
    #211915 Time: 2013-07-24-08-09-01.804111-CEST From: TTS        To: HUB        Command: tts_start(user_id="None",text="Promiňte, nerozuměla jsem. Můžete se například zeptat kolik přestupů má nabídnutý spoj.") 

2013-07-24-08-09-01.898676-CEST  MainProcess : INFO       
    #211918 Time: 2013-07-24-08-09-01.806884-CEST From: VoipIO     To: HUB        Command: play_utterance_start(user_id="None",fname="tts-2013-07-24-08-09-01.799670.wav") 

2013-07-24-08-09-02.012220-CEST  MainProcess : INFO       
    #212342 Time: 2013-07-24-08-09-02.004664-CEST From: TTS        To: HUB        Command: tts_end(user_id="None",text="Promiňte, nerozuměla jsem. Můžete se například zeptat kolik přestupů má nabídnutý spoj.",fname="tts-2013-07-24-08-09-01.799670.wav",log="true") 

2013-07-24-08-09-08.637069-CEST  MainProcess : INFO       
    #212759 Time: 2013-07-24-08-09-08.484114-CEST From: VoipIO     To: HUB        Command: play_utterance_end(user_id="None",fname="tts-2013-07-24-08-09-01.799670.wav) 

2013-07-24-08-09-11.519320-CEST  ASR-3      : DEBUG      
    ASR: speech_start(fname="vad-2013-07-24-08-09-11.351647.wav")

2013-07-24-08-09-11.524064-CEST  MainProcess : INFO       
    #212949 Time: 2013-07-24-08-09-11.515810-CEST From: VAD        To: HUB        Command: speech_start(fname="vad-2013-07-24-08-09-11.351647.wav") 

2013-07-24-08-09-11.530046-CEST  MainProcess : INFO       
    #212950 Time: 2013-07-24-08-09-11.516127-CEST From: ASR        To: HUB        Command: asr_start(fname="vad-2013-07-24-08-09-11.351647.wav") 

2013-07-24-08-09-13.439144-CEST  MainProcess : INFO       
    #213073 Time: 2013-07-24-08-09-13.433984-CEST From: VAD        To: HUB        Command: speech_end(fname="vad-2013-07-24-08-09-11.351647.wav") 

2013-07-24-08-09-13.443545-CEST  ASR-3      : DEBUG      
    ASR: speech_end(fname="vad-2013-07-24-08-09-11.351647.wav")

2013-07-24-08-09-13.881828-CEST  ASR-3      : DEBUG      
    ASR Hypothesis
    ------------------------------------------------------------
    0.817 děkuju nashledanou
    0.092 děkuju na shledanou
    0.061 děkuju nashledanou i
    0.031 děkuju nashledanou a
    0.000 __other__
    

2013-07-24-08-09-13.954966-CEST  MainProcess : INFO       
    #213106 Time: 2013-07-24-08-09-13.950564-CEST From: ASR        To: HUB        Command: asr_end(fname="vad-2013-07-24-08-09-11.351647.wav") 

2013-07-24-08-09-14.233802-CEST  SLU-4      : DEBUG      
    SLU Hypothesis
    ------------------------------------------------------------
    1.000 thankyou()
    1.000 bye()
    

2013-07-24-08-09-14.310137-CEST  MainProcess : INFO       
    #213130 Time: 2013-07-24-08-09-14.304304-CEST From: SLU        To: HUB        Command: slu_parsed(fname="vad-2013-07-24-08-09-11.351647.wav") 

2013-07-24-08-09-14.314549-CEST  DM-5       : DEBUG      
    DDDState Dialogue Act in: thankyou()&bye()

2013-07-24-08-09-14.318743-CEST  DM-5       : DEBUG      
    Context Resolution - Dialogue Act: thankyou()&bye()

2013-07-24-08-09-14.323083-CEST  DM-5       : DEBUG      
    DDDState - Dialogue state content:
    
    ludait = bye
    alternative = none
    from_centre = none
    from_stop = Zdiby
    route_alternative = 1
    silence_time = 0.0
    time = none
    to_centre = none
    to_stop = Nádraží Vršovice
    
    rh_alternative = system-informed
    rh_enter_at = system-informed
    rh_exit_at = system-informed
    rh_found_directions = system-informed
    rh_from_stop = system-informed
    rh_go_at = system-informed
    rh_headsign = system-informed
    rh_line = system-informed
    rh_to_stop = system-informed
    rh_transfer = system-informed
    rh_vehicle = system-informed
    
    ch_alternative = system-informed
    ch_enter_at = system-informed
    ch_exit_at = system-informed
    ch_found_directions = system-informed
    ch_from_stop = system-informed
    ch_go_at = system-informed
    ch_headsign = system-informed
    ch_line = system-informed
    ch_to_stop = system-informed
    ch_transfer = system-informed
    ch_vehicle = system-informed
    
    sh_alternative = system-informed
    sh_enter_at = system-informed
    sh_exit_at = system-informed
    sh_found_directions = system-informed
    sh_from_stop = system-informed
    sh_go_at = system-informed
    sh_headsign = system-informed
    sh_line = system-informed
    sh_to_stop = system-informed
    sh_transfer = system-informed
    sh_vehicle = system-informed
    

2013-07-24-08-09-14.327590-CEST  DM-5       : DEBUG      
    DDDState - Dialogue state update
    
    Requested slots:
    {}
    Confirmed slots:
    {}
    Non-informed slots:
    {u'route_alternative': 1, u'silence_time': 0.0}

2013-07-24-08-09-14.549881-CEST  DM-5       : DEBUG      
    DM Output
    ------------------------------------------------------------
    bye()
    

2013-07-24-08-09-14.607999-CEST  MainProcess : INFO       
    #213150 Time: 2013-07-24-08-09-14.603502-CEST From: DM         To: HUB        DA: bye() 

2013-07-24-08-09-14.615504-CEST  NLG-6      : DEBUG      
    #213153 Time: 2013-07-24-08-09-14.610802-CEST From: HUB        To: NLG        DA: bye() 

2013-07-24-08-09-14.619448-CEST  MainProcess : INFO       
    #213151 Time: 2013-07-24-08-09-14.603761-CEST From: DM         To: HUB        Command: hangup() 

2013-07-24-08-09-14.623654-CEST  NLG-6      : DEBUG      
    NLG Output
    ------------------------------------------------------------
    Děkujeme za zavolání. Na shledanou.
    

2013-07-24-08-09-14.685036-CEST  MainProcess : INFO       
    #213158 Time: 2013-07-24-08-09-14.681322-CEST From: NLG        To: HUB        Command: nlg_text_generated() 

2013-07-24-08-09-14.690858-CEST  MainProcess : INFO       
    #213161 Time: 2013-07-24-08-09-14.686255-CEST From: TTS        To: HUB        Command: tts_start(user_id="None",text="Děkujeme za zavolání. Na shledanou.") 

2013-07-24-08-09-14.770646-CEST  MainProcess : INFO       
    #213163 Time: 2013-07-24-08-09-14.689605-CEST From: VoipIO     To: HUB        Command: play_utterance_start(user_id="None",fname="tts-2013-07-24-08-09-14.682941.wav") 

2013-07-24-08-09-14.811105-CEST  MainProcess : INFO       
    #213366 Time: 2013-07-24-08-09-14.805962-CEST From: TTS        To: HUB        Command: tts_end(user_id="None",text="Děkujeme za zavolání. Na shledanou.",fname="tts-2013-07-24-08-09-14.682941.wav",log="true") 

2013-07-24-08-09-18.056927-CEST  MainProcess : INFO       
    #213563 Time: 2013-07-24-08-09-17.860977-CEST From: VoipIO     To: HUB        Command: play_utterance_end(user_id="None",fname="tts-2013-07-24-08-09-14.682941.wav) 

2013-07-24-08-09-18.645013-CEST  VoipIO-1   : DEBUG      
    CallCallback::on_state : Call with "774583694" <sip:774583694@195.113.20.160> is DISCONNCTD last code = 200 (Normal call clearing)

2013-07-24-08-09-18.778804-CEST  VoipIO-1   : DEBUG      
    VoipIO::on_call_disconnected

2013-07-24-08-09-18.784076-CEST  MainProcess : INFO       
    #213613 Time: 2013-07-24-08-09-18.779969-CEST From: VoipIO     To: HUB        Command: call_disconnected(remote_uri="774583694") 

