2013-07-12-01-24-07.144766-CEST  VoipIO-1   : DEBUG      
    CallCallback::on_state : Call with "776577617" <sip:776577617@195.113.20.160> is CONNECTING last code = 200 (OK)

2013-07-12-01-24-07.149605-CEST  VoipIO-1   : DEBUG      
    VoipIO::on_call_connecting

2013-07-12-01-24-07.155173-CEST  VoipIO-1   : DEBUG      
    CallCallback::on_state : Call with "776577617" <sip:776577617@195.113.20.160> is CONFIRMED last code = 200 (OK)

2013-07-12-01-24-07.177255-CEST  MainProcess : SYSTEM-LOG 
    config = { 'ASR': { 'Google': { 'debug': False, 'language': 'cs', 'maxresults': 20},
               'Julius': { 'adinnetport': 5530,
                           'binary': '/usr/local/bin/julius',
                           'debug': False,
                           'hostname': 'localhost',
                           'jconf': { '-adport': '5530',
                                      '-b': '1000',
                                      '-b2': '100',
                                      '-cmnload': 'cmn.param',
                                      '-cmnmapweight': '200',
                                      '-cmnsave': 'cmn.param',
                                      '-confnet': '',
                                      '-fallback1pass': '',
                                      '-gprune': 'safe',
                                      '-h': '/mnt/h/jurcicek/vystadial-git/alex/resources/asr/voip_en/hmmdefs',
                                      '-hlist': '/mnt/h/jurcicek/vystadial-git/alex/resources/asr/voip_en/tiedlist',
                                      '-htkconf': '/mnt/h/jurcicek/vystadial-git/alex/resources/asr/voip_en/config',
                                      '-input': 'adinnet',
                                      '-iwsp': '',
                                      '-iwsppenalty': '0.0',
                                      '-lmp': '15.0 0.0',
                                      '-lmp2': '15.0 0.0',
                                      '-mapunk': 'UM',
                                      '-module': '10500',
                                      '-n': '50',
                                      '-nlr': '/mnt/h/jurcicek/vystadial-git/alex/resources/lm/caminfo/julius_arpa_bigram',
                                      '-no_ccd': '',
                                      '-nrl': '/mnt/h/jurcicek/vystadial-git/alex/resources/lm/caminfo/julius_arpa_rev_bigram',
                                      '-silhead': '<s>',
                                      '-siltail': '</s>',
                                      '-spmodel': 'sp',
                                      '-tmix': '4',
                                      '-v': '/mnt/h/jurcicek/vystadial-git/alex/resources/lm/caminfo/julius_dict'},
                           'jconffile': 'julius.jconf',
                           'killall': False,
                           'logfile': 'julius.log',
                           'msg_timeout': 0.3,
                           'pidfile': 'julius.pid',
                           'reuse_server': False,
                           'serverport': 10500,
                           'start_max_wait_time': 15,
                           'start_wait_time': 0.5,
                           'timeout': 2.0},
               'Kaldi': { 'LM_scale': -6666.66,
                          'hypothesis_type': 'nblist',
                          'lat_depth': 666666,
                          'model': 'TODO_path_to_model'},
               'debug': True,
               'type': 'Google'},
      'AlexOnTheBus': { 'max_turns': 120},
      'Analytics': Analytics(account_id='UA-41905278-1', domain_name='cuni.cz'),
      'Audio': { 'sample_rate': 16000, 'samples_per_frame': 256},
      'AudioIO': { 'debug': True, 'output_dir': './aio_call_log', 'play_buffer_size': 1024},
      'DM': { 'PUfalRuleDM': { 'code_submit_url': None,
                               'db_cfg': '/mnt/h/jurcicek/vystadial-git/alex/resources/../applications/CamInfoRest/cued_data/CIRdbase_V7_noloc.txt',
                               'ontology': '/mnt/h/jurcicek/vystadial-git/alex/resources/../applications/CamInfoRest/ontology.cfg',
                               'provide_code': False},
              'UfalRuleDM': { 'code_submit_url': None,
                              'db_cfg': '/mnt/h/jurcicek/vystadial-git/alex/resources/../applications/CamInfoRest/cued_data/CIRdbase_V7_noloc.txt',
                              'ontology': '/mnt/h/jurcicek/vystadial-git/alex/resources/../applications/CamInfoRest/ontology.cfg',
                              'provide_code': False},
              'basic': { 'debug': True, 'silence_timeout': 10.0},
              'debug': True,
              'dialogue_policy': { 'type': <class 'alex.applications.AlexOnTheBus.aotb_hdc_policy.AOTBHDCPolicy'>},
              'dialogue_state': { 'type': <class 'alex.components.dm.dddstate.DeterministicDiscriminativeDialogueState'>},
              'input_timeout': 3.0,
              'ontology': '/mnt/h/jurcicek/vystadial-git/alex/applications/AlexOnTheBus/data/ontology.py',
              'type': 'basic'},
      'General': { 'debug': False, 'include': ['/mnt/h/jurcicek/vystadial-git/alex/resources/private/default.cfg']},
      'Hub': { 'history_file': 'hub_history_hub.txt', 'history_length': 1000, 'main_loop_sleep_time': 0.002},
      'Logging': { 'excepthook': ExceptionHook(
            ExceptionHook
              Hook Type: log
              Hook Logger: SystemLogger(output_dir=./call_logs, stdout_log_level='DEBUG', stdout=True, file_log_level='DEBUG')),
                   'session_logger': SessionLogger(),
                   'system_logger': SystemLogger(output_dir=/net/projects/vystadial/data/call-logs/2013-05-30-alex-aotb-prototype/new, stdout_log_level='DEBUG', stdout=True, file_log_level='DEBUG'),
                   'system_name': u'Alex On The Bus - Live',
                   'version': u'1.0'},
      'NLG': { 'Template': { 'model': '/mnt/h/jurcicek/vystadial-git/alex/applications/AlexOnTheBus/nlg_templates.cfg'},
               'debug': True,
               'type': 'Template'},
      'SHub': { 'history_file': 'hub_history_shub.txt', 'history_length': 1000},
      'SLU': { 'cl-tracing': { 'cldb_fname': '/mnt/h/jurcicek/vystadial-git/alex/applications/CamInfoRest/data/database.py',
                               'do_preprocessing': True,
                               'features_type': ('ngram', 'ab_ngram'),
                               'testing': { 'max_examples': None,
                                            'min_perc': 80,
                                            'model_fname': '/mnt/h/jurcicek/vystadial-git/alex/applications/CamInfoRest/models/130516_minf60-minfc35-mind60.slu_model.gz',
                                            'renormalise': True,
                                            'threshold': None,
                                            'vanilla': True},
                               'training': { 'abstractions': ('abstract',), 'models_dir': 'models'}},
               'debug': True,
               'type': <class 'alex.applications.AlexOnTheBus.aotb_slu.AOTBSLU'>,
               <class 'alex.applications.AlexOnTheBus.aotb_slu.AOTBSLU'>: { 'cldb_fname': '/mnt/h/jurcicek/vystadial-git/alex/applications/AlexOnTheBus/data/database.py',
                                                                            'preprocessing_cls': <class 'alex.applications.AlexOnTheBus.aotb_preprocessing.AOTBSLUPreprocessing'>,
                                                                            'training': { 'models_dir': 'models'}}},
      'THub': { 'history_file': 'hub_history_thub.txt', 'history_length': 1000},
      'TTS': { 'Flite': { 'debug': False,
                          'preprocessing': '/mnt/h/jurcicek/vystadial-git/alex/resources/tts/prep_flite_en.cfg',
                          'voice': 'kal16'},
               'Google': { 'debug': False,
                           'language': 'en',
                           'preprocessing': '/mnt/h/jurcicek/vystadial-git/alex/resources/tts/prep_google_en.cfg'},
               'SpeechTech': { 'debug': True,
                               'login': 'filipjurcicek',
    # this line was removed since it included a password
                               'preprocessing': '/mnt/h/jurcicek/vystadial-git/alex/resources/tts/prep_speechtech_cs.cfg',
                               'voice': 'Iva210'},
               'VoiceRSS': { 'api_key': '3b6a9fca5d724b1c8ac34691586cdda1'},
               'VoiceRss': { 'language': 'en-gb',
                             'preprocessing': '/mnt/h/jurcicek/vystadial-git/alex/resources/tts/prep_voicerss_en.cfg'},
               'debug': True,
               'in_between_segments_silence': 0.1,
               'type': 'SpeechTech'},
      'VAD': { 'debug': False,
               'decision_frames_sil': 25,
               'decision_frames_speech': 10,
               'decision_non_speech_threshold': 0.2,
               'decision_speech_threshold': 0.7,
               'gmm': { 'ceplifter': 22,
                        'enormalise': True,
                        'filter_length': 5,
                        'frameshift': 160,
                        'framesize': 512,
                        'frontend': 'MFCC',
                        'hifreq': 3800,
                        'lofreq': 125,
                        'numceps': 12,
                        'numchans': 26,
                        'preemcoef': 0.97,
                        'sil_model': '/mnt/h/jurcicek/vystadial-git/alex/resources/vad/voip_en/vad_sil_sds_mfcc_m064_f100000.gmm',
                        'speech_model': '/mnt/h/jurcicek/vystadial-git/alex/resources/vad/voip_en/vad_speech_sds_mfcc_m064_f100000.gmm',
                        'useacc': True,
                        'usec0': False,
                        'usecmn': False,
                        'usedelta': True,
                        'usehamming': True,
                        'usepower': True,
                        'zmeansource': True},
               'power': { 'adaptation_frames': 30, 'threshold': 70, 'threshold_multiplier': 1.0},
               'speech_buffer_frames': 20,
               'type': 'gmm'},
      'VoipHub': { 'blacklist_for': 7200,
                   'call_db': u'/net/projects/vystadial/data/call-logs/2013-05-30-alex-aotb-prototype/new/call_db.pckl',
                   'hard_time_limit': 360,
                   'hard_turn_limit': 120,
                   'history_length': 1000,
                   'last_period_max_num_calls': 20,
                   'last_period_max_total_time': 1800,
                   'limit_reached_message': u'D\u011bkujeme za zavol\xe1n\xed, ale u\u017e jste volali hodn\u011b. Pros\xedm zavolejte pozd\u011bji. Na shledanou.',
                   'period': 172800,
                   'pid_file': u'/net/projects/vystadial/data/call-logs/2013-05-30-alex-aotb-prototype/new/vhub_live.pid',
                   'wait_time_before_calling_back': 10},
      'VoipIO': { 'allowed_hosts': '',
                  'allowed_phone_numbers': '(^[234567])',
                  'allowed_users': '(^[234567])',
                  'debug': True,
                  'domain': 'vystadial.ms.mff.cuni.cz',
                  'forbidden_hosts': '',
                  'forbidden_phone_number': '(^112$|^150$|^155$|^156$|^158$)',
                  'forbidden_users': '(^112$|^150$|^155$|^156$|^158$)',
    # this line was removed since it included a password
                  'pjsip_log_level': 3,
                  'reject_calls': False,
                  'user': '800899998'},
      'WebHub': { 'port': 8000},
      'corpustools': { 'get_jasr_confnets': { 'frame_size': 256, 'rt_ratio': 0.2}}}

2013-07-12-01-24-07.195680-CEST  VoipIO-1   : DEBUG      
    VoipIO::on_call_confirmed

2013-07-12-01-24-07.244236-CEST  MainProcess : INFO       
    #181968 Time: 2013-07-12-01-24-07.150937-CEST From: VoipIO     To: HUB        Command: call_connecting(remote_uri="776577617") 

2013-07-12-01-24-07.252576-CEST  MainProcess : INFO       
    #181969 Time: 2013-07-12-01-24-07.197177-CEST From: VoipIO     To: HUB        Command: call_confirmed(remote_uri="776577617") 

2013-07-12-01-24-07.259096-CEST  MainProcess : INFO       
    
    ========================================================================================================================
    Incoming call from :          776577617
    ------------------------------------------------------------------------------------------------------------------------
    Total calls:                  0
    Total time (min):             0.0
    Last period total calls:      0
    Last period total time (min): 0.0
    ------------------------------------------------------------------------------------------------------------------------
    CALL ACCEPTED
    ========================================================================================================================
    

2013-07-12-01-24-07.263806-CEST  DM-5       : DEBUG      
    #181972 Time: 2013-07-12-01-24-07.256244-CEST From: HUB        To: DM         Command: new_dialogue() 

2013-07-12-01-24-07.279425-CEST  DM-5       : DEBUG      
    DM Output
    ------------------------------------------------------------
    hello()
    

2013-07-12-01-24-07.292778-CEST  MainProcess : INFO       
    #181975 Time: 2013-07-12-01-24-07.287194-CEST From: DM         To: HUB        DA: hello() 

2013-07-12-01-24-07.300876-CEST  NLG-6      : DEBUG      
    #181976 Time: 2013-07-12-01-24-07.295202-CEST From: HUB        To: NLG        DA: hello() 

2013-07-12-01-24-07.305015-CEST  NLG-6      : DEBUG      
    NLG Output
    ------------------------------------------------------------
    Dobrý den. Tato experimentální služba je poskytována laboratoří výzkumu hlasových dialogových systémů na Ústavu Formální a Aplikované Lingvistiky na Karlově Univerzitě. Hovor je nahráván. Více informací o této službě je na internetu. Jak Vám mohu pomoci. Můžete například říct chtěl bych jet z Malostranského náměstí na Zličín.
    

2013-07-12-01-24-07.317573-CEST  MainProcess : INFO       
    #181978 Time: 2013-07-12-01-24-07.312720-CEST From: NLG        To: HUB        Command: nlg_text_generated() 

2013-07-12-01-24-07.324098-CEST  MainProcess : INFO       
    #181981 Time: 2013-07-12-01-24-07.318764-CEST From: TTS        To: HUB        Command: tts_start(user_id="None",text="Dobrý den. Tato experimentální služba je poskytována laboratoří výzkumu hlasových dialogových systémů na Ústavu Formální a Aplikované Lingvistiky na Karlově Univerzitě. Hovor je nahráván. Více informací o této službě je na internetu. Jak Vám mohu pomoci. Můžete například říct chtěl bych jet z Malostranského náměstí na Zličín.") 

2013-07-12-01-24-07.375627-CEST  MainProcess : INFO       
    #181984 Time: 2013-07-12-01-24-07.336092-CEST From: VoipIO     To: HUB        Command: play_utterance_start(user_id="None",fname="tts-2013-07-12-01-24-07.314643.wav") 

2013-07-12-01-24-07.951982-CEST  MainProcess : INFO       
    #183216 Time: 2013-07-12-01-24-07.945725-CEST From: VAD        To: HUB        Command: speech_start(fname="vad-2013-07-12-01-24-07.930693.wav") 

2013-07-12-01-24-07.957101-CEST  ASR-3      : DEBUG      
    ASR: speech_start(fname="vad-2013-07-12-01-24-07.930693.wav")

2013-07-12-01-24-07.961836-CEST  MainProcess : INFO       
    #183217 Time: 2013-07-12-01-24-07.947381-CEST From: ASR        To: HUB        Command: asr_start(fname="vad-2013-07-12-01-24-07.930693.wav") 

2013-07-12-01-24-08.366485-CEST  ASR-3      : DEBUG      
    ASR: speech_end(fname="vad-2013-07-12-01-24-07.930693.wav")

2013-07-12-01-24-08.371722-CEST  MainProcess : INFO       
    #183244 Time: 2013-07-12-01-24-08.361292-CEST From: VAD        To: HUB        Command: speech_end(fname="vad-2013-07-12-01-24-07.930693.wav") 

2013-07-12-01-24-08.620226-CEST  ASR-3      : DEBUG      
    ASR Hypothesis
    ------------------------------------------------------------
    1.000 __silence__
    0.000 __other__
    

2013-07-12-01-24-08.635948-CEST  MainProcess : INFO       
    #183262 Time: 2013-07-12-01-24-08.629851-CEST From: ASR        To: HUB        Command: asr_end(fname="vad-2013-07-12-01-24-07.930693.wav") 

2013-07-12-01-24-08.640555-CEST  SLU-4      : DEBUG      
    SLU Hypothesis
    ------------------------------------------------------------
    1.000 silence()
    

2013-07-12-01-24-08.659090-CEST  DM-5       : DEBUG      
    DDDState Dialogue Act in: silence()

2013-07-12-01-24-08.663468-CEST  MainProcess : INFO       
    #183265 Time: 2013-07-12-01-24-08.653889-CEST From: SLU        To: HUB        Command: slu_parsed(fname="vad-2013-07-12-01-24-07.930693.wav") 

2013-07-12-01-24-08.667788-CEST  DM-5       : DEBUG      
    Context Resolution - Dialogue Act: silence()

2013-07-12-01-24-08.671827-CEST  DM-5       : DEBUG      
    DDDState - Dialogue state content:
    
    ludait = silence
    silence_time = 0.0
    
    
    
    

2013-07-12-01-24-08.675905-CEST  DM-5       : DEBUG      
    DDDState - Dialogue state update
    
    Requested slots:
    {}
    Confirmed slots:
    {}
    Non-informed slots:
    {u'silence_time': 0.0}

2013-07-12-01-24-08.698228-CEST  DM-5       : DEBUG      
    DM Output
    ------------------------------------------------------------
    silence()
    

2013-07-12-01-24-08.713053-CEST  MainProcess : INFO       
    #183271 Time: 2013-07-12-01-24-08.708508-CEST From: DM         To: HUB        DA: silence() 

2013-07-12-01-24-12.536812-CEST  MainProcess : INFO       
    #183852 Time: 2013-07-12-01-24-12.527784-CEST From: TTS        To: HUB        Command: tts_end(user_id="None",text="Dobrý den. Tato experimentální služba je poskytována laboratoří výzkumu hlasových dialogových systémů na Ústavu Formální a Aplikované Lingvistiky na Karlově Univerzitě. Hovor je nahráván. Více informací o této službě je na internetu. Jak Vám mohu pomoci. Můžete například říct chtěl bych jet z Malostranského náměstí na Zličín.",fname="tts-2013-07-12-01-24-07.314643.wav",log="true") 

2013-07-12-01-24-31.817062-CEST  MainProcess : INFO       
    #185024 Time: 2013-07-12-01-24-31.244528-CEST From: VoipIO     To: HUB        Command: play_utterance_end(user_id="None",fname="tts-2013-07-12-01-24-07.314643.wav) 

2013-07-12-01-24-33.793187-CEST  ASR-3      : DEBUG      
    ASR: speech_start(fname="vad-2013-07-12-01-24-33.762516.wav")

2013-07-12-01-24-33.798430-CEST  MainProcess : INFO       
    #185184 Time: 2013-07-12-01-24-33.788456-CEST From: VAD        To: HUB        Command: speech_start(fname="vad-2013-07-12-01-24-33.762516.wav") 

2013-07-12-01-24-33.806289-CEST  MainProcess : INFO       
    #185185 Time: 2013-07-12-01-24-33.789139-CEST From: ASR        To: HUB        Command: asr_start(fname="vad-2013-07-12-01-24-33.762516.wav") 

2013-07-12-01-24-36.263348-CEST  ASR-3      : DEBUG      
    ASR: speech_end(fname="vad-2013-07-12-01-24-33.762516.wav")

2013-07-12-01-24-36.268532-CEST  MainProcess : INFO       
    #185341 Time: 2013-07-12-01-24-36.259241-CEST From: VAD        To: HUB        Command: speech_end(fname="vad-2013-07-12-01-24-33.762516.wav") 

2013-07-12-01-24-36.969283-CEST  ASR-3      : DEBUG      
    ASR Hypothesis
    ------------------------------------------------------------
    0.761 pavel kubina hlavní nádraží
    0.030 pavel klíma hlavní nádraží
    0.028 pavel klima hlavní nádraží
    0.026 bych se stavil klima hlavní nádraží
    0.024 chtěl bych se stavil klima hlavní nádraží
    0.022 chtěl bych pavel kubina hlavní nádraží
    0.020 bych pavel kubina hlavní nádraží
    0.018 já bych se stavil klima hlavní nádraží
    0.016 bych se stavil prima hlavní nádraží
    0.014 jak bych se stavil klima hlavní nádraží
    0.012 pavel kubina hlavním nádraží
    0.010 chtěl bych se stavil prima hlavní nádraží
    0.008 pavel prima hlavní nádraží
    0.006 chtěl bych pavel klíma hlavní nádraží
    0.004 bych pavel klíma hlavní nádraží
    0.002 já bych se stavil prima hlavní nádraží
    0.000 __other__
    

2013-07-12-01-24-36.988109-CEST  MainProcess : INFO       
    #185388 Time: 2013-07-12-01-24-36.983309-CEST From: ASR        To: HUB        Command: asr_end(fname="vad-2013-07-12-01-24-33.762516.wav") 

2013-07-12-01-24-38.097017-CEST  SLU-4      : DEBUG      
    SLU Hypothesis
    ------------------------------------------------------------
    0.988 inform(="Hlavní nádraží")
    0.012 inform(="Hlavní")
    

2013-07-12-01-24-38.117782-CEST  MainProcess : INFO       
    #185461 Time: 2013-07-12-01-24-38.112779-CEST From: SLU        To: HUB        Command: slu_parsed(fname="vad-2013-07-12-01-24-33.762516.wav") 

2013-07-12-01-24-38.122264-CEST  DM-5       : DEBUG      
    DDDState Dialogue Act in: inform(="Hlavní nádraží")

2013-07-12-01-24-38.126812-CEST  DM-5       : DEBUG      
    Context Resolution - Dialogue Act: inform(="Hlavní nádraží")

2013-07-12-01-24-38.130853-CEST  DM-5       : DEBUG      
    DDDState - Dialogue state content:
    
    ludait = none
    silence_time = 0.0
    
    
    
    

2013-07-12-01-24-38.135827-CEST  DM-5       : DEBUG      
    DDDState - Dialogue state update
    
    Requested slots:
    {}
    Confirmed slots:
    {}
    Non-informed slots:
    {u'silence_time': 0.0}

2013-07-12-01-24-38.176745-CEST  DM-5       : DEBUG      
    DM Output
    ------------------------------------------------------------
    request(from_stop)
    

2013-07-12-01-24-38.198688-CEST  MainProcess : INFO       
    #185467 Time: 2013-07-12-01-24-38.192912-CEST From: DM         To: HUB        DA: request(from_stop) 

2013-07-12-01-24-38.207435-CEST  NLG-6      : DEBUG      
    #185469 Time: 2013-07-12-01-24-38.201930-CEST From: HUB        To: NLG        DA: request(from_stop) 

2013-07-12-01-24-38.212241-CEST  NLG-6      : DEBUG      
    NLG Output
    ------------------------------------------------------------
    Z jaké zastávky chcete jet?
    

2013-07-12-01-24-38.233500-CEST  MainProcess : INFO       
    #185472 Time: 2013-07-12-01-24-38.228186-CEST From: NLG        To: HUB        Command: nlg_text_generated() 

2013-07-12-01-24-38.240796-CEST  MainProcess : INFO       
    #185474 Time: 2013-07-12-01-24-38.234884-CEST From: TTS        To: HUB        Command: tts_start(user_id="None",text="Z jaké zastávky chcete jet?") 

2013-07-12-01-24-38.280878-CEST  MainProcess : INFO       
    #185477 Time: 2013-07-12-01-24-38.240748-CEST From: VoipIO     To: HUB        Command: play_utterance_start(user_id="None",fname="tts-2013-07-12-01-24-38.230053.wav") 

2013-07-12-01-24-38.285725-CEST  MainProcess : INFO       
    #185631 Time: 2013-07-12-01-24-38.278709-CEST From: TTS        To: HUB        Command: tts_end(user_id="None",text="Z jaké zastávky chcete jet?",fname="tts-2013-07-12-01-24-38.230053.wav",log="true") 

2013-07-12-01-24-40.710879-CEST  MainProcess : INFO       
    #185779 Time: 2013-07-12-01-24-40.603831-CEST From: VoipIO     To: HUB        Command: play_utterance_end(user_id="None",fname="tts-2013-07-12-01-24-38.230053.wav) 

2013-07-12-01-24-41.838275-CEST  MainProcess : INFO       
    #185857 Time: 2013-07-12-01-24-41.834111-CEST From: VAD        To: HUB        Command: speech_start(fname="vad-2013-07-12-01-24-41.801752.wav") 

2013-07-12-01-24-41.843308-CEST  ASR-3      : DEBUG      
    ASR: speech_start(fname="vad-2013-07-12-01-24-41.801752.wav")

2013-07-12-01-24-41.848541-CEST  MainProcess : INFO       
    #185858 Time: 2013-07-12-01-24-41.835812-CEST From: ASR        To: HUB        Command: asr_start(fname="vad-2013-07-12-01-24-41.801752.wav") 

2013-07-12-01-24-42.654241-CEST  ASR-3      : DEBUG      
    ASR: speech_end(fname="vad-2013-07-12-01-24-41.801752.wav")

2013-07-12-01-24-42.658892-CEST  MainProcess : INFO       
    #185912 Time: 2013-07-12-01-24-42.649902-CEST From: VAD        To: HUB        Command: speech_end(fname="vad-2013-07-12-01-24-41.801752.wav") 

2013-07-12-01-24-42.998550-CEST  ASR-3      : DEBUG      
    ASR Hypothesis
    ------------------------------------------------------------
    0.483 pavelková
    0.207 pavelkova
    0.155 havelková
    0.103 havelkova
    0.052 pavel kovář
    0.000 __other__
    

2013-07-12-01-24-43.027173-CEST  MainProcess : INFO       
    #185936 Time: 2013-07-12-01-24-43.022046-CEST From: ASR        To: HUB        Command: asr_end(fname="vad-2013-07-12-01-24-41.801752.wav") 

2013-07-12-01-24-43.384447-CEST  SLU-4      : DEBUG      
    SLU Hypothesis
    ------------------------------------------------------------
    0.793 other()
    0.207 inform(="Pavelkova")
    

2013-07-12-01-24-43.409878-CEST  MainProcess : INFO       
    #185961 Time: 2013-07-12-01-24-43.403870-CEST From: SLU        To: HUB        Command: slu_parsed(fname="vad-2013-07-12-01-24-41.801752.wav") 

2013-07-12-01-24-43.414097-CEST  DM-5       : DEBUG      
    DDDState Dialogue Act in: other()

2013-07-12-01-24-43.418705-CEST  DM-5       : DEBUG      
    Context Resolution - Dialogue Act: other()

2013-07-12-01-24-43.423358-CEST  DM-5       : DEBUG      
    DDDState - Dialogue state content:
    
    ludait = other
    alternative = none
    from_centre = none
    from_stop = none
    silence_time = 0.0
    time = none
    to_centre = none
    to_stop = none
    
    
    
    

2013-07-12-01-24-43.427938-CEST  DM-5       : DEBUG      
    DDDState - Dialogue state update
    
    Requested slots:
    {}
    Confirmed slots:
    {}
    Non-informed slots:
    {u'silence_time': 0.0}

2013-07-12-01-24-43.470439-CEST  DM-5       : DEBUG      
    DM Output
    ------------------------------------------------------------
    notunderstood()&help(inform="from_stop")
    

2013-07-12-01-24-43.497381-CEST  MainProcess : INFO       
    #185969 Time: 2013-07-12-01-24-43.491470-CEST From: DM         To: HUB        DA: notunderstood()&help(inform="from_stop") 

2013-07-12-01-24-43.503753-CEST  NLG-6      : DEBUG      
    #185970 Time: 2013-07-12-01-24-43.499210-CEST From: HUB        To: NLG        DA: notunderstood()&help(inform="from_stop") 

2013-07-12-01-24-43.509194-CEST  NLG-6      : DEBUG      
    NLG Output
    ------------------------------------------------------------
    Promiňte, nerozuměla jsem. Můžete například říct chtěl bych jet z Anděla.
    

2013-07-12-01-24-43.539523-CEST  MainProcess : INFO       
    #185973 Time: 2013-07-12-01-24-43.534316-CEST From: NLG        To: HUB        Command: nlg_text_generated() 

2013-07-12-01-24-43.545724-CEST  MainProcess : INFO       
    #185975 Time: 2013-07-12-01-24-43.535678-CEST From: TTS        To: HUB        Command: tts_start(user_id="None",text="Promiňte, nerozuměla jsem. Můžete například říct chtěl bych jet z Anděla.") 

2013-07-12-01-24-43.585902-CEST  MainProcess : INFO       
    #185978 Time: 2013-07-12-01-24-43.538809-CEST From: VoipIO     To: HUB        Command: play_utterance_start(user_id="None",fname="tts-2013-07-12-01-24-43.535492.wav") 

2013-07-12-01-24-43.699410-CEST  MainProcess : INFO       
    #186357 Time: 2013-07-12-01-24-43.691849-CEST From: TTS        To: HUB        Command: tts_end(user_id="None",text="Promiňte, nerozuměla jsem. Můžete například říct chtěl bych jet z Anděla.",fname="tts-2013-07-12-01-24-43.535492.wav",log="true") 

2013-07-12-01-24-47.169700-CEST  ASR-3      : DEBUG      
    ASR: speech_start(fname="vad-2013-07-12-01-24-47.124269.wav")

2013-07-12-01-24-47.174919-CEST  MainProcess : INFO       
    #186576 Time: 2013-07-12-01-24-47.164832-CEST From: VAD        To: HUB        Command: speech_start(fname="vad-2013-07-12-01-24-47.124269.wav") 

2013-07-12-01-24-47.182060-CEST  MainProcess : INFO       
    #186577 Time: 2013-07-12-01-24-47.165175-CEST From: ASR        To: HUB        Command: asr_start(fname="vad-2013-07-12-01-24-47.124269.wav") 

2013-07-12-01-24-47.516867-CEST  ASR-3      : DEBUG      
    ASR: speech_end(fname="vad-2013-07-12-01-24-47.124269.wav")

2013-07-12-01-24-47.524172-CEST  MainProcess : INFO       
    #186601 Time: 2013-07-12-01-24-47.512473-CEST From: VAD        To: HUB        Command: speech_end(fname="vad-2013-07-12-01-24-47.124269.wav") 

2013-07-12-01-24-47.801034-CEST  ASR-3      : DEBUG      
    ASR Hypothesis
    ------------------------------------------------------------
    1.000 __silence__
    0.000 __other__
    

2013-07-12-01-24-47.827843-CEST  MainProcess : INFO       
    #186622 Time: 2013-07-12-01-24-47.823366-CEST From: ASR        To: HUB        Command: asr_end(fname="vad-2013-07-12-01-24-47.124269.wav") 

2013-07-12-01-24-47.832805-CEST  SLU-4      : DEBUG      
    SLU Hypothesis
    ------------------------------------------------------------
    1.000 silence()
    

2013-07-12-01-24-47.866525-CEST  DM-5       : DEBUG      
    DDDState Dialogue Act in: silence()

2013-07-12-01-24-47.870938-CEST  MainProcess : INFO       
    #186625 Time: 2013-07-12-01-24-47.861057-CEST From: SLU        To: HUB        Command: slu_parsed(fname="vad-2013-07-12-01-24-47.124269.wav") 

2013-07-12-01-24-47.875351-CEST  DM-5       : DEBUG      
    Context Resolution - Dialogue Act: silence()

2013-07-12-01-24-47.880221-CEST  DM-5       : DEBUG      
    DDDState - Dialogue state content:
    
    ludait = silence
    alternative = none
    from_centre = none
    from_stop = none
    route_alternative = none
    silence_time = 0.0
    time = none
    to_centre = none
    to_stop = none
    
    
    
    

2013-07-12-01-24-47.884640-CEST  DM-5       : DEBUG      
    DDDState - Dialogue state update
    
    Requested slots:
    {}
    Confirmed slots:
    {}
    Non-informed slots:
    {u'silence_time': 0.0}

2013-07-12-01-24-48.022476-CEST  DM-5       : DEBUG      
    DM Output
    ------------------------------------------------------------
    silence()
    

2013-07-12-01-24-48.051714-CEST  MainProcess : INFO       
    #186639 Time: 2013-07-12-01-24-48.047031-CEST From: DM         To: HUB        DA: silence() 

2013-07-12-01-24-49.479611-CEST  MainProcess : INFO       
    #186692 Time: 2013-07-12-01-24-48.873100-CEST From: VoipIO     To: HUB        Command: play_utterance_end(user_id="None",fname="tts-2013-07-12-01-24-43.535492.wav) 

2013-07-12-01-24-50.747345-CEST  MainProcess : INFO       
    #186811 Time: 2013-07-12-01-24-50.742547-CEST From: VAD        To: HUB        Command: speech_start(fname="vad-2013-07-12-01-24-50.695577.wav") 

2013-07-12-01-24-50.752399-CEST  ASR-3      : DEBUG      
    ASR: speech_start(fname="vad-2013-07-12-01-24-50.695577.wav")

2013-07-12-01-24-50.757282-CEST  MainProcess : INFO       
    #186812 Time: 2013-07-12-01-24-50.744472-CEST From: ASR        To: HUB        Command: asr_start(fname="vad-2013-07-12-01-24-50.695577.wav") 

2013-07-12-01-24-52.262922-CEST  MainProcess : INFO       
    #186909 Time: 2013-07-12-01-24-52.257316-CEST From: VAD        To: HUB        Command: speech_end(fname="vad-2013-07-12-01-24-50.695577.wav") 

2013-07-12-01-24-52.268935-CEST  ASR-3      : DEBUG      
    ASR: speech_end(fname="vad-2013-07-12-01-24-50.695577.wav")

2013-07-12-01-24-52.965626-CEST  ASR-3      : DEBUG      
    ASR Hypothesis
    ------------------------------------------------------------
    0.822 chtěl bych jet pavelkovi
    0.018 chtěl bych pavelkovi
    0.017 chtěl bych jet pavel kovy
    0.016 chtěl bych 5 pavelkovi
    0.015 chtěl bych z pavelkovi
    0.014 chtěl bych et pavelkovi
    0.013 chtěl bych pavel kovy
    0.012 chtěl bych jet pavelkovi i
    0.011 chtěl bych jet pawel kovy
    0.010 chtěl bych jet pavelkovi ať
    0.009 chtěl bych jet pavelkovi a
    0.008 chtěl bych se stavil kovy
    0.007 chtěl bych spal kovy
    0.007 chtěl bych vypadal kovy
    0.006 chtěl bych jet pavel kovi
    0.005 chtěl bych pavelkovi i
    0.004 chtěl bych pawel kovy
    0.003 chtěl bych 5 pavel kovy
    0.002 chtěl bych pavelkovi ať
    0.001 chtěl bych pavelkovi a
    0.000 __other__
    

2013-07-12-01-24-53.003649-CEST  MainProcess : INFO       
    #186956 Time: 2013-07-12-01-24-52.997643-CEST From: ASR        To: HUB        Command: asr_end(fname="vad-2013-07-12-01-24-50.695577.wav") 

2013-07-12-01-24-54.187395-CEST  SLU-4      : DEBUG      
    SLU Hypothesis
    ------------------------------------------------------------
    0.909 inform(="Pavelkova")
    0.076 other()
    0.015 inform(from_stop="Pavelkova")
    

2013-07-12-01-24-54.210571-CEST  MainProcess : INFO       
    #187034 Time: 2013-07-12-01-24-54.206533-CEST From: SLU        To: HUB        Command: slu_parsed(fname="vad-2013-07-12-01-24-50.695577.wav") 

2013-07-12-01-24-54.214528-CEST  DM-5       : DEBUG      
    DDDState Dialogue Act in: inform(="Pavelkova")

2013-07-12-01-24-54.218258-CEST  DM-5       : DEBUG      
    Context Resolution - Dialogue Act: inform(="Pavelkova")

2013-07-12-01-24-54.222213-CEST  DM-5       : DEBUG      
    DDDState - Dialogue state content:
    
    ludait = none
    alternative = none
    from_centre = none
    from_stop = none
    route_alternative = none
    silence_time = 0.0
    time = none
    to_centre = none
    to_stop = none
    
    
    
    

2013-07-12-01-24-54.225680-CEST  DM-5       : DEBUG      
    DDDState - Dialogue state update
    
    Requested slots:
    {}
    Confirmed slots:
    {}
    Non-informed slots:
    {u'silence_time': 0.0}

2013-07-12-01-24-54.260363-CEST  DM-5       : DEBUG      
    DM Output
    ------------------------------------------------------------
    confirm(from_centre="true")
    

2013-07-12-01-24-54.283825-CEST  MainProcess : INFO       
    #187039 Time: 2013-07-12-01-24-54.280520-CEST From: DM         To: HUB        DA: confirm(from_centre="true") 

2013-07-12-01-24-54.291025-CEST  NLG-6      : DEBUG      
    #187041 Time: 2013-07-12-01-24-54.285629-CEST From: HUB        To: NLG        DA: confirm(from_centre="true") 

2013-07-12-01-24-54.294166-CEST  NLG-6      : DEBUG      
    NLG Output
    ------------------------------------------------------------
    Jedete z centra?
    

2013-07-12-01-24-54.316841-CEST  MainProcess : INFO       
    #187043 Time: 2013-07-12-01-24-54.311983-CEST From: NLG        To: HUB        Command: nlg_text_generated() 

2013-07-12-01-24-54.322692-CEST  MainProcess : INFO       
    #187046 Time: 2013-07-12-01-24-54.318001-CEST From: TTS        To: HUB        Command: tts_start(user_id="None",text="Jedete z centra?") 

2013-07-12-01-24-54.335139-CEST  MainProcess : INFO       
    #187144 Time: 2013-07-12-01-24-54.331278-CEST From: TTS        To: HUB        Command: tts_end(user_id="None",text="Jedete z centra?",fname="tts-2013-07-12-01-24-54.313540.wav",log="true") 

2013-07-12-01-24-54.370233-CEST  MainProcess : INFO       
    #187145 Time: 2013-07-12-01-24-54.332261-CEST From: VoipIO     To: HUB        Command: play_utterance_start(user_id="None",fname="tts-2013-07-12-01-24-54.313540.wav") 

2013-07-12-01-24-55.878588-CEST  MainProcess : INFO       
    #187229 Time: 2013-07-12-01-24-55.645338-CEST From: VoipIO     To: HUB        Command: play_utterance_end(user_id="None",fname="tts-2013-07-12-01-24-54.313540.wav) 

2013-07-12-01-24-57.729156-CEST  ASR-3      : DEBUG      
    ASR: speech_start(fname="vad-2013-07-12-01-24-57.657190.wav")

2013-07-12-01-24-57.734328-CEST  MainProcess : INFO       
    #187360 Time: 2013-07-12-01-24-57.724766-CEST From: VAD        To: HUB        Command: speech_start(fname="vad-2013-07-12-01-24-57.657190.wav") 

2013-07-12-01-24-57.741277-CEST  MainProcess : INFO       
    #187361 Time: 2013-07-12-01-24-57.725440-CEST From: ASR        To: HUB        Command: asr_start(fname="vad-2013-07-12-01-24-57.657190.wav") 

2013-07-12-01-24-58.216874-CEST  ASR-3      : DEBUG      
    ASR: speech_end(fname="vad-2013-07-12-01-24-57.657190.wav")

2013-07-12-01-24-58.222033-CEST  MainProcess : INFO       
    #187394 Time: 2013-07-12-01-24-58.212871-CEST From: VAD        To: HUB        Command: speech_end(fname="vad-2013-07-12-01-24-57.657190.wav") 

2013-07-12-01-24-58.652359-CEST  ASR-3      : DEBUG      
    ASR Hypothesis
    ------------------------------------------------------------
    0.386 ne
    0.246 sme
    0.184 me
    0.123 meme
    0.061 máme
    0.000 __other__
    

2013-07-12-01-24-58.701210-CEST  MainProcess : INFO       
    #187425 Time: 2013-07-12-01-24-58.696200-CEST From: ASR        To: HUB        Command: asr_end(fname="vad-2013-07-12-01-24-57.657190.wav") 

2013-07-12-01-24-59.051989-CEST  SLU-4      : DEBUG      
    SLU Hypothesis
    ------------------------------------------------------------
    0.614 other()
    0.386 negate()
    

2013-07-12-01-24-59.090904-CEST  MainProcess : INFO       
    #187452 Time: 2013-07-12-01-24-59.086612-CEST From: SLU        To: HUB        Command: slu_parsed(fname="vad-2013-07-12-01-24-57.657190.wav") 

2013-07-12-01-24-59.095868-CEST  DM-5       : DEBUG      
    DDDState Dialogue Act in: other()

2013-07-12-01-24-59.100509-CEST  DM-5       : DEBUG      
    Context Resolution - Dialogue Act: other()

2013-07-12-01-24-59.105330-CEST  DM-5       : DEBUG      
    DDDState - Dialogue state content:
    
    ludait = other
    alternative = none
    from_centre = none
    from_stop = none
    route_alternative = none
    silence_time = 0.0
    time = none
    to_centre = none
    to_stop = none
    
    
    
    

2013-07-12-01-24-59.110088-CEST  DM-5       : DEBUG      
    DDDState - Dialogue state update
    
    Requested slots:
    {}
    Confirmed slots:
    {}
    Non-informed slots:
    {u'silence_time': 0.0}

2013-07-12-01-24-59.183990-CEST  DM-5       : DEBUG      
    DM Output
    ------------------------------------------------------------
    notunderstood()&help(inform="from_stop")
    

2013-07-12-01-24-59.229814-CEST  MainProcess : INFO       
    #187462 Time: 2013-07-12-01-24-59.225647-CEST From: DM         To: HUB        DA: notunderstood()&help(inform="from_stop") 

2013-07-12-01-24-59.238295-CEST  NLG-6      : DEBUG      
    #187464 Time: 2013-07-12-01-24-59.232912-CEST From: HUB        To: NLG        DA: notunderstood()&help(inform="from_stop") 

2013-07-12-01-24-59.243648-CEST  NLG-6      : DEBUG      
    NLG Output
    ------------------------------------------------------------
    Promiňte, nerozuměla jsem. Můžete to zopakovat? Můžete například říct chtěl bych jet ze zastávky Malostranské náměstí.
    

2013-07-12-01-24-59.285780-CEST  MainProcess : INFO       
    #187467 Time: 2013-07-12-01-24-59.280496-CEST From: NLG        To: HUB        Command: nlg_text_generated() 

2013-07-12-01-24-59.291207-CEST  MainProcess : INFO       
    #187470 Time: 2013-07-12-01-24-59.281754-CEST From: TTS        To: HUB        Command: tts_start(user_id="None",text="Promiňte, nerozuměla jsem. Můžete to zopakovat? Můžete například říct chtěl bych jet ze zastávky Malostranské náměstí.") 

2013-07-12-01-24-59.358377-CEST  MainProcess : INFO       
    #187473 Time: 2013-07-12-01-24-59.296805-CEST From: VoipIO     To: HUB        Command: play_utterance_start(user_id="None",fname="tts-2013-07-12-01-24-59.281549.wav") 

2013-07-12-01-24-59.508818-CEST  MainProcess : INFO       
    #188073 Time: 2013-07-12-01-24-59.500318-CEST From: TTS        To: HUB        Command: tts_end(user_id="None",text="Promiňte, nerozuměla jsem. Můžete to zopakovat? Můžete například říct chtěl bych jet ze zastávky Malostranské náměstí.",fname="tts-2013-07-12-01-24-59.281549.wav",log="true") 

2013-07-12-01-25-08.745328-CEST  MainProcess : INFO       
    #188635 Time: 2013-07-12-01-25-08.444513-CEST From: VoipIO     To: HUB        Command: play_utterance_end(user_id="None",fname="tts-2013-07-12-01-24-59.281549.wav) 

2013-07-12-01-25-10.413650-CEST  MainProcess : INFO       
    #188759 Time: 2013-07-12-01-25-10.408559-CEST From: VAD        To: HUB        Command: speech_start(fname="vad-2013-07-12-01-25-10.332533.wav") 

2013-07-12-01-25-10.418344-CEST  ASR-3      : DEBUG      
    ASR: speech_start(fname="vad-2013-07-12-01-25-10.332533.wav")

2013-07-12-01-25-10.423264-CEST  MainProcess : INFO       
    #188760 Time: 2013-07-12-01-25-10.410578-CEST From: ASR        To: HUB        Command: asr_start(fname="vad-2013-07-12-01-25-10.332533.wav") 

2013-07-12-01-25-12.358187-CEST  MainProcess : INFO       
    #188884 Time: 2013-07-12-01-25-12.353746-CEST From: VAD        To: HUB        Command: speech_end(fname="vad-2013-07-12-01-25-10.332533.wav") 

2013-07-12-01-25-12.362344-CEST  ASR-3      : DEBUG      
    ASR: speech_end(fname="vad-2013-07-12-01-25-10.332533.wav")

2013-07-12-01-25-13.140652-CEST  ASR-3      : DEBUG      
    ASR Hypothesis
    ------------------------------------------------------------
    0.731 chtěl bych zastávky pavelková
    0.041 chtěl bych zastávky pavelkova
    0.038 fibich zastávky pavelková
    0.034 abych zastávky pavelková
    0.031 chtěl bich zastávky pavelková
    0.028 fibich zastávky pavelkova
    0.024 abych zastávky pavelkova
    0.021 chtěl bich zastávky pavelkova
    0.017 chtěl bych zastávky popelková
    0.014 chtěl bych zastávky pálková
    0.010 chtěl bych zastávky pavelková i
    0.007 chtěl bych zastávka pavelková
    0.003 chtěl bych zastávku pavelková
    0.000 __other__
    

2013-07-12-01-25-13.204023-CEST  MainProcess : INFO       
    #188937 Time: 2013-07-12-01-25-13.197818-CEST From: ASR        To: HUB        Command: asr_end(fname="vad-2013-07-12-01-25-10.332533.wav") 

2013-07-12-01-25-14.026530-CEST  SLU-4      : DEBUG      
    SLU Hypothesis
    ------------------------------------------------------------
    0.886 other()
    0.114 inform(="Pavelkova")
    

2013-07-12-01-25-14.059315-CEST  MainProcess : INFO       
    #188993 Time: 2013-07-12-01-25-14.055074-CEST From: SLU        To: HUB        Command: slu_parsed(fname="vad-2013-07-12-01-25-10.332533.wav") 

2013-07-12-01-25-14.063242-CEST  DM-5       : DEBUG      
    DDDState Dialogue Act in: other()

2013-07-12-01-25-14.066801-CEST  DM-5       : DEBUG      
    Context Resolution - Dialogue Act: other()

2013-07-12-01-25-14.072027-CEST  DM-5       : DEBUG      
    DDDState - Dialogue state content:
    
    ludait = other
    alternative = none
    from_centre = none
    from_stop = none
    route_alternative = none
    silence_time = 0.0
    time = none
    to_centre = none
    to_stop = none
    
    
    
    

2013-07-12-01-25-14.075665-CEST  DM-5       : DEBUG      
    DDDState - Dialogue state update
    
    Requested slots:
    {}
    Confirmed slots:
    {}
    Non-informed slots:
    {u'silence_time': 0.0}

2013-07-12-01-25-14.127042-CEST  DM-5       : DEBUG      
    DM Output
    ------------------------------------------------------------
    notunderstood()&help(request="help")
    

2013-07-12-01-25-14.153108-CEST  MainProcess : INFO       
    #189001 Time: 2013-07-12-01-25-14.148706-CEST From: DM         To: HUB        DA: notunderstood()&help(request="help") 

2013-07-12-01-25-14.158913-CEST  NLG-6      : DEBUG      
    #189002 Time: 2013-07-12-01-25-14.155404-CEST From: HUB        To: NLG        DA: notunderstood()&help(request="help") 

2013-07-12-01-25-14.162773-CEST  NLG-6      : DEBUG      
    NLG Output
    ------------------------------------------------------------
    Nerozuměla jsem. Pokud nevíte jak se se mnou bavit nebo co říct zeptejte se na nápovědu nebo požádejte o pomoc.
    

2013-07-12-01-25-14.191473-CEST  MainProcess : INFO       
    #189006 Time: 2013-07-12-01-25-14.187700-CEST From: NLG        To: HUB        Command: nlg_text_generated() 

2013-07-12-01-25-14.197416-CEST  MainProcess : INFO       
    #189008 Time: 2013-07-12-01-25-14.192536-CEST From: TTS        To: HUB        Command: tts_start(user_id="None",text="Nerozuměla jsem. Pokud nevíte jak se se mnou bavit nebo co říct zeptejte se na nápovědu nebo požádejte o pomoc.") 

2013-07-12-01-25-14.255001-CEST  MainProcess : INFO       
    #189011 Time: 2013-07-12-01-25-14.196616-CEST From: VoipIO     To: HUB        Command: play_utterance_start(user_id="None",fname="tts-2013-07-12-01-25-14.189858.wav") 

2013-07-12-01-25-14.293164-CEST  MainProcess : INFO       
    #189515 Time: 2013-07-12-01-25-14.285898-CEST From: TTS        To: HUB        Command: tts_end(user_id="None",text="Nerozuměla jsem. Pokud nevíte jak se se mnou bavit nebo co říct zeptejte se na nápovědu nebo požádejte o pomoc.",fname="tts-2013-07-12-01-25-14.189858.wav",log="true") 

2013-07-12-01-25-22.248547-CEST  MainProcess : INFO       
    #190004 Time: 2013-07-12-01-25-22.085800-CEST From: VoipIO     To: HUB        Command: play_utterance_end(user_id="None",fname="tts-2013-07-12-01-25-14.189858.wav) 

2013-07-12-01-25-24.508919-CEST  VoipIO-1   : DEBUG      
    CallCallback::on_state : Call with "776577617" <sip:776577617@195.113.20.160> is DISCONNCTD last code = 200 (Normal call clearing)

2013-07-12-01-25-24.610588-CEST  VoipIO-1   : DEBUG      
    VoipIO::on_call_disconnected

2013-07-12-01-25-24.616953-CEST  MainProcess : INFO       
    #190157 Time: 2013-07-12-01-25-24.612059-CEST From: VoipIO     To: HUB        Command: call_disconnected(remote_uri="776577617") 

