2013-06-20-17-48-32.424198-CEST  MainProcess : SYSTEM-LOG 
    config = { 'ASR': { 'Google': { 'debug': False, 'language': 'cs', 'maxresults': 20},
               'Julius': { 'adinnetport': 5530,
                           'binary': '/usr/local/bin/julius',
                           'debug': False,
                           'hostname': 'localhost',
                           'jconf': { '-adport': '5530',
                                      '-b': '1000',
                                      '-b2': '100',
                                      '-cmnload': 'cmn.param',
                                      '-cmnmapweight': '200',
                                      '-cmnsave': 'cmn.param',
                                      '-confnet': '',
                                      '-fallback1pass': '',
                                      '-gprune': 'safe',
                                      '-h': '/mnt/h/jurcicek/vystadial-git/alex/resources/asr/voip_en/hmmdefs',
                                      '-hlist': '/mnt/h/jurcicek/vystadial-git/alex/resources/asr/voip_en/tiedlist',
                                      '-htkconf': '/mnt/h/jurcicek/vystadial-git/alex/resources/asr/voip_en/config',
                                      '-input': 'adinnet',
                                      '-iwsp': '',
                                      '-iwsppenalty': '0.0',
                                      '-lmp': '15.0 0.0',
                                      '-lmp2': '15.0 0.0',
                                      '-mapunk': 'UM',
                                      '-module': '10500',
                                      '-n': '50',
                                      '-nlr': '/mnt/h/jurcicek/vystadial-git/alex/resources/lm/caminfo/julius_arpa_bigram',
                                      '-no_ccd': '',
                                      '-nrl': '/mnt/h/jurcicek/vystadial-git/alex/resources/lm/caminfo/julius_arpa_rev_bigram',
                                      '-silhead': '<s>',
                                      '-siltail': '</s>',
                                      '-spmodel': 'sp',
                                      '-tmix': '4',
                                      '-v': '/mnt/h/jurcicek/vystadial-git/alex/resources/lm/caminfo/julius_dict'},
                           'jconffile': 'julius.jconf',
                           'killall': False,
                           'logfile': 'julius.log',
                           'msg_timeout': 0.3,
                           'pidfile': 'julius.pid',
                           'reuse_server': False,
                           'serverport': 10500,
                           'start_max_wait_time': 15,
                           'start_wait_time': 0.5,
                           'timeout': 2.0},
               'Kaldi': { 'LM_scale': -6666.66,
                          'hypothesis_type': 'nblist',
                          'lat_depth': 666666,
                          'model': 'TODO_path_to_model'},
               'debug': True,
               'type': 'Google'},
      'AlexOnTheBus': { 'max_turns': 30},
      'Audio': { 'sample_rate': 16000, 'samples_per_frame': 256},
      'AudioIO': { 'debug': True, 'output_dir': './aio_call_log', 'play_buffer_size': 1024},
      'DM': { 'PUfalRuleDM': { 'code_submit_url': None,
                               'db_cfg': '/mnt/h/jurcicek/vystadial-git/alex/resources/../applications/CamInfoRest/cued_data/CIRdbase_V7_noloc.txt',
                               'ontology': '/mnt/h/jurcicek/vystadial-git/alex/resources/../applications/CamInfoRest/ontology.cfg',
                               'provide_code': False},
              'UfalRuleDM': { 'code_submit_url': None,
                              'db_cfg': '/mnt/h/jurcicek/vystadial-git/alex/resources/../applications/CamInfoRest/cued_data/CIRdbase_V7_noloc.txt',
                              'ontology': '/mnt/h/jurcicek/vystadial-git/alex/resources/../applications/CamInfoRest/ontology.cfg',
                              'provide_code': False},
              'basic': { 'debug': True},
              'debug': True,
              'dialogue_policy': { 'type': <class 'alex.applications.AlexOnTheBus.aotb_hdc_policy.AOTBHDCPolicy'>},
              'dialogue_state': { 'type': <class 'alex.components.dm.dddstate.DeterministicDiscriminativeDialogueState'>},
              'ontology': '/mnt/h/jurcicek/vystadial-git/alex/applications/AlexOnTheBus/data/ontology.py',
              'type': 'basic'},
      'General': { 'include': ['/mnt/h/jurcicek/vystadial-git/alex/resources/private/default.cfg']},
      'Hub': { 'history_file': 'hub_history_hub.txt', 'history_length': 1000, 'main_loop_sleep_time': 0.005},
      'Logging': { 'session_logger': SessionLogger(),
                   'system_logger': SystemLogger(output_dir=./call_logs, stdout_log_level='DEBUG', stdout=True, file_log_level='DEBUG'),
                   'system_name': 'Alex On The Bus',
                   'version': '1.0'},
      'NLG': { 'Template': { 'model': '/mnt/h/jurcicek/vystadial-git/alex/applications/AlexOnTheBus/nlg_templates.cfg'},
               'debug': True,
               'type': 'Template'},
      'SHub': { 'history_file': 'hub_history_shub.txt', 'history_length': 1000},
      'SLU': { 'cl-tracing': { 'cldb_fname': '/mnt/h/jurcicek/vystadial-git/alex/resources/../applications/CamInfoRest/data/database.py',
                               'do_preprocessing': True,
                               'features_type': ('ngram',),
                               'testing': { 'max_examples': None,
                                            'min_perc': 80,
                                            'model_fname': '/mnt/h/jurcicek/vystadial-git/alex/resources/../applications/CamInfoRest/models/130516_minf60-minfc35-mind60.slu_model.gz',
                                            'renormalise': True,
                                            'threshold': None,
                                            'vanilla': True},
                               'training': { 'models_dir': 'models'}},
               'debug': True,
               'type': <class 'alex.applications.AlexOnTheBus.aotb_slu.AOTBSLU'>,
               <class 'alex.applications.AlexOnTheBus.aotb_slu.AOTBSLU'>: { 'cldb_fname': '/mnt/h/jurcicek/vystadial-git/alex/applications/AlexOnTheBus/data/database.py',
                                                                            'preprocessing_cls': <class 'alex.applications.AlexOnTheBus.aotb_preprocessing.AOTBSLUPreprocessing'>,
                                                                            'training': { 'models_dir': 'models'}}},
      'THub': { 'history_file': 'hub_history_thub.txt', 'history_length': 1000},
      'TTS': { 'Flite': { 'debug': False,
                          'preprocessing': '/mnt/h/jurcicek/vystadial-git/alex/resources/tts/prep_flite_en.cfg',
                          'voice': 'kal16'},
               'Google': { 'debug': False,
                           'language': 'en',
                           'preprocessing': '/mnt/h/jurcicek/vystadial-git/alex/resources/tts/prep_google_en.cfg'},
               'SpeechTech': { 'debug': True,
                               'login': 'filipjurcicek',
    # this line was removed since it included a password
                               'preprocessing': '/mnt/h/jurcicek/vystadial-git/alex/resources/tts/prep_speechtech_cs.cfg',
                               'voice': 'Iva210'},
               'VoiceRSS': { 'api_key': '3b6a9fca5d724b1c8ac34691586cdda1'},
               'VoiceRss': { 'language': 'en-gb',
                             'preprocessing': '/mnt/h/jurcicek/vystadial-git/alex/resources/tts/prep_voicerss_en.cfg'},
               'debug': True,
               'type': 'SpeechTech'},
      'VAD': { 'debug': False,
               'decision_frames_sil': 25,
               'decision_frames_speech': 10,
               'decision_non_speech_threshold': 0.2,
               'decision_speech_threshold': 0.7,
               'gmm': { 'ceplifter': 22,
                        'enormalise': True,
                        'filter_length': 5,
                        'frameshift': 160,
                        'framesize': 512,
                        'frontend': 'MFCC',
                        'hifreq': 3800,
                        'lofreq': 125,
                        'numceps': 12,
                        'numchans': 26,
                        'preemcoef': 0.97,
                        'sil_model': '/mnt/h/jurcicek/vystadial-git/alex/resources/vad/voip_en/vad_sil_sds_mfcc_m064_f100000.gmm',
                        'speech_model': '/mnt/h/jurcicek/vystadial-git/alex/resources/vad/voip_en/vad_speech_sds_mfcc_m064_f100000.gmm',
                        'useacc': True,
                        'usec0': False,
                        'usecmn': False,
                        'usedelta': True,
                        'usehamming': True,
                        'usepower': True,
                        'zmeansource': True},
               'power': { 'adaptation_frames': 30, 'threshold': 70, 'threshold_multiplier': 1.0},
               'speech_buffer_frames': 20,
               'type': 'gmm'},
      'VoipHub': { 'blacklist_for': 7200,
                   'call_db': '/mnt/h/jurcicek/vystadial-git/alex/applications/AlexOnTheBus/call_db.pckl',
                   'hard_time_limit': 360,
                   'hard_turn_limit': 40,
                   'history_length': 1000,
                   'last_period_max_num_calls': 100,
                   'last_period_max_total_time': 1800,
                   'limit_reached_message': u'D\u011bkujeme za zavol\xe1n\xed, ale u\u017e jste volali hodn\u011b. Pros\xedm zavolejte pozd\u011bji. Na shledanou.',
                   'period': 172800,
                   'pid_file': '/mnt/h/jurcicek/vystadial-git/alex/applications/vhub.pid',
                   'wait_time_before_calling_back': 10},
      'VoipIO': { 'allowed_hosts': '',
                  'allowed_phone_numbers': '(^[234567])',
                  'allowed_users': '(^[234567])',
                  'debug': True,
                  'domain': 'external.sip.mff.cuni.cz:5066',
                  'forbidden_hosts': '',
                  'forbidden_phone_number': '(^112$|^150$|^155$|^156$|^158$)',
                  'forbidden_users': '(^112$|^150$|^155$|^156$|^158$)',
    # this line was removed since it included a password
                  'pjsip_log_level': 3,
                  'reject_calls': False,
                  'user': 'DEV-9889'},
      'WebHub': { 'port': 8000}}
    

2013-06-20-17-48-32.424646-CEST  MainProcess : INFO       
    From: VoipIO     To: HUB        Command: incoming_call(remote_uri="4366") 

2013-06-20-17-48-32.460371-CEST  VoipIO-1   : DEBUG      
    CallCallback::on_state : Call with "Bejcek Eduard" <sip:4366@195.113.20.69> is CONFIRMED last code = 200 (OK)

2013-06-20-17-48-32.591547-CEST  MainProcess : INFO       
    From: VoipIO     To: HUB        Command: call_connecting(remote_uri="4366") 

2013-06-20-17-48-32.628475-CEST  VoipIO-1   : DEBUG      
    VoipIO::on_call_confirmed

2013-06-20-17-48-32.633182-CEST  MainProcess : INFO       
    From: VoipIO     To: HUB        Command: call_confirmed(remote_uri="4366") 

2013-06-20-17-48-32.633879-CEST  MainProcess : INFO       
    
    ========================================================================================================================
    Incoming call from :          4366
    ------------------------------------------------------------------------------------------------------------------------
    Total calls:                  24
    Total time (min):             10.5
    Last period total calls:      24
    Last period total time (min): 10.5
    ------------------------------------------------------------------------------------------------------------------------
    CALL ACCEPTED
    ========================================================================================================================
    

2013-06-20-17-48-32.637863-CEST  DM-5       : DEBUG      
    From: HUB        To: DM         Command: new_dialogue() 

2013-06-20-17-48-32.638444-CEST  DM-5       : DEBUG      
    DM Output
    ------------------------------------------------------------
    hello()
    

2013-06-20-17-48-32.746234-CEST  NLG-6      : DEBUG      
    NLG Output
    ------------------------------------------------------------
    Dobrý den, dovolali jste se na informace o veřejné dopravě v Praze. Tato experimentální služba je poskytována laboratoří výzkumu hlasových dialogových systémů na Ústavu Formální a Aplikované Lingvistiky na Karlově Univerzitě. Hovor je nahráván. Více informací o této službě je na internetu. Jak Vám mohu pomoci. Můžete například říct chtěla bych jet ze zastávky poliklinika Barandov .
    

2013-06-20-17-48-32.747309-CEST  MainProcess : INFO       
    From: DM         To: HUB        Command: dm_da_generated() 

2013-06-20-17-48-32.788720-CEST  MainProcess : INFO       
    From: NLG        To: HUB        Command: nlg_text_generated() 

2013-06-20-17-48-32.794084-CEST  MainProcess : INFO       
    From: TTS        To: HUB        Command: tts_start(user_id="None",text="Dobrý den, dovolali jste se na informace o veřejné dopravě v Praze. Tato experimentální služba je poskytována laboratoří výzkumu hlasových dialogových systémů na Ústavu Formální a Aplikované Lingvistiky na Karlově Univerzitě. Hovor je nahráván. Více informací o této službě je na internetu. Jak Vám mohu pomoci. Můžete například říct chtěla bych jet ze zastávky poliklinika Barandov .") 

2013-06-20-17-48-32.901917-CEST  MainProcess : INFO       
    From: VoipIO     To: HUB        Command: play_utterance_start(user_id="None",fname="tts-2013-06-20-17-48-32.791848.wav") 

2013-06-20-17-48-33.086502-CEST  MainProcess : INFO       
    From: TTS        To: HUB        Command: tts_end(user_id="None",text="Dobrý den, dovolali jste se na informace o veřejné dopravě v Praze. Tato experimentální služba je poskytována laboratoří výzkumu hlasových dialogových systémů na Ústavu Formální a Aplikované Lingvistiky na Karlově Univerzitě. Hovor je nahráván. Více informací o této službě je na internetu. Jak Vám mohu pomoci. Můžete například říct chtěla bych jet ze zastávky poliklinika Barandov .",fname="tts-2013-06-20-17-48-32.791848.wav") 

2013-06-20-17-49-01.315007-CEST  MainProcess : INFO       
    From: VoipIO     To: HUB        Command: play_utterance_end(user_id="None",fname="tts-2013-06-20-17-48-32.791848.wav) 

2013-06-20-17-49-08.918862-CEST  ASR-3      : DEBUG      
    ASR: speech_start()

2013-06-20-17-49-08.923359-CEST  MainProcess : INFO       
    From: VAD        To: HUB        Command: speech_start(fname="vad-2013-06-20-17-49-08.858099.wav") 

2013-06-20-17-49-08.923603-CEST  MainProcess : INFO       
    From: ASR        To: HUB        Command: asr_start() 

2013-06-20-17-49-10.799142-CEST  MainProcess : INFO       
    From: VAD        To: HUB        Command: speech_end(fname="vad-2013-06-20-17-49-08.858099.wav") 

2013-06-20-17-49-10.799654-CEST  ASR-3      : DEBUG      
    ASR: speech_end()

2013-06-20-17-49-15.559768-CEST  ASR-3      : DEBUG      
    ASR Hypothesis
    ------------------------------------------------------------
    0.747 cílová stanice poliklinika barrandov
    0.034 cílová stanice poliklinika barandov
    0.031 cílová stanice poliklinika barrandov i
    0.029 cílová stanice poliklinika barandov i
    0.027 cílová stanice poliklinika barandov a
    0.024 cílová stanice poliklinika brandov
    0.022 tylová stanice poliklinika barrandov
    0.019 cílová stanice poliklinika barrandov a
    0.017 cihlová stanice poliklinika barrandov
    0.014 tylová stanice poliklinika barandov
    0.012 stylová stanice poliklinika barrandov
    0.010 cihlová stanice poliklinika barandov
    0.007 cílová stanice a poliklinika barrandov
    0.005 stylová stanice poliklinika barandov
    0.002 cílová stanice a poliklinika barandov
    0.000 __other__
    

2013-06-20-17-49-15.590936-CEST  MainProcess : INFO       
    From: ASR        To: HUB        Command: asr_end() 

2013-06-20-17-49-16.669849-CEST  SLU-4      : DEBUG      
    SLU Hypothesis
    ------------------------------------------------------------
    0.797 inform(to_stop="Poliklinika Barrandov")
    0.145 other()
    0.058 inform(="Poliklinika Barrandov")
    

2013-06-20-17-49-16.704258-CEST  MainProcess : INFO       
    From: SLU        To: HUB        Command: slu_parsed() 

2013-06-20-17-49-16.707907-CEST  DM-5       : DEBUG      
    DDDState Dialogue Act in: inform(to_stop="Poliklinika Barrandov")

2013-06-20-17-49-16.708108-CEST  DM-5       : DEBUG      
    Context Resolution - Dialogue Act: inform(to_stop="Poliklinika Barrandov")

2013-06-20-17-49-16.708330-CEST  DM-5       : DEBUG      
    DDDState - Dialogue state content:
    
    lda = none
    to_stop = Poliklinika Barrandov
    
    
    
    

2013-06-20-17-49-16.708542-CEST  DM-5       : DEBUG      
    DDDState
    
    Requested slots:
    {}
    Confirmed slots:
    {}
    Non-informed slots:
    {u'to_stop': u'Poliklinika Barrandov'}

2013-06-20-17-49-16.708959-CEST  DM-5       : DEBUG      
    DM Output
    ------------------------------------------------------------
    iconfirm(to_stop="Poliklinika Barrandov")&request(from_stop)
    

2013-06-20-17-49-16.786711-CEST  MainProcess : INFO       
    From: DM         To: HUB        Command: dm_da_generated() 

2013-06-20-17-49-16.787341-CEST  NLG-6      : DEBUG      
    NLG Output
    ------------------------------------------------------------
    Dobře, do zastávky Poliklinika Barrandov. Odkud chcete jet?
    

2013-06-20-17-49-16.828420-CEST  MainProcess : INFO       
    From: NLG        To: HUB        Command: nlg_text_generated() 

2013-06-20-17-49-16.833915-CEST  MainProcess : INFO       
    From: TTS        To: HUB        Command: tts_start(user_id="None",text="Dobře, do zastávky Poliklinika Barrandov. Odkud chcete jet?") 

2013-06-20-17-49-16.880543-CEST  MainProcess : INFO       
    From: VoipIO     To: HUB        Command: play_utterance_start(user_id="None",fname="tts-2013-06-20-17-49-16.832632.wav") 

2013-06-20-17-49-17.617895-CEST  MainProcess : INFO       
    From: TTS        To: HUB        Command: tts_end(user_id="None",text="Dobře, do zastávky Poliklinika Barrandov. Odkud chcete jet?",fname="tts-2013-06-20-17-49-16.832632.wav") 

2013-06-20-17-49-22.823245-CEST  MainProcess : INFO       
    From: VoipIO     To: HUB        Command: play_utterance_end(user_id="None",fname="tts-2013-06-20-17-49-16.832632.wav) 

2013-06-20-17-49-27.354090-CEST  ASR-3      : DEBUG      
    ASR: speech_start()

2013-06-20-17-49-27.354555-CEST  MainProcess : INFO       
    From: VAD        To: HUB        Command: speech_start(fname="vad-2013-06-20-17-49-27.285544.wav") 

2013-06-20-17-49-27.354766-CEST  MainProcess : INFO       
    From: ASR        To: HUB        Command: asr_start() 

2013-06-20-17-49-27.887188-CEST  MainProcess : INFO       
    From: VAD        To: HUB        Command: speech_end(fname="vad-2013-06-20-17-49-27.285544.wav") 

2013-06-20-17-49-27.889769-CEST  ASR-3      : DEBUG      
    ASR: speech_end()

2013-06-20-17-49-28.155495-CEST  ASR-3      : DEBUG      
    ASR Hypothesis
    ------------------------------------------------------------
    0.860 děkuji
    0.056 děkuju
    0.042 děkuji ti
    0.028 děkuj
    0.014 děkuji a
    0.000 __other__
    

2013-06-20-17-49-28.181748-CEST  MainProcess : INFO       
    From: ASR        To: HUB        Command: asr_end() 

2013-06-20-17-49-28.404118-CEST  SLU-4      : DEBUG      
    SLU Hypothesis
    ------------------------------------------------------------
    0.972 thankyou()
    0.028 other()
    

2013-06-20-17-49-28.428432-CEST  MainProcess : INFO       
    From: SLU        To: HUB        Command: slu_parsed() 

2013-06-20-17-49-28.429106-CEST  DM-5       : DEBUG      
    DDDState Dialogue Act in: thankyou()

2013-06-20-17-49-28.429314-CEST  DM-5       : DEBUG      
    Context Resolution - Dialogue Act: thankyou()

2013-06-20-17-49-28.429654-CEST  DM-5       : DEBUG      
    DDDState - Dialogue state content:
    
    lda = thankyou
    from_centre = none
    from_stop = none
    time = none
    to_centre = none
    to_stop = Poliklinika Barrandov
    
    rh_to_stop = system-informed
    
    ch_to_stop = system-informed
    
    sh_to_stop = system-informed
    

2013-06-20-17-49-28.429949-CEST  DM-5       : DEBUG      
    DDDState
    
    Requested slots:
    {}
    Confirmed slots:
    {}
    Non-informed slots:
    {}

2013-06-20-17-49-28.430313-CEST  DM-5       : DEBUG      
    DM Output
    ------------------------------------------------------------
    inform(cordiality="true")&hello()
    

2013-06-20-17-49-28.531662-CEST  NLG-6      : DEBUG      
    NLG Output
    ------------------------------------------------------------
    Nemáte zač. S čím Vám mohu ještě pomoci.
    

2013-06-20-17-49-28.532050-CEST  MainProcess : INFO       
    From: DM         To: HUB        Command: dm_da_generated() 

2013-06-20-17-49-28.583795-CEST  MainProcess : INFO       
    From: NLG        To: HUB        Command: nlg_text_generated() 

2013-06-20-17-49-28.583996-CEST  MainProcess : INFO       
    From: TTS        To: HUB        Command: tts_start(user_id="None",text="Nemáte zač. S čím Vám mohu ještě pomoci.") 

2013-06-20-17-49-28.640445-CEST  MainProcess : INFO       
    From: VoipIO     To: HUB        Command: play_utterance_start(user_id="None",fname="tts-2013-06-20-17-49-28.583062.wav") 

2013-06-20-17-49-28.640699-CEST  MainProcess : INFO       
    From: TTS        To: HUB        Command: tts_end(user_id="None",text="Nemáte zač. S čím Vám mohu ještě pomoci.",fname="tts-2013-06-20-17-49-28.583062.wav") 

2013-06-20-17-49-32.421456-CEST  MainProcess : INFO       
    From: VoipIO     To: HUB        Command: play_utterance_end(user_id="None",fname="tts-2013-06-20-17-49-28.583062.wav) 

2013-06-20-17-49-35.939481-CEST  MainProcess : INFO       
    From: VAD        To: HUB        Command: speech_start(fname="vad-2013-06-20-17-49-35.874462.wav") 

2013-06-20-17-49-35.939722-CEST  MainProcess : INFO       
    From: ASR        To: HUB        Command: asr_start() 

2013-06-20-17-49-35.940050-CEST  ASR-3      : DEBUG      
    ASR: speech_start()

2013-06-20-17-49-36.405004-CEST  ASR-3      : DEBUG      
    ASR: speech_end()

2013-06-20-17-49-36.407919-CEST  MainProcess : INFO       
    From: VAD        To: HUB        Command: speech_end(fname="vad-2013-06-20-17-49-35.874462.wav") 

2013-06-20-17-49-36.788514-CEST  ASR-3      : DEBUG      
    ASR Hypothesis
    ------------------------------------------------------------
    0.694 nashledanou
    0.061 kladno
    0.054 naschledanou
    0.048 nah
    0.041 ano
    0.034 nah ano
    0.027 ah ano
    0.020 f ano
    0.014 tah ano
    0.007 i ano
    0.000 __other__
    

2013-06-20-17-49-36.825267-CEST  MainProcess : INFO       
    From: ASR        To: HUB        Command: asr_end() 

2013-06-20-17-49-37.266376-CEST  SLU-4      : DEBUG      
    SLU Hypothesis
    ------------------------------------------------------------
    0.748 bye()
    0.143 affirm()
    0.109 other()
    

2013-06-20-17-49-37.296335-CEST  MainProcess : INFO       
    From: SLU        To: HUB        Command: slu_parsed() 

2013-06-20-17-49-37.301669-CEST  DM-5       : DEBUG      
    DDDState Dialogue Act in: bye()

2013-06-20-17-49-37.301865-CEST  DM-5       : DEBUG      
    Context Resolution - Dialogue Act: bye()

2013-06-20-17-49-37.302172-CEST  DM-5       : DEBUG      
    DDDState - Dialogue state content:
    
    lda = bye
    from_centre = none
    from_stop = none
    time = none
    to_centre = none
    to_stop = Poliklinika Barrandov
    
    rh_cordiality = system-informed
    rh_to_stop = system-informed
    
    ch_cordiality = system-informed
    ch_to_stop = system-informed
    
    sh_cordiality = system-informed
    sh_to_stop = system-informed
    

2013-06-20-17-49-37.302428-CEST  DM-5       : DEBUG      
    DDDState
    
    Requested slots:
    {}
    Confirmed slots:
    {}
    Non-informed slots:
    {}

2013-06-20-17-49-37.302708-CEST  DM-5       : DEBUG      
    DM Output
    ------------------------------------------------------------
    bye()
    

2013-06-20-17-49-37.389119-CEST  MainProcess : INFO       
    From: DM         To: HUB        Command: dm_da_generated() 

2013-06-20-17-49-37.389464-CEST  NLG-6      : DEBUG      
    NLG Output
    ------------------------------------------------------------
    Děkujeme za zavolání. Na shledanou.
    

2013-06-20-17-49-37.394688-CEST  MainProcess : INFO       
    From: DM         To: HUB        Command: hangup() 

2013-06-20-17-49-37.441484-CEST  MainProcess : INFO       
    From: NLG        To: HUB        Command: nlg_text_generated() 

2013-06-20-17-49-37.441681-CEST  MainProcess : INFO       
    From: TTS        To: HUB        Command: tts_start(user_id="None",text="Děkujeme za zavolání. Na shledanou.") 

2013-06-20-17-49-37.488216-CEST  MainProcess : INFO       
    From: VoipIO     To: HUB        Command: play_utterance_start(user_id="None",fname="tts-2013-06-20-17-49-37.439984.wav") 

2013-06-20-17-49-37.493649-CEST  MainProcess : INFO       
    From: TTS        To: HUB        Command: tts_end(user_id="None",text="Děkujeme za zavolání. Na shledanou.",fname="tts-2013-06-20-17-49-37.439984.wav") 

2013-06-20-17-49-40.928610-CEST  MainProcess : INFO       
    From: VoipIO     To: HUB        Command: play_utterance_end(user_id="None",fname="tts-2013-06-20-17-49-37.439984.wav) 

2013-06-20-17-49-42.931819-CEST  VoipIO-1   : DEBUG      
    From: HUB        To: VoipIO     Command: hangup() 

2013-06-20-17-49-42.931986-CEST  VoipIO-1   : DEBUG      
    Hangup the call

2013-06-20-17-49-42.938550-CEST  VoipIO-1   : DEBUG      
    CallCallback::on_state : Call with "Bejcek Eduard" <sip:4366@195.113.20.69> is DISCONNCTD last code = 603 ()

2013-06-20-17-49-43.013704-CEST  VoipIO-1   : DEBUG      
    VoipIO::on_call_disconnected

2013-06-20-17-49-43.018739-CEST  MainProcess : INFO       
    From: VoipIO     To: HUB        Command: call_disconnected(remote_uri="4366") 

2013-06-20-17-49-43.020288-CEST  VoipIO-1   : DEBUG      
    From: HUB        To: VoipIO     Command: flush() 

2013-06-20-17-49-43.023596-CEST  DM-5       : DEBUG      
    From: HUB        To: DM         Command: flush() 

2013-06-20-17-49-43.023919-CEST  NLG-6      : DEBUG      
    From: HUB        To: NLG        Command: flush() 

2013-06-20-17-49-43.024248-CEST  TTS-7      : DEBUG      
    From: HUB        To: TTS        Command: flush() 

2013-06-20-17-49-43.024696-CEST  ASR-3      : DEBUG      
    From: HUB        To: ASR        Command: flush() 

2013-06-20-17-49-43.025017-CEST  SLU-4      : DEBUG      
    From: HUB        To: SLU        Command: flush() 

2013-06-20-17-49-43.029031-CEST  DM-5       : DEBUG      
    From: HUB        To: DM         Command: end_dialogue() 

