2013-09-10-15-47-10.310865-CEST  MainProcess : SYSTEM-LOG 
    config = { 'ASR': { 'Google': { 'debug': False, 'language': 'cs', 'maxresults': 20},
               'Julius': { 'adinnetport': 5530,
                           'binary': '/usr/local/bin/julius',
                           'debug': False,
                           'hostname': 'localhost',
                           'jconf': { '-adport': '5530',
                                      '-b': '1000',
                                      '-b2': '100',
                                      '-cmnload': 'cmn.param',
                                      '-cmnmapweight': '200',
                                      '-cmnsave': 'cmn.param',
                                      '-confnet': '',
                                      '-fallback1pass': '',
                                      '-gprune': 'safe',
                                      '-h': '/mnt/h/jurcicek/vystadial-git-dev/alex/resources/asr/voip_en/hmmdefs',
                                      '-hlist': '/mnt/h/jurcicek/vystadial-git-dev/alex/resources/asr/voip_en/tiedlist',
                                      '-htkconf': '/mnt/h/jurcicek/vystadial-git-dev/alex/resources/asr/voip_en/config',
                                      '-input': 'adinnet',
                                      '-iwsp': '',
                                      '-iwsppenalty': '0.0',
                                      '-lmp': '15.0 0.0',
                                      '-lmp2': '15.0 0.0',
                                      '-mapunk': 'UM',
                                      '-module': '10500',
                                      '-n': '50',
                                      '-nlr': '/mnt/h/jurcicek/vystadial-git-dev/alex/resources/lm/caminfo/julius_arpa_bigram',
                                      '-no_ccd': '',
                                      '-nrl': '/mnt/h/jurcicek/vystadial-git-dev/alex/resources/lm/caminfo/julius_arpa_rev_bigram',
                                      '-silhead': '<s>',
                                      '-siltail': '</s>',
                                      '-spmodel': 'sp',
                                      '-tmix': '4',
                                      '-v': '/mnt/h/jurcicek/vystadial-git-dev/alex/resources/lm/caminfo/julius_dict'},
                           'jconffile': 'julius.jconf',
                           'killall': False,
                           'logfile': 'julius.log',
                           'msg_timeout': 0.3,
                           'pidfile': 'julius.pid',
                           'reuse_server': False,
                           'serverport': 10500,
                           'start_max_wait_time': 15,
                           'start_wait_time': 0.5,
                           'timeout': 2.0},
               'Kaldi': { 'LM_scale': -6666.66,
                          'hypothesis_type': 'nblist',
                          'lat_depth': 666666,
                          'model': 'TODO_path_to_model'},
               'debug': True,
               'type': 'Google'},
      'AlexOnTheBus': { 'max_turns': 120},
      'Analytics': Analytics(account_id='UA-41905278-1', domain_name='cuni.cz'),
      'Audio': { 'sample_rate': 16000, 'samples_per_frame': 256},
      'AudioIO': { 'debug': True, 'output_dir': './aio_call_log', 'play_buffer_size': 1024},
      'DM': { 'PUfalRuleDM': { 'code_submit_url': None,
                               'db_cfg': '/mnt/h/jurcicek/vystadial-git-dev/alex/resources/../applications/CamInfoRest/cued_data/CIRdbase_V7_noloc.txt',
                               'ontology': '/mnt/h/jurcicek/vystadial-git-dev/alex/resources/../applications/CamInfoRest/ontology.cfg',
                               'provide_code': False},
              'UfalRuleDM': { 'code_submit_url': None,
                              'db_cfg': '/mnt/h/jurcicek/vystadial-git-dev/alex/resources/../applications/CamInfoRest/cued_data/CIRdbase_V7_noloc.txt',
                              'ontology': '/mnt/h/jurcicek/vystadial-git-dev/alex/resources/../applications/CamInfoRest/ontology.cfg',
                              'provide_code': False},
              'basic': { 'debug': True, 'silence_timeout': 10.0},
              'debug': True,
              'dialogue_policy': { 'type': <class 'alex.applications.AlexOnTheBus.aotb_hdc_policy.AOTBHDCPolicy'>},
              'dialogue_state': { 'type': <class 'alex.components.dm.dddstate.DeterministicDiscriminativeDialogueState'>},
              'input_timeout': 3.0,
              'ontology': '/mnt/h/jurcicek/vystadial-git-dev/alex/applications/AlexOnTheBus/data/ontology.py',
              'type': 'basic'},
      'General': { 'debug': False, 'include': ['/mnt/h/jurcicek/vystadial-git-dev/alex/resources/private/default.cfg']},
      'Hub': { 'history_file': 'hub_history_hub.txt', 'history_length': 1000, 'main_loop_sleep_time': 0.002},
      'Logging': { 'excepthook': ExceptionHook(
            ExceptionHook
              Hook Type: log
              Hook Logger: SystemLogger(output_dir=./call_logs, stdout_log_level='DEBUG', stdout=True, file_log_level='DEBUG')),
                   'session_logger': SessionLogger(),
                   'system_logger': SystemLogger(output_dir=./call_logs, stdout_log_level='DEBUG', stdout=True, file_log_level='DEBUG'),
                   'system_name': 'Alex On The Bus',
                   'version': '1.0'},
      'NLG': { 'Template': { 'model': '/mnt/h/jurcicek/vystadial-git-dev/alex/applications/AlexOnTheBus/nlg_templates.cfg'},
               'debug': True,
               'type': 'Template'},
      'SHub': { 'history_file': 'hub_history_shub.txt', 'history_length': 1000},
      'SLU': { 'cl-tracing': { 'cldb_fname': '/mnt/h/jurcicek/vystadial-git-dev/alex/applications/CamInfoRest/data/database.py',
                               'do_preprocessing': True,
                               'features_type': ('ngram', 'ab_ngram'),
                               'testing': { 'max_examples': None,
                                            'min_perc': 80,
                                            'model_fname': '/mnt/h/jurcicek/vystadial-git-dev/alex/applications/CamInfoRest/models/130516_minf60-minfc35-mind60.slu_model.gz',
                                            'renormalise': True,
                                            'threshold': None,
                                            'vanilla': True},
                               'training': { 'abstractions': ('abstract',), 'models_dir': 'models'}},
               'debug': True,
               'type': <class 'alex.applications.AlexOnTheBus.aotb_slu.AOTBSLU'>,
               <class 'alex.applications.AlexOnTheBus.aotb_slu.AOTBSLU'>: { 'cldb_fname': '/mnt/h/jurcicek/vystadial-git-dev/alex/applications/AlexOnTheBus/data/database.py',
                                                                            'preprocessing_cls': <class 'alex.applications.AlexOnTheBus.aotb_preprocessing.AOTBSLUPreprocessing'>,
                                                                            'training': { 'models_dir': 'models'}}},
      'THub': { 'history_file': 'hub_history_thub.txt', 'history_length': 1000},
      'TTS': { 'Flite': { 'debug': False,
                          'preprocessing': '/mnt/h/jurcicek/vystadial-git-dev/alex/resources/tts/prep_flite_en.cfg',
                          'tempo': 1.0,
                          'voice': 'kal16'},
               'Google': { 'debug': False,
                           'language': 'en',
                           'preprocessing': '/mnt/h/jurcicek/vystadial-git-dev/alex/resources/tts/prep_google_en.cfg',
                           'tempo': 1.0},
               'SpeechTech': { 'debug': True,
                               'login': 'filipjurcicek',
    # this line was removed since it included a password
                               'preprocessing': '/mnt/h/jurcicek/vystadial-git-dev/alex/resources/tts/prep_speechtech_cs.cfg',
                               'tempo': 1.2,
                               'voice': 'Iva210'},
               'VoiceRSS': { 'api_key': '3b6a9fca5d724b1c8ac34691586cdda1'},
               'VoiceRss': { 'language': 'en-gb',
                             'preprocessing': '/mnt/h/jurcicek/vystadial-git-dev/alex/resources/tts/prep_voicerss_en.cfg',
                             'tempo': 1.0},
               'debug': True,
               'in_between_segments_silence': 0.05,
               'type': 'SpeechTech'},
      'VAD': { 'debug': False,
               'decision_frames_sil': 25,
               'decision_frames_speech': 10,
               'decision_non_speech_threshold': 0.2,
               'decision_speech_threshold': 0.7,
               'ffnn': { 'ceplifter': 22,
                         'enormalise': True,
                         'filter_length': 2,
                         'frameshift': 160,
                         'framesize': 512,
                         'frontend': 'MFCC',
                         'hifreq': 3800,
                         'lofreq': 125,
                         'model': '/mnt/h/jurcicek/vystadial-git-dev/alex/resources/vad/voip_en/vad_sds_mfcc_is36_hu16_lf0_mfr100000_mfl1000_mfps50_ts0.nn',
                         'n_last_frames': 0,
                         'numceps': 12,
                         'numchans': 26,
                         'preemcoef': 0.97,
                         'useacc': True,
                         'usec0': False,
                         'usecmn': False,
                         'usedelta': True,
                         'usehamming': True,
                         'usepower': True,
                         'zmeansource': True},
               'gmm': { 'ceplifter': 22,
                        'enormalise': True,
                        'filter_length': 2,
                        'frameshift': 160,
                        'framesize': 512,
                        'frontend': 'MFCC',
                        'hifreq': 3800,
                        'lofreq': 125,
                        'n_last_frames': 0,
                        'numceps': 12,
                        'numchans': 26,
                        'preemcoef': 0.97,
                        'sil_model': '/mnt/h/jurcicek/vystadial-git-dev/alex/resources/vad/voip_en/vad_sil_sds_mfcc_m064_f100000.gmm',
                        'speech_model': '/mnt/h/jurcicek/vystadial-git-dev/alex/resources/vad/voip_en/vad_speech_sds_mfcc_m064_f100000.gmm',
                        'useacc': True,
                        'usec0': False,
                        'usecmn': False,
                        'usedelta': True,
                        'usehamming': True,
                        'usepower': True,
                        'zmeansource': True},
               'power': { 'adaptation_frames': 30, 'threshold': 70, 'threshold_multiplier': 1.0},
               'speech_buffer_frames': 20,
               'type': 'ffnn'},
      'VoipHub': { 'blacklist_for': 7200,
                   'call_db': '/mnt/h/jurcicek/vystadial-git-dev/alex/applications/AlexOnTheBus/call_db.pckl',
                   'hard_time_limit': 360,
                   'hard_turn_limit': 120,
                   'history_length': 1000,
                   'last_period_max_num_calls': 100,
                   'last_period_max_total_time': 7200,
                   'limit_reached_message': u'D\u011bkujeme za zavol\xe1n\xed, ale u\u017e jste volali hodn\u011b. Pros\xedm zavolejte pozd\u011bji. Na shledanou.',
                   'period': 172800,
                   'pid_file': '/mnt/h/jurcicek/vystadial-git-dev/alex/applications/vhub.pid',
                   'wait_time_before_calling_back': 10},
      'VoipIO': { 'allowed_hosts': '',
                  'allowed_phone_numbers': '(^[234567])',
                  'allowed_users': '(^[234567])',
                  'debug': True,
                  'domain': 'external.sip.mff.cuni.cz:5066',
                  'forbidden_hosts': '',
                  'forbidden_phone_number': '(^112$|^150$|^155$|^156$|^158$)',
                  'forbidden_users': '(^112$|^150$|^155$|^156$|^158$)',
    # this line was removed since it included a password
                  'pjsip_log_level': 3,
                  'reject_calls': False,
                  'user': 'DEV-9889'},
      'WebHub': { 'port': 8000},
      'corpustools': { 'get_jasr_confnets': { 'frame_size': 256, 'rt_ratio': 0.2}}}

2013-09-10-15-47-10.337744-CEST  VoipIO-1   : DEBUG      
    CallCallback::on_state : Call with "Bejcek Eduard" <sip:4366@195.113.20.69> is CONFIRMED last code = 200 (OK)

2013-09-10-15-47-10.504879-CEST  VoipIO-1   : DEBUG      
    VoipIO::on_call_confirmed

2013-09-10-15-47-10.551186-CEST  MainProcess : INFO       
    #2      Time: 2013-09-10-15-47-10.286951-CEST From: VoipIO     To: HUB        Command: call_connecting(remote_uri="4366") 

2013-09-10-15-47-10.554638-CEST  MainProcess : INFO       
    #3      Time: 2013-09-10-15-47-10.504960-CEST From: VoipIO     To: HUB        Command: call_confirmed(remote_uri="4366") 

2013-09-10-15-47-10.556232-CEST  MainProcess : INFO       
    
    ========================================================================================================================
    Incoming call from :          4366
    ------------------------------------------------------------------------------------------------------------------------
    Total calls:                  51
    Total time (min):             44.0
    Last period total calls:      1
    Last period total time (min): 0.2
    ------------------------------------------------------------------------------------------------------------------------
    CALL ACCEPTED
    ========================================================================================================================
    

2013-09-10-15-47-10.558827-CEST  DM-5       : DEBUG      
    #4      Time: 2013-09-10-15-47-10.555759-CEST From: HUB        To: DM         Command: new_dialogue() 

2013-09-10-15-47-10.663372-CEST  DM-5       : DEBUG      
    DM Output
    ------------------------------------------------------------
    hello()
    

2013-09-10-15-47-10.705632-CEST  MainProcess : INFO       
    #16     Time: 2013-09-10-15-47-10.704732-CEST From: DM         To: HUB        DA: hello() 

2013-09-10-15-47-10.709960-CEST  NLG-6      : DEBUG      
    #17     Time: 2013-09-10-15-47-10.706635-CEST From: HUB        To: NLG        DA: hello() 

2013-09-10-15-47-10.710402-CEST  NLG-6      : DEBUG      
    NLG Output
    ------------------------------------------------------------
    Dobrý den, dovolali jste se na informace o veřejné dopravě v Praze. Tato experimentální služba je poskytována laboratoří výzkumu hlasových dialogových systémů na Ústavu Formální a Aplikované Lingvistiky na Karlově Univerzitě. Hovor je nahráván. Více informací o této službě je na internetu. Jak Vám mohu pomoci. Můžete například říct ze zastávky Anděl .
    

2013-09-10-15-47-10.748002-CEST  MainProcess : INFO       
    #18     Time: 2013-09-10-15-47-10.746425-CEST From: NLG        To: HUB        Command: nlg_text_generated() 

2013-09-10-15-47-10.750502-CEST  MainProcess : INFO       
    #20     Time: 2013-09-10-15-47-10.748811-CEST From: TTS        To: HUB        Command: tts_start(user_id="None",text="Dobrý den, dovolali jste se na informace o veřejné dopravě v Praze. Tato experimentální služba je poskytována laboratoří výzkumu hlasových dialogových systémů na Ústavu Formální a Aplikované Lingvistiky na Karlově Univerzitě. Hovor je nahráván. Více informací o této službě je na internetu. Jak Vám mohu pomoci. Můžete například říct ze zastávky Anděl .") 

2013-09-10-15-47-10.893802-CEST  MainProcess : INFO       
    #24     Time: 2013-09-10-15-47-10.753446-CEST From: VoipIO     To: HUB        Command: play_utterance_start(user_id="None",fname="tts-2013-09-10-15-47-10.748550.wav") 

2013-09-10-15-47-10.939387-CEST  MainProcess : INFO       
    #293    Time: 2013-09-10-15-47-10.938665-CEST From: VAD        To: HUB        Command: speech_start(fname="vad-2013-09-10-15-47-10.755645.wav") 

2013-09-10-15-47-10.941747-CEST  ASR-3      : DEBUG      
    ASR: speech_start(fname="vad-2013-09-10-15-47-10.755645.wav")

2013-09-10-15-47-10.943005-CEST  MainProcess : INFO       
    #295    Time: 2013-09-10-15-47-10.940884-CEST From: ASR        To: HUB        Command: asr_start(fname="vad-2013-09-10-15-47-10.755645.wav") 

2013-09-10-15-47-11.161173-CEST  MainProcess : INFO       
    #1412   Time: 2013-09-10-15-47-11.158187-CEST From: TTS        To: HUB        Command: tts_end(user_id="None",text="Dobrý den, dovolali jste se na informace o veřejné dopravě v Praze. Tato experimentální služba je poskytována laboratoří výzkumu hlasových dialogových systémů na Ústavu Formální a Aplikované Lingvistiky na Karlově Univerzitě. Hovor je nahráván. Více informací o této službě je na internetu. Jak Vám mohu pomoci. Můžete například říct ze zastávky Anděl .",fname="tts-2013-09-10-15-47-10.748550.wav",log="true") 

2013-09-10-15-47-13.590713-CEST  MainProcess : INFO       
    #1566   Time: 2013-09-10-15-47-13.588467-CEST From: VAD        To: HUB        Command: speech_end(fname="vad-2013-09-10-15-47-10.755645.wav") 

2013-09-10-15-47-13.591220-CEST  ASR-3      : DEBUG      
    ASR: speech_end(fname="vad-2013-09-10-15-47-10.755645.wav")

2013-09-10-15-47-14.032477-CEST  MainProcess : INFO       
    #1596   Time: 2013-09-10-15-47-14.030368-CEST From: VAD        To: HUB        Command: speech_start(fname="vad-2013-09-10-15-47-13.959254.wav") 

2013-09-10-15-47-14.308954-CEST  ASR-3      : DEBUG      
    ASR Hypothesis
    ------------------------------------------------------------
    0.933 dobrý
    0.067 __other__
    

2013-09-10-15-47-14.332740-CEST  MainProcess : INFO       
    #1613   Time: 2013-09-10-15-47-14.330086-CEST From: ASR        To: HUB        Command: asr_end(fname="vad-2013-09-10-15-47-10.755645.wav") 

2013-09-10-15-47-14.333091-CEST  ASR-3      : DEBUG      
    ASR: speech_start(fname="vad-2013-09-10-15-47-13.959254.wav")

2013-09-10-15-47-14.335250-CEST  MainProcess : INFO       
    #1616   Time: 2013-09-10-15-47-14.332698-CEST From: ASR        To: HUB        Command: asr_start(fname="vad-2013-09-10-15-47-13.959254.wav") 

2013-09-10-15-47-14.812831-CEST  SLU-4      : DEBUG      
    SLU Hypothesis
    ------------------------------------------------------------
    1.000 other()
    

2013-09-10-15-47-14.839413-CEST  MainProcess : INFO       
    #1648   Time: 2013-09-10-15-47-14.838324-CEST From: SLU        To: HUB        Command: slu_parsed(fname="vad-2013-09-10-15-47-10.755645.wav") 

2013-09-10-15-47-14.840202-CEST  DM-5       : DEBUG      
    DDDState Dialogue Act in: other()

2013-09-10-15-47-14.840512-CEST  DM-5       : DEBUG      
    Context Resolution - Dialogue Act: other()

2013-09-10-15-47-14.840772-CEST  DM-5       : DEBUG      
    DDDState - Dialogue state content:
    
    ludait = other
    silence_time = 0.0
    
    
    
    

2013-09-10-15-47-14.841061-CEST  DM-5       : DEBUG      
    DDDState - Dialogue state update
    
    Requested slots:
    {}
    Confirmed slots:
    {}
    Non-informed slots:
    {u'silence_time': 0.0}

2013-09-10-15-47-14.939048-CEST  DM-5       : DEBUG      
    DM Output
    ------------------------------------------------------------
    notunderstood()&help(inform="time")
    

2013-09-10-15-47-14.989784-CEST  MainProcess : INFO       
    #1662   Time: 2013-09-10-15-47-14.988649-CEST From: DM         To: HUB        DA: notunderstood()&help(inform="time") 

2013-09-10-15-47-15.040719-CEST  NLG-6      : DEBUG      
    #1665   Time: 2013-09-10-15-47-15.038548-CEST From: HUB        To: NLG        Command: flush() 

2013-09-10-15-47-15.043266-CEST  MainProcess : INFO       
    #1667   Time: 2013-09-10-15-47-15.040824-CEST From: NLG        To: HUB        Command: flushed() 

2013-09-10-15-47-15.045909-CEST  TTS-7      : DEBUG      
    #1669   Time: 2013-09-10-15-47-15.043364-CEST From: HUB        To: TTS        Command: flush() 

2013-09-10-15-47-15.047988-CEST  MainProcess : INFO       
    #1670   Time: 2013-09-10-15-47-15.046026-CEST From: TTS        To: HUB        Command: flushed() 

2013-09-10-15-47-15.050287-CEST  VoipIO-1   : DEBUG      
    #1671   Time: 2013-09-10-15-47-15.048078-CEST From: HUB        To: VIO        Command: flush_out() 

2013-09-10-15-47-15.052907-CEST  MainProcess : INFO       
    #1672   Time: 2013-09-10-15-47-15.051049-CEST From: VoipIO     To: HUB        Command: flushed_out() 

2013-09-10-15-47-15.054090-CEST  NLG-6      : DEBUG      
    #1673   Time: 2013-09-10-15-47-15.053024-CEST From: HUB        To: NLG        DA: notunderstood()&help(inform="time") 

2013-09-10-15-47-15.054851-CEST  NLG-6      : DEBUG      
    NLG Output
    ------------------------------------------------------------
    Promiňte, nerozuměla jsem. Můžete například říct v kolik hodin chcete jet.
    

2013-09-10-15-47-15.089668-CEST  MainProcess : INFO       
    #1674   Time: 2013-09-10-15-47-15.088736-CEST From: NLG        To: HUB        Command: nlg_text_generated() 

2013-09-10-15-47-15.092085-CEST  MainProcess : INFO       
    #1676   Time: 2013-09-10-15-47-15.091163-CEST From: TTS        To: HUB        Command: tts_start(user_id="None",text="Promiňte, nerozuměla jsem. Můžete například říct v kolik hodin chcete jet.") 

2013-09-10-15-47-15.152043-CEST  MainProcess : INFO       
    #1678   Time: 2013-09-10-15-47-15.092068-CEST From: VoipIO     To: HUB        Command: play_utterance_start(user_id="None",fname="tts-2013-09-10-15-47-15.091070.wav") 

2013-09-10-15-47-15.169726-CEST  MainProcess : INFO       
    #1988   Time: 2013-09-10-15-47-15.168038-CEST From: TTS        To: HUB        Command: tts_end(user_id="None",text="Promiňte, nerozuměla jsem. Můžete například říct v kolik hodin chcete jet.",fname="tts-2013-09-10-15-47-15.091070.wav",log="true") 

2013-09-10-15-47-19.917032-CEST  MainProcess : INFO       
    #2247   Time: 2013-09-10-15-47-19.312042-CEST From: VoipIO     To: HUB        Command: play_utterance_end(user_id="None",fname="tts-2013-09-10-15-47-15.091070.wav) 

2013-09-10-15-47-29.272674-CEST  MainProcess : INFO       
    #2873   Time: 2013-09-10-15-47-29.271324-CEST From: VAD        To: HUB        Command: speech_end(fname="vad-2013-09-10-15-47-13.959254.wav") 

2013-09-10-15-47-29.273106-CEST  ASR-3      : DEBUG      
    ASR: speech_end(fname="vad-2013-09-10-15-47-13.959254.wav")

2013-09-10-15-47-29.772504-CEST  MainProcess : INFO       
    #2907   Time: 2013-09-10-15-47-29.771231-CEST From: VAD        To: HUB        Command: speech_start(fname="vad-2013-09-10-15-47-29.702126.wav") 

2013-09-10-15-47-29.878891-CEST  ASR-3      : DEBUG      
    ASR Hypothesis
    ------------------------------------------------------------
    0.514 dobrý
    0.486 __other__
    

2013-09-10-15-47-29.930238-CEST  MainProcess : INFO       
    #2916   Time: 2013-09-10-15-47-29.929418-CEST From: ASR        To: HUB        Command: asr_end(fname="vad-2013-09-10-15-47-13.959254.wav") 

2013-09-10-15-47-29.932495-CEST  ASR-3      : DEBUG      
    ASR: speech_start(fname="vad-2013-09-10-15-47-29.702126.wav")

2013-09-10-15-47-29.932810-CEST  MainProcess : INFO       
    #2918   Time: 2013-09-10-15-47-29.932071-CEST From: ASR        To: HUB        Command: asr_start(fname="vad-2013-09-10-15-47-29.702126.wav") 

2013-09-10-15-47-29.989151-CEST  SLU-4      : DEBUG      
    SLU Hypothesis
    ------------------------------------------------------------
    1.000 other()
    

2013-09-10-15-47-30.015117-CEST  DM-5       : DEBUG      
    DDDState Dialogue Act in: other()

2013-09-10-15-47-30.015452-CEST  DM-5       : DEBUG      
    Context Resolution - Dialogue Act: other()

2013-09-10-15-47-30.015815-CEST  MainProcess : INFO       
    #2923   Time: 2013-09-10-15-47-30.012787-CEST From: SLU        To: HUB        Command: slu_parsed(fname="vad-2013-09-10-15-47-13.959254.wav") 

2013-09-10-15-47-30.016366-CEST  DM-5       : DEBUG      
    DDDState - Dialogue state content:
    
    ludait = other
    alternative = none
    route_alternative = none
    silence_time = 0.0
    
    
    
    

2013-09-10-15-47-30.016641-CEST  DM-5       : DEBUG      
    DDDState - Dialogue state update
    
    Requested slots:
    {}
    Confirmed slots:
    {}
    Non-informed slots:
    {u'silence_time': 0.0}

2013-09-10-15-47-30.096741-CEST  DM-5       : DEBUG      
    DM Output
    ------------------------------------------------------------
    notunderstood()&help(request="help")
    

2013-09-10-15-47-30.148852-CEST  MainProcess : INFO       
    #2936   Time: 2013-09-10-15-47-30.146288-CEST From: DM         To: HUB        DA: notunderstood()&help(request="help") 

2013-09-10-15-47-30.151968-CEST  NLG-6      : DEBUG      
    #2938   Time: 2013-09-10-15-47-30.149863-CEST From: HUB        To: NLG        DA: notunderstood()&help(request="help") 

2013-09-10-15-47-30.152793-CEST  NLG-6      : DEBUG      
    NLG Output
    ------------------------------------------------------------
    Nerozuměla jsem. Ještě jednou prosím. Můžete se zeptat na nápovědu nebo požádat o pomoc.
    

2013-09-10-15-47-30.197675-CEST  MainProcess : INFO       
    #2939   Time: 2013-09-10-15-47-30.196316-CEST From: NLG        To: HUB        Command: nlg_text_generated() 

2013-09-10-15-47-30.200237-CEST  MainProcess : INFO       
    #2941   Time: 2013-09-10-15-47-30.198652-CEST From: TTS        To: HUB        Command: tts_start(user_id="None",text="Nerozuměla jsem. Ještě jednou prosím. Můžete se zeptat na nápovědu nebo požádat o pomoc.") 

2013-09-10-15-47-30.251427-CEST  MainProcess : INFO       
    #2943   Time: 2013-09-10-15-47-30.201535-CEST From: VoipIO     To: HUB        Command: play_utterance_start(user_id="None",fname="tts-2013-09-10-15-47-30.198566.wav") 

2013-09-10-15-47-30.310703-CEST  MainProcess : INFO       
    #3323   Time: 2013-09-10-15-47-30.308514-CEST From: TTS        To: HUB        Command: tts_end(user_id="None",text="Nerozuměla jsem. Ještě jednou prosím. Můžete se zeptat na nápovědu nebo požádat o pomoc.",fname="tts-2013-09-10-15-47-30.198566.wav",log="true") 

2013-09-10-15-47-36.108558-CEST  MainProcess : INFO       
    #3664   Time: 2013-09-10-15-47-35.719926-CEST From: VoipIO     To: HUB        Command: play_utterance_end(user_id="None",fname="tts-2013-09-10-15-47-30.198566.wav) 

2013-09-10-15-47-40.489385-CEST  MainProcess : INFO       
    #3962   Time: 2013-09-10-15-47-40.487441-CEST From: VAD        To: HUB        Command: speech_end(fname="vad-2013-09-10-15-47-29.702126.wav") 

2013-09-10-15-47-40.489750-CEST  ASR-3      : DEBUG      
    ASR: speech_end(fname="vad-2013-09-10-15-47-29.702126.wav")

2013-09-10-15-47-40.830179-CEST  ASR-3      : DEBUG      
    ASR Hypothesis
    ------------------------------------------------------------
    0.557 dobrý den
    0.222 dobrý d
    0.148 dobrý de
    0.074 dobrý
    0.000 __other__
    

2013-09-10-15-47-40.864422-CEST  MainProcess : INFO       
    #3988   Time: 2013-09-10-15-47-40.862889-CEST From: VAD        To: HUB        Command: speech_start(fname="vad-2013-09-10-15-47-40.774643.wav") 

2013-09-10-15-47-40.930243-CEST  MainProcess : INFO       
    #3993   Time: 2013-09-10-15-47-40.929010-CEST From: ASR        To: HUB        Command: asr_end(fname="vad-2013-09-10-15-47-29.702126.wav") 

2013-09-10-15-47-40.931989-CEST  ASR-3      : DEBUG      
    ASR: speech_start(fname="vad-2013-09-10-15-47-40.774643.wav")

2013-09-10-15-47-40.932909-CEST  MainProcess : INFO       
    #3995   Time: 2013-09-10-15-47-40.931606-CEST From: ASR        To: HUB        Command: asr_start(fname="vad-2013-09-10-15-47-40.774643.wav") 

2013-09-10-15-47-41.164000-CEST  SLU-4      : DEBUG      
    SLU Hypothesis
    ------------------------------------------------------------
    0.557 hello()
    0.443 other()
    

2013-09-10-15-47-41.189895-CEST  MainProcess : INFO       
    #4012   Time: 2013-09-10-15-47-41.187427-CEST From: SLU        To: HUB        Command: slu_parsed(fname="vad-2013-09-10-15-47-29.702126.wav") 

2013-09-10-15-47-41.190478-CEST  DM-5       : DEBUG      
    DDDState Dialogue Act in: hello()

2013-09-10-15-47-41.190830-CEST  DM-5       : DEBUG      
    Context Resolution - Dialogue Act: hello()

2013-09-10-15-47-41.191126-CEST  DM-5       : DEBUG      
    DDDState - Dialogue state content:
    
    ludait = hello
    alternative = none
    route_alternative = none
    silence_time = 0.0
    
    
    
    

2013-09-10-15-47-41.191388-CEST  DM-5       : DEBUG      
    DDDState - Dialogue state update
    
    Requested slots:
    {}
    Confirmed slots:
    {}
    Non-informed slots:
    {u'silence_time': 0.0}

2013-09-10-15-47-41.271445-CEST  DM-5       : DEBUG      
    DM Output
    ------------------------------------------------------------
    request(from_stop)&request(to_stop)
    

2013-09-10-15-47-41.306125-CEST  MainProcess : INFO       
    #4022   Time: 2013-09-10-15-47-41.304321-CEST From: DM         To: HUB        DA: request(from_stop)&request(to_stop) 

2013-09-10-15-47-41.309257-CEST  NLG-6      : DEBUG      
    #4023   Time: 2013-09-10-15-47-41.307218-CEST From: HUB        To: NLG        DA: request(from_stop)&request(to_stop) 

2013-09-10-15-47-41.309552-CEST  NLG-6      : DEBUG      
    NLG Output
    ------------------------------------------------------------
    Odkud a kam chcete jet?
    

2013-09-10-15-47-41.339651-CEST  MainProcess : INFO       
    #4024   Time: 2013-09-10-15-47-41.337747-CEST From: NLG        To: HUB        Command: nlg_text_generated() 

2013-09-10-15-47-41.339996-CEST  MainProcess : INFO       
    #4027   Time: 2013-09-10-15-47-41.338898-CEST From: TTS        To: HUB        Command: tts_start(user_id="None",text="Odkud a kam chcete jet?") 

2013-09-10-15-47-41.383264-CEST  MainProcess : INFO       
    #4143   Time: 2013-09-10-15-47-41.381201-CEST From: TTS        To: HUB        Command: tts_end(user_id="None",text="Odkud a kam chcete jet?",fname="tts-2013-09-10-15-47-41.338802.wav",log="true") 

2013-09-10-15-47-41.385758-CEST  MainProcess : INFO       
    #4029   Time: 2013-09-10-15-47-41.341184-CEST From: VoipIO     To: HUB        Command: play_utterance_start(user_id="None",fname="tts-2013-09-10-15-47-41.338802.wav") 

2013-09-10-15-47-43.214675-CEST  MainProcess : INFO       
    #4250   Time: 2013-09-10-15-47-43.041764-CEST From: VoipIO     To: HUB        Command: play_utterance_end(user_id="None",fname="tts-2013-09-10-15-47-41.338802.wav) 

2013-09-10-15-47-45.789039-CEST  ASR-3      : DEBUG      
    ASR: speech_end(fname="vad-2013-09-10-15-47-40.774643.wav")

2013-09-10-15-47-45.789406-CEST  MainProcess : INFO       
    #4424   Time: 2013-09-10-15-47-45.787821-CEST From: VAD        To: HUB        Command: speech_end(fname="vad-2013-09-10-15-47-40.774643.wav") 

2013-09-10-15-47-46.148578-CEST  MainProcess : INFO       
    #4449   Time: 2013-09-10-15-47-46.146386-CEST From: VAD        To: HUB        Command: speech_start(fname="vad-2013-09-10-15-47-46.083007.wav") 

2013-09-10-15-47-46.278080-CEST  ASR-3      : DEBUG      
    ASR Hypothesis
    ------------------------------------------------------------
    0.933 dobrý
    0.067 __other__
    

2013-09-10-15-47-46.307325-CEST  MainProcess : INFO       
    #4459   Time: 2013-09-10-15-47-46.304405-CEST From: ASR        To: HUB        Command: asr_end(fname="vad-2013-09-10-15-47-40.774643.wav") 

2013-09-10-15-47-46.307609-CEST  ASR-3      : DEBUG      
    ASR: speech_start(fname="vad-2013-09-10-15-47-46.083007.wav")

2013-09-10-15-47-46.309794-CEST  MainProcess : INFO       
    #4461   Time: 2013-09-10-15-47-46.307078-CEST From: ASR        To: HUB        Command: asr_start(fname="vad-2013-09-10-15-47-46.083007.wav") 

2013-09-10-15-47-46.364060-CEST  SLU-4      : DEBUG      
    SLU Hypothesis
    ------------------------------------------------------------
    1.000 other()
    

2013-09-10-15-47-46.389763-CEST  MainProcess : INFO       
    #4466   Time: 2013-09-10-15-47-46.387856-CEST From: SLU        To: HUB        Command: slu_parsed(fname="vad-2013-09-10-15-47-40.774643.wav") 

2013-09-10-15-47-46.390433-CEST  DM-5       : DEBUG      
    DDDState Dialogue Act in: other()

2013-09-10-15-47-46.390793-CEST  DM-5       : DEBUG      
    Context Resolution - Dialogue Act: other()

2013-09-10-15-47-46.391156-CEST  DM-5       : DEBUG      
    DDDState - Dialogue state content:
    
    ludait = other
    alternative = none
    from_centre = none
    from_stop = none
    route_alternative = none
    silence_time = 0.0
    time = none
    to_centre = none
    to_stop = none
    
    
    
    

2013-09-10-15-47-46.391500-CEST  DM-5       : DEBUG      
    DDDState - Dialogue state update
    
    Requested slots:
    {}
    Confirmed slots:
    {}
    Non-informed slots:
    {u'silence_time': 0.0}

2013-09-10-15-47-46.480099-CEST  DM-5       : DEBUG      
    DM Output
    ------------------------------------------------------------
    notunderstood()&help(inform="from_stop")
    

2013-09-10-15-47-46.530471-CEST  MainProcess : INFO       
    #4479   Time: 2013-09-10-15-47-46.529578-CEST From: DM         To: HUB        DA: notunderstood()&help(inform="from_stop") 

2013-09-10-15-47-46.533241-CEST  NLG-6      : DEBUG      
    #4481   Time: 2013-09-10-15-47-46.531434-CEST From: HUB        To: NLG        DA: notunderstood()&help(inform="from_stop") 

2013-09-10-15-47-46.533984-CEST  NLG-6      : DEBUG      
    NLG Output
    ------------------------------------------------------------
    Nerozuměla jsem. Můžete to zopakovat? Můžete například říct chtěl bych jet ze zastávky poliklinika Barrandov.
    

2013-09-10-15-47-46.581689-CEST  MainProcess : INFO       
    #4482   Time: 2013-09-10-15-47-46.579662-CEST From: NLG        To: HUB        Command: nlg_text_generated() 

2013-09-10-15-47-46.584218-CEST  MainProcess : INFO       
    #4484   Time: 2013-09-10-15-47-46.581852-CEST From: TTS        To: HUB        Command: tts_start(user_id="None",text="Nerozuměla jsem. Můžete to zopakovat? Můžete například říct chtěl bych jet ze zastávky poliklinika Barrandov.") 

2013-09-10-15-47-46.627479-CEST  MainProcess : INFO       
    #4486   Time: 2013-09-10-15-47-46.584498-CEST From: VoipIO     To: HUB        Command: play_utterance_start(user_id="None",fname="tts-2013-09-10-15-47-46.581611.wav") 

2013-09-10-15-47-46.715240-CEST  MainProcess : INFO       
    #4930   Time: 2013-09-10-15-47-46.713525-CEST From: TTS        To: HUB        Command: tts_end(user_id="None",text="Nerozuměla jsem. Můžete to zopakovat? Můžete například říct chtěl bych jet ze zastávky poliklinika Barrandov.",fname="tts-2013-09-10-15-47-46.581611.wav",log="true") 

2013-09-10-15-47-53.516744-CEST  MainProcess : INFO       
    #5311   Time: 2013-09-10-15-47-52.744848-CEST From: VoipIO     To: HUB        Command: play_utterance_end(user_id="None",fname="tts-2013-09-10-15-47-46.581611.wav) 

2013-09-10-15-47-54.611850-CEST  ASR-3      : DEBUG      
    ASR: speech_end(fname="vad-2013-09-10-15-47-46.083007.wav")

2013-09-10-15-47-54.612385-CEST  MainProcess : INFO       
    #5429   Time: 2013-09-10-15-47-54.610164-CEST From: VAD        To: HUB        Command: speech_end(fname="vad-2013-09-10-15-47-46.083007.wav") 

2013-09-10-15-47-55.061811-CEST  ASR-3      : DEBUG      
    ASR Hypothesis
    ------------------------------------------------------------
    0.574 dobrý
    0.426 __other__
    

2013-09-10-15-47-55.098055-CEST  MainProcess : INFO       
    #5458   Time: 2013-09-10-15-47-55.095986-CEST From: ASR        To: HUB        Command: asr_end(fname="vad-2013-09-10-15-47-46.083007.wav") 

2013-09-10-15-47-55.156707-CEST  SLU-4      : DEBUG      
    SLU Hypothesis
    ------------------------------------------------------------
    1.000 other()
    

2013-09-10-15-47-55.191125-CEST  MainProcess : INFO       
    #5469   Time: 2013-09-10-15-47-55.189085-CEST From: VAD        To: HUB        Command: speech_start(fname="vad-2013-09-10-15-47-55.104881.wav") 

2013-09-10-15-47-55.191623-CEST  ASR-3      : DEBUG      
    ASR: speech_start(fname="vad-2013-09-10-15-47-55.104881.wav")

2013-09-10-15-47-55.192428-CEST  MainProcess : INFO       
    #5470   Time: 2013-09-10-15-47-55.190686-CEST From: ASR        To: HUB        Command: asr_start(fname="vad-2013-09-10-15-47-55.104881.wav") 

2013-09-10-15-47-55.240454-CEST  MainProcess : INFO       
    #5475   Time: 2013-09-10-15-47-55.238233-CEST From: SLU        To: HUB        Command: slu_parsed(fname="vad-2013-09-10-15-47-46.083007.wav") 

2013-09-10-15-47-55.240921-CEST  DM-5       : DEBUG      
    DDDState Dialogue Act in: other()

2013-09-10-15-47-55.241271-CEST  DM-5       : DEBUG      
    Context Resolution - Dialogue Act: other()

2013-09-10-15-47-55.241622-CEST  DM-5       : DEBUG      
    DDDState - Dialogue state content:
    
    ludait = other
    alternative = none
    from_centre = none
    from_stop = none
    route_alternative = none
    silence_time = 0.0
    time = none
    to_centre = none
    to_stop = none
    
    
    
    

2013-09-10-15-47-55.241911-CEST  DM-5       : DEBUG      
    DDDState - Dialogue state update
    
    Requested slots:
    {}
    Confirmed slots:
    {}
    Non-informed slots:
    {u'silence_time': 0.0}

2013-09-10-15-47-55.364961-CEST  DM-5       : DEBUG      
    DM Output
    ------------------------------------------------------------
    notunderstood()&help(inform="from_stop")
    

2013-09-10-15-47-55.400498-CEST  MainProcess : INFO       
    #5485   Time: 2013-09-10-15-47-55.398006-CEST From: DM         To: HUB        DA: notunderstood()&help(inform="from_stop") 

2013-09-10-15-47-55.404289-CEST  NLG-6      : DEBUG      
    #5486   Time: 2013-09-10-15-47-55.401564-CEST From: HUB        To: NLG        DA: notunderstood()&help(inform="from_stop") 

2013-09-10-15-47-55.405033-CEST  NLG-6      : DEBUG      
    NLG Output
    ------------------------------------------------------------
    Promiňte, nerozuměla jsem. Můžete například říct ze zastávky poliklinika Barrandov.
    

2013-09-10-15-47-55.440451-CEST  MainProcess : INFO       
    #5491   Time: 2013-09-10-15-47-55.439897-CEST From: NLG        To: HUB        Command: nlg_text_generated() 

2013-09-10-15-47-55.445051-CEST  MainProcess : INFO       
    #5493   Time: 2013-09-10-15-47-55.442352-CEST From: TTS        To: HUB        Command: tts_start(user_id="None",text="Promiňte, nerozuměla jsem. Můžete například říct ze zastávky poliklinika Barrandov.") 

2013-09-10-15-47-55.486287-CEST  MainProcess : INFO       
    #5495   Time: 2013-09-10-15-47-55.445109-CEST From: VoipIO     To: HUB        Command: play_utterance_start(user_id="None",fname="tts-2013-09-10-15-47-55.442264.wav") 

2013-09-10-15-47-55.586862-CEST  MainProcess : INFO       
    #5835   Time: 2013-09-10-15-47-55.585331-CEST From: TTS        To: HUB        Command: tts_end(user_id="None",text="Promiňte, nerozuměla jsem. Můžete například říct ze zastávky poliklinika Barrandov.",fname="tts-2013-09-10-15-47-55.442264.wav",log="true") 

2013-09-10-15-48-00.753555-CEST  MainProcess : INFO       
    #6160   Time: 2013-09-10-15-48-00.749857-CEST From: VoipIO     To: HUB        Command: play_utterance_end(user_id="None",fname="tts-2013-09-10-15-47-55.442264.wav) 

2013-09-10-15-48-07.465781-CEST  ASR-3      : DEBUG      
    ASR: speech_end(fname="vad-2013-09-10-15-47-55.104881.wav")

2013-09-10-15-48-07.466196-CEST  MainProcess : INFO       
    #6582   Time: 2013-09-10-15-48-07.464266-CEST From: VAD        To: HUB        Command: speech_end(fname="vad-2013-09-10-15-47-55.104881.wav") 

2013-09-10-15-48-08.112578-CEST  ASR-3      : DEBUG      
    ASR Hypothesis
    ------------------------------------------------------------
    0.328 nemám
    0.246 nemoc
    0.180 máma
    0.164 na mars
    0.082 name
    0.000 __other__
    

2013-09-10-15-48-08.152179-CEST  MainProcess : INFO       
    #6623   Time: 2013-09-10-15-48-08.149694-CEST From: ASR        To: HUB        Command: asr_end(fname="vad-2013-09-10-15-47-55.104881.wav") 

2013-09-10-15-48-08.373729-CEST  MainProcess : INFO       
    #6642   Time: 2013-09-10-15-48-08.372980-CEST From: VAD        To: HUB        Command: speech_start(fname="vad-2013-09-10-15-48-08.297653.wav") 

2013-09-10-15-48-08.375200-CEST  ASR-3      : DEBUG      
    ASR: speech_start(fname="vad-2013-09-10-15-48-08.297653.wav")

2013-09-10-15-48-08.377339-CEST  MainProcess : INFO       
    #6643   Time: 2013-09-10-15-48-08.374737-CEST From: ASR        To: HUB        Command: asr_start(fname="vad-2013-09-10-15-48-08.297653.wav") 

2013-09-10-15-48-08.438667-CEST  SLU-4      : DEBUG      
    SLU Hypothesis
    ------------------------------------------------------------
    1.000 other()
    

2013-09-10-15-48-08.473598-CEST  MainProcess : INFO       
    #6648   Time: 2013-09-10-15-48-08.472709-CEST From: SLU        To: HUB        Command: slu_parsed(fname="vad-2013-09-10-15-47-55.104881.wav") 

2013-09-10-15-48-08.475937-CEST  DM-5       : DEBUG      
    DDDState Dialogue Act in: other()

2013-09-10-15-48-08.476258-CEST  DM-5       : DEBUG      
    Context Resolution - Dialogue Act: other()

2013-09-10-15-48-08.476564-CEST  DM-5       : DEBUG      
    DDDState - Dialogue state content:
    
    ludait = other
    alternative = none
    from_centre = none
    from_stop = none
    route_alternative = none
    silence_time = 0.0
    time = none
    to_centre = none
    to_stop = none
    
    
    
    

2013-09-10-15-48-08.476842-CEST  DM-5       : DEBUG      
    DDDState - Dialogue state update
    
    Requested slots:
    {}
    Confirmed slots:
    {}
    Non-informed slots:
    {u'silence_time': 0.0}

2013-09-10-15-48-08.556774-CEST  DM-5       : DEBUG      
    DM Output
    ------------------------------------------------------------
    notunderstood()&help(inform="from_stop")
    

2013-09-10-15-48-08.600334-CEST  MainProcess : INFO       
    #6658   Time: 2013-09-10-15-48-08.598165-CEST From: DM         To: HUB        DA: notunderstood()&help(inform="from_stop") 

2013-09-10-15-48-08.603294-CEST  NLG-6      : DEBUG      
    #6659   Time: 2013-09-10-15-48-08.601237-CEST From: HUB        To: NLG        DA: notunderstood()&help(inform="from_stop") 

2013-09-10-15-48-08.603969-CEST  NLG-6      : DEBUG      
    NLG Output
    ------------------------------------------------------------
    Nerozuměla jsem. Můžete například říct z Anděla.
    

2013-09-10-15-48-08.651013-CEST  MainProcess : INFO       
    #6664   Time: 2013-09-10-15-48-08.648411-CEST From: NLG        To: HUB        Command: nlg_text_generated() 

2013-09-10-15-48-08.651398-CEST  MainProcess : INFO       
    #6666   Time: 2013-09-10-15-48-08.649326-CEST From: TTS        To: HUB        Command: tts_start(user_id="None",text="Nerozuměla jsem. Můžete například říct z Anděla.") 

2013-09-10-15-48-08.713565-CEST  MainProcess : INFO       
    #6668   Time: 2013-09-10-15-48-08.651865-CEST From: VoipIO     To: HUB        Command: play_utterance_start(user_id="None",fname="tts-2013-09-10-15-48-08.649219.wav") 

2013-09-10-15-48-08.724615-CEST  MainProcess : INFO       
    #6889   Time: 2013-09-10-15-48-08.722786-CEST From: TTS        To: HUB        Command: tts_end(user_id="None",text="Nerozuměla jsem. Můžete například říct z Anděla.",fname="tts-2013-09-10-15-48-08.649219.wav",log="true") 

2013-09-10-15-48-12.140449-CEST  MainProcess : INFO       
    #7082   Time: 2013-09-10-15-48-11.804924-CEST From: VoipIO     To: HUB        Command: play_utterance_end(user_id="None",fname="tts-2013-09-10-15-48-08.649219.wav) 

2013-09-10-15-48-15.624471-CEST  ASR-3      : DEBUG      
    ASR: speech_end(fname="vad-2013-09-10-15-48-08.297653.wav")

2013-09-10-15-48-15.624901-CEST  MainProcess : INFO       
    #7324   Time: 2013-09-10-15-48-15.623147-CEST From: VAD        To: HUB        Command: speech_end(fname="vad-2013-09-10-15-48-08.297653.wav") 

2013-09-10-15-48-16.414833-CEST  ASR-3      : DEBUG      
    ASR Hypothesis
    ------------------------------------------------------------
    0.333 nemám
    0.250 máma
    0.168 nemoc
    0.166 nemo
    0.083 nemá
    0.000 __other__
    

2013-09-10-15-48-16.450791-CEST  MainProcess : INFO       
    #7377   Time: 2013-09-10-15-48-16.447994-CEST From: ASR        To: HUB        Command: asr_end(fname="vad-2013-09-10-15-48-08.297653.wav") 

2013-09-10-15-48-16.582625-CEST  MainProcess : INFO       
    #7388   Time: 2013-09-10-15-48-16.581856-CEST From: VAD        To: HUB        Command: speech_start(fname="vad-2013-09-10-15-48-16.426079.wav") 

2013-09-10-15-48-16.583923-CEST  ASR-3      : DEBUG      
    ASR: speech_start(fname="vad-2013-09-10-15-48-16.426079.wav")

2013-09-10-15-48-16.584295-CEST  MainProcess : INFO       
    #7389   Time: 2013-09-10-15-48-16.583431-CEST From: ASR        To: HUB        Command: asr_start(fname="vad-2013-09-10-15-48-16.426079.wav") 

2013-09-10-15-48-16.746904-CEST  SLU-4      : DEBUG      
    SLU Hypothesis
    ------------------------------------------------------------
    1.000 other()
    

2013-09-10-15-48-16.783215-CEST  MainProcess : INFO       
    #7402   Time: 2013-09-10-15-48-16.781680-CEST From: SLU        To: HUB        Command: slu_parsed(fname="vad-2013-09-10-15-48-08.297653.wav") 

2013-09-10-15-48-16.783642-CEST  DM-5       : DEBUG      
    DDDState Dialogue Act in: other()

2013-09-10-15-48-16.783975-CEST  DM-5       : DEBUG      
    Context Resolution - Dialogue Act: other()

2013-09-10-15-48-16.784281-CEST  DM-5       : DEBUG      
    DDDState - Dialogue state content:
    
    ludait = other
    alternative = none
    from_centre = none
    from_stop = none
    route_alternative = none
    silence_time = 0.0
    time = none
    to_centre = none
    to_stop = none
    
    
    
    

2013-09-10-15-48-16.784581-CEST  DM-5       : DEBUG      
    DDDState - Dialogue state update
    
    Requested slots:
    {}
    Confirmed slots:
    {}
    Non-informed slots:
    {u'silence_time': 0.0}

2013-09-10-15-48-16.874090-CEST  DM-5       : DEBUG      
    DM Output
    ------------------------------------------------------------
    notunderstood()&help(inform="from_stop")
    

2013-09-10-15-48-16.924669-CEST  MainProcess : INFO       
    #7413   Time: 2013-09-10-15-48-16.923913-CEST From: DM         To: HUB        DA: notunderstood()&help(inform="from_stop") 

2013-09-10-15-48-16.926782-CEST  NLG-6      : DEBUG      
    #7414   Time: 2013-09-10-15-48-16.925722-CEST From: HUB        To: NLG        DA: notunderstood()&help(inform="from_stop") 

2013-09-10-15-48-16.927558-CEST  NLG-6      : DEBUG      
    NLG Output
    ------------------------------------------------------------
    Nerozuměla jsem. Můžete například říct z Anděla.
    

2013-09-10-15-48-16.966706-CEST  MainProcess : INFO       
    #7418   Time: 2013-09-10-15-48-16.965566-CEST From: NLG        To: HUB        Command: nlg_text_generated() 

2013-09-10-15-48-16.969224-CEST  MainProcess : INFO       
    #7420   Time: 2013-09-10-15-48-16.967519-CEST From: TTS        To: HUB        Command: tts_start(user_id="None",text="Nerozuměla jsem. Můžete například říct z Anděla.") 

2013-09-10-15-48-17.088497-CEST  MainProcess : INFO       
    #7422   Time: 2013-09-10-15-48-16.970270-CEST From: VoipIO     To: HUB        Command: play_utterance_start(user_id="None",fname="tts-2013-09-10-15-48-16.967432.wav") 

2013-09-10-15-48-17.091107-CEST  MainProcess : INFO       
    #7641   Time: 2013-09-10-15-48-17.089822-CEST From: TTS        To: HUB        Command: tts_end(user_id="None",text="Nerozuměla jsem. Můžete například říct z Anděla.",fname="tts-2013-09-10-15-48-16.967432.wav",log="true") 

2013-09-10-15-48-20.524267-CEST  MainProcess : INFO       
    #7824   Time: 2013-09-10-15-48-19.913704-CEST From: VoipIO     To: HUB        Command: play_utterance_end(user_id="None",fname="tts-2013-09-10-15-48-16.967432.wav) 

2013-09-10-15-48-24.308416-CEST  VoipIO-1   : DEBUG      
    CallCallback::on_state : Call with "Bejcek Eduard" <sip:4366@195.113.20.69> is DISCONNCTD last code = 200 (Normal call clearing)

2013-09-10-15-48-24.390826-CEST  VoipIO-1   : DEBUG      
    VoipIO::on_call_disconnected

2013-09-10-15-48-24.391807-CEST  MainProcess : INFO       
    #8101   Time: 2013-09-10-15-48-24.390902-CEST From: VoipIO     To: HUB        Command: call_disconnected(remote_uri="4366") 

