2013-06-23-00-40-57.839632-CEST  VoipIO-1   : DEBUG      
    CallCallback::on_state : Call with "245501010" <sip:245501010@195.113.20.69> is CONNECTING last code = 200 (OK)

2013-06-23-00-40-57.840407-CEST  VoipIO-1   : DEBUG      
    VoipIO::on_call_connecting

2013-06-23-00-40-57.860936-CEST  MainProcess : SYSTEM-LOG 
    config = { 'ASR': { 'Google': { 'debug': False, 'language': 'cs', 'maxresults': 20},
               'Julius': { 'adinnetport': 5530,
                           'binary': '/usr/local/bin/julius',
                           'debug': False,
                           'hostname': 'localhost',
                           'jconf': { '-adport': '5530',
                                      '-b': '1000',
                                      '-b2': '100',
                                      '-cmnload': 'cmn.param',
                                      '-cmnmapweight': '200',
                                      '-cmnsave': 'cmn.param',
                                      '-confnet': '',
                                      '-fallback1pass': '',
                                      '-gprune': 'safe',
                                      '-h': '/home/jurcicek/vystadial-git/alex/resources/asr/voip_en/hmmdefs',
                                      '-hlist': '/home/jurcicek/vystadial-git/alex/resources/asr/voip_en/tiedlist',
                                      '-htkconf': '/home/jurcicek/vystadial-git/alex/resources/asr/voip_en/config',
                                      '-input': 'adinnet',
                                      '-iwsp': '',
                                      '-iwsppenalty': '0.0',
                                      '-lmp': '15.0 0.0',
                                      '-lmp2': '15.0 0.0',
                                      '-mapunk': 'UM',
                                      '-module': '10500',
                                      '-n': '50',
                                      '-nlr': '/home/jurcicek/vystadial-git/alex/resources/lm/caminfo/julius_arpa_bigram',
                                      '-no_ccd': '',
                                      '-nrl': '/home/jurcicek/vystadial-git/alex/resources/lm/caminfo/julius_arpa_rev_bigram',
                                      '-silhead': '<s>',
                                      '-siltail': '</s>',
                                      '-spmodel': 'sp',
                                      '-tmix': '4',
                                      '-v': '/home/jurcicek/vystadial-git/alex/resources/lm/caminfo/julius_dict'},
                           'jconffile': 'julius.jconf',
                           'killall': False,
                           'logfile': 'julius.log',
                           'msg_timeout': 0.3,
                           'pidfile': 'julius.pid',
                           'reuse_server': False,
                           'serverport': 10500,
                           'start_max_wait_time': 15,
                           'start_wait_time': 0.5,
                           'timeout': 2.0},
               'Kaldi': { 'LM_scale': -6666.66,
                          'hypothesis_type': 'nblist',
                          'lat_depth': 666666,
                          'model': 'TODO_path_to_model'},
               'debug': True,
               'type': 'Google'},
      'AlexOnTheBus': { 'max_turns': 30},
      'Analytics': Analytics(account_id='UA-41905278-1', domain_name='cuni.cz'),
      'Audio': { 'sample_rate': 16000, 'samples_per_frame': 256},
      'AudioIO': { 'debug': True, 'output_dir': './aio_call_log', 'play_buffer_size': 1024},
      'DM': { 'PUfalRuleDM': { 'code_submit_url': None,
                               'db_cfg': '/home/jurcicek/vystadial-git/alex/resources/../applications/CamInfoRest/cued_data/CIRdbase_V7_noloc.txt',
                               'ontology': '/home/jurcicek/vystadial-git/alex/resources/../applications/CamInfoRest/ontology.cfg',
                               'provide_code': False},
              'UfalRuleDM': { 'code_submit_url': None,
                              'db_cfg': '/home/jurcicek/vystadial-git/alex/resources/../applications/CamInfoRest/cued_data/CIRdbase_V7_noloc.txt',
                              'ontology': '/home/jurcicek/vystadial-git/alex/resources/../applications/CamInfoRest/ontology.cfg',
                              'provide_code': False},
              'basic': { 'debug': True},
              'debug': True,
              'dialogue_policy': { 'type': <class 'alex.applications.AlexOnTheBus.aotb_hdc_policy.AOTBHDCPolicy'>},
              'dialogue_state': { 'type': <class 'alex.components.dm.dddstate.DeterministicDiscriminativeDialogueState'>},
              'ontology': '/home/jurcicek/vystadial-git/alex/applications/AlexOnTheBus/data/ontology.py',
              'type': 'basic'},
      'General': { 'debug': False, 'include': ['/home/jurcicek/vystadial-git/alex/resources/private/default.cfg']},
      'Hub': { 'history_file': 'hub_history_hub.txt', 'history_length': 1000, 'main_loop_sleep_time': 0.002},
      'Logging': { 'session_logger': SessionLogger(),
                   'system_logger': SystemLogger(output_dir=./call_logs, stdout_log_level='DEBUG', stdout=True, file_log_level='DEBUG'),
                   'system_name': 'Alex On The Bus',
                   'version': '1.0'},
      'NLG': { 'Template': { 'model': '/home/jurcicek/vystadial-git/alex/applications/AlexOnTheBus/nlg_templates.cfg'},
               'debug': True,
               'type': 'Template'},
      'SHub': { 'history_file': 'hub_history_shub.txt', 'history_length': 1000},
      'SLU': { 'cl-tracing': { 'cldb_fname': '/home/jurcicek/vystadial-git/alex/applications/CamInfoRest/data/database.py',
                               'do_preprocessing': True,
                               'features_type': ('ngram',),
                               'testing': { 'max_examples': None,
                                            'min_perc': 80,
                                            'model_fname': '/home/jurcicek/vystadial-git/alex/applications/CamInfoRest/models/130516_minf60-minfc35-mind60.slu_model.gz',
                                            'renormalise': True,
                                            'threshold': None,
                                            'vanilla': True},
                               'training': { 'models_dir': 'models'}},
               'debug': True,
               'type': <class 'alex.applications.AlexOnTheBus.aotb_slu.AOTBSLU'>,
               <class 'alex.applications.AlexOnTheBus.aotb_slu.AOTBSLU'>: { 'cldb_fname': '/home/jurcicek/vystadial-git/alex/applications/AlexOnTheBus/data/database.py',
                                                                            'preprocessing_cls': <class 'alex.applications.AlexOnTheBus.aotb_preprocessing.AOTBSLUPreprocessing'>,
                                                                            'training': { 'models_dir': 'models'}}},
      'THub': { 'history_file': 'hub_history_thub.txt', 'history_length': 1000},
      'TTS': { 'Flite': { 'debug': False,
                          'preprocessing': '/home/jurcicek/vystadial-git/alex/resources/tts/prep_flite_en.cfg',
                          'voice': 'kal16'},
               'Google': { 'debug': False,
                           'language': 'en',
                           'preprocessing': '/home/jurcicek/vystadial-git/alex/resources/tts/prep_google_en.cfg'},
               'SpeechTech': { 'debug': True,
                               'login': 'filipjurcicek',
    # this line was removed since it included a password
                               'preprocessing': '/home/jurcicek/vystadial-git/alex/resources/tts/prep_speechtech_cs.cfg',
                               'voice': 'Iva210'},
               'VoiceRSS': { 'api_key': '3b6a9fca5d724b1c8ac34691586cdda1'},
               'VoiceRss': { 'language': 'en-gb',
                             'preprocessing': '/home/jurcicek/vystadial-git/alex/resources/tts/prep_voicerss_en.cfg'},
               'debug': True,
               'final_silence_removal_proportion': 0.8,
               'type': 'SpeechTech'},
      'VAD': { 'debug': False,
               'decision_frames_sil': 25,
               'decision_frames_speech': 10,
               'decision_non_speech_threshold': 0.2,
               'decision_speech_threshold': 0.7,
               'gmm': { 'ceplifter': 22,
                        'enormalise': True,
                        'filter_length': 5,
                        'frameshift': 160,
                        'framesize': 512,
                        'frontend': 'MFCC',
                        'hifreq': 3800,
                        'lofreq': 125,
                        'numceps': 12,
                        'numchans': 26,
                        'preemcoef': 0.97,
                        'sil_model': '/home/jurcicek/vystadial-git/alex/resources/vad/voip_en/vad_sil_sds_mfcc_m064_f100000.gmm',
                        'speech_model': '/home/jurcicek/vystadial-git/alex/resources/vad/voip_en/vad_speech_sds_mfcc_m064_f100000.gmm',
                        'useacc': True,
                        'usec0': False,
                        'usecmn': False,
                        'usedelta': True,
                        'usehamming': True,
                        'usepower': True,
                        'zmeansource': True},
               'power': { 'adaptation_frames': 30, 'threshold': 70, 'threshold_multiplier': 1.0},
               'speech_buffer_frames': 20,
               'type': 'gmm'},
      'VoipHub': { 'blacklist_for': 7200,
                   'call_db': '/home/jurcicek/vystadial-git/alex/applications/AlexOnTheBus/call_db.pckl',
                   'hard_time_limit': 360,
                   'hard_turn_limit': 40,
                   'history_length': 1000,
                   'last_period_max_num_calls': 100,
                   'last_period_max_total_time': 7200,
                   'limit_reached_message': u'D\u011bkujeme za zavol\xe1n\xed, ale u\u017e jste volali hodn\u011b. Pros\xedm zavolejte pozd\u011bji. Na shledanou.',
                   'period': 172800,
                   'pid_file': '/home/jurcicek/vystadial-git/alex/applications/vhub.pid',
                   'wait_time_before_calling_back': 10},
      'VoipIO': { 'allowed_hosts': '',
                  'allowed_phone_numbers': '(^[234567])',
                  'allowed_users': '(^[234567])',
                  'debug': True,
                  'domain': 'external.sip.mff.cuni.cz:5066',
                  'forbidden_hosts': '',
                  'forbidden_phone_number': '(^112$|^150$|^155$|^156$|^158$)',
                  'forbidden_users': '(^112$|^150$|^155$|^156$|^158$)',
    # this line was removed since it included a password
                  'pjsip_log_level': 3,
                  'reject_calls': False,
                  'user': 'DEV-9889'},
      'WebHub': { 'port': 8000},
      'corpustools': { 'get_jasr_confnets': { 'frame_size': 256, 'rt_ratio': 0.2}}}
    

2013-06-23-00-40-57.894296-CEST  MainProcess : INFO       
    #2      Time: 2013-06-23-00-40-57.840549-CEST From: VoipIO     To: HUB        Command: call_connecting(remote_uri="245501010") 

2013-06-23-00-40-57.943729-CEST  VoipIO-1   : DEBUG      
    CallCallback::on_state : Call with "245501010" <sip:245501010@195.113.20.69> is CONFIRMED last code = 200 (OK)

2013-06-23-00-40-57.955001-CEST  VoipIO-1   : DEBUG      
    VoipIO::on_call_confirmed

2013-06-23-00-40-57.956506-CEST  MainProcess : INFO       
    #3      Time: 2013-06-23-00-40-57.955166-CEST From: VoipIO     To: HUB        Command: call_confirmed(remote_uri="245501010") 

2013-06-23-00-40-57.961420-CEST  MainProcess : INFO       
    
    ========================================================================================================================
    Incoming call from :          245501010
    ------------------------------------------------------------------------------------------------------------------------
    Total calls:                  52
    Total time (min):             47.1
    Last period total calls:      36
    Last period total time (min): 33.5
    ------------------------------------------------------------------------------------------------------------------------
    CALL ACCEPTED
    ========================================================================================================================
    

2013-06-23-00-40-57.966118-CEST  DM-5       : DEBUG      
    #4      Time: 2013-06-23-00-40-57.958610-CEST From: HUB        To: DM         Command: new_dialogue() 

2013-06-23-00-40-57.967887-CEST  DM-5       : DEBUG      
    DM Output
    ------------------------------------------------------------
    hello()
    

2013-06-23-00-40-57.985504-CEST  NLG-6      : DEBUG      
    NLG Output
    ------------------------------------------------------------
    Dobrý den. Tato experimentální služba je poskytována laboratoří výzkumu hlasových dialogových systémů na Ústavu Formální a Aplikované Lingvistiky na Karlově Univerzitě. Hovor je nahráván. Více informací o této službě je na internetu. Jak Vám mohu pomoci. Můžete například říct chtěla bych jet ze zastávky Anděl .
    

2013-06-23-00-40-57.993537-CEST  MainProcess : INFO       
    #6      Time: 2013-06-23-00-40-57.982426-CEST From: DM         To: HUB        Command: dm_da_generated() 

2013-06-23-00-40-58.006902-CEST  MainProcess : INFO       
    #7      Time: 2013-06-23-00-40-58.000834-CEST From: NLG        To: HUB        Command: nlg_text_generated() 

2013-06-23-00-40-58.015358-CEST  MainProcess : INFO       
    #9      Time: 2013-06-23-00-40-58.005575-CEST From: TTS        To: HUB        Command: tts_start(user_id="None",text="Dobrý den. Tato experimentální služba je poskytována laboratoří výzkumu hlasových dialogových systémů na Ústavu Formální a Aplikované Lingvistiky na Karlově Univerzitě. Hovor je nahráván. Více informací o této službě je na internetu. Jak Vám mohu pomoci. Můžete například říct chtěla bych jet ze zastávky Anděl .") 

2013-06-23-00-40-58.091348-CEST  MainProcess : INFO       
    #11     Time: 2013-06-23-00-40-58.009337-CEST From: VoipIO     To: HUB        Command: play_utterance_start(user_id="None",fname="tts-2013-06-23-00-40-58.001495.wav") 

2013-06-23-00-40-58.316994-CEST  MainProcess : INFO       
    #1526   Time: 2013-06-23-00-40-58.313949-CEST From: TTS        To: HUB        Command: tts_end(user_id="None",text="Dobrý den. Tato experimentální služba je poskytována laboratoří výzkumu hlasových dialogových systémů na Ústavu Formální a Aplikované Lingvistiky na Karlově Univerzitě. Hovor je nahráván. Více informací o této službě je na internetu. Jak Vám mohu pomoci. Můžete například říct chtěla bych jet ze zastávky Anděl .",fname="tts-2013-06-23-00-40-58.001495.wav",log="true") 

2013-06-23-00-41-21.835716-CEST  MainProcess : INFO       
    #2983   Time: 2013-06-23-00-41-21.620653-CEST From: VoipIO     To: HUB        Command: play_utterance_end(user_id="None",fname="tts-2013-06-23-00-40-58.001495.wav) 

2013-06-23-00-41-26.642313-CEST  ASR-3      : DEBUG      
    ASR: speech_start()

2013-06-23-00-41-26.643286-CEST  MainProcess : INFO       
    #3301   Time: 2013-06-23-00-41-26.637809-CEST From: VAD        To: HUB        Command: speech_start(fname="vad-2013-06-23-00-41-26.628180.wav") 

2013-06-23-00-41-26.644486-CEST  MainProcess : INFO       
    #3302   Time: 2013-06-23-00-41-26.640739-CEST From: ASR        To: HUB        Command: asr_start() 

2013-06-23-00-41-27.923804-CEST  MainProcess : INFO       
    #3384   Time: 2013-06-23-00-41-27.922180-CEST From: VAD        To: HUB        Command: speech_end(fname="vad-2013-06-23-00-41-26.628180.wav") 

2013-06-23-00-41-27.924421-CEST  ASR-3      : DEBUG      
    ASR: speech_end()

2013-06-23-00-41-28.582088-CEST  ASR-3      : DEBUG      
    ASR Hypothesis
    ------------------------------------------------------------
    0.688 zastávky anděl
    0.039 zastávka anděl
    0.036 zastávky anděla
    0.034 zastávky a anděl
    0.031 zastávky andělů
    0.029 zastávky andělé
    0.026 zastavte anděl
    0.023 zastávky a anděla
    0.021 zastavte a anděl
    0.018 zastávka a anděl
    0.016 zastávka anděla
    0.013 zastávky a andělů
    0.010 zastávky a andělé
    0.008 zastav a anděl
    0.005 v pasti anděl
    0.003 zastav anděl
    0.000 __other__
    

2013-06-23-00-41-28.602171-CEST  MainProcess : INFO       
    #3425   Time: 2013-06-23-00-41-28.590534-CEST From: ASR        To: HUB        Command: asr_end() 

2013-06-23-00-41-29.779732-CEST  SLU-4      : DEBUG      
    SLU Hypothesis
    ------------------------------------------------------------
    0.961 inform(="Anděl")
    0.039 other()
    

2013-06-23-00-41-29.810813-CEST  MainProcess : INFO       
    #3503   Time: 2013-06-23-00-41-29.807924-CEST From: SLU        To: HUB        Command: slu_parsed() 

2013-06-23-00-41-29.811402-CEST  DM-5       : DEBUG      
    DDDState Dialogue Act in: inform(="Anděl")

2013-06-23-00-41-29.812024-CEST  DM-5       : DEBUG      
    Context Resolution - Dialogue Act: inform(="Anděl")

2013-06-23-00-41-29.812987-CEST  DM-5       : DEBUG      
    DDDState - Dialogue state content:
    
    lda = none
    
    
    
    

2013-06-23-00-41-29.814073-CEST  DM-5       : DEBUG      
    DDDState
    
    Requested slots:
    {}
    Confirmed slots:
    {}
    Non-informed slots:
    {}

2013-06-23-00-41-29.814945-CEST  DM-5       : DEBUG      
    DM Output
    ------------------------------------------------------------
    request(time)
    

2013-06-23-00-41-29.826048-CEST  NLG-6      : DEBUG      
    NLG Output
    ------------------------------------------------------------
    Kdy chcete jet?
    

2013-06-23-00-41-29.839732-CEST  MainProcess : INFO       
    #3507   Time: 2013-06-23-00-41-29.824241-CEST From: DM         To: HUB        Command: dm_da_generated() 

2013-06-23-00-41-29.850283-CEST  MainProcess : INFO       
    #3509   Time: 2013-06-23-00-41-29.830773-CEST From: NLG        To: HUB        Command: nlg_text_generated() 

2013-06-23-00-41-29.851556-CEST  MainProcess : INFO       
    #3513   Time: 2013-06-23-00-41-29.840070-CEST From: TTS        To: HUB        Command: tts_start(user_id="None",text="Kdy chcete jet?") 

2013-06-23-00-41-29.869104-CEST  MainProcess : INFO       
    #3515   Time: 2013-06-23-00-41-29.842389-CEST From: VoipIO     To: HUB        Command: play_utterance_start(user_id="None",fname="tts-2013-06-23-00-41-29.832530.wav") 

2013-06-23-00-41-29.869787-CEST  MainProcess : INFO       
    #3624   Time: 2013-06-23-00-41-29.864656-CEST From: TTS        To: HUB        Command: tts_end(user_id="None",text="Kdy chcete jet?",fname="tts-2013-06-23-00-41-29.832530.wav",log="true") 

2013-06-23-00-41-31.566157-CEST  MainProcess : INFO       
    #3681   Time: 2013-06-23-00-41-30.752351-CEST From: VoipIO     To: HUB        Command: play_utterance_end(user_id="None",fname="tts-2013-06-23-00-41-29.832530.wav) 

2013-06-23-00-41-32.730300-CEST  MainProcess : INFO       
    #3807   Time: 2013-06-23-00-41-32.728677-CEST From: VAD        To: HUB        Command: speech_start(fname="vad-2013-06-23-00-41-32.719052.wav") 

2013-06-23-00-41-32.733403-CEST  ASR-3      : DEBUG      
    ASR: speech_start()

2013-06-23-00-41-32.734810-CEST  MainProcess : INFO       
    #3808   Time: 2013-06-23-00-41-32.729557-CEST From: ASR        To: HUB        Command: asr_start() 

2013-06-23-00-41-33.291868-CEST  MainProcess : INFO       
    #3846   Time: 2013-06-23-00-41-33.289091-CEST From: VAD        To: HUB        Command: speech_end(fname="vad-2013-06-23-00-41-32.719052.wav") 

2013-06-23-00-41-33.292576-CEST  ASR-3      : DEBUG      
    ASR: speech_end()

2013-06-23-00-41-33.840879-CEST  ASR-3      : DEBUG      
    ASR Hypothesis
    ------------------------------------------------------------
    0.328 ní
    0.246 není
    0.181 nyní
    0.164 ní ní
    0.082 minnie
    0.000 __other__
    

2013-06-23-00-41-33.850600-CEST  MainProcess : INFO       
    #3879   Time: 2013-06-23-00-41-33.847904-CEST From: ASR        To: HUB        Command: asr_end() 

2013-06-23-00-41-34.076129-CEST  SLU-4      : DEBUG      
    SLU Hypothesis
    ------------------------------------------------------------
    0.819 other()
    0.181 inform(time="now")
    

2013-06-23-00-41-34.083469-CEST  MainProcess : INFO       
    #3897   Time: 2013-06-23-00-41-34.081760-CEST From: SLU        To: HUB        Command: slu_parsed() 

2013-06-23-00-41-34.084396-CEST  DM-5       : DEBUG      
    DDDState Dialogue Act in: other()

2013-06-23-00-41-34.085190-CEST  DM-5       : DEBUG      
    Context Resolution - Dialogue Act: other()

2013-06-23-00-41-34.086641-CEST  DM-5       : DEBUG      
    DDDState - Dialogue state content:
    
    lda = other
    from_stop = none
    time = none
    
    
    
    

2013-06-23-00-41-34.087875-CEST  DM-5       : DEBUG      
    DDDState
    
    Requested slots:
    {}
    Confirmed slots:
    {}
    Non-informed slots:
    {}

2013-06-23-00-41-34.088758-CEST  DM-5       : DEBUG      
    DM Output
    ------------------------------------------------------------
    notunderstood()&help(inform="time")
    

2013-06-23-00-41-34.103295-CEST  MainProcess : INFO       
    #3899   Time: 2013-06-23-00-41-34.101625-CEST From: DM         To: HUB        Command: dm_da_generated() 

2013-06-23-00-41-34.107491-CEST  NLG-6      : DEBUG      
    NLG Output
    ------------------------------------------------------------
    Promiňte, nerozuměla jsem. Můžete to zopakovat? Můžete například říct v kolik hodin chcete jet.
    

2013-06-23-00-41-34.120937-CEST  MainProcess : INFO       
    #3905   Time: 2013-06-23-00-41-34.120048-CEST From: NLG        To: HUB        Command: nlg_text_generated() 

2013-06-23-00-41-34.127371-CEST  MainProcess : INFO       
    #3907   Time: 2013-06-23-00-41-34.121342-CEST From: TTS        To: HUB        Command: tts_start(user_id="None",text="Promiňte, nerozuměla jsem. Můžete to zopakovat? Můžete například říct v kolik hodin chcete jet.") 

2013-06-23-00-41-34.151784-CEST  MainProcess : INFO       
    #3909   Time: 2013-06-23-00-41-34.123933-CEST From: VoipIO     To: HUB        Command: play_utterance_start(user_id="None",fname="tts-2013-06-23-00-41-34.121196.wav") 

2013-06-23-00-41-34.212198-CEST  MainProcess : INFO       
    #4414   Time: 2013-06-23-00-41-34.209570-CEST From: TTS        To: HUB        Command: tts_end(user_id="None",text="Promiňte, nerozuměla jsem. Můžete to zopakovat? Můžete například říct v kolik hodin chcete jet.",fname="tts-2013-06-23-00-41-34.121196.wav",log="true") 

2013-06-23-00-41-39.716250-CEST  ASR-3      : DEBUG      
    ASR: speech_start()

2013-06-23-00-41-39.716935-CEST  MainProcess : INFO       
    #4760   Time: 2013-06-23-00-41-39.712863-CEST From: VAD        To: HUB        Command: speech_start(fname="vad-2013-06-23-00-41-39.696230.wav") 

2013-06-23-00-41-39.729523-CEST  MainProcess : INFO       
    #4761   Time: 2013-06-23-00-41-39.715446-CEST From: ASR        To: HUB        Command: asr_start() 

2013-06-23-00-41-39.732045-CEST  NLG-6      : DEBUG      
    #4762   Time: 2013-06-23-00-41-39.727594-CEST From: HUB        To: NLG        Command: flush() 

2013-06-23-00-41-39.733592-CEST  MainProcess : INFO       
    #4763   Time: 2013-06-23-00-41-39.732202-CEST From: NLG        To: HUB        Command: flushed() 

2013-06-23-00-41-39.734829-CEST  TTS-7      : DEBUG      
    #4764   Time: 2013-06-23-00-41-39.733724-CEST From: HUB        To: TTS        Command: flush() 

2013-06-23-00-41-39.736998-CEST  MainProcess : INFO       
    #4765   Time: 2013-06-23-00-41-39.735018-CEST From: TTS        To: HUB        Command: flushed() 

2013-06-23-00-41-39.739047-CEST  VoipIO-1   : DEBUG      
    #4766   Time: 2013-06-23-00-41-39.737122-CEST From: HUB        To: VIO        Command: flush_out() 

2013-06-23-00-41-39.741613-CEST  MainProcess : INFO       
    #4767   Time: 2013-06-23-00-41-39.739218-CEST From: VoipIO     To: HUB        Command: flushed_out() 

2013-06-23-00-41-40.083995-CEST  MainProcess : INFO       
    #4793   Time: 2013-06-23-00-41-40.082404-CEST From: VAD        To: HUB        Command: speech_end(fname="vad-2013-06-23-00-41-39.696230.wav") 

2013-06-23-00-41-40.084981-CEST  ASR-3      : DEBUG      
    ASR: speech_end()

2013-06-23-00-41-40.715698-CEST  ASR-3      : DEBUG      
    ASR Hypothesis
    ------------------------------------------------------------
    1.000 __other__
    

2013-06-23-00-41-40.727215-CEST  SLU-4      : DEBUG      
    SLU Hypothesis
    ------------------------------------------------------------
    1.000 other()
    

2013-06-23-00-41-40.731584-CEST  MainProcess : INFO       
    #4834   Time: 2013-06-23-00-41-40.724065-CEST From: ASR        To: HUB        Command: asr_end() 

2013-06-23-00-41-40.739012-CEST  DM-5       : DEBUG      
    DDDState Dialogue Act in: other()

2013-06-23-00-41-40.739663-CEST  DM-5       : DEBUG      
    Context Resolution - Dialogue Act: other()

2013-06-23-00-41-40.741138-CEST  DM-5       : DEBUG      
    DDDState - Dialogue state content:
    
    lda = other
    from_stop = none
    time = none
    
    
    
    

2013-06-23-00-41-40.742622-CEST  DM-5       : DEBUG      
    DDDState
    
    Requested slots:
    {}
    Confirmed slots:
    {}
    Non-informed slots:
    {}

2013-06-23-00-41-40.743992-CEST  DM-5       : DEBUG      
    DM Output
    ------------------------------------------------------------
    notunderstood()&help(inform="time")
    

2013-06-23-00-41-40.744890-CEST  MainProcess : INFO       
    #4836   Time: 2013-06-23-00-41-40.737420-CEST From: SLU        To: HUB        Command: slu_parsed() 

2013-06-23-00-41-40.764056-CEST  MainProcess : INFO       
    #4838   Time: 2013-06-23-00-41-40.762107-CEST From: DM         To: HUB        Command: dm_da_generated() 

2013-06-23-00-41-40.766014-CEST  NLG-6      : DEBUG      
    NLG Output
    ------------------------------------------------------------
    Nerozuměla jsem. Můžete to zopakovat? Můžete například říct v kolik hodin chcete jet.
    

2013-06-23-00-41-40.775372-CEST  MainProcess : INFO       
    #4844   Time: 2013-06-23-00-41-40.774182-CEST From: NLG        To: HUB        Command: nlg_text_generated() 

2013-06-23-00-41-40.782774-CEST  MainProcess : INFO       
    #4846   Time: 2013-06-23-00-41-40.775804-CEST From: TTS        To: HUB        Command: tts_start(user_id="None",text="Nerozuměla jsem. Můžete to zopakovat? Můžete například říct v kolik hodin chcete jet.") 

2013-06-23-00-41-40.812158-CEST  MainProcess : INFO       
    #4848   Time: 2013-06-23-00-41-40.781047-CEST From: VoipIO     To: HUB        Command: play_utterance_start(user_id="None",fname="tts-2013-06-23-00-41-40.775729.wav") 

2013-06-23-00-41-40.888188-CEST  MainProcess : INFO       
    #5303   Time: 2013-06-23-00-41-40.885629-CEST From: TTS        To: HUB        Command: tts_end(user_id="None",text="Nerozuměla jsem. Můžete to zopakovat? Můžete například říct v kolik hodin chcete jet.",fname="tts-2013-06-23-00-41-40.775729.wav",log="true") 

2013-06-23-00-41-45.527401-CEST  MainProcess : INFO       
    #5597   Time: 2013-06-23-00-41-45.524646-CEST From: VAD        To: HUB        Command: speech_start(fname="vad-2013-06-23-00-41-45.510173.wav") 

2013-06-23-00-41-45.528689-CEST  ASR-3      : DEBUG      
    ASR: speech_start()

2013-06-23-00-41-45.549537-CEST  MainProcess : INFO       
    #5598   Time: 2013-06-23-00-41-45.528065-CEST From: ASR        To: HUB        Command: asr_start() 

2013-06-23-00-41-45.550475-CEST  NLG-6      : DEBUG      
    #5599   Time: 2013-06-23-00-41-45.547104-CEST From: HUB        To: NLG        Command: flush() 

2013-06-23-00-41-45.553742-CEST  MainProcess : INFO       
    #5600   Time: 2013-06-23-00-41-45.550610-CEST From: NLG        To: HUB        Command: flushed() 

2013-06-23-00-41-45.556803-CEST  TTS-7      : DEBUG      
    #5601   Time: 2013-06-23-00-41-45.553864-CEST From: HUB        To: TTS        Command: flush() 

2013-06-23-00-41-45.560378-CEST  MainProcess : INFO       
    #5602   Time: 2013-06-23-00-41-45.556967-CEST From: TTS        To: HUB        Command: flushed() 

2013-06-23-00-41-45.563018-CEST  VoipIO-1   : DEBUG      
    #5603   Time: 2013-06-23-00-41-45.560501-CEST From: HUB        To: VIO        Command: flush_out() 

2013-06-23-00-41-45.565833-CEST  MainProcess : INFO       
    #5604   Time: 2013-06-23-00-41-45.563214-CEST From: VoipIO     To: HUB        Command: flushed_out() 

2013-06-23-00-41-46.096023-CEST  ASR-3      : DEBUG      
    ASR: speech_end()

2013-06-23-00-41-46.096822-CEST  MainProcess : INFO       
    #5642   Time: 2013-06-23-00-41-46.093429-CEST From: VAD        To: HUB        Command: speech_end(fname="vad-2013-06-23-00-41-45.510173.wav") 

2013-06-23-00-41-46.612201-CEST  ASR-3      : DEBUG      
    ASR Hypothesis
    ------------------------------------------------------------
    0.296 mini
    0.259 nyní
    0.222 minnie
    0.148 není
    0.074 mění
    0.000 __other__
    

2013-06-23-00-41-46.626068-CEST  MainProcess : INFO       
    #5675   Time: 2013-06-23-00-41-46.621462-CEST From: ASR        To: HUB        Command: asr_end() 

2013-06-23-00-41-46.843159-CEST  SLU-4      : DEBUG      
    SLU Hypothesis
    ------------------------------------------------------------
    0.741 other()
    0.259 inform(time="now")
    

2013-06-23-00-41-46.854644-CEST  DM-5       : DEBUG      
    DDDState Dialogue Act in: other()

2013-06-23-00-41-46.855440-CEST  DM-5       : DEBUG      
    Context Resolution - Dialogue Act: other()

2013-06-23-00-41-46.857355-CEST  DM-5       : DEBUG      
    DDDState - Dialogue state content:
    
    lda = other
    from_stop = none
    time = none
    
    
    
    

2013-06-23-00-41-46.858729-CEST  DM-5       : DEBUG      
    DDDState
    
    Requested slots:
    {}
    Confirmed slots:
    {}
    Non-informed slots:
    {}

2013-06-23-00-41-46.859363-CEST  MainProcess : INFO       
    #5692   Time: 2013-06-23-00-41-46.851317-CEST From: SLU        To: HUB        Command: slu_parsed() 

2013-06-23-00-41-46.860690-CEST  DM-5       : DEBUG      
    DM Output
    ------------------------------------------------------------
    notunderstood()&help(inform="time")
    

2013-06-23-00-41-46.910099-CEST  NLG-6      : DEBUG      
    NLG Output
    ------------------------------------------------------------
    Promiňte, nerozuměla jsem. Můžete to zopakovat? Můžete například říct v kolik hodin chcete jet.
    

2013-06-23-00-41-46.910937-CEST  MainProcess : INFO       
    #5695   Time: 2013-06-23-00-41-46.881892-CEST From: DM         To: HUB        Command: dm_da_generated() 

2013-06-23-00-41-46.935041-CEST  MainProcess : INFO       
    #5701   Time: 2013-06-23-00-41-46.929066-CEST From: NLG        To: HUB        Command: nlg_text_generated() 

2013-06-23-00-41-46.936197-CEST  MainProcess : INFO       
    #5703   Time: 2013-06-23-00-41-46.929909-CEST From: TTS        To: HUB        Command: tts_start(user_id="None",text="Promiňte, nerozuměla jsem. Můžete to zopakovat? Můžete například říct v kolik hodin chcete jet.") 

2013-06-23-00-41-46.953065-CEST  MainProcess : INFO       
    #5705   Time: 2013-06-23-00-41-46.931527-CEST From: VoipIO     To: HUB        Command: play_utterance_start(user_id="None",fname="tts-2013-06-23-00-41-46.929711.wav") 

2013-06-23-00-41-47.059972-CEST  MainProcess : INFO       
    #6214   Time: 2013-06-23-00-41-47.057314-CEST From: TTS        To: HUB        Command: tts_end(user_id="None",text="Promiňte, nerozuměla jsem. Můžete to zopakovat? Můžete například říct v kolik hodin chcete jet.",fname="tts-2013-06-23-00-41-46.929711.wav",log="true") 

2013-06-23-00-41-54.862038-CEST  MainProcess : INFO       
    #6663   Time: 2013-06-23-00-41-54.216238-CEST From: VoipIO     To: HUB        Command: play_utterance_end(user_id="None",fname="tts-2013-06-23-00-41-46.929711.wav) 

2013-06-23-00-41-56.752544-CEST  ASR-3      : DEBUG      
    ASR: speech_start()

2013-06-23-00-41-56.753867-CEST  MainProcess : INFO       
    #6821   Time: 2013-06-23-00-41-56.748739-CEST From: VAD        To: HUB        Command: speech_start(fname="vad-2013-06-23-00-41-56.641912.wav") 

2013-06-23-00-41-56.756771-CEST  MainProcess : INFO       
    #6822   Time: 2013-06-23-00-41-56.751329-CEST From: ASR        To: HUB        Command: asr_start() 

2013-06-23-00-41-57.105691-CEST  ASR-3      : DEBUG      
    ASR: speech_end()

2013-06-23-00-41-57.106885-CEST  MainProcess : INFO       
    #6848   Time: 2013-06-23-00-41-57.104719-CEST From: VAD        To: HUB        Command: speech_end(fname="vad-2013-06-23-00-41-56.641912.wav") 

2013-06-23-00-41-57.555680-CEST  ASR-3      : DEBUG      
    ASR Hypothesis
    ------------------------------------------------------------
    0.330 teď
    0.247 patch
    0.175 petr
    0.165 pečky
    0.082 petra
    0.000 __other__
    

2013-06-23-00-41-57.572895-CEST  MainProcess : INFO       
    #6877   Time: 2013-06-23-00-41-57.565619-CEST From: ASR        To: HUB        Command: asr_end() 

2013-06-23-00-41-57.823900-CEST  SLU-4      : DEBUG      
    SLU Hypothesis
    ------------------------------------------------------------
    0.412 other()
    0.330 inform(time="now")
    0.258 inform(="Petrov")
    

2013-06-23-00-41-57.840314-CEST  DM-5       : DEBUG      
    DDDState Dialogue Act in: inform(time="now")

2013-06-23-00-41-57.841314-CEST  DM-5       : DEBUG      
    Context Resolution - Dialogue Act: inform(time="now")

2013-06-23-00-41-57.842603-CEST  DM-5       : DEBUG      
    DDDState - Dialogue state content:
    
    lda = none
    from_stop = none
    time = now
    
    
    
    

2013-06-23-00-41-57.843153-CEST  MainProcess : INFO       
    #6895   Time: 2013-06-23-00-41-57.837069-CEST From: SLU        To: HUB        Command: slu_parsed() 

2013-06-23-00-41-57.844506-CEST  DM-5       : DEBUG      
    DDDState
    
    Requested slots:
    {}
    Confirmed slots:
    {}
    Non-informed slots:
    {u'time': u'now'}

2013-06-23-00-41-57.846094-CEST  DM-5       : DEBUG      
    DM Output
    ------------------------------------------------------------
    iconfirm(time="now")&request(from_stop)&request(to_stop)
    

2013-06-23-00-41-57.890093-CEST  MainProcess : INFO       
    #6901   Time: 2013-06-23-00-41-57.887888-CEST From: DM         To: HUB        Command: dm_da_generated() 

2013-06-23-00-41-57.891066-CEST  NLG-6      : DEBUG      
    NLG Output
    ------------------------------------------------------------
    Dobře, chcete jet co nejdříve. Jaká je Vaše výchozí stanice? Jaká je Vaše cílová stanice?
    

2013-06-23-00-41-57.907551-CEST  MainProcess : INFO       
    #6903   Time: 2013-06-23-00-41-57.903534-CEST From: NLG        To: HUB        Command: nlg_text_generated() 

2013-06-23-00-41-57.908092-CEST  MainProcess : INFO       
    #6905   Time: 2013-06-23-00-41-57.904223-CEST From: TTS        To: HUB        Command: tts_start(user_id="None",text="Dobře, chcete jet co nejdříve. Jaká je Vaše výchozí stanice? Jaká je Vaše cílová stanice?") 

2013-06-23-00-41-57.927536-CEST  MainProcess : INFO       
    #6907   Time: 2013-06-23-00-41-57.908313-CEST From: VoipIO     To: HUB        Command: play_utterance_start(user_id="None",fname="tts-2013-06-23-00-41-57.904136.wav") 

2013-06-23-00-42-00.425654-CEST  MainProcess : INFO       
    #7573   Time: 2013-06-23-00-42-00.422934-CEST From: TTS        To: HUB        Command: tts_end(user_id="None",text="Dobře, chcete jet co nejdříve. Jaká je Vaše výchozí stanice? Jaká je Vaše cílová stanice?",fname="tts-2013-06-23-00-41-57.904136.wav",log="true") 

2013-06-23-00-42-07.086285-CEST  MainProcess : INFO       
    #7956   Time: 2013-06-23-00-42-06.543754-CEST From: VoipIO     To: HUB        Command: play_utterance_end(user_id="None",fname="tts-2013-06-23-00-41-57.904136.wav) 

2013-06-23-00-42-08.956489-CEST  ASR-3      : DEBUG      
    ASR: speech_start()

2013-06-23-00-42-08.958040-CEST  MainProcess : INFO       
    #8110   Time: 2013-06-23-00-42-08.954961-CEST From: VAD        To: HUB        Command: speech_start(fname="vad-2013-06-23-00-42-08.927969.wav") 

2013-06-23-00-42-08.960301-CEST  MainProcess : INFO       
    #8111   Time: 2013-06-23-00-42-08.955293-CEST From: ASR        To: HUB        Command: asr_start() 

2013-06-23-00-42-09.503695-CEST  ASR-3      : DEBUG      
    ASR: speech_end()

2013-06-23-00-42-09.504607-CEST  MainProcess : INFO       
    #8146   Time: 2013-06-23-00-42-09.502030-CEST From: VAD        To: HUB        Command: speech_end(fname="vad-2013-06-23-00-42-08.927969.wav") 

2013-06-23-00-42-09.935820-CEST  ASR-3      : DEBUG      
    ASR Hypothesis
    ------------------------------------------------------------
    0.667 anděl
    0.133 honda
    0.100 andělé
    0.067 fanda
    0.033 landa
    0.000 __other__
    

2013-06-23-00-42-09.954942-CEST  MainProcess : INFO       
    #8175   Time: 2013-06-23-00-42-09.950382-CEST From: ASR        To: HUB        Command: asr_end() 

2013-06-23-00-42-10.220957-CEST  SLU-4      : DEBUG      
    SLU Hypothesis
    ------------------------------------------------------------
    0.667 inform(="Anděl")
    0.333 other()
    

2013-06-23-00-42-10.235109-CEST  MainProcess : INFO       
    #8196   Time: 2013-06-23-00-42-10.233394-CEST From: SLU        To: HUB        Command: slu_parsed() 

2013-06-23-00-42-10.235742-CEST  DM-5       : DEBUG      
    DDDState Dialogue Act in: inform(="Anděl")

2013-06-23-00-42-10.236827-CEST  DM-5       : DEBUG      
    Context Resolution - Dialogue Act: inform(from_stop="Anděl")&inform(to_stop="Anděl")&inform(="Anděl")

2013-06-23-00-42-10.239168-CEST  DM-5       : DEBUG      
    DDDState - Dialogue state content:
    
    lda = none
    from_centre = none
    from_stop = Anděl
    time = now
    to_centre = none
    to_stop = Anděl
    
    rh_time = system-informed
    
    ch_time = system-informed
    
    sh_time = system-informed
    

2013-06-23-00-42-10.240505-CEST  DM-5       : DEBUG      
    DDDState
    
    Requested slots:
    {}
    Confirmed slots:
    {}
    Non-informed slots:
    {u'to_stop': u'And\u011bl', u'from_stop': u'And\u011bl'}

2013-06-23-00-42-10.241956-CEST  DM-5       : DEBUG      
    DM Output
    ------------------------------------------------------------
    iconfirm(to_stop="Anděl")&iconfirm(from_stop="Anděl")&apology()&inform(stops_conflict="thesame")&inform(from_stop="Anděl")&inform(to_stop="Anděl")
    

2013-06-23-00-42-10.269950-CEST  MainProcess : INFO       
    #8198   Time: 2013-06-23-00-42-10.267429-CEST From: DM         To: HUB        Command: dm_da_generated() 

2013-06-23-00-42-10.288091-CEST  NLG-6      : DEBUG      
    NLG Output
    ------------------------------------------------------------
    Chcete jet do zastávky Anděl. Dobře, ze zastávky Anděl. Promiňte. Něco tady mám špatně. Jméno výchozí a cílové zastávky je stejné. Ze zastávky Anděl. Do zastávky Anděl.
    

2013-06-23-00-42-10.305065-CEST  MainProcess : INFO       
    #8204   Time: 2013-06-23-00-42-10.303467-CEST From: NLG        To: HUB        Command: nlg_text_generated() 

2013-06-23-00-42-10.330444-CEST  MainProcess : INFO       
    #8206   Time: 2013-06-23-00-42-10.305423-CEST From: TTS        To: HUB        Command: tts_start(user_id="None",text="Chcete jet do zastávky Anděl. Dobře, ze zastávky Anděl. Promiňte. Něco tady mám špatně. Jméno výchozí a cílové zastávky je stejné. Ze zastávky Anděl. Do zastávky Anděl.") 

2013-06-23-00-42-10.342654-CEST  MainProcess : INFO       
    #8208   Time: 2013-06-23-00-42-10.309939-CEST From: VoipIO     To: HUB        Command: play_utterance_start(user_id="None",fname="tts-2013-06-23-00-42-10.304405.wav") 

2013-06-23-00-42-10.599232-CEST  MainProcess : INFO       
    #9213   Time: 2013-06-23-00-42-10.596670-CEST From: TTS        To: HUB        Command: tts_end(user_id="None",text="Chcete jet do zastávky Anděl. Dobře, ze zastávky Anděl. Promiňte. Něco tady mám špatně. Jméno výchozí a cílové zastávky je stejné. Ze zastávky Anděl. Do zastávky Anděl.",fname="tts-2013-06-23-00-42-10.304405.wav",log="true") 

2013-06-23-00-42-26.030005-CEST  MainProcess : INFO       
    #10131  Time: 2013-06-23-00-42-25.282663-CEST From: VoipIO     To: HUB        Command: play_utterance_end(user_id="None",fname="tts-2013-06-23-00-42-10.304405.wav) 

2013-06-23-00-42-38.146967-CEST  ASR-3      : DEBUG      
    ASR: speech_start()

2013-06-23-00-42-38.148138-CEST  MainProcess : INFO       
    #10937  Time: 2013-06-23-00-42-38.143976-CEST From: VAD        To: HUB        Command: speech_start(fname="vad-2013-06-23-00-42-38.117040.wav") 

2013-06-23-00-42-38.149047-CEST  MainProcess : INFO       
    #10938  Time: 2013-06-23-00-42-38.145495-CEST From: ASR        To: HUB        Command: asr_start() 

2013-06-23-00-42-39.683424-CEST  ASR-3      : DEBUG      
    ASR: speech_end()

2013-06-23-00-42-39.686106-CEST  MainProcess : INFO       
    #11036  Time: 2013-06-23-00-42-39.682888-CEST From: VAD        To: HUB        Command: speech_end(fname="vad-2013-06-23-00-42-38.117040.wav") 

2013-06-23-00-42-40.306644-CEST  ASR-3      : DEBUG      
    ASR Hypothesis
    ------------------------------------------------------------
    0.620 dobrý nemocenské náměstí
    0.045 tobě nemocenské náměstí
    0.042 to býr nemocenské náměstí
    0.039 dobrý den nemocenské náměstí
    0.036 dobrý nemocenská náměstí
    0.034 době nemocenské náměstí
    0.031 tobě nemocenská náměstí
    0.028 to býr nemocenská náměstí
    0.025 dobrý den nemocenská náměstí
    0.022 době nemocenská náměstí
    0.020 dobrý nemocenském náměstí
    0.017 tobě nemocenském náměstí
    0.014 dobrý nemocenský náměstí
    0.011 to býr nemocenském náměstí
    0.008 dobrý nemocenské náměstí i
    0.006 dobrý den nemocenském náměstí
    0.003 dobrý nemocenské náměst
    0.000 __other__
    

2013-06-23-00-42-40.327412-CEST  MainProcess : INFO       
    #11077  Time: 2013-06-23-00-42-40.321591-CEST From: ASR        To: HUB        Command: asr_end() 

2013-06-23-00-42-41.212128-CEST  SLU-4      : DEBUG      
    SLU Hypothesis
    ------------------------------------------------------------
    0.927 other()
    0.070 hello()
    0.003 inform(="Náměstí Míru")
    

2013-06-23-00-42-41.250831-CEST  MainProcess : INFO       
    #11137  Time: 2013-06-23-00-42-41.247643-CEST From: SLU        To: HUB        Command: slu_parsed() 

2013-06-23-00-42-41.252205-CEST  DM-5       : DEBUG      
    DDDState Dialogue Act in: other()

2013-06-23-00-42-41.253860-CEST  DM-5       : DEBUG      
    Context Resolution - Dialogue Act: other()

2013-06-23-00-42-41.256757-CEST  DM-5       : DEBUG      
    DDDState - Dialogue state content:
    
    lda = other
    from_centre = none
    from_stop = Anděl
    time = now
    to_centre = none
    to_stop = Anděl
    
    rh_from_stop = system-informed
    rh_stops_conflict = system-informed
    rh_time = system-informed
    rh_to_stop = system-informed
    
    ch_from_stop = system-informed
    ch_stops_conflict = system-informed
    ch_time = system-informed
    ch_to_stop = system-informed
    
    sh_from_stop = system-informed
    sh_stops_conflict = system-informed
    sh_time = system-informed
    sh_to_stop = system-informed
    

2013-06-23-00-42-41.258228-CEST  DM-5       : DEBUG      
    DDDState
    
    Requested slots:
    {}
    Confirmed slots:
    {}
    Non-informed slots:
    {}

2013-06-23-00-42-41.260133-CEST  DM-5       : DEBUG      
    DM Output
    ------------------------------------------------------------
    notunderstood()&help(request="to_stop")
    

2013-06-23-00-42-41.345863-CEST  MainProcess : INFO       
    #11145  Time: 2013-06-23-00-42-41.328461-CEST From: DM         To: HUB        Command: dm_da_generated() 

2013-06-23-00-42-41.348140-CEST  NLG-6      : DEBUG      
    NLG Output
    ------------------------------------------------------------
    Nerozuměla jsem. Ještě jednou prosím. Můžete se například zeptat do jaké zastávky jede nabídnutý spoj.
    

2013-06-23-00-42-41.415780-CEST  MainProcess : INFO       
    #11151  Time: 2013-06-23-00-42-41.414530-CEST From: NLG        To: HUB        Command: nlg_text_generated() 

2013-06-23-00-42-41.424519-CEST  MainProcess : INFO       
    #11153  Time: 2013-06-23-00-42-41.418254-CEST From: TTS        To: HUB        Command: tts_start(user_id="None",text="Nerozuměla jsem. Ještě jednou prosím. Můžete se například zeptat do jaké zastávky jede nabídnutý spoj.") 

2013-06-23-00-42-41.452650-CEST  MainProcess : INFO       
    #11155  Time: 2013-06-23-00-42-41.420537-CEST From: VoipIO     To: HUB        Command: play_utterance_start(user_id="None",fname="tts-2013-06-23-00-42-41.418162.wav") 

2013-06-23-00-42-41.521320-CEST  MainProcess : INFO       
    #11699  Time: 2013-06-23-00-42-41.518504-CEST From: TTS        To: HUB        Command: tts_end(user_id="None",text="Nerozuměla jsem. Ještě jednou prosím. Můžete se například zeptat do jaké zastávky jede nabídnutý spoj.",fname="tts-2013-06-23-00-42-41.418162.wav",log="true") 

2013-06-23-00-42-49.964467-CEST  MainProcess : INFO       
    #12216  Time: 2013-06-23-00-42-49.802153-CEST From: VoipIO     To: HUB        Command: play_utterance_end(user_id="None",fname="tts-2013-06-23-00-42-41.418162.wav) 

2013-06-23-00-43-01.077726-CEST  ASR-3      : DEBUG      
    ASR: speech_start()

2013-06-23-00-43-01.080141-CEST  MainProcess : INFO       
    #12922  Time: 2013-06-23-00-43-01.076928-CEST From: VAD        To: HUB        Command: speech_start(fname="vad-2013-06-23-00-43-01.042726.wav") 

2013-06-23-00-43-01.081152-CEST  MainProcess : INFO       
    #12923  Time: 2013-06-23-00-43-01.077061-CEST From: ASR        To: HUB        Command: asr_start() 

2013-06-23-00-43-01.893834-CEST  ASR-3      : DEBUG      
    ASR: speech_end()

2013-06-23-00-43-01.894763-CEST  MainProcess : INFO       
    #12977  Time: 2013-06-23-00-43-01.890794-CEST From: VAD        To: HUB        Command: speech_end(fname="vad-2013-06-23-00-43-01.042726.wav") 

2013-06-23-00-43-02.495998-CEST  ASR-3      : DEBUG      
    ASR Hypothesis
    ------------------------------------------------------------
    0.252 ty vole
    0.245 pivo
    0.201 pivovar
    0.151 život
    0.101 ivo
    0.050 vole
    0.000 __other__
    

2013-06-23-00-43-02.523887-CEST  MainProcess : INFO       
    #13018  Time: 2013-06-23-00-43-02.520177-CEST From: ASR        To: HUB        Command: asr_end() 

2013-06-23-00-43-02.704136-CEST  VoipIO-1   : DEBUG      
    CallCallback::on_state : Call with "245501010" <sip:245501010@195.113.20.69> is DISCONNCTD last code = 200 (Normal call clearing)

2013-06-23-00-43-02.839727-CEST  VoipIO-1   : DEBUG      
    VoipIO::on_call_disconnected

2013-06-23-00-43-02.843755-CEST  MainProcess : INFO       
    #13032  Time: 2013-06-23-00-43-02.839814-CEST From: VoipIO     To: HUB        Command: call_disconnected(remote_uri="245501010") 

