2013-07-11-11-19-36.924038-CEST  VoipIO-1   : DEBUG      
    CallCallback::on_media_state : Media is now active

2013-07-11-11-19-36.928464-CEST  VoipIO-1   : DEBUG      
    CallCallback::on_state : Call with "00420221914256" <sip:00420221914256@195.113.20.160> is CONNECTING last code = 200 (OK)

2013-07-11-11-19-36.932285-CEST  VoipIO-1   : DEBUG      
    VoipIO::on_call_connecting

2013-07-11-11-19-36.952871-CEST  MainProcess : SYSTEM-LOG 
    config = { 'ASR': { 'Google': { 'debug': False, 'language': 'cs', 'maxresults': 20},
               'Julius': { 'adinnetport': 5530,
                           'binary': '/usr/local/bin/julius',
                           'debug': False,
                           'hostname': 'localhost',
                           'jconf': { '-adport': '5530',
                                      '-b': '1000',
                                      '-b2': '100',
                                      '-cmnload': 'cmn.param',
                                      '-cmnmapweight': '200',
                                      '-cmnsave': 'cmn.param',
                                      '-confnet': '',
                                      '-fallback1pass': '',
                                      '-gprune': 'safe',
                                      '-h': '/mnt/h/jurcicek/vystadial-git/alex/resources/asr/voip_en/hmmdefs',
                                      '-hlist': '/mnt/h/jurcicek/vystadial-git/alex/resources/asr/voip_en/tiedlist',
                                      '-htkconf': '/mnt/h/jurcicek/vystadial-git/alex/resources/asr/voip_en/config',
                                      '-input': 'adinnet',
                                      '-iwsp': '',
                                      '-iwsppenalty': '0.0',
                                      '-lmp': '15.0 0.0',
                                      '-lmp2': '15.0 0.0',
                                      '-mapunk': 'UM',
                                      '-module': '10500',
                                      '-n': '50',
                                      '-nlr': '/mnt/h/jurcicek/vystadial-git/alex/resources/lm/caminfo/julius_arpa_bigram',
                                      '-no_ccd': '',
                                      '-nrl': '/mnt/h/jurcicek/vystadial-git/alex/resources/lm/caminfo/julius_arpa_rev_bigram',
                                      '-silhead': '<s>',
                                      '-siltail': '</s>',
                                      '-spmodel': 'sp',
                                      '-tmix': '4',
                                      '-v': '/mnt/h/jurcicek/vystadial-git/alex/resources/lm/caminfo/julius_dict'},
                           'jconffile': 'julius.jconf',
                           'killall': False,
                           'logfile': 'julius.log',
                           'msg_timeout': 0.3,
                           'pidfile': 'julius.pid',
                           'reuse_server': False,
                           'serverport': 10500,
                           'start_max_wait_time': 15,
                           'start_wait_time': 0.5,
                           'timeout': 2.0},
               'Kaldi': { 'LM_scale': -6666.66,
                          'hypothesis_type': 'nblist',
                          'lat_depth': 666666,
                          'model': 'TODO_path_to_model'},
               'debug': True,
               'type': 'Google'},
      'AlexOnTheBus': { 'max_turns': 120},
      'Analytics': Analytics(account_id='UA-41905278-1', domain_name='cuni.cz'),
      'Audio': { 'sample_rate': 16000, 'samples_per_frame': 256},
      'AudioIO': { 'debug': True, 'output_dir': './aio_call_log', 'play_buffer_size': 1024},
      'DM': { 'PUfalRuleDM': { 'code_submit_url': None,
                               'db_cfg': '/mnt/h/jurcicek/vystadial-git/alex/resources/../applications/CamInfoRest/cued_data/CIRdbase_V7_noloc.txt',
                               'ontology': '/mnt/h/jurcicek/vystadial-git/alex/resources/../applications/CamInfoRest/ontology.cfg',
                               'provide_code': False},
              'UfalRuleDM': { 'code_submit_url': None,
                              'db_cfg': '/mnt/h/jurcicek/vystadial-git/alex/resources/../applications/CamInfoRest/cued_data/CIRdbase_V7_noloc.txt',
                              'ontology': '/mnt/h/jurcicek/vystadial-git/alex/resources/../applications/CamInfoRest/ontology.cfg',
                              'provide_code': False},
              'basic': { 'debug': True, 'silence_timeout': 10.0},
              'debug': True,
              'dialogue_policy': { 'type': <class 'alex.applications.AlexOnTheBus.aotb_hdc_policy.AOTBHDCPolicy'>},
              'dialogue_state': { 'type': <class 'alex.components.dm.dddstate.DeterministicDiscriminativeDialogueState'>},
              'input_timeout': 3.0,
              'ontology': '/mnt/h/jurcicek/vystadial-git/alex/applications/AlexOnTheBus/data/ontology.py',
              'type': 'basic'},
      'General': { 'debug': False, 'include': ['/mnt/h/jurcicek/vystadial-git/alex/resources/private/default.cfg']},
      'Hub': { 'history_file': 'hub_history_hub.txt', 'history_length': 1000, 'main_loop_sleep_time': 0.002},
      'Logging': { 'excepthook': ExceptionHook(
            ExceptionHook
              Hook Type: log
              Hook Logger: SystemLogger(output_dir=./call_logs, stdout_log_level='DEBUG', stdout=True, file_log_level='DEBUG')),
                   'session_logger': SessionLogger(),
                   'system_logger': SystemLogger(output_dir=/net/projects/vystadial/data/call-logs/2013-05-30-alex-aotb-prototype/new, stdout_log_level='DEBUG', stdout=True, file_log_level='DEBUG'),
                   'system_name': u'Alex On The Bus - Live',
                   'version': u'1.0'},
      'NLG': { 'Template': { 'model': '/mnt/h/jurcicek/vystadial-git/alex/applications/AlexOnTheBus/nlg_templates.cfg'},
               'debug': True,
               'type': 'Template'},
      'SHub': { 'history_file': 'hub_history_shub.txt', 'history_length': 1000},
      'SLU': { 'cl-tracing': { 'cldb_fname': '/mnt/h/jurcicek/vystadial-git/alex/applications/CamInfoRest/data/database.py',
                               'do_preprocessing': True,
                               'features_type': ('ngram', 'ab_ngram'),
                               'testing': { 'max_examples': None,
                                            'min_perc': 80,
                                            'model_fname': '/mnt/h/jurcicek/vystadial-git/alex/applications/CamInfoRest/models/130516_minf60-minfc35-mind60.slu_model.gz',
                                            'renormalise': True,
                                            'threshold': None,
                                            'vanilla': True},
                               'training': { 'abstractions': ('abstract',), 'models_dir': 'models'}},
               'debug': True,
               'type': <class 'alex.applications.AlexOnTheBus.aotb_slu.AOTBSLU'>,
               <class 'alex.applications.AlexOnTheBus.aotb_slu.AOTBSLU'>: { 'cldb_fname': '/mnt/h/jurcicek/vystadial-git/alex/applications/AlexOnTheBus/data/database.py',
                                                                            'preprocessing_cls': <class 'alex.applications.AlexOnTheBus.aotb_preprocessing.AOTBSLUPreprocessing'>,
                                                                            'training': { 'models_dir': 'models'}}},
      'THub': { 'history_file': 'hub_history_thub.txt', 'history_length': 1000},
      'TTS': { 'Flite': { 'debug': False,
                          'preprocessing': '/mnt/h/jurcicek/vystadial-git/alex/resources/tts/prep_flite_en.cfg',
                          'voice': 'kal16'},
               'Google': { 'debug': False,
                           'language': 'en',
                           'preprocessing': '/mnt/h/jurcicek/vystadial-git/alex/resources/tts/prep_google_en.cfg'},
               'SpeechTech': { 'debug': True,
                               'login': 'filipjurcicek',
    # this line was removed since it included a password
                               'preprocessing': '/mnt/h/jurcicek/vystadial-git/alex/resources/tts/prep_speechtech_cs.cfg',
                               'voice': 'Iva210'},
               'VoiceRSS': { 'api_key': '3b6a9fca5d724b1c8ac34691586cdda1'},
               'VoiceRss': { 'language': 'en-gb',
                             'preprocessing': '/mnt/h/jurcicek/vystadial-git/alex/resources/tts/prep_voicerss_en.cfg'},
               'debug': True,
               'in_between_segments_silence': 0.1,
               'type': 'SpeechTech'},
      'VAD': { 'debug': False,
               'decision_frames_sil': 25,
               'decision_frames_speech': 10,
               'decision_non_speech_threshold': 0.2,
               'decision_speech_threshold': 0.7,
               'gmm': { 'ceplifter': 22,
                        'enormalise': True,
                        'filter_length': 5,
                        'frameshift': 160,
                        'framesize': 512,
                        'frontend': 'MFCC',
                        'hifreq': 3800,
                        'lofreq': 125,
                        'numceps': 12,
                        'numchans': 26,
                        'preemcoef': 0.97,
                        'sil_model': '/mnt/h/jurcicek/vystadial-git/alex/resources/vad/voip_en/vad_sil_sds_mfcc_m064_f100000.gmm',
                        'speech_model': '/mnt/h/jurcicek/vystadial-git/alex/resources/vad/voip_en/vad_speech_sds_mfcc_m064_f100000.gmm',
                        'useacc': True,
                        'usec0': False,
                        'usecmn': False,
                        'usedelta': True,
                        'usehamming': True,
                        'usepower': True,
                        'zmeansource': True},
               'power': { 'adaptation_frames': 30, 'threshold': 70, 'threshold_multiplier': 1.0},
               'speech_buffer_frames': 20,
               'type': 'gmm'},
      'VoipHub': { 'blacklist_for': 7200,
                   'call_db': u'/net/projects/vystadial/data/call-logs/2013-05-30-alex-aotb-prototype/new/call_db.pckl',
                   'hard_time_limit': 360,
                   'hard_turn_limit': 120,
                   'history_length': 1000,
                   'last_period_max_num_calls': 20,
                   'last_period_max_total_time': 1800,
                   'limit_reached_message': u'D\u011bkujeme za zavol\xe1n\xed, ale u\u017e jste volali hodn\u011b. Pros\xedm zavolejte pozd\u011bji. Na shledanou.',
                   'period': 172800,
                   'pid_file': u'/net/projects/vystadial/data/call-logs/2013-05-30-alex-aotb-prototype/new/vhub_live.pid',
                   'wait_time_before_calling_back': 10},
      'VoipIO': { 'allowed_hosts': '',
                  'allowed_phone_numbers': '(^[234567])',
                  'allowed_users': '(^[234567])',
                  'debug': True,
                  'domain': 'vystadial.ms.mff.cuni.cz',
                  'forbidden_hosts': '',
                  'forbidden_phone_number': '(^112$|^150$|^155$|^156$|^158$)',
                  'forbidden_users': '(^112$|^150$|^155$|^156$|^158$)',
    # this line was removed since it included a password
                  'pjsip_log_level': 3,
                  'reject_calls': False,
                  'user': '800899998'},
      'WebHub': { 'port': 8000},
      'corpustools': { 'get_jasr_confnets': { 'frame_size': 256, 'rt_ratio': 0.2}}}

2013-07-11-11-19-37.007378-CEST  MainProcess : INFO       
    #134843 Time: 2013-07-11-11-19-36.933547-CEST From: VoipIO     To: HUB        Command: call_connecting(remote_uri="00420221914256") 

2013-07-11-11-19-37.039042-CEST  VoipIO-1   : DEBUG      
    CallCallback::on_state : Call with "00420221914256" <sip:00420221914256@195.113.20.160> is CONFIRMED last code = 200 (OK)

2013-07-11-11-19-37.056729-CEST  VoipIO-1   : DEBUG      
    VoipIO::on_call_confirmed

2013-07-11-11-19-37.062280-CEST  MainProcess : INFO       
    #134844 Time: 2013-07-11-11-19-37.058053-CEST From: VoipIO     To: HUB        Command: call_confirmed(remote_uri="00420221914256") 

2013-07-11-11-19-37.068974-CEST  MainProcess : INFO       
    
    ========================================================================================================================
    Incoming call from :          00420221914256
    ------------------------------------------------------------------------------------------------------------------------
    Total calls:                  2
    Total time (min):             3.0
    Last period total calls:      2
    Last period total time (min): 3.0
    ------------------------------------------------------------------------------------------------------------------------
    CALL ACCEPTED
    ========================================================================================================================
    

2013-07-11-11-19-37.073312-CEST  DM-5       : DEBUG      
    #134845 Time: 2013-07-11-11-19-37.065675-CEST From: HUB        To: DM         Command: new_dialogue() 

2013-07-11-11-19-37.089069-CEST  DM-5       : DEBUG      
    DM Output
    ------------------------------------------------------------
    hello()
    

2013-07-11-11-19-37.100499-CEST  MainProcess : INFO       
    #134847 Time: 2013-07-11-11-19-37.096167-CEST From: DM         To: HUB        DA: hello() 

2013-07-11-11-19-37.109083-CEST  NLG-6      : DEBUG      
    #134848 Time: 2013-07-11-11-19-37.103162-CEST From: HUB        To: NLG        DA: hello() 

2013-07-11-11-19-37.113810-CEST  NLG-6      : DEBUG      
    NLG Output
    ------------------------------------------------------------
    Dobrý den. Hovor je nahráván. Více informací o této službě je na internetu. Jak Vám mohu pomoci. 
    

2013-07-11-11-19-37.126319-CEST  MainProcess : INFO       
    #134851 Time: 2013-07-11-11-19-37.122442-CEST From: NLG        To: HUB        Command: nlg_text_generated() 

2013-07-11-11-19-37.133657-CEST  MainProcess : INFO       
    #134853 Time: 2013-07-11-11-19-37.128171-CEST From: TTS        To: HUB        Command: tts_start(user_id="None",text="Dobrý den. Hovor je nahráván. Více informací o této službě je na internetu. Jak Vám mohu pomoci. ") 

2013-07-11-11-19-37.154347-CEST  MainProcess : INFO       
    #134855 Time: 2013-07-11-11-19-37.132174-CEST From: VoipIO     To: HUB        Command: play_utterance_start(user_id="None",fname="tts-2013-07-11-11-19-37.123281.wav") 

2013-07-11-11-19-37.262727-CEST  MainProcess : INFO       
    #135361 Time: 2013-07-11-11-19-37.255559-CEST From: TTS        To: HUB        Command: tts_end(user_id="None",text="Dobrý den. Hovor je nahráván. Více informací o této službě je na internetu. Jak Vám mohu pomoci. ",fname="tts-2013-07-11-11-19-37.123281.wav",log="true") 

2013-07-11-11-19-40.210825-CEST  MainProcess : INFO       
    #135547 Time: 2013-07-11-11-19-40.205975-CEST From: VAD        To: HUB        Command: speech_start(fname="vad-2013-07-11-11-19-40.190492.wav") 

2013-07-11-11-19-40.216225-CEST  ASR-3      : DEBUG      
    ASR: speech_start(fname="vad-2013-07-11-11-19-40.190492.wav")

2013-07-11-11-19-40.221258-CEST  MainProcess : INFO       
    #135548 Time: 2013-07-11-11-19-40.208239-CEST From: ASR        To: HUB        Command: asr_start(fname="vad-2013-07-11-11-19-40.190492.wav") 

2013-07-11-11-19-40.703717-CEST  ASR-3      : DEBUG      
    ASR: speech_end(fname="vad-2013-07-11-11-19-40.190492.wav")

2013-07-11-11-19-40.708708-CEST  MainProcess : INFO       
    #135582 Time: 2013-07-11-11-19-40.698740-CEST From: VAD        To: HUB        Command: speech_end(fname="vad-2013-07-11-11-19-40.190492.wav") 

2013-07-11-11-19-41.172172-CEST  ASR-3      : DEBUG      
    ASR Hypothesis
    ------------------------------------------------------------
    1.000 __silence__
    0.000 __other__
    

2013-07-11-11-19-41.186122-CEST  MainProcess : INFO       
    #135611 Time: 2013-07-11-11-19-41.181924-CEST From: ASR        To: HUB        Command: asr_end(fname="vad-2013-07-11-11-19-40.190492.wav") 

2013-07-11-11-19-41.190366-CEST  SLU-4      : DEBUG      
    SLU Hypothesis
    ------------------------------------------------------------
    1.000 silence()
    

2013-07-11-11-19-41.204583-CEST  DM-5       : DEBUG      
    DDDState Dialogue Act in: silence()

2013-07-11-11-19-41.208370-CEST  MainProcess : INFO       
    #135615 Time: 2013-07-11-11-19-41.199635-CEST From: SLU        To: HUB        Command: slu_parsed(fname="vad-2013-07-11-11-19-40.190492.wav") 

2013-07-11-11-19-41.212548-CEST  DM-5       : DEBUG      
    Context Resolution - Dialogue Act: silence()

2013-07-11-11-19-41.216724-CEST  DM-5       : DEBUG      
    DDDState - Dialogue state content:
    
    ludait = silence
    silence_time = 0.0
    
    
    
    

2013-07-11-11-19-41.220773-CEST  DM-5       : DEBUG      
    DDDState - Dialogue state update
    
    Requested slots:
    {}
    Confirmed slots:
    {}
    Non-informed slots:
    {u'silence_time': 0.0}

2013-07-11-11-19-41.242125-CEST  DM-5       : DEBUG      
    DM Output
    ------------------------------------------------------------
    silence()
    

2013-07-11-11-19-41.257145-CEST  MainProcess : INFO       
    #135620 Time: 2013-07-11-11-19-41.252347-CEST From: DM         To: HUB        DA: silence() 

2013-07-11-11-19-43.333638-CEST  MainProcess : INFO       
    #135753 Time: 2013-07-11-11-19-43.328697-CEST From: VAD        To: HUB        Command: speech_start(fname="vad-2013-07-11-11-19-43.309066.wav") 

2013-07-11-11-19-43.338415-CEST  ASR-3      : DEBUG      
    ASR: speech_start(fname="vad-2013-07-11-11-19-43.309066.wav")

2013-07-11-11-19-43.342684-CEST  MainProcess : INFO       
    #135754 Time: 2013-07-11-11-19-43.330051-CEST From: ASR        To: HUB        Command: asr_start(fname="vad-2013-07-11-11-19-43.309066.wav") 

2013-07-11-11-19-43.782971-CEST  ASR-3      : DEBUG      
    ASR: speech_end(fname="vad-2013-07-11-11-19-43.309066.wav")

2013-07-11-11-19-43.787613-CEST  MainProcess : INFO       
    #135784 Time: 2013-07-11-11-19-43.778980-CEST From: VAD        To: HUB        Command: speech_end(fname="vad-2013-07-11-11-19-43.309066.wav") 

2013-07-11-11-19-44.100411-CEST  ASR-3      : DEBUG      
    ASR Hypothesis
    ------------------------------------------------------------
    1.000 __silence__
    0.000 __other__
    

2013-07-11-11-19-44.118529-CEST  MainProcess : INFO       
    #135805 Time: 2013-07-11-11-19-44.112847-CEST From: ASR        To: HUB        Command: asr_end(fname="vad-2013-07-11-11-19-43.309066.wav") 

2013-07-11-11-19-44.123297-CEST  SLU-4      : DEBUG      
    SLU Hypothesis
    ------------------------------------------------------------
    1.000 silence()
    

2013-07-11-11-19-44.150838-CEST  DM-5       : DEBUG      
    DDDState Dialogue Act in: silence()

2013-07-11-11-19-44.157219-CEST  MainProcess : INFO       
    #135809 Time: 2013-07-11-11-19-44.145411-CEST From: SLU        To: HUB        Command: slu_parsed(fname="vad-2013-07-11-11-19-43.309066.wav") 

2013-07-11-11-19-44.162431-CEST  DM-5       : DEBUG      
    Context Resolution - Dialogue Act: silence()

2013-07-11-11-19-44.167136-CEST  DM-5       : DEBUG      
    DDDState - Dialogue state content:
    
    ludait = silence
    silence_time = 0.0
    
    
    
    

2013-07-11-11-19-44.171950-CEST  DM-5       : DEBUG      
    DDDState - Dialogue state update
    
    Requested slots:
    {}
    Confirmed slots:
    {}
    Non-informed slots:
    {u'silence_time': 0.0}

2013-07-11-11-19-44.197953-CEST  DM-5       : DEBUG      
    DM Output
    ------------------------------------------------------------
    silence()
    

2013-07-11-11-19-44.221980-CEST  MainProcess : INFO       
    #135816 Time: 2013-07-11-11-19-44.216348-CEST From: DM         To: HUB        DA: silence() 

2013-07-11-11-19-45.044505-CEST  MainProcess : INFO       
    #135834 Time: 2013-07-11-11-19-44.483616-CEST From: VoipIO     To: HUB        Command: play_utterance_end(user_id="None",fname="tts-2013-07-11-11-19-37.123281.wav) 

2013-07-11-11-19-47.258137-CEST  ASR-3      : DEBUG      
    ASR: speech_start(fname="vad-2013-07-11-11-19-47.228369.wav")

2013-07-11-11-19-47.262848-CEST  MainProcess : INFO       
    #136008 Time: 2013-07-11-11-19-47.253044-CEST From: VAD        To: HUB        Command: speech_start(fname="vad-2013-07-11-11-19-47.228369.wav") 

2013-07-11-11-19-47.270478-CEST  MainProcess : INFO       
    #136009 Time: 2013-07-11-11-19-47.254186-CEST From: ASR        To: HUB        Command: asr_start(fname="vad-2013-07-11-11-19-47.228369.wav") 

2013-07-11-11-19-51.583171-CEST  ASR-3      : DEBUG      
    ASR: speech_end(fname="vad-2013-07-11-11-19-47.228369.wav")

2013-07-11-11-19-51.588118-CEST  MainProcess : INFO       
    #136282 Time: 2013-07-11-11-19-51.578208-CEST From: VAD        To: HUB        Command: speech_end(fname="vad-2013-07-11-11-19-47.228369.wav") 

2013-07-11-11-19-52.486416-CEST  ASR-3      : DEBUG      
    ASR Hypothesis
    ------------------------------------------------------------
    0.860 chtěl bych zastávky arbesovo náměstí do zastávky malostranské náměstí
    0.016 chtěl bich zastávky arbesovo náměstí do zastávky malostranské náměstí
    0.015 chtěl bych zastávky arbesovo náměstí zastávka malostranské náměstí
    0.014 chtěl bych zastávka arbesovo náměstí do zastávky malostranské náměstí
    0.013 chtěl bych zastávky arbesovo náměstí do zastávky malostranském náměstí
    0.012 chtěl bych zastávky arbesovo náměstí do zastávky malostranské náměstí 5
    0.011 chtěl bych zastávky arbesovo náměstí do zastávky malostranské náměstí i
    0.010 chtěl bych zastávky arbesovo náměstí do zastávky malostranské náměstí a
    0.009 chtěl bych zastávku arbesovo náměstí do zastávky malostranské náměstí
    0.008 chtěl bich zastávky arbesovo náměstí zastávka malostranské náměstí
    0.007 chtěl bich zastávka arbesovo náměstí do zastávky malostranské náměstí
    0.006 chtěl bych zastávka arbesovo náměstí zastávka malostranské náměstí
    0.005 chtěl bych zastávky arbesovo náměstí stávka malostranské náměstí
    0.004 chtěl bych zastávky arbesovo náměstí do zastávky a malostranské náměstí
    0.003 chtěl bych zastávky a arbesovo náměstí do zastávky malostranské náměstí
    0.002 chtěl bych zastávky i arbesovo náměstí do zastávky malostranské náměstí
    0.001 chtěl bich zastávky arbesovo náměstí do zastávky malostranském náměstí
    0.000 __other__
    

2013-07-11-11-19-52.509308-CEST  MainProcess : INFO       
    #136340 Time: 2013-07-11-11-19-52.502422-CEST From: ASR        To: HUB        Command: asr_end(fname="vad-2013-07-11-11-19-47.228369.wav") 

2013-07-11-11-19-53.573059-CEST  SLU-4      : DEBUG      
    SLU Hypothesis
    ------------------------------------------------------------
    0.965 inform(from_stop="Arbesovo náměstí")
    0.946 inform(to_stop="Malostranské náměstí")
    0.039 inform(="Malostranské náměstí")
    0.035 inform(="Arbesovo náměstí")
    

2013-07-11-11-19-53.589053-CEST  MainProcess : INFO       
    #136410 Time: 2013-07-11-11-19-53.584484-CEST From: SLU        To: HUB        Command: slu_parsed(fname="vad-2013-07-11-11-19-47.228369.wav") 

2013-07-11-11-19-53.592781-CEST  DM-5       : DEBUG      
    DDDState Dialogue Act in: inform(from_stop="Arbesovo náměstí")&inform(to_stop="Malostranské náměstí")

2013-07-11-11-19-53.596359-CEST  DM-5       : DEBUG      
    Context Resolution - Dialogue Act: inform(from_stop="Arbesovo náměstí")&inform(to_stop="Malostranské náměstí")

2013-07-11-11-19-53.599366-CEST  DM-5       : DEBUG      
    DDDState - Dialogue state content:
    
    ludait = none
    from_stop = Arbesovo náměstí
    silence_time = 0.0
    to_stop = Malostranské náměstí
    
    
    
    

2013-07-11-11-19-53.602527-CEST  DM-5       : DEBUG      
    DDDState - Dialogue state update
    
    Requested slots:
    {}
    Confirmed slots:
    {}
    Non-informed slots:
    {u'to_stop': u'Malostransk\xe9 n\xe1m\u011bst\xed', u'silence_time': 0.0, u'from_stop': u'Arbesovo n\xe1m\u011bst\xed'}

2013-07-11-11-19-53.837410-CEST  DM-5       : DEBUG      
    DM Output
    ------------------------------------------------------------
    iconfirm(to_stop="Malostranské náměstí")&iconfirm(from_stop="Arbesovo náměstí")&inform(found_directions="true")&inform(alternative="1")&inform(vehicle="TRAM")&inform(line="20")&inform(go_at="11:21")&inform(enter_at="Arbesovo náměstí")&inform(headsign="Hradčanská")&inform(exit_at="Malostranské náměstí")
    

2013-07-11-11-19-53.852152-CEST  MainProcess : INFO       
    #136428 Time: 2013-07-11-11-19-53.848375-CEST From: DM         To: HUB        DA: iconfirm(to_stop="Malostranské náměstí")&iconfirm(from_stop="Arbesovo náměstí")&inform(found_directions="true")&inform(alternative="1")&inform(vehicle="TRAM")&inform(line="20")&inform(go_at="11:21")&inform(enter_at="Arbesovo náměstí")&inform(headsign="Hradčanská")&inform(exit_at="Malostranské náměstí") 

2013-07-11-11-19-53.858926-CEST  NLG-6      : DEBUG      
    #136429 Time: 2013-07-11-11-19-53.854271-CEST From: HUB        To: NLG        DA: iconfirm(to_stop="Malostranské náměstí")&iconfirm(from_stop="Arbesovo náměstí")&inform(found_directions="true")&inform(alternative="1")&inform(vehicle="TRAM")&inform(line="20")&inform(go_at="11:21")&inform(enter_at="Arbesovo náměstí")&inform(headsign="Hradčanská")&inform(exit_at="Malostranské náměstí") 

2013-07-11-11-19-53.980667-CEST  NLG-6      : DEBUG      
    NLG Output
    ------------------------------------------------------------
    Dobře, do zastávky Malostranské náměstí. Chcete jet ze zastávky Arbesovo náměstí. Našla jsem následující spojení. Možnost první. Jeďte tramvají číslo 20 v 11:21 ze zastávky Arbesovo náměstí směrem Hradčanská. Vystupte na zastávce Malostranské náměstí.
    

2013-07-11-11-19-54.004360-CEST  MainProcess : INFO       
    #136440 Time: 2013-07-11-11-19-54.000422-CEST From: NLG        To: HUB        Command: nlg_text_generated() 

2013-07-11-11-19-54.011546-CEST  MainProcess : INFO       
    #136442 Time: 2013-07-11-11-19-54.005959-CEST From: TTS        To: HUB        Command: tts_start(user_id="None",text="Dobře, do zastávky Malostranské náměstí. Chcete jet ze zastávky Arbesovo náměstí. Našla jsem následující spojení. Možnost první. Jeďte tramvají číslo 20 v 11:21 ze zastávky Arbesovo náměstí směrem Hradčanská. Vystupte na zastávce Malostranské náměstí.") 

2013-07-11-11-19-54.062664-CEST  MainProcess : INFO       
    #136445 Time: 2013-07-11-11-19-54.010237-CEST From: VoipIO     To: HUB        Command: play_utterance_start(user_id="None",fname="tts-2013-07-11-11-19-54.001956.wav") 

2013-07-11-11-19-56.653497-CEST  MainProcess : INFO       
    #138000 Time: 2013-07-11-11-19-56.640316-CEST From: TTS        To: HUB        Command: tts_end(user_id="None",text="Dobře, do zastávky Malostranské náměstí. Chcete jet ze zastávky Arbesovo náměstí. Našla jsem následující spojení. Možnost první. Jeďte tramvají číslo 20 v 11:21 ze zastávky Arbesovo náměstí směrem Hradčanská. Vystupte na zastávce Malostranské náměstí.",fname="tts-2013-07-11-11-19-54.001956.wav",log="true") 

2013-07-11-11-19-57.179554-CEST  VoipIO-1   : INFO       
    11:19:57.175    pjsua_acc.c  ....<sip:800899998@vystadial.ms.mff.cuni.cz>: registration success, status=200 (OK), will re-register in 300 seconds
    

2013-07-11-11-20-16.212417-CEST  MainProcess : INFO       
    #139210 Time: 2013-07-11-11-20-15.968272-CEST From: VoipIO     To: HUB        Command: play_utterance_end(user_id="None",fname="tts-2013-07-11-11-19-54.001956.wav) 

2013-07-11-11-20-19.220607-CEST  DM-5       : DEBUG      
    #139413 Time: 2013-07-11-11-20-19.214286-CEST From: HUB        To: DM         Command: timeout(silence_time="3.000") 

2013-07-11-11-20-19.225145-CEST  DM-5       : DEBUG      
    DDDState Dialogue Act in: silence(time="3.000")

2013-07-11-11-20-19.229358-CEST  DM-5       : DEBUG      
    Context Resolution - Dialogue Act: silence(time="3.000")

2013-07-11-11-20-19.234123-CEST  DM-5       : DEBUG      
    DDDState - Dialogue state content:
    
    ludait = silence
    alternative = none
    from_stop = Arbesovo náměstí
    route_alternative = 0
    silence_time = 3.0
    time = none
    to_stop = Malostranské náměstí
    
    rh_alternative = system-informed
    rh_enter_at = system-informed
    rh_exit_at = system-informed
    rh_found_directions = system-informed
    rh_from_stop = system-informed
    rh_go_at = system-informed
    rh_headsign = system-informed
    rh_line = system-informed
    rh_to_stop = system-informed
    rh_vehicle = system-informed
    
    ch_alternative = system-informed
    ch_enter_at = system-informed
    ch_exit_at = system-informed
    ch_found_directions = system-informed
    ch_from_stop = system-informed
    ch_go_at = system-informed
    ch_headsign = system-informed
    ch_line = system-informed
    ch_to_stop = system-informed
    ch_vehicle = system-informed
    
    sh_alternative = system-informed
    sh_enter_at = system-informed
    sh_exit_at = system-informed
    sh_found_directions = system-informed
    sh_from_stop = system-informed
    sh_go_at = system-informed
    sh_headsign = system-informed
    sh_line = system-informed
    sh_to_stop = system-informed
    sh_vehicle = system-informed
    

2013-07-11-11-20-19.239041-CEST  DM-5       : DEBUG      
    DDDState - Dialogue state update
    
    Requested slots:
    {}
    Confirmed slots:
    {}
    Non-informed slots:
    {u'route_alternative': 0, u'silence_time': 3.0}

2013-07-11-11-20-19.243707-CEST  DM-5       : DEBUG      
    DM Output
    ------------------------------------------------------------
    silence()
    

2013-07-11-11-20-19.287562-CEST  MainProcess : INFO       
    #139418 Time: 2013-07-11-11-20-19.281979-CEST From: DM         To: HUB        DA: silence() 

2013-07-11-11-20-20.606622-CEST  MainProcess : INFO       
    #139502 Time: 2013-07-11-11-20-20.601475-CEST From: VAD        To: HUB        Command: speech_start(fname="vad-2013-07-11-11-20-20.557249.wav") 

2013-07-11-11-20-20.611480-CEST  ASR-3      : DEBUG      
    ASR: speech_start(fname="vad-2013-07-11-11-20-20.557249.wav")

2013-07-11-11-20-20.615863-CEST  MainProcess : INFO       
    #139503 Time: 2013-07-11-11-20-20.602867-CEST From: ASR        To: HUB        Command: asr_start(fname="vad-2013-07-11-11-20-20.557249.wav") 

2013-07-11-11-20-22.071695-CEST  MainProcess : INFO       
    #139597 Time: 2013-07-11-11-20-22.066513-CEST From: VAD        To: HUB        Command: speech_end(fname="vad-2013-07-11-11-20-20.557249.wav") 

2013-07-11-11-20-22.076879-CEST  ASR-3      : DEBUG      
    ASR: speech_end(fname="vad-2013-07-11-11-20-20.557249.wav")

2013-07-11-11-20-22.748487-CEST  ASR-3      : DEBUG      
    ASR Hypothesis
    ------------------------------------------------------------
    0.569 ku a další
    0.062 kou a další
    0.057 děkuju a další
    0.052 jakou a další
    0.047 aku a další
    0.043 ku další
    0.038 aku další
    0.033 děkuju další
    0.028 kou další
    0.024 ku a delší
    0.019 jakou další
    0.014 ku a další a
    0.009 kou a delší
    0.005 děkuju a delší
    0.000 __other__
    

2013-07-11-11-20-22.781389-CEST  MainProcess : INFO       
    #139642 Time: 2013-07-11-11-20-22.777094-CEST From: ASR        To: HUB        Command: asr_end(fname="vad-2013-07-11-11-20-20.557249.wav") 

2013-07-11-11-20-23.101283-CEST  MainProcess : INFO       
    #139665 Time: 2013-07-11-11-20-23.096258-CEST From: VAD        To: HUB        Command: speech_start(fname="vad-2013-07-11-11-20-23.052117.wav") 

2013-07-11-11-20-23.106092-CEST  ASR-3      : DEBUG      
    ASR: speech_start(fname="vad-2013-07-11-11-20-23.052117.wav")

2013-07-11-11-20-23.110393-CEST  MainProcess : INFO       
    #139666 Time: 2013-07-11-11-20-23.097610-CEST From: ASR        To: HUB        Command: asr_start(fname="vad-2013-07-11-11-20-23.052117.wav") 

2013-07-11-11-20-23.597370-CEST  SLU-4      : DEBUG      
    SLU Hypothesis
    ------------------------------------------------------------
    0.962 reqalts()
    0.095 thankyou()
    0.033 other()
    

2013-07-11-11-20-23.616456-CEST  DM-5       : DEBUG      
    DDDState Dialogue Act in: reqalts()

2013-07-11-11-20-23.619942-CEST  MainProcess : INFO       
    #139699 Time: 2013-07-11-11-20-23.612887-CEST From: SLU        To: HUB        Command: slu_parsed(fname="vad-2013-07-11-11-20-20.557249.wav") 

2013-07-11-11-20-23.623585-CEST  DM-5       : DEBUG      
    Context Resolution - Dialogue Act: reqalts()

2013-07-11-11-20-23.627115-CEST  DM-5       : DEBUG      
    DDDState - Dialogue state content:
    
    ludait = reqalts
    alternative = none
    from_stop = Arbesovo náměstí
    route_alternative = 0
    silence_time = 0.0
    time = none
    to_stop = Malostranské náměstí
    
    rh_alternative = system-informed
    rh_enter_at = system-informed
    rh_exit_at = system-informed
    rh_found_directions = system-informed
    rh_from_stop = system-informed
    rh_go_at = system-informed
    rh_headsign = system-informed
    rh_line = system-informed
    rh_to_stop = system-informed
    rh_vehicle = system-informed
    
    ch_alternative = system-informed
    ch_enter_at = system-informed
    ch_exit_at = system-informed
    ch_found_directions = system-informed
    ch_from_stop = system-informed
    ch_go_at = system-informed
    ch_headsign = system-informed
    ch_line = system-informed
    ch_to_stop = system-informed
    ch_vehicle = system-informed
    
    sh_alternative = system-informed
    sh_enter_at = system-informed
    sh_exit_at = system-informed
    sh_found_directions = system-informed
    sh_from_stop = system-informed
    sh_go_at = system-informed
    sh_headsign = system-informed
    sh_line = system-informed
    sh_to_stop = system-informed
    sh_vehicle = system-informed
    

2013-07-11-11-20-23.630903-CEST  DM-5       : DEBUG      
    DDDState - Dialogue state update
    
    Requested slots:
    {}
    Confirmed slots:
    {}
    Non-informed slots:
    {u'route_alternative': 0, u'silence_time': 0.0}

2013-07-11-11-20-23.709462-CEST  MainProcess : INFO       
    #139710 Time: 2013-07-11-11-20-23.705973-CEST From: VAD        To: HUB        Command: speech_end(fname="vad-2013-07-11-11-20-23.052117.wav") 

2013-07-11-11-20-23.713254-CEST  ASR-3      : DEBUG      
    ASR: speech_end(fname="vad-2013-07-11-11-20-23.052117.wav")

2013-07-11-11-20-23.978300-CEST  DM-5       : DEBUG      
    DM Output
    ------------------------------------------------------------
    inform(found_directions="true")&inform(alternative="2")&inform(vehicle="TRAM")&inform(line="20")&inform(go_at="11:33")&inform(enter_at="Arbesovo náměstí")&inform(headsign="Hradčanská")&inform(exit_at="Malostranské náměstí")
    

2013-07-11-11-20-24.014860-CEST  MainProcess : INFO       
    #139728 Time: 2013-07-11-11-20-24.009367-CEST From: DM         To: HUB        DA: inform(found_directions="true")&inform(alternative="2")&inform(vehicle="TRAM")&inform(line="20")&inform(go_at="11:33")&inform(enter_at="Arbesovo náměstí")&inform(headsign="Hradčanská")&inform(exit_at="Malostranské náměstí") 

2013-07-11-11-20-24.022723-CEST  NLG-6      : DEBUG      
    #139730 Time: 2013-07-11-11-20-24.017947-CEST From: HUB        To: NLG        DA: inform(found_directions="true")&inform(alternative="2")&inform(vehicle="TRAM")&inform(line="20")&inform(go_at="11:33")&inform(enter_at="Arbesovo náměstí")&inform(headsign="Hradčanská")&inform(exit_at="Malostranské náměstí") 

2013-07-11-11-20-24.130185-CEST  NLG-6      : DEBUG      
    NLG Output
    ------------------------------------------------------------
    Našla jsem následující spojení. Možnost druhá. Jeďte tramvají číslo 20 v 11:33 ze zastávky Arbesovo náměstí směrem Hradčanská. Vystupte na zastávce Malostranské náměstí.
    

2013-07-11-11-20-24.182595-CEST  MainProcess : INFO       
    #139741 Time: 2013-07-11-11-20-24.178496-CEST From: NLG        To: HUB        Command: nlg_text_generated() 

2013-07-11-11-20-24.190564-CEST  MainProcess : INFO       
    #139743 Time: 2013-07-11-11-20-24.183964-CEST From: TTS        To: HUB        Command: tts_start(user_id="None",text="Našla jsem následující spojení. Možnost druhá. Jeďte tramvají číslo 20 v 11:33 ze zastávky Arbesovo náměstí směrem Hradčanská. Vystupte na zastávce Malostranské náměstí.") 

2013-07-11-11-20-24.226477-CEST  ASR-3      : DEBUG      
    ASR Hypothesis
    ------------------------------------------------------------
    0.236 vedoucí
    0.197 7 nocí
    0.173 sledující
    0.157 třebíč
    0.118 medvídci
    0.079 býčí
    0.039 svítící
    0.000 __other__
    

2013-07-11-11-20-24.250895-CEST  MainProcess : INFO       
    #139745 Time: 2013-07-11-11-20-24.187247-CEST From: VoipIO     To: HUB        Command: play_utterance_start(user_id="None",fname="tts-2013-07-11-11-20-24.179172.wav") 

2013-07-11-11-20-24.300714-CEST  MainProcess : INFO       
    #140001 Time: 2013-07-11-11-20-24.295597-CEST From: ASR        To: HUB        Command: asr_end(fname="vad-2013-07-11-11-20-23.052117.wav") 

2013-07-11-11-20-24.802135-CEST  SLU-4      : DEBUG      
    SLU Hypothesis
    ------------------------------------------------------------
    1.000 other()
    

2013-07-11-11-20-24.844367-CEST  MainProcess : INFO       
    #140040 Time: 2013-07-11-11-20-24.839700-CEST From: SLU        To: HUB        Command: slu_parsed(fname="vad-2013-07-11-11-20-23.052117.wav") 

2013-07-11-11-20-24.849443-CEST  DM-5       : DEBUG      
    DDDState Dialogue Act in: other()

2013-07-11-11-20-24.854909-CEST  DM-5       : DEBUG      
    Context Resolution - Dialogue Act: other()

2013-07-11-11-20-24.860185-CEST  DM-5       : DEBUG      
    DDDState - Dialogue state content:
    
    ludait = other
    alternative = none
    from_stop = Arbesovo náměstí
    route_alternative = 1
    silence_time = 0.0
    time = none
    to_stop = Malostranské náměstí
    
    rh_alternative = system-informed
    rh_enter_at = system-informed
    rh_exit_at = system-informed
    rh_found_directions = system-informed
    rh_from_stop = system-informed
    rh_go_at = system-informed
    rh_headsign = system-informed
    rh_line = system-informed
    rh_to_stop = system-informed
    rh_vehicle = system-informed
    
    ch_alternative = system-informed
    ch_enter_at = system-informed
    ch_exit_at = system-informed
    ch_found_directions = system-informed
    ch_from_stop = system-informed
    ch_go_at = system-informed
    ch_headsign = system-informed
    ch_line = system-informed
    ch_to_stop = system-informed
    ch_vehicle = system-informed
    
    sh_alternative = system-informed
    sh_enter_at = system-informed
    sh_exit_at = system-informed
    sh_found_directions = system-informed
    sh_from_stop = system-informed
    sh_go_at = system-informed
    sh_headsign = system-informed
    sh_line = system-informed
    sh_to_stop = system-informed
    sh_vehicle = system-informed
    

2013-07-11-11-20-24.866081-CEST  DM-5       : DEBUG      
    DDDState - Dialogue state update
    
    Requested slots:
    {}
    Confirmed slots:
    {}
    Non-informed slots:
    {u'route_alternative': 1, u'silence_time': 0.0}

2013-07-11-11-20-24.953248-CEST  DM-5       : DEBUG      
    DM Output
    ------------------------------------------------------------
    notunderstood()&help(inform="alternative_abs")
    

2013-07-11-11-20-25.009294-CEST  MainProcess : INFO       
    #140053 Time: 2013-07-11-11-20-25.004185-CEST From: DM         To: HUB        DA: notunderstood()&help(inform="alternative_abs") 

2013-07-11-11-20-25.074326-CEST  NLG-6      : DEBUG      
    #140058 Time: 2013-07-11-11-20-25.070554-CEST From: HUB        To: NLG        Command: flush() 

2013-07-11-11-20-25.080365-CEST  MainProcess : INFO       
    #140059 Time: 2013-07-11-11-20-25.075542-CEST From: NLG        To: HUB        Command: flushed() 

2013-07-11-11-20-25.614735-CEST  MainProcess : INFO       
    #140812 Time: 2013-07-11-11-20-25.605077-CEST From: TTS        To: HUB        Command: tts_end(user_id="None",text="Našla jsem následující spojení. Možnost druhá. Jeďte tramvají číslo 20 v 11:33 ze zastávky Arbesovo náměstí směrem Hradčanská. Vystupte na zastávce Malostranské náměstí.",fname="tts-2013-07-11-11-20-24.179172.wav",log="true") 

2013-07-11-11-20-25.620827-CEST  TTS-7      : DEBUG      
    #140060 Time: 2013-07-11-11-20-25.081792-CEST From: HUB        To: TTS        Command: flush() 

2013-07-11-11-20-25.628359-CEST  MainProcess : INFO       
    #140814 Time: 2013-07-11-11-20-25.622220-CEST From: TTS        To: HUB        Command: flushed() 

2013-07-11-11-20-25.633346-CEST  VoipIO-1   : DEBUG      
    #140816 Time: 2013-07-11-11-20-25.629932-CEST From: HUB        To: VIO        Command: flush_out() 

2013-07-11-11-20-25.640813-CEST  MainProcess : INFO       
    #140817 Time: 2013-07-11-11-20-25.635138-CEST From: VoipIO     To: HUB        Command: flushed_out() 

2013-07-11-11-20-25.648987-CEST  NLG-6      : DEBUG      
    #140818 Time: 2013-07-11-11-20-25.642484-CEST From: HUB        To: NLG        DA: notunderstood()&help(inform="alternative_abs") 

2013-07-11-11-20-25.655222-CEST  NLG-6      : DEBUG      
    NLG Output
    ------------------------------------------------------------
    Nerozuměla jsem. Můžete to zopakovat? Pokud chcete zopakovat konkrétní spoj, potom můžete například říct třetí spojení.
    

2013-07-11-11-20-25.713833-CEST  MainProcess : INFO       
    #140825 Time: 2013-07-11-11-20-25.710389-CEST From: NLG        To: HUB        Command: nlg_text_generated() 

2013-07-11-11-20-25.721559-CEST  MainProcess : INFO       
    #140827 Time: 2013-07-11-11-20-25.715119-CEST From: TTS        To: HUB        Command: tts_start(user_id="None",text="Nerozuměla jsem. Můžete to zopakovat? Pokud chcete zopakovat konkrétní spoj, potom můžete například říct třetí spojení.") 

2013-07-11-11-20-25.782782-CEST  MainProcess : INFO       
    #140829 Time: 2013-07-11-11-20-25.716862-CEST From: VoipIO     To: HUB        Command: play_utterance_start(user_id="None",fname="tts-2013-07-11-11-20-25.712267.wav") 

2013-07-11-11-20-26.099481-CEST  MainProcess : INFO       
    #141439 Time: 2013-07-11-11-20-26.093427-CEST From: TTS        To: HUB        Command: tts_end(user_id="None",text="Nerozuměla jsem. Můžete to zopakovat? Pokud chcete zopakovat konkrétní spoj, potom můžete například říct třetí spojení.",fname="tts-2013-07-11-11-20-25.712267.wav",log="true") 

2013-07-11-11-20-27.831112-CEST  ASR-3      : DEBUG      
    ASR: speech_start(fname="vad-2013-07-11-11-20-27.745629.wav")

2013-07-11-11-20-27.836192-CEST  MainProcess : INFO       
    #141549 Time: 2013-07-11-11-20-27.826531-CEST From: VAD        To: HUB        Command: speech_start(fname="vad-2013-07-11-11-20-27.745629.wav") 

2013-07-11-11-20-27.842704-CEST  MainProcess : INFO       
    #141550 Time: 2013-07-11-11-20-27.827292-CEST From: ASR        To: HUB        Command: asr_start(fname="vad-2013-07-11-11-20-27.745629.wav") 

2013-07-11-11-20-28.544865-CEST  ASR-3      : DEBUG      
    ASR: speech_end(fname="vad-2013-07-11-11-20-27.745629.wav")

2013-07-11-11-20-28.550243-CEST  MainProcess : INFO       
    #141596 Time: 2013-07-11-11-20-28.540877-CEST From: VAD        To: HUB        Command: speech_end(fname="vad-2013-07-11-11-20-27.745629.wav") 

2013-07-11-11-20-29.056273-CEST  ASR-3      : DEBUG      
    ASR Hypothesis
    ------------------------------------------------------------
    0.333 na slupi
    0.249 na světě
    0.168 kraslice
    0.166 na slunci
    0.083 nad orlicí
    0.000 __other__
    

2013-07-11-11-20-29.105464-CEST  MainProcess : INFO       
    #141633 Time: 2013-07-11-11-20-29.100241-CEST From: ASR        To: HUB        Command: asr_end(fname="vad-2013-07-11-11-20-27.745629.wav") 

2013-07-11-11-20-29.452077-CEST  SLU-4      : DEBUG      
    SLU Hypothesis
    ------------------------------------------------------------
    0.917 other()
    0.083 inform(="Nad Trojou")
    

2013-07-11-11-20-29.504790-CEST  MainProcess : INFO       
    #141659 Time: 2013-07-11-11-20-29.499198-CEST From: SLU        To: HUB        Command: slu_parsed(fname="vad-2013-07-11-11-20-27.745629.wav") 

2013-07-11-11-20-29.509265-CEST  DM-5       : DEBUG      
    DDDState Dialogue Act in: other()

2013-07-11-11-20-29.514173-CEST  DM-5       : DEBUG      
    Context Resolution - Dialogue Act: other()

2013-07-11-11-20-29.519374-CEST  DM-5       : DEBUG      
    DDDState - Dialogue state content:
    
    ludait = other
    alternative = none
    from_stop = Arbesovo náměstí
    route_alternative = 1
    silence_time = 0.0
    time = none
    to_stop = Malostranské náměstí
    
    rh_alternative = system-informed
    rh_enter_at = system-informed
    rh_exit_at = system-informed
    rh_found_directions = system-informed
    rh_from_stop = system-informed
    rh_go_at = system-informed
    rh_headsign = system-informed
    rh_line = system-informed
    rh_to_stop = system-informed
    rh_vehicle = system-informed
    
    ch_alternative = system-informed
    ch_enter_at = system-informed
    ch_exit_at = system-informed
    ch_found_directions = system-informed
    ch_from_stop = system-informed
    ch_go_at = system-informed
    ch_headsign = system-informed
    ch_line = system-informed
    ch_to_stop = system-informed
    ch_vehicle = system-informed
    
    sh_alternative = system-informed
    sh_enter_at = system-informed
    sh_exit_at = system-informed
    sh_found_directions = system-informed
    sh_from_stop = system-informed
    sh_go_at = system-informed
    sh_headsign = system-informed
    sh_line = system-informed
    sh_to_stop = system-informed
    sh_vehicle = system-informed
    

2013-07-11-11-20-29.524379-CEST  DM-5       : DEBUG      
    DDDState - Dialogue state update
    
    Requested slots:
    {}
    Confirmed slots:
    {}
    Non-informed slots:
    {u'route_alternative': 1, u'silence_time': 0.0}

2013-07-11-11-20-29.621723-CEST  DM-5       : DEBUG      
    DM Output
    ------------------------------------------------------------
    notunderstood()&help(inform="alternative_next")
    

2013-07-11-11-20-29.678352-CEST  MainProcess : INFO       
    #141673 Time: 2013-07-11-11-20-29.672779-CEST From: DM         To: HUB        DA: notunderstood()&help(inform="alternative_next") 

2013-07-11-11-20-29.740175-CEST  NLG-6      : DEBUG      
    #141678 Time: 2013-07-11-11-20-29.736080-CEST From: HUB        To: NLG        Command: flush() 

2013-07-11-11-20-29.746173-CEST  MainProcess : INFO       
    #141679 Time: 2013-07-11-11-20-29.741569-CEST From: NLG        To: HUB        Command: flushed() 

2013-07-11-11-20-29.751847-CEST  TTS-7      : DEBUG      
    #141680 Time: 2013-07-11-11-20-29.747452-CEST From: HUB        To: TTS        Command: flush() 

2013-07-11-11-20-29.757093-CEST  MainProcess : INFO       
    #141681 Time: 2013-07-11-11-20-29.753210-CEST From: TTS        To: HUB        Command: flushed() 

2013-07-11-11-20-29.762487-CEST  VoipIO-1   : DEBUG      
    #141682 Time: 2013-07-11-11-20-29.758518-CEST From: HUB        To: VIO        Command: flush_out() 

2013-07-11-11-20-29.769323-CEST  MainProcess : INFO       
    #141683 Time: 2013-07-11-11-20-29.764125-CEST From: VoipIO     To: HUB        Command: flushed_out() 

2013-07-11-11-20-29.776197-CEST  NLG-6      : DEBUG      
    #141684 Time: 2013-07-11-11-20-29.770993-CEST From: HUB        To: NLG        DA: notunderstood()&help(inform="alternative_next") 

2013-07-11-11-20-29.782794-CEST  NLG-6      : DEBUG      
    NLG Output
    ------------------------------------------------------------
    Nerozuměla jsem. Můžete to zopakovat? Můžete mě požádat o další spoj.
    

2013-07-11-11-20-29.861444-CEST  MainProcess : INFO       
    #141692 Time: 2013-07-11-11-20-29.855729-CEST From: NLG        To: HUB        Command: nlg_text_generated() 

2013-07-11-11-20-29.867116-CEST  MainProcess : INFO       
    #141694 Time: 2013-07-11-11-20-29.857073-CEST From: TTS        To: HUB        Command: tts_start(user_id="None",text="Nerozuměla jsem. Můžete to zopakovat? Můžete mě požádat o další spoj.") 

2013-07-11-11-20-29.950737-CEST  MainProcess : INFO       
    #141697 Time: 2013-07-11-11-20-29.859925-CEST From: VoipIO     To: HUB        Command: play_utterance_start(user_id="None",fname="tts-2013-07-11-11-20-29.856827.wav") 

2013-07-11-11-20-30.048165-CEST  MainProcess : INFO       
    #142077 Time: 2013-07-11-11-20-30.041523-CEST From: TTS        To: HUB        Command: tts_end(user_id="None",text="Nerozuměla jsem. Můžete to zopakovat? Můžete mě požádat o další spoj.",fname="tts-2013-07-11-11-20-29.856827.wav",log="true") 

2013-07-11-11-20-35.859957-CEST  MainProcess : INFO       
    #142404 Time: 2013-07-11-11-20-35.246962-CEST From: VoipIO     To: HUB        Command: play_utterance_end(user_id="None",fname="tts-2013-07-11-11-20-29.856827.wav) 

2013-07-11-11-20-37.128168-CEST  MainProcess : INFO       
    #142522 Time: 2013-07-11-11-20-37.123209-CEST From: VAD        To: HUB        Command: speech_start(fname="vad-2013-07-11-11-20-37.022544.wav") 

2013-07-11-11-20-37.133160-CEST  ASR-3      : DEBUG      
    ASR: speech_start(fname="vad-2013-07-11-11-20-37.022544.wav")

2013-07-11-11-20-37.137739-CEST  MainProcess : INFO       
    #142523 Time: 2013-07-11-11-20-37.124130-CEST From: ASR        To: HUB        Command: asr_start(fname="vad-2013-07-11-11-20-37.022544.wav") 

2013-07-11-11-20-37.854328-CEST  ASR-3      : DEBUG      
    ASR: speech_end(fname="vad-2013-07-11-11-20-37.022544.wav")

2013-07-11-11-20-37.872312-CEST  MainProcess : INFO       
    #142571 Time: 2013-07-11-11-20-37.842176-CEST From: VAD        To: HUB        Command: speech_end(fname="vad-2013-07-11-11-20-37.022544.wav") 

2013-07-11-11-20-38.355367-CEST  ASR-3      : DEBUG      
    ASR Hypothesis
    ------------------------------------------------------------
    0.775 následující
    0.090 nad orlicí
    0.068 na vinici
    0.045 na slepici
    0.023 nad vinicí
    0.000 __other__
    

2013-07-11-11-20-38.423098-CEST  MainProcess : INFO       
    #142607 Time: 2013-07-11-11-20-38.414784-CEST From: ASR        To: HUB        Command: asr_end(fname="vad-2013-07-11-11-20-37.022544.wav") 

2013-07-11-11-20-38.871144-CEST  SLU-4      : DEBUG      
    SLU Hypothesis
    ------------------------------------------------------------
    0.775 inform(time="now")
    0.113 inform(="Nad Trojou")
    0.068 inform(to_stop="Vinice")
    0.045 other()
    

2013-07-11-11-20-38.956741-CEST  DM-5       : DEBUG      
    DDDState Dialogue Act in: inform(time="now")

2013-07-11-11-20-38.961382-CEST  MainProcess : INFO       
    #142644 Time: 2013-07-11-11-20-38.952198-CEST From: SLU        To: HUB        Command: slu_parsed(fname="vad-2013-07-11-11-20-37.022544.wav") 

2013-07-11-11-20-38.965252-CEST  DM-5       : DEBUG      
    Context Resolution - Dialogue Act: inform(time="now")

2013-07-11-11-20-38.970113-CEST  DM-5       : DEBUG      
    DDDState - Dialogue state content:
    
    ludait = none
    alternative = none
    from_stop = Arbesovo náměstí
    route_alternative = 1
    silence_time = 0.0
    time = now
    to_stop = Malostranské náměstí
    
    rh_alternative = system-informed
    rh_enter_at = system-informed
    rh_exit_at = system-informed
    rh_found_directions = system-informed
    rh_from_stop = system-informed
    rh_go_at = system-informed
    rh_headsign = system-informed
    rh_line = system-informed
    rh_to_stop = system-informed
    rh_vehicle = system-informed
    
    ch_alternative = system-informed
    ch_enter_at = system-informed
    ch_exit_at = system-informed
    ch_found_directions = system-informed
    ch_from_stop = system-informed
    ch_go_at = system-informed
    ch_headsign = system-informed
    ch_line = system-informed
    ch_to_stop = system-informed
    ch_vehicle = system-informed
    
    sh_alternative = system-informed
    sh_enter_at = system-informed
    sh_exit_at = system-informed
    sh_found_directions = system-informed
    sh_from_stop = system-informed
    sh_go_at = system-informed
    sh_headsign = system-informed
    sh_line = system-informed
    sh_to_stop = system-informed
    sh_vehicle = system-informed
    

2013-07-11-11-20-38.975056-CEST  DM-5       : DEBUG      
    DDDState - Dialogue state update
    
    Requested slots:
    {}
    Confirmed slots:
    {}
    Non-informed slots:
    {u'route_alternative': 1, u'silence_time': 0.0, u'time': u'now'}

2013-07-11-11-20-39.263983-CEST  DM-5       : DEBUG      
    DM Output
    ------------------------------------------------------------
    iconfirm(time="now")&inform(found_directions="true")&inform(alternative="2")&inform(vehicle="TRAM")&inform(line="20")&inform(go_at="11:33")&inform(enter_at="Arbesovo náměstí")&inform(headsign="Hradčanská")&inform(exit_at="Malostranské náměstí")
    

2013-07-11-11-20-39.402255-CEST  MainProcess : INFO       
    #142674 Time: 2013-07-11-11-20-39.397177-CEST From: DM         To: HUB        DA: iconfirm(time="now")&inform(found_directions="true")&inform(alternative="2")&inform(vehicle="TRAM")&inform(line="20")&inform(go_at="11:33")&inform(enter_at="Arbesovo náměstí")&inform(headsign="Hradčanská")&inform(exit_at="Malostranské náměstí") 

2013-07-11-11-20-39.410006-CEST  NLG-6      : DEBUG      
    #142675 Time: 2013-07-11-11-20-39.405454-CEST From: HUB        To: NLG        DA: iconfirm(time="now")&inform(found_directions="true")&inform(alternative="2")&inform(vehicle="TRAM")&inform(line="20")&inform(go_at="11:33")&inform(enter_at="Arbesovo náměstí")&inform(headsign="Hradčanská")&inform(exit_at="Malostranské náměstí") 

2013-07-11-11-20-39.507287-CEST  NLG-6      : DEBUG      
    NLG Output
    ------------------------------------------------------------
    Dobře, chcete jet co nejdříve. Našla jsem následující spojení. Možnost druhá. Jeďte tramvají číslo 20 v 11:33 ze zastávky Arbesovo náměstí směrem Hradčanská. Vystupte na zastávce Malostranské náměstí.
    

2013-07-11-11-20-39.568808-CEST  MainProcess : INFO       
    #142685 Time: 2013-07-11-11-20-39.563980-CEST From: NLG        To: HUB        Command: nlg_text_generated() 

2013-07-11-11-20-39.575702-CEST  MainProcess : INFO       
    #142688 Time: 2013-07-11-11-20-39.570387-CEST From: TTS        To: HUB        Command: tts_start(user_id="None",text="Dobře, chcete jet co nejdříve. Našla jsem následující spojení. Možnost druhá. Jeďte tramvají číslo 20 v 11:33 ze zastávky Arbesovo náměstí směrem Hradčanská. Vystupte na zastávce Malostranské náměstí.") 

2013-07-11-11-20-39.665196-CEST  MainProcess : INFO       
    #142691 Time: 2013-07-11-11-20-39.579137-CEST From: VoipIO     To: HUB        Command: play_utterance_start(user_id="None",fname="tts-2013-07-11-11-20-39.566407.wav") 

2013-07-11-11-20-39.908886-CEST  MainProcess : INFO       
    #143847 Time: 2013-07-11-11-20-39.896596-CEST From: TTS        To: HUB        Command: tts_end(user_id="None",text="Dobře, chcete jet co nejdříve. Našla jsem následující spojení. Možnost druhá. Jeďte tramvají číslo 20 v 11:33 ze zastávky Arbesovo náměstí směrem Hradčanská. Vystupte na zastávce Malostranské náměstí.",fname="tts-2013-07-11-11-20-39.566407.wav",log="true") 

2013-07-11-11-20-40.619699-CEST  MainProcess : INFO       
    #143895 Time: 2013-07-11-11-20-40.615015-CEST From: VAD        To: HUB        Command: speech_start(fname="vad-2013-07-11-11-20-40.458636.wav") 

2013-07-11-11-20-40.623879-CEST  ASR-3      : DEBUG      
    ASR: speech_start(fname="vad-2013-07-11-11-20-40.458636.wav")

2013-07-11-11-20-40.627962-CEST  MainProcess : INFO       
    #143896 Time: 2013-07-11-11-20-40.616383-CEST From: ASR        To: HUB        Command: asr_start(fname="vad-2013-07-11-11-20-40.458636.wav") 

2013-07-11-11-20-40.920955-CEST  ASR-3      : DEBUG      
    ASR: speech_end(fname="vad-2013-07-11-11-20-40.458636.wav")

2013-07-11-11-20-40.925182-CEST  MainProcess : INFO       
    #143916 Time: 2013-07-11-11-20-40.916489-CEST From: VAD        To: HUB        Command: speech_end(fname="vad-2013-07-11-11-20-40.458636.wav") 

2013-07-11-11-20-41.344072-CEST  ASR-3      : DEBUG      
    ASR Hypothesis
    ------------------------------------------------------------
    1.000 __silence__
    0.000 __other__
    

2013-07-11-11-20-41.437816-CEST  SLU-4      : DEBUG      
    SLU Hypothesis
    ------------------------------------------------------------
    1.000 silence()
    

2013-07-11-11-20-41.443304-CEST  MainProcess : INFO       
    #143950 Time: 2013-07-11-11-20-41.432920-CEST From: ASR        To: HUB        Command: asr_end(fname="vad-2013-07-11-11-20-40.458636.wav") 

2013-07-11-11-20-41.506928-CEST  DM-5       : DEBUG      
    DDDState Dialogue Act in: silence()

2013-07-11-11-20-41.511117-CEST  MainProcess : INFO       
    #143956 Time: 2013-07-11-11-20-41.502449-CEST From: SLU        To: HUB        Command: slu_parsed(fname="vad-2013-07-11-11-20-40.458636.wav") 

2013-07-11-11-20-41.515046-CEST  DM-5       : DEBUG      
    Context Resolution - Dialogue Act: silence()

2013-07-11-11-20-41.519384-CEST  DM-5       : DEBUG      
    DDDState - Dialogue state content:
    
    ludait = silence
    alternative = none
    from_stop = Arbesovo náměstí
    route_alternative = 1
    silence_time = 0.0
    time = now
    to_stop = Malostranské náměstí
    
    rh_alternative = system-informed
    rh_enter_at = system-informed
    rh_exit_at = system-informed
    rh_found_directions = system-informed
    rh_from_stop = system-informed
    rh_go_at = system-informed
    rh_headsign = system-informed
    rh_line = system-informed
    rh_time = system-informed
    rh_to_stop = system-informed
    rh_vehicle = system-informed
    
    ch_alternative = system-informed
    ch_enter_at = system-informed
    ch_exit_at = system-informed
    ch_found_directions = system-informed
    ch_from_stop = system-informed
    ch_go_at = system-informed
    ch_headsign = system-informed
    ch_line = system-informed
    ch_time = system-informed
    ch_to_stop = system-informed
    ch_vehicle = system-informed
    
    sh_alternative = system-informed
    sh_enter_at = system-informed
    sh_exit_at = system-informed
    sh_found_directions = system-informed
    sh_from_stop = system-informed
    sh_go_at = system-informed
    sh_headsign = system-informed
    sh_line = system-informed
    sh_time = system-informed
    sh_to_stop = system-informed
    sh_vehicle = system-informed
    

2013-07-11-11-20-41.523771-CEST  DM-5       : DEBUG      
    DDDState - Dialogue state update
    
    Requested slots:
    {}
    Confirmed slots:
    {}
    Non-informed slots:
    {u'route_alternative': 1, u'silence_time': 0.0}

2013-07-11-11-20-41.658016-CEST  DM-5       : DEBUG      
    DM Output
    ------------------------------------------------------------
    silence()
    

2013-07-11-11-20-41.731217-CEST  MainProcess : INFO       
    #143971 Time: 2013-07-11-11-20-41.726264-CEST From: DM         To: HUB        DA: silence() 

2013-07-11-11-20-57.748838-CEST  MainProcess : INFO       
    #144956 Time: 2013-07-11-11-20-57.442751-CEST From: VoipIO     To: HUB        Command: play_utterance_end(user_id="None",fname="tts-2013-07-11-11-20-39.566407.wav) 

2013-07-11-11-21-00.377385-CEST  MainProcess : INFO       
    #145140 Time: 2013-07-11-11-21-00.372808-CEST From: VAD        To: HUB        Command: speech_start(fname="vad-2013-07-11-11-21-00.240969.wav") 

2013-07-11-11-21-00.381841-CEST  ASR-3      : DEBUG      
    ASR: speech_start(fname="vad-2013-07-11-11-21-00.240969.wav")

2013-07-11-11-21-00.385842-CEST  MainProcess : INFO       
    #145141 Time: 2013-07-11-11-21-00.374118-CEST From: ASR        To: HUB        Command: asr_start(fname="vad-2013-07-11-11-21-00.240969.wav") 

2013-07-11-11-21-00.719553-CEST  MainProcess : INFO       
    #145165 Time: 2013-07-11-11-21-00.714086-CEST From: VAD        To: HUB        Command: speech_end(fname="vad-2013-07-11-11-21-00.240969.wav") 

2013-07-11-11-21-00.724078-CEST  ASR-3      : DEBUG      
    ASR: speech_end(fname="vad-2013-07-11-11-21-00.240969.wav")

2013-07-11-11-21-01.037147-CEST  ASR-3      : DEBUG      
    ASR Hypothesis
    ------------------------------------------------------------
    0.309 jako
    0.232 děku
    0.227 děkuju
    0.155 jakou
    0.077 děkuji
    0.000 __other__
    

2013-07-11-11-21-01.151826-CEST  MainProcess : INFO       
    #145193 Time: 2013-07-11-11-21-01.146648-CEST From: ASR        To: HUB        Command: asr_end(fname="vad-2013-07-11-11-21-00.240969.wav") 

2013-07-11-11-21-01.220707-CEST  MainProcess : INFO       
    #145200 Time: 2013-07-11-11-21-01.215617-CEST From: VAD        To: HUB        Command: speech_start(fname="vad-2013-07-11-11-21-01.010101.wav") 

2013-07-11-11-21-01.225235-CEST  ASR-3      : DEBUG      
    ASR: speech_start(fname="vad-2013-07-11-11-21-01.010101.wav")

2013-07-11-11-21-01.229861-CEST  MainProcess : INFO       
    #145201 Time: 2013-07-11-11-21-01.217495-CEST From: ASR        To: HUB        Command: asr_start(fname="vad-2013-07-11-11-21-01.010101.wav") 

2013-07-11-11-21-01.510910-CEST  SLU-4      : DEBUG      
    SLU Hypothesis
    ------------------------------------------------------------
    0.696 other()
    0.304 thankyou()
    

2013-07-11-11-21-01.516247-CEST  ASR-3      : DEBUG      
    ASR: speech_end(fname="vad-2013-07-11-11-21-01.010101.wav")

2013-07-11-11-21-01.521394-CEST  MainProcess : INFO       
    #145220 Time: 2013-07-11-11-21-01.509490-CEST From: VAD        To: HUB        Command: speech_end(fname="vad-2013-07-11-11-21-01.010101.wav") 

2013-07-11-11-21-01.596677-CEST  MainProcess : INFO       
    #145227 Time: 2013-07-11-11-21-01.591493-CEST From: SLU        To: HUB        Command: slu_parsed(fname="vad-2013-07-11-11-21-00.240969.wav") 

2013-07-11-11-21-01.601067-CEST  DM-5       : DEBUG      
    DDDState Dialogue Act in: other()

2013-07-11-11-21-01.605401-CEST  DM-5       : DEBUG      
    Context Resolution - Dialogue Act: other()

2013-07-11-11-21-01.610295-CEST  DM-5       : DEBUG      
    DDDState - Dialogue state content:
    
    ludait = other
    alternative = none
    from_stop = Arbesovo náměstí
    route_alternative = 1
    silence_time = 0.0
    time = now
    to_stop = Malostranské náměstí
    
    rh_alternative = system-informed
    rh_enter_at = system-informed
    rh_exit_at = system-informed
    rh_found_directions = system-informed
    rh_from_stop = system-informed
    rh_go_at = system-informed
    rh_headsign = system-informed
    rh_line = system-informed
    rh_time = system-informed
    rh_to_stop = system-informed
    rh_vehicle = system-informed
    
    ch_alternative = system-informed
    ch_enter_at = system-informed
    ch_exit_at = system-informed
    ch_found_directions = system-informed
    ch_from_stop = system-informed
    ch_go_at = system-informed
    ch_headsign = system-informed
    ch_line = system-informed
    ch_time = system-informed
    ch_to_stop = system-informed
    ch_vehicle = system-informed
    
    sh_alternative = system-informed
    sh_enter_at = system-informed
    sh_exit_at = system-informed
    sh_found_directions = system-informed
    sh_from_stop = system-informed
    sh_go_at = system-informed
    sh_headsign = system-informed
    sh_line = system-informed
    sh_time = system-informed
    sh_to_stop = system-informed
    sh_vehicle = system-informed
    

2013-07-11-11-21-01.615110-CEST  DM-5       : DEBUG      
    DDDState - Dialogue state update
    
    Requested slots:
    {}
    Confirmed slots:
    {}
    Non-informed slots:
    {u'route_alternative': 1, u'silence_time': 0.0}

2013-07-11-11-21-01.762049-CEST  DM-5       : DEBUG      
    DM Output
    ------------------------------------------------------------
    notunderstood()&help(inform="alternative_last")
    

2013-07-11-11-21-01.844970-CEST  MainProcess : INFO       
    #145245 Time: 2013-07-11-11-21-01.840325-CEST From: DM         To: HUB        DA: notunderstood()&help(inform="alternative_last") 

2013-07-11-11-21-01.852487-CEST  NLG-6      : DEBUG      
    #145247 Time: 2013-07-11-11-21-01.847850-CEST From: HUB        To: NLG        DA: notunderstood()&help(inform="alternative_last") 

2013-07-11-11-21-01.857474-CEST  NLG-6      : DEBUG      
    NLG Output
    ------------------------------------------------------------
    Promiňte, nerozuměla jsem. Můžete mě požádat o zopakování posledního nabídnutého spojení.
    

2013-07-11-11-21-01.884346-CEST  ASR-3      : DEBUG      
    ASR Hypothesis
    ------------------------------------------------------------
    1.000 __silence__
    0.000 __other__
    

2013-07-11-11-21-01.930411-CEST  MainProcess : INFO       
    #145253 Time: 2013-07-11-11-21-01.922988-CEST From: NLG        To: HUB        Command: nlg_text_generated() 

2013-07-11-11-21-01.937159-CEST  MainProcess : INFO       
    #145255 Time: 2013-07-11-11-21-01.931769-CEST From: TTS        To: HUB        Command: tts_start(user_id="None",text="Promiňte, nerozuměla jsem. Můžete mě požádat o zopakování posledního nabídnutého spojení.") 

2013-07-11-11-21-02.000309-CEST  MainProcess : INFO       
    #145363 Time: 2013-07-11-11-21-01.995915-CEST From: ASR        To: HUB        Command: asr_end(fname="vad-2013-07-11-11-21-01.010101.wav") 

2013-07-11-11-21-02.004161-CEST  SLU-4      : DEBUG      
    SLU Hypothesis
    ------------------------------------------------------------
    1.000 silence()
    

2013-07-11-11-21-02.083921-CEST  MainProcess : INFO       
    #145257 Time: 2013-07-11-11-21-01.933512-CEST From: VoipIO     To: HUB        Command: play_utterance_start(user_id="None",fname="tts-2013-07-11-11-21-01.924193.wav") 

2013-07-11-11-21-02.149059-CEST  MainProcess : INFO       
    #145728 Time: 2013-07-11-11-21-02.142706-CEST From: SLU        To: HUB        Command: slu_parsed(fname="vad-2013-07-11-11-21-01.010101.wav") 

2013-07-11-11-21-02.153259-CEST  DM-5       : DEBUG      
    DDDState Dialogue Act in: silence()

2013-07-11-11-21-02.157239-CEST  MainProcess : INFO       
    #145727 Time: 2013-07-11-11-21-02.142490-CEST From: TTS        To: HUB        Command: tts_end(user_id="None",text="Promiňte, nerozuměla jsem. Můžete mě požádat o zopakování posledního nabídnutého spojení.",fname="tts-2013-07-11-11-21-01.924193.wav",log="true") 

2013-07-11-11-21-02.161241-CEST  DM-5       : DEBUG      
    Context Resolution - Dialogue Act: silence()

2013-07-11-11-21-02.165451-CEST  DM-5       : DEBUG      
    DDDState - Dialogue state content:
    
    ludait = silence
    alternative = none
    from_stop = Arbesovo náměstí
    route_alternative = 1
    silence_time = 0.0
    time = now
    to_stop = Malostranské náměstí
    
    rh_alternative = system-informed
    rh_enter_at = system-informed
    rh_exit_at = system-informed
    rh_found_directions = system-informed
    rh_from_stop = system-informed
    rh_go_at = system-informed
    rh_headsign = system-informed
    rh_line = system-informed
    rh_time = system-informed
    rh_to_stop = system-informed
    rh_vehicle = system-informed
    
    ch_alternative = system-informed
    ch_enter_at = system-informed
    ch_exit_at = system-informed
    ch_found_directions = system-informed
    ch_from_stop = system-informed
    ch_go_at = system-informed
    ch_headsign = system-informed
    ch_line = system-informed
    ch_time = system-informed
    ch_to_stop = system-informed
    ch_vehicle = system-informed
    
    sh_alternative = system-informed
    sh_enter_at = system-informed
    sh_exit_at = system-informed
    sh_found_directions = system-informed
    sh_from_stop = system-informed
    sh_go_at = system-informed
    sh_headsign = system-informed
    sh_line = system-informed
    sh_time = system-informed
    sh_to_stop = system-informed
    sh_vehicle = system-informed
    

2013-07-11-11-21-02.169627-CEST  DM-5       : DEBUG      
    DDDState - Dialogue state update
    
    Requested slots:
    {}
    Confirmed slots:
    {}
    Non-informed slots:
    {u'route_alternative': 1, u'silence_time': 0.0}

2013-07-11-11-21-02.312041-CEST  DM-5       : DEBUG      
    DM Output
    ------------------------------------------------------------
    silence()
    

2013-07-11-11-21-02.387086-CEST  MainProcess : INFO       
    #145752 Time: 2013-07-11-11-21-02.382959-CEST From: DM         To: HUB        DA: silence() 

2013-07-11-11-21-09.459959-CEST  MainProcess : INFO       
    #146165 Time: 2013-07-11-11-21-08.990569-CEST From: VoipIO     To: HUB        Command: play_utterance_end(user_id="None",fname="tts-2013-07-11-11-21-01.924193.wav) 

2013-07-11-11-21-11.195243-CEST  MainProcess : INFO       
    #146305 Time: 2013-07-11-11-21-11.190494-CEST From: VAD        To: HUB        Command: speech_start(fname="vad-2013-07-11-11-21-11.004757.wav") 

2013-07-11-11-21-11.199976-CEST  ASR-3      : DEBUG      
    ASR: speech_start(fname="vad-2013-07-11-11-21-11.004757.wav")

2013-07-11-11-21-11.204614-CEST  MainProcess : INFO       
    #146306 Time: 2013-07-11-11-21-11.191331-CEST From: ASR        To: HUB        Command: asr_start(fname="vad-2013-07-11-11-21-11.004757.wav") 

2013-07-11-11-21-11.654461-CEST  ASR-3      : DEBUG      
    ASR: speech_end(fname="vad-2013-07-11-11-21-11.004757.wav")

2013-07-11-11-21-11.659322-CEST  MainProcess : INFO       
    #146338 Time: 2013-07-11-11-21-11.649192-CEST From: VAD        To: HUB        Command: speech_end(fname="vad-2013-07-11-11-21-11.004757.wav") 

2013-07-11-11-21-12.125452-CEST  ASR-3      : DEBUG      
    ASR Hypothesis
    ------------------------------------------------------------
    0.303 šanu
    0.199 ano
    0.166 sanu
    0.133 ráno
    0.100 nu
    0.066 kladno
    0.033 kano
    0.000 __other__
    

2013-07-11-11-21-12.255202-CEST  MainProcess : INFO       
    #146375 Time: 2013-07-11-11-21-12.249700-CEST From: ASR        To: HUB        Command: asr_end(fname="vad-2013-07-11-11-21-11.004757.wav") 

2013-07-11-11-21-12.722090-CEST  SLU-4      : DEBUG      
    SLU Hypothesis
    ------------------------------------------------------------
    0.801 other()
    0.199 affirm()
    

2013-07-11-11-21-12.830079-CEST  MainProcess : INFO       
    #146413 Time: 2013-07-11-11-21-12.824538-CEST From: SLU        To: HUB        Command: slu_parsed(fname="vad-2013-07-11-11-21-11.004757.wav") 

2013-07-11-11-21-12.834722-CEST  DM-5       : DEBUG      
    DDDState Dialogue Act in: other()

2013-07-11-11-21-12.839379-CEST  DM-5       : DEBUG      
    Context Resolution - Dialogue Act: other()

2013-07-11-11-21-12.845564-CEST  DM-5       : DEBUG      
    DDDState - Dialogue state content:
    
    ludait = other
    alternative = none
    from_stop = Arbesovo náměstí
    route_alternative = 1
    silence_time = 0.0
    time = now
    to_stop = Malostranské náměstí
    
    rh_alternative = system-informed
    rh_enter_at = system-informed
    rh_exit_at = system-informed
    rh_found_directions = system-informed
    rh_from_stop = system-informed
    rh_go_at = system-informed
    rh_headsign = system-informed
    rh_line = system-informed
    rh_time = system-informed
    rh_to_stop = system-informed
    rh_vehicle = system-informed
    
    ch_alternative = system-informed
    ch_enter_at = system-informed
    ch_exit_at = system-informed
    ch_found_directions = system-informed
    ch_from_stop = system-informed
    ch_go_at = system-informed
    ch_headsign = system-informed
    ch_line = system-informed
    ch_time = system-informed
    ch_to_stop = system-informed
    ch_vehicle = system-informed
    
    sh_alternative = system-informed
    sh_enter_at = system-informed
    sh_exit_at = system-informed
    sh_found_directions = system-informed
    sh_from_stop = system-informed
    sh_go_at = system-informed
    sh_headsign = system-informed
    sh_line = system-informed
    sh_time = system-informed
    sh_to_stop = system-informed
    sh_vehicle = system-informed
    

2013-07-11-11-21-12.851527-CEST  DM-5       : DEBUG      
    DDDState - Dialogue state update
    
    Requested slots:
    {}
    Confirmed slots:
    {}
    Non-informed slots:
    {u'route_alternative': 1, u'silence_time': 0.0}

2013-07-11-11-21-13.095919-CEST  DM-5       : DEBUG      
    DM Output
    ------------------------------------------------------------
    notunderstood()&help(inform="alternative_last")
    

2013-07-11-11-21-13.233004-CEST  MainProcess : INFO       
    #146440 Time: 2013-07-11-11-21-13.227798-CEST From: DM         To: HUB        DA: notunderstood()&help(inform="alternative_last") 

2013-07-11-11-21-13.242161-CEST  NLG-6      : DEBUG      
    #146442 Time: 2013-07-11-11-21-13.236241-CEST From: HUB        To: NLG        DA: notunderstood()&help(inform="alternative_last") 

2013-07-11-11-21-13.248318-CEST  NLG-6      : DEBUG      
    NLG Output
    ------------------------------------------------------------
    Promiňte, nerozuměla jsem. Pokud chcete zopakovat nabídnutý spoj, tak si o to řekněte.
    

2013-07-11-11-21-13.381366-CEST  MainProcess : INFO       
    #146453 Time: 2013-07-11-11-21-13.377780-CEST From: NLG        To: HUB        Command: nlg_text_generated() 

2013-07-11-11-21-13.390167-CEST  MainProcess : INFO       
    #146455 Time: 2013-07-11-11-21-13.382806-CEST From: TTS        To: HUB        Command: tts_start(user_id="None",text="Promiňte, nerozuměla jsem. Pokud chcete zopakovat nabídnutý spoj, tak si o to řekněte.") 

2013-07-11-11-21-13.491564-CEST  MainProcess : INFO       
    #146457 Time: 2013-07-11-11-21-13.385226-CEST From: VoipIO     To: HUB        Command: play_utterance_start(user_id="None",fname="tts-2013-07-11-11-21-13.378725.wav") 

2013-07-11-11-21-13.550851-CEST  MainProcess : INFO       
    #146885 Time: 2013-07-11-11-21-13.545064-CEST From: TTS        To: HUB        Command: tts_end(user_id="None",text="Promiňte, nerozuměla jsem. Pokud chcete zopakovat nabídnutý spoj, tak si o to řekněte.",fname="tts-2013-07-11-11-21-13.378725.wav",log="true") 

2013-07-11-11-21-15.600138-CEST  VoipIO-1   : DEBUG      
    CallCallback::on_state : Call with "00420221914256" <sip:00420221914256@195.113.20.160> is DISCONNCTD last code = 200 (Normal call clearing)

2013-07-11-11-21-15.863062-CEST  VoipIO-1   : DEBUG      
    VoipIO::on_call_disconnected

2013-07-11-11-21-15.868854-CEST  MainProcess : INFO       
    #147018 Time: 2013-07-11-11-21-15.864279-CEST From: VoipIO     To: HUB        Command: call_disconnected(remote_uri="00420221914256") 

