2013-07-21-21-05-23.356114-CEST  VoipIO-1   : DEBUG      
    VoipIO::on_call_connecting

2013-07-21-21-05-23.362260-CEST  VoipIO-1   : DEBUG      
    CallCallback::on_state : Call with "777722783" <sip:777722783@195.113.20.160> is CONFIRMED last code = 200 (OK)

2013-07-21-21-05-23.388206-CEST  MainProcess : SYSTEM-LOG 
    config = { 'ASR': { 'Google': { 'debug': False, 'language': 'cs', 'maxresults': 20},
               'Julius': { 'adinnetport': 5530,
                           'binary': '/usr/local/bin/julius',
                           'debug': False,
                           'hostname': 'localhost',
                           'jconf': { '-adport': '5530',
                                      '-b': '1000',
                                      '-b2': '100',
                                      '-cmnload': 'cmn.param',
                                      '-cmnmapweight': '200',
                                      '-cmnsave': 'cmn.param',
                                      '-confnet': '',
                                      '-fallback1pass': '',
                                      '-gprune': 'safe',
                                      '-h': '/mnt/h/jurcicek/vystadial-git/alex/resources/asr/voip_en/hmmdefs',
                                      '-hlist': '/mnt/h/jurcicek/vystadial-git/alex/resources/asr/voip_en/tiedlist',
                                      '-htkconf': '/mnt/h/jurcicek/vystadial-git/alex/resources/asr/voip_en/config',
                                      '-input': 'adinnet',
                                      '-iwsp': '',
                                      '-iwsppenalty': '0.0',
                                      '-lmp': '15.0 0.0',
                                      '-lmp2': '15.0 0.0',
                                      '-mapunk': 'UM',
                                      '-module': '10500',
                                      '-n': '50',
                                      '-nlr': '/mnt/h/jurcicek/vystadial-git/alex/resources/lm/caminfo/julius_arpa_bigram',
                                      '-no_ccd': '',
                                      '-nrl': '/mnt/h/jurcicek/vystadial-git/alex/resources/lm/caminfo/julius_arpa_rev_bigram',
                                      '-silhead': '<s>',
                                      '-siltail': '</s>',
                                      '-spmodel': 'sp',
                                      '-tmix': '4',
                                      '-v': '/mnt/h/jurcicek/vystadial-git/alex/resources/lm/caminfo/julius_dict'},
                           'jconffile': 'julius.jconf',
                           'killall': False,
                           'logfile': 'julius.log',
                           'msg_timeout': 0.3,
                           'pidfile': 'julius.pid',
                           'reuse_server': False,
                           'serverport': 10500,
                           'start_max_wait_time': 15,
                           'start_wait_time': 0.5,
                           'timeout': 2.0},
               'Kaldi': { 'LM_scale': -6666.66,
                          'hypothesis_type': 'nblist',
                          'lat_depth': 666666,
                          'model': 'TODO_path_to_model'},
               'debug': True,
               'type': 'Google'},
      'AlexOnTheBus': { 'max_turns': 120},
      'Analytics': Analytics(account_id='UA-41905278-1', domain_name='cuni.cz'),
      'Audio': { 'sample_rate': 16000, 'samples_per_frame': 256},
      'AudioIO': { 'debug': True, 'output_dir': './aio_call_log', 'play_buffer_size': 1024},
      'DM': { 'PUfalRuleDM': { 'code_submit_url': None,
                               'db_cfg': '/mnt/h/jurcicek/vystadial-git/alex/resources/../applications/CamInfoRest/cued_data/CIRdbase_V7_noloc.txt',
                               'ontology': '/mnt/h/jurcicek/vystadial-git/alex/resources/../applications/CamInfoRest/ontology.cfg',
                               'provide_code': False},
              'UfalRuleDM': { 'code_submit_url': None,
                              'db_cfg': '/mnt/h/jurcicek/vystadial-git/alex/resources/../applications/CamInfoRest/cued_data/CIRdbase_V7_noloc.txt',
                              'ontology': '/mnt/h/jurcicek/vystadial-git/alex/resources/../applications/CamInfoRest/ontology.cfg',
                              'provide_code': False},
              'basic': { 'debug': True, 'silence_timeout': 10.0},
              'debug': True,
              'dialogue_policy': { 'type': <class 'alex.applications.AlexOnTheBus.aotb_hdc_policy.AOTBHDCPolicy'>},
              'dialogue_state': { 'type': <class 'alex.components.dm.dddstate.DeterministicDiscriminativeDialogueState'>},
              'input_timeout': 3.0,
              'ontology': '/mnt/h/jurcicek/vystadial-git/alex/applications/AlexOnTheBus/data/ontology.py',
              'type': 'basic'},
      'General': { 'debug': False, 'include': ['/mnt/h/jurcicek/vystadial-git/alex/resources/private/default.cfg']},
      'Hub': { 'history_file': 'hub_history_hub.txt', 'history_length': 1000, 'main_loop_sleep_time': 0.002},
      'Logging': { 'excepthook': ExceptionHook(
            ExceptionHook
              Hook Type: log
              Hook Logger: SystemLogger(output_dir=./call_logs, stdout_log_level='DEBUG', stdout=True, file_log_level='DEBUG')),
                   'session_logger': SessionLogger(),
                   'system_logger': SystemLogger(output_dir=/net/projects/vystadial/data/call-logs/2013-05-30-alex-aotb-prototype/new, stdout_log_level='DEBUG', stdout=True, file_log_level='DEBUG'),
                   'system_name': u'Alex On The Bus - Live',
                   'version': u'1.0'},
      'NLG': { 'Template': { 'model': '/mnt/h/jurcicek/vystadial-git/alex/applications/AlexOnTheBus/nlg_templates.cfg'},
               'debug': True,
               'type': 'Template'},
      'SHub': { 'history_file': 'hub_history_shub.txt', 'history_length': 1000},
      'SLU': { 'cl-tracing': { 'cldb_fname': '/mnt/h/jurcicek/vystadial-git/alex/applications/CamInfoRest/data/database.py',
                               'do_preprocessing': True,
                               'features_type': ('ngram', 'ab_ngram'),
                               'testing': { 'max_examples': None,
                                            'min_perc': 80,
                                            'model_fname': '/mnt/h/jurcicek/vystadial-git/alex/applications/CamInfoRest/models/130516_minf60-minfc35-mind60.slu_model.gz',
                                            'renormalise': True,
                                            'threshold': None,
                                            'vanilla': True},
                               'training': { 'abstractions': ('abstract',), 'models_dir': 'models'}},
               'debug': True,
               'type': <class 'alex.applications.AlexOnTheBus.aotb_slu.AOTBSLU'>,
               <class 'alex.applications.AlexOnTheBus.aotb_slu.AOTBSLU'>: { 'cldb_fname': '/mnt/h/jurcicek/vystadial-git/alex/applications/AlexOnTheBus/data/database.py',
                                                                            'preprocessing_cls': <class 'alex.applications.AlexOnTheBus.aotb_preprocessing.AOTBSLUPreprocessing'>,
                                                                            'training': { 'models_dir': 'models'}}},
      'THub': { 'history_file': 'hub_history_thub.txt', 'history_length': 1000},
      'TTS': { 'Flite': { 'debug': False,
                          'preprocessing': '/mnt/h/jurcicek/vystadial-git/alex/resources/tts/prep_flite_en.cfg',
                          'voice': 'kal16'},
               'Google': { 'debug': False,
                           'language': 'en',
                           'preprocessing': '/mnt/h/jurcicek/vystadial-git/alex/resources/tts/prep_google_en.cfg'},
               'SpeechTech': { 'debug': True,
                               'login': 'filipjurcicek',
    # this line was removed since it included a password
                               'preprocessing': '/mnt/h/jurcicek/vystadial-git/alex/resources/tts/prep_speechtech_cs.cfg',
                               'voice': 'Iva210'},
               'VoiceRSS': { 'api_key': '3b6a9fca5d724b1c8ac34691586cdda1'},
               'VoiceRss': { 'language': 'en-gb',
                             'preprocessing': '/mnt/h/jurcicek/vystadial-git/alex/resources/tts/prep_voicerss_en.cfg'},
               'debug': True,
               'in_between_segments_silence': 0.1,
               'type': 'SpeechTech'},
      'VAD': { 'debug': False,
               'decision_frames_sil': 25,
               'decision_frames_speech': 10,
               'decision_non_speech_threshold': 0.2,
               'decision_speech_threshold': 0.7,
               'gmm': { 'ceplifter': 22,
                        'enormalise': True,
                        'filter_length': 5,
                        'frameshift': 160,
                        'framesize': 512,
                        'frontend': 'MFCC',
                        'hifreq': 3800,
                        'lofreq': 125,
                        'numceps': 12,
                        'numchans': 26,
                        'preemcoef': 0.97,
                        'sil_model': '/mnt/h/jurcicek/vystadial-git/alex/resources/vad/voip_en/vad_sil_sds_mfcc_m064_f100000.gmm',
                        'speech_model': '/mnt/h/jurcicek/vystadial-git/alex/resources/vad/voip_en/vad_speech_sds_mfcc_m064_f100000.gmm',
                        'useacc': True,
                        'usec0': False,
                        'usecmn': False,
                        'usedelta': True,
                        'usehamming': True,
                        'usepower': True,
                        'zmeansource': True},
               'power': { 'adaptation_frames': 30, 'threshold': 70, 'threshold_multiplier': 1.0},
               'speech_buffer_frames': 20,
               'type': 'gmm'},
      'VoipHub': { 'blacklist_for': 7200,
                   'call_db': u'/net/projects/vystadial/data/call-logs/2013-05-30-alex-aotb-prototype/new/call_db.pckl',
                   'hard_time_limit': 360,
                   'hard_turn_limit': 120,
                   'history_length': 1000,
                   'last_period_max_num_calls': 20,
                   'last_period_max_total_time': 1800,
                   'limit_reached_message': u'D\u011bkujeme za zavol\xe1n\xed, ale u\u017e jste volali hodn\u011b. Pros\xedm zavolejte pozd\u011bji. Na shledanou.',
                   'period': 172800,
                   'pid_file': u'/net/projects/vystadial/data/call-logs/2013-05-30-alex-aotb-prototype/new/vhub_live.pid',
                   'wait_time_before_calling_back': 10},
      'VoipIO': { 'allowed_hosts': '',
                  'allowed_phone_numbers': '(^[234567])',
                  'allowed_users': '(^[234567])',
                  'debug': True,
                  'domain': 'vystadial.ms.mff.cuni.cz',
                  'forbidden_hosts': '',
                  'forbidden_phone_number': '(^112$|^150$|^155$|^156$|^158$)',
                  'forbidden_users': '(^112$|^150$|^155$|^156$|^158$)',
    # this line was removed since it included a password
                  'pjsip_log_level': 3,
                  'reject_calls': False,
                  'user': '800899998'},
      'WebHub': { 'port': 8000},
      'corpustools': { 'get_jasr_confnets': { 'frame_size': 256, 'rt_ratio': 0.2}}}

2013-07-21-21-05-23.406444-CEST  VoipIO-1   : DEBUG      
    VoipIO::on_call_confirmed

2013-07-21-21-05-23.450816-CEST  MainProcess : INFO       
    #176584 Time: 2013-07-21-21-05-23.357681-CEST From: VoipIO     To: HUB        Command: call_connecting(remote_uri="777722783") 

2013-07-21-21-05-23.458819-CEST  MainProcess : INFO       
    #176585 Time: 2013-07-21-21-05-23.407826-CEST From: VoipIO     To: HUB        Command: call_confirmed(remote_uri="777722783") 

2013-07-21-21-05-23.479698-CEST  MainProcess : INFO       
    
    ========================================================================================================================
    Incoming call from :          777722783
    ------------------------------------------------------------------------------------------------------------------------
    Total calls:                  7
    Total time (min):             14.6
    Last period total calls:      0
    Last period total time (min): 0.0
    ------------------------------------------------------------------------------------------------------------------------
    CALL ACCEPTED
    ========================================================================================================================
    

2013-07-21-21-05-23.484801-CEST  DM-5       : DEBUG      
    #176586 Time: 2013-07-21-21-05-23.476104-CEST From: HUB        To: DM         Command: new_dialogue() 

2013-07-21-21-05-23.501089-CEST  DM-5       : DEBUG      
    DM Output
    ------------------------------------------------------------
    hello()
    

2013-07-21-21-05-23.518111-CEST  MainProcess : INFO       
    #176589 Time: 2013-07-21-21-05-23.508729-CEST From: DM         To: HUB        DA: hello() 

2013-07-21-21-05-23.524891-CEST  NLG-6      : DEBUG      
    #176591 Time: 2013-07-21-21-05-23.520819-CEST From: HUB        To: NLG        DA: hello() 

2013-07-21-21-05-23.529282-CEST  NLG-6      : DEBUG      
    NLG Output
    ------------------------------------------------------------
    Dobrý den, dovolali jste se na informace o veřejné dopravě v Praze. Hovor je nahráván. Více informací o této službě je na internetu. Jak Vám mohu pomoci. Můžete například říct chtěl bych jet z Malostranského náměstí .
    

2013-07-21-21-05-23.541373-CEST  MainProcess : INFO       
    #176592 Time: 2013-07-21-21-05-23.536887-CEST From: NLG        To: HUB        Command: nlg_text_generated() 

2013-07-21-21-05-23.545910-CEST  MainProcess : INFO       
    #176594 Time: 2013-07-21-21-05-23.537511-CEST From: TTS        To: HUB        Command: tts_start(user_id="None",text="Dobrý den, dovolali jste se na informace o veřejné dopravě v Praze. Hovor je nahráván. Více informací o této službě je na internetu. Jak Vám mohu pomoci. Můžete například říct chtěl bych jet z Malostranského náměstí .") 

2013-07-21-21-05-23.580170-CEST  MainProcess : INFO       
    #176597 Time: 2013-07-21-21-05-23.547790-CEST From: VoipIO     To: HUB        Command: play_utterance_start(user_id="None",fname="tts-2013-07-21-21-05-23.537290.wav") 

2013-07-21-21-05-23.944155-CEST  MainProcess : INFO       
    #177650 Time: 2013-07-21-21-05-23.933109-CEST From: TTS        To: HUB        Command: tts_end(user_id="None",text="Dobrý den, dovolali jste se na informace o veřejné dopravě v Praze. Hovor je nahráván. Více informací o této službě je na internetu. Jak Vám mohu pomoci. Můžete například říct chtěl bych jet z Malostranského náměstí .",fname="tts-2013-07-21-21-05-23.537290.wav",log="true") 

2013-07-21-21-05-26.099780-CEST  ASR-3      : DEBUG      
    ASR: speech_start(fname="vad-2013-07-21-21-05-26.079154.wav")

2013-07-21-21-05-26.105058-CEST  MainProcess : INFO       
    #177787 Time: 2013-07-21-21-05-26.095261-CEST From: VAD        To: HUB        Command: speech_start(fname="vad-2013-07-21-21-05-26.079154.wav") 

2013-07-21-21-05-26.111904-CEST  MainProcess : INFO       
    #177788 Time: 2013-07-21-21-05-26.095710-CEST From: ASR        To: HUB        Command: asr_start(fname="vad-2013-07-21-21-05-26.079154.wav") 

2013-07-21-21-05-26.669267-CEST  MainProcess : INFO       
    #177826 Time: 2013-07-21-21-05-26.665661-CEST From: VAD        To: HUB        Command: speech_end(fname="vad-2013-07-21-21-05-26.079154.wav") 

2013-07-21-21-05-26.673795-CEST  ASR-3      : DEBUG      
    ASR: speech_end(fname="vad-2013-07-21-21-05-26.079154.wav")

2013-07-21-21-05-27.055695-CEST  ASR-3      : DEBUG      
    ASR Hypothesis
    ------------------------------------------------------------
    1.000 __silence__
    0.000 __other__
    

2013-07-21-21-05-27.070408-CEST  SLU-4      : DEBUG      
    SLU Hypothesis
    ------------------------------------------------------------
    1.000 silence()
    

2013-07-21-21-05-27.075689-CEST  MainProcess : INFO       
    #177852 Time: 2013-07-21-21-05-27.065162-CEST From: ASR        To: HUB        Command: asr_end(fname="vad-2013-07-21-21-05-26.079154.wav") 

2013-07-21-21-05-27.086368-CEST  DM-5       : DEBUG      
    DDDState Dialogue Act in: silence()

2013-07-21-21-05-27.091231-CEST  MainProcess : INFO       
    #177855 Time: 2013-07-21-21-05-27.081893-CEST From: SLU        To: HUB        Command: slu_parsed(fname="vad-2013-07-21-21-05-26.079154.wav") 

2013-07-21-21-05-27.095652-CEST  DM-5       : DEBUG      
    Context Resolution - Dialogue Act: silence()

2013-07-21-21-05-27.100266-CEST  DM-5       : DEBUG      
    DDDState - Dialogue state content:
    
    ludait = silence
    silence_time = 0.0
    
    
    
    

2013-07-21-21-05-27.104427-CEST  DM-5       : DEBUG      
    DDDState - Dialogue state update
    
    Requested slots:
    {}
    Confirmed slots:
    {}
    Non-informed slots:
    {u'silence_time': 0.0}

2013-07-21-21-05-27.134568-CEST  DM-5       : DEBUG      
    DM Output
    ------------------------------------------------------------
    silence()
    

2013-07-21-21-05-27.149139-CEST  MainProcess : INFO       
    #177861 Time: 2013-07-21-21-05-27.145197-CEST From: DM         To: HUB        DA: silence() 

2013-07-21-21-05-27.560050-CEST  MainProcess : INFO       
    #177889 Time: 2013-07-21-21-05-27.554313-CEST From: VAD        To: HUB        Command: speech_start(fname="vad-2013-07-21-21-05-27.533665.wav") 

2013-07-21-21-05-27.565136-CEST  ASR-3      : DEBUG      
    ASR: speech_start(fname="vad-2013-07-21-21-05-27.533665.wav")

2013-07-21-21-05-27.570078-CEST  MainProcess : INFO       
    #177890 Time: 2013-07-21-21-05-27.555977-CEST From: ASR        To: HUB        Command: asr_start(fname="vad-2013-07-21-21-05-27.533665.wav") 

2013-07-21-21-05-28.466960-CEST  ASR-3      : DEBUG      
    ASR: speech_end(fname="vad-2013-07-21-21-05-27.533665.wav")

2013-07-21-21-05-28.472025-CEST  MainProcess : INFO       
    #177948 Time: 2013-07-21-21-05-28.463121-CEST From: VAD        To: HUB        Command: speech_end(fname="vad-2013-07-21-21-05-27.533665.wav") 

2013-07-21-21-05-28.856343-CEST  ASR-3      : DEBUG      
    ASR Hypothesis
    ------------------------------------------------------------
    1.000 __silence__
    0.000 __other__
    

2013-07-21-21-05-28.875129-CEST  SLU-4      : DEBUG      
    SLU Hypothesis
    ------------------------------------------------------------
    1.000 silence()
    

2013-07-21-21-05-28.880044-CEST  MainProcess : INFO       
    #177975 Time: 2013-07-21-21-05-28.868822-CEST From: ASR        To: HUB        Command: asr_end(fname="vad-2013-07-21-21-05-27.533665.wav") 

2013-07-21-21-05-28.893754-CEST  MainProcess : INFO       
    #177978 Time: 2013-07-21-21-05-28.889195-CEST From: SLU        To: HUB        Command: slu_parsed(fname="vad-2013-07-21-21-05-27.533665.wav") 

2013-07-21-21-05-28.898406-CEST  DM-5       : DEBUG      
    DDDState Dialogue Act in: silence()

2013-07-21-21-05-28.903180-CEST  DM-5       : DEBUG      
    Context Resolution - Dialogue Act: silence()

2013-07-21-21-05-28.908237-CEST  DM-5       : DEBUG      
    DDDState - Dialogue state content:
    
    ludait = silence
    silence_time = 0.0
    
    
    
    

2013-07-21-21-05-28.913110-CEST  DM-5       : DEBUG      
    DDDState - Dialogue state update
    
    Requested slots:
    {}
    Confirmed slots:
    {}
    Non-informed slots:
    {u'silence_time': 0.0}

2013-07-21-21-05-28.935003-CEST  ASR-3      : DEBUG      
    ASR: speech_start(fname="vad-2013-07-21-21-05-28.874289.wav")

2013-07-21-21-05-28.939980-CEST  MainProcess : INFO       
    #177983 Time: 2013-07-21-21-05-28.931175-CEST From: VAD        To: HUB        Command: speech_start(fname="vad-2013-07-21-21-05-28.874289.wav") 

2013-07-21-21-05-28.947210-CEST  MainProcess : INFO       
    #177984 Time: 2013-07-21-21-05-28.931466-CEST From: ASR        To: HUB        Command: asr_start(fname="vad-2013-07-21-21-05-28.874289.wav") 

2013-07-21-21-05-28.961932-CEST  DM-5       : DEBUG      
    DM Output
    ------------------------------------------------------------
    silence()
    

2013-07-21-21-05-28.979804-CEST  MainProcess : INFO       
    #177988 Time: 2013-07-21-21-05-28.975279-CEST From: DM         To: HUB        DA: silence() 

2013-07-21-21-05-29.681813-CEST  MainProcess : INFO       
    #178034 Time: 2013-07-21-21-05-29.677535-CEST From: VAD        To: HUB        Command: speech_end(fname="vad-2013-07-21-21-05-28.874289.wav") 

2013-07-21-21-05-29.686641-CEST  ASR-3      : DEBUG      
    ASR: speech_end(fname="vad-2013-07-21-21-05-28.874289.wav")

2013-07-21-21-05-30.273231-CEST  ASR-3      : DEBUG      
    ASR Hypothesis
    ------------------------------------------------------------
    1.000 __silence__
    0.000 __other__
    

2013-07-21-21-05-30.300399-CEST  SLU-4      : DEBUG      
    SLU Hypothesis
    ------------------------------------------------------------
    1.000 silence()
    

2013-07-21-21-05-30.305488-CEST  MainProcess : INFO       
    #178074 Time: 2013-07-21-21-05-30.294322-CEST From: ASR        To: HUB        Command: asr_end(fname="vad-2013-07-21-21-05-28.874289.wav") 

2013-07-21-21-05-30.323173-CEST  MainProcess : INFO       
    #178077 Time: 2013-07-21-21-05-30.319068-CEST From: SLU        To: HUB        Command: slu_parsed(fname="vad-2013-07-21-21-05-28.874289.wav") 

2013-07-21-21-05-30.327772-CEST  DM-5       : DEBUG      
    DDDState Dialogue Act in: silence()

2013-07-21-21-05-30.332128-CEST  DM-5       : DEBUG      
    Context Resolution - Dialogue Act: silence()

2013-07-21-21-05-30.336395-CEST  DM-5       : DEBUG      
    DDDState - Dialogue state content:
    
    ludait = silence
    silence_time = 0.0
    
    
    
    

2013-07-21-21-05-30.341267-CEST  DM-5       : DEBUG      
    DDDState - Dialogue state update
    
    Requested slots:
    {}
    Confirmed slots:
    {}
    Non-informed slots:
    {u'silence_time': 0.0}

2013-07-21-21-05-30.357719-CEST  MainProcess : INFO       
    #178082 Time: 2013-07-21-21-05-30.353267-CEST From: VAD        To: HUB        Command: speech_start(fname="vad-2013-07-21-21-05-30.309203.wav") 

2013-07-21-21-05-30.362226-CEST  ASR-3      : DEBUG      
    ASR: speech_start(fname="vad-2013-07-21-21-05-30.309203.wav")

2013-07-21-21-05-30.367657-CEST  MainProcess : INFO       
    #178083 Time: 2013-07-21-21-05-30.354867-CEST From: ASR        To: HUB        Command: asr_start(fname="vad-2013-07-21-21-05-30.309203.wav") 

2013-07-21-21-05-30.385914-CEST  DM-5       : DEBUG      
    DM Output
    ------------------------------------------------------------
    silence()
    

2013-07-21-21-05-30.413335-CEST  MainProcess : INFO       
    #178088 Time: 2013-07-21-21-05-30.409107-CEST From: DM         To: HUB        DA: silence() 

2013-07-21-21-05-31.596079-CEST  MainProcess : INFO       
    #178164 Time: 2013-07-21-21-05-31.591084-CEST From: VAD        To: HUB        Command: speech_end(fname="vad-2013-07-21-21-05-30.309203.wav") 

2013-07-21-21-05-31.601005-CEST  ASR-3      : DEBUG      
    ASR: speech_end(fname="vad-2013-07-21-21-05-30.309203.wav")

2013-07-21-21-05-32.498322-CEST  ASR-3      : DEBUG      
    ASR Hypothesis
    ------------------------------------------------------------
    1.000 __silence__
    0.000 __other__
    

2013-07-21-21-05-32.524839-CEST  MainProcess : INFO       
    #178223 Time: 2013-07-21-21-05-32.518553-CEST From: ASR        To: HUB        Command: asr_end(fname="vad-2013-07-21-21-05-30.309203.wav") 

2013-07-21-21-05-32.529998-CEST  SLU-4      : DEBUG      
    SLU Hypothesis
    ------------------------------------------------------------
    1.000 silence()
    

2013-07-21-21-05-32.692050-CEST  MainProcess : INFO       
    #178234 Time: 2013-07-21-21-05-32.686645-CEST From: SLU        To: HUB        Command: slu_parsed(fname="vad-2013-07-21-21-05-30.309203.wav") 

2013-07-21-21-05-32.696926-CEST  DM-5       : DEBUG      
    DDDState Dialogue Act in: silence()

2013-07-21-21-05-32.701323-CEST  DM-5       : DEBUG      
    Context Resolution - Dialogue Act: silence()

2013-07-21-21-05-32.706009-CEST  DM-5       : DEBUG      
    DDDState - Dialogue state content:
    
    ludait = silence
    silence_time = 0.0
    
    
    
    

2013-07-21-21-05-32.710320-CEST  DM-5       : DEBUG      
    DDDState - Dialogue state update
    
    Requested slots:
    {}
    Confirmed slots:
    {}
    Non-informed slots:
    {u'silence_time': 0.0}

2013-07-21-21-05-32.764545-CEST  DM-5       : DEBUG      
    DM Output
    ------------------------------------------------------------
    silence()
    

2013-07-21-21-05-32.795094-CEST  MainProcess : INFO       
    #178244 Time: 2013-07-21-21-05-32.791094-CEST From: DM         To: HUB        DA: silence() 

2013-07-21-21-05-32.838168-CEST  ASR-3      : DEBUG      
    ASR: speech_start(fname="vad-2013-07-21-21-05-32.797612.wav")

2013-07-21-21-05-32.843315-CEST  MainProcess : INFO       
    #178248 Time: 2013-07-21-21-05-32.832756-CEST From: VAD        To: HUB        Command: speech_start(fname="vad-2013-07-21-21-05-32.797612.wav") 

2013-07-21-21-05-32.849916-CEST  MainProcess : INFO       
    #178249 Time: 2013-07-21-21-05-32.834327-CEST From: ASR        To: HUB        Command: asr_start(fname="vad-2013-07-21-21-05-32.797612.wav") 

2013-07-21-21-05-33.298666-CEST  ASR-3      : DEBUG      
    ASR: speech_end(fname="vad-2013-07-21-21-05-32.797612.wav")

2013-07-21-21-05-33.303193-CEST  MainProcess : INFO       
    #178280 Time: 2013-07-21-21-05-33.293906-CEST From: VAD        To: HUB        Command: speech_end(fname="vad-2013-07-21-21-05-32.797612.wav") 

2013-07-21-21-05-33.541276-CEST  ASR-3      : DEBUG      
    ASR Hypothesis
    ------------------------------------------------------------
    1.000 __silence__
    0.000 __other__
    

2013-07-21-21-05-33.573567-CEST  SLU-4      : DEBUG      
    SLU Hypothesis
    ------------------------------------------------------------
    1.000 silence()
    

2013-07-21-21-05-33.579483-CEST  MainProcess : INFO       
    #178299 Time: 2013-07-21-21-05-33.567445-CEST From: ASR        To: HUB        Command: asr_end(fname="vad-2013-07-21-21-05-32.797612.wav") 

2013-07-21-21-05-33.601994-CEST  MainProcess : INFO       
    #178302 Time: 2013-07-21-21-05-33.595841-CEST From: SLU        To: HUB        Command: slu_parsed(fname="vad-2013-07-21-21-05-32.797612.wav") 

2013-07-21-21-05-33.606707-CEST  DM-5       : DEBUG      
    DDDState Dialogue Act in: silence()

2013-07-21-21-05-33.611857-CEST  DM-5       : DEBUG      
    Context Resolution - Dialogue Act: silence()

2013-07-21-21-05-33.617152-CEST  DM-5       : DEBUG      
    DDDState - Dialogue state content:
    
    ludait = silence
    silence_time = 0.0
    
    
    
    

2013-07-21-21-05-33.622142-CEST  DM-5       : DEBUG      
    DDDState - Dialogue state update
    
    Requested slots:
    {}
    Confirmed slots:
    {}
    Non-informed slots:
    {u'silence_time': 0.0}

2013-07-21-21-05-33.678429-CEST  DM-5       : DEBUG      
    DM Output
    ------------------------------------------------------------
    silence()
    

2013-07-21-21-05-33.711825-CEST  MainProcess : INFO       
    #178311 Time: 2013-07-21-21-05-33.707752-CEST From: DM         To: HUB        DA: silence() 

2013-07-21-21-05-34.555351-CEST  MainProcess : INFO       
    #178365 Time: 2013-07-21-21-05-34.549929-CEST From: VAD        To: HUB        Command: speech_start(fname="vad-2013-07-21-21-05-34.505303.wav") 

2013-07-21-21-05-34.560636-CEST  ASR-3      : DEBUG      
    ASR: speech_start(fname="vad-2013-07-21-21-05-34.505303.wav")

2013-07-21-21-05-34.565218-CEST  MainProcess : INFO       
    #178367 Time: 2013-07-21-21-05-34.551719-CEST From: ASR        To: HUB        Command: asr_start(fname="vad-2013-07-21-21-05-34.505303.wav") 

2013-07-21-21-05-36.730597-CEST  ASR-3      : DEBUG      
    ASR: speech_end(fname="vad-2013-07-21-21-05-34.505303.wav")

2013-07-21-21-05-36.735657-CEST  MainProcess : INFO       
    #178504 Time: 2013-07-21-21-05-36.725963-CEST From: VAD        To: HUB        Command: speech_end(fname="vad-2013-07-21-21-05-34.505303.wav") 

2013-07-21-21-05-37.354585-CEST  ASR-3      : DEBUG      
    ASR Hypothesis
    ------------------------------------------------------------
    1.000 __silence__
    0.000 __other__
    

2013-07-21-21-05-37.382098-CEST  MainProcess : INFO       
    #178546 Time: 2013-07-21-21-05-37.377315-CEST From: ASR        To: HUB        Command: asr_end(fname="vad-2013-07-21-21-05-34.505303.wav") 

2013-07-21-21-05-37.386626-CEST  SLU-4      : DEBUG      
    SLU Hypothesis
    ------------------------------------------------------------
    1.000 silence()
    

2013-07-21-21-05-37.414613-CEST  MainProcess : INFO       
    #178551 Time: 2013-07-21-21-05-37.410365-CEST From: SLU        To: HUB        Command: slu_parsed(fname="vad-2013-07-21-21-05-34.505303.wav") 

2013-07-21-21-05-37.419272-CEST  DM-5       : DEBUG      
    DDDState Dialogue Act in: silence()

2013-07-21-21-05-37.423564-CEST  DM-5       : DEBUG      
    Context Resolution - Dialogue Act: silence()

2013-07-21-21-05-37.428031-CEST  DM-5       : DEBUG      
    DDDState - Dialogue state content:
    
    ludait = silence
    silence_time = 0.0
    
    
    
    

2013-07-21-21-05-37.432526-CEST  DM-5       : DEBUG      
    DDDState - Dialogue state update
    
    Requested slots:
    {}
    Confirmed slots:
    {}
    Non-informed slots:
    {u'silence_time': 0.0}

2013-07-21-21-05-37.486552-CEST  DM-5       : DEBUG      
    DM Output
    ------------------------------------------------------------
    silence()
    

2013-07-21-21-05-37.514379-CEST  MainProcess : INFO       
    #178558 Time: 2013-07-21-21-05-37.509612-CEST From: DM         To: HUB        DA: silence() 

2013-07-21-21-05-37.828956-CEST  ASR-3      : DEBUG      
    ASR: speech_start(fname="vad-2013-07-21-21-05-37.779761.wav")

2013-07-21-21-05-37.834334-CEST  MainProcess : INFO       
    #178580 Time: 2013-07-21-21-05-37.824069-CEST From: VAD        To: HUB        Command: speech_start(fname="vad-2013-07-21-21-05-37.779761.wav") 

2013-07-21-21-05-37.843194-CEST  MainProcess : INFO       
    #178581 Time: 2013-07-21-21-05-37.824643-CEST From: ASR        To: HUB        Command: asr_start(fname="vad-2013-07-21-21-05-37.779761.wav") 

2013-07-21-21-05-38.235306-CEST  ASR-3      : DEBUG      
    ASR: speech_end(fname="vad-2013-07-21-21-05-37.779761.wav")

2013-07-21-21-05-38.240579-CEST  MainProcess : INFO       
    #178609 Time: 2013-07-21-21-05-38.231189-CEST From: VAD        To: HUB        Command: speech_end(fname="vad-2013-07-21-21-05-37.779761.wav") 

2013-07-21-21-05-38.428568-CEST  ASR-3      : DEBUG      
    ASR Hypothesis
    ------------------------------------------------------------
    1.000 __silence__
    0.000 __other__
    

2013-07-21-21-05-38.469112-CEST  MainProcess : INFO       
    #178624 Time: 2013-07-21-21-05-38.463245-CEST From: ASR        To: HUB        Command: asr_end(fname="vad-2013-07-21-21-05-37.779761.wav") 

2013-07-21-21-05-38.474024-CEST  SLU-4      : DEBUG      
    SLU Hypothesis
    ------------------------------------------------------------
    1.000 silence()
    

2013-07-21-21-05-38.507456-CEST  DM-5       : DEBUG      
    DDDState Dialogue Act in: silence()

2013-07-21-21-05-38.512039-CEST  MainProcess : INFO       
    #178629 Time: 2013-07-21-21-05-38.502324-CEST From: SLU        To: HUB        Command: slu_parsed(fname="vad-2013-07-21-21-05-37.779761.wav") 

2013-07-21-21-05-38.516467-CEST  DM-5       : DEBUG      
    Context Resolution - Dialogue Act: silence()

2013-07-21-21-05-38.521097-CEST  DM-5       : DEBUG      
    DDDState - Dialogue state content:
    
    ludait = silence
    silence_time = 0.0
    
    
    
    

2013-07-21-21-05-38.525483-CEST  DM-5       : DEBUG      
    DDDState - Dialogue state update
    
    Requested slots:
    {}
    Confirmed slots:
    {}
    Non-informed slots:
    {u'silence_time': 0.0}

2013-07-21-21-05-38.583297-CEST  DM-5       : DEBUG      
    DM Output
    ------------------------------------------------------------
    silence()
    

2013-07-21-21-05-38.618328-CEST  MainProcess : INFO       
    #178638 Time: 2013-07-21-21-05-38.614376-CEST From: DM         To: HUB        DA: silence() 

2013-07-21-21-05-40.008634-CEST  MainProcess : INFO       
    #178684 Time: 2013-07-21-21-05-39.340949-CEST From: VoipIO     To: HUB        Command: play_utterance_end(user_id="None",fname="tts-2013-07-21-21-05-23.537290.wav) 

2013-07-21-21-05-42.709482-CEST  MainProcess : INFO       
    #178896 Time: 2013-07-21-21-05-42.705185-CEST From: VAD        To: HUB        Command: speech_start(fname="vad-2013-07-21-21-05-42.648931.wav") 

2013-07-21-21-05-42.714705-CEST  ASR-3      : DEBUG      
    ASR: speech_start(fname="vad-2013-07-21-21-05-42.648931.wav")

2013-07-21-21-05-42.720592-CEST  MainProcess : INFO       
    #178897 Time: 2013-07-21-21-05-42.705385-CEST From: ASR        To: HUB        Command: asr_start(fname="vad-2013-07-21-21-05-42.648931.wav") 

2013-07-21-21-05-48.692922-CEST  ASR-3      : DEBUG      
    ASR: speech_end(fname="vad-2013-07-21-21-05-42.648931.wav")

2013-07-21-21-05-48.698377-CEST  MainProcess : INFO       
    #179273 Time: 2013-07-21-21-05-48.686997-CEST From: VAD        To: HUB        Command: speech_end(fname="vad-2013-07-21-21-05-42.648931.wav") 

2013-07-21-21-05-49.937790-CEST  ASR-3      : DEBUG      
    ASR Hypothesis
    ------------------------------------------------------------
    0.657 chtěl bych jet stanice nádraží holešovice do stanice českolipská
    0.076 chtěl bych jet stanice a nádraží holešovice do stanice českolipská
    0.067 chtěl bych jet stanice nádraží holešovice stanice českolipská
    0.057 chtěl bych se stanice nádraží holešovice do stanice českolipská
    0.048 chtěl bych jet stanice a nádraží holešovice stanice českolipská
    0.038 chtěl bych se stanice a nádraží holešovice do stanice českolipská
    0.029 chtěl bych se stanice nádraží holešovice stanice českolipská
    0.019 chtěl bych se stanice a nádraží holešovice stanice českolipská
    0.010 chtěl bych jet se stanice nádraží holešovice do stanice českolipská
    0.000 __other__
    

2013-07-21-21-05-49.970677-CEST  MainProcess : INFO       
    #179354 Time: 2013-07-21-21-05-49.965683-CEST From: ASR        To: HUB        Command: asr_end(fname="vad-2013-07-21-21-05-42.648931.wav") 

2013-07-21-21-05-50.588144-CEST  SLU-4      : DEBUG      
    SLU Hypothesis
    ------------------------------------------------------------
    0.838 inform(to_stop="Českolipská")
    0.838 inform(from_stop="Nádraží Holešovice")
    0.162 inform(="Českolipská")
    0.162 inform(="Nádraží Holešovice")
    

2013-07-21-21-05-50.632201-CEST  MainProcess : INFO       
    #179397 Time: 2013-07-21-21-05-50.626595-CEST From: SLU        To: HUB        Command: slu_parsed(fname="vad-2013-07-21-21-05-42.648931.wav") 

2013-07-21-21-05-50.636978-CEST  DM-5       : DEBUG      
    DDDState Dialogue Act in: inform(to_stop="Českolipská")&inform(from_stop="Nádraží Holešovice")

2013-07-21-21-05-50.641352-CEST  DM-5       : DEBUG      
    Context Resolution - Dialogue Act: inform(to_stop="Českolipská")&inform(from_stop="Nádraží Holešovice")

2013-07-21-21-05-50.645991-CEST  DM-5       : DEBUG      
    DDDState - Dialogue state content:
    
    ludait = none
    from_stop = Nádraží Holešovice
    silence_time = 0.0
    to_stop = Českolipská
    
    
    
    

2013-07-21-21-05-50.650566-CEST  DM-5       : DEBUG      
    DDDState - Dialogue state update
    
    Requested slots:
    {}
    Confirmed slots:
    {}
    Non-informed slots:
    {u'to_stop': u'\u010ceskolipsk\xe1', u'silence_time': 0.0, u'from_stop': u'N\xe1dra\u017e\xed Hole\u0161ovice'}

2013-07-21-21-05-51.043263-CEST  DM-5       : DEBUG      
    DM Output
    ------------------------------------------------------------
    iconfirm(to_stop="Českolipská")&iconfirm(from_stop="Nádraží Holešovice")&inform(found_directions="true")&inform(alternative="1")&inform(vehicle="BUS")&inform(line="201")&inform(go_at="09:13")&inform(enter_at="Nádraží Holešovice")&inform(headsign="Bakovská")&inform(exit_at="Českolipská")
    

2013-07-21-21-05-51.086071-CEST  MainProcess : INFO       
    #179428 Time: 2013-07-21-21-05-51.080096-CEST From: DM         To: HUB        DA: iconfirm(to_stop="Českolipská")&iconfirm(from_stop="Nádraží Holešovice")&inform(found_directions="true")&inform(alternative="1")&inform(vehicle="BUS")&inform(line="201")&inform(go_at="09:13")&inform(enter_at="Nádraží Holešovice")&inform(headsign="Bakovská")&inform(exit_at="Českolipská") 

2013-07-21-21-05-51.095809-CEST  NLG-6      : DEBUG      
    #179429 Time: 2013-07-21-21-05-51.089357-CEST From: HUB        To: NLG        DA: iconfirm(to_stop="Českolipská")&iconfirm(from_stop="Nádraží Holešovice")&inform(found_directions="true")&inform(alternative="1")&inform(vehicle="BUS")&inform(line="201")&inform(go_at="09:13")&inform(enter_at="Nádraží Holešovice")&inform(headsign="Bakovská")&inform(exit_at="Českolipská") 

2013-07-21-21-05-51.228655-CEST  NLG-6      : DEBUG      
    NLG Output
    ------------------------------------------------------------
    Chcete jet do zastávky Českolipská. Dobře, ze zastávky Nádraží Holešovice. Našla jsem následující spojení. Možnost první. Jeďte autobusem číslo 201 v 09:13 ze zastávky Nádraží Holešovice směrem Bakovská. Vystupte na zastávce Českolipská.
    

2013-07-21-21-05-51.269475-CEST  MainProcess : INFO       
    #179441 Time: 2013-07-21-21-05-51.263404-CEST From: NLG        To: HUB        Command: nlg_text_generated() 

2013-07-21-21-05-51.273776-CEST  MainProcess : INFO       
    #179443 Time: 2013-07-21-21-05-51.264547-CEST From: TTS        To: HUB        Command: tts_start(user_id="None",text="Chcete jet do zastávky Českolipská. Dobře, ze zastávky Nádraží Holešovice. Našla jsem následující spojení. Možnost první. Jeďte autobusem číslo 201 v 09:13 ze zastávky Nádraží Holešovice směrem Bakovská. Vystupte na zastávce Českolipská.") 

2013-07-21-21-05-51.331966-CEST  MainProcess : INFO       
    #179446 Time: 2013-07-21-21-05-51.273888-CEST From: VoipIO     To: HUB        Command: play_utterance_start(user_id="None",fname="tts-2013-07-21-21-05-51.264351.wav") 

2013-07-21-21-05-54.857492-CEST  VoipIO-1   : DEBUG      
    CallCallback::on_state : Call with "777722783" <sip:777722783@195.113.20.160> is DISCONNCTD last code = 200 (Normal call clearing)

2013-07-21-21-05-54.953425-CEST  VoipIO-1   : DEBUG      
    VoipIO::on_call_disconnected

2013-07-21-21-05-54.959618-CEST  MainProcess : INFO       
    #180305 Time: 2013-07-21-21-05-54.954596-CEST From: VoipIO     To: HUB        Command: call_disconnected(remote_uri="777722783") 

