2013-09-08-19-24-34.981186-CEST  VoipIO-1   : DEBUG      
    CallCallback::on_state : Call with "777722783" <sip:777722783@195.113.20.160> is CONNECTING last code = 200 (OK)

2013-09-08-19-24-34.984538-CEST  VoipIO-1   : DEBUG      
    VoipIO::on_call_connecting

2013-09-08-19-24-34.988489-CEST  VoipIO-1   : DEBUG      
    CallCallback::on_state : Call with "777722783" <sip:777722783@195.113.20.160> is CONFIRMED last code = 200 (OK)

2013-09-08-19-24-35.006973-CEST  MainProcess : SYSTEM-LOG 
    config = { 'ASR': { 'Google': { 'debug': False, 'language': 'cs', 'maxresults': 20},
               'Julius': { 'adinnetport': 5530,
                           'binary': '/usr/local/bin/julius',
                           'debug': False,
                           'hostname': 'localhost',
                           'jconf': { '-adport': '5530',
                                      '-b': '1000',
                                      '-b2': '100',
                                      '-cmnload': 'cmn.param',
                                      '-cmnmapweight': '200',
                                      '-cmnsave': 'cmn.param',
                                      '-confnet': '',
                                      '-fallback1pass': '',
                                      '-gprune': 'safe',
                                      '-h': '/mnt/h/jurcicek/vystadial-git-prd/alex/resources/asr/voip_en/hmmdefs',
                                      '-hlist': '/mnt/h/jurcicek/vystadial-git-prd/alex/resources/asr/voip_en/tiedlist',
                                      '-htkconf': '/mnt/h/jurcicek/vystadial-git-prd/alex/resources/asr/voip_en/config',
                                      '-input': 'adinnet',
                                      '-iwsp': '',
                                      '-iwsppenalty': '0.0',
                                      '-lmp': '15.0 0.0',
                                      '-lmp2': '15.0 0.0',
                                      '-mapunk': 'UM',
                                      '-module': '10500',
                                      '-n': '50',
                                      '-nlr': '/mnt/h/jurcicek/vystadial-git-prd/alex/resources/lm/caminfo/julius_arpa_bigram',
                                      '-no_ccd': '',
                                      '-nrl': '/mnt/h/jurcicek/vystadial-git-prd/alex/resources/lm/caminfo/julius_arpa_rev_bigram',
                                      '-silhead': '<s>',
                                      '-siltail': '</s>',
                                      '-spmodel': 'sp',
                                      '-tmix': '4',
                                      '-v': '/mnt/h/jurcicek/vystadial-git-prd/alex/resources/lm/caminfo/julius_dict'},
                           'jconffile': 'julius.jconf',
                           'killall': False,
                           'logfile': 'julius.log',
                           'msg_timeout': 0.3,
                           'pidfile': 'julius.pid',
                           'reuse_server': False,
                           'serverport': 10500,
                           'start_max_wait_time': 15,
                           'start_wait_time': 0.5,
                           'timeout': 2.0},
               'Kaldi': { 'LM_scale': -6666.66,
                          'hypothesis_type': 'nblist',
                          'lat_depth': 666666,
                          'model': 'TODO_path_to_model'},
               'debug': True,
               'type': 'Google'},
      'AlexOnTheBus': { 'max_turns': 120},
      'Analytics': Analytics(account_id='UA-41905278-1', domain_name='cuni.cz'),
      'Audio': { 'sample_rate': 16000, 'samples_per_frame': 256},
      'AudioIO': { 'debug': True, 'output_dir': './aio_call_log', 'play_buffer_size': 1024},
      'DM': { 'PUfalRuleDM': { 'code_submit_url': None,
                               'db_cfg': '/mnt/h/jurcicek/vystadial-git-prd/alex/resources/../applications/CamInfoRest/cued_data/CIRdbase_V7_noloc.txt',
                               'ontology': '/mnt/h/jurcicek/vystadial-git-prd/alex/resources/../applications/CamInfoRest/ontology.cfg',
                               'provide_code': False},
              'UfalRuleDM': { 'code_submit_url': None,
                              'db_cfg': '/mnt/h/jurcicek/vystadial-git-prd/alex/resources/../applications/CamInfoRest/cued_data/CIRdbase_V7_noloc.txt',
                              'ontology': '/mnt/h/jurcicek/vystadial-git-prd/alex/resources/../applications/CamInfoRest/ontology.cfg',
                              'provide_code': False},
              'basic': { 'debug': True, 'silence_timeout': 10.0},
              'debug': True,
              'dialogue_policy': { 'type': <class 'alex.applications.AlexOnTheBus.aotb_hdc_policy.AOTBHDCPolicy'>},
              'dialogue_state': { 'type': <class 'alex.components.dm.dddstate.DeterministicDiscriminativeDialogueState'>},
              'input_timeout': 3.0,
              'ontology': '/mnt/h/jurcicek/vystadial-git-prd/alex/applications/AlexOnTheBus/data/ontology.py',
              'type': 'basic'},
      'General': { 'debug': False, 'include': ['/mnt/h/jurcicek/vystadial-git-prd/alex/resources/private/default.cfg']},
      'Hub': { 'history_file': 'hub_history_hub.txt', 'history_length': 1000, 'main_loop_sleep_time': 0.002},
      'Logging': { 'excepthook': ExceptionHook(
            ExceptionHook
              Hook Type: log
              Hook Logger: SystemLogger(output_dir=./call_logs, stdout_log_level='DEBUG', stdout=True, file_log_level='DEBUG')),
                   'session_logger': SessionLogger(),
                   'system_logger': SystemLogger(output_dir=/net/projects/vystadial/data/call-logs/2013-05-30-alex-aotb-prototype/new, stdout_log_level='DEBUG', stdout=True, file_log_level='DEBUG'),
                   'system_name': u'Alex On The Bus - Live',
                   'version': u'1.0'},
      'NLG': { 'Template': { 'model': '/mnt/h/jurcicek/vystadial-git-prd/alex/applications/AlexOnTheBus/nlg_templates.cfg'},
               'debug': True,
               'type': 'Template'},
      'SHub': { 'history_file': 'hub_history_shub.txt', 'history_length': 1000},
      'SLU': { 'cl-tracing': { 'cldb_fname': '/mnt/h/jurcicek/vystadial-git-prd/alex/applications/CamInfoRest/data/database.py',
                               'do_preprocessing': True,
                               'features_type': ('ngram', 'ab_ngram'),
                               'testing': { 'max_examples': None,
                                            'min_perc': 80,
                                            'model_fname': '/mnt/h/jurcicek/vystadial-git-prd/alex/applications/CamInfoRest/models/130516_minf60-minfc35-mind60.slu_model.gz',
                                            'renormalise': True,
                                            'threshold': None,
                                            'vanilla': True},
                               'training': { 'abstractions': ('abstract',), 'models_dir': 'models'}},
               'debug': True,
               'type': <class 'alex.applications.AlexOnTheBus.aotb_slu.AOTBSLU'>,
               <class 'alex.applications.AlexOnTheBus.aotb_slu.AOTBSLU'>: { 'cldb_fname': '/mnt/h/jurcicek/vystadial-git-prd/alex/applications/AlexOnTheBus/data/database.py',
                                                                            'preprocessing_cls': <class 'alex.applications.AlexOnTheBus.aotb_preprocessing.AOTBSLUPreprocessing'>,
                                                                            'training': { 'models_dir': 'models'}}},
      'THub': { 'history_file': 'hub_history_thub.txt', 'history_length': 1000},
      'TTS': { 'Flite': { 'debug': False,
                          'preprocessing': '/mnt/h/jurcicek/vystadial-git-prd/alex/resources/tts/prep_flite_en.cfg',
                          'tempo': 1.0,
                          'voice': 'kal16'},
               'Google': { 'debug': False,
                           'language': 'en',
                           'preprocessing': '/mnt/h/jurcicek/vystadial-git-prd/alex/resources/tts/prep_google_en.cfg',
                           'tempo': 1.0},
               'SpeechTech': { 'debug': True,
                               'login': 'filipjurcicek',
    # this line was removed since it included a password
                               'preprocessing': '/mnt/h/jurcicek/vystadial-git-prd/alex/resources/tts/prep_speechtech_cs.cfg',
                               'tempo': 1.2,
                               'voice': 'Iva210'},
               'VoiceRSS': { 'api_key': '3b6a9fca5d724b1c8ac34691586cdda1'},
               'VoiceRss': { 'language': 'en-gb',
                             'preprocessing': '/mnt/h/jurcicek/vystadial-git-prd/alex/resources/tts/prep_voicerss_en.cfg',
                             'tempo': 1.0},
               'debug': True,
               'in_between_segments_silence': 0.05,
               'type': 'SpeechTech'},
      'VAD': { 'debug': False,
               'decision_frames_sil': 25,
               'decision_frames_speech': 10,
               'decision_non_speech_threshold': 0.2,
               'decision_speech_threshold': 0.7,
               'gmm': { 'ceplifter': 22,
                        'enormalise': True,
                        'filter_length': 5,
                        'frameshift': 160,
                        'framesize': 512,
                        'frontend': 'MFCC',
                        'hifreq': 3800,
                        'lofreq': 125,
                        'numceps': 12,
                        'numchans': 26,
                        'preemcoef': 0.97,
                        'sil_model': '/mnt/h/jurcicek/vystadial-git-prd/alex/resources/vad/voip_en/vad_sil_sds_mfcc_m064_f100000.gmm',
                        'speech_model': '/mnt/h/jurcicek/vystadial-git-prd/alex/resources/vad/voip_en/vad_speech_sds_mfcc_m064_f100000.gmm',
                        'useacc': True,
                        'usec0': False,
                        'usecmn': False,
                        'usedelta': True,
                        'usehamming': True,
                        'usepower': True,
                        'zmeansource': True},
               'power': { 'adaptation_frames': 30, 'threshold': 70, 'threshold_multiplier': 1.0},
               'speech_buffer_frames': 20,
               'type': 'gmm'},
      'VoipHub': { 'blacklist_for': 7200,
                   'call_db': u'/net/projects/vystadial/data/call-logs/2013-05-30-alex-aotb-prototype/new/call_db.pckl',
                   'hard_time_limit': 360,
                   'hard_turn_limit': 120,
                   'history_length': 1000,
                   'last_period_max_num_calls': 20,
                   'last_period_max_total_time': 1800,
                   'limit_reached_message': u'D\u011bkujeme za zavol\xe1n\xed, ale u\u017e jste volali hodn\u011b. Pros\xedm zavolejte pozd\u011bji. Na shledanou.',
                   'period': 172800,
                   'pid_file': u'/net/projects/vystadial/data/call-logs/2013-05-30-alex-aotb-prototype/new/vhub_live.pid',
                   'wait_time_before_calling_back': 10},
      'VoipIO': { 'allowed_hosts': '',
                  'allowed_phone_numbers': '(^[234567])',
                  'allowed_users': '(^[234567])',
                  'debug': True,
                  'domain': 'vystadial.ms.mff.cuni.cz',
                  'forbidden_hosts': '',
                  'forbidden_phone_number': '(^112$|^150$|^155$|^156$|^158$)',
                  'forbidden_users': '(^112$|^150$|^155$|^156$|^158$)',
    # this line was removed since it included a password
                  'pjsip_log_level': 3,
                  'reject_calls': False,
                  'user': '800899998'},
      'WebHub': { 'port': 8000},
      'corpustools': { 'get_jasr_confnets': { 'frame_size': 256, 'rt_ratio': 0.2}}}

2013-09-08-19-24-35.020393-CEST  VoipIO-1   : DEBUG      
    VoipIO::on_call_confirmed

2013-09-08-19-24-35.066639-CEST  MainProcess : INFO       
    #3448   Time: 2013-09-08-19-24-34.985528-CEST From: VoipIO     To: HUB        Command: call_connecting(remote_uri="777722783") 

2013-09-08-19-24-35.072822-CEST  MainProcess : INFO       
    #3449   Time: 2013-09-08-19-24-35.021343-CEST From: VoipIO     To: HUB        Command: call_confirmed(remote_uri="777722783") 

2013-09-08-19-24-35.080380-CEST  MainProcess : INFO       
    
    ========================================================================================================================
    Incoming call from :          777722783
    ------------------------------------------------------------------------------------------------------------------------
    Total calls:                  24
    Total time (min):             29.9
    Last period total calls:      2
    Last period total time (min): 0.4
    ------------------------------------------------------------------------------------------------------------------------
    CALL ACCEPTED
    ========================================================================================================================
    

2013-09-08-19-24-35.083769-CEST  DM-5       : DEBUG      
    #3453   Time: 2013-09-08-19-24-35.077684-CEST From: HUB        To: DM         Command: new_dialogue() 

2013-09-08-19-24-35.099485-CEST  DM-5       : DEBUG      
    DM Output
    ------------------------------------------------------------
    hello()
    

2013-09-08-19-24-35.112305-CEST  MainProcess : INFO       
    #3454   Time: 2013-09-08-19-24-35.107979-CEST From: DM         To: HUB        DA: hello() 

2013-09-08-19-24-35.117335-CEST  NLG-6      : DEBUG      
    #3455   Time: 2013-09-08-19-24-35.113721-CEST From: HUB        To: NLG        DA: hello() 

2013-09-08-19-24-35.121021-CEST  NLG-6      : DEBUG      
    NLG Output
    ------------------------------------------------------------
    Dobrý den, dovolali jste se na informace o veřejné dopravě v Praze. Tato experimentální služba je poskytována laboratoří výzkumu hlasových dialogových systémů na Ústavu Formální a Aplikované Lingvistiky na Karlově Univerzitě. Hovor je nahráván. Více informací o této službě je na internetu. Jak Vám mohu pomoci. 
    

2013-09-08-19-24-35.131457-CEST  MainProcess : INFO       
    #3456   Time: 2013-09-08-19-24-35.127410-CEST From: NLG        To: HUB        Command: nlg_text_generated() 

2013-09-08-19-24-35.136504-CEST  MainProcess : INFO       
    #3458   Time: 2013-09-08-19-24-35.128379-CEST From: TTS        To: HUB        Command: tts_start(user_id="None",text="Dobrý den, dovolali jste se na informace o veřejné dopravě v Praze. Tato experimentální služba je poskytována laboratoří výzkumu hlasových dialogových systémů na Ústavu Formální a Aplikované Lingvistiky na Karlově Univerzitě. Hovor je nahráván. Více informací o této službě je na internetu. Jak Vám mohu pomoci. ") 

2013-09-08-19-24-35.149993-CEST  MainProcess : INFO       
    #3460   Time: 2013-09-08-19-24-35.133010-CEST From: VoipIO     To: HUB        Command: play_utterance_start(user_id="None",fname="tts-2013-09-08-19-24-35.128191.wav") 

2013-09-08-19-24-35.505765-CEST  MainProcess : INFO       
    #4678   Time: 2013-09-08-19-24-35.496298-CEST From: TTS        To: HUB        Command: tts_end(user_id="None",text="Dobrý den, dovolali jste se na informace o veřejné dopravě v Praze. Tato experimentální služba je poskytována laboratoří výzkumu hlasových dialogových systémů na Ústavu Formální a Aplikované Lingvistiky na Karlově Univerzitě. Hovor je nahráván. Více informací o této službě je na internetu. Jak Vám mohu pomoci. ",fname="tts-2013-09-08-19-24-35.128191.wav",log="true") 

2013-09-08-19-24-38.715644-CEST  MainProcess : INFO       
    #4880   Time: 2013-09-08-19-24-38.712469-CEST From: VAD        To: HUB        Command: speech_start(fname="vad-2013-09-08-19-24-38.692175.wav") 

2013-09-08-19-24-38.719444-CEST  ASR-3      : DEBUG      
    ASR: speech_start(fname="vad-2013-09-08-19-24-38.692175.wav")

2013-09-08-19-24-38.733100-CEST  MainProcess : INFO       
    #4881   Time: 2013-09-08-19-24-38.713650-CEST From: ASR        To: HUB        Command: asr_start(fname="vad-2013-09-08-19-24-38.692175.wav") 

2013-09-08-19-24-40.335350-CEST  ASR-3      : DEBUG      
    ASR: speech_end(fname="vad-2013-09-08-19-24-38.692175.wav")

2013-09-08-19-24-40.344503-CEST  MainProcess : INFO       
    #4987   Time: 2013-09-08-19-24-40.331950-CEST From: VAD        To: HUB        Command: speech_end(fname="vad-2013-09-08-19-24-38.692175.wav") 

2013-09-08-19-24-40.742576-CEST  ASR-3      : DEBUG      
    ASR Hypothesis
    ------------------------------------------------------------
    1.000 __silence__
    0.000 __other__
    

2013-09-08-19-24-40.761870-CEST  MainProcess : INFO       
    #5012   Time: 2013-09-08-19-24-40.758297-CEST From: ASR        To: HUB        Command: asr_end(fname="vad-2013-09-08-19-24-38.692175.wav") 

2013-09-08-19-24-40.765795-CEST  SLU-4      : DEBUG      
    SLU Hypothesis
    ------------------------------------------------------------
    1.000 silence()
    

2013-09-08-19-24-40.794503-CEST  DM-5       : DEBUG      
    DDDState Dialogue Act in: silence()

2013-09-08-19-24-40.798326-CEST  MainProcess : INFO       
    #5018   Time: 2013-09-08-19-24-40.790290-CEST From: SLU        To: HUB        Command: slu_parsed(fname="vad-2013-09-08-19-24-38.692175.wav") 

2013-09-08-19-24-40.801908-CEST  DM-5       : DEBUG      
    Context Resolution - Dialogue Act: silence()

2013-09-08-19-24-40.805734-CEST  DM-5       : DEBUG      
    DDDState - Dialogue state content:
    
    ludait = silence
    silence_time = 0.0
    
    
    
    

2013-09-08-19-24-40.809290-CEST  DM-5       : DEBUG      
    DDDState - Dialogue state update
    
    Requested slots:
    {}
    Confirmed slots:
    {}
    Non-informed slots:
    {u'silence_time': 0.0}

2013-09-08-19-24-40.832140-CEST  DM-5       : DEBUG      
    DM Output
    ------------------------------------------------------------
    silence()
    

2013-09-08-19-24-40.847199-CEST  MainProcess : INFO       
    #5024   Time: 2013-09-08-19-24-40.842683-CEST From: DM         To: HUB        DA: silence() 

2013-09-08-19-24-52.740405-CEST  VoipIO-1   : INFO       
    19:24:52.737    pjsua_acc.c  ....<sip:800899998@vystadial.ms.mff.cuni.cz>: registration success, status=200 (OK), will re-register in 300 seconds
    

2013-09-08-19-24-54.164454-CEST  MainProcess : INFO       
    #5825   Time: 2013-09-08-19-24-53.663138-CEST From: VoipIO     To: HUB        Command: play_utterance_end(user_id="None",fname="tts-2013-09-08-19-24-35.128191.wav) 

2013-09-08-19-24-55.714073-CEST  MainProcess : INFO       
    #5955   Time: 2013-09-08-19-24-55.710960-CEST From: VAD        To: HUB        Command: speech_start(fname="vad-2013-09-08-19-24-55.685619.wav") 

2013-09-08-19-24-55.718035-CEST  ASR-3      : DEBUG      
    ASR: speech_start(fname="vad-2013-09-08-19-24-55.685619.wav")

2013-09-08-19-24-55.724976-CEST  MainProcess : INFO       
    #5956   Time: 2013-09-08-19-24-55.711949-CEST From: ASR        To: HUB        Command: asr_start(fname="vad-2013-09-08-19-24-55.685619.wav") 

2013-09-08-19-24-57.170898-CEST  ASR-3      : DEBUG      
    ASR: speech_end(fname="vad-2013-09-08-19-24-55.685619.wav")

2013-09-08-19-24-57.177361-CEST  MainProcess : INFO       
    #6050   Time: 2013-09-08-19-24-57.167483-CEST From: VAD        To: HUB        Command: speech_end(fname="vad-2013-09-08-19-24-55.685619.wav") 

2013-09-08-19-24-57.632339-CEST  MainProcess : INFO       
    #6080   Time: 2013-09-08-19-24-57.628087-CEST From: VAD        To: HUB        Command: speech_start(fname="vad-2013-09-08-19-24-57.611777.wav") 

2013-09-08-19-24-57.755513-CEST  ASR-3      : DEBUG      
    ASR Hypothesis
    ------------------------------------------------------------
    0.494 sebou stanice
    0.051 třebovice stanice
    0.048 přebuz stanice
    0.045 třebovská stanice
    0.043 sebus stanice
    0.040 třeboň stanice
    0.037 sebou se stanice
    0.035 stanice
    0.032 přebuz panice
    0.029 sebou se staň se
    0.027 třeboň přestaň se
    0.024 sebou stanici
    0.021 třeba se stanice
    0.019 třeboň se stanice
    0.016 přebuz se stanice
    0.013 třebíč stanice
    0.011 třebovice stanici
    0.008 sebou staň se
    0.005 přestaň se
    0.003 třeboň přestaňte se
    0.000 __other__
    

2013-09-08-19-24-57.772840-CEST  MainProcess : INFO       
    #6089   Time: 2013-09-08-19-24-57.769241-CEST From: ASR        To: HUB        Command: asr_end(fname="vad-2013-09-08-19-24-55.685619.wav") 

2013-09-08-19-24-57.781566-CEST  ASR-3      : DEBUG      
    ASR: speech_start(fname="vad-2013-09-08-19-24-57.611777.wav")

2013-09-08-19-24-57.785334-CEST  MainProcess : INFO       
    #6091   Time: 2013-09-08-19-24-57.773241-CEST From: ASR        To: HUB        Command: asr_start(fname="vad-2013-09-08-19-24-57.611777.wav") 

2013-09-08-19-25-00.131528-CEST  ASR-3      : DEBUG      
    ASR: speech_end(fname="vad-2013-09-08-19-24-57.611777.wav")

2013-09-08-19-25-00.135392-CEST  MainProcess : INFO       
    #6241   Time: 2013-09-08-19-25-00.127799-CEST From: VAD        To: HUB        Command: speech_end(fname="vad-2013-09-08-19-24-57.611777.wav") 

2013-09-08-19-25-00.318425-CEST  MainProcess : INFO       
    #6255   Time: 2013-09-08-19-25-00.308612-CEST From: VAD        To: HUB        Command: speech_start(fname="vad-2013-09-08-19-25-00.257010.wav") 

2013-09-08-19-25-00.394144-CEST  SLU-4      : DEBUG      
    SLU Hypothesis
    ------------------------------------------------------------
    1.000 other()
    

2013-09-08-19-25-00.417261-CEST  MainProcess : INFO       
    #6260   Time: 2013-09-08-19-25-00.412909-CEST From: SLU        To: HUB        Command: slu_parsed(fname="vad-2013-09-08-19-24-55.685619.wav") 

2013-09-08-19-25-00.420932-CEST  DM-5       : DEBUG      
    DDDState Dialogue Act in: other()

2013-09-08-19-25-00.424599-CEST  DM-5       : DEBUG      
    Context Resolution - Dialogue Act: other()

2013-09-08-19-25-00.428027-CEST  DM-5       : DEBUG      
    DDDState - Dialogue state content:
    
    ludait = other
    silence_time = 0.0
    
    
    
    

2013-09-08-19-25-00.431555-CEST  DM-5       : DEBUG      
    DDDState - Dialogue state update
    
    Requested slots:
    {}
    Confirmed slots:
    {}
    Non-informed slots:
    {u'silence_time': 0.0}

2013-09-08-19-25-00.468210-CEST  DM-5       : DEBUG      
    DM Output
    ------------------------------------------------------------
    notunderstood()&help(inform="from_stop")
    

2013-09-08-19-25-00.494512-CEST  MainProcess : INFO       
    #6270   Time: 2013-09-08-19-25-00.490837-CEST From: DM         To: HUB        DA: notunderstood()&help(inform="from_stop") 

2013-09-08-19-25-00.503853-CEST  NLG-6      : DEBUG      
    #6271   Time: 2013-09-08-19-25-00.499477-CEST From: HUB        To: NLG        DA: notunderstood()&help(inform="from_stop") 

2013-09-08-19-25-00.507902-CEST  NLG-6      : DEBUG      
    NLG Output
    ------------------------------------------------------------
    Nerozuměla jsem. Můžete to zopakovat? Můžete například říct chtěl bych jet z Anděla.
    

2013-09-08-19-25-00.540103-CEST  MainProcess : INFO       
    #6272   Time: 2013-09-08-19-25-00.536736-CEST From: NLG        To: HUB        Command: nlg_text_generated() 

2013-09-08-19-25-00.545773-CEST  MainProcess : INFO       
    #6274   Time: 2013-09-08-19-25-00.541231-CEST From: TTS        To: HUB        Command: tts_start(user_id="None",text="Nerozuměla jsem. Můžete to zopakovat? Můžete například říct chtěl bych jet z Anděla.") 

2013-09-08-19-25-00.565942-CEST  MainProcess : INFO       
    #6276   Time: 2013-09-08-19-25-00.544525-CEST From: VoipIO     To: HUB        Command: play_utterance_start(user_id="None",fname="tts-2013-09-08-19-25-00.537820.wav") 

2013-09-08-19-25-00.760581-CEST  MainProcess : INFO       
    #6649   Time: 2013-09-08-19-25-00.755897-CEST From: TTS        To: HUB        Command: tts_end(user_id="None",text="Nerozuměla jsem. Můžete to zopakovat? Můžete například říct chtěl bych jet z Anděla.",fname="tts-2013-09-08-19-25-00.537820.wav",log="true") 

2013-09-08-19-25-00.900477-CEST  ASR-3      : DEBUG      
    ASR Hypothesis
    ------------------------------------------------------------
    0.933 nádraží holešovice
    0.027 nádraží holešovice dostat
    0.020 nádraží holešovice lustr
    0.013 nádraží holešovice dost
    0.007 nádraží holešovice vztah
    0.000 __other__
    

2013-09-08-19-25-00.920802-CEST  MainProcess : INFO       
    #6658   Time: 2013-09-08-19-25-00.916908-CEST From: ASR        To: HUB        Command: asr_end(fname="vad-2013-09-08-19-24-57.611777.wav") 

2013-09-08-19-25-00.924429-CEST  ASR-3      : DEBUG      
    ASR: speech_start(fname="vad-2013-09-08-19-25-00.257010.wav")

2013-09-08-19-25-00.927982-CEST  MainProcess : INFO       
    #6660   Time: 2013-09-08-19-25-00.919855-CEST From: ASR        To: HUB        Command: asr_start(fname="vad-2013-09-08-19-25-00.257010.wav") 

2013-09-08-19-25-01.341858-CEST  SLU-4      : DEBUG      
    SLU Hypothesis
    ------------------------------------------------------------
    1.000 inform(="Nádraží Holešovice")
    

2013-09-08-19-25-01.368718-CEST  MainProcess : INFO       
    #6689   Time: 2013-09-08-19-25-01.363902-CEST From: SLU        To: HUB        Command: slu_parsed(fname="vad-2013-09-08-19-24-57.611777.wav") 

2013-09-08-19-25-01.372465-CEST  DM-5       : DEBUG      
    DDDState Dialogue Act in: inform(="Nádraží Holešovice")

2013-09-08-19-25-01.376335-CEST  DM-5       : DEBUG      
    Context Resolution - Dialogue Act: inform(="Nádraží Holešovice")

2013-09-08-19-25-01.380343-CEST  DM-5       : DEBUG      
    DDDState - Dialogue state content:
    
    ludait = none
    alternative = none
    from_stop = none
    route_alternative = none
    silence_time = 0.0
    
    
    
    

2013-09-08-19-25-01.384359-CEST  DM-5       : DEBUG      
    DDDState - Dialogue state update
    
    Requested slots:
    {}
    Confirmed slots:
    {}
    Non-informed slots:
    {u'silence_time': 0.0}

2013-09-08-19-25-01.455215-CEST  DM-5       : DEBUG      
    DM Output
    ------------------------------------------------------------
    request(from_stop)&request(to_stop)
    

2013-09-08-19-25-01.498762-CEST  MainProcess : INFO       
    #6699   Time: 2013-09-08-19-25-01.493581-CEST From: DM         To: HUB        DA: request(from_stop)&request(to_stop) 

2013-09-08-19-25-01.526870-CEST  NLG-6      : DEBUG      
    #6704   Time: 2013-09-08-19-25-01.522894-CEST From: HUB        To: NLG        Command: flush() 

2013-09-08-19-25-01.534387-CEST  MainProcess : INFO       
    #6705   Time: 2013-09-08-19-25-01.528079-CEST From: NLG        To: HUB        Command: flushed() 

2013-09-08-19-25-01.539316-CEST  TTS-7      : DEBUG      
    #6706   Time: 2013-09-08-19-25-01.535558-CEST From: HUB        To: TTS        Command: flush() 

2013-09-08-19-25-01.544560-CEST  MainProcess : INFO       
    #6707   Time: 2013-09-08-19-25-01.540555-CEST From: TTS        To: HUB        Command: flushed() 

2013-09-08-19-25-01.550101-CEST  VoipIO-1   : DEBUG      
    #6708   Time: 2013-09-08-19-25-01.545447-CEST From: HUB        To: VIO        Command: flush_out() 

2013-09-08-19-25-01.554461-CEST  MainProcess : INFO       
    #6709   Time: 2013-09-08-19-25-01.551289-CEST From: VoipIO     To: HUB        Command: flushed_out() 

2013-09-08-19-25-01.560371-CEST  NLG-6      : DEBUG      
    #6710   Time: 2013-09-08-19-25-01.555345-CEST From: HUB        To: NLG        DA: request(from_stop)&request(to_stop) 

2013-09-08-19-25-01.563888-CEST  NLG-6      : DEBUG      
    NLG Output
    ------------------------------------------------------------
    Odkud a kam chcete jet?
    

2013-09-08-19-25-01.603499-CEST  MainProcess : INFO       
    #6715   Time: 2013-09-08-19-25-01.599094-CEST From: NLG        To: HUB        Command: nlg_text_generated() 

2013-09-08-19-25-01.614914-CEST  MainProcess : INFO       
    #6717   Time: 2013-09-08-19-25-01.604986-CEST From: TTS        To: HUB        Command: tts_start(user_id="None",text="Odkud a kam chcete jet?") 

2013-09-08-19-25-01.644650-CEST  MainProcess : INFO       
    #6719   Time: 2013-09-08-19-25-01.606877-CEST From: VoipIO     To: HUB        Command: play_utterance_start(user_id="None",fname="tts-2013-09-08-19-25-01.601126.wav") 

2013-09-08-19-25-01.668679-CEST  ASR-3      : DEBUG      
    ASR: speech_end(fname="vad-2013-09-08-19-25-00.257010.wav")

2013-09-08-19-25-01.673788-CEST  MainProcess : INFO       
    #6772   Time: 2013-09-08-19-25-01.664634-CEST From: VAD        To: HUB        Command: speech_end(fname="vad-2013-09-08-19-25-00.257010.wav") 

2013-09-08-19-25-01.678988-CEST  MainProcess : INFO       
    #6838   Time: 2013-09-08-19-25-01.670416-CEST From: TTS        To: HUB        Command: tts_end(user_id="None",text="Odkud a kam chcete jet?",fname="tts-2013-09-08-19-25-01.601126.wav",log="true") 

2013-09-08-19-25-02.012838-CEST  ASR-3      : DEBUG      
    ASR Hypothesis
    ------------------------------------------------------------
    0.895 českolipská
    0.014 českolipská a
    0.013 česko lipská
    0.012 českolipská i
    0.011 českolipsko a
    0.010 českolipská a i
    0.009 česko lipská i
    0.008 česko lipská a
    0.007 českodubská i
    0.006 českolipská a a
    0.005 českolipsko a i
    0.004 českolipsko a a
    0.003 česko lipská a i
    0.002 českolipská a a i
    0.001 českolipsko a a i
    0.000 __other__
    

2013-09-08-19-25-02.041733-CEST  MainProcess : INFO       
    #6863   Time: 2013-09-08-19-25-02.036732-CEST From: ASR        To: HUB        Command: asr_end(fname="vad-2013-09-08-19-25-00.257010.wav") 

2013-09-08-19-25-03.416270-CEST  SLU-4      : DEBUG      
    SLU Hypothesis
    ------------------------------------------------------------
    0.939 inform(="Českolipská")
    0.061 other()
    

2013-09-08-19-25-03.442630-CEST  MainProcess : INFO       
    #6909   Time: 2013-09-08-19-25-02.775245-CEST From: VoipIO     To: HUB        Command: play_utterance_end(user_id="None",fname="tts-2013-09-08-19-25-01.601126.wav) 

2013-09-08-19-25-03.476169-CEST  DM-5       : DEBUG      
    DDDState Dialogue Act in: inform(="Českolipská")

2013-09-08-19-25-03.480333-CEST  DM-5       : DEBUG      
    Context Resolution - Dialogue Act: inform(from_stop="Českolipská")&inform(to_stop="Českolipská")&inform(="Českolipská")

2013-09-08-19-25-03.484637-CEST  DM-5       : DEBUG      
    DDDState - Dialogue state content:
    
    ludait = none
    alternative = none
    from_centre = none
    from_stop = Českolipská
    route_alternative = none
    silence_time = 0.0
    time = none
    to_centre = none
    to_stop = Českolipská
    
    
    
    

2013-09-08-19-25-03.488564-CEST  DM-5       : DEBUG      
    DDDState - Dialogue state update
    
    Requested slots:
    {}
    Confirmed slots:
    {}
    Non-informed slots:
    {u'to_stop': u'\u010ceskolipsk\xe1', u'silence_time': 0.0, u'from_stop': u'\u010ceskolipsk\xe1'}

2013-09-08-19-25-03.497904-CEST  MainProcess : INFO       
    #6954   Time: 2013-09-08-19-25-03.470895-CEST From: SLU        To: HUB        Command: slu_parsed(fname="vad-2013-09-08-19-25-00.257010.wav") 

2013-09-08-19-25-03.573024-CEST  DM-5       : DEBUG      
    DM Output
    ------------------------------------------------------------
    iconfirm(to_stop="Českolipská")&iconfirm(from_stop="Českolipská")&apology()&inform(stops_conflict="thesame")&inform(from_stop="Českolipská")&inform(to_stop="Českolipská")
    

2013-09-08-19-25-03.758929-CEST  MainProcess : INFO       
    #6976   Time: 2013-09-08-19-25-03.753585-CEST From: DM         To: HUB        DA: iconfirm(to_stop="Českolipská")&iconfirm(from_stop="Českolipská")&apology()&inform(stops_conflict="thesame")&inform(from_stop="Českolipská")&inform(to_stop="Českolipská") 

2013-09-08-19-25-03.765930-CEST  NLG-6      : DEBUG      
    #6977   Time: 2013-09-08-19-25-03.760661-CEST From: HUB        To: NLG        DA: iconfirm(to_stop="Českolipská")&iconfirm(from_stop="Českolipská")&apology()&inform(stops_conflict="thesame")&inform(from_stop="Českolipská")&inform(to_stop="Českolipská") 

2013-09-08-19-25-03.801953-CEST  NLG-6      : DEBUG      
    NLG Output
    ------------------------------------------------------------
    Chcete jet do zastávky Českolipská. Chcete jet ze zastávky Českolipská. Promiňte. Je mi líto, ale asi jsem Vám špatně rozuměla. Jméno výchozí tak i cílové zastávky je stejné. Ze zastávky Českolipská. Do zastávky Českolipská.
    

2013-09-08-19-25-03.848558-CEST  MainProcess : INFO       
    #6982   Time: 2013-09-08-19-25-03.835925-CEST From: NLG        To: HUB        Command: nlg_text_generated() 

2013-09-08-19-25-03.852182-CEST  MainProcess : INFO       
    #6984   Time: 2013-09-08-19-25-03.836867-CEST From: TTS        To: HUB        Command: tts_start(user_id="None",text="Chcete jet do zastávky Českolipská. Chcete jet ze zastávky Českolipská. Promiňte. Je mi líto, ale asi jsem Vám špatně rozuměla. Jméno výchozí tak i cílové zastávky je stejné. Ze zastávky Českolipská. Do zastávky Českolipská.") 

2013-09-08-19-25-03.880902-CEST  MainProcess : INFO       
    #6986   Time: 2013-09-08-19-25-03.840412-CEST From: VoipIO     To: HUB        Command: play_utterance_start(user_id="None",fname="tts-2013-09-08-19-25-03.836704.wav") 

2013-09-08-19-25-06.073968-CEST  MainProcess : INFO       
    #7277   Time: 2013-09-08-19-25-06.069883-CEST From: VAD        To: HUB        Command: speech_start(fname="vad-2013-09-08-19-25-06.012388.wav") 

2013-09-08-19-25-06.077699-CEST  ASR-3      : DEBUG      
    ASR: speech_start(fname="vad-2013-09-08-19-25-06.012388.wav")

2013-09-08-19-25-06.082256-CEST  MainProcess : INFO       
    #7278   Time: 2013-09-08-19-25-06.071708-CEST From: ASR        To: HUB        Command: asr_start(fname="vad-2013-09-08-19-25-06.012388.wav") 

2013-09-08-19-25-07.232294-CEST  MainProcess : INFO       
    #7352   Time: 2013-09-08-19-25-07.229041-CEST From: VAD        To: HUB        Command: speech_end(fname="vad-2013-09-08-19-25-06.012388.wav") 

2013-09-08-19-25-07.235899-CEST  ASR-3      : DEBUG      
    ASR: speech_end(fname="vad-2013-09-08-19-25-06.012388.wav")

2013-09-08-19-25-07.460849-CEST  ASR-3      : DEBUG      
    ASR Hypothesis
    ------------------------------------------------------------
    1.000 __silence__
    0.000 __other__
    

2013-09-08-19-25-07.502004-CEST  MainProcess : INFO       
    #7369   Time: 2013-09-08-19-25-07.498418-CEST From: ASR        To: HUB        Command: asr_end(fname="vad-2013-09-08-19-25-06.012388.wav") 

2013-09-08-19-25-07.505684-CEST  SLU-4      : DEBUG      
    SLU Hypothesis
    ------------------------------------------------------------
    1.000 silence()
    

2013-09-08-19-25-07.545074-CEST  DM-5       : DEBUG      
    DDDState Dialogue Act in: silence()

2013-09-08-19-25-07.548575-CEST  MainProcess : INFO       
    #7375   Time: 2013-09-08-19-25-07.541082-CEST From: SLU        To: HUB        Command: slu_parsed(fname="vad-2013-09-08-19-25-06.012388.wav") 

2013-09-08-19-25-07.552110-CEST  DM-5       : DEBUG      
    Context Resolution - Dialogue Act: silence()

2013-09-08-19-25-07.555688-CEST  DM-5       : DEBUG      
    DDDState - Dialogue state content:
    
    ludait = silence
    alternative = none
    from_centre = none
    from_stop = Českolipská
    route_alternative = none
    silence_time = 0.0
    time = none
    to_centre = none
    to_stop = Českolipská
    
    rh_from_stop = system-informed
    rh_stops_conflict = system-informed
    rh_to_stop = system-informed
    
    ch_from_stop = system-informed
    ch_stops_conflict = system-informed
    ch_to_stop = system-informed
    
    sh_from_stop = system-informed
    sh_stops_conflict = system-informed
    sh_to_stop = system-informed
    

2013-09-08-19-25-07.559261-CEST  DM-5       : DEBUG      
    DDDState - Dialogue state update
    
    Requested slots:
    {}
    Confirmed slots:
    {}
    Non-informed slots:
    {u'silence_time': 0.0}

2013-09-08-19-25-07.693304-CEST  ASR-3      : DEBUG      
    ASR: speech_start(fname="vad-2013-09-08-19-25-07.538969.wav")

2013-09-08-19-25-07.699163-CEST  MainProcess : INFO       
    #7387   Time: 2013-09-08-19-25-07.683673-CEST From: ASR        To: HUB        Command: asr_start(fname="vad-2013-09-08-19-25-07.538969.wav") 

2013-09-08-19-25-07.705261-CEST  MainProcess : INFO       
    #7386   Time: 2013-09-08-19-25-07.682932-CEST From: VAD        To: HUB        Command: speech_start(fname="vad-2013-09-08-19-25-07.538969.wav") 

2013-09-08-19-25-07.744958-CEST  DM-5       : DEBUG      
    DM Output
    ------------------------------------------------------------
    silence()
    

2013-09-08-19-25-07.815429-CEST  MainProcess : INFO       
    #7396   Time: 2013-09-08-19-25-07.811095-CEST From: DM         To: HUB        DA: silence() 

2013-09-08-19-25-09.070598-CEST  MainProcess : INFO       
    #8285   Time: 2013-09-08-19-25-09.064214-CEST From: TTS        To: HUB        Command: tts_end(user_id="None",text="Chcete jet do zastávky Českolipská. Chcete jet ze zastávky Českolipská. Promiňte. Je mi líto, ale asi jsem Vám špatně rozuměla. Jméno výchozí tak i cílové zastávky je stejné. Ze zastávky Českolipská. Do zastávky Českolipská.",fname="tts-2013-09-08-19-25-03.836704.wav",log="true") 

2013-09-08-19-25-11.152164-CEST  ASR-3      : DEBUG      
    ASR: speech_end(fname="vad-2013-09-08-19-25-07.538969.wav")

2013-09-08-19-25-11.159193-CEST  MainProcess : INFO       
    #8415   Time: 2013-09-08-19-25-11.148210-CEST From: VAD        To: HUB        Command: speech_end(fname="vad-2013-09-08-19-25-07.538969.wav") 

2013-09-08-19-25-12.178919-CEST  ASR-3      : DEBUG      
    ASR Hypothesis
    ------------------------------------------------------------
    0.441 dnes se zastaví nádraží holešovice
    0.075 dnes se dostat nádraží holešovice
    0.069 dnes se dostat na nádraží holešovice
    0.064 nessie se dostat nádraží holešovice
    0.059 dnes se zastavím nádraží holešovice
    0.053 dnes se zastav nádraží holešovice
    0.048 nessie se dostat na nádraží holešovice
    0.043 nessie se zastav nádraží holešovice
    0.037 ne se dostat nádraží holešovice
    0.032 dnes je se dostat nádraží holešovice
    0.027 dnes se zastaví na nádraží holešovice
    0.021 ne se dostat na nádraží holešovice
    0.016 nesmí se dostat nádraží holešovice
    0.011 dnes je se dostat na nádraží holešovice
    0.005 dnes se dostaví nádraží holešovice
    0.000 __other__
    

2013-09-08-19-25-12.227248-CEST  MainProcess : INFO       
    #8484   Time: 2013-09-08-19-25-12.217310-CEST From: ASR        To: HUB        Command: asr_end(fname="vad-2013-09-08-19-25-07.538969.wav") 

2013-09-08-19-25-13.270709-CEST  SLU-4      : DEBUG      
    SLU Hypothesis
    ------------------------------------------------------------
    0.824 inform(="Nádraží Holešovice")
    0.176 inform(to_stop="Nádraží Holešovice")
    0.059 negate()
    

2013-09-08-19-25-13.348802-CEST  MainProcess : INFO       
    #8554   Time: 2013-09-08-19-25-13.343834-CEST From: SLU        To: HUB        Command: slu_parsed(fname="vad-2013-09-08-19-25-07.538969.wav") 

2013-09-08-19-25-13.363741-CEST  DM-5       : DEBUG      
    DDDState Dialogue Act in: inform(="Nádraží Holešovice")

2013-09-08-19-25-13.367544-CEST  DM-5       : DEBUG      
    Context Resolution - Dialogue Act: inform(="Nádraží Holešovice")

2013-09-08-19-25-13.371243-CEST  DM-5       : DEBUG      
    DDDState - Dialogue state content:
    
    ludait = none
    alternative = none
    from_centre = none
    from_stop = Českolipská
    route_alternative = none
    silence_time = 0.0
    time = none
    to_centre = none
    to_stop = Českolipská
    
    rh_from_stop = system-informed
    rh_stops_conflict = system-informed
    rh_to_stop = system-informed
    
    ch_from_stop = system-informed
    ch_stops_conflict = system-informed
    ch_to_stop = system-informed
    
    sh_from_stop = system-informed
    sh_stops_conflict = system-informed
    sh_to_stop = system-informed
    

2013-09-08-19-25-13.374638-CEST  DM-5       : DEBUG      
    DDDState - Dialogue state update
    
    Requested slots:
    {}
    Confirmed slots:
    {}
    Non-informed slots:
    {u'silence_time': 0.0}

2013-09-08-19-25-13.473175-CEST  DM-5       : DEBUG      
    DM Output
    ------------------------------------------------------------
    apology()&inform(stops_conflict="thesame")&inform(from_stop="Českolipská")&inform(to_stop="Českolipská")
    

2013-09-08-19-25-13.518129-CEST  MainProcess : INFO       
    #8568   Time: 2013-09-08-19-25-13.514091-CEST From: DM         To: HUB        DA: apology()&inform(stops_conflict="thesame")&inform(from_stop="Českolipská")&inform(to_stop="Českolipská") 

2013-09-08-19-25-13.564837-CEST  NLG-6      : DEBUG      
    #8573   Time: 2013-09-08-19-25-13.559609-CEST From: HUB        To: NLG        Command: flush() 

2013-09-08-19-25-13.571089-CEST  MainProcess : INFO       
    #8574   Time: 2013-09-08-19-25-13.565976-CEST From: NLG        To: HUB        Command: flushed() 

2013-09-08-19-25-13.576833-CEST  TTS-7      : DEBUG      
    #8575   Time: 2013-09-08-19-25-13.572019-CEST From: HUB        To: TTS        Command: flush() 

2013-09-08-19-25-13.581245-CEST  MainProcess : INFO       
    #8576   Time: 2013-09-08-19-25-13.577908-CEST From: TTS        To: HUB        Command: flushed() 

2013-09-08-19-25-13.586522-CEST  VoipIO-1   : DEBUG      
    #8577   Time: 2013-09-08-19-25-13.582152-CEST From: HUB        To: VIO        Command: flush_out() 

2013-09-08-19-25-13.591446-CEST  MainProcess : INFO       
    #8578   Time: 2013-09-08-19-25-13.587770-CEST From: VoipIO     To: HUB        Command: flushed_out() 

2013-09-08-19-25-13.596284-CEST  NLG-6      : DEBUG      
    #8579   Time: 2013-09-08-19-25-13.592800-CEST From: HUB        To: NLG        DA: apology()&inform(stops_conflict="thesame")&inform(from_stop="Českolipská")&inform(to_stop="Českolipská") 

2013-09-08-19-25-13.604601-CEST  NLG-6      : DEBUG      
    NLG Output
    ------------------------------------------------------------
    Něco tady mám špatně. Předpokládám, že nechcete jet ze stanice Českolipská do stanice Českolipská.
    

2013-09-08-19-25-13.776291-CEST  MainProcess : INFO       
    #8592   Time: 2013-09-08-19-25-13.772988-CEST From: NLG        To: HUB        Command: nlg_text_generated() 

2013-09-08-19-25-13.782401-CEST  MainProcess : INFO       
    #8594   Time: 2013-09-08-19-25-13.777519-CEST From: TTS        To: HUB        Command: tts_start(user_id="None",text="Něco tady mám špatně. Předpokládám, že nechcete jet ze stanice Českolipská do stanice Českolipská.") 

2013-09-08-19-25-13.833793-CEST  MainProcess : INFO       
    #8596   Time: 2013-09-08-19-25-13.779853-CEST From: VoipIO     To: HUB        Command: play_utterance_start(user_id="None",fname="tts-2013-09-08-19-25-13.774116.wav") 

2013-09-08-19-25-15.498105-CEST  MainProcess : INFO       
    #9095   Time: 2013-09-08-19-25-15.492589-CEST From: TTS        To: HUB        Command: tts_end(user_id="None",text="Něco tady mám špatně. Předpokládám, že nechcete jet ze stanice Českolipská do stanice Českolipská.",fname="tts-2013-09-08-19-25-13.774116.wav",log="true") 

2013-09-08-19-25-18.919250-CEST  ASR-3      : DEBUG      
    ASR: speech_start(fname="vad-2013-09-08-19-25-18.859403.wav")

2013-09-08-19-25-18.922683-CEST  MainProcess : INFO       
    #9311   Time: 2013-09-08-19-25-18.915387-CEST From: VAD        To: HUB        Command: speech_start(fname="vad-2013-09-08-19-25-18.859403.wav") 

2013-09-08-19-25-18.933827-CEST  MainProcess : INFO       
    #9312   Time: 2013-09-08-19-25-18.916169-CEST From: ASR        To: HUB        Command: asr_start(fname="vad-2013-09-08-19-25-18.859403.wav") 

2013-09-08-19-25-19.546014-CEST  ASR-3      : DEBUG      
    ASR: speech_end(fname="vad-2013-09-08-19-25-18.859403.wav")

2013-09-08-19-25-19.549911-CEST  MainProcess : INFO       
    #9352   Time: 2013-09-08-19-25-19.542718-CEST From: VAD        To: HUB        Command: speech_end(fname="vad-2013-09-08-19-25-18.859403.wav") 

2013-09-08-19-25-19.893710-CEST  ASR-3      : DEBUG      
    ASR Hypothesis
    ------------------------------------------------------------
    1.000 __silence__
    0.000 __other__
    

2013-09-08-19-25-19.962178-CEST  MainProcess : INFO       
    #9381   Time: 2013-09-08-19-25-19.958110-CEST From: ASR        To: HUB        Command: asr_end(fname="vad-2013-09-08-19-25-18.859403.wav") 

2013-09-08-19-25-19.965768-CEST  SLU-4      : DEBUG      
    SLU Hypothesis
    ------------------------------------------------------------
    1.000 silence()
    

2013-09-08-19-25-20.013816-CEST  MainProcess : INFO       
    #9384   Time: 2013-09-08-19-25-20.003504-CEST From: SLU        To: HUB        Command: slu_parsed(fname="vad-2013-09-08-19-25-18.859403.wav") 

2013-09-08-19-25-20.017741-CEST  DM-5       : DEBUG      
    DDDState Dialogue Act in: silence()

2013-09-08-19-25-20.021416-CEST  DM-5       : DEBUG      
    Context Resolution - Dialogue Act: silence()

2013-09-08-19-25-20.025216-CEST  DM-5       : DEBUG      
    DDDState - Dialogue state content:
    
    ludait = silence
    alternative = none
    from_centre = none
    from_stop = Českolipská
    route_alternative = none
    silence_time = 0.0
    time = none
    to_centre = none
    to_stop = Českolipská
    
    rh_from_stop = system-informed
    rh_stops_conflict = system-informed
    rh_to_stop = system-informed
    
    ch_from_stop = system-informed
    ch_stops_conflict = system-informed
    ch_to_stop = system-informed
    
    sh_from_stop = system-informed
    sh_stops_conflict = system-informed
    sh_to_stop = system-informed
    

2013-09-08-19-25-20.028593-CEST  DM-5       : DEBUG      
    DDDState - Dialogue state update
    
    Requested slots:
    {}
    Confirmed slots:
    {}
    Non-informed slots:
    {u'silence_time': 0.0}

2013-09-08-19-25-20.124746-CEST  DM-5       : DEBUG      
    DM Output
    ------------------------------------------------------------
    silence()
    

2013-09-08-19-25-20.193849-CEST  MainProcess : INFO       
    #9398   Time: 2013-09-08-19-25-20.189797-CEST From: DM         To: HUB        DA: silence() 

2013-09-08-19-25-20.212850-CEST  MainProcess : INFO       
    #9397   Time: 2013-09-08-19-25-20.152287-CEST From: VoipIO     To: HUB        Command: play_utterance_end(user_id="None",fname="tts-2013-09-08-19-25-13.774116.wav) 

2013-09-08-19-25-21.582790-CEST  MainProcess : INFO       
    #9488   Time: 2013-09-08-19-25-21.579129-CEST From: VAD        To: HUB        Command: speech_start(fname="vad-2013-09-08-19-25-21.494989.wav") 

2013-09-08-19-25-21.586554-CEST  ASR-3      : DEBUG      
    ASR: speech_start(fname="vad-2013-09-08-19-25-21.494989.wav")

2013-09-08-19-25-21.599763-CEST  MainProcess : INFO       
    #9489   Time: 2013-09-08-19-25-21.581074-CEST From: ASR        To: HUB        Command: asr_start(fname="vad-2013-09-08-19-25-21.494989.wav") 

2013-09-08-19-25-26.207865-CEST  ASR-3      : DEBUG      
    ASR: speech_end(fname="vad-2013-09-08-19-25-21.494989.wav")

2013-09-08-19-25-26.211109-CEST  MainProcess : INFO       
    #9779   Time: 2013-09-08-19-25-26.203714-CEST From: VAD        To: HUB        Command: speech_end(fname="vad-2013-09-08-19-25-21.494989.wav") 

2013-09-08-19-25-27.322656-CEST  ASR-3      : DEBUG      
    ASR Hypothesis
    ------------------------------------------------------------
    0.747 tak ještě jednou potřebovat zastávky nádraží holešovice
    0.051 tak ještě jednou potřebuju zastávky nádraží holešovice
    0.045 tak ještě jednou potřebu zastávky nádraží holešovice
    0.039 tak ještě jednou potřebovat zastávka nádraží holešovice
    0.034 tak ještě jednou potřebuju zastávka nádraží holešovice
    0.028 letiště jednou potřebovat zastávky nádraží holešovice
    0.023 tak ještě jednou potřebu zastávka nádraží holešovice
    0.017 tak ještě jednou potřebovat zastávky na nádraží holešovice
    0.011 tak ještě jednou potřebovat zastávky u nádraží holešovice
    0.006 tak ještě jednou potřebuju to zastávka nádraží holešovice
    0.000 __other__
    

2013-09-08-19-25-27.383094-CEST  MainProcess : INFO       
    #9856   Time: 2013-09-08-19-25-27.373173-CEST From: ASR        To: HUB        Command: asr_end(fname="vad-2013-09-08-19-25-21.494989.wav") 

2013-09-08-19-25-28.377527-CEST  SLU-4      : DEBUG      
    SLU Hypothesis
    ------------------------------------------------------------
    0.983 inform(="Nádraží Holešovice")
    0.871 repeat()
    0.028 inform(="Letiště")
    0.017 inform(to_stop="Nádraží Holešovice")
    

2013-09-08-19-25-28.450084-CEST  MainProcess : INFO       
    #9922   Time: 2013-09-08-19-25-28.444175-CEST From: SLU        To: HUB        Command: slu_parsed(fname="vad-2013-09-08-19-25-21.494989.wav") 

2013-09-08-19-25-28.453661-CEST  DM-5       : DEBUG      
    DDDState Dialogue Act in: inform(="Nádraží Holešovice")&repeat()

2013-09-08-19-25-28.457291-CEST  DM-5       : DEBUG      
    Context Resolution - Dialogue Act: inform(="Nádraží Holešovice")&repeat()

2013-09-08-19-25-28.461607-CEST  DM-5       : DEBUG      
    DDDState - Dialogue state content:
    
    ludait = repeat
    alternative = none
    from_centre = none
    from_stop = Českolipská
    route_alternative = none
    silence_time = 0.0
    time = none
    to_centre = none
    to_stop = Českolipská
    
    rh_from_stop = system-informed
    rh_stops_conflict = system-informed
    rh_to_stop = system-informed
    
    ch_from_stop = system-informed
    ch_stops_conflict = system-informed
    ch_to_stop = system-informed
    
    sh_from_stop = system-informed
    sh_stops_conflict = system-informed
    sh_to_stop = system-informed
    

2013-09-08-19-25-28.466829-CEST  DM-5       : DEBUG      
    DDDState - Dialogue state update
    
    Requested slots:
    {}
    Confirmed slots:
    {}
    Non-informed slots:
    {u'silence_time': 0.0}

2013-09-08-19-25-28.591555-CEST  DM-5       : DEBUG      
    DM Output
    ------------------------------------------------------------
    irepeat()
    

2013-09-08-19-25-28.659040-CEST  MainProcess : INFO       
    #9940   Time: 2013-09-08-19-25-28.655411-CEST From: DM         To: HUB        DA: irepeat() 

2013-09-08-19-25-28.665656-CEST  NLG-6      : DEBUG      
    #9941   Time: 2013-09-08-19-25-28.660591-CEST From: HUB        To: NLG        DA: irepeat() 

2013-09-08-19-25-28.669653-CEST  NLG-6      : DEBUG      
    NLG Output
    ------------------------------------------------------------
    Něco tady mám špatně. Předpokládám, že nechcete jet ze stanice Českolipská do stanice Českolipská.
    

2013-09-08-19-25-28.742513-CEST  MainProcess : INFO       
    #9946   Time: 2013-09-08-19-25-28.737106-CEST From: NLG        To: HUB        Command: nlg_text_generated() 

2013-09-08-19-25-28.759219-CEST  MainProcess : INFO       
    #9948   Time: 2013-09-08-19-25-28.738261-CEST From: TTS        To: HUB        Command: tts_start(user_id="None",text="Něco tady mám špatně. Předpokládám, že nechcete jet ze stanice Českolipská do stanice Českolipská.") 

2013-09-08-19-25-28.914131-CEST  MainProcess : INFO       
    #9950   Time: 2013-09-08-19-25-28.740704-CEST From: VoipIO     To: HUB        Command: play_utterance_start(user_id="None",fname="tts-2013-09-08-19-25-28.738106.wav") 

2013-09-08-19-25-28.938350-CEST  MainProcess : INFO       
    #10349  Time: 2013-09-08-19-25-28.933000-CEST From: TTS        To: HUB        Command: tts_end(user_id="None",text="Něco tady mám špatně. Předpokládám, že nechcete jet ze stanice Českolipská do stanice Českolipská.",fname="tts-2013-09-08-19-25-28.738106.wav",log="true") 

2013-09-08-19-25-35.129407-CEST  MainProcess : INFO       
    #10744  Time: 2013-09-08-19-25-35.126075-CEST From: VAD        To: HUB        Command: speech_start(fname="vad-2013-09-08-19-25-35.011935.wav") 

2013-09-08-19-25-35.133019-CEST  ASR-3      : DEBUG      
    ASR: speech_start(fname="vad-2013-09-08-19-25-35.011935.wav")

2013-09-08-19-25-35.136496-CEST  MainProcess : INFO       
    #10745  Time: 2013-09-08-19-25-35.127805-CEST From: ASR        To: HUB        Command: asr_start(fname="vad-2013-09-08-19-25-35.011935.wav") 

2013-09-08-19-25-35.187846-CEST  MainProcess : INFO       
    #10738  Time: 2013-09-08-19-25-35.071099-CEST From: VoipIO     To: HUB        Command: play_utterance_end(user_id="None",fname="tts-2013-09-08-19-25-28.738106.wav) 

2013-09-08-19-25-35.809351-CEST  ASR-3      : DEBUG      
    ASR: speech_end(fname="vad-2013-09-08-19-25-35.011935.wav")

2013-09-08-19-25-35.816486-CEST  MainProcess : INFO       
    #10787  Time: 2013-09-08-19-25-35.805472-CEST From: VAD        To: HUB        Command: speech_end(fname="vad-2013-09-08-19-25-35.011935.wav") 

2013-09-08-19-25-36.011048-CEST  ASR-3      : DEBUG      
    ASR Hypothesis
    ------------------------------------------------------------
    1.000 __silence__
    0.000 __other__
    

2013-09-08-19-25-36.129252-CEST  MainProcess : INFO       
    #10808  Time: 2013-09-08-19-25-36.117233-CEST From: ASR        To: HUB        Command: asr_end(fname="vad-2013-09-08-19-25-35.011935.wav") 

2013-09-08-19-25-36.132882-CEST  SLU-4      : DEBUG      
    SLU Hypothesis
    ------------------------------------------------------------
    1.000 silence()
    

2013-09-08-19-25-36.205341-CEST  MainProcess : INFO       
    #10816  Time: 2013-09-08-19-25-36.197206-CEST From: SLU        To: HUB        Command: slu_parsed(fname="vad-2013-09-08-19-25-35.011935.wav") 

2013-09-08-19-25-36.218235-CEST  DM-5       : DEBUG      
    DDDState Dialogue Act in: silence()

2013-09-08-19-25-36.221678-CEST  DM-5       : DEBUG      
    Context Resolution - Dialogue Act: silence()

2013-09-08-19-25-36.225384-CEST  DM-5       : DEBUG      
    DDDState - Dialogue state content:
    
    ludait = silence
    alternative = none
    from_centre = none
    from_stop = Českolipská
    route_alternative = none
    silence_time = 0.0
    time = none
    to_centre = none
    to_stop = Českolipská
    
    rh_from_stop = system-informed
    rh_stops_conflict = system-informed
    rh_to_stop = system-informed
    
    ch_from_stop = system-informed
    ch_stops_conflict = system-informed
    ch_to_stop = system-informed
    
    sh_from_stop = system-informed
    sh_stops_conflict = system-informed
    sh_to_stop = system-informed
    

2013-09-08-19-25-36.229381-CEST  DM-5       : DEBUG      
    DDDState - Dialogue state update
    
    Requested slots:
    {}
    Confirmed slots:
    {}
    Non-informed slots:
    {u'silence_time': 0.0}

2013-09-08-19-25-36.268406-CEST  ASR-3      : DEBUG      
    ASR: speech_start(fname="vad-2013-09-08-19-25-36.095940.wav")

2013-09-08-19-25-36.274307-CEST  MainProcess : INFO       
    #10823  Time: 2013-09-08-19-25-36.257514-CEST From: ASR        To: HUB        Command: asr_start(fname="vad-2013-09-08-19-25-36.095940.wav") 

2013-09-08-19-25-36.280533-CEST  MainProcess : INFO       
    #10822  Time: 2013-09-08-19-25-36.256536-CEST From: VAD        To: HUB        Command: speech_start(fname="vad-2013-09-08-19-25-36.095940.wav") 

2013-09-08-19-25-36.431013-CEST  DM-5       : DEBUG      
    DM Output
    ------------------------------------------------------------
    silence()
    

2013-09-08-19-25-36.502384-CEST  MainProcess : INFO       
    #10839  Time: 2013-09-08-19-25-36.498114-CEST From: DM         To: HUB        DA: silence() 

2013-09-08-19-25-39.915699-CEST  ASR-3      : DEBUG      
    ASR: speech_end(fname="vad-2013-09-08-19-25-36.095940.wav")

2013-09-08-19-25-39.923840-CEST  MainProcess : INFO       
    #11056  Time: 2013-09-08-19-25-39.911608-CEST From: VAD        To: HUB        Command: speech_end(fname="vad-2013-09-08-19-25-36.095940.wav") 

2013-09-08-19-25-40.883772-CEST  ASR-3      : DEBUG      
    ASR Hypothesis
    ------------------------------------------------------------
    0.700 nechci si ze stanice nádraží holešovice
    0.043 ne nechci si ze stanice nádraží holešovice
    0.040 nechci si ze stanice a nádraží holešovice
    0.036 nechci tě ze stanice nádraží holešovice
    0.033 ne nechci si ze stanice a nádraží holešovice
    0.030 nechci ti ze stanice nádraží holešovice
    0.026 ne nechci tě ze stanice nádraží holešovice
    0.023 ne nechci ti ze stanice nádraží holešovice
    0.020 nechci tě ze stanice a nádraží holešovice
    0.016 nechci si ze stanice na nádraží holešovice
    0.013 ne nechci ze stanice nádraží holešovice
    0.010 nechci ze stanice nádraží holešovice
    0.007 nechci ti ze stanice a nádraží holešovice
    0.003 ne nechci si ze stanice na nádraží holešovice
    0.000 __other__
    

2013-09-08-19-25-40.948520-CEST  MainProcess : INFO       
    #11122  Time: 2013-09-08-19-25-40.943985-CEST From: ASR        To: HUB        Command: asr_end(fname="vad-2013-09-08-19-25-36.095940.wav") 

2013-09-08-19-25-42.192469-CEST  SLU-4      : DEBUG      
    SLU Hypothesis
    ------------------------------------------------------------
    0.881 inform(from_stop="Nádraží Holešovice")
    0.142 negate()
    0.099 inform(="Nádraží Holešovice")
    0.020 inform(to_stop="Nádraží Holešovice")
    

2013-09-08-19-25-42.273331-CEST  MainProcess : INFO       
    #11204  Time: 2013-09-08-19-25-42.268729-CEST From: SLU        To: HUB        Command: slu_parsed(fname="vad-2013-09-08-19-25-36.095940.wav") 

2013-09-08-19-25-42.277204-CEST  DM-5       : DEBUG      
    DDDState Dialogue Act in: inform(from_stop="Nádraží Holešovice")

2013-09-08-19-25-42.280885-CEST  DM-5       : DEBUG      
    Context Resolution - Dialogue Act: inform(from_stop="Nádraží Holešovice")

2013-09-08-19-25-42.284936-CEST  DM-5       : DEBUG      
    DDDState - Dialogue state content:
    
    ludait = none
    alternative = none
    from_centre = none
    from_stop = Nádraží Holešovice
    route_alternative = none
    silence_time = 0.0
    time = none
    to_centre = none
    to_stop = Českolipská
    
    rh_from_stop = system-informed
    rh_stops_conflict = system-informed
    rh_to_stop = system-informed
    
    ch_from_stop = system-informed
    ch_stops_conflict = system-informed
    ch_to_stop = system-informed
    
    sh_from_stop = system-informed
    sh_stops_conflict = system-informed
    sh_to_stop = system-informed
    

2013-09-08-19-25-42.289883-CEST  DM-5       : DEBUG      
    DDDState - Dialogue state update
    
    Requested slots:
    {}
    Confirmed slots:
    {}
    Non-informed slots:
    {u'silence_time': 0.0}

2013-09-08-19-25-42.744478-CEST  DM-5       : DEBUG      
    DM Output
    ------------------------------------------------------------
    inform(found_directions="true")&inform(alternative="1")&inform(vehicle="BUS")&inform(line="201")&inform(go_at="07:31")&inform(enter_at="Nádraží Holešovice")&inform(headsign="Bakovská")&inform(exit_at="Českolipská")
    

2013-09-08-19-25-42.829820-CEST  MainProcess : INFO       
    #11242  Time: 2013-09-08-19-25-42.824959-CEST From: DM         To: HUB        DA: inform(found_directions="true")&inform(alternative="1")&inform(vehicle="BUS")&inform(line="201")&inform(go_at="07:31")&inform(enter_at="Nádraží Holešovice")&inform(headsign="Bakovská")&inform(exit_at="Českolipská") 

2013-09-08-19-25-42.836524-CEST  NLG-6      : DEBUG      
    #11243  Time: 2013-09-08-19-25-42.832251-CEST From: HUB        To: NLG        DA: inform(found_directions="true")&inform(alternative="1")&inform(vehicle="BUS")&inform(line="201")&inform(go_at="07:31")&inform(enter_at="Nádraží Holešovice")&inform(headsign="Bakovská")&inform(exit_at="Českolipská") 

2013-09-08-19-25-42.925549-CEST  NLG-6      : DEBUG      
    NLG Output
    ------------------------------------------------------------
    Našla jsem následující spojení. Možnost první. Jeďte autobusem číslo 201 v 07:31 ze zastávky Nádraží Holešovice směrem Bakovská. Vystupte na zastávce Českolipská.
    

2013-09-08-19-25-42.931574-CEST  DM-5       : DEBUG      
    #11252  Time: 2013-09-08-19-25-42.925672-CEST From: HUB        To: DM         Command: timeout(silence_time="3.000") 

2013-09-08-19-25-42.935373-CEST  DM-5       : DEBUG      
    DDDState Dialogue Act in: silence(time="3.000")

2013-09-08-19-25-42.938974-CEST  DM-5       : DEBUG      
    Context Resolution - Dialogue Act: silence(time="3.000")

2013-09-08-19-25-42.944714-CEST  DM-5       : DEBUG      
    DDDState - Dialogue state content:
    
    ludait = silence
    alternative = none
    from_centre = none
    from_stop = Nádraží Holešovice
    route_alternative = 0
    silence_time = 3.0
    time = none
    to_centre = none
    to_stop = Českolipská
    
    rh_alternative = system-informed
    rh_enter_at = system-informed
    rh_exit_at = system-informed
    rh_found_directions = system-informed
    rh_from_stop = system-informed
    rh_go_at = system-informed
    rh_headsign = system-informed
    rh_line = system-informed
    rh_stops_conflict = system-informed
    rh_to_stop = system-informed
    rh_vehicle = system-informed
    
    ch_alternative = system-informed
    ch_enter_at = system-informed
    ch_exit_at = system-informed
    ch_found_directions = system-informed
    ch_from_stop = system-informed
    ch_go_at = system-informed
    ch_headsign = system-informed
    ch_line = system-informed
    ch_stops_conflict = system-informed
    ch_to_stop = system-informed
    ch_vehicle = system-informed
    
    sh_alternative = system-informed
    sh_enter_at = system-informed
    sh_exit_at = system-informed
    sh_found_directions = system-informed
    sh_from_stop = system-informed
    sh_go_at = system-informed
    sh_headsign = system-informed
    sh_line = system-informed
    sh_stops_conflict = system-informed
    sh_to_stop = system-informed
    sh_vehicle = system-informed
    

2013-09-08-19-25-42.949040-CEST  DM-5       : DEBUG      
    DDDState - Dialogue state update
    
    Requested slots:
    {}
    Confirmed slots:
    {}
    Non-informed slots:
    {u'route_alternative': 0, u'silence_time': 3.0}

2013-09-08-19-25-42.952749-CEST  DM-5       : DEBUG      
    DM Output
    ------------------------------------------------------------
    silence()
    

2013-09-08-19-25-43.017802-CEST  MainProcess : INFO       
    #11257  Time: 2013-09-08-19-25-43.007841-CEST From: NLG        To: HUB        Command: nlg_text_generated() 

2013-09-08-19-25-43.021136-CEST  MainProcess : INFO       
    #11259  Time: 2013-09-08-19-25-43.010183-CEST From: TTS        To: HUB        Command: tts_start(user_id="None",text="Našla jsem následující spojení. Možnost první. Jeďte autobusem číslo 201 v 07:31 ze zastávky Nádraží Holešovice směrem Bakovská. Vystupte na zastávce Českolipská.") 

2013-09-08-19-25-43.265178-CEST  MainProcess : INFO       
    #11261  Time: 2013-09-08-19-25-43.014353-CEST From: VoipIO     To: HUB        Command: play_utterance_start(user_id="None",fname="tts-2013-09-08-19-25-43.010004.wav") 

2013-09-08-19-25-43.335671-CEST  MainProcess : INFO       
    #11417  Time: 2013-09-08-19-25-43.326087-CEST From: DM         To: HUB        DA: silence() 

2013-09-08-19-25-43.405508-CEST  MainProcess : INFO       
    #11423  Time: 2013-09-08-19-25-43.401264-CEST From: VAD        To: HUB        Command: speech_start(fname="vad-2013-09-08-19-25-42.985768.wav") 

2013-09-08-19-25-43.408955-CEST  ASR-3      : DEBUG      
    ASR: speech_start(fname="vad-2013-09-08-19-25-42.985768.wav")

2013-09-08-19-25-43.416040-CEST  MainProcess : INFO       
    #11424  Time: 2013-09-08-19-25-43.403355-CEST From: ASR        To: HUB        Command: asr_start(fname="vad-2013-09-08-19-25-42.985768.wav") 

2013-09-08-19-25-45.636365-CEST  ASR-3      : DEBUG      
    ASR: speech_end(fname="vad-2013-09-08-19-25-42.985768.wav")

2013-09-08-19-25-45.639930-CEST  MainProcess : INFO       
    #11642  Time: 2013-09-08-19-25-45.632592-CEST From: VAD        To: HUB        Command: speech_end(fname="vad-2013-09-08-19-25-42.985768.wav") 

2013-09-08-19-25-45.845180-CEST  MainProcess : INFO       
    #12232  Time: 2013-09-08-19-25-45.840258-CEST From: TTS        To: HUB        Command: tts_end(user_id="None",text="Našla jsem následující spojení. Možnost první. Jeďte autobusem číslo 201 v 07:31 ze zastávky Nádraží Holešovice směrem Bakovská. Vystupte na zastávce Českolipská.",fname="tts-2013-09-08-19-25-43.010004.wav",log="true") 

2013-09-08-19-25-46.203198-CEST  MainProcess : INFO       
    #12258  Time: 2013-09-08-19-25-46.199505-CEST From: VAD        To: HUB        Command: speech_start(fname="vad-2013-09-08-19-25-46.057809.wav") 

2013-09-08-19-25-46.677456-CEST  MainProcess : INFO       
    #12288  Time: 2013-09-08-19-25-46.674160-CEST From: VAD        To: HUB        Command: speech_end(fname="vad-2013-09-08-19-25-46.057809.wav") 

2013-09-08-19-25-47.249693-CEST  ASR-3      : DEBUG      
    ASR Hypothesis
    ------------------------------------------------------------
    0.444 příbramské pomoci
    0.056 příbramská pomoci
    0.053 příbramské pomoci magor
    0.050 příbramské pomoc
    0.047 příbramská domů
    0.044 příbramské pomoci nad labem
    0.041 temperance pomoci
    0.038 příbramská pomoci magor
    0.035 příbramské domů
    0.032 příbramské pomocí magor
    0.029 příbramská pomoc
    0.026 příbramská pomoci nad labem
    0.023 příbramské pomůcky magor
    0.020 příbramsko pomoci
    0.018 příbramská pomocí magor
    0.015 temperance pomoci magor
    0.012 příbramský pomoci
    0.009 příbramské pomůcky nad labem
    0.006 temperance pomoc
    0.003 temperance pomoci nad labem
    0.000 __other__
    

2013-09-08-19-25-47.378238-CEST  MainProcess : INFO       
    #12333  Time: 2013-09-08-19-25-47.374369-CEST From: ASR        To: HUB        Command: asr_end(fname="vad-2013-09-08-19-25-42.985768.wav") 

2013-09-08-19-25-47.381939-CEST  ASR-3      : DEBUG      
    ASR: speech_start(fname="vad-2013-09-08-19-25-46.057809.wav")

2013-09-08-19-25-47.385521-CEST  MainProcess : INFO       
    #12335  Time: 2013-09-08-19-25-47.377647-CEST From: ASR        To: HUB        Command: asr_start(fname="vad-2013-09-08-19-25-46.057809.wav") 

2013-09-08-19-25-47.488440-CEST  ASR-3      : DEBUG      
    ASR: speech_end(fname="vad-2013-09-08-19-25-46.057809.wav")

2013-09-08-19-25-47.843134-CEST  ASR-3      : DEBUG      
    ASR Hypothesis
    ------------------------------------------------------------
    0.799 ano
    0.081 anno
    0.060 anna
    0.040 an
    0.020 anh
    0.000 __other__
    

2013-09-08-19-25-47.972893-CEST  MainProcess : INFO       
    #12373  Time: 2013-09-08-19-25-47.968073-CEST From: ASR        To: HUB        Command: asr_end(fname="vad-2013-09-08-19-25-46.057809.wav") 

2013-09-08-19-25-49.046399-CEST  SLU-4      : DEBUG      
    SLU Hypothesis
    ------------------------------------------------------------
    0.833 other()
    0.085 help()
    0.082 inform(to_stop="Labe")
    0.082 inform(from_stop="Nad Trojou")
    

2013-09-08-19-25-49.135730-CEST  MainProcess : INFO       
    #12450  Time: 2013-09-08-19-25-49.130838-CEST From: SLU        To: HUB        Command: slu_parsed(fname="vad-2013-09-08-19-25-42.985768.wav") 

2013-09-08-19-25-49.139444-CEST  DM-5       : DEBUG      
    DDDState Dialogue Act in: other()

2013-09-08-19-25-49.143127-CEST  DM-5       : DEBUG      
    Context Resolution - Dialogue Act: other()

2013-09-08-19-25-49.147363-CEST  DM-5       : DEBUG      
    DDDState - Dialogue state content:
    
    ludait = other
    alternative = none
    from_centre = none
    from_stop = Nádraží Holešovice
    route_alternative = 0
    silence_time = 0.0
    time = none
    to_centre = none
    to_stop = Českolipská
    
    rh_alternative = system-informed
    rh_enter_at = system-informed
    rh_exit_at = system-informed
    rh_found_directions = system-informed
    rh_from_stop = system-informed
    rh_go_at = system-informed
    rh_headsign = system-informed
    rh_line = system-informed
    rh_stops_conflict = system-informed
    rh_to_stop = system-informed
    rh_vehicle = system-informed
    
    ch_alternative = system-informed
    ch_enter_at = system-informed
    ch_exit_at = system-informed
    ch_found_directions = system-informed
    ch_from_stop = system-informed
    ch_go_at = system-informed
    ch_headsign = system-informed
    ch_line = system-informed
    ch_stops_conflict = system-informed
    ch_to_stop = system-informed
    ch_vehicle = system-informed
    
    sh_alternative = system-informed
    sh_enter_at = system-informed
    sh_exit_at = system-informed
    sh_found_directions = system-informed
    sh_from_stop = system-informed
    sh_go_at = system-informed
    sh_headsign = system-informed
    sh_line = system-informed
    sh_stops_conflict = system-informed
    sh_to_stop = system-informed
    sh_vehicle = system-informed
    

2013-09-08-19-25-49.151559-CEST  DM-5       : DEBUG      
    DDDState - Dialogue state update
    
    Requested slots:
    {}
    Confirmed slots:
    {}
    Non-informed slots:
    {u'route_alternative': 0, u'silence_time': 0.0}

2013-09-08-19-25-49.507943-CEST  DM-5       : DEBUG      
    DM Output
    ------------------------------------------------------------
    notunderstood()&help(inform="alternative_next")
    

2013-09-08-19-25-49.579381-CEST  SLU-4      : DEBUG      
    SLU Hypothesis
    ------------------------------------------------------------
    0.799 affirm()
    0.201 other()
    

2013-09-08-19-25-49.602659-CEST  MainProcess : INFO       
    #12480  Time: 2013-09-08-19-25-49.597596-CEST From: DM         To: HUB        DA: notunderstood()&help(inform="alternative_next") 

2013-09-08-19-25-49.690544-CEST  DM-5       : DEBUG      
    DDDState Dialogue Act in: affirm()

2013-09-08-19-25-49.694647-CEST  DM-5       : DEBUG      
    Context Resolution - Dialogue Act: affirm()

2013-09-08-19-25-49.700723-CEST  DM-5       : DEBUG      
    DDDState - Dialogue state content:
    
    ludait = none
    alternative = none
    from_centre = none
    from_stop = Nádraží Holešovice
    route_alternative = 0
    silence_time = 0.0
    time = none
    to_centre = none
    to_stop = Českolipská
    
    rh_alternative = system-informed
    rh_enter_at = system-informed
    rh_exit_at = system-informed
    rh_found_directions = system-informed
    rh_from_stop = system-informed
    rh_go_at = system-informed
    rh_headsign = system-informed
    rh_line = system-informed
    rh_stops_conflict = system-informed
    rh_to_stop = system-informed
    rh_vehicle = system-informed
    
    ch_alternative = system-informed
    ch_enter_at = system-informed
    ch_exit_at = system-informed
    ch_found_directions = system-informed
    ch_from_stop = system-informed
    ch_go_at = system-informed
    ch_headsign = system-informed
    ch_line = system-informed
    ch_stops_conflict = system-informed
    ch_to_stop = system-informed
    ch_vehicle = system-informed
    
    sh_alternative = system-informed
    sh_enter_at = system-informed
    sh_exit_at = system-informed
    sh_found_directions = system-informed
    sh_from_stop = system-informed
    sh_go_at = system-informed
    sh_headsign = system-informed
    sh_line = system-informed
    sh_stops_conflict = system-informed
    sh_to_stop = system-informed
    sh_vehicle = system-informed
    

2013-09-08-19-25-49.706942-CEST  DM-5       : DEBUG      
    DDDState - Dialogue state update
    
    Requested slots:
    {}
    Confirmed slots:
    {}
    Non-informed slots:
    {u'route_alternative': 0, u'silence_time': 0.0}

2013-09-08-19-25-49.778450-CEST  NLG-6      : DEBUG      
    #12495  Time: 2013-09-08-19-25-49.773554-CEST From: HUB        To: NLG        Command: flush() 

2013-09-08-19-25-49.782993-CEST  MainProcess : INFO       
    #12485  Time: 2013-09-08-19-25-49.682549-CEST From: SLU        To: HUB        Command: slu_parsed(fname="vad-2013-09-08-19-25-46.057809.wav") 

2013-09-08-19-25-49.786911-CEST  MainProcess : INFO       
    #12496  Time: 2013-09-08-19-25-49.779572-CEST From: NLG        To: HUB        Command: flushed() 

2013-09-08-19-25-49.792419-CEST  TTS-7      : DEBUG      
    #12497  Time: 2013-09-08-19-25-49.788004-CEST From: HUB        To: TTS        Command: flush() 

2013-09-08-19-25-49.797691-CEST  MainProcess : INFO       
    #12498  Time: 2013-09-08-19-25-49.793606-CEST From: TTS        To: HUB        Command: flushed() 

2013-09-08-19-25-49.801905-CEST  VoipIO-1   : DEBUG      
    #12499  Time: 2013-09-08-19-25-49.798885-CEST From: HUB        To: VIO        Command: flush_out() 

2013-09-08-19-25-49.808384-CEST  MainProcess : INFO       
    #12500  Time: 2013-09-08-19-25-49.803289-CEST From: VoipIO     To: HUB        Command: flushed_out() 

2013-09-08-19-25-49.814198-CEST  NLG-6      : DEBUG      
    #12501  Time: 2013-09-08-19-25-49.809547-CEST From: HUB        To: NLG        DA: notunderstood()&help(inform="alternative_next") 

2013-09-08-19-25-49.818506-CEST  NLG-6      : DEBUG      
    NLG Output
    ------------------------------------------------------------
    Promiňte, nerozuměla jsem. Můžete mě požádat o následující spoj.
    

2013-09-08-19-25-49.985156-CEST  MainProcess : INFO       
    #12514  Time: 2013-09-08-19-25-49.974112-CEST From: NLG        To: HUB        Command: nlg_text_generated() 

2013-09-08-19-25-49.988720-CEST  MainProcess : INFO       
    #12516  Time: 2013-09-08-19-25-49.980142-CEST From: TTS        To: HUB        Command: tts_start(user_id="None",text="Promiňte, nerozuměla jsem. Můžete mě požádat o následující spoj.") 

2013-09-08-19-25-50.211968-CEST  MainProcess : INFO       
    #12518  Time: 2013-09-08-19-25-49.982397-CEST From: VoipIO     To: HUB        Command: play_utterance_start(user_id="None",fname="tts-2013-09-08-19-25-49.979973.wav") 

2013-09-08-19-25-50.235116-CEST  DM-5       : DEBUG      
    DM Output
    ------------------------------------------------------------
    inform(found_directions="true")&inform(alternative="1")&inform(vehicle="BUS")&inform(line="201")&inform(go_at="07:31")&inform(enter_at="Nádraží Holešovice")&inform(headsign="Bakovská")&inform(exit_at="Českolipská")
    

2013-09-08-19-25-50.334018-CEST  MainProcess : INFO       
    #12825  Time: 2013-09-08-19-25-50.325521-CEST From: TTS        To: HUB        Command: tts_end(user_id="None",text="Promiňte, nerozuměla jsem. Můžete mě požádat o následující spoj.",fname="tts-2013-09-08-19-25-49.979973.wav",log="true") 

2013-09-08-19-25-50.390098-CEST  MainProcess : INFO       
    #12830  Time: 2013-09-08-19-25-50.385497-CEST From: DM         To: HUB        DA: inform(found_directions="true")&inform(alternative="1")&inform(vehicle="BUS")&inform(line="201")&inform(go_at="07:31")&inform(enter_at="Nádraží Holešovice")&inform(headsign="Bakovská")&inform(exit_at="Českolipská") 

2013-09-08-19-25-50.549331-CEST  NLG-6      : DEBUG      
    #12843  Time: 2013-09-08-19-25-50.544707-CEST From: HUB        To: NLG        Command: flush() 

2013-09-08-19-25-50.554266-CEST  MainProcess : INFO       
    #12844  Time: 2013-09-08-19-25-50.550435-CEST From: NLG        To: HUB        Command: flushed() 

2013-09-08-19-25-50.559874-CEST  TTS-7      : DEBUG      
    #12845  Time: 2013-09-08-19-25-50.555316-CEST From: HUB        To: TTS        Command: flush() 

2013-09-08-19-25-50.564560-CEST  MainProcess : INFO       
    #12846  Time: 2013-09-08-19-25-50.560889-CEST From: TTS        To: HUB        Command: flushed() 

2013-09-08-19-25-50.570752-CEST  VoipIO-1   : DEBUG      
    #12847  Time: 2013-09-08-19-25-50.565790-CEST From: HUB        To: VIO        Command: flush_out() 

2013-09-08-19-25-50.575234-CEST  MainProcess : INFO       
    #12848  Time: 2013-09-08-19-25-50.572180-CEST From: VoipIO     To: HUB        Command: flushed_out() 

2013-09-08-19-25-50.580969-CEST  NLG-6      : DEBUG      
    #12849  Time: 2013-09-08-19-25-50.576226-CEST From: HUB        To: NLG        DA: inform(found_directions="true")&inform(alternative="1")&inform(vehicle="BUS")&inform(line="201")&inform(go_at="07:31")&inform(enter_at="Nádraží Holešovice")&inform(headsign="Bakovská")&inform(exit_at="Českolipská") 

2013-09-08-19-25-50.658048-CEST  NLG-6      : DEBUG      
    NLG Output
    ------------------------------------------------------------
    Našla jsem následující spojení. Možnost první. Jeďte autobusem číslo 201 v 07:31 ze zastávky Nádraží Holešovice směrem Bakovská. Vystupte na zastávce Českolipská.
    

2013-09-08-19-25-50.754118-CEST  MainProcess : INFO       
    #12862  Time: 2013-09-08-19-25-50.750853-CEST From: NLG        To: HUB        Command: nlg_text_generated() 

2013-09-08-19-25-50.776491-CEST  MainProcess : INFO       
    #12864  Time: 2013-09-08-19-25-50.755356-CEST From: TTS        To: HUB        Command: tts_start(user_id="None",text="Našla jsem následující spojení. Možnost první. Jeďte autobusem číslo 201 v 07:31 ze zastávky Nádraží Holešovice směrem Bakovská. Vystupte na zastávce Českolipská.") 

2013-09-08-19-25-50.906996-CEST  MainProcess : INFO       
    #12866  Time: 2013-09-08-19-25-50.758226-CEST From: VoipIO     To: HUB        Command: play_utterance_start(user_id="None",fname="tts-2013-09-08-19-25-50.752534.wav") 

2013-09-08-19-25-51.091913-CEST  MainProcess : INFO       
    #13675  Time: 2013-09-08-19-25-51.083606-CEST From: TTS        To: HUB        Command: tts_end(user_id="None",text="Našla jsem následující spojení. Možnost první. Jeďte autobusem číslo 201 v 07:31 ze zastávky Nádraží Holešovice směrem Bakovská. Vystupte na zastávce Českolipská.",fname="tts-2013-09-08-19-25-50.752534.wav",log="true") 

2013-09-08-19-26-03.411372-CEST  MainProcess : INFO       
    #14432  Time: 2013-09-08-19-26-03.187450-CEST From: VoipIO     To: HUB        Command: play_utterance_end(user_id="None",fname="tts-2013-09-08-19-25-50.752534.wav) 

2013-09-08-19-26-06.213066-CEST  MainProcess : INFO       
    #14623  Time: 2013-09-08-19-26-06.209247-CEST From: VAD        To: HUB        Command: speech_start(fname="vad-2013-09-08-19-26-06.025585.wav") 

2013-09-08-19-26-06.217885-CEST  ASR-3      : DEBUG      
    ASR: speech_start(fname="vad-2013-09-08-19-26-06.025585.wav")

2013-09-08-19-26-06.229336-CEST  MainProcess : INFO       
    #14624  Time: 2013-09-08-19-26-06.211298-CEST From: ASR        To: HUB        Command: asr_start(fname="vad-2013-09-08-19-26-06.025585.wav") 

2013-09-08-19-26-07.721689-CEST  ASR-3      : DEBUG      
    ASR: speech_end(fname="vad-2013-09-08-19-26-06.025585.wav")

2013-09-08-19-26-07.725301-CEST  MainProcess : INFO       
    #14721  Time: 2013-09-08-19-26-07.718134-CEST From: VAD        To: HUB        Command: speech_end(fname="vad-2013-09-08-19-26-06.025585.wav") 

2013-09-08-19-26-08.422535-CEST  ASR-3      : DEBUG      
    ASR Hypothesis
    ------------------------------------------------------------
    0.914 děkuji stačí
    0.029 děkuji stačí to
    0.023 děkuji stačí i
    0.017 děkuji stačí mít
    0.011 děkuji stačí i i
    0.006 děkuju stačí
    0.000 __other__
    

2013-09-08-19-26-08.485321-CEST  MainProcess : INFO       
    #14771  Time: 2013-09-08-19-26-08.481964-CEST From: VAD        To: HUB        Command: speech_start(fname="vad-2013-09-08-19-26-08.291578.wav") 

2013-09-08-19-26-08.650236-CEST  MainProcess : INFO       
    #14782  Time: 2013-09-08-19-26-08.645887-CEST From: ASR        To: HUB        Command: asr_end(fname="vad-2013-09-08-19-26-06.025585.wav") 

2013-09-08-19-26-08.655918-CEST  MainProcess : INFO       
    #14785  Time: 2013-09-08-19-26-08.648962-CEST From: ASR        To: HUB        Command: asr_start(fname="vad-2013-09-08-19-26-08.291578.wav") 

2013-09-08-19-26-08.659332-CEST  ASR-3      : DEBUG      
    ASR: speech_start(fname="vad-2013-09-08-19-26-08.291578.wav")

2013-09-08-19-26-09.117608-CEST  SLU-4      : DEBUG      
    SLU Hypothesis
    ------------------------------------------------------------
    1.000 thankyou()
    

2013-09-08-19-26-09.154267-CEST  MainProcess : INFO       
    #14816  Time: 2013-09-08-19-26-09.150383-CEST From: VAD        To: HUB        Command: speech_end(fname="vad-2013-09-08-19-26-08.291578.wav") 

2013-09-08-19-26-09.157935-CEST  ASR-3      : DEBUG      
    ASR: speech_end(fname="vad-2013-09-08-19-26-08.291578.wav")

2013-09-08-19-26-09.239917-CEST  MainProcess : INFO       
    #14825  Time: 2013-09-08-19-26-09.235778-CEST From: SLU        To: HUB        Command: slu_parsed(fname="vad-2013-09-08-19-26-06.025585.wav") 

2013-09-08-19-26-09.243436-CEST  DM-5       : DEBUG      
    DDDState Dialogue Act in: thankyou()

2013-09-08-19-26-09.249823-CEST  DM-5       : DEBUG      
    Context Resolution - Dialogue Act: thankyou()

2013-09-08-19-26-09.254204-CEST  DM-5       : DEBUG      
    DDDState - Dialogue state content:
    
    ludait = thankyou
    alternative = none
    from_centre = none
    from_stop = Nádraží Holešovice
    route_alternative = 0
    silence_time = 0.0
    time = none
    to_centre = none
    to_stop = Českolipská
    
    rh_alternative = system-informed
    rh_enter_at = system-informed
    rh_exit_at = system-informed
    rh_found_directions = system-informed
    rh_from_stop = system-informed
    rh_go_at = system-informed
    rh_headsign = system-informed
    rh_line = system-informed
    rh_stops_conflict = system-informed
    rh_to_stop = system-informed
    rh_vehicle = system-informed
    
    ch_alternative = system-informed
    ch_enter_at = system-informed
    ch_exit_at = system-informed
    ch_found_directions = system-informed
    ch_from_stop = system-informed
    ch_go_at = system-informed
    ch_headsign = system-informed
    ch_line = system-informed
    ch_stops_conflict = system-informed
    ch_to_stop = system-informed
    ch_vehicle = system-informed
    
    sh_alternative = system-informed
    sh_enter_at = system-informed
    sh_exit_at = system-informed
    sh_found_directions = system-informed
    sh_from_stop = system-informed
    sh_go_at = system-informed
    sh_headsign = system-informed
    sh_line = system-informed
    sh_stops_conflict = system-informed
    sh_to_stop = system-informed
    sh_vehicle = system-informed
    

2013-09-08-19-26-09.257847-CEST  DM-5       : DEBUG      
    DDDState - Dialogue state update
    
    Requested slots:
    {}
    Confirmed slots:
    {}
    Non-informed slots:
    {u'route_alternative': 0, u'silence_time': 0.0}

2013-09-08-19-26-09.378584-CEST  ASR-3      : DEBUG      
    ASR Hypothesis
    ------------------------------------------------------------
    1.000 __silence__
    0.000 __other__
    

2013-09-08-19-26-09.633934-CEST  MainProcess : INFO       
    #14851  Time: 2013-09-08-19-26-09.628647-CEST From: ASR        To: HUB        Command: asr_end(fname="vad-2013-09-08-19-26-08.291578.wav") 

2013-09-08-19-26-09.637977-CEST  SLU-4      : DEBUG      
    SLU Hypothesis
    ------------------------------------------------------------
    1.000 silence()
    

2013-09-08-19-26-09.765806-CEST  DM-5       : DEBUG      
    DM Output
    ------------------------------------------------------------
    inform(cordiality="true")&hello()
    

2013-09-08-19-26-09.865539-CEST  MainProcess : INFO       
    #14865  Time: 2013-09-08-19-26-09.851762-CEST From: SLU        To: HUB        Command: slu_parsed(fname="vad-2013-09-08-19-26-08.291578.wav") 

2013-09-08-19-26-10.007498-CEST  MainProcess : INFO       
    #14879  Time: 2013-09-08-19-26-10.003828-CEST From: DM         To: HUB        DA: inform(cordiality="true")&hello() 

2013-09-08-19-26-10.014516-CEST  DM-5       : DEBUG      
    DDDState Dialogue Act in: silence()

2013-09-08-19-26-10.017946-CEST  NLG-6      : DEBUG      
    #14880  Time: 2013-09-08-19-26-10.012793-CEST From: HUB        To: NLG        DA: inform(cordiality="true")&hello() 

2013-09-08-19-26-10.021201-CEST  DM-5       : DEBUG      
    Context Resolution - Dialogue Act: silence()

2013-09-08-19-26-10.024228-CEST  NLG-6      : DEBUG      
    NLG Output
    ------------------------------------------------------------
    Nemáte zač. S čím Vám mohu ještě pomoci.
    

2013-09-08-19-26-10.033996-CEST  DM-5       : DEBUG      
    DDDState - Dialogue state content:
    
    ludait = silence
    alternative = none
    from_centre = none
    from_stop = Nádraží Holešovice
    route_alternative = 0
    silence_time = 0.0
    time = none
    to_centre = none
    to_stop = Českolipská
    
    rh_alternative = system-informed
    rh_cordiality = system-informed
    rh_enter_at = system-informed
    rh_exit_at = system-informed
    rh_found_directions = system-informed
    rh_from_stop = system-informed
    rh_go_at = system-informed
    rh_headsign = system-informed
    rh_line = system-informed
    rh_stops_conflict = system-informed
    rh_to_stop = system-informed
    rh_vehicle = system-informed
    
    ch_alternative = system-informed
    ch_cordiality = system-informed
    ch_enter_at = system-informed
    ch_exit_at = system-informed
    ch_found_directions = system-informed
    ch_from_stop = system-informed
    ch_go_at = system-informed
    ch_headsign = system-informed
    ch_line = system-informed
    ch_stops_conflict = system-informed
    ch_to_stop = system-informed
    ch_vehicle = system-informed
    
    sh_alternative = system-informed
    sh_cordiality = system-informed
    sh_enter_at = system-informed
    sh_exit_at = system-informed
    sh_found_directions = system-informed
    sh_from_stop = system-informed
    sh_go_at = system-informed
    sh_headsign = system-informed
    sh_line = system-informed
    sh_stops_conflict = system-informed
    sh_to_stop = system-informed
    sh_vehicle = system-informed
    

2013-09-08-19-26-10.038099-CEST  DM-5       : DEBUG      
    DDDState - Dialogue state update
    
    Requested slots:
    {}
    Confirmed slots:
    {}
    Non-informed slots:
    {u'route_alternative': 0, u'silence_time': 0.0}

2013-09-08-19-26-10.113159-CEST  MainProcess : INFO       
    #14885  Time: 2013-09-08-19-26-10.107759-CEST From: NLG        To: HUB        Command: nlg_text_generated() 

2013-09-08-19-26-10.116586-CEST  MainProcess : INFO       
    #14887  Time: 2013-09-08-19-26-10.109097-CEST From: TTS        To: HUB        Command: tts_start(user_id="None",text="Nemáte zač. S čím Vám mohu ještě pomoci.") 

2013-09-08-19-26-10.362576-CEST  MainProcess : INFO       
    #15073  Time: 2013-09-08-19-26-10.357562-CEST From: TTS        To: HUB        Command: tts_end(user_id="None",text="Nemáte zač. S čím Vám mohu ještě pomoci.",fname="tts-2013-09-08-19-26-10.108935.wav",log="true") 

2013-09-08-19-26-10.368616-CEST  MainProcess : INFO       
    #14889  Time: 2013-09-08-19-26-10.115954-CEST From: VoipIO     To: HUB        Command: play_utterance_start(user_id="None",fname="tts-2013-09-08-19-26-10.108935.wav") 

2013-09-08-19-26-10.624100-CEST  DM-5       : DEBUG      
    DM Output
    ------------------------------------------------------------
    silence()
    

2013-09-08-19-26-10.733379-CEST  MainProcess : INFO       
    #15113  Time: 2013-09-08-19-26-10.729241-CEST From: DM         To: HUB        DA: silence() 

2013-09-08-19-26-10.973660-CEST  MainProcess : INFO       
    #15131  Time: 2013-09-08-19-26-10.968808-CEST From: VAD        To: HUB        Command: speech_start(fname="vad-2013-09-08-19-26-10.729627.wav") 

2013-09-08-19-26-10.977693-CEST  ASR-3      : DEBUG      
    ASR: speech_start(fname="vad-2013-09-08-19-26-10.729627.wav")

2013-09-08-19-26-10.984730-CEST  MainProcess : INFO       
    #15132  Time: 2013-09-08-19-26-10.970619-CEST From: ASR        To: HUB        Command: asr_start(fname="vad-2013-09-08-19-26-10.729627.wav") 

2013-09-08-19-26-11.459951-CEST  ASR-3      : DEBUG      
    ASR: speech_end(fname="vad-2013-09-08-19-26-10.729627.wav")

2013-09-08-19-26-11.468150-CEST  MainProcess : INFO       
    #15163  Time: 2013-09-08-19-26-11.456918-CEST From: VAD        To: HUB        Command: speech_end(fname="vad-2013-09-08-19-26-10.729627.wav") 

2013-09-08-19-26-11.824697-CEST  ASR-3      : DEBUG      
    ASR Hypothesis
    ------------------------------------------------------------
    1.000 __silence__
    0.000 __other__
    

2013-09-08-19-26-11.936386-CEST  MainProcess : INFO       
    #15195  Time: 2013-09-08-19-26-11.932854-CEST From: ASR        To: HUB        Command: asr_end(fname="vad-2013-09-08-19-26-10.729627.wav") 

2013-09-08-19-26-11.939472-CEST  SLU-4      : DEBUG      
    SLU Hypothesis
    ------------------------------------------------------------
    1.000 silence()
    

2013-09-08-19-26-12.095569-CEST  MainProcess : INFO       
    #15205  Time: 2013-09-08-19-26-12.091834-CEST From: SLU        To: HUB        Command: slu_parsed(fname="vad-2013-09-08-19-26-10.729627.wav") 

2013-09-08-19-26-12.098891-CEST  DM-5       : DEBUG      
    DDDState Dialogue Act in: silence()

2013-09-08-19-26-12.102351-CEST  DM-5       : DEBUG      
    Context Resolution - Dialogue Act: silence()

2013-09-08-19-26-12.106522-CEST  DM-5       : DEBUG      
    DDDState - Dialogue state content:
    
    ludait = silence
    alternative = none
    from_centre = none
    from_stop = Nádraží Holešovice
    route_alternative = 0
    silence_time = 0.0
    time = none
    to_centre = none
    to_stop = Českolipská
    
    rh_alternative = system-informed
    rh_cordiality = system-informed
    rh_enter_at = system-informed
    rh_exit_at = system-informed
    rh_found_directions = system-informed
    rh_from_stop = system-informed
    rh_go_at = system-informed
    rh_headsign = system-informed
    rh_line = system-informed
    rh_stops_conflict = system-informed
    rh_to_stop = system-informed
    rh_vehicle = system-informed
    
    ch_alternative = system-informed
    ch_cordiality = system-informed
    ch_enter_at = system-informed
    ch_exit_at = system-informed
    ch_found_directions = system-informed
    ch_from_stop = system-informed
    ch_go_at = system-informed
    ch_headsign = system-informed
    ch_line = system-informed
    ch_stops_conflict = system-informed
    ch_to_stop = system-informed
    ch_vehicle = system-informed
    
    sh_alternative = system-informed
    sh_cordiality = system-informed
    sh_enter_at = system-informed
    sh_exit_at = system-informed
    sh_found_directions = system-informed
    sh_from_stop = system-informed
    sh_go_at = system-informed
    sh_headsign = system-informed
    sh_line = system-informed
    sh_stops_conflict = system-informed
    sh_to_stop = system-informed
    sh_vehicle = system-informed
    

2013-09-08-19-26-12.110226-CEST  DM-5       : DEBUG      
    DDDState - Dialogue state update
    
    Requested slots:
    {}
    Confirmed slots:
    {}
    Non-informed slots:
    {u'route_alternative': 0, u'silence_time': 0.0}

2013-09-08-19-26-12.339817-CEST  DM-5       : DEBUG      
    DM Output
    ------------------------------------------------------------
    silence()
    

2013-09-08-19-26-12.478914-CEST  MainProcess : INFO       
    #15231  Time: 2013-09-08-19-26-12.473488-CEST From: DM         To: HUB        DA: silence() 

2013-09-08-19-26-13.200515-CEST  VoipIO-1   : DEBUG      
    CallCallback::on_state : Call with "777722783" <sip:777722783@195.113.20.160> is DISCONNCTD last code = 200 (Normal call clearing)

2013-09-08-19-26-13.440764-CEST  VoipIO-1   : DEBUG      
    VoipIO::on_call_disconnected

2013-09-08-19-26-13.444699-CEST  MainProcess : INFO       
    #15280  Time: 2013-09-08-19-26-13.441729-CEST From: VoipIO     To: HUB        Command: call_disconnected(remote_uri="777722783") 

