2013-06-27-12-18-33.124781-CEST  VoipIO-1   : DEBUG      
    CallCallback::on_state : Call with "775035267" <sip:775035267@195.113.20.160> is CONNECTING last code = 200 (OK)

2013-06-27-12-18-33.129668-CEST  VoipIO-1   : DEBUG      
    VoipIO::on_call_connecting

2013-06-27-12-18-33.135672-CEST  VoipIO-1   : DEBUG      
    CallCallback::on_state : Call with "775035267" <sip:775035267@195.113.20.160> is CONFIRMED last code = 200 (OK)

2013-06-27-12-18-33.159119-CEST  MainProcess : SYSTEM-LOG 
    config = { 'ASR': { 'Google': { 'debug': False, 'language': 'cs', 'maxresults': 20},
               'Julius': { 'adinnetport': 5530,
                           'binary': '/usr/local/bin/julius',
                           'debug': False,
                           'hostname': 'localhost',
                           'jconf': { '-adport': '5530',
                                      '-b': '1000',
                                      '-b2': '100',
                                      '-cmnload': 'cmn.param',
                                      '-cmnmapweight': '200',
                                      '-cmnsave': 'cmn.param',
                                      '-confnet': '',
                                      '-fallback1pass': '',
                                      '-gprune': 'safe',
                                      '-h': '/mnt/h/jurcicek/vystadial-git/alex/resources/asr/voip_en/hmmdefs',
                                      '-hlist': '/mnt/h/jurcicek/vystadial-git/alex/resources/asr/voip_en/tiedlist',
                                      '-htkconf': '/mnt/h/jurcicek/vystadial-git/alex/resources/asr/voip_en/config',
                                      '-input': 'adinnet',
                                      '-iwsp': '',
                                      '-iwsppenalty': '0.0',
                                      '-lmp': '15.0 0.0',
                                      '-lmp2': '15.0 0.0',
                                      '-mapunk': 'UM',
                                      '-module': '10500',
                                      '-n': '50',
                                      '-nlr': '/mnt/h/jurcicek/vystadial-git/alex/resources/lm/caminfo/julius_arpa_bigram',
                                      '-no_ccd': '',
                                      '-nrl': '/mnt/h/jurcicek/vystadial-git/alex/resources/lm/caminfo/julius_arpa_rev_bigram',
                                      '-silhead': '<s>',
                                      '-siltail': '</s>',
                                      '-spmodel': 'sp',
                                      '-tmix': '4',
                                      '-v': '/mnt/h/jurcicek/vystadial-git/alex/resources/lm/caminfo/julius_dict'},
                           'jconffile': 'julius.jconf',
                           'killall': False,
                           'logfile': 'julius.log',
                           'msg_timeout': 0.3,
                           'pidfile': 'julius.pid',
                           'reuse_server': False,
                           'serverport': 10500,
                           'start_max_wait_time': 15,
                           'start_wait_time': 0.5,
                           'timeout': 2.0},
               'Kaldi': { 'LM_scale': -6666.66,
                          'hypothesis_type': 'nblist',
                          'lat_depth': 666666,
                          'model': 'TODO_path_to_model'},
               'debug': True,
               'type': 'Google'},
      'AlexOnTheBus': { 'max_turns': 30},
      'Analytics': Analytics(account_id='UA-41905278-1', domain_name='cuni.cz'),
      'Audio': { 'sample_rate': 16000, 'samples_per_frame': 256},
      'AudioIO': { 'debug': True, 'output_dir': './aio_call_log', 'play_buffer_size': 1024},
      'DM': { 'PUfalRuleDM': { 'code_submit_url': None,
                               'db_cfg': '/mnt/h/jurcicek/vystadial-git/alex/resources/../applications/CamInfoRest/cued_data/CIRdbase_V7_noloc.txt',
                               'ontology': '/mnt/h/jurcicek/vystadial-git/alex/resources/../applications/CamInfoRest/ontology.cfg',
                               'provide_code': False},
              'UfalRuleDM': { 'code_submit_url': None,
                              'db_cfg': '/mnt/h/jurcicek/vystadial-git/alex/resources/../applications/CamInfoRest/cued_data/CIRdbase_V7_noloc.txt',
                              'ontology': '/mnt/h/jurcicek/vystadial-git/alex/resources/../applications/CamInfoRest/ontology.cfg',
                              'provide_code': False},
              'basic': { 'debug': True},
              'debug': True,
              'dialogue_policy': { 'type': <class 'alex.applications.AlexOnTheBus.aotb_hdc_policy.AOTBHDCPolicy'>},
              'dialogue_state': { 'type': <class 'alex.components.dm.dddstate.DeterministicDiscriminativeDialogueState'>},
              'ontology': '/mnt/h/jurcicek/vystadial-git/alex/applications/AlexOnTheBus/data/ontology.py',
              'type': 'basic'},
      'General': { 'debug': False, 'include': ['/mnt/h/jurcicek/vystadial-git/alex/resources/private/default.cfg']},
      'Hub': { 'history_file': 'hub_history_hub.txt', 'history_length': 1000, 'main_loop_sleep_time': 0.002},
      'Logging': { 'session_logger': SessionLogger(),
                   'system_logger': SystemLogger(output_dir=/net/projects/vystadial/data/call-logs/2013-05-30-alex-aotb-prototype/new, stdout_log_level='DEBUG', stdout=True, file_log_level='DEBUG'),
                   'system_name': u'Alex On The Bus - Live',
                   'version': u'1.0'},
      'NLG': { 'Template': { 'model': '/mnt/h/jurcicek/vystadial-git/alex/applications/AlexOnTheBus/nlg_templates.cfg'},
               'debug': True,
               'type': 'Template'},
      'SHub': { 'history_file': 'hub_history_shub.txt', 'history_length': 1000},
      'SLU': { 'cl-tracing': { 'cldb_fname': '/mnt/h/jurcicek/vystadial-git/alex/applications/CamInfoRest/data/database.py',
                               'do_preprocessing': True,
                               'features_type': ('ngram',),
                               'testing': { 'max_examples': None,
                                            'min_perc': 80,
                                            'model_fname': '/mnt/h/jurcicek/vystadial-git/alex/applications/CamInfoRest/models/130516_minf60-minfc35-mind60.slu_model.gz',
                                            'renormalise': True,
                                            'threshold': None,
                                            'vanilla': True},
                               'training': { 'models_dir': 'models'}},
               'debug': True,
               'type': <class 'alex.applications.AlexOnTheBus.aotb_slu.AOTBSLU'>,
               <class 'alex.applications.AlexOnTheBus.aotb_slu.AOTBSLU'>: { 'cldb_fname': '/mnt/h/jurcicek/vystadial-git/alex/applications/AlexOnTheBus/data/database.py',
                                                                            'preprocessing_cls': <class 'alex.applications.AlexOnTheBus.aotb_preprocessing.AOTBSLUPreprocessing'>,
                                                                            'training': { 'models_dir': 'models'}}},
      'THub': { 'history_file': 'hub_history_thub.txt', 'history_length': 1000},
      'TTS': { 'Flite': { 'debug': False,
                          'preprocessing': '/mnt/h/jurcicek/vystadial-git/alex/resources/tts/prep_flite_en.cfg',
                          'voice': 'kal16'},
               'Google': { 'debug': False,
                           'language': 'en',
                           'preprocessing': '/mnt/h/jurcicek/vystadial-git/alex/resources/tts/prep_google_en.cfg'},
               'SpeechTech': { 'debug': True,
                               'login': 'filipjurcicek',
    # this line was removed since it included a password
                               'preprocessing': '/mnt/h/jurcicek/vystadial-git/alex/resources/tts/prep_speechtech_cs.cfg',
                               'voice': 'Iva210'},
               'VoiceRSS': { 'api_key': '3b6a9fca5d724b1c8ac34691586cdda1'},
               'VoiceRss': { 'language': 'en-gb',
                             'preprocessing': '/mnt/h/jurcicek/vystadial-git/alex/resources/tts/prep_voicerss_en.cfg'},
               'debug': True,
               'final_silence_removal_proportion': 0.8,
               'type': 'SpeechTech'},
      'VAD': { 'debug': False,
               'decision_frames_sil': 25,
               'decision_frames_speech': 10,
               'decision_non_speech_threshold': 0.2,
               'decision_speech_threshold': 0.7,
               'gmm': { 'ceplifter': 22,
                        'enormalise': True,
                        'filter_length': 5,
                        'frameshift': 160,
                        'framesize': 512,
                        'frontend': 'MFCC',
                        'hifreq': 3800,
                        'lofreq': 125,
                        'numceps': 12,
                        'numchans': 26,
                        'preemcoef': 0.97,
                        'sil_model': '/mnt/h/jurcicek/vystadial-git/alex/resources/vad/voip_en/vad_sil_sds_mfcc_m064_f100000.gmm',
                        'speech_model': '/mnt/h/jurcicek/vystadial-git/alex/resources/vad/voip_en/vad_speech_sds_mfcc_m064_f100000.gmm',
                        'useacc': True,
                        'usec0': False,
                        'usecmn': False,
                        'usedelta': True,
                        'usehamming': True,
                        'usepower': True,
                        'zmeansource': True},
               'power': { 'adaptation_frames': 30, 'threshold': 70, 'threshold_multiplier': 1.0},
               'speech_buffer_frames': 20,
               'type': 'gmm'},
      'VoipHub': { 'blacklist_for': 7200,
                   'call_db': u'/net/projects/vystadial/data/call-logs/2013-05-30-alex-aotb-prototype/new/call_db.pckl',
                   'hard_time_limit': 360,
                   'hard_turn_limit': 40,
                   'history_length': 1000,
                   'last_period_max_num_calls': 20,
                   'last_period_max_total_time': 1800,
                   'limit_reached_message': u'D\u011bkujeme za zavol\xe1n\xed, ale u\u017e jste volali hodn\u011b. Pros\xedm zavolejte pozd\u011bji. Na shledanou.',
                   'period': 172800,
                   'pid_file': u'/net/projects/vystadial/data/call-logs/2013-05-30-alex-aotb-prototype/new/vhub_live.pid',
                   'wait_time_before_calling_back': 10},
      'VoipIO': { 'allowed_hosts': '',
                  'allowed_phone_numbers': '(^[234567])',
                  'allowed_users': '(^[234567])',
                  'debug': True,
                  'domain': 'vystadial.ms.mff.cuni.cz',
                  'forbidden_hosts': '',
                  'forbidden_phone_number': '(^112$|^150$|^155$|^156$|^158$)',
                  'forbidden_users': '(^112$|^150$|^155$|^156$|^158$)',
    # this line was removed since it included a password
                  'pjsip_log_level': 3,
                  'reject_calls': False,
                  'user': '800899998'},
      'WebHub': { 'port': 8000},
      'corpustools': { 'get_jasr_confnets': { 'frame_size': 256, 'rt_ratio': 0.2}}}
    

2013-06-27-12-18-33.183863-CEST  VoipIO-1   : DEBUG      
    VoipIO::on_call_confirmed

2013-06-27-12-18-33.232726-CEST  MainProcess : INFO       
    #2      Time: 2013-06-27-12-18-33.131135-CEST From: VoipIO     To: HUB        Command: call_connecting(remote_uri="775035267") 

2013-06-27-12-18-33.240733-CEST  MainProcess : INFO       
    #3      Time: 2013-06-27-12-18-33.185376-CEST From: VoipIO     To: HUB        Command: call_confirmed(remote_uri="775035267") 

2013-06-27-12-18-33.247718-CEST  MainProcess : INFO       
    
    ========================================================================================================================
    Incoming call from :          775035267
    ------------------------------------------------------------------------------------------------------------------------
    Total calls:                  0
    Total time (min):             0.0
    Last period total calls:      0
    Last period total time (min): 0.0
    ------------------------------------------------------------------------------------------------------------------------
    CALL ACCEPTED
    ========================================================================================================================
    

2013-06-27-12-18-33.253424-CEST  DM-5       : DEBUG      
    #4      Time: 2013-06-27-12-18-33.244039-CEST From: HUB        To: DM         Command: new_dialogue() 

2013-06-27-12-18-33.258420-CEST  DM-5       : DEBUG      
    DM Output
    ------------------------------------------------------------
    hello()
    

2013-06-27-12-18-33.285111-CEST  MainProcess : INFO       
    #9      Time: 2013-06-27-12-18-33.279893-CEST From: DM         To: HUB        Command: dm_da_generated() 

2013-06-27-12-18-33.290903-CEST  NLG-6      : DEBUG      
    NLG Output
    ------------------------------------------------------------
    Dobrý den. Hovor je nahráván. Více informací o této službě je na internetu. Jak Vám mohu pomoci. 
    

2013-06-27-12-18-33.310203-CEST  MainProcess : INFO       
    #10     Time: 2013-06-27-12-18-33.305141-CEST From: NLG        To: HUB        Command: nlg_text_generated() 

2013-06-27-12-18-33.315424-CEST  MainProcess : INFO       
    #12     Time: 2013-06-27-12-18-33.306632-CEST From: TTS        To: HUB        Command: tts_start(user_id="None",text="Dobrý den. Hovor je nahráván. Více informací o této službě je na internetu. Jak Vám mohu pomoci. ") 

2013-06-27-12-18-33.392884-CEST  MainProcess : INFO       
    #15     Time: 2013-06-27-12-18-33.310167-CEST From: VoipIO     To: HUB        Command: play_utterance_start(user_id="None",fname="tts-2013-06-27-12-18-33.306105.wav") 

2013-06-27-12-18-33.500679-CEST  MainProcess : INFO       
    #562    Time: 2013-06-27-12-18-33.493387-CEST From: TTS        To: HUB        Command: tts_end(user_id="None",text="Dobrý den. Hovor je nahráván. Více informací o této službě je na internetu. Jak Vám mohu pomoci. ",fname="tts-2013-06-27-12-18-33.306105.wav",log="true") 

2013-06-27-12-18-41.840436-CEST  MainProcess : INFO       
    #1067   Time: 2013-06-27-12-18-41.557061-CEST From: VoipIO     To: HUB        Command: play_utterance_end(user_id="None",fname="tts-2013-06-27-12-18-33.306105.wav) 

2013-06-27-12-18-43.604923-CEST  ASR-3      : DEBUG      
    ASR: speech_start()

2013-06-27-12-18-43.610438-CEST  MainProcess : INFO       
    #1197   Time: 2013-06-27-12-18-43.599114-CEST From: VAD        To: HUB        Command: speech_start(fname="vad-2013-06-27-12-18-43.577254.wav") 

2013-06-27-12-18-43.617702-CEST  MainProcess : INFO       
    #1198   Time: 2013-06-27-12-18-43.599635-CEST From: ASR        To: HUB        Command: asr_start() 

2013-06-27-12-18-46.986401-CEST  ASR-3      : DEBUG      
    ASR: speech_end()

2013-06-27-12-18-46.991875-CEST  MainProcess : INFO       
    #1412   Time: 2013-06-27-12-18-46.981664-CEST From: VAD        To: HUB        Command: speech_end(fname="vad-2013-06-27-12-18-43.577254.wav") 

2013-06-27-12-18-48.051107-CEST  ASR-3      : DEBUG      
    ASR Hypothesis
    ------------------------------------------------------------
    0.635 transport malostranského náměstí sedmnáctého listopadu
    0.036 transport malostranského náměstí na kole sedmnáctého listopadu
    0.035 transport malostranské náměstí sedmnáctého listopadu
    0.033 ransdorf malostranského náměstí sedmnáctého listopadu
    0.031 realsport malostranského náměstí sedmnáctého listopadu
    0.029 rammstein malostranského náměstí sedmnáctého listopadu
    0.027 transport malostranské náměstí na kole sedmnáctého listopadu
    0.025 ransdorf malostranského náměstí na kole sedmnáctého listopadu
    0.023 transform malostranského náměstí sedmnáctého listopadu
    0.021 transport malostranském náměstí sedmnáctého listopadu
    0.019 realsport malostranského náměstí na kole sedmnáctého listopadu
    0.017 ransdorf malostranské náměstí sedmnáctého listopadu
    0.015 rammstein malostranského náměstí na kole sedmnáctého listopadu
    0.013 transform malostranského náměstí na kole sedmnáctého listopadu
    0.012 realsport malostranské náměstí sedmnáctého listopadu
    0.010 rammstein malostranské náměstí sedmnáctého listopadu
    0.008 transport malostranském náměstí na kole sedmnáctého listopadu
    0.006 transport malostranského náměstí na koni sedmnáctého listopadu
    0.004 ransdorf malostranské náměstí na kole sedmnáctého listopadu
    0.002 transform malostranské náměstí sedmnáctého listopadu
    0.000 __other__
    

2013-06-27-12-18-48.076808-CEST  MainProcess : INFO       
    #1481   Time: 2013-06-27-12-18-48.071233-CEST From: ASR        To: HUB        Command: asr_end() 

2013-06-27-12-18-49.459706-CEST  SLU-4      : DEBUG      
    SLU Hypothesis
    ------------------------------------------------------------
    0.894 other()
    0.075 inform(="Malostranské náměstí")
    0.031 inform(from_stop="Malostranské náměstí")
    

2013-06-27-12-18-49.485973-CEST  MainProcess : INFO       
    #1571   Time: 2013-06-27-12-18-49.481421-CEST From: SLU        To: HUB        Command: slu_parsed() 

2013-06-27-12-18-49.490130-CEST  DM-5       : DEBUG      
    DDDState Dialogue Act in: other()

2013-06-27-12-18-49.494785-CEST  DM-5       : DEBUG      
    Context Resolution - Dialogue Act: other()

2013-06-27-12-18-49.499488-CEST  DM-5       : DEBUG      
    DDDState - Dialogue state content:
    
    lda = other
    
    
    
    

2013-06-27-12-18-49.503829-CEST  DM-5       : DEBUG      
    DDDState
    
    Requested slots:
    {}
    Confirmed slots:
    {}
    Non-informed slots:
    {}

2013-06-27-12-18-49.508165-CEST  DM-5       : DEBUG      
    DM Output
    ------------------------------------------------------------
    notunderstood()&help(repeat)
    

2013-06-27-12-18-49.541365-CEST  NLG-6      : DEBUG      
    NLG Output
    ------------------------------------------------------------
    Promiňte, nerozuměla jsem. Můžete to zopakovat? Pokud jste nerozuměla poslední větě co jsem řekla, potom mě můžete požádat o zopakování poslední věty.
    

2013-06-27-12-18-49.546382-CEST  MainProcess : INFO       
    #1577   Time: 2013-06-27-12-18-49.535914-CEST From: DM         To: HUB        Command: dm_da_generated() 

2013-06-27-12-18-49.563085-CEST  MainProcess : INFO       
    #1579   Time: 2013-06-27-12-18-49.558294-CEST From: NLG        To: HUB        Command: nlg_text_generated() 

2013-06-27-12-18-49.570819-CEST  MainProcess : INFO       
    #1582   Time: 2013-06-27-12-18-49.564510-CEST From: TTS        To: HUB        Command: tts_start(user_id="None",text="Promiňte, nerozuměla jsem. Můžete to zopakovat? Pokud jste nerozuměla poslední větě co jsem řekla, potom mě můžete požádat o zopakování poslední věty.") 

2013-06-27-12-18-49.583453-CEST  MainProcess : INFO       
    #1584   Time: 2013-06-27-12-18-49.566054-CEST From: VoipIO     To: HUB        Command: play_utterance_start(user_id="None",fname="tts-2013-06-27-12-18-49.560733.wav") 

2013-06-27-12-18-51.317626-CEST  MainProcess : INFO       
    #2457   Time: 2013-06-27-12-18-51.309646-CEST From: TTS        To: HUB        Command: tts_end(user_id="None",text="Promiňte, nerozuměla jsem. Můžete to zopakovat? Pokud jste nerozuměla poslední větě co jsem řekla, potom mě můžete požádat o zopakování poslední věty.",fname="tts-2013-06-27-12-18-49.560733.wav",log="true") 

2013-06-27-12-19-01.746221-CEST  MainProcess : INFO       
    #3102   Time: 2013-06-27-12-19-01.628232-CEST From: VoipIO     To: HUB        Command: play_utterance_end(user_id="None",fname="tts-2013-06-27-12-18-49.560733.wav) 

2013-06-27-12-19-03.626803-CEST  ASR-3      : DEBUG      
    ASR: speech_start()

2013-06-27-12-19-03.631848-CEST  MainProcess : INFO       
    #3228   Time: 2013-06-27-12-19-03.622296-CEST From: VAD        To: HUB        Command: speech_start(fname="vad-2013-06-27-12-19-03.592980.wav") 

2013-06-27-12-19-03.638191-CEST  MainProcess : INFO       
    #3229   Time: 2013-06-27-12-19-03.622422-CEST From: ASR        To: HUB        Command: asr_start() 

2013-06-27-12-19-05.530628-CEST  MainProcess : INFO       
    #3351   Time: 2013-06-27-12-19-05.525334-CEST From: VAD        To: HUB        Command: speech_end(fname="vad-2013-06-27-12-19-03.592980.wav") 

2013-06-27-12-19-05.535076-CEST  ASR-3      : DEBUG      
    ASR: speech_end()

2013-06-27-12-19-06.156194-CEST  ASR-3      : DEBUG      
    ASR Hypothesis
    ------------------------------------------------------------
    0.577 film malostranského náměstí
    0.042 film malostranské náměstí
    0.040 will malostranského náměstí
    0.038 will malostranské náměstí
    0.036 film malostranském náměstí
    0.033 fill malostranského náměstí
    0.031 jill malostranského náměstí
    0.029 fill malostranské náměstí
    0.027 bill malostranského náměstí
    0.025 film malostranský náměstí
    0.022 jill malostranské náměstí
    0.020 bill malostranské náměstí
    0.018 will malostranském náměstí
    0.016 will malostranský náměstí
    0.013 fill malostranském náměstí
    0.011 jill malostranském náměstí
    0.009 bill malostranském náměstí
    0.007 film malostranského náměstí i
    0.004 film malostranské náměstí i
    0.002 fill malostranský náměstí
    0.000 __other__
    

2013-06-27-12-19-06.184376-CEST  MainProcess : INFO       
    #3392   Time: 2013-06-27-12-19-06.179909-CEST From: ASR        To: HUB        Command: asr_end() 

2013-06-27-12-19-07.156261-CEST  SLU-4      : DEBUG      
    SLU Hypothesis
    ------------------------------------------------------------
    0.844 other()
    0.156 inform(="Malostranské náměstí")
    

2013-06-27-12-19-07.181784-CEST  MainProcess : INFO       
    #3458   Time: 2013-06-27-12-19-07.177608-CEST From: SLU        To: HUB        Command: slu_parsed() 

2013-06-27-12-19-07.186154-CEST  DM-5       : DEBUG      
    DDDState Dialogue Act in: other()

2013-06-27-12-19-07.190454-CEST  DM-5       : DEBUG      
    Context Resolution - Dialogue Act: other()

2013-06-27-12-19-07.194903-CEST  DM-5       : DEBUG      
    DDDState - Dialogue state content:
    
    lda = other
    alternative = none
    route_alternative = none
    
    
    
    

2013-06-27-12-19-07.199369-CEST  DM-5       : DEBUG      
    DDDState
    
    Requested slots:
    {}
    Confirmed slots:
    {}
    Non-informed slots:
    {}

2013-06-27-12-19-07.204106-CEST  DM-5       : DEBUG      
    DM Output
    ------------------------------------------------------------
    notunderstood()&help(inform="from_stop")
    

2013-06-27-12-19-07.249581-CEST  MainProcess : INFO       
    #3464   Time: 2013-06-27-12-19-07.244931-CEST From: DM         To: HUB        Command: dm_da_generated() 

2013-06-27-12-19-07.253731-CEST  NLG-6      : DEBUG      
    NLG Output
    ------------------------------------------------------------
    Promiňte, nerozuměla jsem. Můžete to zopakovat? Můžete například říct chtěla bych jet z Anděla.
    

2013-06-27-12-19-07.297994-CEST  MainProcess : INFO       
    #3468   Time: 2013-06-27-12-19-07.294468-CEST From: NLG        To: HUB        Command: nlg_text_generated() 

2013-06-27-12-19-07.305177-CEST  MainProcess : INFO       
    #3472   Time: 2013-06-27-12-19-07.299247-CEST From: TTS        To: HUB        Command: tts_start(user_id="None",text="Promiňte, nerozuměla jsem. Můžete to zopakovat? Můžete například říct chtěla bych jet z Anděla.") 

2013-06-27-12-19-07.320806-CEST  MainProcess : INFO       
    #3474   Time: 2013-06-27-12-19-07.300815-CEST From: VoipIO     To: HUB        Command: play_utterance_start(user_id="None",fname="tts-2013-06-27-12-19-07.295904.wav") 

2013-06-27-12-19-07.417463-CEST  MainProcess : INFO       
    #3968   Time: 2013-06-27-12-19-07.411180-CEST From: TTS        To: HUB        Command: tts_end(user_id="None",text="Promiňte, nerozuměla jsem. Můžete to zopakovat? Můžete například říct chtěla bych jet z Anděla.",fname="tts-2013-06-27-12-19-07.295904.wav",log="true") 

2013-06-27-12-19-12.525265-CEST  MainProcess : INFO       
    #4290   Time: 2013-06-27-12-19-12.520901-CEST From: VAD        To: HUB        Command: speech_start(fname="vad-2013-06-27-12-19-12.480168.wav") 

2013-06-27-12-19-12.530542-CEST  ASR-3      : DEBUG      
    ASR: speech_start()

2013-06-27-12-19-12.552330-CEST  NLG-6      : DEBUG      
    #4296   Time: 2013-06-27-12-19-12.548221-CEST From: HUB        To: NLG        Command: flush() 

2013-06-27-12-19-12.557286-CEST  MainProcess : INFO       
    #4291   Time: 2013-06-27-12-19-12.522965-CEST From: ASR        To: HUB        Command: asr_start() 

2013-06-27-12-19-12.561773-CEST  MainProcess : INFO       
    #4297   Time: 2013-06-27-12-19-12.553717-CEST From: NLG        To: HUB        Command: flushed() 

2013-06-27-12-19-12.568587-CEST  TTS-7      : DEBUG      
    #4298   Time: 2013-06-27-12-19-12.564199-CEST From: HUB        To: TTS        Command: flush() 

2013-06-27-12-19-12.574132-CEST  MainProcess : INFO       
    #4299   Time: 2013-06-27-12-19-12.569875-CEST From: TTS        To: HUB        Command: flushed() 

2013-06-27-12-19-12.579036-CEST  VoipIO-1   : DEBUG      
    #4300   Time: 2013-06-27-12-19-12.575573-CEST From: HUB        To: VIO        Command: flush_out() 

2013-06-27-12-19-12.584993-CEST  MainProcess : INFO       
    #4301   Time: 2013-06-27-12-19-12.580605-CEST From: VoipIO     To: HUB        Command: flushed_out() 

2013-06-27-12-19-13.943737-CEST  ASR-3      : DEBUG      
    ASR: speech_end()

2013-06-27-12-19-13.950904-CEST  MainProcess : INFO       
    #4387   Time: 2013-06-27-12-19-13.939378-CEST From: VAD        To: HUB        Command: speech_end(fname="vad-2013-06-27-12-19-12.480168.wav") 

2013-06-27-12-19-14.534461-CEST  ASR-3      : DEBUG      
    ASR Hypothesis
    ------------------------------------------------------------
    0.777 jedu
    0.028 jedu ostrovského
    0.026 jedu postavte
    0.024 jedu do německa
    0.022 jedu vltavská
    0.020 jedu ostravské
    0.019 jdu ostrovského
    0.017 jedu vltavské
    0.015 jedu ostravská
    0.013 ostrovského
    0.011 edu ostrovského
    0.009 jdu vltavská
    0.007 jdu ostravské
    0.006 edu vltavská
    0.004 jdu vltavské
    0.002 ostravské
    

2013-06-27-12-19-14.563109-CEST  MainProcess : INFO       
    #4428   Time: 2013-06-27-12-19-14.559005-CEST From: ASR        To: HUB        Command: asr_end() 

2013-06-27-12-19-15.452394-CEST  SLU-4      : DEBUG      
    SLU Hypothesis
    ------------------------------------------------------------
    0.942 other()
    0.039 confirm(="Vltavská")
    0.019 inform(="Vltavská")
    

2013-06-27-12-19-15.474277-CEST  MainProcess : INFO       
    #4486   Time: 2013-06-27-12-19-15.468586-CEST From: SLU        To: HUB        Command: slu_parsed() 

2013-06-27-12-19-15.478641-CEST  DM-5       : DEBUG      
    DDDState Dialogue Act in: other()

2013-06-27-12-19-15.482642-CEST  DM-5       : DEBUG      
    Context Resolution - Dialogue Act: other()

2013-06-27-12-19-15.486194-CEST  DM-5       : DEBUG      
    DDDState - Dialogue state content:
    
    lda = other
    alternative = none
    from_stop = none
    route_alternative = none
    
    
    
    

2013-06-27-12-19-15.489808-CEST  DM-5       : DEBUG      
    DDDState
    
    Requested slots:
    {}
    Confirmed slots:
    {}
    Non-informed slots:
    {}

2013-06-27-12-19-15.493102-CEST  DM-5       : DEBUG      
    DM Output
    ------------------------------------------------------------
    notunderstood()&help(repeat)
    

2013-06-27-12-19-15.526167-CEST  MainProcess : INFO       
    #4492   Time: 2013-06-27-12-19-15.523239-CEST From: DM         To: HUB        Command: dm_da_generated() 

2013-06-27-12-19-15.530289-CEST  NLG-6      : DEBUG      
    NLG Output
    ------------------------------------------------------------
    Nerozuměla jsem. Můžete to zopakovat? Můžete mě požádat o zopakování poslední věty.
    

2013-06-27-12-19-15.549837-CEST  MainProcess : INFO       
    #4494   Time: 2013-06-27-12-19-15.545691-CEST From: NLG        To: HUB        Command: nlg_text_generated() 

2013-06-27-12-19-15.557636-CEST  MainProcess : INFO       
    #4498   Time: 2013-06-27-12-19-15.550870-CEST From: TTS        To: HUB        Command: tts_start(user_id="None",text="Nerozuměla jsem. Můžete to zopakovat? Můžete mě požádat o zopakování poslední věty.") 

2013-06-27-12-19-15.582749-CEST  MainProcess : INFO       
    #4500   Time: 2013-06-27-12-19-15.552486-CEST From: VoipIO     To: HUB        Command: play_utterance_start(user_id="None",fname="tts-2013-06-27-12-19-15.547372.wav") 

2013-06-27-12-19-15.889125-CEST  MainProcess : INFO       
    #4751   Time: 2013-06-27-12-19-15.885096-CEST From: VAD        To: HUB        Command: speech_start(fname="vad-2013-06-27-12-19-15.834849.wav") 

2013-06-27-12-19-15.894791-CEST  ASR-3      : DEBUG      
    ASR: speech_start()

2013-06-27-12-19-15.926760-CEST  NLG-6      : DEBUG      
    #4753   Time: 2013-06-27-12-19-15.922462-CEST From: HUB        To: NLG        Command: flush() 

2013-06-27-12-19-15.931818-CEST  MainProcess : INFO       
    #4752   Time: 2013-06-27-12-19-15.886776-CEST From: ASR        To: HUB        Command: asr_start() 

2013-06-27-12-19-15.937093-CEST  MainProcess : INFO       
    #4754   Time: 2013-06-27-12-19-15.928366-CEST From: NLG        To: HUB        Command: flushed() 

2013-06-27-12-19-16.374427-CEST  MainProcess : INFO       
    #5023   Time: 2013-06-27-12-19-16.368308-CEST From: TTS        To: HUB        Command: tts_end(user_id="None",text="Nerozuměla jsem. Můžete to zopakovat? Můžete mě požádat o zopakování poslední věty.",fname="tts-2013-06-27-12-19-15.547372.wav",log="true") 

2013-06-27-12-19-16.379076-CEST  TTS-7      : DEBUG      
    #4759   Time: 2013-06-27-12-19-15.938523-CEST From: HUB        To: TTS        Command: flush() 

2013-06-27-12-19-16.385791-CEST  MainProcess : INFO       
    #5024   Time: 2013-06-27-12-19-16.380496-CEST From: TTS        To: HUB        Command: flushed() 

2013-06-27-12-19-16.391917-CEST  VoipIO-1   : DEBUG      
    #5028   Time: 2013-06-27-12-19-16.387458-CEST From: HUB        To: VIO        Command: flush_out() 

2013-06-27-12-19-16.398267-CEST  MainProcess : INFO       
    #5029   Time: 2013-06-27-12-19-16.393885-CEST From: VoipIO     To: HUB        Command: flushed_out() 

2013-06-27-12-19-17.261661-CEST  MainProcess : INFO       
    #5084   Time: 2013-06-27-12-19-17.257321-CEST From: VAD        To: HUB        Command: speech_end(fname="vad-2013-06-27-12-19-15.834849.wav") 

2013-06-27-12-19-17.266629-CEST  ASR-3      : DEBUG      
    ASR: speech_end()

2013-06-27-12-19-17.764723-CEST  ASR-3      : DEBUG      
    ASR Hypothesis
    ------------------------------------------------------------
    0.444 romské ho náměstí
    0.086 romské náměstí
    0.078 pražského náměstí
    0.071 dámské ho náměstí
    0.064 dámské náměstí
    0.057 trampské ho náměstí
    0.050 romská ho náměstí
    0.043 francie ho náměstí
    0.036 romská náměstí
    0.029 romské ho na náměstí
    0.021 dámská náměstí
    0.014 dámské ho na náměstí
    0.007 pražského na náměstí
    0.000 __other__
    

2013-06-27-12-19-17.797300-CEST  MainProcess : INFO       
    #5120   Time: 2013-06-27-12-19-17.793461-CEST From: ASR        To: HUB        Command: asr_end() 

2013-06-27-12-19-18.634325-CEST  SLU-4      : DEBUG      
    SLU Hypothesis
    ------------------------------------------------------------
    1.000 other()
    

2013-06-27-12-19-18.665903-CEST  MainProcess : INFO       
    #5175   Time: 2013-06-27-12-19-18.660517-CEST From: SLU        To: HUB        Command: slu_parsed() 

2013-06-27-12-19-18.670436-CEST  DM-5       : DEBUG      
    DDDState Dialogue Act in: other()

2013-06-27-12-19-18.674767-CEST  DM-5       : DEBUG      
    Context Resolution - Dialogue Act: other()

2013-06-27-12-19-18.678980-CEST  DM-5       : DEBUG      
    DDDState - Dialogue state content:
    
    lda = other
    alternative = none
    from_stop = none
    route_alternative = none
    
    
    
    

2013-06-27-12-19-18.683145-CEST  DM-5       : DEBUG      
    DDDState
    
    Requested slots:
    {}
    Confirmed slots:
    {}
    Non-informed slots:
    {}

2013-06-27-12-19-18.687657-CEST  DM-5       : DEBUG      
    DM Output
    ------------------------------------------------------------
    notunderstood()&help(inform="hangup")
    

2013-06-27-12-19-18.742814-CEST  MainProcess : INFO       
    #5181   Time: 2013-06-27-12-19-18.737369-CEST From: DM         To: HUB        Command: dm_da_generated() 

2013-06-27-12-19-18.747704-CEST  NLG-6      : DEBUG      
    NLG Output
    ------------------------------------------------------------
    Nerozuměla jsem. Můžete to zopakovat? Hovor můžete kdykoli ukončit tím, že se rozloučíte.
    

2013-06-27-12-19-18.782638-CEST  MainProcess : INFO       
    #5187   Time: 2013-06-27-12-19-18.778315-CEST From: NLG        To: HUB        Command: nlg_text_generated() 

2013-06-27-12-19-18.790322-CEST  MainProcess : INFO       
    #5189   Time: 2013-06-27-12-19-18.784019-CEST From: TTS        To: HUB        Command: tts_start(user_id="None",text="Nerozuměla jsem. Můžete to zopakovat? Hovor můžete kdykoli ukončit tím, že se rozloučíte.") 

2013-06-27-12-19-18.829789-CEST  MainProcess : INFO       
    #5191   Time: 2013-06-27-12-19-18.786736-CEST From: VoipIO     To: HUB        Command: play_utterance_start(user_id="None",fname="tts-2013-06-27-12-19-18.780728.wav") 

2013-06-27-12-19-18.905252-CEST  MainProcess : INFO       
    #5691   Time: 2013-06-27-12-19-18.899225-CEST From: TTS        To: HUB        Command: tts_end(user_id="None",text="Nerozuměla jsem. Můžete to zopakovat? Hovor můžete kdykoli ukončit tím, že se rozloučíte.",fname="tts-2013-06-27-12-19-18.780728.wav",log="true") 

2013-06-27-12-19-26.641000-CEST  MainProcess : INFO       
    #6140   Time: 2013-06-27-12-19-26.082703-CEST From: VoipIO     To: HUB        Command: play_utterance_end(user_id="None",fname="tts-2013-06-27-12-19-18.780728.wav) 

2013-06-27-12-19-28.951835-CEST  ASR-3      : DEBUG      
    ASR: speech_start()

2013-06-27-12-19-28.957141-CEST  MainProcess : INFO       
    #6322   Time: 2013-06-27-12-19-28.947743-CEST From: VAD        To: HUB        Command: speech_start(fname="vad-2013-06-27-12-19-28.884639.wav") 

2013-06-27-12-19-28.964080-CEST  MainProcess : INFO       
    #6323   Time: 2013-06-27-12-19-28.948208-CEST From: ASR        To: HUB        Command: asr_start() 

2013-06-27-12-19-30.442489-CEST  ASR-3      : DEBUG      
    ASR: speech_end()

2013-06-27-12-19-30.447984-CEST  MainProcess : INFO       
    #6417   Time: 2013-06-27-12-19-30.438439-CEST From: VAD        To: HUB        Command: speech_end(fname="vad-2013-06-27-12-19-28.884639.wav") 

2013-06-27-12-19-30.868628-CEST  ASR-3      : DEBUG      
    ASR Hypothesis
    ------------------------------------------------------------
    0.933 malostranské náměstí
    0.033 malostranské náměstí i
    0.022 malostranské náměstí a
    0.011 malostranské náměstí s
    0.000 __other__
    

2013-06-27-12-19-30.909800-CEST  MainProcess : INFO       
    #6446   Time: 2013-06-27-12-19-30.905107-CEST From: ASR        To: HUB        Command: asr_end() 

2013-06-27-12-19-31.149966-CEST  SLU-4      : DEBUG      
    SLU Hypothesis
    ------------------------------------------------------------
    1.000 inform(="Malostranské náměstí")
    

2013-06-27-12-19-31.194435-CEST  MainProcess : INFO       
    #6468   Time: 2013-06-27-12-19-31.189749-CEST From: SLU        To: HUB        Command: slu_parsed() 

2013-06-27-12-19-31.199127-CEST  DM-5       : DEBUG      
    DDDState Dialogue Act in: inform(="Malostranské náměstí")

2013-06-27-12-19-31.203637-CEST  DM-5       : DEBUG      
    Context Resolution - Dialogue Act: inform(="Malostranské náměstí")

2013-06-27-12-19-31.208112-CEST  DM-5       : DEBUG      
    DDDState - Dialogue state content:
    
    lda = none
    alternative = none
    from_stop = none
    route_alternative = none
    
    
    
    

2013-06-27-12-19-31.212675-CEST  DM-5       : DEBUG      
    DDDState
    
    Requested slots:
    {}
    Confirmed slots:
    {}
    Non-informed slots:
    {}

2013-06-27-12-19-31.217442-CEST  DM-5       : DEBUG      
    DM Output
    ------------------------------------------------------------
    request(from_stop)
    

2013-06-27-12-19-31.291742-CEST  NLG-6      : DEBUG      
    NLG Output
    ------------------------------------------------------------
    Z jaké zastávky chcete jet?
    

2013-06-27-12-19-31.296502-CEST  MainProcess : INFO       
    #6474   Time: 2013-06-27-12-19-31.286443-CEST From: DM         To: HUB        Command: dm_da_generated() 

2013-06-27-12-19-31.330413-CEST  MainProcess : INFO       
    #6480   Time: 2013-06-27-12-19-31.324706-CEST From: NLG        To: HUB        Command: nlg_text_generated() 

2013-06-27-12-19-31.334436-CEST  MainProcess : INFO       
    #6482   Time: 2013-06-27-12-19-31.326220-CEST From: TTS        To: HUB        Command: tts_start(user_id="None",text="Z jaké zastávky chcete jet?") 

2013-06-27-12-19-31.370978-CEST  MainProcess : INFO       
    #6484   Time: 2013-06-27-12-19-31.327980-CEST From: VoipIO     To: HUB        Command: play_utterance_start(user_id="None",fname="tts-2013-06-27-12-19-31.326007.wav") 

2013-06-27-12-19-31.391294-CEST  MainProcess : INFO       
    #6651   Time: 2013-06-27-12-19-31.385998-CEST From: TTS        To: HUB        Command: tts_end(user_id="None",text="Z jaké zastávky chcete jet?",fname="tts-2013-06-27-12-19-31.326007.wav",log="true") 

2013-06-27-12-19-34.003471-CEST  MainProcess : INFO       
    #6808   Time: 2013-06-27-12-19-33.883996-CEST From: VoipIO     To: HUB        Command: play_utterance_end(user_id="None",fname="tts-2013-06-27-12-19-31.326007.wav) 

2013-06-27-12-19-36.583125-CEST  ASR-3      : DEBUG      
    ASR: speech_start()

2013-06-27-12-19-36.588109-CEST  MainProcess : INFO       
    #6978   Time: 2013-06-27-12-19-36.578168-CEST From: VAD        To: HUB        Command: speech_start(fname="vad-2013-06-27-12-19-36.436949.wav") 

2013-06-27-12-19-36.593607-CEST  MainProcess : INFO       
    #6979   Time: 2013-06-27-12-19-36.579673-CEST From: ASR        To: HUB        Command: asr_start() 

2013-06-27-12-19-37.941925-CEST  ASR-3      : DEBUG      
    ASR: speech_end()

2013-06-27-12-19-37.947012-CEST  MainProcess : INFO       
    #7065   Time: 2013-06-27-12-19-37.937465-CEST From: VAD        To: HUB        Command: speech_end(fname="vad-2013-06-27-12-19-36.436949.wav") 

2013-06-27-12-19-38.313084-CEST  ASR-3      : DEBUG      
    ASR Hypothesis
    ------------------------------------------------------------
    0.933 malostranské náměstí
    0.033 malostranské náměstí i
    0.022 malostranské náměstí a
    0.011 malostranské náměstí s
    0.000 __other__
    

2013-06-27-12-19-38.362127-CEST  MainProcess : INFO       
    #7094   Time: 2013-06-27-12-19-38.358006-CEST From: ASR        To: HUB        Command: asr_end() 

2013-06-27-12-19-38.604364-CEST  SLU-4      : DEBUG      
    SLU Hypothesis
    ------------------------------------------------------------
    1.000 inform(="Malostranské náměstí")
    

2013-06-27-12-19-38.646899-CEST  DM-5       : DEBUG      
    DDDState Dialogue Act in: inform(="Malostranské náměstí")

2013-06-27-12-19-38.651651-CEST  MainProcess : INFO       
    #7112   Time: 2013-06-27-12-19-38.641716-CEST From: SLU        To: HUB        Command: slu_parsed() 

2013-06-27-12-19-38.656038-CEST  DM-5       : DEBUG      
    Context Resolution - Dialogue Act: inform(from_stop="Malostranské náměstí")&inform(="Malostranské náměstí")

2013-06-27-12-19-38.660512-CEST  DM-5       : DEBUG      
    DDDState - Dialogue state content:
    
    lda = none
    alternative = none
    from_centre = none
    from_stop = Malostranské náměstí
    route_alternative = none
    time = none
    to_centre = none
    to_stop = none
    
    
    
    

2013-06-27-12-19-38.665025-CEST  DM-5       : DEBUG      
    DDDState
    
    Requested slots:
    {}
    Confirmed slots:
    {}
    Non-informed slots:
    {u'from_stop': u'Malostransk\xe9 n\xe1m\u011bst\xed'}

2013-06-27-12-19-38.669886-CEST  DM-5       : DEBUG      
    DM Output
    ------------------------------------------------------------
    iconfirm(from_stop="Malostranské náměstí")&request(to_stop)
    

2013-06-27-12-19-38.821196-CEST  MainProcess : INFO       
    #7126   Time: 2013-06-27-12-19-38.816918-CEST From: DM         To: HUB        Command: dm_da_generated() 

2013-06-27-12-19-38.825795-CEST  NLG-6      : DEBUG      
    NLG Output
    ------------------------------------------------------------
    Dobře, ze zastávky Malostranské náměstí. Do jaké zastávky chcete jet?
    

2013-06-27-12-19-38.865939-CEST  MainProcess : INFO       
    #7132   Time: 2013-06-27-12-19-38.862539-CEST From: NLG        To: HUB        Command: nlg_text_generated() 

2013-06-27-12-19-38.873129-CEST  MainProcess : INFO       
    #7134   Time: 2013-06-27-12-19-38.867470-CEST From: TTS        To: HUB        Command: tts_start(user_id="None",text="Dobře, ze zastávky Malostranské náměstí. Do jaké zastávky chcete jet?") 

2013-06-27-12-19-38.926720-CEST  MainProcess : INFO       
    #7136   Time: 2013-06-27-12-19-38.870243-CEST From: VoipIO     To: HUB        Command: play_utterance_start(user_id="None",fname="tts-2013-06-27-12-19-38.864593.wav") 

2013-06-27-12-19-38.987656-CEST  MainProcess : INFO       
    #7536   Time: 2013-06-27-12-19-38.981262-CEST From: TTS        To: HUB        Command: tts_end(user_id="None",text="Dobře, ze zastávky Malostranské náměstí. Do jaké zastávky chcete jet?",fname="tts-2013-06-27-12-19-38.864593.wav",log="true") 

2013-06-27-12-19-42.790599-CEST  ASR-3      : DEBUG      
    ASR: speech_start()

2013-06-27-12-19-42.795461-CEST  MainProcess : INFO       
    #7775   Time: 2013-06-27-12-19-42.784909-CEST From: VAD        To: HUB        Command: speech_start(fname="vad-2013-06-27-12-19-42.712448.wav") 

2013-06-27-12-19-42.861654-CEST  MainProcess : INFO       
    #7776   Time: 2013-06-27-12-19-42.786291-CEST From: ASR        To: HUB        Command: asr_start() 

2013-06-27-12-19-42.866868-CEST  NLG-6      : DEBUG      
    #7781   Time: 2013-06-27-12-19-42.856445-CEST From: HUB        To: NLG        Command: flush() 

2013-06-27-12-19-42.873157-CEST  MainProcess : INFO       
    #7782   Time: 2013-06-27-12-19-42.868403-CEST From: NLG        To: HUB        Command: flushed() 

2013-06-27-12-19-42.878695-CEST  TTS-7      : DEBUG      
    #7783   Time: 2013-06-27-12-19-42.874480-CEST From: HUB        To: TTS        Command: flush() 

2013-06-27-12-19-42.884443-CEST  MainProcess : INFO       
    #7786   Time: 2013-06-27-12-19-42.880216-CEST From: TTS        To: HUB        Command: flushed() 

2013-06-27-12-19-42.892811-CEST  VoipIO-1   : DEBUG      
    #7789   Time: 2013-06-27-12-19-42.885806-CEST From: HUB        To: VIO        Command: flush_out() 

2013-06-27-12-19-42.899977-CEST  MainProcess : INFO       
    #7790   Time: 2013-06-27-12-19-42.894455-CEST From: VoipIO     To: HUB        Command: flushed_out() 

2013-06-27-12-19-43.385783-CEST  MainProcess : INFO       
    #7820   Time: 2013-06-27-12-19-43.381564-CEST From: VAD        To: HUB        Command: speech_end(fname="vad-2013-06-27-12-19-42.712448.wav") 

2013-06-27-12-19-43.391185-CEST  ASR-3      : DEBUG      
    ASR: speech_end()

2013-06-27-12-19-43.719188-CEST  ASR-3      : DEBUG      
    ASR Hypothesis
    ------------------------------------------------------------
    1.000 __other__
    

2013-06-27-12-19-43.770860-CEST  MainProcess : INFO       
    #7845   Time: 2013-06-27-12-19-43.767224-CEST From: ASR        To: HUB        Command: asr_end() 

2013-06-27-12-19-43.775486-CEST  SLU-4      : DEBUG      
    SLU Hypothesis
    ------------------------------------------------------------
    1.000 other()
    

2013-06-27-12-19-43.819457-CEST  DM-5       : DEBUG      
    DDDState Dialogue Act in: other()

2013-06-27-12-19-43.823952-CEST  MainProcess : INFO       
    #7851   Time: 2013-06-27-12-19-43.814568-CEST From: SLU        To: HUB        Command: slu_parsed() 

2013-06-27-12-19-43.828514-CEST  DM-5       : DEBUG      
    Context Resolution - Dialogue Act: other()

2013-06-27-12-19-43.833278-CEST  DM-5       : DEBUG      
    DDDState - Dialogue state content:
    
    lda = other
    alternative = none
    from_centre = none
    from_stop = Malostranské náměstí
    route_alternative = none
    time = none
    to_centre = none
    to_stop = none
    
    rh_from_stop = system-informed
    
    ch_from_stop = system-informed
    
    sh_from_stop = system-informed
    

2013-06-27-12-19-43.837793-CEST  DM-5       : DEBUG      
    DDDState
    
    Requested slots:
    {}
    Confirmed slots:
    {}
    Non-informed slots:
    {}

2013-06-27-12-19-43.842148-CEST  DM-5       : DEBUG      
    DM Output
    ------------------------------------------------------------
    notunderstood()&help(inform="time")
    

2013-06-27-12-19-43.918899-CEST  NLG-6      : DEBUG      
    NLG Output
    ------------------------------------------------------------
    Promiňte, nerozuměla jsem. Můžete to zopakovat? Můžete například říct v kolik hodin chcete jet.
    

2013-06-27-12-19-43.923645-CEST  MainProcess : INFO       
    #7861   Time: 2013-06-27-12-19-43.914235-CEST From: DM         To: HUB        Command: dm_da_generated() 

2013-06-27-12-19-44.041115-CEST  MainProcess : INFO       
    #7870   Time: 2013-06-27-12-19-44.035275-CEST From: NLG        To: HUB        Command: nlg_text_generated() 

2013-06-27-12-19-44.046217-CEST  MainProcess : INFO       
    #7873   Time: 2013-06-27-12-19-44.036598-CEST From: TTS        To: HUB        Command: tts_start(user_id="None",text="Promiňte, nerozuměla jsem. Můžete to zopakovat? Můžete například říct v kolik hodin chcete jet.") 

2013-06-27-12-19-44.098702-CEST  MainProcess : INFO       
    #7875   Time: 2013-06-27-12-19-44.038483-CEST From: VoipIO     To: HUB        Command: play_utterance_start(user_id="None",fname="tts-2013-06-27-12-19-44.036412.wav") 

2013-06-27-12-19-44.190202-CEST  MainProcess : INFO       
    #8384   Time: 2013-06-27-12-19-44.182715-CEST From: TTS        To: HUB        Command: tts_end(user_id="None",text="Promiňte, nerozuměla jsem. Můžete to zopakovat? Můžete například říct v kolik hodin chcete jet.",fname="tts-2013-06-27-12-19-44.036412.wav",log="true") 

2013-06-27-12-19-51.985121-CEST  MainProcess : INFO       
    #8829   Time: 2013-06-27-12-19-51.323944-CEST From: VoipIO     To: HUB        Command: play_utterance_end(user_id="None",fname="tts-2013-06-27-12-19-44.036412.wav) 

2013-06-27-12-19-54.886599-CEST  MainProcess : INFO       
    #9055   Time: 2013-06-27-12-19-54.881088-CEST From: VAD        To: HUB        Command: speech_start(fname="vad-2013-06-27-12-19-54.803554.wav") 

2013-06-27-12-19-54.892221-CEST  ASR-3      : DEBUG      
    ASR: speech_start()

2013-06-27-12-19-54.897251-CEST  MainProcess : INFO       
    #9056   Time: 2013-06-27-12-19-54.882533-CEST From: ASR        To: HUB        Command: asr_start() 

2013-06-27-12-19-55.678417-CEST  MainProcess : INFO       
    #9106   Time: 2013-06-27-12-19-55.672886-CEST From: VAD        To: HUB        Command: speech_end(fname="vad-2013-06-27-12-19-54.803554.wav") 

2013-06-27-12-19-55.683459-CEST  ASR-3      : DEBUG      
    ASR: speech_end()

2013-06-27-12-19-56.179228-CEST  ASR-3      : DEBUG      
    ASR Hypothesis
    ------------------------------------------------------------
    0.179 cena hodin
    0.086 za hodinu
    0.082 cena hodinu
    0.077 se na hodinu
    0.072 teda hodin
    0.067 teda hodinu
    0.062 na hodinu
    0.058 hannah hodin
    0.053 cena hodiny
    0.048 žena hodin
    0.043 hannah hodinu
    0.038 kde na hodinu
    0.034 hodin
    0.029 žena hodinu
    0.024 se na hodin
    0.019 jak na hodinu
    0.014 hodiny
    0.010 na hodin
    0.005 teda hodiny
    0.000 __other__
    

2013-06-27-12-19-56.251324-CEST  MainProcess : INFO       
    #9143   Time: 2013-06-27-12-19-56.246049-CEST From: ASR        To: HUB        Command: asr_end() 

2013-06-27-12-19-57.351541-CEST  SLU-4      : DEBUG      
    SLU Hypothesis
    ------------------------------------------------------------
    1.000 other()
    

2013-06-27-12-19-57.407601-CEST  MainProcess : INFO       
    #9217   Time: 2013-06-27-12-19-57.402632-CEST From: SLU        To: HUB        Command: slu_parsed() 

2013-06-27-12-19-57.412445-CEST  DM-5       : DEBUG      
    DDDState Dialogue Act in: other()

2013-06-27-12-19-57.417230-CEST  DM-5       : DEBUG      
    Context Resolution - Dialogue Act: other()

2013-06-27-12-19-57.421904-CEST  DM-5       : DEBUG      
    DDDState - Dialogue state content:
    
    lda = other
    alternative = none
    from_centre = none
    from_stop = Malostranské náměstí
    route_alternative = none
    time = none
    to_centre = none
    to_stop = none
    
    rh_from_stop = system-informed
    
    ch_from_stop = system-informed
    
    sh_from_stop = system-informed
    

2013-06-27-12-19-57.427331-CEST  DM-5       : DEBUG      
    DDDState
    
    Requested slots:
    {}
    Confirmed slots:
    {}
    Non-informed slots:
    {}

2013-06-27-12-19-57.432504-CEST  DM-5       : DEBUG      
    DM Output
    ------------------------------------------------------------
    notunderstood()&help(request="help")
    

2013-06-27-12-19-57.523514-CEST  NLG-6      : DEBUG      
    NLG Output
    ------------------------------------------------------------
    Promiňte, nerozuměla jsem. Můžete to zopakovat? Můžete se zeptat na nápovědu nebo požádat o pomoc.
    

2013-06-27-12-19-57.528585-CEST  MainProcess : INFO       
    #9227   Time: 2013-06-27-12-19-57.519079-CEST From: DM         To: HUB        Command: dm_da_generated() 

2013-06-27-12-19-57.572793-CEST  MainProcess : INFO       
    #9233   Time: 2013-06-27-12-19-57.567121-CEST From: NLG        To: HUB        Command: nlg_text_generated() 

2013-06-27-12-19-57.579800-CEST  MainProcess : INFO       
    #9235   Time: 2013-06-27-12-19-57.569144-CEST From: TTS        To: HUB        Command: tts_start(user_id="None",text="Promiňte, nerozuměla jsem. Můžete to zopakovat? Můžete se zeptat na nápovědu nebo požádat o pomoc.") 

2013-06-27-12-19-57.622225-CEST  MainProcess : INFO       
    #9237   Time: 2013-06-27-12-19-57.572489-CEST From: VoipIO     To: HUB        Command: play_utterance_start(user_id="None",fname="tts-2013-06-27-12-19-57.568932.wav") 

2013-06-27-12-19-57.819187-CEST  MainProcess : INFO       
    #9774   Time: 2013-06-27-12-19-57.813113-CEST From: TTS        To: HUB        Command: tts_end(user_id="None",text="Promiňte, nerozuměla jsem. Můžete to zopakovat? Můžete se zeptat na nápovědu nebo požádat o pomoc.",fname="tts-2013-06-27-12-19-57.568932.wav",log="true") 

2013-06-27-12-20-05.873325-CEST  MainProcess : INFO       
    #10233  Time: 2013-06-27-12-20-05.152275-CEST From: VoipIO     To: HUB        Command: play_utterance_end(user_id="None",fname="tts-2013-06-27-12-19-57.568932.wav) 

2013-06-27-12-20-08.534494-CEST  ASR-3      : DEBUG      
    ASR: speech_start()

2013-06-27-12-20-08.540300-CEST  MainProcess : INFO       
    #10445  Time: 2013-06-27-12-20-08.529559-CEST From: VAD        To: HUB        Command: speech_start(fname="vad-2013-06-27-12-20-08.444862.wav") 

2013-06-27-12-20-08.547224-CEST  MainProcess : INFO       
    #10446  Time: 2013-06-27-12-20-08.530177-CEST From: ASR        To: HUB        Command: asr_start() 

2013-06-27-12-20-09.501192-CEST  MainProcess : INFO       
    #10508  Time: 2013-06-27-12-20-09.497025-CEST From: VAD        To: HUB        Command: speech_end(fname="vad-2013-06-27-12-20-08.444862.wav") 

2013-06-27-12-20-09.506507-CEST  ASR-3      : DEBUG      
    ASR: speech_end()

2013-06-27-12-20-10.261167-CEST  ASR-3      : DEBUG      
    ASR Hypothesis
    ------------------------------------------------------------
    0.460 podruhé
    0.068 brushe
    0.063 podobné
    0.059 v podlahy
    0.054 rusko dobře
    0.050 podlahy
    0.045 proof podruhé
    0.041 beruško dobře
    0.036 purple dobře
    0.032 parfum dobře
    0.027 prof podruhé
    0.023 prusko dobře
    0.018 v podobné
    0.014 proof podobné
    0.009 prof podobné
    0.005 proof podlahy
    0.000 __other__
    

2013-06-27-12-20-10.313943-CEST  MainProcess : INFO       
    #10561  Time: 2013-06-27-12-20-10.308697-CEST From: ASR        To: HUB        Command: asr_end() 

2013-06-27-12-20-11.294990-CEST  SLU-4      : DEBUG      
    SLU Hypothesis
    ------------------------------------------------------------
    0.946 other()
    0.054 inform(="Ruská")
    

2013-06-27-12-20-11.347511-CEST  DM-5       : DEBUG      
    DDDState Dialogue Act in: other()

2013-06-27-12-20-11.352136-CEST  MainProcess : INFO       
    #10627  Time: 2013-06-27-12-20-11.342625-CEST From: SLU        To: HUB        Command: slu_parsed() 

2013-06-27-12-20-11.356649-CEST  DM-5       : DEBUG      
    Context Resolution - Dialogue Act: other()

2013-06-27-12-20-11.361661-CEST  DM-5       : DEBUG      
    DDDState - Dialogue state content:
    
    lda = other
    alternative = none
    from_centre = none
    from_stop = Malostranské náměstí
    route_alternative = none
    time = none
    to_centre = none
    to_stop = none
    
    rh_from_stop = system-informed
    
    ch_from_stop = system-informed
    
    sh_from_stop = system-informed
    

2013-06-27-12-20-11.366330-CEST  DM-5       : DEBUG      
    DDDState
    
    Requested slots:
    {}
    Confirmed slots:
    {}
    Non-informed slots:
    {}

2013-06-27-12-20-11.371155-CEST  DM-5       : DEBUG      
    DM Output
    ------------------------------------------------------------
    notunderstood()&help(inform="to_stop")
    

2013-06-27-12-20-11.472900-CEST  NLG-6      : DEBUG      
    NLG Output
    ------------------------------------------------------------
    Nerozuměla jsem. Ještě jednou prosím. Můžete například říct na Žižkov.
    

2013-06-27-12-20-11.478171-CEST  MainProcess : INFO       
    #10637  Time: 2013-06-27-12-20-11.468042-CEST From: DM         To: HUB        Command: dm_da_generated() 

2013-06-27-12-20-11.529509-CEST  MainProcess : INFO       
    #10643  Time: 2013-06-27-12-20-11.524911-CEST From: NLG        To: HUB        Command: nlg_text_generated() 

2013-06-27-12-20-11.536823-CEST  MainProcess : INFO       
    #10645  Time: 2013-06-27-12-20-11.530939-CEST From: TTS        To: HUB        Command: tts_start(user_id="None",text="Nerozuměla jsem. Ještě jednou prosím. Můžete například říct na Žižkov.") 

2013-06-27-12-20-11.596582-CEST  MainProcess : INFO       
    #10647  Time: 2013-06-27-12-20-11.533692-CEST From: VoipIO     To: HUB        Command: play_utterance_start(user_id="None",fname="tts-2013-06-27-12-20-11.526020.wav") 

2013-06-27-12-20-11.672740-CEST  MainProcess : INFO       
    #11064  Time: 2013-06-27-12-20-11.666034-CEST From: TTS        To: HUB        Command: tts_end(user_id="None",text="Nerozuměla jsem. Ještě jednou prosím. Můžete například říct na Žižkov.",fname="tts-2013-06-27-12-20-11.526020.wav",log="true") 

2013-06-27-12-20-18.032574-CEST  MainProcess : INFO       
    #11457  Time: 2013-06-27-12-20-17.918941-CEST From: VoipIO     To: HUB        Command: play_utterance_end(user_id="None",fname="tts-2013-06-27-12-20-11.526020.wav) 

2013-06-27-12-20-21.905270-CEST  ASR-3      : DEBUG      
    ASR: speech_start()

2013-06-27-12-20-21.909668-CEST  MainProcess : INFO       
    #11707  Time: 2013-06-27-12-20-21.900538-CEST From: VAD        To: HUB        Command: speech_start(fname="vad-2013-06-27-12-20-21.801500.wav") 

2013-06-27-12-20-21.915494-CEST  MainProcess : INFO       
    #11708  Time: 2013-06-27-12-20-21.901657-CEST From: ASR        To: HUB        Command: asr_start() 

2013-06-27-12-20-23.789361-CEST  ASR-3      : DEBUG      
    ASR: speech_end()

2013-06-27-12-20-23.795198-CEST  MainProcess : INFO       
    #11830  Time: 2013-06-27-12-20-23.784132-CEST From: VAD        To: HUB        Command: speech_end(fname="vad-2013-06-27-12-20-21.801500.wav") 

2013-06-27-12-20-24.366429-CEST  ASR-3      : DEBUG      
    ASR Hypothesis
    ------------------------------------------------------------
    0.828 na koleje sedmnáctého listopadu
    0.022 na kole je sedmnáctého listopadu
    0.020 na kole sedmnáctého listopadu
    0.019 nah koleje sedmnáctého listopadu
    0.017 na koleje sedmnáctého listopadu i
    0.016 na koleje sedmnáctého listopadu a
    0.014 knock on je sedmnáctého listopadu
    0.013 na co je sedmnáctého listopadu
    0.011 na kolik je sedmnáctého listopadu
    0.010 nakolik je sedmnáctého listopadu
    0.009 nahá koleje sedmnáctého listopadu
    0.007 nám koleje sedmnáctého listopadu
    0.006 nás koleje sedmnáctého listopadu
    0.004 na koleji sedmnáctého listopadu
    0.003 na kolej sedmnáctého listopadu
    0.001 na kolena sedmnáctého listopadu
    0.000 __other__
    

2013-06-27-12-20-24.538140-CEST  MainProcess : INFO       
    #11875  Time: 2013-06-27-12-20-24.533979-CEST From: ASR        To: HUB        Command: asr_end() 

2013-06-27-12-20-25.424966-CEST  SLU-4      : DEBUG      
    SLU Hypothesis
    ------------------------------------------------------------
    1.000 other()
    

2013-06-27-12-20-25.506863-CEST  MainProcess : INFO       
    #11939  Time: 2013-06-27-12-20-25.502439-CEST From: SLU        To: HUB        Command: slu_parsed() 

2013-06-27-12-20-25.511868-CEST  DM-5       : DEBUG      
    DDDState Dialogue Act in: other()

2013-06-27-12-20-25.516772-CEST  DM-5       : DEBUG      
    Context Resolution - Dialogue Act: other()

2013-06-27-12-20-25.521641-CEST  DM-5       : DEBUG      
    DDDState - Dialogue state content:
    
    lda = other
    alternative = none
    from_centre = none
    from_stop = Malostranské náměstí
    route_alternative = none
    time = none
    to_centre = none
    to_stop = none
    
    rh_from_stop = system-informed
    
    ch_from_stop = system-informed
    
    sh_from_stop = system-informed
    

2013-06-27-12-20-25.526386-CEST  DM-5       : DEBUG      
    DDDState
    
    Requested slots:
    {}
    Confirmed slots:
    {}
    Non-informed slots:
    {}

2013-06-27-12-20-25.531747-CEST  DM-5       : DEBUG      
    DM Output
    ------------------------------------------------------------
    notunderstood()&help(inform="hangup")
    

2013-06-27-12-20-25.676820-CEST  NLG-6      : DEBUG      
    NLG Output
    ------------------------------------------------------------
    Nerozuměla jsem. Můžete to zopakovat? Pokud chcete hovor ukončit, potom řekněte například na shledanou.
    

2013-06-27-12-20-25.681944-CEST  MainProcess : INFO       
    #11951  Time: 2013-06-27-12-20-25.671929-CEST From: DM         To: HUB        Command: dm_da_generated() 

2013-06-27-12-20-25.754887-CEST  MainProcess : INFO       
    #11957  Time: 2013-06-27-12-20-25.750486-CEST From: NLG        To: HUB        Command: nlg_text_generated() 

2013-06-27-12-20-25.760915-CEST  MainProcess : INFO       
    #11959  Time: 2013-06-27-12-20-25.751434-CEST From: TTS        To: HUB        Command: tts_start(user_id="None",text="Nerozuměla jsem. Můžete to zopakovat? Pokud chcete hovor ukončit, potom řekněte například na shledanou.") 

2013-06-27-12-20-25.897782-CEST  MainProcess : INFO       
    #11961  Time: 2013-06-27-12-20-25.754138-CEST From: VoipIO     To: HUB        Command: play_utterance_start(user_id="None",fname="tts-2013-06-27-12-20-25.751256.wav") 

2013-06-27-12-20-25.989587-CEST  MainProcess : INFO       
    #12519  Time: 2013-06-27-12-20-25.982423-CEST From: TTS        To: HUB        Command: tts_end(user_id="None",text="Nerozuměla jsem. Můžete to zopakovat? Pokud chcete hovor ukončit, potom řekněte například na shledanou.",fname="tts-2013-06-27-12-20-25.751256.wav",log="true") 

2013-06-27-12-20-30.055462-CEST  VoipIO-1   : INFO       
    12:20:30.052    pjsua_acc.c  ....<sip:800899998@vystadial.ms.mff.cuni.cz>: registration success, status=200 (OK), will re-register in 300 seconds
    

2013-06-27-12-20-34.545280-CEST  MainProcess : INFO       
    #13024  Time: 2013-06-27-12-20-34.037217-CEST From: VoipIO     To: HUB        Command: play_utterance_end(user_id="None",fname="tts-2013-06-27-12-20-25.751256.wav) 

2013-06-27-12-20-37.526066-CEST  ASR-3      : DEBUG      
    ASR: speech_start()

2013-06-27-12-20-37.531536-CEST  MainProcess : INFO       
    #13242  Time: 2013-06-27-12-20-37.520648-CEST From: VAD        To: HUB        Command: speech_start(fname="vad-2013-06-27-12-20-37.411396.wav") 

2013-06-27-12-20-37.537844-CEST  MainProcess : INFO       
    #13243  Time: 2013-06-27-12-20-37.522457-CEST From: ASR        To: HUB        Command: asr_start() 

2013-06-27-12-20-39.344433-CEST  ASR-3      : DEBUG      
    ASR: speech_end()

2013-06-27-12-20-39.349205-CEST  MainProcess : INFO       
    #13361  Time: 2013-06-27-12-20-39.339483-CEST From: VAD        To: HUB        Command: speech_end(fname="vad-2013-06-27-12-20-37.411396.wav") 

2013-06-27-12-20-39.744097-CEST  ASR-3      : DEBUG      
    ASR Hypothesis
    ------------------------------------------------------------
    0.915 jedu na nádraží holešovice
    0.024 jedu na nádraží holešovice i
    0.020 jedu na nádraží holešovic
    0.016 jedu na nádraží holešovice a
    0.012 jaruna nádraží holešovice
    0.008 jedu na nádraží holešovic i
    0.004 jedu na nádraží holešovice i i
    0.000 __other__
    

2013-06-27-12-20-39.808635-CEST  MainProcess : INFO       
    #13390  Time: 2013-06-27-12-20-39.803318-CEST From: ASR        To: HUB        Command: asr_end() 

2013-06-27-12-20-40.285809-CEST  SLU-4      : DEBUG      
    SLU Hypothesis
    ------------------------------------------------------------
    0.988 confirm(to_stop="Nádraží Holešovice")
    0.012 inform(="Nádraží Holešovice")
    

2013-06-27-12-20-40.350402-CEST  MainProcess : INFO       
    #13424  Time: 2013-06-27-12-20-40.345284-CEST From: SLU        To: HUB        Command: slu_parsed() 

2013-06-27-12-20-40.355447-CEST  DM-5       : DEBUG      
    DDDState Dialogue Act in: confirm(to_stop="Nádraží Holešovice")

2013-06-27-12-20-40.360026-CEST  DM-5       : DEBUG      
    Context Resolution - Dialogue Act: confirm(to_stop="Nádraží Holešovice")

2013-06-27-12-20-40.364791-CEST  DM-5       : DEBUG      
    DDDState - Dialogue state content:
    
    lda = none
    alternative = none
    from_centre = none
    from_stop = Malostranské náměstí
    route_alternative = none
    time = none
    to_centre = none
    to_stop = none
    
    rh_from_stop = system-informed
    
    ch_from_stop = system-informed
    ch_to_stop = Nádraží Holešovice
    
    sh_from_stop = system-informed
    

2013-06-27-12-20-40.369458-CEST  DM-5       : DEBUG      
    DDDState
    
    Requested slots:
    {}
    Confirmed slots:
    {u'to_stop': u'N\xe1dra\u017e\xed Hole\u0161ovice'}
    Non-informed slots:
    {}

2013-06-27-12-20-40.374201-CEST  DM-5       : DEBUG      
    DM Output
    ------------------------------------------------------------
    negate()&deny(to_stop="Nádraží Holešovice")&inform(to_stop="none")
    

2013-06-27-12-20-40.493703-CEST  MainProcess : INFO       
    #13438  Time: 2013-06-27-12-20-40.488746-CEST From: DM         To: HUB        Command: dm_da_generated() 

2013-06-27-12-20-40.498289-CEST  NLG-6      : DEBUG      
    NLG Output
    ------------------------------------------------------------
    Ne. Nejede to do zastávky Nádraží Holešovice, jede to do zastávky none.
    

2013-06-27-12-20-40.565968-CEST  MainProcess : INFO       
    #13444  Time: 2013-06-27-12-20-40.560704-CEST From: NLG        To: HUB        Command: nlg_text_generated() 

2013-06-27-12-20-40.571091-CEST  MainProcess : INFO       
    #13446  Time: 2013-06-27-12-20-40.562480-CEST From: TTS        To: HUB        Command: tts_start(user_id="None",text="Ne. Nejede to do zastávky Nádraží Holešovice, jede to do zastávky none.") 

2013-06-27-12-20-40.633480-CEST  MainProcess : INFO       
    #13448  Time: 2013-06-27-12-20-40.563935-CEST From: VoipIO     To: HUB        Command: play_utterance_start(user_id="None",fname="tts-2013-06-27-12-20-40.562315.wav") 

2013-06-27-12-20-41.852059-CEST  MainProcess : INFO       
    #13874  Time: 2013-06-27-12-20-41.845623-CEST From: TTS        To: HUB        Command: tts_end(user_id="None",text="Ne. Nejede to do zastávky Nádraží Holešovice, jede to do zastávky none.",fname="tts-2013-06-27-12-20-40.562315.wav",log="true") 

2013-06-27-12-20-46.576905-CEST  MainProcess : INFO       
    #14123  Time: 2013-06-27-12-20-45.799299-CEST From: VoipIO     To: HUB        Command: play_utterance_end(user_id="None",fname="tts-2013-06-27-12-20-40.562315.wav) 

2013-06-27-12-20-51.422087-CEST  VoipIO-1   : DEBUG      
    CallCallback::on_state : Call with "775035267" <sip:775035267@195.113.20.160> is DISCONNCTD last code = 200 (Normal call clearing)

2013-06-27-12-20-51.549553-CEST  VoipIO-1   : DEBUG      
    VoipIO::on_call_disconnected

2013-06-27-12-20-51.556750-CEST  MainProcess : INFO       
    #14472  Time: 2013-06-27-12-20-51.550853-CEST From: VoipIO     To: HUB        Command: call_disconnected(remote_uri="775035267") 

