2013-06-27-17-48-33.265664-CEST  VoipIO-1   : DEBUG      
    CallCallback::on_state : Call with "777805048" <sip:777805048@195.113.20.160> is CONNECTING last code = 200 (OK)

2013-06-27-17-48-33.271019-CEST  VoipIO-1   : DEBUG      
    VoipIO::on_call_connecting

2013-06-27-17-48-33.277189-CEST  VoipIO-1   : DEBUG      
    CallCallback::on_state : Call with "777805048" <sip:777805048@195.113.20.160> is CONFIRMED last code = 200 (OK)

2013-06-27-17-48-33.300816-CEST  MainProcess : SYSTEM-LOG 
    config = { 'ASR': { 'Google': { 'debug': False, 'language': 'cs', 'maxresults': 20},
               'Julius': { 'adinnetport': 5530,
                           'binary': '/usr/local/bin/julius',
                           'debug': False,
                           'hostname': 'localhost',
                           'jconf': { '-adport': '5530',
                                      '-b': '1000',
                                      '-b2': '100',
                                      '-cmnload': 'cmn.param',
                                      '-cmnmapweight': '200',
                                      '-cmnsave': 'cmn.param',
                                      '-confnet': '',
                                      '-fallback1pass': '',
                                      '-gprune': 'safe',
                                      '-h': '/mnt/h/jurcicek/vystadial-git/alex/resources/asr/voip_en/hmmdefs',
                                      '-hlist': '/mnt/h/jurcicek/vystadial-git/alex/resources/asr/voip_en/tiedlist',
                                      '-htkconf': '/mnt/h/jurcicek/vystadial-git/alex/resources/asr/voip_en/config',
                                      '-input': 'adinnet',
                                      '-iwsp': '',
                                      '-iwsppenalty': '0.0',
                                      '-lmp': '15.0 0.0',
                                      '-lmp2': '15.0 0.0',
                                      '-mapunk': 'UM',
                                      '-module': '10500',
                                      '-n': '50',
                                      '-nlr': '/mnt/h/jurcicek/vystadial-git/alex/resources/lm/caminfo/julius_arpa_bigram',
                                      '-no_ccd': '',
                                      '-nrl': '/mnt/h/jurcicek/vystadial-git/alex/resources/lm/caminfo/julius_arpa_rev_bigram',
                                      '-silhead': '<s>',
                                      '-siltail': '</s>',
                                      '-spmodel': 'sp',
                                      '-tmix': '4',
                                      '-v': '/mnt/h/jurcicek/vystadial-git/alex/resources/lm/caminfo/julius_dict'},
                           'jconffile': 'julius.jconf',
                           'killall': False,
                           'logfile': 'julius.log',
                           'msg_timeout': 0.3,
                           'pidfile': 'julius.pid',
                           'reuse_server': False,
                           'serverport': 10500,
                           'start_max_wait_time': 15,
                           'start_wait_time': 0.5,
                           'timeout': 2.0},
               'Kaldi': { 'LM_scale': -6666.66,
                          'hypothesis_type': 'nblist',
                          'lat_depth': 666666,
                          'model': 'TODO_path_to_model'},
               'debug': True,
               'type': 'Google'},
      'AlexOnTheBus': { 'max_turns': 30},
      'Analytics': Analytics(account_id='UA-41905278-1', domain_name='cuni.cz'),
      'Audio': { 'sample_rate': 16000, 'samples_per_frame': 256},
      'AudioIO': { 'debug': True, 'output_dir': './aio_call_log', 'play_buffer_size': 1024},
      'DM': { 'PUfalRuleDM': { 'code_submit_url': None,
                               'db_cfg': '/mnt/h/jurcicek/vystadial-git/alex/resources/../applications/CamInfoRest/cued_data/CIRdbase_V7_noloc.txt',
                               'ontology': '/mnt/h/jurcicek/vystadial-git/alex/resources/../applications/CamInfoRest/ontology.cfg',
                               'provide_code': False},
              'UfalRuleDM': { 'code_submit_url': None,
                              'db_cfg': '/mnt/h/jurcicek/vystadial-git/alex/resources/../applications/CamInfoRest/cued_data/CIRdbase_V7_noloc.txt',
                              'ontology': '/mnt/h/jurcicek/vystadial-git/alex/resources/../applications/CamInfoRest/ontology.cfg',
                              'provide_code': False},
              'basic': { 'debug': True},
              'debug': True,
              'dialogue_policy': { 'type': <class 'alex.applications.AlexOnTheBus.aotb_hdc_policy.AOTBHDCPolicy'>},
              'dialogue_state': { 'type': <class 'alex.components.dm.dddstate.DeterministicDiscriminativeDialogueState'>},
              'ontology': '/mnt/h/jurcicek/vystadial-git/alex/applications/AlexOnTheBus/data/ontology.py',
              'type': 'basic'},
      'General': { 'debug': False, 'include': ['/mnt/h/jurcicek/vystadial-git/alex/resources/private/default.cfg']},
      'Hub': { 'history_file': 'hub_history_hub.txt', 'history_length': 1000, 'main_loop_sleep_time': 0.002},
      'Logging': { 'session_logger': SessionLogger(),
                   'system_logger': SystemLogger(output_dir=/net/projects/vystadial/data/call-logs/2013-05-30-alex-aotb-prototype/new, stdout_log_level='DEBUG', stdout=True, file_log_level='DEBUG'),
                   'system_name': u'Alex On The Bus - Live',
                   'version': u'1.0'},
      'NLG': { 'Template': { 'model': '/mnt/h/jurcicek/vystadial-git/alex/applications/AlexOnTheBus/nlg_templates.cfg'},
               'debug': True,
               'type': 'Template'},
      'SHub': { 'history_file': 'hub_history_shub.txt', 'history_length': 1000},
      'SLU': { 'cl-tracing': { 'cldb_fname': '/mnt/h/jurcicek/vystadial-git/alex/applications/CamInfoRest/data/database.py',
                               'do_preprocessing': True,
                               'features_type': ('ngram',),
                               'testing': { 'max_examples': None,
                                            'min_perc': 80,
                                            'model_fname': '/mnt/h/jurcicek/vystadial-git/alex/applications/CamInfoRest/models/130516_minf60-minfc35-mind60.slu_model.gz',
                                            'renormalise': True,
                                            'threshold': None,
                                            'vanilla': True},
                               'training': { 'models_dir': 'models'}},
               'debug': True,
               'type': <class 'alex.applications.AlexOnTheBus.aotb_slu.AOTBSLU'>,
               <class 'alex.applications.AlexOnTheBus.aotb_slu.AOTBSLU'>: { 'cldb_fname': '/mnt/h/jurcicek/vystadial-git/alex/applications/AlexOnTheBus/data/database.py',
                                                                            'preprocessing_cls': <class 'alex.applications.AlexOnTheBus.aotb_preprocessing.AOTBSLUPreprocessing'>,
                                                                            'training': { 'models_dir': 'models'}}},
      'THub': { 'history_file': 'hub_history_thub.txt', 'history_length': 1000},
      'TTS': { 'Flite': { 'debug': False,
                          'preprocessing': '/mnt/h/jurcicek/vystadial-git/alex/resources/tts/prep_flite_en.cfg',
                          'voice': 'kal16'},
               'Google': { 'debug': False,
                           'language': 'en',
                           'preprocessing': '/mnt/h/jurcicek/vystadial-git/alex/resources/tts/prep_google_en.cfg'},
               'SpeechTech': { 'debug': True,
                               'login': 'filipjurcicek',
    # this line was removed since it included a password
                               'preprocessing': '/mnt/h/jurcicek/vystadial-git/alex/resources/tts/prep_speechtech_cs.cfg',
                               'voice': 'Iva210'},
               'VoiceRSS': { 'api_key': '3b6a9fca5d724b1c8ac34691586cdda1'},
               'VoiceRss': { 'language': 'en-gb',
                             'preprocessing': '/mnt/h/jurcicek/vystadial-git/alex/resources/tts/prep_voicerss_en.cfg'},
               'debug': True,
               'final_silence_removal_proportion': 0.8,
               'type': 'SpeechTech'},
      'VAD': { 'debug': False,
               'decision_frames_sil': 25,
               'decision_frames_speech': 10,
               'decision_non_speech_threshold': 0.2,
               'decision_speech_threshold': 0.7,
               'gmm': { 'ceplifter': 22,
                        'enormalise': True,
                        'filter_length': 5,
                        'frameshift': 160,
                        'framesize': 512,
                        'frontend': 'MFCC',
                        'hifreq': 3800,
                        'lofreq': 125,
                        'numceps': 12,
                        'numchans': 26,
                        'preemcoef': 0.97,
                        'sil_model': '/mnt/h/jurcicek/vystadial-git/alex/resources/vad/voip_en/vad_sil_sds_mfcc_m064_f100000.gmm',
                        'speech_model': '/mnt/h/jurcicek/vystadial-git/alex/resources/vad/voip_en/vad_speech_sds_mfcc_m064_f100000.gmm',
                        'useacc': True,
                        'usec0': False,
                        'usecmn': False,
                        'usedelta': True,
                        'usehamming': True,
                        'usepower': True,
                        'zmeansource': True},
               'power': { 'adaptation_frames': 30, 'threshold': 70, 'threshold_multiplier': 1.0},
               'speech_buffer_frames': 20,
               'type': 'gmm'},
      'VoipHub': { 'blacklist_for': 7200,
                   'call_db': u'/net/projects/vystadial/data/call-logs/2013-05-30-alex-aotb-prototype/new/call_db.pckl',
                   'hard_time_limit': 360,
                   'hard_turn_limit': 40,
                   'history_length': 1000,
                   'last_period_max_num_calls': 20,
                   'last_period_max_total_time': 1800,
                   'limit_reached_message': u'D\u011bkujeme za zavol\xe1n\xed, ale u\u017e jste volali hodn\u011b. Pros\xedm zavolejte pozd\u011bji. Na shledanou.',
                   'period': 172800,
                   'pid_file': u'/net/projects/vystadial/data/call-logs/2013-05-30-alex-aotb-prototype/new/vhub_live.pid',
                   'wait_time_before_calling_back': 10},
      'VoipIO': { 'allowed_hosts': '',
                  'allowed_phone_numbers': '(^[234567])',
                  'allowed_users': '(^[234567])',
                  'debug': True,
                  'domain': 'vystadial.ms.mff.cuni.cz',
                  'forbidden_hosts': '',
                  'forbidden_phone_number': '(^112$|^150$|^155$|^156$|^158$)',
                  'forbidden_users': '(^112$|^150$|^155$|^156$|^158$)',
    # this line was removed since it included a password
                  'pjsip_log_level': 3,
                  'reject_calls': False,
                  'user': '800899998'},
      'WebHub': { 'port': 8000},
      'corpustools': { 'get_jasr_confnets': { 'frame_size': 256, 'rt_ratio': 0.2}}}
    

2013-06-27-17-48-33.328813-CEST  VoipIO-1   : DEBUG      
    VoipIO::on_call_confirmed

2013-06-27-17-48-33.378286-CEST  MainProcess : INFO       
    #2      Time: 2013-06-27-17-48-33.272457-CEST From: VoipIO     To: HUB        Command: call_connecting(remote_uri="777805048") 

2013-06-27-17-48-33.387316-CEST  MainProcess : INFO       
    #3      Time: 2013-06-27-17-48-33.331887-CEST From: VoipIO     To: HUB        Command: call_confirmed(remote_uri="777805048") 

2013-06-27-17-48-33.394571-CEST  MainProcess : INFO       
    
    ========================================================================================================================
    Incoming call from :          777805048
    ------------------------------------------------------------------------------------------------------------------------
    Total calls:                  4
    Total time (min):             5.9
    Last period total calls:      4
    Last period total time (min): 5.9
    ------------------------------------------------------------------------------------------------------------------------
    CALL ACCEPTED
    ========================================================================================================================
    

2013-06-27-17-48-33.401140-CEST  DM-5       : DEBUG      
    #7      Time: 2013-06-27-17-48-33.390602-CEST From: HUB        To: DM         Command: new_dialogue() 

2013-06-27-17-48-33.406852-CEST  DM-5       : DEBUG      
    DM Output
    ------------------------------------------------------------
    hello()
    

2013-06-27-17-48-33.435829-CEST  MainProcess : INFO       
    #9      Time: 2013-06-27-17-48-33.429586-CEST From: DM         To: HUB        Command: dm_da_generated() 

2013-06-27-17-48-33.441767-CEST  NLG-6      : DEBUG      
    NLG Output
    ------------------------------------------------------------
    Dobrý den, dovolali jste se na informace o veřejné dopravě v Praze. Hovor je nahráván. Více informací o této službě je na internetu. Jak Vám mohu pomoci. 
    

2013-06-27-17-48-33.463642-CEST  MainProcess : INFO       
    #14     Time: 2013-06-27-17-48-33.458006-CEST From: NLG        To: HUB        Command: nlg_text_generated() 

2013-06-27-17-48-33.471505-CEST  MainProcess : INFO       
    #16     Time: 2013-06-27-17-48-33.465573-CEST From: TTS        To: HUB        Command: tts_start(user_id="None",text="Dobrý den, dovolali jste se na informace o veřejné dopravě v Praze. Hovor je nahráván. Více informací o této službě je na internetu. Jak Vám mohu pomoci. ") 

2013-06-27-17-48-33.530429-CEST  MainProcess : INFO       
    #18     Time: 2013-06-27-17-48-33.470567-CEST From: VoipIO     To: HUB        Command: play_utterance_start(user_id="None",fname="tts-2013-06-27-17-48-33.460107.wav") 

2013-06-27-17-48-33.655468-CEST  MainProcess : INFO       
    #802    Time: 2013-06-27-17-48-33.643747-CEST From: TTS        To: HUB        Command: tts_end(user_id="None",text="Dobrý den, dovolali jste se na informace o veřejné dopravě v Praze. Hovor je nahráván. Více informací o této službě je na internetu. Jak Vám mohu pomoci. ",fname="tts-2013-06-27-17-48-33.460107.wav",log="true") 

2013-06-27-17-48-45.256256-CEST  MainProcess : INFO       
    #1530   Time: 2013-06-27-17-48-45.249868-CEST From: VAD        To: HUB        Command: speech_start(fname="vad-2013-06-27-17-48-45.226065.wav") 

2013-06-27-17-48-45.263053-CEST  ASR-3      : DEBUG      
    ASR: speech_start()

2013-06-27-17-48-45.272548-CEST  MainProcess : INFO       
    #1531   Time: 2013-06-27-17-48-45.252224-CEST From: ASR        To: HUB        Command: asr_start() 

2013-06-27-17-48-45.278133-CEST  NLG-6      : DEBUG      
    #1532   Time: 2013-06-27-17-48-45.266997-CEST From: HUB        To: NLG        Command: flush() 

2013-06-27-17-48-45.286135-CEST  MainProcess : INFO       
    #1533   Time: 2013-06-27-17-48-45.279765-CEST From: NLG        To: HUB        Command: flushed() 

2013-06-27-17-48-45.293921-CEST  TTS-7      : DEBUG      
    #1536   Time: 2013-06-27-17-48-45.287801-CEST From: HUB        To: TTS        Command: flush() 

2013-06-27-17-48-45.302328-CEST  MainProcess : INFO       
    #1539   Time: 2013-06-27-17-48-45.295405-CEST From: TTS        To: HUB        Command: flushed() 

2013-06-27-17-48-45.308240-CEST  VoipIO-1   : DEBUG      
    #1540   Time: 2013-06-27-17-48-45.303951-CEST From: HUB        To: VIO        Command: flush_out() 

2013-06-27-17-48-45.314235-CEST  MainProcess : INFO       
    #1541   Time: 2013-06-27-17-48-45.310070-CEST From: VoipIO     To: HUB        Command: flushed_out() 

2013-06-27-17-48-46.266811-CEST  ASR-3      : DEBUG      
    ASR: speech_end()

2013-06-27-17-48-46.272114-CEST  MainProcess : INFO       
    #1603   Time: 2013-06-27-17-48-46.261666-CEST From: VAD        To: HUB        Command: speech_end(fname="vad-2013-06-27-17-48-45.226065.wav") 

2013-06-27-17-48-46.783444-CEST  ASR-3      : DEBUG      
    ASR Hypothesis
    ------------------------------------------------------------
    1.000 __other__
    

2013-06-27-17-48-46.803299-CEST  MainProcess : INFO       
    #1636   Time: 2013-06-27-17-48-46.798623-CEST From: ASR        To: HUB        Command: asr_end() 

2013-06-27-17-48-46.808900-CEST  SLU-4      : DEBUG      
    SLU Hypothesis
    ------------------------------------------------------------
    1.000 other()
    

2013-06-27-17-48-46.831702-CEST  MainProcess : INFO       
    #1641   Time: 2013-06-27-17-48-46.826140-CEST From: SLU        To: HUB        Command: slu_parsed() 

2013-06-27-17-48-46.836518-CEST  DM-5       : DEBUG      
    DDDState Dialogue Act in: other()

2013-06-27-17-48-46.841371-CEST  DM-5       : DEBUG      
    Context Resolution - Dialogue Act: other()

2013-06-27-17-48-46.846231-CEST  DM-5       : DEBUG      
    DDDState - Dialogue state content:
    
    lda = other
    
    
    
    

2013-06-27-17-48-46.851268-CEST  DM-5       : DEBUG      
    DDDState
    
    Requested slots:
    {}
    Confirmed slots:
    {}
    Non-informed slots:
    {}

2013-06-27-17-48-46.855809-CEST  DM-5       : DEBUG      
    DM Output
    ------------------------------------------------------------
    notunderstood()&help(inform="from_stop")
    

2013-06-27-17-48-46.878413-CEST  MainProcess : INFO       
    #1644   Time: 2013-06-27-17-48-46.874413-CEST From: DM         To: HUB        Command: dm_da_generated() 

2013-06-27-17-48-46.882858-CEST  NLG-6      : DEBUG      
    NLG Output
    ------------------------------------------------------------
    Promiňte, nerozuměla jsem. Můžete například říct chtěl bych jet ze zastávky Malostranské náměstí.
    

2013-06-27-17-48-46.902507-CEST  MainProcess : INFO       
    #1650   Time: 2013-06-27-17-48-46.893926-CEST From: NLG        To: HUB        Command: nlg_text_generated() 

2013-06-27-17-48-46.908010-CEST  MainProcess : INFO       
    #1652   Time: 2013-06-27-17-48-46.895666-CEST From: TTS        To: HUB        Command: tts_start(user_id="None",text="Promiňte, nerozuměla jsem. Můžete například říct chtěl bych jet ze zastávky Malostranské náměstí.") 

2013-06-27-17-48-46.917927-CEST  MainProcess : INFO       
    #1654   Time: 2013-06-27-17-48-46.898006-CEST From: VoipIO     To: HUB        Command: play_utterance_start(user_id="None",fname="tts-2013-06-27-17-48-46.895491.wav") 

2013-06-27-17-48-48.177340-CEST  MainProcess : INFO       
    #2230   Time: 2013-06-27-17-48-48.170426-CEST From: TTS        To: HUB        Command: tts_end(user_id="None",text="Promiňte, nerozuměla jsem. Můžete například říct chtěl bych jet ze zastávky Malostranské náměstí.",fname="tts-2013-06-27-17-48-46.895491.wav",log="true") 

2013-06-27-17-48-50.395964-CEST  MainProcess : INFO       
    #2370   Time: 2013-06-27-17-48-50.391411-CEST From: VAD        To: HUB        Command: speech_start(fname="vad-2013-06-27-17-48-50.367880.wav") 

2013-06-27-17-48-50.401616-CEST  ASR-3      : DEBUG      
    ASR: speech_start()

2013-06-27-17-48-50.412811-CEST  NLG-6      : DEBUG      
    #2374   Time: 2013-06-27-17-48-50.408505-CEST From: HUB        To: NLG        Command: flush() 

2013-06-27-17-48-50.418367-CEST  MainProcess : INFO       
    #2371   Time: 2013-06-27-17-48-50.392033-CEST From: ASR        To: HUB        Command: asr_start() 

2013-06-27-17-48-50.423111-CEST  MainProcess : INFO       
    #2377   Time: 2013-06-27-17-48-50.414464-CEST From: NLG        To: HUB        Command: flushed() 

2013-06-27-17-48-50.429715-CEST  TTS-7      : DEBUG      
    #2378   Time: 2013-06-27-17-48-50.424408-CEST From: HUB        To: TTS        Command: flush() 

2013-06-27-17-48-50.436328-CEST  MainProcess : INFO       
    #2379   Time: 2013-06-27-17-48-50.431198-CEST From: TTS        To: HUB        Command: flushed() 

2013-06-27-17-48-50.442859-CEST  VoipIO-1   : DEBUG      
    #2380   Time: 2013-06-27-17-48-50.437749-CEST From: HUB        To: VIO        Command: flush_out() 

2013-06-27-17-48-50.450267-CEST  MainProcess : INFO       
    #2381   Time: 2013-06-27-17-48-50.444503-CEST From: VoipIO     To: HUB        Command: flushed_out() 

2013-06-27-17-48-51.781928-CEST  ASR-3      : DEBUG      
    ASR: speech_end()

2013-06-27-17-48-51.787207-CEST  MainProcess : INFO       
    #2467   Time: 2013-06-27-17-48-51.777472-CEST From: VAD        To: HUB        Command: speech_end(fname="vad-2013-06-27-17-48-50.367880.wav") 

2013-06-27-17-48-52.473398-CEST  ASR-3      : DEBUG      
    ASR Hypothesis
    ------------------------------------------------------------
    0.349 anděla
    0.093 chtěl bych dělat
    0.086 co dělat
    0.079 co děláš
    0.072 anděl
    0.064 dělat
    0.057 chtěl bych anděla
    0.050 chtěl bych anděl
    0.043 čau anděla
    0.036 chtěl by anděla
    0.029 telč anděla
    0.021 trutnov anděla
    0.014 čau anděl
    0.007 chtěl by anděl
    0.000 __other__
    

2013-06-27-17-48-52.495997-CEST  MainProcess : INFO       
    #2512   Time: 2013-06-27-17-48-52.490393-CEST From: ASR        To: HUB        Command: asr_end() 

2013-06-27-17-48-53.628305-CEST  SLU-4      : DEBUG      
    SLU Hypothesis
    ------------------------------------------------------------
    0.678 inform(="Anděl")
    0.322 other()
    

2013-06-27-17-48-53.648619-CEST  MainProcess : INFO       
    #2586   Time: 2013-06-27-17-48-53.643993-CEST From: SLU        To: HUB        Command: slu_parsed() 

2013-06-27-17-48-53.653235-CEST  DM-5       : DEBUG      
    DDDState Dialogue Act in: inform(="Anděl")

2013-06-27-17-48-53.658618-CEST  DM-5       : DEBUG      
    Context Resolution - Dialogue Act: inform(="Anděl")

2013-06-27-17-48-53.663706-CEST  DM-5       : DEBUG      
    DDDState - Dialogue state content:
    
    lda = none
    alternative = none
    from_stop = none
    route_alternative = none
    
    
    
    

2013-06-27-17-48-53.669012-CEST  DM-5       : DEBUG      
    DDDState
    
    Requested slots:
    {}
    Confirmed slots:
    {}
    Non-informed slots:
    {}

2013-06-27-17-48-53.674488-CEST  DM-5       : DEBUG      
    DM Output
    ------------------------------------------------------------
    confirm(from_centre="true")
    

2013-06-27-17-48-53.708988-CEST  MainProcess : INFO       
    #2592   Time: 2013-06-27-17-48-53.704407-CEST From: DM         To: HUB        Command: dm_da_generated() 

2013-06-27-17-48-53.714140-CEST  NLG-6      : DEBUG      
    NLG Output
    ------------------------------------------------------------
    Jedete z centra?
    

2013-06-27-17-48-53.734198-CEST  MainProcess : INFO       
    #2594   Time: 2013-06-27-17-48-53.729676-CEST From: NLG        To: HUB        Command: nlg_text_generated() 

2013-06-27-17-48-53.741155-CEST  MainProcess : INFO       
    #2598   Time: 2013-06-27-17-48-53.735663-CEST From: TTS        To: HUB        Command: tts_start(user_id="None",text="Jedete z centra?") 

2013-06-27-17-48-53.761117-CEST  MainProcess : INFO       
    #2601   Time: 2013-06-27-17-48-53.738402-CEST From: VoipIO     To: HUB        Command: play_utterance_start(user_id="None",fname="tts-2013-06-27-17-48-53.731774.wav") 

2013-06-27-17-48-53.813543-CEST  MainProcess : INFO       
    #2711   Time: 2013-06-27-17-48-53.808998-CEST From: TTS        To: HUB        Command: tts_end(user_id="None",text="Jedete z centra?",fname="tts-2013-06-27-17-48-53.731774.wav",log="true") 

2013-06-27-17-48-55.479888-CEST  MainProcess : INFO       
    #2780   Time: 2013-06-27-17-48-54.918879-CEST From: VoipIO     To: HUB        Command: play_utterance_end(user_id="None",fname="tts-2013-06-27-17-48-53.731774.wav) 

2013-06-27-17-48-57.101296-CEST  ASR-3      : DEBUG      
    ASR: speech_start()

2013-06-27-17-48-57.106655-CEST  MainProcess : INFO       
    #2918   Time: 2013-06-27-17-48-57.096884-CEST From: VAD        To: HUB        Command: speech_start(fname="vad-2013-06-27-17-48-57.065499.wav") 

2013-06-27-17-48-57.113632-CEST  MainProcess : INFO       
    #2919   Time: 2013-06-27-17-48-57.097202-CEST From: ASR        To: HUB        Command: asr_start() 

2013-06-27-17-48-57.493257-CEST  ASR-3      : DEBUG      
    ASR: speech_end()

2013-06-27-17-48-57.498846-CEST  MainProcess : INFO       
    #2945   Time: 2013-06-27-17-48-57.488771-CEST From: VAD        To: HUB        Command: speech_end(fname="vad-2013-06-27-17-48-57.065499.wav") 

2013-06-27-17-48-57.846666-CEST  ASR-3      : DEBUG      
    ASR Hypothesis
    ------------------------------------------------------------
    0.759 ano
    0.096 anno
    0.072 hovno
    0.048 porno
    0.024 anna
    0.000 __other__
    

2013-06-27-17-48-57.872817-CEST  MainProcess : INFO       
    #2970   Time: 2013-06-27-17-48-57.867043-CEST From: ASR        To: HUB        Command: asr_end() 

2013-06-27-17-48-58.220634-CEST  SLU-4      : DEBUG      
    SLU Hypothesis
    ------------------------------------------------------------
    0.759 affirm()
    0.241 other()
    

2013-06-27-17-48-58.254141-CEST  MainProcess : INFO       
    #2996   Time: 2013-06-27-17-48-58.248254-CEST From: SLU        To: HUB        Command: slu_parsed() 

2013-06-27-17-48-58.259059-CEST  DM-5       : DEBUG      
    DDDState Dialogue Act in: affirm()

2013-06-27-17-48-58.264023-CEST  DM-5       : DEBUG      
    Context Resolution - Dialogue Act: inform(from_centre="true")&affirm()

2013-06-27-17-48-58.269319-CEST  DM-5       : DEBUG      
    DDDState - Dialogue state content:
    
    lda = none
    alternative = none
    from_centre = true
    from_stop = none
    route_alternative = none
    time = none
    to_stop = none
    
    
    
    

2013-06-27-17-48-58.274403-CEST  DM-5       : DEBUG      
    DDDState
    
    Requested slots:
    {}
    Confirmed slots:
    {}
    Non-informed slots:
    {u'from_centre': u'true'}

2013-06-27-17-48-58.279990-CEST  DM-5       : DEBUG      
    DM Output
    ------------------------------------------------------------
    iconfirm(from_centre="true")&request(from_stop)
    

2013-06-27-17-48-58.335275-CEST  MainProcess : INFO       
    #3002   Time: 2013-06-27-17-48-58.330204-CEST From: DM         To: HUB        Command: dm_da_generated() 

2013-06-27-17-48-58.339705-CEST  NLG-6      : DEBUG      
    NLG Output
    ------------------------------------------------------------
    Z centra. Jaká je Vaše výchozí zastávka?
    

2013-06-27-17-48-58.363034-CEST  MainProcess : INFO       
    #3008   Time: 2013-06-27-17-48-58.359140-CEST From: NLG        To: HUB        Command: nlg_text_generated() 

2013-06-27-17-48-58.370372-CEST  MainProcess : INFO       
    #3010   Time: 2013-06-27-17-48-58.364513-CEST From: TTS        To: HUB        Command: tts_start(user_id="None",text="Z centra. Jaká je Vaše výchozí zastávka?") 

2013-06-27-17-48-58.394188-CEST  MainProcess : INFO       
    #3012   Time: 2013-06-27-17-48-58.366764-CEST From: VoipIO     To: HUB        Command: play_utterance_start(user_id="None",fname="tts-2013-06-27-17-48-58.360932.wav") 

2013-06-27-17-48-58.478295-CEST  MainProcess : INFO       
    #3249   Time: 2013-06-27-17-48-58.471092-CEST From: TTS        To: HUB        Command: tts_end(user_id="None",text="Z centra. Jaká je Vaše výchozí zastávka?",fname="tts-2013-06-27-17-48-58.360932.wav",log="true") 

2013-06-27-17-49-02.072162-CEST  MainProcess : INFO       
    #3465   Time: 2013-06-27-17-49-01.897939-CEST From: VoipIO     To: HUB        Command: play_utterance_end(user_id="None",fname="tts-2013-06-27-17-48-58.360932.wav) 

2013-06-27-17-49-03.854710-CEST  MainProcess : INFO       
    #3590   Time: 2013-06-27-17-49-03.849802-CEST From: VAD        To: HUB        Command: speech_start(fname="vad-2013-06-27-17-49-03.808507.wav") 

2013-06-27-17-49-03.859894-CEST  ASR-3      : DEBUG      
    ASR: speech_start()

2013-06-27-17-49-03.865496-CEST  MainProcess : INFO       
    #3591   Time: 2013-06-27-17-49-03.850681-CEST From: ASR        To: HUB        Command: asr_start() 

2013-06-27-17-49-04.473151-CEST  MainProcess : INFO       
    #3630   Time: 2013-06-27-17-49-04.468679-CEST From: VAD        To: HUB        Command: speech_end(fname="vad-2013-06-27-17-49-03.808507.wav") 

2013-06-27-17-49-04.478541-CEST  ASR-3      : DEBUG      
    ASR: speech_end()

2013-06-27-17-49-04.795913-CEST  ASR-3      : DEBUG      
    ASR Hypothesis
    ------------------------------------------------------------
    0.872 anděl
    0.037 anděla
    0.030 andělé
    0.024 anděl i
    0.018 anděl s
    0.012 anděla i
    0.006 andělé i
    0.000 __other__
    

2013-06-27-17-49-04.830798-CEST  MainProcess : INFO       
    #3655   Time: 2013-06-27-17-49-04.824780-CEST From: ASR        To: HUB        Command: asr_end() 

2013-06-27-17-49-05.291205-CEST  SLU-4      : DEBUG      
    SLU Hypothesis
    ------------------------------------------------------------
    0.963 inform(="Anděl")
    0.037 other()
    

2013-06-27-17-49-05.318410-CEST  DM-5       : DEBUG      
    DDDState Dialogue Act in: inform(="Anděl")

2013-06-27-17-49-05.323808-CEST  MainProcess : INFO       
    #3685   Time: 2013-06-27-17-49-05.312749-CEST From: SLU        To: HUB        Command: slu_parsed() 

2013-06-27-17-49-05.328515-CEST  DM-5       : DEBUG      
    Context Resolution - Dialogue Act: inform(from_stop="Anděl")&inform(="Anděl")

2013-06-27-17-49-05.333889-CEST  DM-5       : DEBUG      
    DDDState - Dialogue state content:
    
    lda = none
    alternative = none
    from_centre = true
    from_stop = Anděl
    route_alternative = none
    time = none
    to_centre = none
    to_stop = none
    
    rh_from_centre = system-informed
    
    ch_from_centre = system-informed
    
    sh_from_centre = system-informed
    

2013-06-27-17-49-05.338811-CEST  DM-5       : DEBUG      
    DDDState
    
    Requested slots:
    {}
    Confirmed slots:
    {}
    Non-informed slots:
    {u'from_stop': u'And\u011bl'}

2013-06-27-17-49-05.344564-CEST  DM-5       : DEBUG      
    DM Output
    ------------------------------------------------------------
    iconfirm(from_stop="Anděl")&request(to_stop)
    

2013-06-27-17-49-05.403126-CEST  MainProcess : INFO       
    #3695   Time: 2013-06-27-17-49-05.399064-CEST From: DM         To: HUB        Command: dm_da_generated() 

2013-06-27-17-49-05.408540-CEST  NLG-6      : DEBUG      
    NLG Output
    ------------------------------------------------------------
    Ze zastávky Anděl. Kam chcete jet?
    

2013-06-27-17-49-05.439279-CEST  MainProcess : INFO       
    #3697   Time: 2013-06-27-17-49-05.433366-CEST From: NLG        To: HUB        Command: nlg_text_generated() 

2013-06-27-17-49-05.444473-CEST  MainProcess : INFO       
    #3699   Time: 2013-06-27-17-49-05.434997-CEST From: TTS        To: HUB        Command: tts_start(user_id="None",text="Ze zastávky Anděl. Kam chcete jet?") 

2013-06-27-17-49-05.466529-CEST  MainProcess : INFO       
    #3701   Time: 2013-06-27-17-49-05.436635-CEST From: VoipIO     To: HUB        Command: play_utterance_start(user_id="None",fname="tts-2013-06-27-17-49-05.434828.wav") 

2013-06-27-17-49-05.526886-CEST  MainProcess : INFO       
    #3934   Time: 2013-06-27-17-49-05.521716-CEST From: TTS        To: HUB        Command: tts_end(user_id="None",text="Ze zastávky Anděl. Kam chcete jet?",fname="tts-2013-06-27-17-49-05.434828.wav",log="true") 

2013-06-27-17-49-09.047563-CEST  MainProcess : INFO       
    #4119   Time: 2013-06-27-17-49-08.491181-CEST From: VoipIO     To: HUB        Command: play_utterance_end(user_id="None",fname="tts-2013-06-27-17-49-05.434828.wav) 

2013-06-27-17-49-14.539065-CEST  ASR-3      : DEBUG      
    ASR: speech_start()

2013-06-27-17-49-14.544375-CEST  MainProcess : INFO       
    #4498   Time: 2013-06-27-17-49-14.533353-CEST From: VAD        To: HUB        Command: speech_start(fname="vad-2013-06-27-17-49-14.490866.wav") 

2013-06-27-17-49-14.550987-CEST  MainProcess : INFO       
    #4500   Time: 2013-06-27-17-49-14.535282-CEST From: ASR        To: HUB        Command: asr_start() 

2013-06-27-17-49-15.272994-CEST  ASR-3      : DEBUG      
    ASR: speech_end()

2013-06-27-17-49-15.278430-CEST  MainProcess : INFO       
    #4548   Time: 2013-06-27-17-49-15.267459-CEST From: VAD        To: HUB        Command: speech_end(fname="vad-2013-06-27-17-49-14.490866.wav") 

2013-06-27-17-49-15.672107-CEST  ASR-3      : DEBUG      
    ASR Hypothesis
    ------------------------------------------------------------
    0.845 nevím
    0.062 nevíme
    0.047 nevím co
    0.031 nevim
    0.016 nevidím
    0.000 __other__
    

2013-06-27-17-49-15.710429-CEST  MainProcess : INFO       
    #4577   Time: 2013-06-27-17-49-15.704555-CEST From: ASR        To: HUB        Command: asr_end() 

2013-06-27-17-49-16.040828-CEST  SLU-4      : DEBUG      
    SLU Hypothesis
    ------------------------------------------------------------
    0.922 help()
    0.078 other()
    

2013-06-27-17-49-16.073460-CEST  DM-5       : DEBUG      
    DDDState Dialogue Act in: help()

2013-06-27-17-49-16.078738-CEST  MainProcess : INFO       
    #4600   Time: 2013-06-27-17-49-16.067659-CEST From: SLU        To: HUB        Command: slu_parsed() 

2013-06-27-17-49-16.084344-CEST  DM-5       : DEBUG      
    Context Resolution - Dialogue Act: help()

2013-06-27-17-49-16.090258-CEST  DM-5       : DEBUG      
    DDDState - Dialogue state content:
    
    lda = help
    alternative = none
    from_centre = true
    from_stop = Anděl
    route_alternative = none
    time = none
    to_centre = none
    to_stop = none
    
    rh_from_centre = system-informed
    rh_from_stop = system-informed
    
    ch_from_centre = system-informed
    ch_from_stop = system-informed
    
    sh_from_centre = system-informed
    sh_from_stop = system-informed
    

2013-06-27-17-49-16.095878-CEST  DM-5       : DEBUG      
    DDDState
    
    Requested slots:
    {}
    Confirmed slots:
    {}
    Non-informed slots:
    {}

2013-06-27-17-49-16.101844-CEST  DM-5       : DEBUG      
    DM Output
    ------------------------------------------------------------
    help()
    

2013-06-27-17-49-16.165419-CEST  MainProcess : INFO       
    #4609   Time: 2013-06-27-17-49-16.159529-CEST From: DM         To: HUB        Command: dm_da_generated() 

2013-06-27-17-49-16.170976-CEST  NLG-6      : DEBUG      
    NLG Output
    ------------------------------------------------------------
    Jmenuji se Alex a dokážu hledat spojení veřejné dopravy v Praze. Řekněte postupně odkud a kam chcete jet. Případně v kolik hodin. 
    

2013-06-27-17-49-16.210652-CEST  MainProcess : INFO       
    #4615   Time: 2013-06-27-17-49-16.204815-CEST From: NLG        To: HUB        Command: nlg_text_generated() 

2013-06-27-17-49-16.217788-CEST  MainProcess : INFO       
    #4617   Time: 2013-06-27-17-49-16.212218-CEST From: TTS        To: HUB        Command: tts_start(user_id="None",text="Jmenuji se Alex a dokážu hledat spojení veřejné dopravy v Praze. Řekněte postupně odkud a kam chcete jet. Případně v kolik hodin. ") 

2013-06-27-17-49-16.263271-CEST  MainProcess : INFO       
    #4619   Time: 2013-06-27-17-49-16.215196-CEST From: VoipIO     To: HUB        Command: play_utterance_start(user_id="None",fname="tts-2013-06-27-17-49-16.207219.wav") 

2013-06-27-17-49-16.428344-CEST  MainProcess : INFO       
    #5254   Time: 2013-06-27-17-49-16.416914-CEST From: TTS        To: HUB        Command: tts_end(user_id="None",text="Jmenuji se Alex a dokážu hledat spojení veřejné dopravy v Praze. Řekněte postupně odkud a kam chcete jet. Případně v kolik hodin. ",fname="tts-2013-06-27-17-49-16.207219.wav",log="true") 

2013-06-27-17-49-26.266004-CEST  MainProcess : INFO       
    #5851   Time: 2013-06-27-17-49-25.976918-CEST From: VoipIO     To: HUB        Command: play_utterance_end(user_id="None",fname="tts-2013-06-27-17-49-16.207219.wav) 

2013-06-27-17-49-40.604421-CEST  ASR-3      : DEBUG      
    ASR: speech_start()

2013-06-27-17-49-40.610182-CEST  MainProcess : INFO       
    #6769   Time: 2013-06-27-17-49-40.598812-CEST From: VAD        To: HUB        Command: speech_start(fname="vad-2013-06-27-17-49-40.540460.wav") 

2013-06-27-17-49-40.617028-CEST  MainProcess : INFO       
    #6770   Time: 2013-06-27-17-49-40.599811-CEST From: ASR        To: HUB        Command: asr_start() 

2013-06-27-17-49-41.449021-CEST  ASR-3      : DEBUG      
    ASR: speech_end()

2013-06-27-17-49-41.453949-CEST  MainProcess : INFO       
    #6824   Time: 2013-06-27-17-49-41.444321-CEST From: VAD        To: HUB        Command: speech_end(fname="vad-2013-06-27-17-49-40.540460.wav") 

2013-06-27-17-49-41.840651-CEST  ASR-3      : DEBUG      
    ASR Hypothesis
    ------------------------------------------------------------
    0.842 co mám dělat
    0.035 co máme dělat
    0.031 co mam delat
    0.026 co mám dělat i
    0.022 co máme dělat i
    0.018 co mam delat i
    0.013 co mám teď dělat i
    0.009 co mam dělat i
    0.004 co mám udělat i
    0.000 __other__
    

2013-06-27-17-49-41.891143-CEST  MainProcess : INFO       
    #6853   Time: 2013-06-27-17-49-41.884171-CEST From: ASR        To: HUB        Command: asr_end() 

2013-06-27-17-49-42.547554-CEST  SLU-4      : DEBUG      
    SLU Hypothesis
    ------------------------------------------------------------
    1.000 other()
    

2013-06-27-17-49-42.586081-CEST  DM-5       : DEBUG      
    DDDState Dialogue Act in: other()

2013-06-27-17-49-42.590804-CEST  MainProcess : INFO       
    #6899   Time: 2013-06-27-17-49-42.581074-CEST From: SLU        To: HUB        Command: slu_parsed() 

2013-06-27-17-49-42.595339-CEST  DM-5       : DEBUG      
    Context Resolution - Dialogue Act: other()

2013-06-27-17-49-42.600031-CEST  DM-5       : DEBUG      
    DDDState - Dialogue state content:
    
    lda = other
    alternative = none
    from_centre = true
    from_stop = Anděl
    route_alternative = none
    time = none
    to_centre = none
    to_stop = none
    
    rh_from_centre = system-informed
    rh_from_stop = system-informed
    
    ch_from_centre = system-informed
    ch_from_stop = system-informed
    
    sh_from_centre = system-informed
    sh_from_stop = system-informed
    

2013-06-27-17-49-42.605030-CEST  DM-5       : DEBUG      
    DDDState
    
    Requested slots:
    {}
    Confirmed slots:
    {}
    Non-informed slots:
    {}

2013-06-27-17-49-42.609675-CEST  DM-5       : DEBUG      
    DM Output
    ------------------------------------------------------------
    notunderstood()&help(inform="to_stop")
    

2013-06-27-17-49-42.675715-CEST  MainProcess : INFO       
    #6905   Time: 2013-06-27-17-49-42.670030-CEST From: DM         To: HUB        Command: dm_da_generated() 

2013-06-27-17-49-42.680970-CEST  NLG-6      : DEBUG      
    NLG Output
    ------------------------------------------------------------
    Promiňte, nerozuměla jsem. Můžete například říct na Zvonařku.
    

2013-06-27-17-49-42.712066-CEST  MainProcess : INFO       
    #6911   Time: 2013-06-27-17-49-42.707872-CEST From: NLG        To: HUB        Command: nlg_text_generated() 

2013-06-27-17-49-55.778691-CEST  MainProcess : INFO       
    #7730   Time: 2013-06-27-17-49-55.772924-CEST From: VAD        To: HUB        Command: speech_start(fname="vad-2013-06-27-17-49-55.641784.wav") 

2013-06-27-17-49-55.783254-CEST  ASR-3      : DEBUG      
    ASR: speech_start()

2013-06-27-17-49-55.787803-CEST  MainProcess : INFO       
    #7731   Time: 2013-06-27-17-49-55.774835-CEST From: ASR        To: HUB        Command: asr_start() 

2013-06-27-17-49-56.457672-CEST  ASR-3      : DEBUG      
    ASR: speech_end()

2013-06-27-17-49-56.463438-CEST  MainProcess : INFO       
    #7773   Time: 2013-06-27-17-49-56.451549-CEST From: VAD        To: HUB        Command: speech_end(fname="vad-2013-06-27-17-49-55.641784.wav") 

2013-06-27-17-49-56.781099-CEST  ASR-3      : DEBUG      
    ASR Hypothesis
    ------------------------------------------------------------
    0.886 co mám dělat
    0.029 co máme dělat
    0.025 co mám dělat i
    0.020 mám dělat
    0.016 co máme dělat i
    0.012 co mam dělat i
    0.008 mám dělat i
    0.004 co mam delat i
    0.000 __other__
    

2013-06-27-17-49-56.828491-CEST  MainProcess : INFO       
    #7798   Time: 2013-06-27-17-49-56.824067-CEST From: ASR        To: HUB        Command: asr_end() 

2013-06-27-17-49-57.367539-CEST  SLU-4      : DEBUG      
    SLU Hypothesis
    ------------------------------------------------------------
    1.000 other()
    

2013-06-27-17-49-57.402901-CEST  MainProcess : INFO       
    #7836   Time: 2013-06-27-17-49-57.398657-CEST From: SLU        To: HUB        Command: slu_parsed() 

2013-06-27-17-49-57.407703-CEST  DM-5       : DEBUG      
    DDDState Dialogue Act in: other()

2013-06-27-17-49-57.412611-CEST  DM-5       : DEBUG      
    Context Resolution - Dialogue Act: other()

2013-06-27-17-49-57.417522-CEST  DM-5       : DEBUG      
    DDDState - Dialogue state content:
    
    lda = other
    alternative = none
    from_centre = true
    from_stop = Anděl
    route_alternative = none
    time = none
    to_centre = none
    to_stop = none
    
    rh_from_centre = system-informed
    rh_from_stop = system-informed
    
    ch_from_centre = system-informed
    ch_from_stop = system-informed
    
    sh_from_centre = system-informed
    sh_from_stop = system-informed
    

2013-06-27-17-49-57.422309-CEST  DM-5       : DEBUG      
    DDDState
    
    Requested slots:
    {}
    Confirmed slots:
    {}
    Non-informed slots:
    {}

2013-06-27-17-49-57.427454-CEST  DM-5       : DEBUG      
    DM Output
    ------------------------------------------------------------
    notunderstood()&help(inform="to_stop")
    

2013-06-27-17-49-57.490303-CEST  MainProcess : INFO       
    #7846   Time: 2013-06-27-17-49-57.485850-CEST From: DM         To: HUB        Command: dm_da_generated() 

2013-06-27-17-49-57.495655-CEST  NLG-6      : DEBUG      
    NLG Output
    ------------------------------------------------------------
    Promiňte, nerozuměla jsem. Můžete například říct chtěl bych jet na zastávku Zličín.
    

2013-06-27-17-49-57.531215-CEST  MainProcess : INFO       
    #7848   Time: 2013-06-27-17-49-57.526125-CEST From: NLG        To: HUB        Command: nlg_text_generated() 

2013-06-27-17-50-15.683726-CEST  ASR-3      : DEBUG      
    ASR: speech_start()

2013-06-27-17-50-15.689357-CEST  MainProcess : INFO       
    #8987   Time: 2013-06-27-17-50-15.679587-CEST From: VAD        To: HUB        Command: speech_start(fname="vad-2013-06-27-17-50-15.614418.wav") 

2013-06-27-17-50-15.696277-CEST  MainProcess : INFO       
    #8988   Time: 2013-06-27-17-50-15.679848-CEST From: ASR        To: HUB        Command: asr_start() 

2013-06-27-17-50-16.415788-CEST  MainProcess : INFO       
    #9034   Time: 2013-06-27-17-50-16.410988-CEST From: VAD        To: HUB        Command: speech_end(fname="vad-2013-06-27-17-50-15.614418.wav") 

2013-06-27-17-50-16.421278-CEST  ASR-3      : DEBUG      
    ASR: speech_end()

2013-06-27-17-50-16.433498-CEST  MainProcess : INFO       
    #9039   Time: 2013-06-27-17-50-16.428270-CEST From: TTS        To: HUB        Command: tts_start(user_id="None",text="Promiňte, nerozuměla jsem. Můžete například říct na Zvonařku.") 

2013-06-27-17-50-16.489482-CEST  MainProcess : INFO       
    #9041   Time: 2013-06-27-17-50-16.430544-CEST From: VoipIO     To: HUB        Command: play_utterance_start(user_id="None",fname="tts-2013-06-27-17-50-16.428064.wav") 

2013-06-27-17-50-16.566272-CEST  MainProcess : INFO       
    #9393   Time: 2013-06-27-17-50-16.559156-CEST From: TTS        To: HUB        Command: tts_end(user_id="None",text="Promiňte, nerozuměla jsem. Můžete například říct na Zvonařku.",fname="tts-2013-06-27-17-50-16.428064.wav",log="true") 

2013-06-27-17-50-16.574162-CEST  MainProcess : INFO       
    #9395   Time: 2013-06-27-17-50-16.567679-CEST From: TTS        To: HUB        Command: tts_start(user_id="None",text="Promiňte, nerozuměla jsem. Můžete například říct chtěl bych jet na zastávku Zličín.") 

2013-06-27-17-50-16.710262-CEST  ASR-3      : DEBUG      
    ASR Hypothesis
    ------------------------------------------------------------
    0.868 co mám dělat
    0.029 co máme dělat
    0.026 mám dělat
    0.022 co mám dělat i
    0.018 co máme dělat i
    0.015 nemám dělat i
    0.011 mám dělat i
    0.007 co mam delat i
    0.004 co mám udělat i
    0.000 __other__
    

2013-06-27-17-50-16.752337-CEST  MainProcess : INFO       
    #9567   Time: 2013-06-27-17-50-16.747445-CEST From: ASR        To: HUB        Command: asr_end() 

2013-06-27-17-50-17.300681-CEST  SLU-4      : DEBUG      
    SLU Hypothesis
    ------------------------------------------------------------
    1.000 other()
    

2013-06-27-17-50-17.348097-CEST  MainProcess : INFO       
    #9606   Time: 2013-06-27-17-50-17.342831-CEST From: SLU        To: HUB        Command: slu_parsed() 

2013-06-27-17-50-17.354262-CEST  DM-5       : DEBUG      
    DDDState Dialogue Act in: other()

2013-06-27-17-50-17.360188-CEST  DM-5       : DEBUG      
    Context Resolution - Dialogue Act: other()

2013-06-27-17-50-17.366321-CEST  DM-5       : DEBUG      
    DDDState - Dialogue state content:
    
    lda = other
    alternative = none
    from_centre = true
    from_stop = Anděl
    route_alternative = none
    time = none
    to_centre = none
    to_stop = none
    
    rh_from_centre = system-informed
    rh_from_stop = system-informed
    
    ch_from_centre = system-informed
    ch_from_stop = system-informed
    
    sh_from_centre = system-informed
    sh_from_stop = system-informed
    

2013-06-27-17-50-17.371972-CEST  DM-5       : DEBUG      
    DDDState
    
    Requested slots:
    {}
    Confirmed slots:
    {}
    Non-informed slots:
    {}

2013-06-27-17-50-17.377274-CEST  DM-5       : DEBUG      
    DM Output
    ------------------------------------------------------------
    notunderstood()&help(request="help")
    

2013-06-27-17-50-17.395547-CEST  MainProcess : INFO       
    #9888   Time: 2013-06-27-17-50-17.386704-CEST From: TTS        To: HUB        Command: tts_end(user_id="None",text="Promiňte, nerozuměla jsem. Můžete například říct chtěl bych jet na zastávku Zličín.",fname="tts-2013-06-27-17-50-16.567208.wav",log="true") 

2013-06-27-17-50-17.527819-CEST  MainProcess : INFO       
    #9899   Time: 2013-06-27-17-50-17.522819-CEST From: DM         To: HUB        Command: dm_da_generated() 

2013-06-27-17-50-17.533151-CEST  NLG-6      : DEBUG      
    NLG Output
    ------------------------------------------------------------
    Promiňte, nerozuměla jsem. Pokud nevíte jak se se mnou bavit nebo co říct zeptejte se na nápovědu nebo požádejte o pomoc.
    

2013-06-27-17-50-17.576996-CEST  MainProcess : INFO       
    #9901   Time: 2013-06-27-17-50-17.570558-CEST From: NLG        To: HUB        Command: nlg_text_generated() 

2013-06-27-17-50-17.583146-CEST  MainProcess : INFO       
    #9903   Time: 2013-06-27-17-50-17.572062-CEST From: TTS        To: HUB        Command: tts_start(user_id="None",text="Promiňte, nerozuměla jsem. Pokud nevíte jak se se mnou bavit nebo co říct zeptejte se na nápovědu nebo požádejte o pomoc.") 

2013-06-27-17-50-17.696450-CEST  MainProcess : INFO       
    #10481  Time: 2013-06-27-17-50-17.688292-CEST From: TTS        To: HUB        Command: tts_end(user_id="None",text="Promiňte, nerozuměla jsem. Pokud nevíte jak se se mnou bavit nebo co říct zeptejte se na nápovědu nebo požádejte o pomoc.",fname="tts-2013-06-27-17-50-17.571883.wav",log="true") 

2013-06-27-17-50-21.945265-CEST  MainProcess : INFO       
    #10714  Time: 2013-06-27-17-50-21.386567-CEST From: VoipIO     To: HUB        Command: play_utterance_end(user_id="None",fname="tts-2013-06-27-17-50-16.428064.wav) 

2013-06-27-17-50-21.952680-CEST  MainProcess : INFO       
    #10715  Time: 2013-06-27-17-50-21.389132-CEST From: VoipIO     To: HUB        Command: play_utterance_start(user_id="None",fname="tts-2013-06-27-17-50-16.567208.wav") 

2013-06-27-17-50-28.855672-CEST  MainProcess : INFO       
    #11162  Time: 2013-06-27-17-50-28.521499-CEST From: VoipIO     To: HUB        Command: play_utterance_end(user_id="None",fname="tts-2013-06-27-17-50-16.567208.wav) 

2013-06-27-17-50-28.862778-CEST  MainProcess : INFO       
    #11164  Time: 2013-06-27-17-50-28.524516-CEST From: VoipIO     To: HUB        Command: play_utterance_start(user_id="None",fname="tts-2013-06-27-17-50-17.571883.wav") 

2013-06-27-17-50-37.944608-CEST  MainProcess : INFO       
    #11738  Time: 2013-06-27-17-50-37.713288-CEST From: VoipIO     To: HUB        Command: play_utterance_end(user_id="None",fname="tts-2013-06-27-17-50-17.571883.wav) 

2013-06-27-17-50-46.465038-CEST  MainProcess : INFO       
    #12288  Time: 2013-06-27-17-50-46.460560-CEST From: VAD        To: HUB        Command: speech_start(fname="vad-2013-06-27-17-50-46.387076.wav") 

2013-06-27-17-50-46.470247-CEST  ASR-3      : DEBUG      
    ASR: speech_start()

2013-06-27-17-50-46.475363-CEST  MainProcess : INFO       
    #12289  Time: 2013-06-27-17-50-46.462458-CEST From: ASR        To: HUB        Command: asr_start() 

2013-06-27-17-50-47.254080-CEST  ASR-3      : DEBUG      
    ASR: speech_end()

2013-06-27-17-50-47.260029-CEST  MainProcess : INFO       
    #12339  Time: 2013-06-27-17-50-47.249372-CEST From: VAD        To: HUB        Command: speech_end(fname="vad-2013-06-27-17-50-46.387076.wav") 

2013-06-27-17-50-47.572673-CEST  ASR-3      : DEBUG      
    ASR Hypothesis
    ------------------------------------------------------------
    0.885 co mám dělat
    0.026 co máme dělat
    0.022 co mám dělat i
    0.019 mám dělat
    0.016 co máme dělat i
    0.013 co mam dělat i
    0.010 mám dělat i
    0.006 co mám dělat i i
    0.003 a co mam dělat i
    

2013-06-27-17-50-47.621967-CEST  MainProcess : INFO       
    #12364  Time: 2013-06-27-17-50-47.617261-CEST From: ASR        To: HUB        Command: asr_end() 

2013-06-27-17-50-48.221200-CEST  SLU-4      : DEBUG      
    SLU Hypothesis
    ------------------------------------------------------------
    1.000 other()
    

2013-06-27-17-50-48.272216-CEST  MainProcess : INFO       
    #12406  Time: 2013-06-27-17-50-48.266800-CEST From: SLU        To: HUB        Command: slu_parsed() 

2013-06-27-17-50-48.276972-CEST  DM-5       : DEBUG      
    DDDState Dialogue Act in: other()

2013-06-27-17-50-48.281655-CEST  DM-5       : DEBUG      
    Context Resolution - Dialogue Act: other()

2013-06-27-17-50-48.286814-CEST  DM-5       : DEBUG      
    DDDState - Dialogue state content:
    
    lda = other
    alternative = none
    from_centre = true
    from_stop = Anděl
    route_alternative = none
    time = none
    to_centre = none
    to_stop = none
    
    rh_from_centre = system-informed
    rh_from_stop = system-informed
    
    ch_from_centre = system-informed
    ch_from_stop = system-informed
    
    sh_from_centre = system-informed
    sh_from_stop = system-informed
    

2013-06-27-17-50-48.291239-CEST  DM-5       : DEBUG      
    DDDState
    
    Requested slots:
    {}
    Confirmed slots:
    {}
    Non-informed slots:
    {}

2013-06-27-17-50-48.295960-CEST  DM-5       : DEBUG      
    DM Output
    ------------------------------------------------------------
    notunderstood()&help(inform="to_stop")
    

2013-06-27-17-50-48.380674-CEST  MainProcess : INFO       
    #12416  Time: 2013-06-27-17-50-48.375762-CEST From: DM         To: HUB        Command: dm_da_generated() 

2013-06-27-17-50-48.385720-CEST  NLG-6      : DEBUG      
    NLG Output
    ------------------------------------------------------------
    Promiňte, nerozuměla jsem. Můžete například říct na Žižkov.
    

2013-06-27-17-50-48.436434-CEST  MainProcess : INFO       
    #12422  Time: 2013-06-27-17-50-48.430751-CEST From: NLG        To: HUB        Command: nlg_text_generated() 

2013-06-27-17-50-48.442411-CEST  MainProcess : INFO       
    #12424  Time: 2013-06-27-17-50-48.431429-CEST From: TTS        To: HUB        Command: tts_start(user_id="None",text="Promiňte, nerozuměla jsem. Můžete například říct na Žižkov.") 

2013-06-27-17-50-48.483377-CEST  MainProcess : INFO       
    #12426  Time: 2013-06-27-17-50-48.434682-CEST From: VoipIO     To: HUB        Command: play_utterance_start(user_id="None",fname="tts-2013-06-27-17-50-48.431277.wav") 

2013-06-27-17-50-48.534345-CEST  MainProcess : INFO       
    #12768  Time: 2013-06-27-17-50-48.527130-CEST From: TTS        To: HUB        Command: tts_end(user_id="None",text="Promiňte, nerozuměla jsem. Můžete například říct na Žižkov.",fname="tts-2013-06-27-17-50-48.431277.wav",log="true") 

2013-06-27-17-50-53.816615-CEST  MainProcess : INFO       
    #13077  Time: 2013-06-27-17-50-53.425908-CEST From: VoipIO     To: HUB        Command: play_utterance_end(user_id="None",fname="tts-2013-06-27-17-50-48.431277.wav) 

2013-06-27-17-50-58.203221-CEST  ASR-3      : DEBUG      
    ASR: speech_start()

2013-06-27-17-50-58.209141-CEST  MainProcess : INFO       
    #13375  Time: 2013-06-27-17-50-58.197769-CEST From: VAD        To: HUB        Command: speech_start(fname="vad-2013-06-27-17-50-58.113977.wav") 

2013-06-27-17-50-58.216414-CEST  MainProcess : INFO       
    #13376  Time: 2013-06-27-17-50-58.199268-CEST From: ASR        To: HUB        Command: asr_start() 

2013-06-27-17-50-58.926157-CEST  MainProcess : INFO       
    #13424  Time: 2013-06-27-17-50-58.920776-CEST From: VAD        To: HUB        Command: speech_end(fname="vad-2013-06-27-17-50-58.113977.wav") 

2013-06-27-17-50-58.931544-CEST  ASR-3      : DEBUG      
    ASR: speech_end()

2013-06-27-17-50-59.354450-CEST  ASR-3      : DEBUG      
    ASR Hypothesis
    ------------------------------------------------------------
    0.516 na žižkov
    0.161 žižkov
    0.129 na žižkově
    0.097 naší školky
    0.064 naše škola
    0.032 žižkově
    0.000 __other__
    

2013-06-27-17-50-59.420659-CEST  MainProcess : INFO       
    #13455  Time: 2013-06-27-17-50-59.414664-CEST From: ASR        To: HUB        Command: asr_end() 

2013-06-27-17-50-59.826494-CEST  SLU-4      : DEBUG      
    SLU Hypothesis
    ------------------------------------------------------------
    1.000 other()
    

2013-06-27-17-50-59.869913-CEST  DM-5       : DEBUG      
    DDDState Dialogue Act in: other()

2013-06-27-17-50-59.874839-CEST  MainProcess : INFO       
    #13485  Time: 2013-06-27-17-50-59.864711-CEST From: SLU        To: HUB        Command: slu_parsed() 

2013-06-27-17-50-59.879560-CEST  DM-5       : DEBUG      
    Context Resolution - Dialogue Act: other()

2013-06-27-17-50-59.884626-CEST  DM-5       : DEBUG      
    DDDState - Dialogue state content:
    
    lda = other
    alternative = none
    from_centre = true
    from_stop = Anděl
    route_alternative = none
    time = none
    to_centre = none
    to_stop = none
    
    rh_from_centre = system-informed
    rh_from_stop = system-informed
    
    ch_from_centre = system-informed
    ch_from_stop = system-informed
    
    sh_from_centre = system-informed
    sh_from_stop = system-informed
    

2013-06-27-17-50-59.889313-CEST  DM-5       : DEBUG      
    DDDState
    
    Requested slots:
    {}
    Confirmed slots:
    {}
    Non-informed slots:
    {}

2013-06-27-17-50-59.894265-CEST  DM-5       : DEBUG      
    DM Output
    ------------------------------------------------------------
    notunderstood()&help(inform="time")
    

2013-06-27-17-50-59.978519-CEST  MainProcess : INFO       
    #13495  Time: 2013-06-27-17-50-59.974293-CEST From: DM         To: HUB        Command: dm_da_generated() 

2013-06-27-17-50-59.983377-CEST  NLG-6      : DEBUG      
    NLG Output
    ------------------------------------------------------------
    Nerozuměla jsem. Ještě jednou prosím. Můžete například říct v kolik hodin chcete jet.
    

2013-06-27-17-51-00.026695-CEST  MainProcess : INFO       
    #13501  Time: 2013-06-27-17-51-00.021339-CEST From: NLG        To: HUB        Command: nlg_text_generated() 

2013-06-27-17-51-00.032220-CEST  MainProcess : INFO       
    #13503  Time: 2013-06-27-17-51-00.022805-CEST From: TTS        To: HUB        Command: tts_start(user_id="None",text="Nerozuměla jsem. Ještě jednou prosím. Můžete například říct v kolik hodin chcete jet.") 

2013-06-27-17-51-00.086759-CEST  MainProcess : INFO       
    #13505  Time: 2013-06-27-17-51-00.026116-CEST From: VoipIO     To: HUB        Command: play_utterance_start(user_id="None",fname="tts-2013-06-27-17-51-00.022633.wav") 

2013-06-27-17-51-00.168786-CEST  MainProcess : INFO       
    #13967  Time: 2013-06-27-17-51-00.161205-CEST From: TTS        To: HUB        Command: tts_end(user_id="None",text="Nerozuměla jsem. Ještě jednou prosím. Můžete například říct v kolik hodin chcete jet.",fname="tts-2013-06-27-17-51-00.022633.wav",log="true") 

2013-06-27-17-51-07.256426-CEST  MainProcess : INFO       
    #14388  Time: 2013-06-27-17-51-06.869625-CEST From: VoipIO     To: HUB        Command: play_utterance_end(user_id="None",fname="tts-2013-06-27-17-51-00.022633.wav) 

2013-06-27-17-51-25.206297-CEST  ASR-3      : DEBUG      
    ASR: speech_start()

2013-06-27-17-51-25.211762-CEST  MainProcess : INFO       
    #15534  Time: 2013-06-27-17-51-25.201996-CEST From: VAD        To: HUB        Command: speech_start(fname="vad-2013-06-27-17-51-25.116258.wav") 

2013-06-27-17-51-25.218792-CEST  MainProcess : INFO       
    #15535  Time: 2013-06-27-17-51-25.202467-CEST From: ASR        To: HUB        Command: asr_start() 

2013-06-27-17-51-25.998924-CEST  MainProcess : INFO       
    #15588  Time: 2013-06-27-17-51-25.994475-CEST From: VAD        To: HUB        Command: speech_end(fname="vad-2013-06-27-17-51-25.116258.wav") 

2013-06-27-17-51-26.003529-CEST  ASR-3      : DEBUG      
    ASR: speech_end()

2013-06-27-17-51-26.404557-CEST  ASR-3      : DEBUG      
    ASR Hypothesis
    ------------------------------------------------------------
    1.000 __other__
    

2013-06-27-17-51-26.468148-CEST  SLU-4      : DEBUG      
    SLU Hypothesis
    ------------------------------------------------------------
    1.000 other()
    

2013-06-27-17-51-26.474025-CEST  MainProcess : INFO       
    #15618  Time: 2013-06-27-17-51-26.462822-CEST From: ASR        To: HUB        Command: asr_end() 

2013-06-27-17-51-26.533252-CEST  MainProcess : INFO       
    #15624  Time: 2013-06-27-17-51-26.527310-CEST From: SLU        To: HUB        Command: slu_parsed() 

2013-06-27-17-51-26.538611-CEST  DM-5       : DEBUG      
    DDDState Dialogue Act in: other()

2013-06-27-17-51-26.543656-CEST  DM-5       : DEBUG      
    Context Resolution - Dialogue Act: other()

2013-06-27-17-51-26.548388-CEST  DM-5       : DEBUG      
    DDDState - Dialogue state content:
    
    lda = other
    alternative = none
    from_centre = true
    from_stop = Anděl
    route_alternative = none
    time = none
    to_centre = none
    to_stop = none
    
    rh_from_centre = system-informed
    rh_from_stop = system-informed
    
    ch_from_centre = system-informed
    ch_from_stop = system-informed
    
    sh_from_centre = system-informed
    sh_from_stop = system-informed
    

2013-06-27-17-51-26.553148-CEST  DM-5       : DEBUG      
    DDDState
    
    Requested slots:
    {}
    Confirmed slots:
    {}
    Non-informed slots:
    {}

2013-06-27-17-51-26.557613-CEST  DM-5       : DEBUG      
    DM Output
    ------------------------------------------------------------
    notunderstood()&help(repeat)
    

2013-06-27-17-51-26.691754-CEST  NLG-6      : DEBUG      
    NLG Output
    ------------------------------------------------------------
    Nerozuměla jsem. Pokud mi nebylo rozumět, potom mě můžete požádat o zopakování poslední věty.
    

2013-06-27-17-51-26.697058-CEST  MainProcess : INFO       
    #15634  Time: 2013-06-27-17-51-26.687181-CEST From: DM         To: HUB        Command: dm_da_generated() 

2013-06-27-17-51-26.816788-CEST  MainProcess : INFO       
    #15644  Time: 2013-06-27-17-51-26.812497-CEST From: NLG        To: HUB        Command: nlg_text_generated() 

2013-06-27-17-51-26.824660-CEST  MainProcess : INFO       
    #15646  Time: 2013-06-27-17-51-26.818464-CEST From: TTS        To: HUB        Command: tts_start(user_id="None",text="Nerozuměla jsem. Pokud mi nebylo rozumět, potom mě můžete požádat o zopakování poslední věty.") 

2013-06-27-17-51-26.883191-CEST  MainProcess : INFO       
    #15649  Time: 2013-06-27-17-51-26.822149-CEST From: VoipIO     To: HUB        Command: play_utterance_start(user_id="None",fname="tts-2013-06-27-17-51-26.813670.wav") 

2013-06-27-17-51-28.103627-CEST  MainProcess : INFO       
    #16202  Time: 2013-06-27-17-51-28.096996-CEST From: TTS        To: HUB        Command: tts_end(user_id="None",text="Nerozuměla jsem. Pokud mi nebylo rozumět, potom mě můžete požádat o zopakování poslední věty.",fname="tts-2013-06-27-17-51-26.813670.wav",log="true") 

2013-06-27-17-51-34.392030-CEST  MainProcess : INFO       
    #16551  Time: 2013-06-27-17-51-33.668320-CEST From: VoipIO     To: HUB        Command: play_utterance_end(user_id="None",fname="tts-2013-06-27-17-51-26.813670.wav) 

2013-06-27-17-51-38.453148-CEST  MainProcess : INFO       
    #16853  Time: 2013-06-27-17-51-38.448586-CEST From: VAD        To: HUB        Command: speech_start(fname="vad-2013-06-27-17-51-38.355470.wav") 

2013-06-27-17-51-38.458906-CEST  ASR-3      : DEBUG      
    ASR: speech_start()

2013-06-27-17-51-38.464086-CEST  MainProcess : INFO       
    #16854  Time: 2013-06-27-17-51-38.449952-CEST From: ASR        To: HUB        Command: asr_start() 

2013-06-27-17-51-39.298711-CEST  ASR-3      : DEBUG      
    ASR: speech_end()

2013-06-27-17-51-39.303838-CEST  MainProcess : INFO       
    #16908  Time: 2013-06-27-17-51-39.294480-CEST From: VAD        To: HUB        Command: speech_end(fname="vad-2013-06-27-17-51-38.355470.wav") 

2013-06-27-17-51-39.759769-CEST  ASR-3      : DEBUG      
    ASR Hypothesis
    ------------------------------------------------------------
    1.000 __other__
    

2013-06-27-17-51-39.910994-CEST  SLU-4      : DEBUG      
    SLU Hypothesis
    ------------------------------------------------------------
    1.000 other()
    

2013-06-27-17-51-39.917383-CEST  MainProcess : INFO       
    #16949  Time: 2013-06-27-17-51-39.905152-CEST From: ASR        To: HUB        Command: asr_end() 

2013-06-27-17-51-39.964555-CEST  DM-5       : DEBUG      
    DDDState Dialogue Act in: other()

2013-06-27-17-51-39.969839-CEST  MainProcess : INFO       
    #16955  Time: 2013-06-27-17-51-39.960370-CEST From: SLU        To: HUB        Command: slu_parsed() 

2013-06-27-17-51-39.974330-CEST  DM-5       : DEBUG      
    Context Resolution - Dialogue Act: other()

2013-06-27-17-51-39.978739-CEST  DM-5       : DEBUG      
    DDDState - Dialogue state content:
    
    lda = other
    alternative = none
    from_centre = true
    from_stop = Anděl
    route_alternative = none
    time = none
    to_centre = none
    to_stop = none
    
    rh_from_centre = system-informed
    rh_from_stop = system-informed
    
    ch_from_centre = system-informed
    ch_from_stop = system-informed
    
    sh_from_centre = system-informed
    sh_from_stop = system-informed
    

2013-06-27-17-51-39.983142-CEST  DM-5       : DEBUG      
    DDDState
    
    Requested slots:
    {}
    Confirmed slots:
    {}
    Non-informed slots:
    {}

2013-06-27-17-51-39.987897-CEST  DM-5       : DEBUG      
    DM Output
    ------------------------------------------------------------
    notunderstood()&help(inform="to_stop")
    

2013-06-27-17-51-40.084508-CEST  MainProcess : INFO       
    #16965  Time: 2013-06-27-17-51-40.079889-CEST From: DM         To: HUB        Command: dm_da_generated() 

2013-06-27-17-51-40.089425-CEST  NLG-6      : DEBUG      
    NLG Output
    ------------------------------------------------------------
    Nerozuměla jsem. Můžete to zopakovat? Můžete například říct chtěl bych jet na zastávku Zličín.
    

2013-06-27-17-51-40.139583-CEST  MainProcess : INFO       
    #16968  Time: 2013-06-27-17-51-40.134031-CEST From: NLG        To: HUB        Command: nlg_text_generated() 

2013-06-27-17-51-40.145259-CEST  MainProcess : INFO       
    #16971  Time: 2013-06-27-17-51-40.135657-CEST From: TTS        To: HUB        Command: tts_start(user_id="None",text="Nerozuměla jsem. Můžete to zopakovat? Můžete například říct chtěl bych jet na zastávku Zličín.") 

2013-06-27-17-51-40.202136-CEST  MainProcess : INFO       
    #16974  Time: 2013-06-27-17-51-40.139688-CEST From: VoipIO     To: HUB        Command: play_utterance_start(user_id="None",fname="tts-2013-06-27-17-51-40.135499.wav") 

2013-06-27-17-51-40.286935-CEST  MainProcess : INFO       
    #17489  Time: 2013-06-27-17-51-40.279796-CEST From: TTS        To: HUB        Command: tts_end(user_id="None",text="Nerozuměla jsem. Můžete to zopakovat? Můžete například říct chtěl bych jet na zastávku Zličín.",fname="tts-2013-06-27-17-51-40.135499.wav",log="true") 

2013-06-27-17-51-44.922416-CEST  MainProcess : INFO       
    #17779  Time: 2013-06-27-17-51-44.917564-CEST From: VAD        To: HUB        Command: speech_start(fname="vad-2013-06-27-17-51-44.820509.wav") 

2013-06-27-17-51-44.927460-CEST  ASR-3      : DEBUG      
    ASR: speech_start()

2013-06-27-17-51-44.978705-CEST  NLG-6      : DEBUG      
    #17785  Time: 2013-06-27-17-51-44.974614-CEST From: HUB        To: NLG        Command: flush() 

2013-06-27-17-51-44.983272-CEST  MainProcess : INFO       
    #17780  Time: 2013-06-27-17-51-44.919598-CEST From: ASR        To: HUB        Command: asr_start() 

2013-06-27-17-51-44.987799-CEST  MainProcess : INFO       
    #17786  Time: 2013-06-27-17-51-44.980096-CEST From: NLG        To: HUB        Command: flushed() 

2013-06-27-17-51-44.994155-CEST  TTS-7      : DEBUG      
    #17787  Time: 2013-06-27-17-51-44.989018-CEST From: HUB        To: TTS        Command: flush() 

2013-06-27-17-51-45.000736-CEST  MainProcess : INFO       
    #17788  Time: 2013-06-27-17-51-44.996756-CEST From: TTS        To: HUB        Command: flushed() 

2013-06-27-17-51-45.006476-CEST  VoipIO-1   : DEBUG      
    #17791  Time: 2013-06-27-17-51-45.002080-CEST From: HUB        To: VIO        Command: flush_out() 

2013-06-27-17-51-45.012015-CEST  MainProcess : INFO       
    #17792  Time: 2013-06-27-17-51-45.008176-CEST From: VoipIO     To: HUB        Command: flushed_out() 

2013-06-27-17-51-45.643010-CEST  MainProcess : INFO       
    #17833  Time: 2013-06-27-17-51-45.637768-CEST From: VAD        To: HUB        Command: speech_end(fname="vad-2013-06-27-17-51-44.820509.wav") 

2013-06-27-17-51-45.648087-CEST  ASR-3      : DEBUG      
    ASR: speech_end()

2013-06-27-17-51-46.228548-CEST  ASR-3      : DEBUG      
    ASR Hypothesis
    ------------------------------------------------------------
    0.380 nashledanou
    0.083 na shledanou
    0.077 naschledanou
    0.071 ano
    0.065 hledám
    0.059 nah ano
    0.053 nah hledám
    0.047 i ano
    0.041 tah ano
    0.035 i hledám
    0.030 ah ano
    0.024 ř ano
    0.018 ah hledám
    0.012 tah hledám
    0.006 ř hledám
    0.000 __other__
    

2013-06-27-17-51-46.289722-CEST  MainProcess : INFO       
    #17876  Time: 2013-06-27-17-51-46.283601-CEST From: ASR        To: HUB        Command: asr_end() 

2013-06-27-17-51-47.235008-CEST  SLU-4      : DEBUG      
    SLU Hypothesis
    ------------------------------------------------------------
    0.540 bye()
    0.272 affirm()
    0.189 other()
    

2013-06-27-17-51-47.284974-CEST  MainProcess : INFO       
    #17939  Time: 2013-06-27-17-51-47.281598-CEST From: SLU        To: HUB        Command: slu_parsed() 

2013-06-27-17-51-47.289348-CEST  DM-5       : DEBUG      
    DDDState Dialogue Act in: bye()

2013-06-27-17-51-47.293722-CEST  DM-5       : DEBUG      
    Context Resolution - Dialogue Act: bye()

2013-06-27-17-51-47.298043-CEST  DM-5       : DEBUG      
    DDDState - Dialogue state content:
    
    lda = bye
    alternative = none
    from_centre = true
    from_stop = Anděl
    route_alternative = none
    time = none
    to_centre = none
    to_stop = none
    
    rh_from_centre = system-informed
    rh_from_stop = system-informed
    
    ch_from_centre = system-informed
    ch_from_stop = system-informed
    
    sh_from_centre = system-informed
    sh_from_stop = system-informed
    

2013-06-27-17-51-47.302496-CEST  DM-5       : DEBUG      
    DDDState
    
    Requested slots:
    {}
    Confirmed slots:
    {}
    Non-informed slots:
    {}

2013-06-27-17-51-47.306762-CEST  DM-5       : DEBUG      
    DM Output
    ------------------------------------------------------------
    bye()
    

2013-06-27-17-51-47.386694-CEST  MainProcess : INFO       
    #17949  Time: 2013-06-27-17-51-47.382153-CEST From: DM         To: HUB        Command: dm_da_generated() 

2013-06-27-17-51-47.391314-CEST  NLG-6      : DEBUG      
    NLG Output
    ------------------------------------------------------------
    Na shledanou.
    

2013-06-27-17-51-47.395841-CEST  MainProcess : INFO       
    #17951  Time: 2013-06-27-17-51-47.382426-CEST From: DM         To: HUB        Command: hangup() 

2013-06-27-17-51-47.437478-CEST  MainProcess : INFO       
    #17954  Time: 2013-06-27-17-51-47.431878-CEST From: NLG        To: HUB        Command: nlg_text_generated() 

2013-06-27-17-51-47.442085-CEST  MainProcess : INFO       
    #17956  Time: 2013-06-27-17-51-47.433566-CEST From: TTS        To: HUB        Command: tts_start(user_id="None",text="Na shledanou.") 

2013-06-27-17-51-47.457633-CEST  MainProcess : INFO       
    #18049  Time: 2013-06-27-17-51-47.452725-CEST From: TTS        To: HUB        Command: tts_end(user_id="None",text="Na shledanou.",fname="tts-2013-06-27-17-51-47.433397.wav",log="true") 

2013-06-27-17-51-47.487289-CEST  MainProcess : INFO       
    #17959  Time: 2013-06-27-17-51-47.436223-CEST From: VoipIO     To: HUB        Command: play_utterance_start(user_id="None",fname="tts-2013-06-27-17-51-47.433397.wav") 

2013-06-27-17-51-48.856791-CEST  MainProcess : INFO       
    #18117  Time: 2013-06-27-17-51-48.521399-CEST From: VoipIO     To: HUB        Command: play_utterance_end(user_id="None",fname="tts-2013-06-27-17-51-47.433397.wav) 

2013-06-27-17-51-50.865903-CEST  VoipIO-1   : DEBUG      
    #18264  Time: 2013-06-27-17-51-50.860281-CEST From: HUB        To: VoipIO     Command: hangup() 

2013-06-27-17-51-50.870578-CEST  VoipIO-1   : DEBUG      
    Hangup the call

2013-06-27-17-51-50.913844-CEST  VoipIO-1   : DEBUG      
    CallCallback::on_state : Call with "777805048" <sip:777805048@195.113.20.160> is DISCONNCTD last code = 603 ()

2013-06-27-17-51-51.034584-CEST  VoipIO-1   : DEBUG      
    VoipIO::on_call_disconnected

2013-06-27-17-51-51.040373-CEST  MainProcess : INFO       
    #18269  Time: 2013-06-27-17-51-51.035888-CEST From: VoipIO     To: HUB        Command: call_disconnected(remote_uri="777805048") 

