2013-09-04-15-57-22.487938-CEST  VoipIO-1   : DEBUG      
    CallCallback::on_state : Call with "Bejcek Eduard" <sip:4366@195.113.20.69> is CONNECTING last code = 200 (OK)

2013-09-04-15-57-22.488530-CEST  VoipIO-1   : DEBUG      
    VoipIO::on_call_connecting

2013-09-04-15-57-22.488935-CEST  MainProcess : SYSTEM-LOG 
    config = { 'ASR': { 'Google': { 'debug': False, 'language': 'cs', 'maxresults': 20},
               'Julius': { 'adinnetport': 5530,
                           'binary': '/usr/local/bin/julius',
                           'debug': False,
                           'hostname': 'localhost',
                           'jconf': { '-adport': '5530',
                                      '-b': '1000',
                                      '-b2': '100',
                                      '-cmnload': 'cmn.param',
                                      '-cmnmapweight': '200',
                                      '-cmnsave': 'cmn.param',
                                      '-confnet': '',
                                      '-fallback1pass': '',
                                      '-gprune': 'safe',
                                      '-h': '/mnt/h/jurcicek/vystadial-git-tst/alex/resources/asr/voip_en/hmmdefs',
                                      '-hlist': '/mnt/h/jurcicek/vystadial-git-tst/alex/resources/asr/voip_en/tiedlist',
                                      '-htkconf': '/mnt/h/jurcicek/vystadial-git-tst/alex/resources/asr/voip_en/config',
                                      '-input': 'adinnet',
                                      '-iwsp': '',
                                      '-iwsppenalty': '0.0',
                                      '-lmp': '15.0 0.0',
                                      '-lmp2': '15.0 0.0',
                                      '-mapunk': 'UM',
                                      '-module': '10500',
                                      '-n': '50',
                                      '-nlr': '/mnt/h/jurcicek/vystadial-git-tst/alex/resources/lm/caminfo/julius_arpa_bigram',
                                      '-no_ccd': '',
                                      '-nrl': '/mnt/h/jurcicek/vystadial-git-tst/alex/resources/lm/caminfo/julius_arpa_rev_bigram',
                                      '-silhead': '<s>',
                                      '-siltail': '</s>',
                                      '-spmodel': 'sp',
                                      '-tmix': '4',
                                      '-v': '/mnt/h/jurcicek/vystadial-git-tst/alex/resources/lm/caminfo/julius_dict'},
                           'jconffile': 'julius.jconf',
                           'killall': False,
                           'logfile': 'julius.log',
                           'msg_timeout': 0.3,
                           'pidfile': 'julius.pid',
                           'reuse_server': False,
                           'serverport': 10500,
                           'start_max_wait_time': 15,
                           'start_wait_time': 0.5,
                           'timeout': 2.0},
               'Kaldi': { 'LM_scale': -6666.66,
                          'hypothesis_type': 'nblist',
                          'lat_depth': 666666,
                          'model': 'TODO_path_to_model'},
               'debug': True,
               'type': 'Google'},
      'AlexOnTheBus': { 'max_turns': 120},
      'Analytics': Analytics(account_id='UA-41905278-1', domain_name='cuni.cz'),
      'Audio': { 'sample_rate': 16000, 'samples_per_frame': 256},
      'AudioIO': { 'debug': True, 'output_dir': './aio_call_log', 'play_buffer_size': 1024},
      'DM': { 'PUfalRuleDM': { 'code_submit_url': None,
                               'db_cfg': '/mnt/h/jurcicek/vystadial-git-tst/alex/resources/../applications/CamInfoRest/cued_data/CIRdbase_V7_noloc.txt',
                               'ontology': '/mnt/h/jurcicek/vystadial-git-tst/alex/resources/../applications/CamInfoRest/ontology.cfg',
                               'provide_code': False},
              'UfalRuleDM': { 'code_submit_url': None,
                              'db_cfg': '/mnt/h/jurcicek/vystadial-git-tst/alex/resources/../applications/CamInfoRest/cued_data/CIRdbase_V7_noloc.txt',
                              'ontology': '/mnt/h/jurcicek/vystadial-git-tst/alex/resources/../applications/CamInfoRest/ontology.cfg',
                              'provide_code': False},
              'basic': { 'debug': True, 'silence_timeout': 10.0},
              'debug': True,
              'dialogue_policy': { 'type': <class 'alex.applications.AlexOnTheBus.aotb_hdc_policy.AOTBHDCPolicy'>},
              'dialogue_state': { 'type': <class 'alex.components.dm.dddstate.DeterministicDiscriminativeDialogueState'>},
              'input_timeout': 3.0,
              'ontology': '/mnt/h/jurcicek/vystadial-git-tst/alex/applications/AlexOnTheBus/data/ontology.py',
              'type': 'basic'},
      'General': { 'debug': False, 'include': ['/mnt/h/jurcicek/vystadial-git-tst/alex/resources/private/default.cfg']},
      'Hub': { 'history_file': 'hub_history_hub.txt', 'history_length': 1000, 'main_loop_sleep_time': 0.002},
      'Logging': { 'excepthook': ExceptionHook(
            ExceptionHook
              Hook Type: log
              Hook Logger: SystemLogger(output_dir=./call_logs, stdout_log_level='DEBUG', stdout=True, file_log_level='DEBUG')),
                   'session_logger': SessionLogger(),
                   'system_logger': SystemLogger(output_dir=./call_logs, stdout_log_level='DEBUG', stdout=True, file_log_level='DEBUG'),
                   'system_name': 'Alex On The Bus',
                   'version': '1.0'},
      'NLG': { 'Template': { 'model': '/mnt/h/jurcicek/vystadial-git-tst/alex/applications/AlexOnTheBus/nlg_templates.cfg'},
               'debug': True,
               'type': 'Template'},
      'SHub': { 'history_file': 'hub_history_shub.txt', 'history_length': 1000},
      'SLU': { 'cl-tracing': { 'cldb_fname': '/mnt/h/jurcicek/vystadial-git-tst/alex/applications/CamInfoRest/data/database.py',
                               'do_preprocessing': True,
                               'features_type': ('ngram', 'ab_ngram'),
                               'testing': { 'max_examples': None,
                                            'min_perc': 80,
                                            'model_fname': '/mnt/h/jurcicek/vystadial-git-tst/alex/applications/CamInfoRest/models/130516_minf60-minfc35-mind60.slu_model.gz',
                                            'renormalise': True,
                                            'threshold': None,
                                            'vanilla': True},
                               'training': { 'abstractions': ('abstract',), 'models_dir': 'models'}},
               'debug': True,
               'type': <class 'alex.applications.AlexOnTheBus.aotb_slu.AOTBSLU'>,
               <class 'alex.applications.AlexOnTheBus.aotb_slu.AOTBSLU'>: { 'cldb_fname': '/mnt/h/jurcicek/vystadial-git-tst/alex/applications/AlexOnTheBus/data/database.py',
                                                                            'preprocessing_cls': <class 'alex.applications.AlexOnTheBus.aotb_preprocessing.AOTBSLUPreprocessing'>,
                                                                            'training': { 'models_dir': 'models'}}},
      'THub': { 'history_file': 'hub_history_thub.txt', 'history_length': 1000},
      'TTS': { 'Flite': { 'debug': False,
                          'preprocessing': '/mnt/h/jurcicek/vystadial-git-tst/alex/resources/tts/prep_flite_en.cfg',
                          'tempo': 1.0,
                          'voice': 'kal16'},
               'Google': { 'debug': False,
                           'language': 'en',
                           'preprocessing': '/mnt/h/jurcicek/vystadial-git-tst/alex/resources/tts/prep_google_en.cfg',
                           'tempo': 1.0},
               'SpeechTech': { 'debug': True,
                               'login': 'filipjurcicek',
    # this line was removed since it included a password
                               'preprocessing': '/mnt/h/jurcicek/vystadial-git-tst/alex/resources/tts/prep_speechtech_cs.cfg',
                               'tempo': 1.2,
                               'voice': 'Iva210'},
               'VoiceRSS': { 'api_key': '3b6a9fca5d724b1c8ac34691586cdda1'},
               'VoiceRss': { 'language': 'en-gb',
                             'preprocessing': '/mnt/h/jurcicek/vystadial-git-tst/alex/resources/tts/prep_voicerss_en.cfg',
                             'tempo': 1.0},
               'debug': True,
               'in_between_segments_silence': 0.05,
               'type': 'SpeechTech'},
      'VAD': { 'debug': False,
               'decision_frames_sil': 25,
               'decision_frames_speech': 10,
               'decision_non_speech_threshold': 0.2,
               'decision_speech_threshold': 0.7,
               'gmm': { 'ceplifter': 22,
                        'enormalise': True,
                        'filter_length': 5,
                        'frameshift': 160,
                        'framesize': 512,
                        'frontend': 'MFCC',
                        'hifreq': 3800,
                        'lofreq': 125,
                        'numceps': 12,
                        'numchans': 26,
                        'preemcoef': 0.97,
                        'sil_model': '/mnt/h/jurcicek/vystadial-git-tst/alex/resources/vad/voip_en/vad_sil_sds_mfcc_m064_f100000.gmm',
                        'speech_model': '/mnt/h/jurcicek/vystadial-git-tst/alex/resources/vad/voip_en/vad_speech_sds_mfcc_m064_f100000.gmm',
                        'useacc': True,
                        'usec0': False,
                        'usecmn': False,
                        'usedelta': True,
                        'usehamming': True,
                        'usepower': True,
                        'zmeansource': True},
               'power': { 'adaptation_frames': 30, 'threshold': 70, 'threshold_multiplier': 1.0},
               'speech_buffer_frames': 20,
               'type': 'gmm'},
      'VoipHub': { 'blacklist_for': 7200,
                   'call_db': '/mnt/h/jurcicek/vystadial-git-tst/alex/applications/AlexOnTheBus/call_db.pckl',
                   'hard_time_limit': 360,
                   'hard_turn_limit': 120,
                   'history_length': 1000,
                   'last_period_max_num_calls': 100,
                   'last_period_max_total_time': 7200,
                   'limit_reached_message': u'D\u011bkujeme za zavol\xe1n\xed, ale u\u017e jste volali hodn\u011b. Pros\xedm zavolejte pozd\u011bji. Na shledanou.',
                   'period': 172800,
                   'pid_file': '/mnt/h/jurcicek/vystadial-git-tst/alex/applications/vhub.pid',
                   'wait_time_before_calling_back': 10},
      'VoipIO': { 'allowed_hosts': '',
                  'allowed_phone_numbers': '(^[234567])',
                  'allowed_users': '(^[234567])',
                  'debug': True,
                  'domain': 'external.sip.mff.cuni.cz:5066',
                  'forbidden_hosts': '',
                  'forbidden_phone_number': '(^112$|^150$|^155$|^156$|^158$)',
                  'forbidden_users': '(^112$|^150$|^155$|^156$|^158$)',
    # this line was removed since it included a password
                  'pjsip_log_level': 3,
                  'reject_calls': False,
                  'user': 'DEV-9889'},
      'WebHub': { 'port': 8000},
      'corpustools': { 'get_jasr_confnets': { 'frame_size': 256, 'rt_ratio': 0.2}}}

2013-09-04-15-57-22.489798-CEST  VoipIO-1   : DEBUG      
    CallCallback::on_state : Call with "Bejcek Eduard" <sip:4366@195.113.20.69> is CONFIRMED last code = 200 (OK)

2013-09-04-15-57-22.529255-CEST  VoipIO-1   : DEBUG      
    VoipIO::on_call_confirmed

2013-09-04-15-57-22.660413-CEST  MainProcess : INFO       
    #2      Time: 2013-09-04-15-57-22.488660-CEST From: VoipIO     To: HUB        Command: call_connecting(remote_uri="4366") 

2013-09-04-15-57-22.665492-CEST  MainProcess : INFO       
    #3      Time: 2013-09-04-15-57-22.529375-CEST From: VoipIO     To: HUB        Command: call_confirmed(remote_uri="4366") 

2013-09-04-15-57-22.666579-CEST  MainProcess : INFO       
    
    ========================================================================================================================
    Incoming call from :          4366
    ------------------------------------------------------------------------------------------------------------------------
    Total calls:                  6
    Total time (min):             3.2
    Last period total calls:      6
    Last period total time (min): 3.2
    ------------------------------------------------------------------------------------------------------------------------
    CALL ACCEPTED
    ========================================================================================================================
    

2013-09-04-15-57-22.668659-CEST  DM-5       : DEBUG      
    #11     Time: 2013-09-04-15-57-22.665946-CEST From: HUB        To: DM         Command: new_dialogue() 

2013-09-04-15-57-22.746566-CEST  DM-5       : DEBUG      
    DM Output
    ------------------------------------------------------------
    hello()
    

2013-09-04-15-57-22.790126-CEST  MainProcess : INFO       
    #19     Time: 2013-09-04-15-57-22.787711-CEST From: DM         To: HUB        DA: hello() 

2013-09-04-15-57-22.795246-CEST  NLG-6      : DEBUG      
    #21     Time: 2013-09-04-15-57-22.791471-CEST From: HUB        To: NLG        DA: hello() 

2013-09-04-15-57-22.795862-CEST  NLG-6      : DEBUG      
    NLG Output
    ------------------------------------------------------------
    Dobrý den, dovolali jste se na informace o veřejné dopravě v Praze. Tato experimentální služba je poskytována laboratoří výzkumu hlasových dialogových systémů na Ústavu Formální a Aplikované Lingvistiky na Karlově Univerzitě. Hovor je nahráván. Více informací o této službě je na internetu. Jak Vám mohu pomoci. 
    

2013-09-04-15-57-22.823710-CEST  MainProcess : INFO       
    #22     Time: 2013-09-04-15-57-22.821261-CEST From: NLG        To: HUB        Command: nlg_text_generated() 

2013-09-04-15-57-22.826597-CEST  MainProcess : INFO       
    #24     Time: 2013-09-04-15-57-22.822893-CEST From: TTS        To: HUB        Command: tts_start(user_id="None",text="Dobrý den, dovolali jste se na informace o veřejné dopravě v Praze. Tato experimentální služba je poskytována laboratoří výzkumu hlasových dialogových systémů na Ústavu Formální a Aplikované Lingvistiky na Karlově Univerzitě. Hovor je nahráván. Více informací o této službě je na internetu. Jak Vám mohu pomoci. ") 

2013-09-04-15-57-22.926454-CEST  MainProcess : INFO       
    #26     Time: 2013-09-04-15-57-22.827781-CEST From: VoipIO     To: HUB        Command: play_utterance_start(user_id="None",fname="tts-2013-09-04-15-57-22.822405.wav") 

2013-09-04-15-57-23.148468-CEST  MainProcess : INFO       
    #1240   Time: 2013-09-04-15-57-23.144442-CEST From: TTS        To: HUB        Command: tts_end(user_id="None",text="Dobrý den, dovolali jste se na informace o veřejné dopravě v Praze. Tato experimentální služba je poskytována laboratoří výzkumu hlasových dialogových systémů na Ústavu Formální a Aplikované Lingvistiky na Karlově Univerzitě. Hovor je nahráván. Více informací o této službě je na internetu. Jak Vám mohu pomoci. ",fname="tts-2013-09-04-15-57-22.822405.wav",log="true") 

2013-09-04-15-57-24.532918-CEST  MainProcess : INFO       
    #1330   Time: 2013-09-04-15-57-24.530589-CEST From: VAD        To: HUB        Command: speech_start(fname="vad-2013-09-04-15-57-24.451008.wav") 

2013-09-04-15-57-24.533998-CEST  ASR-3      : DEBUG      
    ASR: speech_start(fname="vad-2013-09-04-15-57-24.451008.wav")

2013-09-04-15-57-24.534452-CEST  MainProcess : INFO       
    #1331   Time: 2013-09-04-15-57-24.532729-CEST From: ASR        To: HUB        Command: asr_start(fname="vad-2013-09-04-15-57-24.451008.wav") 

2013-09-04-15-57-25.264163-CEST  ASR-3      : DEBUG      
    ASR: speech_end(fname="vad-2013-09-04-15-57-24.451008.wav")

2013-09-04-15-57-25.266271-CEST  MainProcess : INFO       
    #1377   Time: 2013-09-04-15-57-25.263589-CEST From: VAD        To: HUB        Command: speech_end(fname="vad-2013-09-04-15-57-24.451008.wav") 

2013-09-04-15-57-25.599825-CEST  ASR-3      : DEBUG      
    ASR Hypothesis
    ------------------------------------------------------------
    0.933 dobrý den
    0.027 dobrý den s
    0.020 dobrý den i
    0.013 dobrý den d
    0.007 dobrý den a
    0.000 __other__
    

2013-09-04-15-57-25.631294-CEST  MainProcess : INFO       
    #1402   Time: 2013-09-04-15-57-25.629976-CEST From: ASR        To: HUB        Command: asr_end(fname="vad-2013-09-04-15-57-24.451008.wav") 

2013-09-04-15-57-26.685697-CEST  SLU-4      : DEBUG      
    SLU Hypothesis
    ------------------------------------------------------------
    1.000 hello()
    

2013-09-04-15-57-26.773661-CEST  MainProcess : INFO       
    #1476   Time: 2013-09-04-15-57-26.771796-CEST From: SLU        To: HUB        Command: slu_parsed(fname="vad-2013-09-04-15-57-24.451008.wav") 

2013-09-04-15-57-26.774239-CEST  DM-5       : DEBUG      
    DDDState Dialogue Act in: hello()

2013-09-04-15-57-26.774672-CEST  DM-5       : DEBUG      
    Context Resolution - Dialogue Act: hello()

2013-09-04-15-57-26.775009-CEST  DM-5       : DEBUG      
    DDDState - Dialogue state content:
    
    ludait = hello
    silence_time = 0.0
    
    
    
    

2013-09-04-15-57-26.775327-CEST  DM-5       : DEBUG      
    DDDState - Dialogue state update
    
    Requested slots:
    {}
    Confirmed slots:
    {}
    Non-informed slots:
    {u'silence_time': 0.0}

2013-09-04-15-57-26.864417-CEST  DM-5       : DEBUG      
    DM Output
    ------------------------------------------------------------
    request(from_stop)&request(to_stop)
    

2013-09-04-15-57-26.907953-CEST  MainProcess : INFO       
    #1486   Time: 2013-09-04-15-57-26.905327-CEST From: DM         To: HUB        DA: request(from_stop)&request(to_stop) 

2013-09-04-15-57-26.958123-CEST  NLG-6      : DEBUG      
    #1491   Time: 2013-09-04-15-57-26.955519-CEST From: HUB        To: NLG        Command: flush() 

2013-09-04-15-57-26.960778-CEST  MainProcess : INFO       
    #1492   Time: 2013-09-04-15-57-26.958248-CEST From: NLG        To: HUB        Command: flushed() 

2013-09-04-15-57-26.962579-CEST  TTS-7      : DEBUG      
    #1493   Time: 2013-09-04-15-57-26.960893-CEST From: HUB        To: TTS        Command: flush() 

2013-09-04-15-57-26.963837-CEST  MainProcess : INFO       
    #1494   Time: 2013-09-04-15-57-26.962701-CEST From: TTS        To: HUB        Command: flushed() 

2013-09-04-15-57-26.966806-CEST  VoipIO-1   : DEBUG      
    #1495   Time: 2013-09-04-15-57-26.963946-CEST From: HUB        To: VIO        Command: flush_out() 

2013-09-04-15-57-26.968967-CEST  MainProcess : INFO       
    #1496   Time: 2013-09-04-15-57-26.967861-CEST From: VoipIO     To: HUB        Command: flushed_out() 

2013-09-04-15-57-26.972068-CEST  NLG-6      : DEBUG      
    #1497   Time: 2013-09-04-15-57-26.969113-CEST From: HUB        To: NLG        DA: request(from_stop)&request(to_stop) 

2013-09-04-15-57-26.972430-CEST  NLG-6      : DEBUG      
    NLG Output
    ------------------------------------------------------------
    Odkud a kam chcete jet?
    

2013-09-04-15-57-26.998442-CEST  MainProcess : INFO       
    #1498   Time: 2013-09-04-15-57-26.997512-CEST From: NLG        To: HUB        Command: nlg_text_generated() 

2013-09-04-15-57-27.001443-CEST  MainProcess : INFO       
    #1500   Time: 2013-09-04-15-57-26.998690-CEST From: TTS        To: HUB        Command: tts_start(user_id="None",text="Odkud a kam chcete jet?") 

2013-09-04-15-57-27.039261-CEST  MainProcess : INFO       
    #1615   Time: 2013-09-04-15-57-27.037026-CEST From: TTS        To: HUB        Command: tts_end(user_id="None",text="Odkud a kam chcete jet?",fname="tts-2013-09-04-15-57-26.997974.wav",log="true") 

2013-09-04-15-57-27.046339-CEST  MainProcess : INFO       
    #1502   Time: 2013-09-04-15-57-27.000370-CEST From: VoipIO     To: HUB        Command: play_utterance_start(user_id="None",fname="tts-2013-09-04-15-57-26.997974.wav") 

2013-09-04-15-57-28.812385-CEST  MainProcess : INFO       
    #1688   Time: 2013-09-04-15-57-28.151800-CEST From: VoipIO     To: HUB        Command: play_utterance_end(user_id="None",fname="tts-2013-09-04-15-57-26.997974.wav) 

2013-09-04-15-57-30.425555-CEST  MainProcess : INFO       
    #1834   Time: 2013-09-04-15-57-30.422951-CEST From: VAD        To: HUB        Command: speech_start(fname="vad-2013-09-04-15-57-30.351408.wav") 

2013-09-04-15-57-30.426168-CEST  ASR-3      : DEBUG      
    ASR: speech_start(fname="vad-2013-09-04-15-57-30.351408.wav")

2013-09-04-15-57-30.427543-CEST  MainProcess : INFO       
    #1835   Time: 2013-09-04-15-57-30.424929-CEST From: ASR        To: HUB        Command: asr_start(fname="vad-2013-09-04-15-57-30.351408.wav") 

2013-09-04-15-57-31.141168-CEST  MainProcess : INFO       
    #1881   Time: 2013-09-04-15-57-31.139661-CEST From: VAD        To: HUB        Command: speech_end(fname="vad-2013-09-04-15-57-30.351408.wav") 

2013-09-04-15-57-31.141697-CEST  ASR-3      : DEBUG      
    ASR: speech_end(fname="vad-2013-09-04-15-57-30.351408.wav")

2013-09-04-15-57-31.592164-CEST  ASR-3      : DEBUG      
    ASR Hypothesis
    ------------------------------------------------------------
    0.671 nádraží
    0.329 na nádraží
    0.000 __other__
    

2013-09-04-15-57-31.617143-CEST  MainProcess : INFO       
    #1912   Time: 2013-09-04-15-57-31.614555-CEST From: ASR        To: HUB        Command: asr_end(fname="vad-2013-09-04-15-57-30.351408.wav") 

2013-09-04-15-57-31.755392-CEST  SLU-4      : DEBUG      
    SLU Hypothesis
    ------------------------------------------------------------
    1.000 other()
    

2013-09-04-15-57-31.783751-CEST  MainProcess : INFO       
    #1924   Time: 2013-09-04-15-57-31.781338-CEST From: SLU        To: HUB        Command: slu_parsed(fname="vad-2013-09-04-15-57-30.351408.wav") 

2013-09-04-15-57-31.784339-CEST  DM-5       : DEBUG      
    DDDState Dialogue Act in: other()

2013-09-04-15-57-31.784797-CEST  DM-5       : DEBUG      
    Context Resolution - Dialogue Act: other()

2013-09-04-15-57-31.785167-CEST  DM-5       : DEBUG      
    DDDState - Dialogue state content:
    
    ludait = other
    alternative = none
    from_centre = none
    from_stop = none
    silence_time = 0.0
    time = none
    to_centre = none
    to_stop = none
    
    
    
    

2013-09-04-15-57-31.785526-CEST  DM-5       : DEBUG      
    DDDState - Dialogue state update
    
    Requested slots:
    {}
    Confirmed slots:
    {}
    Non-informed slots:
    {u'silence_time': 0.0}

2013-09-04-15-57-31.873897-CEST  DM-5       : DEBUG      
    DM Output
    ------------------------------------------------------------
    notunderstood()&help(request="help")
    

2013-09-04-15-57-31.915895-CEST  MainProcess : INFO       
    #1934   Time: 2013-09-04-15-57-31.914835-CEST From: DM         To: HUB        DA: notunderstood()&help(request="help") 

2013-09-04-15-57-31.919385-CEST  NLG-6      : DEBUG      
    #1935   Time: 2013-09-04-15-57-31.917201-CEST From: HUB        To: NLG        DA: notunderstood()&help(request="help") 

2013-09-04-15-57-31.941812-CEST  NLG-6      : DEBUG      
    NLG Output
    ------------------------------------------------------------
    Nerozuměla jsem. Pokud nevíte jak se se mnou bavit nebo co říct zeptejte se na nápovědu nebo požádejte o pomoc.
    

2013-09-04-15-57-31.982917-CEST  MainProcess : INFO       
    #1940   Time: 2013-09-04-15-57-31.981760-CEST From: NLG        To: HUB        Command: nlg_text_generated() 

2013-09-04-15-57-31.983304-CEST  MainProcess : INFO       
    #1942   Time: 2013-09-04-15-57-31.982403-CEST From: TTS        To: HUB        Command: tts_start(user_id="None",text="Nerozuměla jsem. Pokud nevíte jak se se mnou bavit nebo co říct zeptejte se na nápovědu nebo požádejte o pomoc.") 

2013-09-04-15-57-32.028746-CEST  MainProcess : INFO       
    #1944   Time: 2013-09-04-15-57-31.984568-CEST From: VoipIO     To: HUB        Command: play_utterance_start(user_id="None",fname="tts-2013-09-04-15-57-31.982246.wav") 

2013-09-04-15-57-32.134986-CEST  MainProcess : INFO       
    #2373   Time: 2013-09-04-15-57-32.133227-CEST From: TTS        To: HUB        Command: tts_end(user_id="None",text="Nerozuměla jsem. Pokud nevíte jak se se mnou bavit nebo co říct zeptejte se na nápovědu nebo požádejte o pomoc.",fname="tts-2013-09-04-15-57-31.982246.wav",log="true") 

2013-09-04-15-57-34.959569-CEST  VoipIO-1   : DEBUG      
    CallCallback::on_state : Call with "Bejcek Eduard" <sip:4366@195.113.20.69> is DISCONNCTD last code = 200 (Normal call clearing)

2013-09-04-15-57-35.024055-CEST  VoipIO-1   : DEBUG      
    VoipIO::on_call_disconnected

2013-09-04-15-57-35.025223-CEST  MainProcess : INFO       
    #2551   Time: 2013-09-04-15-57-35.024177-CEST From: VoipIO     To: HUB        Command: call_disconnected(remote_uri="4366") 

