2013-06-22-10-55-52.792888-EDT  VoipIO-1   : DEBUG      
    CallCallback::on_media_state : Media is now active

2013-06-22-10-55-52.798014-EDT  VoipIO-1   : DEBUG      
    CallCallback::on_state : Call with "777805048" <sip:777805048@195.113.20.160> is CONNECTING last code = 200 (OK)

2013-06-22-10-55-52.802877-EDT  VoipIO-1   : DEBUG      
    VoipIO::on_call_connecting

2013-06-22-10-55-52.808515-EDT  VoipIO-1   : DEBUG      
    CallCallback::on_state : Call with "777805048" <sip:777805048@195.113.20.160> is CONFIRMED last code = 200 (OK)

2013-06-22-10-55-52.825813-EDT  MainProcess : SYSTEM-LOG 
    config = { 'ASR': { 'Google': { 'debug': False, 'language': 'cs', 'maxresults': 20},
               'Julius': { 'adinnetport': 5530,
                           'binary': '/usr/local/bin/julius',
                           'debug': False,
                           'hostname': 'localhost',
                           'jconf': { '-adport': '5530',
                                      '-b': '1000',
                                      '-b2': '100',
                                      '-cmnload': 'cmn.param',
                                      '-cmnmapweight': '200',
                                      '-cmnsave': 'cmn.param',
                                      '-confnet': '',
                                      '-fallback1pass': '',
                                      '-gprune': 'safe',
                                      '-h': '/mnt/h/jurcicek/vystadial-git/alex/resources/asr/voip_en/hmmdefs',
                                      '-hlist': '/mnt/h/jurcicek/vystadial-git/alex/resources/asr/voip_en/tiedlist',
                                      '-htkconf': '/mnt/h/jurcicek/vystadial-git/alex/resources/asr/voip_en/config',
                                      '-input': 'adinnet',
                                      '-iwsp': '',
                                      '-iwsppenalty': '0.0',
                                      '-lmp': '15.0 0.0',
                                      '-lmp2': '15.0 0.0',
                                      '-mapunk': 'UM',
                                      '-module': '10500',
                                      '-n': '50',
                                      '-nlr': '/mnt/h/jurcicek/vystadial-git/alex/resources/lm/caminfo/julius_arpa_bigram',
                                      '-no_ccd': '',
                                      '-nrl': '/mnt/h/jurcicek/vystadial-git/alex/resources/lm/caminfo/julius_arpa_rev_bigram',
                                      '-silhead': '<s>',
                                      '-siltail': '</s>',
                                      '-spmodel': 'sp',
                                      '-tmix': '4',
                                      '-v': '/mnt/h/jurcicek/vystadial-git/alex/resources/lm/caminfo/julius_dict'},
                           'jconffile': 'julius.jconf',
                           'killall': False,
                           'logfile': 'julius.log',
                           'msg_timeout': 0.3,
                           'pidfile': 'julius.pid',
                           'reuse_server': False,
                           'serverport': 10500,
                           'start_max_wait_time': 15,
                           'start_wait_time': 0.5,
                           'timeout': 2.0},
               'Kaldi': { 'LM_scale': -6666.66,
                          'hypothesis_type': 'nblist',
                          'lat_depth': 666666,
                          'model': 'TODO_path_to_model'},
               'debug': True,
               'type': 'Google'},
      'AlexOnTheBus': { 'max_turns': 30},
      'Analytics': Analytics(account_id='UA-41905278-1', domain_name='cuni.cz'),
      'Audio': { 'sample_rate': 16000, 'samples_per_frame': 256},
      'AudioIO': { 'debug': True, 'output_dir': './aio_call_log', 'play_buffer_size': 1024},
      'DM': { 'PUfalRuleDM': { 'code_submit_url': None,
                               'db_cfg': '/mnt/h/jurcicek/vystadial-git/alex/resources/../applications/CamInfoRest/cued_data/CIRdbase_V7_noloc.txt',
                               'ontology': '/mnt/h/jurcicek/vystadial-git/alex/resources/../applications/CamInfoRest/ontology.cfg',
                               'provide_code': False},
              'UfalRuleDM': { 'code_submit_url': None,
                              'db_cfg': '/mnt/h/jurcicek/vystadial-git/alex/resources/../applications/CamInfoRest/cued_data/CIRdbase_V7_noloc.txt',
                              'ontology': '/mnt/h/jurcicek/vystadial-git/alex/resources/../applications/CamInfoRest/ontology.cfg',
                              'provide_code': False},
              'basic': { 'debug': True},
              'debug': True,
              'dialogue_policy': { 'type': <class 'alex.applications.AlexOnTheBus.aotb_hdc_policy.AOTBHDCPolicy'>},
              'dialogue_state': { 'type': <class 'alex.components.dm.dddstate.DeterministicDiscriminativeDialogueState'>},
              'ontology': '/mnt/h/jurcicek/vystadial-git/alex/applications/AlexOnTheBus/data/ontology.py',
              'type': 'basic'},
      'General': { 'include': ['/mnt/h/jurcicek/vystadial-git/alex/resources/private/default.cfg']},
      'Hub': { 'history_file': 'hub_history_hub.txt', 'history_length': 1000, 'main_loop_sleep_time': 0.002},
      'Logging': { 'session_logger': SessionLogger(),
                   'system_logger': SystemLogger(output_dir=/net/projects/vystadial/data/call-logs/2013-05-30-alex-aotb-prototype, stdout_log_level='DEBUG', stdout=True, file_log_level='DEBUG'),
                   'system_name': u'Alex On The Bus - Live',
                   'version': u'1.0'},
      'NLG': { 'Template': { 'model': '/mnt/h/jurcicek/vystadial-git/alex/applications/AlexOnTheBus/nlg_templates.cfg'},
               'debug': True,
               'type': 'Template'},
      'SHub': { 'history_file': 'hub_history_shub.txt', 'history_length': 1000},
      'SLU': { 'cl-tracing': { 'cldb_fname': '/mnt/h/jurcicek/vystadial-git/alex/resources/../applications/CamInfoRest/data/database.py',
                               'do_preprocessing': True,
                               'features_type': ('ngram',),
                               'testing': { 'max_examples': None,
                                            'min_perc': 80,
                                            'model_fname': '/mnt/h/jurcicek/vystadial-git/alex/resources/../applications/CamInfoRest/models/130516_minf60-minfc35-mind60.slu_model.gz',
                                            'renormalise': True,
                                            'threshold': None,
                                            'vanilla': True},
                               'training': { 'models_dir': 'models'}},
               'debug': True,
               'type': <class 'alex.applications.AlexOnTheBus.aotb_slu.AOTBSLU'>,
               <class 'alex.applications.AlexOnTheBus.aotb_slu.AOTBSLU'>: { 'cldb_fname': '/mnt/h/jurcicek/vystadial-git/alex/applications/AlexOnTheBus/data/database.py',
                                                                            'preprocessing_cls': <class 'alex.applications.AlexOnTheBus.aotb_preprocessing.AOTBSLUPreprocessing'>,
                                                                            'training': { 'models_dir': 'models'}}},
      'THub': { 'history_file': 'hub_history_thub.txt', 'history_length': 1000},
      'TTS': { 'Flite': { 'debug': False,
                          'preprocessing': '/mnt/h/jurcicek/vystadial-git/alex/resources/tts/prep_flite_en.cfg',
                          'voice': 'kal16'},
               'Google': { 'debug': False,
                           'language': 'en',
                           'preprocessing': '/mnt/h/jurcicek/vystadial-git/alex/resources/tts/prep_google_en.cfg'},
               'SpeechTech': { 'debug': True,
                               'login': 'filipjurcicek',
    # this line was removed since it included a password
                               'preprocessing': '/mnt/h/jurcicek/vystadial-git/alex/resources/tts/prep_speechtech_cs.cfg',
                               'voice': 'Iva210'},
               'VoiceRSS': { 'api_key': '3b6a9fca5d724b1c8ac34691586cdda1'},
               'VoiceRss': { 'language': 'en-gb',
                             'preprocessing': '/mnt/h/jurcicek/vystadial-git/alex/resources/tts/prep_voicerss_en.cfg'},
               'debug': True,
               'final_silence_removal_proportion': 0.8,
               'type': 'SpeechTech'},
      'VAD': { 'debug': False,
               'decision_frames_sil': 25,
               'decision_frames_speech': 10,
               'decision_non_speech_threshold': 0.2,
               'decision_speech_threshold': 0.7,
               'gmm': { 'ceplifter': 22,
                        'enormalise': True,
                        'filter_length': 5,
                        'frameshift': 160,
                        'framesize': 512,
                        'frontend': 'MFCC',
                        'hifreq': 3800,
                        'lofreq': 125,
                        'numceps': 12,
                        'numchans': 26,
                        'preemcoef': 0.97,
                        'sil_model': '/mnt/h/jurcicek/vystadial-git/alex/resources/vad/voip_en/vad_sil_sds_mfcc_m064_f100000.gmm',
                        'speech_model': '/mnt/h/jurcicek/vystadial-git/alex/resources/vad/voip_en/vad_speech_sds_mfcc_m064_f100000.gmm',
                        'useacc': True,
                        'usec0': False,
                        'usecmn': False,
                        'usedelta': True,
                        'usehamming': True,
                        'usepower': True,
                        'zmeansource': True},
               'power': { 'adaptation_frames': 30, 'threshold': 70, 'threshold_multiplier': 1.0},
               'speech_buffer_frames': 20,
               'type': 'gmm'},
      'VoipHub': { 'blacklist_for': 7200,
                   'call_db': u'/net/projects/vystadial/data/call-logs/2013-05-30-alex-aotb-prototype/call_db.pckl',
                   'hard_time_limit': 360,
                   'hard_turn_limit': 40,
                   'history_length': 1000,
                   'last_period_max_num_calls': 20,
                   'last_period_max_total_time': 1800,
                   'limit_reached_message': u'D\u011bkujeme za zavol\xe1n\xed, ale u\u017e jste volali hodn\u011b. Pros\xedm zavolejte pozd\u011bji. Na shledanou.',
                   'period': 172800,
                   'pid_file': u'/net/projects/vystadial/data/call-logs/2013-05-30-alex-aotb-prototype/vhub_live.pid',
                   'wait_time_before_calling_back': 10},
      'VoipIO': { 'allowed_hosts': '',
                  'allowed_phone_numbers': '(^[234567])',
                  'allowed_users': '(^[234567])',
                  'debug': True,
                  'domain': 'vystadial.ms.mff.cuni.cz',
                  'forbidden_hosts': '',
                  'forbidden_phone_number': '(^112$|^150$|^155$|^156$|^158$)',
                  'forbidden_users': '(^112$|^150$|^155$|^156$|^158$)',
    # this line was removed since it included a password
                  'pjsip_log_level': 3,
                  'reject_calls': False,
                  'user': '800899998'},
      'WebHub': { 'port': 8000}}
    

2013-06-22-10-55-52.830732-EDT  MainProcess : INFO       
    From: VoipIO     To: HUB        Command: incoming_call(remote_uri="777805048") 

2013-06-22-10-55-52.892182-EDT  VoipIO-1   : DEBUG      
    VoipIO::on_call_confirmed

2013-06-22-10-55-52.913410-EDT  MainProcess : INFO       
    From: VoipIO     To: HUB        Command: call_connecting(remote_uri="777805048") 

2013-06-22-10-55-52.921184-EDT  MainProcess : INFO       
    From: VoipIO     To: HUB        Command: call_confirmed(remote_uri="777805048") 

2013-06-22-10-55-52.936300-EDT  MainProcess : INFO       
    
    ========================================================================================================================
    Incoming call from :          777805048
    ------------------------------------------------------------------------------------------------------------------------
    Total calls:                  20
    Total time (min):             41.5
    Last period total calls:      5
    Last period total time (min): 7.8
    ------------------------------------------------------------------------------------------------------------------------
    CALL ACCEPTED
    ========================================================================================================================
    

2013-06-22-10-55-52.940817-EDT  DM-5       : DEBUG      
    From: HUB        To: DM         Command: new_dialogue() 

2013-06-22-10-55-52.945559-EDT  DM-5       : DEBUG      
    DM Output
    ------------------------------------------------------------
    hello()
    

2013-06-22-10-55-52.964330-EDT  MainProcess : INFO       
    From: DM         To: HUB        Command: dm_da_generated() 

2013-06-22-10-55-52.968675-EDT  NLG-6      : DEBUG      
    NLG Output
    ------------------------------------------------------------
    Dobrý den, dovolali jste se na informace o veřejné dopravě v Praze. Tato experimentální služba je poskytována laboratoří výzkumu hlasových dialogových systémů na Ústavu Formální a Aplikované Lingvistiky na Karlově Univerzitě. Hovor je nahráván. Více informací o této službě je na internetu. Jak Vám mohu pomoci. Můžete například říct ze zastávky poliklinika Barandov na Zličín.
    

2013-06-22-10-55-52.980276-EDT  MainProcess : INFO       
    From: NLG        To: HUB        Command: nlg_text_generated() 

2013-06-22-10-55-52.986481-EDT  MainProcess : INFO       
    From: TTS        To: HUB        Command: tts_start(user_id="None",text="Dobrý den, dovolali jste se na informace o veřejné dopravě v Praze. Tato experimentální služba je poskytována laboratoří výzkumu hlasových dialogových systémů na Ústavu Formální a Aplikované Lingvistiky na Karlově Univerzitě. Hovor je nahráván. Více informací o této službě je na internetu. Jak Vám mohu pomoci. Můžete například říct ze zastávky poliklinika Barandov na Zličín.") 

2013-06-22-10-55-53.450138-EDT  MainProcess : INFO       
    From: TTS        To: HUB        Command: tts_end(user_id="None",text="Dobrý den, dovolali jste se na informace o veřejné dopravě v Praze. Tato experimentální služba je poskytována laboratoří výzkumu hlasových dialogových systémů na Ústavu Formální a Aplikované Lingvistiky na Karlově Univerzitě. Hovor je nahráván. Více informací o této službě je na internetu. Jak Vám mohu pomoci. Můžete například říct ze zastávky poliklinika Barandov na Zličín.",fname="tts-2013-06-22-10-55-52.978014.wav") 

2013-06-22-10-55-53.902965-EDT  ASR-3      : DEBUG      
    ASR: speech_start()

2013-06-22-10-55-53.907594-EDT  MainProcess : INFO       
    From: VAD        To: HUB        Command: speech_start(fname="vad-2013-06-22-10-55-53.884179.wav") 

2013-06-22-10-55-53.913721-EDT  MainProcess : INFO       
    From: ASR        To: HUB        Command: asr_start() 

2013-06-22-10-55-54.580914-EDT  ASR-3      : DEBUG      
    ASR: speech_end()

2013-06-22-10-55-54.585571-EDT  MainProcess : INFO       
    From: VAD        To: HUB        Command: speech_end(fname="vad-2013-06-22-10-55-53.884179.wav") 

2013-06-22-10-55-54.799513-EDT  ASR-3      : DEBUG      
    ASR Hypothesis
    ------------------------------------------------------------
    1.000 __other__
    

2013-06-22-10-55-54.813425-EDT  MainProcess : INFO       
    From: ASR        To: HUB        Command: asr_end() 

2013-06-22-10-55-54.818523-EDT  SLU-4      : DEBUG      
    SLU Hypothesis
    ------------------------------------------------------------
    1.000 other()
    

2013-06-22-10-55-54.835696-EDT  MainProcess : INFO       
    From: SLU        To: HUB        Command: slu_parsed() 

2013-06-22-10-55-54.840746-EDT  DM-5       : DEBUG      
    DDDState Dialogue Act in: other()

2013-06-22-10-55-54.845606-EDT  DM-5       : DEBUG      
    Context Resolution - Dialogue Act: other()

2013-06-22-10-55-54.850689-EDT  DM-5       : DEBUG      
    DDDState - Dialogue state content:
    
    lda = none
    
    
    
    

2013-06-22-10-55-54.855661-EDT  DM-5       : DEBUG      
    DDDState
    
    Requested slots:
    {}
    Confirmed slots:
    {}
    Non-informed slots:
    {}

2013-06-22-10-55-54.860585-EDT  DM-5       : DEBUG      
    DM Output
    ------------------------------------------------------------
    confirm(from_centre="true")
    

2013-06-22-10-55-54.887150-EDT  ASR-3      : DEBUG      
    ASR: speech_start()

2013-06-22-10-55-54.891392-EDT  MainProcess : INFO       
    From: VAD        To: HUB        Command: speech_start(fname="vad-2013-06-22-10-55-54.853805.wav") 

2013-06-22-10-55-54.897485-EDT  MainProcess : INFO       
    From: ASR        To: HUB        Command: asr_start() 

2013-06-22-10-55-54.901941-EDT  NLG-6      : DEBUG      
    NLG Output
    ------------------------------------------------------------
    Jedete z centra?
    

2013-06-22-10-55-54.907312-EDT  MainProcess : INFO       
    From: DM         To: HUB        Command: dm_da_generated() 

2013-06-22-10-55-54.918049-EDT  MainProcess : INFO       
    From: NLG        To: HUB        Command: nlg_text_generated() 

2013-06-22-10-55-54.924737-EDT  MainProcess : INFO       
    From: TTS        To: HUB        Command: tts_start(user_id="None",text="Jedete z centra?") 

2013-06-22-10-55-55.000715-EDT  MainProcess : INFO       
    From: TTS        To: HUB        Command: tts_end(user_id="None",text="Jedete z centra?",fname="tts-2013-06-22-10-55-54.914749.wav") 

2013-06-22-10-55-56.122454-EDT  ASR-3      : DEBUG      
    ASR: speech_end()

2013-06-22-10-55-56.127365-EDT  MainProcess : INFO       
    From: VAD        To: HUB        Command: speech_end(fname="vad-2013-06-22-10-55-54.853805.wav") 

2013-06-22-10-55-56.499600-EDT  ASR-3      : DEBUG      
    ASR Hypothesis
    ------------------------------------------------------------
    1.000 __other__
    

2013-06-22-10-55-56.516380-EDT  MainProcess : INFO       
    From: ASR        To: HUB        Command: asr_end() 

2013-06-22-10-55-56.520637-EDT  SLU-4      : DEBUG      
    SLU Hypothesis
    ------------------------------------------------------------
    1.000 other()
    

2013-06-22-10-55-56.535687-EDT  MainProcess : INFO       
    From: SLU        To: HUB        Command: slu_parsed() 

2013-06-22-10-55-56.540667-EDT  DM-5       : DEBUG      
    DDDState Dialogue Act in: other()

2013-06-22-10-55-56.545812-EDT  DM-5       : DEBUG      
    Context Resolution - Dialogue Act: other()

2013-06-22-10-55-56.551208-EDT  DM-5       : DEBUG      
    DDDState - Dialogue state content:
    
    lda = none
    from_centre = none
    from_stop = none
    time = none
    to_centre = none
    
    
    
    

2013-06-22-10-55-56.556259-EDT  DM-5       : DEBUG      
    DDDState
    
    Requested slots:
    {}
    Confirmed slots:
    {}
    Non-informed slots:
    {}

2013-06-22-10-55-56.561786-EDT  DM-5       : DEBUG      
    DM Output
    ------------------------------------------------------------
    request(from_stop)&request(to_stop)
    

2013-06-22-10-55-56.595075-EDT  NLG-6      : DEBUG      
    NLG Output
    ------------------------------------------------------------
    Odkud a kam chcete jet?
    

2013-06-22-10-55-56.599747-EDT  MainProcess : INFO       
    From: DM         To: HUB        Command: dm_da_generated() 

2013-06-22-10-55-56.612177-EDT  MainProcess : INFO       
    From: NLG        To: HUB        Command: nlg_text_generated() 

2013-06-22-10-55-56.618127-EDT  MainProcess : INFO       
    From: TTS        To: HUB        Command: tts_start(user_id="None",text="Odkud a kam chcete jet?") 

2013-06-22-10-55-56.702075-EDT  MainProcess : INFO       
    From: TTS        To: HUB        Command: tts_end(user_id="None",text="Odkud a kam chcete jet?",fname="tts-2013-06-22-10-55-56.610401.wav") 

2013-06-22-10-56-04.145414-EDT  ASR-3      : DEBUG      
    ASR: speech_start()

2013-06-22-10-56-04.150215-EDT  MainProcess : INFO       
    From: VAD        To: HUB        Command: speech_start(fname="vad-2013-06-22-10-56-04.110228.wav") 

2013-06-22-10-56-04.156545-EDT  MainProcess : INFO       
    From: ASR        To: HUB        Command: asr_start() 

2013-06-22-10-56-04.570276-EDT  MainProcess : INFO       
    From: VAD        To: HUB        Command: speech_end(fname="vad-2013-06-22-10-56-04.110228.wav") 

2013-06-22-10-56-04.574745-EDT  ASR-3      : DEBUG      
    ASR: speech_end()

2013-06-22-10-56-04.904797-EDT  ASR-3      : DEBUG      
    ASR Hypothesis
    ------------------------------------------------------------
    1.000 __other__
    

2013-06-22-10-56-04.922697-EDT  MainProcess : INFO       
    From: ASR        To: HUB        Command: asr_end() 

2013-06-22-10-56-04.929385-EDT  SLU-4      : DEBUG      
    SLU Hypothesis
    ------------------------------------------------------------
    1.000 other()
    

2013-06-22-10-56-04.949957-EDT  MainProcess : INFO       
    From: SLU        To: HUB        Command: slu_parsed() 

2013-06-22-10-56-04.954516-EDT  DM-5       : DEBUG      
    DDDState Dialogue Act in: other()

2013-06-22-10-56-04.959225-EDT  DM-5       : DEBUG      
    Context Resolution - Dialogue Act: other()

2013-06-22-10-56-04.963686-EDT  DM-5       : DEBUG      
    DDDState - Dialogue state content:
    
    lda = none
    from_centre = none
    from_stop = none
    time = none
    to_centre = none
    to_stop = none
    
    
    
    

2013-06-22-10-56-04.967900-EDT  DM-5       : DEBUG      
    DDDState
    
    Requested slots:
    {}
    Confirmed slots:
    {}
    Non-informed slots:
    {}

2013-06-22-10-56-04.972547-EDT  DM-5       : DEBUG      
    DM Output
    ------------------------------------------------------------
    request(from_stop)&request(to_stop)
    

2013-06-22-10-56-05.006622-EDT  MainProcess : INFO       
    From: DM         To: HUB        Command: dm_da_generated() 

2013-06-22-10-56-05.011539-EDT  NLG-6      : DEBUG      
    NLG Output
    ------------------------------------------------------------
    Odkud a kam chcete jet?
    

2013-06-22-10-56-05.036252-EDT  MainProcess : INFO       
    From: NLG        To: HUB        Command: nlg_text_generated() 

2013-06-22-10-56-05.040739-EDT  MainProcess : INFO       
    From: TTS        To: HUB        Command: tts_start(user_id="None",text="Odkud a kam chcete jet?") 

2013-06-22-10-56-05.073828-EDT  MainProcess : INFO       
    From: TTS        To: HUB        Command: tts_end(user_id="None",text="Odkud a kam chcete jet?",fname="tts-2013-06-22-10-56-05.030717.wav") 

2013-06-22-10-56-06.735977-EDT  VoipIO-1   : DEBUG      
    CallCallback::on_state : Call with "777805048" <sip:777805048@195.113.20.160> is DISCONNCTD last code = 200 (Normal call clearing)

2013-06-22-10-58-04.623967-EDT  DM-5       : EXCEPTION  
    Uncaught exception in the DM process.
    Traceback (most recent call last):
      File "/mnt/h/jurcicek/vystadial-git/alex/components/hub/dm.py", line 136, in run
        time.sleep(self.cfg['Hub']['main_loop_sleep_time'])
    KeyboardInterrupt
    

2013-06-22-10-58-04.629715-EDT  NLG-6      : EXCEPTION  
    Uncaught exception in NLG process.
    Traceback (most recent call last):
      File "/mnt/h/jurcicek/vystadial-git/alex/components/hub/nlg.py", line 103, in run
        time.sleep(self.cfg['Hub']['main_loop_sleep_time'])
    KeyboardInterrupt
    

2013-06-22-10-58-04.636932-EDT  SLU-4      : EXCEPTION  
    Uncaught exception in SLU process.
    Traceback (most recent call last):
      File "/mnt/h/jurcicek/vystadial-git/alex/components/hub/slu.py", line 135, in run
        time.sleep(self.cfg['Hub']['main_loop_sleep_time'])
    KeyboardInterrupt
    

2013-06-22-10-58-04.642686-EDT  VAD-2      : EXCEPTION  
    Uncaught exception in the VAD process.
    Traceback (most recent call last):
      File "/mnt/h/jurcicek/vystadial-git/alex/components/hub/vad.py", line 245, in run
        time.sleep(self.cfg['Hub']['main_loop_sleep_time'])
    KeyboardInterrupt
    

2013-06-22-10-58-04.647861-EDT  TTS-7      : EXCEPTION  
    Uncaught exception in the TTS process.
    Traceback (most recent call last):
      File "/mnt/h/jurcicek/vystadial-git/alex/components/hub/tts.py", line 162, in run
        time.sleep(self.cfg['Hub']['main_loop_sleep_time'])
    KeyboardInterrupt
    

2013-06-22-10-58-04.653491-EDT  ASR-3      : EXCEPTION  
    Uncaught exception in ASR process.
    Traceback (most recent call last):
      File "/mnt/h/jurcicek/vystadial-git/alex/components/hub/asr.py", line 213, in run
        time.sleep(self.cfg['Hub']['main_loop_sleep_time'])
    KeyboardInterrupt
    

2013-06-22-10-58-04.660216-EDT  MainProcess : EXCEPTION  
    Uncaught exception in VHUB process.
    Traceback (most recent call last):
      File "./vhub.py", line 119, in run
        time.sleep(self.cfg['Hub']['main_loop_sleep_time'])
    KeyboardInterrupt
    

