2013-09-25-16-36-49.366065-CEST  VoipIO-1   : DEBUG      
    CallCallback::on_media_state : Media is now active

2013-09-25-16-36-49.370884-CEST  VoipIO-1   : DEBUG      
    CallCallback::on_state : Call with "720111348" <sip:720111348@195.113.20.160> is CONNECTING last code = 200 (OK)

2013-09-25-16-36-49.375368-CEST  VoipIO-1   : DEBUG      
    VoipIO::on_call_connecting

2013-09-25-16-36-49.381187-CEST  VoipIO-1   : DEBUG      
    CallCallback::on_state : Call with "720111348" <sip:720111348@195.113.20.160> is CONFIRMED last code = 200 (OK)

2013-09-25-16-36-49.401976-CEST  MainProcess : SYSTEM-LOG 
    config = { 'ASR': { 'Google': { 'debug': False, 'language': 'cs', 'maxresults': 20},
               'Julius': { 'adinnetport': 5530,
                           'binary': '/usr/local/bin/julius',
                           'debug': False,
                           'hostname': 'localhost',
                           'jconf': { '-adport': '5530',
                                      '-b': '1000',
                                      '-b2': '100',
                                      '-cmnload': 'cmn.param',
                                      '-cmnmapweight': '200',
                                      '-cmnsave': 'cmn.param',
                                      '-confnet': '',
                                      '-fallback1pass': '',
                                      '-gprune': 'safe',
                                      '-h': '/mnt/h/jurcicek/github/UFAL-DSG-alex-prd/alex/resources/asr/voip_en/hmmdefs',
                                      '-hlist': '/mnt/h/jurcicek/github/UFAL-DSG-alex-prd/alex/resources/asr/voip_en/tiedlist',
                                      '-htkconf': '/mnt/h/jurcicek/github/UFAL-DSG-alex-prd/alex/resources/asr/voip_en/config',
                                      '-input': 'adinnet',
                                      '-iwsp': '',
                                      '-iwsppenalty': '0.0',
                                      '-lmp': '15.0 0.0',
                                      '-lmp2': '15.0 0.0',
                                      '-mapunk': 'UM',
                                      '-module': '10500',
                                      '-n': '50',
                                      '-nlr': '/mnt/h/jurcicek/github/UFAL-DSG-alex-prd/alex/resources/lm/caminfo/julius_arpa_bigram',
                                      '-no_ccd': '',
                                      '-nrl': '/mnt/h/jurcicek/github/UFAL-DSG-alex-prd/alex/resources/lm/caminfo/julius_arpa_rev_bigram',
                                      '-silhead': '<s>',
                                      '-siltail': '</s>',
                                      '-spmodel': 'sp',
                                      '-tmix': '4',
                                      '-v': '/mnt/h/jurcicek/github/UFAL-DSG-alex-prd/alex/resources/lm/caminfo/julius_dict'},
                           'jconffile': 'julius.jconf',
                           'killall': False,
                           'logfile': 'julius.log',
                           'msg_timeout': 0.3,
                           'pidfile': 'julius.pid',
                           'reuse_server': False,
                           'serverport': 10500,
                           'start_max_wait_time': 15,
                           'start_wait_time': 0.5,
                           'timeout': 2.0},
               'Kaldi': { 'LM_scale': -6666.66,
                          'hypothesis_type': 'nblist',
                          'lat_depth': 666666,
                          'model': 'TODO_path_to_model'},
               'debug': True,
               'type': 'Google'},
      'AlexOnTheBus': { 'max_turns': 120},
      'Analytics': Analytics(account_id='UA-41905278-1', domain_name='cuni.cz'),
      'Audio': { 'sample_rate': 16000, 'samples_per_frame': 256},
      'AudioIO': { 'debug': True, 'output_dir': './aio_call_log', 'play_buffer_size': 1024},
      'DM': { 'PUfalRuleDM': { 'code_submit_url': None,
                               'db_cfg': '/mnt/h/jurcicek/github/UFAL-DSG-alex-prd/alex/resources/../applications/CamInfoRest/cued_data/CIRdbase_V7_noloc.txt',
                               'ontology': '/mnt/h/jurcicek/github/UFAL-DSG-alex-prd/alex/resources/../applications/CamInfoRest/ontology.cfg',
                               'provide_code': False},
              'UfalRuleDM': { 'code_submit_url': None,
                              'db_cfg': '/mnt/h/jurcicek/github/UFAL-DSG-alex-prd/alex/resources/../applications/CamInfoRest/cued_data/CIRdbase_V7_noloc.txt',
                              'ontology': '/mnt/h/jurcicek/github/UFAL-DSG-alex-prd/alex/resources/../applications/CamInfoRest/ontology.cfg',
                              'provide_code': False},
              'basic': { 'debug': True, 'silence_timeout': 10.0},
              'debug': True,
              'dialogue_policy': { 'type': <class 'alex.applications.AlexOnTheBus.aotb_hdc_policy.AOTBHDCPolicy'>},
              'dialogue_state': { 'type': <class 'alex.components.dm.dddstate.DeterministicDiscriminativeDialogueState'>},
              'input_timeout': 3.0,
              'ontology': '/mnt/h/jurcicek/github/UFAL-DSG-alex-prd/alex/applications/AlexOnTheBus/data/ontology.py',
              'type': 'basic'},
      'General': { 'debug': False,
                   'include': ['/mnt/h/jurcicek/github/UFAL-DSG-alex-prd/alex/resources/private/default.cfg']},
      'Hub': { 'history_file': 'hub_history_hub.txt', 'history_length': 1000, 'main_loop_sleep_time': 0.002},
      'Logging': { 'excepthook': ExceptionHook(
            ExceptionHook
              Hook Type: log
              Hook Logger: SystemLogger(output_dir=./call_logs, stdout_log_level='DEBUG', stdout=True, file_log_level='DEBUG')),
                   'session_logger': SessionLogger(),
                   'system_logger': SystemLogger(output_dir=/net/projects/vystadial/data/call-logs/2013-05-30-alex-aotb-prototype/new, stdout_log_level='DEBUG', stdout=True, file_log_level='DEBUG'),
                   'system_name': u'Alex On The Bus - Live',
                   'version': u'1.0'},
      'NLG': { 'Template': { 'model': '/mnt/h/jurcicek/github/UFAL-DSG-alex-prd/alex/applications/AlexOnTheBus/nlg_templates.cfg'},
               'debug': True,
               'type': 'Template'},
      'SHub': { 'history_file': 'hub_history_shub.txt', 'history_length': 1000},
      'SLU': { 'cl-tracing': { 'cldb_fname': '/mnt/h/jurcicek/github/UFAL-DSG-alex-prd/alex/applications/CamInfoRest/data/database.py',
                               'do_preprocessing': True,
                               'features_type': ('ngram', 'ab_ngram'),
                               'testing': { 'max_examples': None,
                                            'min_perc': 80,
                                            'model_fname': '/mnt/h/jurcicek/github/UFAL-DSG-alex-prd/alex/applications/CamInfoRest/models/130516_minf60-minfc35-mind60.slu_model.gz',
                                            'renormalise': True,
                                            'threshold': None,
                                            'vanilla': True},
                               'training': { 'abstractions': ('abstract',), 'models_dir': 'models'}},
               'debug': True,
               'type': <class 'alex.applications.AlexOnTheBus.aotb_slu.AOTBSLU'>,
               <class 'alex.applications.AlexOnTheBus.aotb_slu.AOTBSLU'>: { 'cldb_fname': '/mnt/h/jurcicek/github/UFAL-DSG-alex-prd/alex/applications/AlexOnTheBus/data/database.py',
                                                                            'preprocessing_cls': <class 'alex.applications.AlexOnTheBus.aotb_preprocessing.AOTBSLUPreprocessing'>,
                                                                            'training': { 'models_dir': 'models'}}},
      'THub': { 'history_file': 'hub_history_thub.txt', 'history_length': 1000},
      'TTS': { 'Flite': { 'debug': False,
                          'preprocessing': '/mnt/h/jurcicek/github/UFAL-DSG-alex-prd/alex/resources/tts/prep_flite_en.cfg',
                          'tempo': 1.0,
                          'voice': 'kal16'},
               'Google': { 'debug': False,
                           'language': 'en',
                           'preprocessing': '/mnt/h/jurcicek/github/UFAL-DSG-alex-prd/alex/resources/tts/prep_google_en.cfg',
                           'tempo': 1.0},
               'SpeechTech': { 'debug': True,
                               'login': 'filipjurcicek',
    # this line was removed since it included a password
                               'preprocessing': '/mnt/h/jurcicek/github/UFAL-DSG-alex-prd/alex/resources/tts/prep_speechtech_cs.cfg',
                               'tempo': 1.2,
                               'voice': 'Iva210'},
               'VoiceRSS': { 'api_key': '3b6a9fca5d724b1c8ac34691586cdda1'},
               'VoiceRss': { 'language': 'en-gb',
                             'preprocessing': '/mnt/h/jurcicek/github/UFAL-DSG-alex-prd/alex/resources/tts/prep_voicerss_en.cfg',
                             'tempo': 1.0},
               'debug': True,
               'in_between_segments_silence': 0.01,
               'type': 'SpeechTech'},
      'VAD': { 'debug': False,
               'decision_frames_sil': 25,
               'decision_frames_speech': 10,
               'decision_non_speech_threshold': 0.2,
               'decision_speech_threshold': 0.7,
               'ffnn': { 'ceplifter': 22,
                         'enormalise': True,
                         'filter_length': 2,
                         'frameshift': 160,
                         'framesize': 512,
                         'frontend': 'MFCC',
                         'hifreq': 3800,
                         'lofreq': 125,
                         'model': '/mnt/h/jurcicek/github/UFAL-DSG-alex-prd/alex/resources/vad/voip/vad_sds_mfcc_is39_hu32_lf0_mfr5000000_mfl1000000_mfps50_ts0_usec01.nn',
                         'n_last_frames': 0,
                         'numceps': 12,
                         'numchans': 26,
                         'preemcoef': 0.97,
                         'useacc': True,
                         'usec0': True,
                         'usecmn': False,
                         'usedelta': True,
                         'usehamming': True,
                         'usepower': True,
                         'zmeansource': True},
               'gmm': { 'ceplifter': 22,
                        'enormalise': True,
                        'filter_length': 2,
                        'frameshift': 160,
                        'framesize': 512,
                        'frontend': 'MFCC',
                        'hifreq': 3800,
                        'lofreq': 125,
                        'n_last_frames': 0,
                        'numceps': 12,
                        'numchans': 26,
                        'preemcoef': 0.97,
                        'sil_model': '/mnt/h/jurcicek/github/UFAL-DSG-alex-prd/alex/resources/vad/voip/vad_sil_sds_mfcc_m064_f100000.gmm',
                        'speech_model': '/mnt/h/jurcicek/github/UFAL-DSG-alex-prd/alex/resources/vad/voip/vad_speech_sds_mfcc_m064_f100000.gmm',
                        'useacc': True,
                        'usec0': False,
                        'usecmn': False,
                        'usedelta': True,
                        'usehamming': True,
                        'usepower': True,
                        'zmeansource': True},
               'power': { 'adaptation_frames': 30, 'threshold': 70, 'threshold_multiplier': 1.0},
               'speech_buffer_frames': 25,
               'type': 'ffnn'},
      'VoipHub': { 'blacklist_for': 7200,
                   'call_db': u'/net/projects/vystadial/data/call-logs/2013-05-30-alex-aotb-prototype/new/call_db.pckl',
                   'hard_time_limit': 360,
                   'hard_turn_limit': 120,
                   'history_length': 1000,
                   'last_period_max_num_calls': 20,
                   'last_period_max_total_time': 1800,
                   'limit_reached_message': u'D\u011bkujeme za zavol\xe1n\xed, ale u\u017e jste volali hodn\u011b. Pros\xedm zavolejte pozd\u011bji. Na shledanou.',
                   'period': 172800,
                   'pid_file': u'/net/projects/vystadial/data/call-logs/2013-05-30-alex-aotb-prototype/new/vhub_live.pid',
                   'wait_time_before_calling_back': 10},
      'VoipIO': { 'allowed_hosts': '',
                  'allowed_phone_numbers': '(^[234567])',
                  'allowed_users': '(^[234567])',
                  'debug': True,
                  'domain': 'vystadial.ms.mff.cuni.cz',
                  'forbidden_hosts': '',
                  'forbidden_phone_number': '(^112$|^150$|^155$|^156$|^158$)',
                  'forbidden_users': '(^112$|^150$|^155$|^156$|^158$)',
    # this line was removed since it included a password
                  'pjsip_log_level': 3,
                  'reject_calls': False,
                  'user': '800899998'},
      'WebHub': { 'port': 8000},
      'corpustools': { 'get_jasr_confnets': { 'frame_size': 256, 'rt_ratio': 0.2}}}

2013-09-25-16-36-49.421328-CEST  VoipIO-1   : DEBUG      
    VoipIO::on_call_confirmed

2013-09-25-16-36-49.469988-CEST  MainProcess : INFO       
    #12491  Time: 2013-09-25-16-36-49.376706-CEST From: VoipIO     To: HUB        Command: call_connecting(remote_uri="720111348") 

2013-09-25-16-36-49.479043-CEST  MainProcess : INFO       
    #12492  Time: 2013-09-25-16-36-49.422560-CEST From: VoipIO     To: HUB        Command: call_confirmed(remote_uri="720111348") 

2013-09-25-16-36-49.500986-CEST  MainProcess : INFO       
    
    ========================================================================================================================
    Incoming call from :          720111348
    ------------------------------------------------------------------------------------------------------------------------
    Total calls:                  10
    Total time (min):             26.2
    Last period total calls:      0
    Last period total time (min): 0.0
    ------------------------------------------------------------------------------------------------------------------------
    CALL ACCEPTED
    ========================================================================================================================
    

2013-09-25-16-36-49.505999-CEST  DM-5       : DEBUG      
    #12496  Time: 2013-09-25-16-36-49.497800-CEST From: HUB        To: DM         Command: new_dialogue() 

2013-09-25-16-36-49.532051-CEST  DM-5       : DEBUG      
    DM Output
    ------------------------------------------------------------
    hello()
    

2013-09-25-16-36-49.544008-CEST  MainProcess : INFO       
    #12501  Time: 2013-09-25-16-36-49.539731-CEST From: DM         To: HUB        DA: hello() 

2013-09-25-16-36-49.550361-CEST  NLG-6      : DEBUG      
    #12502  Time: 2013-09-25-16-36-49.546362-CEST From: HUB        To: NLG        DA: hello() 

2013-09-25-16-36-49.554418-CEST  NLG-6      : DEBUG      
    NLG Output
    ------------------------------------------------------------
    Dobrý den, dovolali jste se na informace o veřejné dopravě v Praze. Tato experimentální služba je poskytována laboratoří výzkumu hlasových dialogových systémů na Ústavu Formální a Aplikované Lingvistiky na Karlově Univerzitě. Hovor je nahráván. Více informací o této službě je na internetu. Jak Vám mohu pomoci. Můžete například říct ze zastávky Anděl .
    

2013-09-25-16-36-49.566277-CEST  MainProcess : INFO       
    #12503  Time: 2013-09-25-16-36-49.561775-CEST From: NLG        To: HUB        Command: nlg_text_generated() 

2013-09-25-16-36-49.571173-CEST  MainProcess : INFO       
    #12505  Time: 2013-09-25-16-36-49.563468-CEST From: TTS        To: HUB        Command: tts_start(user_id="None",text="Dobrý den, dovolali jste se na informace o veřejné dopravě v Praze. Tato experimentální služba je poskytována laboratoří výzkumu hlasových dialogových systémů na Ústavu Formální a Aplikované Lingvistiky na Karlově Univerzitě. Hovor je nahráván. Více informací o této službě je na internetu. Jak Vám mohu pomoci. Můžete například říct ze zastávky Anděl .") 

2013-09-25-16-36-49.581463-CEST  MainProcess : INFO       
    #12507  Time: 2013-09-25-16-36-49.567261-CEST From: VoipIO     To: HUB        Command: play_utterance_start(user_id="None",fname="tts-2013-09-25-16-36-49.563199.wav") 

2013-09-25-16-36-50.300227-CEST  MainProcess : INFO       
    #13913  Time: 2013-09-25-16-36-50.292512-CEST From: TTS        To: HUB        Command: tts_end(user_id="None",text="Dobrý den, dovolali jste se na informace o veřejné dopravě v Praze. Tato experimentální služba je poskytována laboratoří výzkumu hlasových dialogových systémů na Ústavu Formální a Aplikované Lingvistiky na Karlově Univerzitě. Hovor je nahráván. Více informací o této službě je na internetu. Jak Vám mohu pomoci. Můžete například říct ze zastávky Anděl .",fname="tts-2013-09-25-16-36-49.563199.wav",log="true") 

2013-09-25-16-37-11.440483-CEST  MainProcess : INFO       
    #15226  Time: 2013-09-25-16-37-11.266345-CEST From: VoipIO     To: HUB        Command: play_utterance_end(user_id="None",fname="tts-2013-09-25-16-36-49.563199.wav) 

2013-09-25-16-37-12.664668-CEST  MainProcess : INFO       
    #15316  Time: 2013-09-25-16-37-12.660529-CEST From: VAD        To: HUB        Command: speech_start(fname="vad-2013-09-25-16-37-12.638655.wav") 

2013-09-25-16-37-12.670960-CEST  ASR-3      : DEBUG      
    ASR: speech_start(fname="vad-2013-09-25-16-37-12.638655.wav")

2013-09-25-16-37-12.676780-CEST  MainProcess : INFO       
    #15317  Time: 2013-09-25-16-37-12.661363-CEST From: ASR        To: HUB        Command: asr_start(fname="vad-2013-09-25-16-37-12.638655.wav") 

2013-09-25-16-37-15.793409-CEST  ASR-3      : DEBUG      
    ASR: speech_end(fname="vad-2013-09-25-16-37-12.638655.wav")

2013-09-25-16-37-15.798551-CEST  MainProcess : INFO       
    #15515  Time: 2013-09-25-16-37-15.788474-CEST From: VAD        To: HUB        Command: speech_end(fname="vad-2013-09-25-16-37-12.638655.wav") 

2013-09-25-16-37-16.140248-CEST  MainProcess : INFO       
    #15537  Time: 2013-09-25-16-37-16.136090-CEST From: VAD        To: HUB        Command: speech_start(fname="vad-2013-09-25-16-37-16.119903.wav") 

2013-09-25-16-37-17.445884-CEST  ASR-3      : DEBUG      
    ASR Hypothesis
    ------------------------------------------------------------
    0.512 dobrý den jiřího z poděbrad
    0.108 jiřího z poděbrad
    0.095 dobrý den jiřího poděbrad
    0.081 jiřího poděbrad
    0.068 seznam jiřího z poděbrad
    0.054 seznam jiřího poděbrad
    0.041 dobry den jiřího z poděbrad
    0.027 dobrý den jiřího poděbrady
    0.014 jiřího poděbrady
    0.000 __other__
    

2013-09-25-16-37-17.462437-CEST  MainProcess : INFO       
    #15622  Time: 2013-09-25-16-37-17.457012-CEST From: ASR        To: HUB        Command: asr_end(fname="vad-2013-09-25-16-37-12.638655.wav") 

2013-09-25-16-37-17.466723-CEST  ASR-3      : DEBUG      
    ASR: speech_start(fname="vad-2013-09-25-16-37-16.119903.wav")

2013-09-25-16-37-17.470592-CEST  MainProcess : INFO       
    #15624  Time: 2013-09-25-16-37-17.460170-CEST From: ASR        To: HUB        Command: asr_start(fname="vad-2013-09-25-16-37-16.119903.wav") 

2013-09-25-16-37-18.030399-CEST  SLU-4      : DEBUG      
    SLU Hypothesis
    ------------------------------------------------------------
    0.729 inform(="Jiřího z Poděbrad")
    0.634 hello()
    0.149 other()
    

2013-09-25-16-37-18.043189-CEST  MainProcess : INFO       
    #15661  Time: 2013-09-25-16-37-18.039024-CEST From: SLU        To: HUB        Command: slu_parsed(fname="vad-2013-09-25-16-37-12.638655.wav") 

2013-09-25-16-37-18.047006-CEST  DM-5       : DEBUG      
    DDDState Dialogue Act in: inform(="Jiřího z Poděbrad")&hello()

2013-09-25-16-37-18.050190-CEST  DM-5       : DEBUG      
    Context Resolution - Dialogue Act: inform(="Jiřího z Poděbrad")&hello()

2013-09-25-16-37-18.053688-CEST  DM-5       : DEBUG      
    DDDState - Dialogue state content:
    
    ludait = hello
    silence_time = 0.0
    
    
    
    

2013-09-25-16-37-18.057092-CEST  DM-5       : DEBUG      
    DDDState - Dialogue state update
    
    Requested slots:
    {}
    Confirmed slots:
    {}
    Non-informed slots:
    {u'silence_time': 0.0}

2013-09-25-16-37-18.078029-CEST  DM-5       : DEBUG      
    DM Output
    ------------------------------------------------------------
    request(time)
    

2013-09-25-16-37-18.092970-CEST  MainProcess : INFO       
    #15667  Time: 2013-09-25-16-37-18.088960-CEST From: DM         To: HUB        DA: request(time) 

2013-09-25-16-37-18.099810-CEST  NLG-6      : DEBUG      
    #15668  Time: 2013-09-25-16-37-18.095194-CEST From: HUB        To: NLG        DA: request(time) 

2013-09-25-16-37-18.102921-CEST  ASR-3      : DEBUG      
    ASR: speech_end(fname="vad-2013-09-25-16-37-16.119903.wav")

2013-09-25-16-37-18.107377-CEST  MainProcess : INFO       
    #15670  Time: 2013-09-25-16-37-18.097672-CEST From: VAD        To: HUB        Command: speech_end(fname="vad-2013-09-25-16-37-16.119903.wav") 

2013-09-25-16-37-18.110587-CEST  NLG-6      : DEBUG      
    NLG Output
    ------------------------------------------------------------
    Kdy chcete jet?
    

2013-09-25-16-37-18.122680-CEST  MainProcess : INFO       
    #15671  Time: 2013-09-25-16-37-18.119177-CEST From: NLG        To: HUB        Command: nlg_text_generated() 

2013-09-25-16-37-18.128145-CEST  MainProcess : INFO       
    #15673  Time: 2013-09-25-16-37-18.123906-CEST From: TTS        To: HUB        Command: tts_start(user_id="None",text="Kdy chcete jet?") 

2013-09-25-16-37-18.139517-CEST  MainProcess : INFO       
    #15675  Time: 2013-09-25-16-37-18.125701-CEST From: VoipIO     To: HUB        Command: play_utterance_start(user_id="None",fname="tts-2013-09-25-16-37-18.120455.wav") 

2013-09-25-16-37-18.168344-CEST  MainProcess : INFO       
    #15762  Time: 2013-09-25-16-37-18.165094-CEST From: TTS        To: HUB        Command: tts_end(user_id="None",text="Kdy chcete jet?",fname="tts-2013-09-25-16-37-18.120455.wav",log="true") 

2013-09-25-16-37-18.907460-CEST  ASR-3      : DEBUG      
    ASR Hypothesis
    ------------------------------------------------------------
    0.487 zastávka nádraží holešovice
    0.114 vltavská nádraží holešovice
    0.100 nádraží holešovice
    0.085 nad vltavou nádraží holešovice
    0.071 vlasta nádraží holešovice
    0.057 vltavou nádraží holešovice
    0.043 zastávka nádraží hořovice
    0.028 vltavská nádraží hořovice
    0.014 nádraží hořovice
    0.000 __other__
    

2013-09-25-16-37-18.930372-CEST  MainProcess : INFO       
    #15811  Time: 2013-09-25-16-37-18.924921-CEST From: ASR        To: HUB        Command: asr_end(fname="vad-2013-09-25-16-37-16.119903.wav") 

2013-09-25-16-37-19.487032-CEST  SLU-4      : DEBUG      
    SLU Hypothesis
    ------------------------------------------------------------
    0.729 inform(="Nádraží Holešovice")
    0.185 inform(to_stop="Nádraží Holešovice")
    0.114 inform(from_stop="Vltavská")
    0.085 inform(="Nad Trojou")
    0.071 inform(from_stop="Vlastina")
    0.057 other()
    0.028 inform(="Vltavská")
    

2013-09-25-16-37-19.504249-CEST  MainProcess : INFO       
    #15825  Time: 2013-09-25-16-37-19.113270-CEST From: VoipIO     To: HUB        Command: play_utterance_end(user_id="None",fname="tts-2013-09-25-16-37-18.120455.wav) 

2013-09-25-16-37-19.518020-CEST  MainProcess : INFO       
    #15850  Time: 2013-09-25-16-37-19.512420-CEST From: SLU        To: HUB        Command: slu_parsed(fname="vad-2013-09-25-16-37-16.119903.wav") 

2013-09-25-16-37-19.522126-CEST  DM-5       : DEBUG      
    DDDState Dialogue Act in: inform(="Nádraží Holešovice")

2013-09-25-16-37-19.526522-CEST  DM-5       : DEBUG      
    Context Resolution - Dialogue Act: inform(="Nádraží Holešovice")

2013-09-25-16-37-19.530478-CEST  DM-5       : DEBUG      
    DDDState - Dialogue state content:
    
    ludait = none
    alternative = none
    from_stop = none
    silence_time = 0.0
    time = none
    to_stop = none
    
    
    
    

2013-09-25-16-37-19.534641-CEST  DM-5       : DEBUG      
    DDDState - Dialogue state update
    
    Requested slots:
    {}
    Confirmed slots:
    {}
    Non-informed slots:
    {u'silence_time': 0.0}

2013-09-25-16-37-19.577528-CEST  DM-5       : DEBUG      
    DM Output
    ------------------------------------------------------------
    request(from_stop)
    

2013-09-25-16-37-19.605838-CEST  MainProcess : INFO       
    #15856  Time: 2013-09-25-16-37-19.601780-CEST From: DM         To: HUB        DA: request(from_stop) 

2013-09-25-16-37-19.614174-CEST  NLG-6      : DEBUG      
    #15857  Time: 2013-09-25-16-37-19.608672-CEST From: HUB        To: NLG        DA: request(from_stop) 

2013-09-25-16-37-19.618500-CEST  NLG-6      : DEBUG      
    NLG Output
    ------------------------------------------------------------
    Jaká je Vaše výchozí zastávka?
    

2013-09-25-16-37-19.644129-CEST  MainProcess : INFO       
    #15862  Time: 2013-09-25-16-37-19.639753-CEST From: NLG        To: HUB        Command: nlg_text_generated() 

2013-09-25-16-37-19.650813-CEST  MainProcess : INFO       
    #15864  Time: 2013-09-25-16-37-19.645456-CEST From: TTS        To: HUB        Command: tts_start(user_id="None",text="Jaká je Vaše výchozí zastávka?") 

2013-09-25-16-37-19.678678-CEST  MainProcess : INFO       
    #15866  Time: 2013-09-25-16-37-19.647169-CEST From: VoipIO     To: HUB        Command: play_utterance_start(user_id="None",fname="tts-2013-09-25-16-37-19.641672.wav") 

2013-09-25-16-37-19.744906-CEST  MainProcess : INFO       
    #16005  Time: 2013-09-25-16-37-19.740476-CEST From: TTS        To: HUB        Command: tts_end(user_id="None",text="Jaká je Vaše výchozí zastávka?",fname="tts-2013-09-25-16-37-19.641672.wav",log="true") 

2013-09-25-16-37-21.871736-CEST  MainProcess : INFO       
    #16114  Time: 2013-09-25-16-37-21.424515-CEST From: VoipIO     To: HUB        Command: play_utterance_end(user_id="None",fname="tts-2013-09-25-16-37-19.641672.wav) 

2013-09-25-16-37-23.543367-CEST  ASR-3      : DEBUG      
    ASR: speech_start(fname="vad-2013-09-25-16-37-23.479553.wav")

2013-09-25-16-37-23.547433-CEST  MainProcess : INFO       
    #16248  Time: 2013-09-25-16-37-23.539197-CEST From: VAD        To: HUB        Command: speech_start(fname="vad-2013-09-25-16-37-23.479553.wav") 

2013-09-25-16-37-23.554034-CEST  MainProcess : INFO       
    #16249  Time: 2013-09-25-16-37-23.539801-CEST From: ASR        To: HUB        Command: asr_start(fname="vad-2013-09-25-16-37-23.479553.wav") 

2013-09-25-16-37-25.601866-CEST  ASR-3      : DEBUG      
    ASR: speech_end(fname="vad-2013-09-25-16-37-23.479553.wav")

2013-09-25-16-37-25.607315-CEST  MainProcess : INFO       
    #16379  Time: 2013-09-25-16-37-25.597871-CEST From: VAD        To: HUB        Command: speech_end(fname="vad-2013-09-25-16-37-23.479553.wav") 

2013-09-25-16-37-27.082620-CEST  ASR-3      : DEBUG      
    ASR Hypothesis
    ------------------------------------------------------------
    0.579 zastávka jiřího z poděbrad
    0.093 zastávka jiřího poděbrad
    0.082 zastávky jiřího z poděbrad
    0.070 zastávky jiřího poděbrad
    0.058 vlasta jiřího z poděbrad
    0.047 vlasta jiřího poděbrad
    0.035 nastav jiřího z poděbrad
    0.023 jiřího z poděbrad
    0.012 zastávka jiřího poděbrady
    0.000 __other__
    

2013-09-25-16-37-27.113522-CEST  MainProcess : INFO       
    #16475  Time: 2013-09-25-16-37-27.108092-CEST From: ASR        To: HUB        Command: asr_end(fname="vad-2013-09-25-16-37-23.479553.wav") 

2013-09-25-16-37-27.669802-CEST  SLU-4      : DEBUG      
    SLU Hypothesis
    ------------------------------------------------------------
    0.720 inform(="Jiřího z Poděbrad")
    0.175 other()
    0.058 inform(to_stop="Jiřího z Poděbrad")
    0.058 inform(from_stop="Vlastina")
    0.047 inform(="Vlastina")
    

2013-09-25-16-37-27.705222-CEST  MainProcess : INFO       
    #16514  Time: 2013-09-25-16-37-27.701263-CEST From: SLU        To: HUB        Command: slu_parsed(fname="vad-2013-09-25-16-37-23.479553.wav") 

2013-09-25-16-37-27.709386-CEST  DM-5       : DEBUG      
    DDDState Dialogue Act in: inform(="Jiřího z Poděbrad")

2013-09-25-16-37-27.713447-CEST  DM-5       : DEBUG      
    Context Resolution - Dialogue Act: inform(from_stop="Jiřího z Poděbrad")&inform(="Jiřího z Poděbrad")

2013-09-25-16-37-27.717107-CEST  DM-5       : DEBUG      
    DDDState - Dialogue state content:
    
    ludait = none
    alternative = none
    from_centre = none
    from_stop = Jiřího z Poděbrad
    silence_time = 0.0
    time = none
    to_centre = none
    to_stop = none
    
    
    
    

2013-09-25-16-37-27.721076-CEST  DM-5       : DEBUG      
    DDDState - Dialogue state update
    
    Requested slots:
    {}
    Confirmed slots:
    {}
    Non-informed slots:
    {u'silence_time': 0.0, u'from_stop': u'Ji\u0159\xedho z Pod\u011bbrad'}

2013-09-25-16-37-27.777363-CEST  DM-5       : DEBUG      
    DM Output
    ------------------------------------------------------------
    iconfirm(from_stop="Jiřího z Poděbrad")&request(to_stop)
    

2013-09-25-16-37-27.809392-CEST  MainProcess : INFO       
    #16521  Time: 2013-09-25-16-37-27.805586-CEST From: DM         To: HUB        DA: iconfirm(from_stop="Jiřího z Poděbrad")&request(to_stop) 

2013-09-25-16-37-27.817110-CEST  NLG-6      : DEBUG      
    #16525  Time: 2013-09-25-16-37-27.812160-CEST From: HUB        To: NLG        DA: iconfirm(from_stop="Jiřího z Poděbrad")&request(to_stop) 

2013-09-25-16-37-27.822372-CEST  NLG-6      : DEBUG      
    NLG Output
    ------------------------------------------------------------
    Ze zastávky Jiřího z Poděbrad. Do jaké zastávky chcete jet?
    

2013-09-25-16-37-27.857872-CEST  MainProcess : INFO       
    #16526  Time: 2013-09-25-16-37-27.854256-CEST From: NLG        To: HUB        Command: nlg_text_generated() 

2013-09-25-16-37-27.864975-CEST  MainProcess : INFO       
    #16528  Time: 2013-09-25-16-37-27.859175-CEST From: TTS        To: HUB        Command: tts_start(user_id="None",text="Ze zastávky Jiřího z Poděbrad. Do jaké zastávky chcete jet?") 

2013-09-25-16-37-27.899284-CEST  MainProcess : INFO       
    #16530  Time: 2013-09-25-16-37-27.862540-CEST From: VoipIO     To: HUB        Command: play_utterance_start(user_id="None",fname="tts-2013-09-25-16-37-27.856179.wav") 

2013-09-25-16-37-28.941256-CEST  MainProcess : INFO       
    #16844  Time: 2013-09-25-16-37-28.935423-CEST From: TTS        To: HUB        Command: tts_end(user_id="None",text="Ze zastávky Jiřího z Poděbrad. Do jaké zastávky chcete jet?",fname="tts-2013-09-25-16-37-27.856179.wav",log="true") 

2013-09-25-16-37-32.750164-CEST  MainProcess : INFO       
    #17069  Time: 2013-09-25-16-37-32.527859-CEST From: VoipIO     To: HUB        Command: play_utterance_end(user_id="None",fname="tts-2013-09-25-16-37-27.856179.wav) 

2013-09-25-16-37-34.236379-CEST  MainProcess : INFO       
    #17179  Time: 2013-09-25-16-37-34.231280-CEST From: VAD        To: HUB        Command: speech_start(fname="vad-2013-09-25-16-37-34.169721.wav") 

2013-09-25-16-37-34.241330-CEST  ASR-3      : DEBUG      
    ASR: speech_start(fname="vad-2013-09-25-16-37-34.169721.wav")

2013-09-25-16-37-34.246107-CEST  MainProcess : INFO       
    #17180  Time: 2013-09-25-16-37-34.232439-CEST From: ASR        To: HUB        Command: asr_start(fname="vad-2013-09-25-16-37-34.169721.wav") 

2013-09-25-16-37-35.604013-CEST  MainProcess : INFO       
    #17266  Time: 2013-09-25-16-37-35.600271-CEST From: VAD        To: HUB        Command: speech_end(fname="vad-2013-09-25-16-37-34.169721.wav") 

2013-09-25-16-37-35.608200-CEST  ASR-3      : DEBUG      
    ASR: speech_end(fname="vad-2013-09-25-16-37-34.169721.wav")

2013-09-25-16-37-35.998343-CEST  MainProcess : INFO       
    #17292  Time: 2013-09-25-16-37-35.993794-CEST From: VAD        To: HUB        Command: speech_start(fname="vad-2013-09-25-16-37-35.939863.wav") 

2013-09-25-16-37-36.439081-CEST  ASR-3      : DEBUG      
    ASR Hypothesis
    ------------------------------------------------------------
    0.550 zastávky
    0.150 doba svátky
    0.120 nasavrky
    0.090 vlasta
    0.060 statky
    0.030 doba statky
    0.000 __other__
    

2013-09-25-16-37-36.489835-CEST  MainProcess : INFO       
    #17325  Time: 2013-09-25-16-37-36.484015-CEST From: ASR        To: HUB        Command: asr_end(fname="vad-2013-09-25-16-37-34.169721.wav") 

2013-09-25-16-37-36.493979-CEST  ASR-3      : DEBUG      
    ASR: speech_start(fname="vad-2013-09-25-16-37-35.939863.wav")

2013-09-25-16-37-36.497661-CEST  MainProcess : INFO       
    #17327  Time: 2013-09-25-16-37-36.487442-CEST From: ASR        To: HUB        Command: asr_start(fname="vad-2013-09-25-16-37-35.939863.wav") 

2013-09-25-16-37-36.890008-CEST  SLU-4      : DEBUG      
    SLU Hypothesis
    ------------------------------------------------------------
    0.910 other()
    0.090 inform(="Vlastina")
    

2013-09-25-16-37-36.944190-CEST  MainProcess : INFO       
    #17356  Time: 2013-09-25-16-37-36.938418-CEST From: SLU        To: HUB        Command: slu_parsed(fname="vad-2013-09-25-16-37-34.169721.wav") 

2013-09-25-16-37-36.948314-CEST  DM-5       : DEBUG      
    DDDState Dialogue Act in: other()

2013-09-25-16-37-36.952639-CEST  DM-5       : DEBUG      
    Context Resolution - Dialogue Act: other()

2013-09-25-16-37-36.957009-CEST  DM-5       : DEBUG      
    DDDState - Dialogue state content:
    
    ludait = other
    alternative = none
    from_centre = none
    from_stop = Jiřího z Poděbrad
    silence_time = 0.0
    time = none
    to_centre = none
    to_stop = none
    
    rh_from_stop = system-informed
    
    ch_from_stop = system-informed
    
    sh_from_stop = system-informed
    

2013-09-25-16-37-36.961431-CEST  DM-5       : DEBUG      
    DDDState - Dialogue state update
    
    Requested slots:
    {}
    Confirmed slots:
    {}
    Non-informed slots:
    {u'silence_time': 0.0}

2013-09-25-16-37-37.122646-CEST  DM-5       : DEBUG      
    DM Output
    ------------------------------------------------------------
    notunderstood()&help(inform="to_stop")
    

2013-09-25-16-37-37.157753-CEST  MainProcess : INFO       
    #17373  Time: 2013-09-25-16-37-37.153837-CEST From: DM         To: HUB        DA: notunderstood()&help(inform="to_stop") 

2013-09-25-16-37-37.164211-CEST  NLG-6      : DEBUG      
    #17375  Time: 2013-09-25-16-37-37.160448-CEST From: HUB        To: NLG        DA: notunderstood()&help(inform="to_stop") 

2013-09-25-16-37-37.168867-CEST  NLG-6      : DEBUG      
    NLG Output
    ------------------------------------------------------------
    Nerozuměla jsem. Můžete například říct chtěl bych jet na Zvonařku.
    

2013-09-25-16-37-37.205816-CEST  MainProcess : INFO       
    #17376  Time: 2013-09-25-16-37-37.201965-CEST From: NLG        To: HUB        Command: nlg_text_generated() 

2013-09-25-16-37-37.212399-CEST  MainProcess : INFO       
    #17378  Time: 2013-09-25-16-37-37.207035-CEST From: TTS        To: HUB        Command: tts_start(user_id="None",text="Nerozuměla jsem. Můžete například říct chtěl bych jet na Zvonařku.") 

2013-09-25-16-37-37.254907-CEST  MainProcess : INFO       
    #17380  Time: 2013-09-25-16-37-37.208653-CEST From: VoipIO     To: HUB        Command: play_utterance_start(user_id="None",fname="tts-2013-09-25-16-37-37.203342.wav") 

2013-09-25-16-37-37.390934-CEST  MainProcess : INFO       
    #17672  Time: 2013-09-25-16-37-37.384865-CEST From: TTS        To: HUB        Command: tts_end(user_id="None",text="Nerozuměla jsem. Můžete například říct chtěl bych jet na Zvonařku.",fname="tts-2013-09-25-16-37-37.203342.wav",log="true") 

2013-09-25-16-37-37.840583-CEST  ASR-3      : DEBUG      
    ASR: speech_end(fname="vad-2013-09-25-16-37-35.939863.wav")

2013-09-25-16-37-37.847182-CEST  MainProcess : INFO       
    #17702  Time: 2013-09-25-16-37-37.835508-CEST From: VAD        To: HUB        Command: speech_end(fname="vad-2013-09-25-16-37-35.939863.wav") 

2013-09-25-16-37-38.583685-CEST  ASR-3      : DEBUG      
    ASR Hypothesis
    ------------------------------------------------------------
    0.912 nádraží holešovice
    0.016 nádraží holešovic
    0.014 nádraží holešovice i
    0.013 nádraží holešovice a
    0.011 nádraží holešovice u
    0.010 nádraží holešovice a a
    0.008 na nádraží holešovic
    0.006 nádraží holešovic i
    0.005 nádraží holešovic a
    0.003 na nádraží holešovic i
    0.002 na nádraží holešovic a
    0.000 __other__
    

2013-09-25-16-37-38.630459-CEST  MainProcess : INFO       
    #17753  Time: 2013-09-25-16-37-38.625160-CEST From: ASR        To: HUB        Command: asr_end(fname="vad-2013-09-25-16-37-35.939863.wav") 

2013-09-25-16-37-39.356753-CEST  SLU-4      : DEBUG      
    SLU Hypothesis
    ------------------------------------------------------------
    0.987 inform(="Nádraží Holešovice")
    0.013 inform(to_stop="Nádraží Holešovice")
    

2013-09-25-16-37-39.401519-CEST  MainProcess : INFO       
    #17805  Time: 2013-09-25-16-37-39.396558-CEST From: SLU        To: HUB        Command: slu_parsed(fname="vad-2013-09-25-16-37-35.939863.wav") 

2013-09-25-16-37-39.406529-CEST  DM-5       : DEBUG      
    DDDState Dialogue Act in: inform(="Nádraží Holešovice")

2013-09-25-16-37-39.411301-CEST  DM-5       : DEBUG      
    Context Resolution - Dialogue Act: inform(="Nádraží Holešovice")

2013-09-25-16-37-39.416341-CEST  DM-5       : DEBUG      
    DDDState - Dialogue state content:
    
    ludait = none
    alternative = none
    from_centre = none
    from_stop = Jiřího z Poděbrad
    route_alternative = none
    silence_time = 0.0
    time = none
    to_centre = none
    to_stop = none
    
    rh_from_stop = system-informed
    
    ch_from_stop = system-informed
    
    sh_from_stop = system-informed
    

2013-09-25-16-37-39.421287-CEST  DM-5       : DEBUG      
    DDDState - Dialogue state update
    
    Requested slots:
    {}
    Confirmed slots:
    {}
    Non-informed slots:
    {u'silence_time': 0.0}

2013-09-25-16-37-39.519563-CEST  DM-5       : DEBUG      
    DM Output
    ------------------------------------------------------------
    request(to_stop)
    

2013-09-25-16-37-39.578174-CEST  MainProcess : INFO       
    #17815  Time: 2013-09-25-16-37-39.573122-CEST From: DM         To: HUB        DA: request(to_stop) 

2013-09-25-16-37-39.633182-CEST  NLG-6      : DEBUG      
    #17820  Time: 2013-09-25-16-37-39.627683-CEST From: HUB        To: NLG        Command: flush() 

2013-09-25-16-37-39.639253-CEST  MainProcess : INFO       
    #17821  Time: 2013-09-25-16-37-39.634368-CEST From: NLG        To: HUB        Command: flushed() 

2013-09-25-16-37-39.645217-CEST  TTS-7      : DEBUG      
    #17822  Time: 2013-09-25-16-37-39.640396-CEST From: HUB        To: TTS        Command: flush() 

2013-09-25-16-37-39.649714-CEST  MainProcess : INFO       
    #17825  Time: 2013-09-25-16-37-39.646447-CEST From: TTS        To: HUB        Command: flushed() 

2013-09-25-16-37-39.657461-CEST  VoipIO-1   : DEBUG      
    #17827  Time: 2013-09-25-16-37-39.651061-CEST From: HUB        To: VIO        Command: flush_out() 

2013-09-25-16-37-39.664716-CEST  MainProcess : INFO       
    #17829  Time: 2013-09-25-16-37-39.660033-CEST From: VoipIO     To: HUB        Command: flushed_out() 

2013-09-25-16-37-39.671216-CEST  NLG-6      : DEBUG      
    #17830  Time: 2013-09-25-16-37-39.665836-CEST From: HUB        To: NLG        DA: request(to_stop) 

2013-09-25-16-37-39.675246-CEST  NLG-6      : DEBUG      
    NLG Output
    ------------------------------------------------------------
    Do jaké zastávky chcete jet?
    

2013-09-25-16-37-39.723092-CEST  MainProcess : INFO       
    #17835  Time: 2013-09-25-16-37-39.717566-CEST From: NLG        To: HUB        Command: nlg_text_generated() 

2013-09-25-16-37-39.729441-CEST  MainProcess : INFO       
    #17837  Time: 2013-09-25-16-37-39.718288-CEST From: TTS        To: HUB        Command: tts_start(user_id="None",text="Do jaké zastávky chcete jet?") 

2013-09-25-16-37-39.767896-CEST  MainProcess : INFO       
    #17839  Time: 2013-09-25-16-37-39.719773-CEST From: VoipIO     To: HUB        Command: play_utterance_start(user_id="None",fname="tts-2013-09-25-16-37-39.718126.wav") 

2013-09-25-16-37-39.772395-CEST  MainProcess : INFO       
    #17968  Time: 2013-09-25-16-37-39.767992-CEST From: TTS        To: HUB        Command: tts_end(user_id="None",text="Do jaké zastávky chcete jet?",fname="tts-2013-09-25-16-37-39.718126.wav",log="true") 

2013-09-25-16-37-41.775719-CEST  MainProcess : INFO       
    #18041  Time: 2013-09-25-16-37-40.892498-CEST From: VoipIO     To: HUB        Command: play_utterance_end(user_id="None",fname="tts-2013-09-25-16-37-39.718126.wav) 

2013-09-25-16-37-43.193554-CEST  ASR-3      : DEBUG      
    ASR: speech_start(fname="vad-2013-09-25-16-37-43.106764.wav")

2013-09-25-16-37-43.198065-CEST  MainProcess : INFO       
    #18187  Time: 2013-09-25-16-37-43.189723-CEST From: VAD        To: HUB        Command: speech_start(fname="vad-2013-09-25-16-37-43.106764.wav") 

2013-09-25-16-37-43.204954-CEST  MainProcess : INFO       
    #18188  Time: 2013-09-25-16-37-43.189957-CEST From: ASR        To: HUB        Command: asr_start(fname="vad-2013-09-25-16-37-43.106764.wav") 

2013-09-25-16-37-45.469976-CEST  ASR-3      : DEBUG      
    ASR: speech_end(fname="vad-2013-09-25-16-37-43.106764.wav")

2013-09-25-16-37-45.475139-CEST  MainProcess : INFO       
    #18330  Time: 2013-09-25-16-37-45.466074-CEST From: VAD        To: HUB        Command: speech_end(fname="vad-2013-09-25-16-37-43.106764.wav") 

2013-09-25-16-37-46.507781-CEST  ASR-3      : DEBUG      
    ASR Hypothesis
    ------------------------------------------------------------
    0.696 nádraží holešovice
    0.076 nebyl nádraží holešovice
    0.065 nebo nádraží holešovice
    0.054 debil nádraží holešovice
    0.043 nebe nádraží holešovice
    0.033 nevím nádraží holešovice
    0.022 nádraží holešovice i
    0.011 nádraží holešovice a
    0.000 __other__
    

2013-09-25-16-37-46.560767-CEST  MainProcess : INFO       
    #18400  Time: 2013-09-25-16-37-46.556413-CEST From: ASR        To: HUB        Command: asr_end(fname="vad-2013-09-25-16-37-43.106764.wav") 

2013-09-25-16-37-47.056722-CEST  SLU-4      : DEBUG      
    SLU Hypothesis
    ------------------------------------------------------------
    1.000 inform(="Nádraží Holešovice")
    0.033 help()
    

2013-09-25-16-37-47.102068-CEST  MainProcess : INFO       
    #18437  Time: 2013-09-25-16-37-47.097703-CEST From: SLU        To: HUB        Command: slu_parsed(fname="vad-2013-09-25-16-37-43.106764.wav") 

2013-09-25-16-37-47.106344-CEST  DM-5       : DEBUG      
    DDDState Dialogue Act in: inform(="Nádraží Holešovice")

2013-09-25-16-37-47.110703-CEST  DM-5       : DEBUG      
    Context Resolution - Dialogue Act: inform(to_stop="Nádraží Holešovice")&inform(="Nádraží Holešovice")

2013-09-25-16-37-47.114460-CEST  DM-5       : DEBUG      
    DDDState - Dialogue state content:
    
    ludait = none
    alternative = none
    from_centre = none
    from_stop = Jiřího z Poděbrad
    route_alternative = none
    silence_time = 0.0
    time = none
    to_centre = none
    to_stop = Nádraží Holešovice
    
    rh_from_stop = system-informed
    
    ch_from_stop = system-informed
    
    sh_from_stop = system-informed
    

2013-09-25-16-37-47.118594-CEST  DM-5       : DEBUG      
    DDDState - Dialogue state update
    
    Requested slots:
    {}
    Confirmed slots:
    {}
    Non-informed slots:
    {u'to_stop': u'N\xe1dra\u017e\xed Hole\u0161ovice', u'silence_time': 0.0}

2013-09-25-16-37-47.478923-CEST  DM-5       : DEBUG      
    DM Output
    ------------------------------------------------------------
    iconfirm(to_stop="Nádraží Holešovice")&inform(found_directions="true")&inform(alternative="1")&inform(vehicle="SUBWAY")&inform(line="A")&inform(go_at="04:37")&inform(enter_at="Jiřího z Poděbrad")&inform(headsign="Dejvická")&inform(exit_at="Muzeum - A")&inform(transfer="true")&inform(vehicle="SUBWAY")&inform(line="C")&inform(go_at="04:48")&inform(enter_at="Muzeum - C")&inform(headsign="Ládví")&inform(exit_at="Nádraží Holešovice")
    

2013-09-25-16-37-47.522913-CEST  MainProcess : INFO       
    #18464  Time: 2013-09-25-16-37-47.518598-CEST From: DM         To: HUB        DA: iconfirm(to_stop="Nádraží Holešovice")&inform(found_directions="true")&inform(alternative="1")&inform(vehicle="SUBWAY")&inform(line="A")&inform(go_at="04:37")&inform(enter_at="Jiřího z Poděbrad")&inform(headsign="Dejvická")&inform(exit_at="Muzeum - A")&inform(transfer="true")&inform(vehicle="SUBWAY")&inform(line="C")&inform(go_at="04:48")&inform(enter_at="Muzeum - C")&inform(headsign="Ládví")&inform(exit_at="Nádraží Holešovice") 

2013-09-25-16-37-47.532386-CEST  NLG-6      : DEBUG      
    #18468  Time: 2013-09-25-16-37-47.526287-CEST From: HUB        To: NLG        DA: iconfirm(to_stop="Nádraží Holešovice")&inform(found_directions="true")&inform(alternative="1")&inform(vehicle="SUBWAY")&inform(line="A")&inform(go_at="04:37")&inform(enter_at="Jiřího z Poděbrad")&inform(headsign="Dejvická")&inform(exit_at="Muzeum - A")&inform(transfer="true")&inform(vehicle="SUBWAY")&inform(line="C")&inform(go_at="04:48")&inform(enter_at="Muzeum - C")&inform(headsign="Ládví")&inform(exit_at="Nádraží Holešovice") 

2013-09-25-16-37-47.989198-CEST  NLG-6      : DEBUG      
    NLG Output
    ------------------------------------------------------------
    Do zastávky Nádraží Holešovice. Našla jsem následující spojení. Možnost první. Jeďte metrem A v 04:37 ze zastávky Jiřího z Poděbrad směrem Dejvická. Vystupte na zastávce Muzeum - A. A pak přestupte. Jeďte metrem C v 04:48 ze zastávky Muzeum - C směrem Ládví. Vystupte na zastávce Nádraží Holešovice.
    

2013-09-25-16-37-48.032847-CEST  MainProcess : INFO       
    #18497  Time: 2013-09-25-16-37-48.028361-CEST From: NLG        To: HUB        Command: nlg_text_generated() 

2013-09-25-16-37-48.039155-CEST  MainProcess : INFO       
    #18501  Time: 2013-09-25-16-37-48.034131-CEST From: TTS        To: HUB        Command: tts_start(user_id="None",text="Do zastávky Nádraží Holešovice. Našla jsem následující spojení. Možnost první. Jeďte metrem A v 04:37 ze zastávky Jiřího z Poděbrad směrem Dejvická. Vystupte na zastávce Muzeum - A. A pak přestupte. Jeďte metrem C v 04:48 ze zastávky Muzeum - C směrem Ládví. Vystupte na zastávce Nádraží Holešovice.") 

2013-09-25-16-37-48.087686-CEST  MainProcess : INFO       
    #18504  Time: 2013-09-25-16-37-48.036577-CEST From: VoipIO     To: HUB        Command: play_utterance_start(user_id="None",fname="tts-2013-09-25-16-37-48.029922.wav") 

2013-09-25-16-37-53.786709-CEST  TTS-7      : EXCEPTION  
    Uncaught exception in the TTS process.
    Traceback (most recent call last):
      File "/mnt/h/jurcicek/github/UFAL-DSG-alex-prd/alex/components/hub/tts.py", line 203, in run
        self.read_text_write_audio()
      File "/mnt/h/jurcicek/github/UFAL-DSG-alex-prd/alex/components/hub/tts.py", line 184, in read_text_write_audio
        self.synthesize(None, data_tts.text)
      File "/mnt/h/jurcicek/github/UFAL-DSG-alex-prd/alex/components/hub/tts.py", line 119, in synthesize
        segment_wav = self.tts.synthesize(segment_text)
      File "/mnt/h/jurcicek/github/UFAL-DSG-alex-prd/alex/components/tts/speechtech.py", line 108, in synthesize
        m = e + "Text: %s" % text
    TypeError: unsupported operand type(s) for +: 'TTSException' and 'unicode'
    

