2013-06-06-20-10-02.849368-CEST  VoipIO-1   : DEBUG      
    CallCallback::on_media_state : Media is now active

2013-06-06-20-10-02.856987-CEST  VoipIO-1   : DEBUG      
    CallCallback::on_state : Call with "777805048" <sip:777805048@195.113.20.160> is CONNECTING last code = 200 (OK)

2013-06-06-20-10-02.860923-CEST  MainProcess : SYSTEM-LOG 
    config = { 'ASR': { 'Google': { 'debug': False, 'language': 'cs'},
               'Julius': { 'adinnetport': 5530,
                           'binary': '/usr/local/bin/julius',
                           'debug': False,
                           'hostname': 'localhost',
                           'jconf': { '-adport': '5530',
                                      '-b': '1000',
                                      '-b2': '100',
                                      '-cmnload': 'cmn.param',
                                      '-cmnmapweight': '200',
                                      '-cmnsave': 'cmn.param',
                                      '-confnet': '',
                                      '-fallback1pass': '',
                                      '-gprune': 'safe',
                                      '-h': '/mnt/h/jurcicek/vystadial-git/alex/resources/asr/voip_en/hmmdefs',
                                      '-hlist': '/mnt/h/jurcicek/vystadial-git/alex/resources/asr/voip_en/tiedlist',
                                      '-htkconf': '/mnt/h/jurcicek/vystadial-git/alex/resources/asr/voip_en/config',
                                      '-input': 'adinnet',
                                      '-iwsp': '',
                                      '-iwsppenalty': '0.0',
                                      '-lmp': '15.0 0.0',
                                      '-lmp2': '15.0 0.0',
                                      '-mapunk': 'UM',
                                      '-module': '10500',
                                      '-n': '50',
                                      '-nlr': '/mnt/h/jurcicek/vystadial-git/alex/resources/lm/caminfo/julius_arpa_bigram',
                                      '-no_ccd': '',
                                      '-nrl': '/mnt/h/jurcicek/vystadial-git/alex/resources/lm/caminfo/julius_arpa_rev_bigram',
                                      '-silhead': '<s>',
                                      '-siltail': '</s>',
                                      '-spmodel': 'sp',
                                      '-tmix': '4',
                                      '-v': '/mnt/h/jurcicek/vystadial-git/alex/resources/lm/caminfo/julius_dict'},
                           'jconffile': 'julius.jconf',
                           'killall': False,
                           'logfile': 'julius.log',
                           'pidfile': 'julius.pid',
                           'reuse_server': False,
                           'serverport': 10500,
                           'start_max_wait_time': 15,
                           'start_wait_time': 0.5,
                           'timeout': 2.0},
               'debug': True,
               'type': 'Google'},
      'Audio': { 'sample_rate': 16000, 'samples_per_frame': 256},
      'AudioIO': { 'debug': True, 'output_dir': './aio_call_log', 'play_buffer_size': 1024},
      'DM': { 'Dummy': { 'debug': True},
              'PUfalRuleDM': { 'code_submit_url': None,
                               'db_cfg': '/mnt/h/jurcicek/vystadial-git/alex/applications/AlexOnTheBus/../applications/CamInfoRest/cued_data/CIRdbase_V7_noloc.txt',
                               'ontology': '/mnt/h/jurcicek/vystadial-git/alex/applications/AlexOnTheBus/../applications/CamInfoRest/ontology.cfg',
                               'provide_code': False},
              'UfalRuleDM': { 'code_submit_url': None,
                              'db_cfg': '/mnt/h/jurcicek/vystadial-git/alex/applications/AlexOnTheBus/../applications/CamInfoRest/cued_data/CIRdbase_V7_noloc.txt',
                              'ontology': '/mnt/h/jurcicek/vystadial-git/alex/applications/AlexOnTheBus/../applications/CamInfoRest/ontology.cfg',
                              'provide_code': False},
              'debug': True,
              'type': <class 'alex.applications.AlexOnTheBus.aotb_dm.AOTBDM'>},
      'General': { 'include': ['/mnt/h/jurcicek/vystadial-git/alex/resources/private/default.cfg']},
      'Hub': { 'history_file': 'hub_history_hub.txt', 'history_length': 1000, 'main_loop_sleep_time': 0.005},
      'Logging': { 'session_logger': SessionLogger(),
                   'system_logger': SystemLogger(stdout_log_level='ERROR', stdout=True, file_log_level='ERROR', output_dir=/net/projects/vystadial/data/call-logs/2013-05-30-alex-aotb-prototype),
                   'system_name': 'Alex On The Bus - Live',
                   'version': '1.0'},
      'NLG': { 'Template': { 'model': '/mnt/h/jurcicek/vystadial-git/alex/applications/AlexOnTheBus/nlg_templates.cfg'},
               'debug': True,
               'type': <class 'alex.applications.AlexOnTheBus.aotb_nlg.AOTBNLG'>},
      'SHub': { 'history_file': 'hub_history_shub.txt', 'history_length': 1000},
      'SLU': { 'AOTBSLU': { 'cldb_fname': '/mnt/h/jurcicek/vystadial-git/alex/applications/AlexOnTheBus/data/database.py',
                            'preprocessing_cls': <class 'alex.applications.AlexOnTheBus.aotb_preprocessing.AOTBSLUPreprocessing'>},
               'cl-tracing': { 'cldb_fname': '/mnt/h/jurcicek/vystadial-git/alex/resources/../applications/CamInfoRest/data/database.py',
                               'do_preprocessing': True,
                               'features_type': ('ngram',),
                               'testing': { 'max_examples': None,
                                            'min_perc': 80,
                                            'model_fname': '/mnt/h/jurcicek/vystadial-git/alex/resources/../applications/CamInfoRest/models/130516_minf60-minfc35-mind60.slu_model.gz',
                                            'renormalise': True,
                                            'threshold': None,
                                            'vanilla': True}},
               'debug': True,
               'type': <class 'alex.applications.AlexOnTheBus.aotb_slu.AOTBSLU'>},
      'THub': { 'history_file': 'hub_history_thub.txt', 'history_length': 1000},
      'TTS': { 'Flite': { 'debug': False, 'voice': 'kal16'},
               'Google': { 'debug': False, 'language': 'cs', 'rate': 2.0},
               'SpeechTech': { 'debug': True,
                               'login': 'filipjurcicek',
    # this line was removed since it included a password
                               'voice': 'Iva210'},
               'VoiceRSS': { 'api_key': '3b6a9fca5d724b1c8ac34691586cdda1', 'language': 'en-gb'},
               'debug': True,
               'type': 'SpeechTech'},
      'VAD': { 'debug': False,
               'decision_frames_sil': 25,
               'decision_frames_speech': 10,
               'decision_non_speech_threshold': 0.2,
               'decision_speech_threshold': 0.7,
               'gmm': { 'ceplifter': 22,
                        'enormalise': True,
                        'filter_length': 5,
                        'frameshift': 160,
                        'framesize': 512,
                        'frontend': 'MFCC',
                        'hifreq': 3800,
                        'lofreq': 125,
                        'numceps': 12,
                        'numchans': 26,
                        'preemcoef': 0.97,
                        'sil_model': '/mnt/h/jurcicek/vystadial-git/alex/resources/vad/voip_en/vad_sil_sds_mfcc_m064_f100000.gmm',
                        'speech_model': '/mnt/h/jurcicek/vystadial-git/alex/resources/vad/voip_en/vad_speech_sds_mfcc_m064_f100000.gmm',
                        'useacc': True,
                        'usec0': False,
                        'usecmn': False,
                        'usedelta': True,
                        'usehamming': True,
                        'usepower': True,
                        'zmeansource': True},
               'power': { 'adaptation_frames': 30, 'threshold': 70, 'threshold_multiplier': 1.0},
               'speech_buffer_frames': 20,
               'type': 'gmm'},
      'VoipHub': { 'history_length': 1000, 'wait_time_before_calling_back': 10},
      'VoipIO': { 'allowed_hosts': '',
                  'allowed_phone_numbers': '(^[234567])',
                  'allowed_users': '(^[234567])',
                  'debug': True,
                  'domain': 'vystadial.ms.mff.cuni.cz',
                  'forbidden_hosts': '',
                  'forbidden_phone_number': '(^112$|^150$|^155$|^156$|^158$)',
                  'forbidden_users': '(^112$|^150$|^155$|^156$|^158$)',
    # this line was removed since it included a password
                  'pjsip_log_level': 3,
                  'reject_calls': False,
                  'user': '800899998'},
      'WebHub': { 'port': 8000}}
    

2013-06-06-20-10-02.869931-CEST  VoipIO-1   : DEBUG      
    VoipIO::on_call_connecting

2013-06-06-20-10-02.877774-CEST  MainProcess : INFO       
    From: VoipIO     To: HUB        Command: incoming_call(remote_uri="777805048") 

2013-06-06-20-10-02.885465-CEST  VoipIO-1   : DEBUG      
    CallCallback::on_state : Call with "777805048" <sip:777805048@195.113.20.160> is CONFIRMED last code = 200 (OK)

2013-06-06-20-10-02.936139-CEST  VoipIO-1   : DEBUG      
    VoipIO::on_call_confirmed

2013-06-06-20-10-02.957679-CEST  MainProcess : INFO       
    From: VoipIO     To: HUB        Command: call_connecting(remote_uri="777805048") 

2013-06-06-20-10-02.971026-CEST  MainProcess : INFO       
    From: VoipIO     To: HUB        Command: call_confirmed(remote_uri="777805048") 

2013-06-06-20-10-02.983542-CEST  DM-5       : DEBUG      
    From: HUB        To: DM         Command: new_dialogue() 

2013-06-06-20-10-02.991498-CEST  DM-5       : DEBUG      
    DM Output
    ------------------------------------------------------------
    hello()
    

2013-06-06-20-10-03.024472-CEST  NLG-6      : DEBUG      
    NLG Output
    ------------------------------------------------------------
    Dobrý den. Tato experimentální služba je poskytována laboratoří výzkumu hlasových dialogových systémů na Ústavu Formální a Aplikované Lingvistiky na Karlově Univerzitě. Hovor je nahráván. Více informací o této službě je na internetu. Odkud a kam chcete jet? Můžete například říct chtěla bych jet z Malostranského náměstí na Žižkov.
    

2013-06-06-20-10-03.031820-CEST  MainProcess : INFO       
    From: DM         To: HUB        Command: dm_da_generated() 

2013-06-06-20-10-03.040675-CEST  TTS-7      : DEBUG      
    From: HUB        To: TTS        Command: keeplast() 

2013-06-06-20-10-03.049447-CEST  MainProcess : INFO       
    From: NLG        To: HUB        Command: nlg_text_generated() 

2013-06-06-20-10-03.057382-CEST  MainProcess : INFO       
    From: TTS        To: HUB        Command: tts_start(user_id="None",text="Dobrý den. Tato experimentální služba je poskytována laboratoří výzkumu hlasových dialogových systémů na Ústavu Formální a Aplikované Lingvistiky na Karlově Univerzitě. Hovor je nahráván. Více informací o této službě je na internetu. Odkud a kam chcete jet? Můžete například říct chtěla bych jet z Malostranského náměstí na Žižkov.") 

2013-06-06-20-10-06.014036-CEST  MainProcess : INFO       
    From: VoipIO     To: HUB        Command: play_utterance_start(user_id="None") 

2013-06-06-20-10-06.022006-CEST  MainProcess : INFO       
    From: TTS        To: HUB        Command: tts_end(user_id="None",text="Dobrý den. Tato experimentální služba je poskytována laboratoří výzkumu hlasových dialogových systémů na Ústavu Formální a Aplikované Lingvistiky na Karlově Univerzitě. Hovor je nahráván. Více informací o této službě je na internetu. Odkud a kam chcete jet? Můžete například říct chtěla bych jet z Malostranského náměstí na Žižkov.") 

2013-06-06-20-10-31.040994-CEST  MainProcess : INFO       
    From: VoipIO     To: HUB        Command: play_utterance_end(user_id="None") 

2013-06-06-20-10-33.556835-CEST  MainProcess : INFO       
    From: VAD        To: HUB        Command: speech_start() 

2013-06-06-20-10-33.564998-CEST  ASR-3      : DEBUG      
    ASR: speech_start()

2013-06-06-20-10-33.572439-CEST  MainProcess : INFO       
    From: ASR        To: HUB        Command: asr_start() 

2013-06-06-20-10-35.966175-CEST  ASR-3      : DEBUG      
    ASR: speech_end()

2013-06-06-20-10-35.992205-CEST  MainProcess : INFO       
    From: VAD        To: HUB        Command: speech_end() 

2013-06-06-20-10-36.859836-CEST  ASR-3      : DEBUG      
    ASR Hypothesis
    ------------------------------------------------------------
    chtěl bych jedno stránská náměstí žižkov
    

2013-06-06-20-10-36.888678-CEST  MainProcess : INFO       
    From: ASR        To: HUB        Command: asr_end() 

2013-06-06-20-10-37.208699-CEST  SLU-4      : DEBUG      
    SLU Hypothesis
    ------------------------------------------------------------
    
    

2013-06-06-20-10-37.219573-CEST  MainProcess : INFO       
    From: SLU        To: HUB        Command: slu_parsed() 

2013-06-06-20-10-37.227814-CEST  DM-5       : DEBUG      
    DM Output
    ------------------------------------------------------------
    notunderstood()&help(from_stop)
    

2013-06-06-20-10-37.253460-CEST  MainProcess : INFO       
    From: DM         To: HUB        Command: dm_da_generated() 

2013-06-06-20-10-37.262048-CEST  NLG-6      : DEBUG      
    NLG Output
    ------------------------------------------------------------
    Ještě jednou prosím. Řekněte například chtěla bych jet ze zastávky poliklinika Barandov.
    

2013-06-06-20-10-37.269439-CEST  TTS-7      : DEBUG      
    From: HUB        To: TTS        Command: keeplast() 

2013-06-06-20-10-37.292103-CEST  MainProcess : INFO       
    From: NLG        To: HUB        Command: nlg_text_generated() 

2013-06-06-20-10-37.300141-CEST  MainProcess : INFO       
    From: TTS        To: HUB        Command: tts_start(user_id="None",text="Ještě jednou prosím. Řekněte například chtěla bych jet ze zastávky poliklinika Barandov.") 

2013-06-06-20-10-38.272412-CEST  MainProcess : INFO       
    From: VoipIO     To: HUB        Command: play_utterance_start(user_id="None") 

2013-06-06-20-10-38.280018-CEST  MainProcess : INFO       
    From: TTS        To: HUB        Command: tts_end(user_id="None",text="Ještě jednou prosím. Řekněte například chtěla bych jet ze zastávky poliklinika Barandov.") 

2013-06-06-20-10-45.059936-CEST  MainProcess : INFO       
    From: VoipIO     To: HUB        Command: play_utterance_end(user_id="None") 

2013-06-06-20-10-47.376325-CEST  MainProcess : INFO       
    From: VAD        To: HUB        Command: speech_start() 

2013-06-06-20-10-47.383343-CEST  ASR-3      : DEBUG      
    ASR: speech_start()

2013-06-06-20-10-47.391024-CEST  MainProcess : INFO       
    From: ASR        To: HUB        Command: asr_start() 

2013-06-06-20-10-49.618641-CEST  MainProcess : INFO       
    From: VAD        To: HUB        Command: speech_end() 

2013-06-06-20-10-49.626369-CEST  ASR-3      : DEBUG      
    ASR: speech_end()

2013-06-06-20-10-50.444577-CEST  ASR-3      : DEBUG      
    ASR Hypothesis
    ------------------------------------------------------------
    černý most náměstí žižkov
    

2013-06-06-20-10-50.463023-CEST  MainProcess : INFO       
    From: ASR        To: HUB        Command: asr_end() 

2013-06-06-20-10-50.514418-CEST  SLU-4      : DEBUG      
    SLU Hypothesis
    ------------------------------------------------------------
    1.000 inform(stop="černý most")
    

2013-06-06-20-10-50.525081-CEST  DM-5       : DEBUG      
    DM Output
    ------------------------------------------------------------
    notunderstood()&help(from_stop)
    

2013-06-06-20-10-50.534644-CEST  MainProcess : INFO       
    From: SLU        To: HUB        Command: slu_parsed() 

2013-06-06-20-10-50.555493-CEST  NLG-6      : DEBUG      
    NLG Output
    ------------------------------------------------------------
    Ještě jednou prosím. Řekněte například chtěla bych jet ze zastávky poliklinika Barandov.
    

2013-06-06-20-10-50.564750-CEST  MainProcess : INFO       
    From: DM         To: HUB        Command: dm_da_generated() 

2013-06-06-20-10-50.573916-CEST  TTS-7      : DEBUG      
    From: HUB        To: TTS        Command: keeplast() 

2013-06-06-20-10-50.582782-CEST  MainProcess : INFO       
    From: NLG        To: HUB        Command: nlg_text_generated() 

2013-06-06-20-10-50.591093-CEST  MainProcess : INFO       
    From: TTS        To: HUB        Command: tts_start(user_id="None",text="Ještě jednou prosím. Řekněte například chtěla bych jet ze zastávky poliklinika Barandov.") 

2013-06-06-20-10-51.787067-CEST  MainProcess : INFO       
    From: VoipIO     To: HUB        Command: play_utterance_start(user_id="None") 

2013-06-06-20-10-51.795535-CEST  MainProcess : INFO       
    From: TTS        To: HUB        Command: tts_end(user_id="None",text="Ještě jednou prosím. Řekněte například chtěla bych jet ze zastávky poliklinika Barandov.") 

2013-06-06-20-10-58.627258-CEST  MainProcess : INFO       
    From: VoipIO     To: HUB        Command: play_utterance_end(user_id="None") 

2013-06-06-20-11-00.878707-CEST  MainProcess : INFO       
    From: VAD        To: HUB        Command: speech_start() 

2013-06-06-20-11-00.886085-CEST  MainProcess : INFO       
    From: ASR        To: HUB        Command: asr_start() 

2013-06-06-20-11-00.894972-CEST  ASR-3      : DEBUG      
    ASR: speech_start()

2013-06-06-20-11-02.337476-CEST  ASR-3      : DEBUG      
    ASR: speech_end()

2013-06-06-20-11-02.344993-CEST  MainProcess : INFO       
    From: VAD        To: HUB        Command: speech_end() 

2013-06-06-20-11-03.079948-CEST  ASR-3      : DEBUG      
    ASR Hypothesis
    ------------------------------------------------------------
    malostranské nám
    

2013-06-06-20-11-03.101265-CEST  MainProcess : INFO       
    From: ASR        To: HUB        Command: asr_end() 

2013-06-06-20-11-03.150725-CEST  SLU-4      : DEBUG      
    SLU Hypothesis
    ------------------------------------------------------------
    1.000 inform(stop="malostranská")
    

2013-06-06-20-11-03.160017-CEST  DM-5       : DEBUG      
    DM Output
    ------------------------------------------------------------
    notunderstood()&help(from_stop)
    

2013-06-06-20-11-03.168472-CEST  MainProcess : INFO       
    From: SLU        To: HUB        Command: slu_parsed() 

2013-06-06-20-11-03.188504-CEST  NLG-6      : DEBUG      
    NLG Output
    ------------------------------------------------------------
    Nerozuměla jsem. Jěště jednou prosím. Řekněte například chtěla bych jet ze zastávky Anděla.
    

2013-06-06-20-11-03.197468-CEST  MainProcess : INFO       
    From: DM         To: HUB        Command: dm_da_generated() 

2013-06-06-20-11-03.204953-CEST  TTS-7      : DEBUG      
    From: HUB        To: TTS        Command: keeplast() 

2013-06-06-20-11-03.212212-CEST  MainProcess : INFO       
    From: NLG        To: HUB        Command: nlg_text_generated() 

2013-06-06-20-11-03.219956-CEST  MainProcess : INFO       
    From: TTS        To: HUB        Command: tts_start(user_id="None",text="Nerozuměla jsem. Jěště jednou prosím. Řekněte například chtěla bych jet ze zastávky Anděla.") 

2013-06-06-20-11-04.419751-CEST  MainProcess : INFO       
    From: VoipIO     To: HUB        Command: play_utterance_start(user_id="None") 

2013-06-06-20-11-04.427953-CEST  MainProcess : INFO       
    From: TTS        To: HUB        Command: tts_end(user_id="None",text="Nerozuměla jsem. Jěště jednou prosím. Řekněte například chtěla bych jet ze zastávky Anděla.") 

2013-06-06-20-11-12.061485-CEST  MainProcess : INFO       
    From: VoipIO     To: HUB        Command: play_utterance_end(user_id="None") 

2013-06-06-20-11-16.045596-CEST  ASR-3      : DEBUG      
    ASR: speech_start()

2013-06-06-20-11-16.052221-CEST  MainProcess : INFO       
    From: VAD        To: HUB        Command: speech_start() 

2013-06-06-20-11-16.060236-CEST  MainProcess : INFO       
    From: ASR        To: HUB        Command: asr_start() 

2013-06-06-20-11-17.905774-CEST  ASR-3      : DEBUG      
    ASR: speech_end()

2013-06-06-20-11-17.914302-CEST  MainProcess : INFO       
    From: VAD        To: HUB        Command: speech_end() 

2013-06-06-20-11-18.536239-CEST  ASR-3      : DEBUG      
    ASR Hypothesis
    ------------------------------------------------------------
    zastávky malostranské náměstí
    

2013-06-06-20-11-18.554250-CEST  MainProcess : INFO       
    From: ASR        To: HUB        Command: asr_end() 

2013-06-06-20-11-18.606788-CEST  SLU-4      : DEBUG      
    SLU Hypothesis
    ------------------------------------------------------------
    1.000 inform(stop="malostranské náměstí")
    

2013-06-06-20-11-18.617209-CEST  MainProcess : INFO       
    From: SLU        To: HUB        Command: slu_parsed() 

2013-06-06-20-11-18.624703-CEST  DM-5       : DEBUG      
    DM Output
    ------------------------------------------------------------
    notunderstood()&help(from_stop)
    

2013-06-06-20-11-18.653942-CEST  NLG-6      : DEBUG      
    NLG Output
    ------------------------------------------------------------
    Nerozuměla jsem. Jěště jednou prosím. Řekněte například chtěla bych jet z Malostranského náměstí.
    

2013-06-06-20-11-18.663345-CEST  MainProcess : INFO       
    From: DM         To: HUB        Command: dm_da_generated() 

2013-06-06-20-11-18.672776-CEST  TTS-7      : DEBUG      
    From: HUB        To: TTS        Command: keeplast() 

2013-06-06-20-11-18.680274-CEST  MainProcess : INFO       
    From: NLG        To: HUB        Command: nlg_text_generated() 

2013-06-06-20-11-18.687886-CEST  MainProcess : INFO       
    From: TTS        To: HUB        Command: tts_start(user_id="None",text="Nerozuměla jsem. Jěště jednou prosím. Řekněte například chtěla bych jet z Malostranského náměstí.") 

2013-06-06-20-11-19.902903-CEST  MainProcess : INFO       
    From: VoipIO     To: HUB        Command: play_utterance_start(user_id="None") 

2013-06-06-20-11-19.915511-CEST  MainProcess : INFO       
    From: TTS        To: HUB        Command: tts_end(user_id="None",text="Nerozuměla jsem. Jěště jednou prosím. Řekněte například chtěla bych jet z Malostranského náměstí.") 

2013-06-06-20-11-28.127261-CEST  MainProcess : INFO       
    From: VoipIO     To: HUB        Command: play_utterance_end(user_id="None") 

2013-06-06-20-11-29.302741-CEST  MainProcess : INFO       
    From: VAD        To: HUB        Command: speech_start() 

2013-06-06-20-11-29.310866-CEST  ASR-3      : DEBUG      
    ASR: speech_start()

2013-06-06-20-11-29.319095-CEST  MainProcess : INFO       
    From: ASR        To: HUB        Command: asr_start() 

2013-06-06-20-11-31.092835-CEST  MainProcess : INFO       
    From: VAD        To: HUB        Command: speech_end() 

2013-06-06-20-11-31.100801-CEST  ASR-3      : DEBUG      
    ASR: speech_end()

2013-06-06-20-11-31.860370-CEST  ASR-3      : DEBUG      
    ASR Hypothesis
    ------------------------------------------------------------
    zastávky malostranské náměstí
    

2013-06-06-20-11-31.882102-CEST  MainProcess : INFO       
    From: ASR        To: HUB        Command: asr_end() 

2013-06-06-20-11-31.932536-CEST  SLU-4      : DEBUG      
    SLU Hypothesis
    ------------------------------------------------------------
    1.000 inform(stop="malostranské náměstí")
    

2013-06-06-20-11-31.941388-CEST  MainProcess : INFO       
    From: SLU        To: HUB        Command: slu_parsed() 

2013-06-06-20-11-31.949423-CEST  DM-5       : DEBUG      
    DM Output
    ------------------------------------------------------------
    notunderstood()&help(from_stop)
    

2013-06-06-20-11-31.985344-CEST  MainProcess : INFO       
    From: DM         To: HUB        Command: dm_da_generated() 

2013-06-06-20-11-31.993134-CEST  NLG-6      : DEBUG      
    NLG Output
    ------------------------------------------------------------
    Můžete to zopakovat? Řekněte například chtěla bych jet z Malostranského náměstí.
    

2013-06-06-20-11-32.001658-CEST  TTS-7      : DEBUG      
    From: HUB        To: TTS        Command: keeplast() 

2013-06-06-20-11-32.013007-CEST  MainProcess : INFO       
    From: NLG        To: HUB        Command: nlg_text_generated() 

2013-06-06-20-11-32.020728-CEST  MainProcess : INFO       
    From: TTS        To: HUB        Command: tts_start(user_id="None",text="Můžete to zopakovat? Řekněte například chtěla bych jet z Malostranského náměstí.") 

2013-06-06-20-11-33.210323-CEST  MainProcess : INFO       
    From: VoipIO     To: HUB        Command: play_utterance_start(user_id="None") 

2013-06-06-20-11-33.218430-CEST  MainProcess : INFO       
    From: TTS        To: HUB        Command: tts_end(user_id="None",text="Můžete to zopakovat? Řekněte například chtěla bych jet z Malostranského náměstí.") 

2013-06-06-20-11-39.648400-CEST  MainProcess : INFO       
    From: VoipIO     To: HUB        Command: play_utterance_end(user_id="None") 

2013-06-06-20-11-45.175654-CEST  VoipIO-1   : DEBUG      
    CallCallback::on_state : Call with "777805048" <sip:777805048@195.113.20.160> is DISCONNCTD last code = 200 (Normal call clearing)

2013-06-06-20-11-45.397957-CEST  VoipIO-1   : DEBUG      
    VoipIO::on_call_disconnected

2013-06-06-20-11-45.407799-CEST  MainProcess : INFO       
    From: VoipIO     To: HUB        Command: call_disconnected(remote_uri="777805048") 

2013-06-06-20-11-45.416114-CEST  TTS-7      : DEBUG      
    From: HUB        To: TTS        Command: flush() 

2013-06-06-20-11-45.424498-CEST  VoipIO-1   : DEBUG      
    From: HUB        To: VoipIO     Command: flush() 

2013-06-06-20-11-45.432665-CEST  NLG-6      : DEBUG      
    From: HUB        To: NLG        Command: flush() 

2013-06-06-20-11-45.440841-CEST  SLU-4      : DEBUG      
    From: HUB        To: SLU        Command: flush() 

2013-06-06-20-11-45.448525-CEST  DM-5       : DEBUG      
    From: HUB        To: DM         Command: flush() 

2013-06-06-20-11-45.456486-CEST  ASR-3      : DEBUG      
    From: HUB        To: ASR        Command: flush() 

2013-06-06-20-11-45.464145-CEST  DM-5       : DEBUG      
    From: HUB        To: DM         Command: end_dialogue() 

