2013-09-14-20-24-22.187774-CEST  VoipIO-1   : DEBUG      
    CallCallback::on_state : Call with "776577617" <sip:776577617@195.113.20.160> is CONNECTING last code = 200 (OK)

2013-09-14-20-24-22.195361-CEST  VoipIO-1   : DEBUG      
    VoipIO::on_call_connecting

2013-09-14-20-24-22.202992-CEST  VoipIO-1   : DEBUG      
    CallCallback::on_state : Call with "776577617" <sip:776577617@195.113.20.160> is CONFIRMED last code = 200 (OK)

2013-09-14-20-24-22.207483-CEST  MainProcess : SYSTEM-LOG 
    config = { 'ASR': { 'Google': { 'debug': False, 'language': 'cs', 'maxresults': 20},
               'Julius': { 'adinnetport': 5530,
                           'binary': '/usr/local/bin/julius',
                           'debug': False,
                           'hostname': 'localhost',
                           'jconf': { '-adport': '5530',
                                      '-b': '1000',
                                      '-b2': '100',
                                      '-cmnload': 'cmn.param',
                                      '-cmnmapweight': '200',
                                      '-cmnsave': 'cmn.param',
                                      '-confnet': '',
                                      '-fallback1pass': '',
                                      '-gprune': 'safe',
                                      '-h': '/mnt/h/jurcicek/vystadial-git-dev/alex/resources/asr/voip_en/hmmdefs',
                                      '-hlist': '/mnt/h/jurcicek/vystadial-git-dev/alex/resources/asr/voip_en/tiedlist',
                                      '-htkconf': '/mnt/h/jurcicek/vystadial-git-dev/alex/resources/asr/voip_en/config',
                                      '-input': 'adinnet',
                                      '-iwsp': '',
                                      '-iwsppenalty': '0.0',
                                      '-lmp': '15.0 0.0',
                                      '-lmp2': '15.0 0.0',
                                      '-mapunk': 'UM',
                                      '-module': '10500',
                                      '-n': '50',
                                      '-nlr': '/mnt/h/jurcicek/vystadial-git-dev/alex/resources/lm/caminfo/julius_arpa_bigram',
                                      '-no_ccd': '',
                                      '-nrl': '/mnt/h/jurcicek/vystadial-git-dev/alex/resources/lm/caminfo/julius_arpa_rev_bigram',
                                      '-silhead': '<s>',
                                      '-siltail': '</s>',
                                      '-spmodel': 'sp',
                                      '-tmix': '4',
                                      '-v': '/mnt/h/jurcicek/vystadial-git-dev/alex/resources/lm/caminfo/julius_dict'},
                           'jconffile': 'julius.jconf',
                           'killall': False,
                           'logfile': 'julius.log',
                           'msg_timeout': 0.3,
                           'pidfile': 'julius.pid',
                           'reuse_server': False,
                           'serverport': 10500,
                           'start_max_wait_time': 15,
                           'start_wait_time': 0.5,
                           'timeout': 2.0},
               'Kaldi': { 'LM_scale': -6666.66,
                          'hypothesis_type': 'nblist',
                          'lat_depth': 666666,
                          'model': 'TODO_path_to_model'},
               'debug': True,
               'type': 'Google'},
      'AlexOnTheBus': { 'max_turns': 120},
      'Analytics': Analytics(account_id='UA-41905278-1', domain_name='cuni.cz'),
      'Audio': { 'sample_rate': 16000, 'samples_per_frame': 256},
      'AudioIO': { 'debug': True, 'output_dir': './aio_call_log', 'play_buffer_size': 1024},
      'DM': { 'PUfalRuleDM': { 'code_submit_url': None,
                               'db_cfg': '/mnt/h/jurcicek/vystadial-git-dev/alex/resources/../applications/CamInfoRest/cued_data/CIRdbase_V7_noloc.txt',
                               'ontology': '/mnt/h/jurcicek/vystadial-git-dev/alex/resources/../applications/CamInfoRest/ontology.cfg',
                               'provide_code': False},
              'UfalRuleDM': { 'code_submit_url': None,
                              'db_cfg': '/mnt/h/jurcicek/vystadial-git-dev/alex/resources/../applications/CamInfoRest/cued_data/CIRdbase_V7_noloc.txt',
                              'ontology': '/mnt/h/jurcicek/vystadial-git-dev/alex/resources/../applications/CamInfoRest/ontology.cfg',
                              'provide_code': False},
              'basic': { 'debug': True, 'silence_timeout': 10.0},
              'debug': True,
              'dialogue_policy': { 'type': <class 'alex.applications.AlexOnTheBus.aotb_hdc_policy.AOTBHDCPolicy'>},
              'dialogue_state': { 'type': <class 'alex.components.dm.dddstate.DeterministicDiscriminativeDialogueState'>},
              'input_timeout': 3.0,
              'ontology': '/mnt/h/jurcicek/vystadial-git-dev/alex/applications/AlexOnTheBus/data/ontology.py',
              'type': 'basic'},
      'General': { 'debug': False, 'include': ['/mnt/h/jurcicek/vystadial-git-dev/alex/resources/private/default.cfg']},
      'Hub': { 'history_file': 'hub_history_hub.txt', 'history_length': 1000, 'main_loop_sleep_time': 0.002},
      'Logging': { 'excepthook': ExceptionHook(
            ExceptionHook
              Hook Type: log
              Hook Logger: SystemLogger(output_dir=./call_logs, stdout_log_level='DEBUG', stdout=True, file_log_level='DEBUG')),
                   'session_logger': SessionLogger(),
                   'system_logger': SystemLogger(output_dir=/net/projects/vystadial/data/call-logs/2013-05-30-alex-aotb-prototype/new, stdout_log_level='DEBUG', stdout=True, file_log_level='DEBUG'),
                   'system_name': u'Alex On The Bus - Live',
                   'version': u'1.0'},
      'NLG': { 'Template': { 'model': '/mnt/h/jurcicek/vystadial-git-dev/alex/applications/AlexOnTheBus/nlg_templates.cfg'},
               'debug': True,
               'type': 'Template'},
      'SHub': { 'history_file': 'hub_history_shub.txt', 'history_length': 1000},
      'SLU': { 'cl-tracing': { 'cldb_fname': '/mnt/h/jurcicek/vystadial-git-dev/alex/applications/CamInfoRest/data/database.py',
                               'do_preprocessing': True,
                               'features_type': ('ngram', 'ab_ngram'),
                               'testing': { 'max_examples': None,
                                            'min_perc': 80,
                                            'model_fname': '/mnt/h/jurcicek/vystadial-git-dev/alex/applications/CamInfoRest/models/130516_minf60-minfc35-mind60.slu_model.gz',
                                            'renormalise': True,
                                            'threshold': None,
                                            'vanilla': True},
                               'training': { 'abstractions': ('abstract',), 'models_dir': 'models'}},
               'debug': True,
               'type': <class 'alex.applications.AlexOnTheBus.aotb_slu.AOTBSLU'>,
               <class 'alex.applications.AlexOnTheBus.aotb_slu.AOTBSLU'>: { 'cldb_fname': '/mnt/h/jurcicek/vystadial-git-dev/alex/applications/AlexOnTheBus/data/database.py',
                                                                            'preprocessing_cls': <class 'alex.applications.AlexOnTheBus.aotb_preprocessing.AOTBSLUPreprocessing'>,
                                                                            'training': { 'models_dir': 'models'}}},
      'THub': { 'history_file': 'hub_history_thub.txt', 'history_length': 1000},
      'TTS': { 'Flite': { 'debug': False,
                          'preprocessing': '/mnt/h/jurcicek/vystadial-git-dev/alex/resources/tts/prep_flite_en.cfg',
                          'tempo': 1.0,
                          'voice': 'kal16'},
               'Google': { 'debug': False,
                           'language': 'en',
                           'preprocessing': '/mnt/h/jurcicek/vystadial-git-dev/alex/resources/tts/prep_google_en.cfg',
                           'tempo': 1.0},
               'SpeechTech': { 'debug': True,
                               'login': 'filipjurcicek',
    # this line was removed since it included a password
                               'preprocessing': '/mnt/h/jurcicek/vystadial-git-dev/alex/resources/tts/prep_speechtech_cs.cfg',
                               'tempo': 1.2,
                               'voice': 'Iva210'},
               'VoiceRSS': { 'api_key': '3b6a9fca5d724b1c8ac34691586cdda1'},
               'VoiceRss': { 'language': 'en-gb',
                             'preprocessing': '/mnt/h/jurcicek/vystadial-git-dev/alex/resources/tts/prep_voicerss_en.cfg',
                             'tempo': 1.0},
               'debug': True,
               'in_between_segments_silence': 0.01,
               'type': 'SpeechTech'},
      'VAD': { 'debug': False,
               'decision_frames_sil': 25,
               'decision_frames_speech': 10,
               'decision_non_speech_threshold': 0.2,
               'decision_speech_threshold': 0.7,
               'ffnn': { 'ceplifter': 22,
                         'enormalise': True,
                         'filter_length': 2,
                         'frameshift': 160,
                         'framesize': 512,
                         'frontend': 'MFCC',
                         'hifreq': 3800,
                         'lofreq': 125,
                         'model': '/mnt/h/jurcicek/vystadial-git-dev/alex/resources/vad/voip/vad_sds_mfcc_is39_hu32_lf0_mfr1000000_mfl1000000_mfps50_ts0_usec01.nn',
                         'n_last_frames': 0,
                         'numceps': 12,
                         'numchans': 26,
                         'preemcoef': 0.97,
                         'useacc': True,
                         'usec0': True,
                         'usecmn': False,
                         'usedelta': True,
                         'usehamming': True,
                         'usepower': True,
                         'zmeansource': True},
               'gmm': { 'ceplifter': 22,
                        'enormalise': True,
                        'filter_length': 2,
                        'frameshift': 160,
                        'framesize': 512,
                        'frontend': 'MFCC',
                        'hifreq': 3800,
                        'lofreq': 125,
                        'n_last_frames': 0,
                        'numceps': 12,
                        'numchans': 26,
                        'preemcoef': 0.97,
                        'sil_model': '/mnt/h/jurcicek/vystadial-git-dev/alex/resources/vad/voip/vad_sil_sds_mfcc_m064_f100000.gmm',
                        'speech_model': '/mnt/h/jurcicek/vystadial-git-dev/alex/resources/vad/voip/vad_speech_sds_mfcc_m064_f100000.gmm',
                        'useacc': True,
                        'usec0': False,
                        'usecmn': False,
                        'usedelta': True,
                        'usehamming': True,
                        'usepower': True,
                        'zmeansource': True},
               'power': { 'adaptation_frames': 30, 'threshold': 70, 'threshold_multiplier': 1.0},
               'speech_buffer_frames': 25,
               'type': 'ffnn'},
      'VoipHub': { 'blacklist_for': 7200,
                   'call_db': u'/net/projects/vystadial/data/call-logs/2013-05-30-alex-aotb-prototype/new/call_db.pckl',
                   'hard_time_limit': 360,
                   'hard_turn_limit': 120,
                   'history_length': 1000,
                   'last_period_max_num_calls': 20,
                   'last_period_max_total_time': 1800,
                   'limit_reached_message': u'D\u011bkujeme za zavol\xe1n\xed, ale u\u017e jste volali hodn\u011b. Pros\xedm zavolejte pozd\u011bji. Na shledanou.',
                   'period': 172800,
                   'pid_file': u'/net/projects/vystadial/data/call-logs/2013-05-30-alex-aotb-prototype/new/vhub_live.pid',
                   'wait_time_before_calling_back': 10},
      'VoipIO': { 'allowed_hosts': '',
                  'allowed_phone_numbers': '(^[234567])',
                  'allowed_users': '(^[234567])',
                  'debug': True,
                  'domain': 'vystadial.ms.mff.cuni.cz',
                  'forbidden_hosts': '',
                  'forbidden_phone_number': '(^112$|^150$|^155$|^156$|^158$)',
                  'forbidden_users': '(^112$|^150$|^155$|^156$|^158$)',
    # this line was removed since it included a password
                  'pjsip_log_level': 3,
                  'reject_calls': False,
                  'user': '800899998'},
      'WebHub': { 'port': 8000},
      'corpustools': { 'get_jasr_confnets': { 'frame_size': 256, 'rt_ratio': 0.2}}}

2013-09-14-20-24-22.235475-CEST  VoipIO-1   : DEBUG      
    VoipIO::on_call_confirmed

2013-09-14-20-24-22.273763-CEST  MainProcess : INFO       
    #8282   Time: 2013-09-14-20-24-22.197546-CEST From: VoipIO     To: HUB        Command: call_connecting(remote_uri="776577617") 

2013-09-14-20-24-22.284825-CEST  MainProcess : INFO       
    #8283   Time: 2013-09-14-20-24-22.237551-CEST From: VoipIO     To: HUB        Command: call_confirmed(remote_uri="776577617") 

2013-09-14-20-24-22.310249-CEST  MainProcess : INFO       
    
    ========================================================================================================================
    Incoming call from :          776577617
    ------------------------------------------------------------------------------------------------------------------------
    Total calls:                  6
    Total time (min):             20.0
    Last period total calls:      0
    Last period total time (min): 0.0
    ------------------------------------------------------------------------------------------------------------------------
    CALL ACCEPTED
    ========================================================================================================================
    

2013-09-14-20-24-22.319559-CEST  DM-5       : DEBUG      
    #8287   Time: 2013-09-14-20-24-22.304641-CEST From: HUB        To: DM         Command: new_dialogue() 

2013-09-14-20-24-22.347330-CEST  DM-5       : DEBUG      
    DM Output
    ------------------------------------------------------------
    hello()
    

2013-09-14-20-24-22.365051-CEST  MainProcess : INFO       
    #8292   Time: 2013-09-14-20-24-22.358823-CEST From: DM         To: HUB        DA: hello() 

2013-09-14-20-24-22.374980-CEST  NLG-6      : DEBUG      
    #8293   Time: 2013-09-14-20-24-22.368374-CEST From: HUB        To: NLG        DA: hello() 

2013-09-14-20-24-22.383573-CEST  NLG-6      : DEBUG      
    NLG Output
    ------------------------------------------------------------
    Dobrý den. Tato experimentální služba je poskytována laboratoří výzkumu hlasových dialogových systémů na Ústavu Formální a Aplikované Lingvistiky na Karlově Univerzitě. Hovor je nahráván. Více informací o této službě je na internetu. Jak Vám mohu pomoci. 
    

2013-09-14-20-24-22.402690-CEST  MainProcess : INFO       
    #8294   Time: 2013-09-14-20-24-22.395583-CEST From: NLG        To: HUB        Command: nlg_text_generated() 

2013-09-14-20-24-22.410382-CEST  MainProcess : INFO       
    #8296   Time: 2013-09-14-20-24-22.396464-CEST From: TTS        To: HUB        Command: tts_start(user_id="None",text="Dobrý den. Tato experimentální služba je poskytována laboratoří výzkumu hlasových dialogových systémů na Ústavu Formální a Aplikované Lingvistiky na Karlově Univerzitě. Hovor je nahráván. Více informací o této službě je na internetu. Jak Vám mohu pomoci. ") 

2013-09-14-20-24-22.425619-CEST  MainProcess : INFO       
    #8298   Time: 2013-09-14-20-24-22.398493-CEST From: VoipIO     To: HUB        Command: play_utterance_start(user_id="None",fname="tts-2013-09-14-20-24-22.396366.wav") 

2013-09-14-20-24-22.788599-CEST  MainProcess : INFO       
    #9319   Time: 2013-09-14-20-24-22.736787-CEST From: TTS        To: HUB        Command: tts_end(user_id="None",text="Dobrý den. Tato experimentální služba je poskytována laboratoří výzkumu hlasových dialogových systémů na Ústavu Formální a Aplikované Lingvistiky na Karlově Univerzitě. Hovor je nahráván. Více informací o této službě je na internetu. Jak Vám mohu pomoci. ",fname="tts-2013-09-14-20-24-22.396366.wav",log="true") 

2013-09-14-20-24-23.088930-CEST  MainProcess : INFO       
    #9341   Time: 2013-09-14-20-24-23.081670-CEST From: VAD        To: HUB        Command: speech_start(fname="vad-2013-09-14-20-24-23.057897.wav") 

2013-09-14-20-24-23.095994-CEST  ASR-3      : DEBUG      
    ASR: speech_start(fname="vad-2013-09-14-20-24-23.057897.wav")

2013-09-14-20-24-23.104633-CEST  MainProcess : INFO       
    #9342   Time: 2013-09-14-20-24-23.083777-CEST From: ASR        To: HUB        Command: asr_start(fname="vad-2013-09-14-20-24-23.057897.wav") 

2013-09-14-20-24-29.550851-CEST  MainProcess : INFO       
    #9748   Time: 2013-09-14-20-24-29.527095-CEST From: VAD        To: HUB        Command: speech_end(fname="vad-2013-09-14-20-24-23.057897.wav") 

2013-09-14-20-24-29.558291-CEST  ASR-3      : DEBUG      
    ASR: speech_end(fname="vad-2013-09-14-20-24-23.057897.wav")

2013-09-14-20-24-30.763866-CEST  MainProcess : INFO       
    #9826   Time: 2013-09-14-20-24-30.757470-CEST From: VAD        To: HUB        Command: speech_start(fname="vad-2013-09-14-20-24-30.736826.wav") 

2013-09-14-20-24-30.954244-CEST  ASR-3      : DEBUG      
    ASR Hypothesis
    ------------------------------------------------------------
    1.000 __silence__
    0.000 __other__
    

2013-09-14-20-24-30.975048-CEST  SLU-4      : DEBUG      
    SLU Hypothesis
    ------------------------------------------------------------
    1.000 silence()
    

2013-09-14-20-24-30.984139-CEST  MainProcess : INFO       
    #9839   Time: 2013-09-14-20-24-30.967534-CEST From: ASR        To: HUB        Command: asr_end(fname="vad-2013-09-14-20-24-23.057897.wav") 

2013-09-14-20-24-30.992478-CEST  ASR-3      : DEBUG      
    ASR: speech_start(fname="vad-2013-09-14-20-24-30.736826.wav")

2013-09-14-20-24-31.000088-CEST  MainProcess : INFO       
    #9841   Time: 2013-09-14-20-24-30.970216-CEST From: ASR        To: HUB        Command: asr_start(fname="vad-2013-09-14-20-24-30.736826.wav") 

2013-09-14-20-24-31.007281-CEST  DM-5       : DEBUG      
    DDDState Dialogue Act in: silence()

2013-09-14-20-24-31.013578-CEST  MainProcess : INFO       
    #9845   Time: 2013-09-14-20-24-30.988584-CEST From: SLU        To: HUB        Command: slu_parsed(fname="vad-2013-09-14-20-24-23.057897.wav") 

2013-09-14-20-24-31.021266-CEST  DM-5       : DEBUG      
    Context Resolution - Dialogue Act: silence()

2013-09-14-20-24-31.028026-CEST  DM-5       : DEBUG      
    DDDState - Dialogue state content:
    
    ludait = silence
    silence_time = 0.0
    
    
    
    

2013-09-14-20-24-31.036310-CEST  DM-5       : DEBUG      
    DDDState - Dialogue state update
    
    Requested slots:
    {}
    Confirmed slots:
    {}
    Non-informed slots:
    {u'silence_time': 0.0}

2013-09-14-20-24-31.067659-CEST  DM-5       : DEBUG      
    DM Output
    ------------------------------------------------------------
    silence()
    

2013-09-14-20-24-31.087022-CEST  MainProcess : INFO       
    #9852   Time: 2013-09-14-20-24-31.080924-CEST From: DM         To: HUB        DA: silence() 

2013-09-14-20-24-31.585856-CEST  ASR-3      : DEBUG      
    ASR: speech_end(fname="vad-2013-09-14-20-24-30.736826.wav")

2013-09-14-20-24-31.593093-CEST  MainProcess : INFO       
    #9886   Time: 2013-09-14-20-24-31.577149-CEST From: VAD        To: HUB        Command: speech_end(fname="vad-2013-09-14-20-24-30.736826.wav") 

2013-09-14-20-24-31.862297-CEST  ASR-3      : DEBUG      
    ASR Hypothesis
    ------------------------------------------------------------
    1.000 __silence__
    0.000 __other__
    

2013-09-14-20-24-31.882898-CEST  MainProcess : INFO       
    #9903   Time: 2013-09-14-20-24-31.876355-CEST From: ASR        To: HUB        Command: asr_end(fname="vad-2013-09-14-20-24-30.736826.wav") 

2013-09-14-20-24-31.891279-CEST  SLU-4      : DEBUG      
    SLU Hypothesis
    ------------------------------------------------------------
    1.000 silence()
    

2013-09-14-20-24-31.912524-CEST  MainProcess : INFO       
    #9909   Time: 2013-09-14-20-24-31.905416-CEST From: SLU        To: HUB        Command: slu_parsed(fname="vad-2013-09-14-20-24-30.736826.wav") 

2013-09-14-20-24-31.920216-CEST  DM-5       : DEBUG      
    DDDState Dialogue Act in: silence()

2013-09-14-20-24-31.928735-CEST  DM-5       : DEBUG      
    Context Resolution - Dialogue Act: silence()

2013-09-14-20-24-31.936301-CEST  DM-5       : DEBUG      
    DDDState - Dialogue state content:
    
    ludait = silence
    silence_time = 0.0
    
    
    
    

2013-09-14-20-24-31.944335-CEST  DM-5       : DEBUG      
    DDDState - Dialogue state update
    
    Requested slots:
    {}
    Confirmed slots:
    {}
    Non-informed slots:
    {u'silence_time': 0.0}

2013-09-14-20-24-31.993362-CEST  DM-5       : DEBUG      
    DM Output
    ------------------------------------------------------------
    silence()
    

2013-09-14-20-24-32.008079-CEST  MainProcess : INFO       
    #9916   Time: 2013-09-14-20-24-32.001266-CEST From: VAD        To: HUB        Command: speech_start(fname="vad-2013-09-14-20-24-31.948844.wav") 

2013-09-14-20-24-32.016292-CEST  ASR-3      : DEBUG      
    ASR: speech_start(fname="vad-2013-09-14-20-24-31.948844.wav")

2013-09-14-20-24-32.023700-CEST  MainProcess : INFO       
    #9917   Time: 2013-09-14-20-24-32.002599-CEST From: ASR        To: HUB        Command: asr_start(fname="vad-2013-09-14-20-24-31.948844.wav") 

2013-09-14-20-24-32.031648-CEST  MainProcess : INFO       
    #9922   Time: 2013-09-14-20-24-32.017445-CEST From: DM         To: HUB        DA: silence() 

2013-09-14-20-24-34.791463-CEST  MainProcess : INFO       
    #10096  Time: 2013-09-14-20-24-34.777001-CEST From: VAD        To: HUB        Command: speech_end(fname="vad-2013-09-14-20-24-31.948844.wav") 

2013-09-14-20-24-34.799001-CEST  ASR-3      : DEBUG      
    ASR: speech_end(fname="vad-2013-09-14-20-24-31.948844.wav")

2013-09-14-20-24-35.295571-CEST  ASR-3      : DEBUG      
    ASR Hypothesis
    ------------------------------------------------------------
    1.000 __silence__
    0.000 __other__
    

2013-09-14-20-24-35.323208-CEST  MainProcess : INFO       
    #10129  Time: 2013-09-14-20-24-35.315487-CEST From: ASR        To: HUB        Command: asr_end(fname="vad-2013-09-14-20-24-31.948844.wav") 

2013-09-14-20-24-35.331997-CEST  SLU-4      : DEBUG      
    SLU Hypothesis
    ------------------------------------------------------------
    1.000 silence()
    

2013-09-14-20-24-35.359989-CEST  MainProcess : INFO       
    #10135  Time: 2013-09-14-20-24-35.352575-CEST From: SLU        To: HUB        Command: slu_parsed(fname="vad-2013-09-14-20-24-31.948844.wav") 

2013-09-14-20-24-35.369176-CEST  DM-5       : DEBUG      
    DDDState Dialogue Act in: silence()

2013-09-14-20-24-35.377733-CEST  DM-5       : DEBUG      
    Context Resolution - Dialogue Act: silence()

2013-09-14-20-24-35.385804-CEST  DM-5       : DEBUG      
    DDDState - Dialogue state content:
    
    ludait = silence
    silence_time = 0.0
    
    
    
    

2013-09-14-20-24-35.394880-CEST  DM-5       : DEBUG      
    DDDState - Dialogue state update
    
    Requested slots:
    {}
    Confirmed slots:
    {}
    Non-informed slots:
    {u'silence_time': 0.0}

2013-09-14-20-24-35.498967-CEST  DM-5       : DEBUG      
    DM Output
    ------------------------------------------------------------
    silence()
    

2013-09-14-20-24-35.523661-CEST  MainProcess : INFO       
    #10145  Time: 2013-09-14-20-24-35.515378-CEST From: DM         To: HUB        DA: silence() 

2013-09-14-20-24-38.301911-CEST  MainProcess : INFO       
    #10294  Time: 2013-09-14-20-24-37.852889-CEST From: VoipIO     To: HUB        Command: play_utterance_end(user_id="None",fname="tts-2013-09-14-20-24-22.396366.wav) 

2013-09-14-20-24-39.666896-CEST  MainProcess : INFO       
    #10408  Time: 2013-09-14-20-24-39.660586-CEST From: VAD        To: HUB        Command: speech_start(fname="vad-2013-09-14-20-24-39.631950.wav") 

2013-09-14-20-24-39.673750-CEST  ASR-3      : DEBUG      
    ASR: speech_start(fname="vad-2013-09-14-20-24-39.631950.wav")

2013-09-14-20-24-39.681852-CEST  MainProcess : INFO       
    #10409  Time: 2013-09-14-20-24-39.662226-CEST From: ASR        To: HUB        Command: asr_start(fname="vad-2013-09-14-20-24-39.631950.wav") 

2013-09-14-20-24-42.603252-CEST  ASR-3      : DEBUG      
    ASR: speech_end(fname="vad-2013-09-14-20-24-39.631950.wav")

2013-09-14-20-24-42.611226-CEST  MainProcess : INFO       
    #10595  Time: 2013-09-14-20-24-42.588365-CEST From: VAD        To: HUB        Command: speech_end(fname="vad-2013-09-14-20-24-39.631950.wav") 

2013-09-14-20-24-43.480182-CEST  ASR-3      : DEBUG      
    ASR Hypothesis
    ------------------------------------------------------------
    0.670 dobrý den chtěl bych si ho beru na dejvickou
    0.047 dobrý den chtěl bych hovoru na dejvickou
    0.043 dobrý den chtěl bych si ho vezmu na dejvickou
    0.040 dobrý den chtěl bych hovorů na dejvickou
    0.036 dobrý den chtěl bych si ho vezou na dejvickou
    0.033 dobrý den chtěl bych ho vezou na dejvickou
    0.029 dobrý den chtěl bich hovoru na dejvickou
    0.025 dobrý den chtěl bych tě hovoru na dejvickou
    0.022 dobrý den chtěl bych si ho veruna dejvickou
    0.018 dobrý den chtěl bych si hovoru na dejvickou
    0.014 dobrý den chtěl bych ti hovoru na dejvickou
    0.011 dobrý den chtěl bich hovorů na dejvickou
    0.007 dobrý den chtěl bych tě hovorů na dejvickou
    0.004 dobrý den chtěl bych si hovorů na dejvickou
    0.000 __other__
    

2013-09-14-20-24-43.505055-CEST  MainProcess : INFO       
    #10652  Time: 2013-09-14-20-24-43.498532-CEST From: ASR        To: HUB        Command: asr_end(fname="vad-2013-09-14-20-24-39.631950.wav") 

2013-09-14-20-24-44.325845-CEST  SLU-4      : DEBUG      
    SLU Hypothesis
    ------------------------------------------------------------
    1.000 hello()
    0.978 inform(to_stop="Dejvická")
    0.022 inform(="Dejvická")
    

2013-09-14-20-24-44.354349-CEST  DM-5       : DEBUG      
    DDDState Dialogue Act in: hello()&inform(to_stop="Dejvická")

2013-09-14-20-24-44.362728-CEST  MainProcess : INFO       
    #10706  Time: 2013-09-14-20-24-44.347030-CEST From: SLU        To: HUB        Command: slu_parsed(fname="vad-2013-09-14-20-24-39.631950.wav") 

2013-09-14-20-24-44.371014-CEST  DM-5       : DEBUG      
    Context Resolution - Dialogue Act: hello()&inform(to_stop="Dejvická")

2013-09-14-20-24-44.377768-CEST  DM-5       : DEBUG      
    DDDState - Dialogue state content:
    
    ludait = hello
    silence_time = 0.0
    to_stop = Dejvická
    
    
    
    

2013-09-14-20-24-44.385986-CEST  DM-5       : DEBUG      
    DDDState - Dialogue state update
    
    Requested slots:
    {}
    Confirmed slots:
    {}
    Non-informed slots:
    {u'to_stop': u'Dejvick\xe1', u'silence_time': 0.0}

2013-09-14-20-24-44.427323-CEST  DM-5       : DEBUG      
    DM Output
    ------------------------------------------------------------
    iconfirm(to_stop="Dejvická")&request(from_stop)
    

2013-09-14-20-24-44.453654-CEST  MainProcess : INFO       
    #10716  Time: 2013-09-14-20-24-44.445997-CEST From: DM         To: HUB        DA: iconfirm(to_stop="Dejvická")&request(from_stop) 

2013-09-14-20-24-44.463666-CEST  NLG-6      : DEBUG      
    #10717  Time: 2013-09-14-20-24-44.456601-CEST From: HUB        To: NLG        DA: iconfirm(to_stop="Dejvická")&request(from_stop) 

2013-09-14-20-24-44.473197-CEST  NLG-6      : DEBUG      
    NLG Output
    ------------------------------------------------------------
    Chcete jet do zastávky Dejvická. Jaká je Vaše výchozí zastávka?
    

2013-09-14-20-24-44.500317-CEST  MainProcess : INFO       
    #10720  Time: 2013-09-14-20-24-44.493051-CEST From: NLG        To: HUB        Command: nlg_text_generated() 

2013-09-14-20-24-44.508990-CEST  MainProcess : INFO       
    #10723  Time: 2013-09-14-20-24-44.495252-CEST From: TTS        To: HUB        Command: tts_start(user_id="None",text="Chcete jet do zastávky Dejvická. Jaká je Vaše výchozí zastávka?") 

2013-09-14-20-24-44.525213-CEST  MainProcess : INFO       
    #10726  Time: 2013-09-14-20-24-44.498170-CEST From: VoipIO     To: HUB        Command: play_utterance_start(user_id="None",fname="tts-2013-09-14-20-24-44.495161.wav") 

2013-09-14-20-24-45.116992-CEST  MainProcess : INFO       
    #11031  Time: 2013-09-14-20-24-45.099318-CEST From: TTS        To: HUB        Command: tts_end(user_id="None",text="Chcete jet do zastávky Dejvická. Jaká je Vaše výchozí zastávka?",fname="tts-2013-09-14-20-24-44.495161.wav",log="true") 

2013-09-14-20-24-48.121126-CEST  MainProcess : INFO       
    #11221  Time: 2013-09-14-20-24-48.114496-CEST From: VAD        To: HUB        Command: speech_start(fname="vad-2013-09-14-20-24-48.076008.wav") 

2013-09-14-20-24-48.129311-CEST  ASR-3      : DEBUG      
    ASR: speech_start(fname="vad-2013-09-14-20-24-48.076008.wav")

2013-09-14-20-24-48.136988-CEST  MainProcess : INFO       
    #11222  Time: 2013-09-14-20-24-48.115954-CEST From: ASR        To: HUB        Command: asr_start(fname="vad-2013-09-14-20-24-48.076008.wav") 

2013-09-14-20-24-49.311373-CEST  MainProcess : INFO       
    #11263  Time: 2013-09-14-20-24-48.752844-CEST From: VoipIO     To: HUB        Command: play_utterance_end(user_id="None",fname="tts-2013-09-14-20-24-44.495161.wav) 

2013-09-14-20-24-51.638920-CEST  ASR-3      : DEBUG      
    ASR: speech_end(fname="vad-2013-09-14-20-24-48.076008.wav")

2013-09-14-20-24-51.647189-CEST  MainProcess : INFO       
    #11445  Time: 2013-09-14-20-24-51.623480-CEST From: VAD        To: HUB        Command: speech_end(fname="vad-2013-09-14-20-24-48.076008.wav") 

2013-09-14-20-24-52.696166-CEST  ASR-3      : DEBUG      
    ASR Hypothesis
    ------------------------------------------------------------
    0.798 ano lihovar
    0.037 anno lihovar
    0.033 ano ne lihovar
    0.029 ano lihovarská
    0.026 ano šéfe lihovar
    0.022 ahoj lihovar
    0.018 ano pivovar
    0.015 ano lihovar i
    0.011 ano lihovarska
    0.007 anno lihovarská
    0.004 ano ne lihovarská
    

2013-09-14-20-24-52.727049-CEST  MainProcess : INFO       
    #11514  Time: 2013-09-14-20-24-52.718460-CEST From: ASR        To: HUB        Command: asr_end(fname="vad-2013-09-14-20-24-48.076008.wav") 

2013-09-14-20-24-53.373526-CEST  SLU-4      : DEBUG      
    SLU Hypothesis
    ------------------------------------------------------------
    0.934 affirm()
    0.930 inform(="Lihovar")
    0.037 negate()
    0.022 hello()
    0.007 other()
    

2013-09-14-20-24-53.405249-CEST  MainProcess : INFO       
    #11560  Time: 2013-09-14-20-24-53.398332-CEST From: SLU        To: HUB        Command: slu_parsed(fname="vad-2013-09-14-20-24-48.076008.wav") 

2013-09-14-20-24-53.413173-CEST  DM-5       : DEBUG      
    DDDState Dialogue Act in: affirm()&inform(="Lihovar")

2013-09-14-20-24-53.421432-CEST  DM-5       : DEBUG      
    Context Resolution - Dialogue Act: inform(from_stop="Lihovar")&affirm()&inform(="Lihovar")

2013-09-14-20-24-53.429770-CEST  DM-5       : DEBUG      
    DDDState - Dialogue state content:
    
    ludait = none
    alternative = none
    from_centre = none
    from_stop = Lihovar
    silence_time = 0.0
    to_stop = Dejvická
    
    rh_to_stop = system-informed
    
    ch_to_stop = system-informed
    
    sh_to_stop = system-informed
    

2013-09-14-20-24-53.438162-CEST  DM-5       : DEBUG      
    DDDState - Dialogue state update
    
    Requested slots:
    {}
    Confirmed slots:
    {}
    Non-informed slots:
    {u'silence_time': 0.0, u'from_stop': u'Lihovar'}

2013-09-14-20-24-53.812593-CEST  DM-5       : DEBUG      
    DM Output
    ------------------------------------------------------------
    iconfirm(from_stop="Lihovar")&inform(found_directions="true")&inform(alternative="1")&inform(vehicle="TRAM")&inform(line="12")&inform(go_at="08:33")&inform(enter_at="Lihovar")&inform(headsign="Palmovka")&inform(exit_at="Malostranská")&inform(transfer="true")&inform(vehicle="SUBWAY")&inform(line="A")&inform(go_at="08:58")&inform(enter_at="Malostranská")&inform(headsign="Dejvická")&inform(exit_at="Dejvická")
    

2013-09-14-20-24-53.845532-CEST  MainProcess : INFO       
    #11589  Time: 2013-09-14-20-24-53.837441-CEST From: DM         To: HUB        DA: iconfirm(from_stop="Lihovar")&inform(found_directions="true")&inform(alternative="1")&inform(vehicle="TRAM")&inform(line="12")&inform(go_at="08:33")&inform(enter_at="Lihovar")&inform(headsign="Palmovka")&inform(exit_at="Malostranská")&inform(transfer="true")&inform(vehicle="SUBWAY")&inform(line="A")&inform(go_at="08:58")&inform(enter_at="Malostranská")&inform(headsign="Dejvická")&inform(exit_at="Dejvická") 

2013-09-14-20-24-53.854114-CEST  NLG-6      : DEBUG      
    #11591  Time: 2013-09-14-20-24-53.848179-CEST From: HUB        To: NLG        DA: iconfirm(from_stop="Lihovar")&inform(found_directions="true")&inform(alternative="1")&inform(vehicle="TRAM")&inform(line="12")&inform(go_at="08:33")&inform(enter_at="Lihovar")&inform(headsign="Palmovka")&inform(exit_at="Malostranská")&inform(transfer="true")&inform(vehicle="SUBWAY")&inform(line="A")&inform(go_at="08:58")&inform(enter_at="Malostranská")&inform(headsign="Dejvická")&inform(exit_at="Dejvická") 

2013-09-14-20-24-54.111011-CEST  NLG-6      : DEBUG      
    NLG Output
    ------------------------------------------------------------
    Dobře, ze zastávky Lihovar. Našla jsem následující spojení. Možnost první. Jeďte tramvají číslo 12 v 08:33 ze zastávky Lihovar směrem Palmovka. Vystupte na zastávce Malostranská. A pak přestupte. Jeďte metrem A v 08:58 ze zastávky Malostranská směrem Dejvická. Vystupte na zastávce Dejvická.
    

2013-09-14-20-24-54.141804-CEST  MainProcess : INFO       
    #11608  Time: 2013-09-14-20-24-54.136009-CEST From: NLG        To: HUB        Command: nlg_text_generated() 

2013-09-14-20-24-54.154192-CEST  MainProcess : INFO       
    #11610  Time: 2013-09-14-20-24-54.144336-CEST From: TTS        To: HUB        Command: tts_start(user_id="None",text="Dobře, ze zastávky Lihovar. Našla jsem následující spojení. Možnost první. Jeďte tramvají číslo 12 v 08:33 ze zastávky Lihovar směrem Palmovka. Vystupte na zastávce Malostranská. A pak přestupte. Jeďte metrem A v 08:58 ze zastávky Malostranská směrem Dejvická. Vystupte na zastávce Dejvická.") 

2013-09-14-20-24-54.182536-CEST  MainProcess : INFO       
    #11612  Time: 2013-09-14-20-24-54.147829-CEST From: VoipIO     To: HUB        Command: play_utterance_start(user_id="None",fname="tts-2013-09-14-20-24-54.137795.wav") 

2013-09-14-20-24-57.830810-CEST  MainProcess : INFO       
    #13240  Time: 2013-09-14-20-24-57.763083-CEST From: TTS        To: HUB        Command: tts_end(user_id="None",text="Dobře, ze zastávky Lihovar. Našla jsem následující spojení. Možnost první. Jeďte tramvají číslo 12 v 08:33 ze zastávky Lihovar směrem Palmovka. Vystupte na zastávce Malostranská. A pak přestupte. Jeďte metrem A v 08:58 ze zastávky Malostranská směrem Dejvická. Vystupte na zastávce Dejvická.",fname="tts-2013-09-14-20-24-54.137795.wav",log="true") 

2013-09-14-20-25-09.438609-CEST  ASR-3      : DEBUG      
    ASR: speech_start(fname="vad-2013-09-14-20-25-09.386134.wav")

2013-09-14-20-25-09.445978-CEST  MainProcess : INFO       
    #13970  Time: 2013-09-14-20-25-09.431752-CEST From: VAD        To: HUB        Command: speech_start(fname="vad-2013-09-14-20-25-09.386134.wav") 

2013-09-14-20-25-09.455492-CEST  MainProcess : INFO       
    #13971  Time: 2013-09-14-20-25-09.433343-CEST From: ASR        To: HUB        Command: asr_start(fname="vad-2013-09-14-20-25-09.386134.wav") 

2013-09-14-20-25-11.476805-CEST  ASR-3      : DEBUG      
    ASR: speech_end(fname="vad-2013-09-14-20-25-09.386134.wav")

2013-09-14-20-25-11.483572-CEST  MainProcess : INFO       
    #14101  Time: 2013-09-14-20-25-11.464842-CEST From: VAD        To: HUB        Command: speech_end(fname="vad-2013-09-14-20-25-09.386134.wav") 

2013-09-14-20-25-11.879693-CEST  ASR-3      : DEBUG      
    ASR Hypothesis
    ------------------------------------------------------------
    1.000 __silence__
    0.000 __other__
    

2013-09-14-20-25-11.912460-CEST  MainProcess : INFO       
    #14130  Time: 2013-09-14-20-25-11.905450-CEST From: ASR        To: HUB        Command: asr_end(fname="vad-2013-09-14-20-25-09.386134.wav") 

2013-09-14-20-25-11.921090-CEST  SLU-4      : DEBUG      
    SLU Hypothesis
    ------------------------------------------------------------
    1.000 silence()
    

2013-09-14-20-25-11.954319-CEST  MainProcess : INFO       
    #14134  Time: 2013-09-14-20-25-11.947730-CEST From: SLU        To: HUB        Command: slu_parsed(fname="vad-2013-09-14-20-25-09.386134.wav") 

2013-09-14-20-25-11.962581-CEST  DM-5       : DEBUG      
    DDDState Dialogue Act in: silence()

2013-09-14-20-25-11.970712-CEST  DM-5       : DEBUG      
    Context Resolution - Dialogue Act: silence()

2013-09-14-20-25-11.979777-CEST  DM-5       : DEBUG      
    DDDState - Dialogue state content:
    
    ludait = silence
    alternative = none
    from_centre = none
    from_stop = Lihovar
    route_alternative = 0
    silence_time = 0.0
    time = none
    to_stop = Dejvická
    
    rh_alternative = system-informed
    rh_enter_at = system-informed
    rh_exit_at = system-informed
    rh_found_directions = system-informed
    rh_from_stop = system-informed
    rh_go_at = system-informed
    rh_headsign = system-informed
    rh_line = system-informed
    rh_to_stop = system-informed
    rh_transfer = system-informed
    rh_vehicle = system-informed
    
    ch_alternative = system-informed
    ch_enter_at = system-informed
    ch_exit_at = system-informed
    ch_found_directions = system-informed
    ch_from_stop = system-informed
    ch_go_at = system-informed
    ch_headsign = system-informed
    ch_line = system-informed
    ch_to_stop = system-informed
    ch_transfer = system-informed
    ch_vehicle = system-informed
    
    sh_alternative = system-informed
    sh_enter_at = system-informed
    sh_exit_at = system-informed
    sh_found_directions = system-informed
    sh_from_stop = system-informed
    sh_go_at = system-informed
    sh_headsign = system-informed
    sh_line = system-informed
    sh_to_stop = system-informed
    sh_transfer = system-informed
    sh_vehicle = system-informed
    

2013-09-14-20-25-11.988273-CEST  DM-5       : DEBUG      
    DDDState - Dialogue state update
    
    Requested slots:
    {}
    Confirmed slots:
    {}
    Non-informed slots:
    {u'route_alternative': 0, u'silence_time': 0.0}

2013-09-14-20-25-12.050571-CEST  DM-5       : DEBUG      
    DM Output
    ------------------------------------------------------------
    silence()
    

2013-09-14-20-25-12.086144-CEST  MainProcess : INFO       
    #14145  Time: 2013-09-14-20-25-12.079475-CEST From: DM         To: HUB        DA: silence() 

2013-09-14-20-25-14.641386-CEST  MainProcess : INFO       
    #14306  Time: 2013-09-14-20-25-14.635363-CEST From: VAD        To: HUB        Command: speech_start(fname="vad-2013-09-14-20-25-14.579561.wav") 

2013-09-14-20-25-14.648748-CEST  ASR-3      : DEBUG      
    ASR: speech_start(fname="vad-2013-09-14-20-25-14.579561.wav")

2013-09-14-20-25-14.655989-CEST  MainProcess : INFO       
    #14307  Time: 2013-09-14-20-25-14.636113-CEST From: ASR        To: HUB        Command: asr_start(fname="vad-2013-09-14-20-25-14.579561.wav") 

2013-09-14-20-25-16.674305-CEST  ASR-3      : DEBUG      
    ASR: speech_end(fname="vad-2013-09-14-20-25-14.579561.wav")

2013-09-14-20-25-16.683523-CEST  MainProcess : INFO       
    #14435  Time: 2013-09-14-20-25-16.662306-CEST From: VAD        To: HUB        Command: speech_end(fname="vad-2013-09-14-20-25-14.579561.wav") 

2013-09-14-20-25-17.362522-CEST  ASR-3      : DEBUG      
    ASR Hypothesis
    ------------------------------------------------------------
    1.000 __silence__
    0.000 __other__
    

2013-09-14-20-25-17.403808-CEST  MainProcess : INFO       
    #14485  Time: 2013-09-14-20-25-17.397194-CEST From: ASR        To: HUB        Command: asr_end(fname="vad-2013-09-14-20-25-14.579561.wav") 

2013-09-14-20-25-17.412530-CEST  SLU-4      : DEBUG      
    SLU Hypothesis
    ------------------------------------------------------------
    1.000 silence()
    

2013-09-14-20-25-17.422104-CEST  MainProcess : INFO       
    #14460  Time: 2013-09-14-20-25-17.063244-CEST From: VoipIO     To: HUB        Command: play_utterance_end(user_id="None",fname="tts-2013-09-14-20-24-54.137795.wav) 

2013-09-14-20-25-17.454833-CEST  MainProcess : INFO       
    #14487  Time: 2013-09-14-20-25-17.447884-CEST From: SLU        To: HUB        Command: slu_parsed(fname="vad-2013-09-14-20-25-14.579561.wav") 

2013-09-14-20-25-17.462711-CEST  DM-5       : DEBUG      
    DDDState Dialogue Act in: silence()

2013-09-14-20-25-17.470790-CEST  DM-5       : DEBUG      
    Context Resolution - Dialogue Act: silence()

2013-09-14-20-25-17.479384-CEST  DM-5       : DEBUG      
    DDDState - Dialogue state content:
    
    ludait = silence
    alternative = none
    from_centre = none
    from_stop = Lihovar
    route_alternative = 0
    silence_time = 0.0
    time = none
    to_stop = Dejvická
    
    rh_alternative = system-informed
    rh_enter_at = system-informed
    rh_exit_at = system-informed
    rh_found_directions = system-informed
    rh_from_stop = system-informed
    rh_go_at = system-informed
    rh_headsign = system-informed
    rh_line = system-informed
    rh_to_stop = system-informed
    rh_transfer = system-informed
    rh_vehicle = system-informed
    
    ch_alternative = system-informed
    ch_enter_at = system-informed
    ch_exit_at = system-informed
    ch_found_directions = system-informed
    ch_from_stop = system-informed
    ch_go_at = system-informed
    ch_headsign = system-informed
    ch_line = system-informed
    ch_to_stop = system-informed
    ch_transfer = system-informed
    ch_vehicle = system-informed
    
    sh_alternative = system-informed
    sh_enter_at = system-informed
    sh_exit_at = system-informed
    sh_found_directions = system-informed
    sh_from_stop = system-informed
    sh_go_at = system-informed
    sh_headsign = system-informed
    sh_line = system-informed
    sh_to_stop = system-informed
    sh_transfer = system-informed
    sh_vehicle = system-informed
    

2013-09-14-20-25-17.487131-CEST  DM-5       : DEBUG      
    DDDState - Dialogue state update
    
    Requested slots:
    {}
    Confirmed slots:
    {}
    Non-informed slots:
    {u'route_alternative': 0, u'silence_time': 0.0}

2013-09-14-20-25-17.557289-CEST  DM-5       : DEBUG      
    DM Output
    ------------------------------------------------------------
    silence()
    

2013-09-14-20-25-17.601915-CEST  MainProcess : INFO       
    #14501  Time: 2013-09-14-20-25-17.594499-CEST From: DM         To: HUB        DA: silence() 

2013-09-14-20-25-19.573334-CEST  ASR-3      : DEBUG      
    ASR: speech_start(fname="vad-2013-09-14-20-25-19.499192.wav")

2013-09-14-20-25-19.580709-CEST  MainProcess : INFO       
    #14627  Time: 2013-09-14-20-25-19.567728-CEST From: VAD        To: HUB        Command: speech_start(fname="vad-2013-09-14-20-25-19.499192.wav") 

2013-09-14-20-25-19.588810-CEST  MainProcess : INFO       
    #14628  Time: 2013-09-14-20-25-19.568030-CEST From: ASR        To: HUB        Command: asr_start(fname="vad-2013-09-14-20-25-19.499192.wav") 

2013-09-14-20-25-23.430382-CEST  VoipIO-1   : DEBUG      
    CallCallback::on_state : Call with "776577617" <sip:776577617@195.113.20.160> is DISCONNCTD last code = 200 (Normal call clearing)

2013-09-14-20-25-23.845185-CEST  VoipIO-1   : DEBUG      
    VoipIO::on_call_disconnected

2013-09-14-20-25-23.853858-CEST  MainProcess : INFO       
    #14869  Time: 2013-09-14-20-25-23.847413-CEST From: VoipIO     To: HUB        Command: call_disconnected(remote_uri="776577617") 

