2013-06-18-10-26-14.976601-CEST  VoipIO-1   : DEBUG      
    CallCallback::on_state : Call with "777805048" <sip:777805048@195.113.20.160> is CONNECTING last code = 200 (OK)

2013-06-18-10-26-14.983099-CEST  VoipIO-1   : DEBUG      
    VoipIO::on_call_connecting

2013-06-18-10-26-14.990244-CEST  VoipIO-1   : DEBUG      
    CallCallback::on_state : Call with "777805048" <sip:777805048@195.113.20.160> is CONFIRMED last code = 200 (OK)

2013-06-18-10-26-14.994081-CEST  MainProcess : SYSTEM-LOG 
    config = { 'ASR': { 'Google': { 'debug': False, 'language': 'cs', 'maxresults': 20},
               'Julius': { 'adinnetport': 5530,
                           'binary': '/usr/local/bin/julius',
                           'debug': False,
                           'hostname': 'localhost',
                           'jconf': { '-adport': '5530',
                                      '-b': '1000',
                                      '-b2': '100',
                                      '-cmnload': 'cmn.param',
                                      '-cmnmapweight': '200',
                                      '-cmnsave': 'cmn.param',
                                      '-confnet': '',
                                      '-fallback1pass': '',
                                      '-gprune': 'safe',
                                      '-h': '/mnt/h/jurcicek/vystadial-git/alex/resources/asr/voip_en/hmmdefs',
                                      '-hlist': '/mnt/h/jurcicek/vystadial-git/alex/resources/asr/voip_en/tiedlist',
                                      '-htkconf': '/mnt/h/jurcicek/vystadial-git/alex/resources/asr/voip_en/config',
                                      '-input': 'adinnet',
                                      '-iwsp': '',
                                      '-iwsppenalty': '0.0',
                                      '-lmp': '15.0 0.0',
                                      '-lmp2': '15.0 0.0',
                                      '-mapunk': 'UM',
                                      '-module': '10500',
                                      '-n': '50',
                                      '-nlr': '/mnt/h/jurcicek/vystadial-git/alex/resources/lm/caminfo/julius_arpa_bigram',
                                      '-no_ccd': '',
                                      '-nrl': '/mnt/h/jurcicek/vystadial-git/alex/resources/lm/caminfo/julius_arpa_rev_bigram',
                                      '-silhead': '<s>',
                                      '-siltail': '</s>',
                                      '-spmodel': 'sp',
                                      '-tmix': '4',
                                      '-v': '/mnt/h/jurcicek/vystadial-git/alex/resources/lm/caminfo/julius_dict'},
                           'jconffile': 'julius.jconf',
                           'killall': False,
                           'logfile': 'julius.log',
                           'msg_timeout': 0.3,
                           'pidfile': 'julius.pid',
                           'reuse_server': False,
                           'serverport': 10500,
                           'start_max_wait_time': 15,
                           'start_wait_time': 0.5,
                           'timeout': 2.0},
               'debug': True,
               'type': 'Google'},
      'AlexOnTheBus': { 'max_turns': 30},
      'Audio': { 'sample_rate': 16000, 'samples_per_frame': 256},
      'AudioIO': { 'debug': True, 'output_dir': './aio_call_log', 'play_buffer_size': 1024},
      'DM': { 'PUfalRuleDM': { 'code_submit_url': None,
                               'db_cfg': '/mnt/h/jurcicek/vystadial-git/alex/resources/../applications/CamInfoRest/cued_data/CIRdbase_V7_noloc.txt',
                               'ontology': '/mnt/h/jurcicek/vystadial-git/alex/resources/../applications/CamInfoRest/ontology.cfg',
                               'provide_code': False},
              'UfalRuleDM': { 'code_submit_url': None,
                              'db_cfg': '/mnt/h/jurcicek/vystadial-git/alex/resources/../applications/CamInfoRest/cued_data/CIRdbase_V7_noloc.txt',
                              'ontology': '/mnt/h/jurcicek/vystadial-git/alex/resources/../applications/CamInfoRest/ontology.cfg',
                              'provide_code': False},
              'basic': { 'debug': True},
              'debug': True,
              'dialogue_policy': { 'type': <class 'alex.applications.AlexOnTheBus.aotb_hdc_policy.AOTBHDCPolicy'>},
              'dialogue_state': { 'type': <class 'alex.components.dm.dddstate.DeterministicDiscriminativeDialogueState'>},
              'ontology': '/mnt/h/jurcicek/vystadial-git/alex/applications/AlexOnTheBus/data/ontology.py',
              'type': 'basic'},
      'General': { 'include': ['/mnt/h/jurcicek/vystadial-git/alex/resources/private/default.cfg']},
      'Hub': { 'history_file': 'hub_history_hub.txt', 'history_length': 1000, 'main_loop_sleep_time': 0.005},
      'Logging': { 'session_logger': SessionLogger(),
                   'system_logger': SystemLogger(stdout_log_level='ERROR', stdout=True, file_log_level='ERROR', output_dir=/net/projects/vystadial/data/call-logs/2013-05-30-alex-aotb-prototype),
                   'system_name': 'Alex On The Bus - Live',
                   'version': '1.0'},
      'NLG': { 'Template': { 'model': '/mnt/h/jurcicek/vystadial-git/alex/applications/AlexOnTheBus/nlg_templates.cfg'},
               'debug': True,
               'type': 'Template'},
      'SHub': { 'history_file': 'hub_history_shub.txt', 'history_length': 1000},
      'SLU': { 'cl-tracing': { 'cldb_fname': '/mnt/h/jurcicek/vystadial-git/alex/resources/../applications/CamInfoRest/data/database.py',
                               'do_preprocessing': True,
                               'features_type': ('ngram',),
                               'testing': { 'max_examples': None,
                                            'min_perc': 80,
                                            'model_fname': '/mnt/h/jurcicek/vystadial-git/alex/resources/../applications/CamInfoRest/models/130516_minf60-minfc35-mind60.slu_model.gz',
                                            'renormalise': True,
                                            'threshold': None,
                                            'vanilla': True},
                               'training': { 'models_dir': 'models'}},
               'debug': True,
               'type': <class 'alex.applications.AlexOnTheBus.aotb_slu.AOTBSLU'>,
               <class 'alex.applications.AlexOnTheBus.aotb_slu.AOTBSLU'>: { 'cldb_fname': '/mnt/h/jurcicek/vystadial-git/alex/applications/AlexOnTheBus/data/database.py',
                                                                            'preprocessing_cls': <class 'alex.applications.AlexOnTheBus.aotb_preprocessing.AOTBSLUPreprocessing'>,
                                                                            'training': { 'models_dir': 'models'}}},
      'THub': { 'history_file': 'hub_history_thub.txt', 'history_length': 1000},
      'TTS': { 'Flite': { 'debug': False,
                          'preprocessing': '/mnt/h/jurcicek/vystadial-git/alex/resources/tts/prep_flite_en.cfg',
                          'voice': 'kal16'},
               'Google': { 'debug': False,
                           'language': 'en',
                           'preprocessing': '/mnt/h/jurcicek/vystadial-git/alex/resources/tts/prep_google_en.cfg'},
               'SpeechTech': { 'debug': True,
                               'login': 'filipjurcicek',
    # this line was removed since it included a password
                               'preprocessing': '/mnt/h/jurcicek/vystadial-git/alex/resources/tts/prep_speechtech_cs.cfg',
                               'voice': 'Iva210'},
               'VoiceRSS': { 'api_key': '3b6a9fca5d724b1c8ac34691586cdda1'},
               'VoiceRss': { 'language': 'en-gb',
                             'preprocessing': '/mnt/h/jurcicek/vystadial-git/alex/resources/tts/prep_voicerss_en.cfg'},
               'debug': True,
               'type': 'SpeechTech'},
      'VAD': { 'debug': False,
               'decision_frames_sil': 25,
               'decision_frames_speech': 10,
               'decision_non_speech_threshold': 0.2,
               'decision_speech_threshold': 0.7,
               'gmm': { 'ceplifter': 22,
                        'enormalise': True,
                        'filter_length': 5,
                        'frameshift': 160,
                        'framesize': 512,
                        'frontend': 'MFCC',
                        'hifreq': 3800,
                        'lofreq': 125,
                        'numceps': 12,
                        'numchans': 26,
                        'preemcoef': 0.97,
                        'sil_model': '/mnt/h/jurcicek/vystadial-git/alex/resources/vad/voip_en/vad_sil_sds_mfcc_m064_f100000.gmm',
                        'speech_model': '/mnt/h/jurcicek/vystadial-git/alex/resources/vad/voip_en/vad_speech_sds_mfcc_m064_f100000.gmm',
                        'useacc': True,
                        'usec0': False,
                        'usecmn': False,
                        'usedelta': True,
                        'usehamming': True,
                        'usepower': True,
                        'zmeansource': True},
               'power': { 'adaptation_frames': 30, 'threshold': 70, 'threshold_multiplier': 1.0},
               'speech_buffer_frames': 20,
               'type': 'gmm'},
      'VoipHub': { 'blacklist_for': 7200,
                   'call_db': '/mnt/h/jurcicek/vystadial-git/alex/applications/AlexOnTheBus/call_db.pckl',
                   'hard_time_limit': 360,
                   'hard_turn_limit': 40,
                   'history_length': 1000,
                   'last_period_max_num_calls': 100,
                   'last_period_max_total_time': 1800,
                   'limit_reached_message': u'D\u011bkujeme za zavol\xe1n\xed, ale u\u017e jste volali hodn\u011b. Pros\xedm zavolejte pozd\u011bji. Na shledanou.',
                   'period': 172800,
                   'wait_time_before_calling_back': 10},
      'VoipIO': { 'allowed_hosts': '',
                  'allowed_phone_numbers': '(^[234567])',
                  'allowed_users': '(^[234567])',
                  'debug': True,
                  'domain': 'vystadial.ms.mff.cuni.cz',
                  'forbidden_hosts': '',
                  'forbidden_phone_number': '(^112$|^150$|^155$|^156$|^158$)',
                  'forbidden_users': '(^112$|^150$|^155$|^156$|^158$)',
    # this line was removed since it included a password
                  'pjsip_log_level': 3,
                  'reject_calls': False,
                  'user': '800899998'},
      'WebHub': { 'port': 8000}}
    

2013-06-18-10-26-15.002687-CEST  MainProcess : INFO       
    From: VoipIO     To: HUB        Command: incoming_call(remote_uri="777805048") 

2013-06-18-10-26-15.032818-CEST  VoipIO-1   : DEBUG      
    VoipIO::on_call_confirmed

2013-06-18-10-26-15.077824-CEST  MainProcess : INFO       
    From: VoipIO     To: HUB        Command: call_connecting(remote_uri="777805048") 

2013-06-18-10-26-15.090590-CEST  MainProcess : INFO       
    From: VoipIO     To: HUB        Command: call_confirmed(remote_uri="777805048") 

2013-06-18-10-26-15.098026-CEST  MainProcess : INFO       
    
    ========================================================================================================================
    Incoming call from :          777805048
    ------------------------------------------------------------------------------------------------------------------------
    Total calls:                  8
    Total time (min):             14.0
    Last period total calls:      8
    Last period total time (min): 14.0
    ------------------------------------------------------------------------------------------------------------------------
    CALL ACCEPTED
    ========================================================================================================================
    

2013-06-18-10-26-15.105781-CEST  DM-5       : DEBUG      
    From: HUB        To: DM         Command: new_dialogue() 

2013-06-18-10-26-15.113946-CEST  DM-5       : DEBUG      
    DM Output
    ------------------------------------------------------------
    hello()
    

2013-06-18-10-26-15.154216-CEST  NLG-6      : DEBUG      
    NLG Output
    ------------------------------------------------------------
    Dobrý den. Hovor je nahráván. Více informací o této službě je na internetu. Jak Vám mohu pomoci. 
    

2013-06-18-10-26-15.165688-CEST  MainProcess : INFO       
    From: DM         To: HUB        Command: dm_da_generated() 

2013-06-18-10-26-15.191378-CEST  MainProcess : INFO       
    From: NLG        To: HUB        Command: nlg_text_generated() 

2013-06-18-10-26-15.198971-CEST  MainProcess : INFO       
    From: TTS        To: HUB        Command: tts_start(user_id="None",text="Dobrý den. Hovor je nahráván. Více informací o této službě je na internetu. Jak Vám mohu pomoci. ") 

2013-06-18-10-26-15.235270-CEST  MainProcess : INFO       
    From: VoipIO     To: HUB        Command: play_utterance_start(user_id="None",fname="tts-2013-06-18-10-26-15.177507.wav") 

2013-06-18-10-26-15.304805-CEST  MainProcess : INFO       
    From: TTS        To: HUB        Command: tts_end(user_id="None",text="Dobrý den. Hovor je nahráván. Více informací o této službě je na internetu. Jak Vám mohu pomoci. ",fname="tts-2013-06-18-10-26-15.177507.wav") 

2013-06-18-10-26-25.218664-CEST  MainProcess : INFO       
    From: VoipIO     To: HUB        Command: play_utterance_end(user_id="None",fname="tts-2013-06-18-10-26-15.177507.wav) 

2013-06-18-10-26-26.585555-CEST  MainProcess : INFO       
    From: VAD        To: HUB        Command: speech_start(fname="vad-2013-06-18-10-26-26.551190.wav") 

2013-06-18-10-26-26.593065-CEST  ASR-3      : DEBUG      
    ASR: speech_start()

2013-06-18-10-26-26.600519-CEST  MainProcess : INFO       
    From: ASR        To: HUB        Command: asr_start() 

2013-06-18-10-26-28.936543-CEST  MainProcess : INFO       
    From: VAD        To: HUB        Command: speech_end(fname="vad-2013-06-18-10-26-26.551190.wav") 

2013-06-18-10-26-28.943509-CEST  ASR-3      : DEBUG      
    ASR: speech_end()

2013-06-18-10-26-29.821739-CEST  ASR-3      : DEBUG      
    ASR Hypothesis
    ------------------------------------------------------------
    0.578 chtěl bych zajela na malostranské náměstí
    0.042 chtěl bych začít dělat malostranské náměstí
    0.040 chtěl bych zapomněla na malostranské náměstí
    0.038 chtěl bych zájem dělat malostranské náměstí
    0.036 chtěl bych začít dělat na malostranské náměstí
    0.033 chtěl bych chtěla na malostranské náměstí
    0.031 chtěl bych 1 dělá na malostranské náměstí
    0.029 chtěl bych 1 dělat malostranské náměstí
    0.027 chtěl bych zájem dělat na malostranské náměstí
    0.024 chtěl bych zajela na malostranském náměstí
    0.022 chtěl bych 1 děláš malostranské náměstí
    0.020 chtěl bych 1 dělat na malostranské náměstí
    0.018 chtěl bych zapomněla na malostranském náměstí
    0.016 dal bych zajela na malostranské náměstí
    0.013 chtěl bych začít dělat na malostranském náměstí
    0.011 chtěl bych zapomněla malostranské náměstí
    0.009 chtěl bych zajela malostranské náměstí
    0.007 chtěl bych jet za děláš malostranské náměstí
    0.004 chtěl bych chtěla na malostranském náměstí
    0.002 chtěl bych za děláš malostranské náměstí
    0.000 __other__
    

2013-06-18-10-26-29.849702-CEST  MainProcess : INFO       
    From: ASR        To: HUB        Command: asr_end() 

2013-06-18-10-26-31.119611-CEST  SLU-4      : DEBUG      
    SLU Hypothesis
    ------------------------------------------------------------
    0.780 inform(to_stop="Malostranské náměstí")
    0.151 inform(="Malostranské náměstí")
    0.060 other()
    0.009 inform(from_stop="Malostranské náměstí")
    

2013-06-18-10-26-31.151121-CEST  MainProcess : INFO       
    From: SLU        To: HUB        Command: slu_parsed() 

2013-06-18-10-26-31.158496-CEST  DM-5       : DEBUG      
    DDDState Dialogue Act in: inform(to_stop="Malostranské náměstí")

2013-06-18-10-26-31.165761-CEST  DM-5       : DEBUG      
    Context Resolution - Dialogue Act: inform(to_stop="Malostranské náměstí")

2013-06-18-10-26-31.173572-CEST  DM-5       : DEBUG      
    DDDState - Dialogue state content:
    
    lda = None
    to_stop = Malostranské náměstí
    
    
    
    

2013-06-18-10-26-31.180999-CEST  DM-5       : DEBUG      
    DDDState
    
    Requested slots:
    {}
    Confirmed slots:
    {}
    Non-informed slots:
    {u'to_stop': u'Malostransk\xe9 n\xe1m\u011bst\xed'}

2013-06-18-10-26-31.188353-CEST  DM-5       : DEBUG      
    DM Output
    ------------------------------------------------------------
    iconfirm(to_stop="Malostranské náměstí")&request(from_stop)
    

2013-06-18-10-26-31.223313-CEST  NLG-6      : DEBUG      
    NLG Output
    ------------------------------------------------------------
    Dobře, do zastávky Malostranské náměstí. Odkud chcete jet?
    

2013-06-18-10-26-31.231674-CEST  MainProcess : INFO       
    From: DM         To: HUB        Command: dm_da_generated() 

2013-06-18-10-26-31.243578-CEST  MainProcess : INFO       
    From: NLG        To: HUB        Command: nlg_text_generated() 

2013-06-18-10-26-31.251056-CEST  MainProcess : INFO       
    From: TTS        To: HUB        Command: tts_start(user_id="None",text="Dobře, do zastávky Malostranské náměstí. Odkud chcete jet?") 

2013-06-18-10-26-31.268191-CEST  MainProcess : INFO       
    From: VoipIO     To: HUB        Command: play_utterance_start(user_id="None",fname="tts-2013-06-18-10-26-31.238348.wav") 

2013-06-18-10-26-32.274572-CEST  MainProcess : INFO       
    From: TTS        To: HUB        Command: tts_end(user_id="None",text="Dobře, do zastávky Malostranské náměstí. Odkud chcete jet?",fname="tts-2013-06-18-10-26-31.238348.wav") 

2013-06-18-10-26-38.465037-CEST  MainProcess : INFO       
    From: VoipIO     To: HUB        Command: play_utterance_end(user_id="None",fname="tts-2013-06-18-10-26-31.238348.wav) 

2013-06-18-10-26-39.311409-CEST  MainProcess : INFO       
    From: VAD        To: HUB        Command: speech_start(fname="vad-2013-06-18-10-26-39.279195.wav") 

2013-06-18-10-26-39.318878-CEST  ASR-3      : DEBUG      
    ASR: speech_start()

2013-06-18-10-26-39.326597-CEST  MainProcess : INFO       
    From: ASR        To: HUB        Command: asr_start() 

2013-06-18-10-26-40.273508-CEST  ASR-3      : DEBUG      
    ASR: speech_end()

2013-06-18-10-26-40.281215-CEST  MainProcess : INFO       
    From: VAD        To: HUB        Command: speech_end(fname="vad-2013-06-18-10-26-39.279195.wav") 

2013-06-18-10-26-40.722144-CEST  ASR-3      : DEBUG      
    ASR Hypothesis
    ------------------------------------------------------------
    0.883 za anděla
    0.017 za anděl
    0.015 za anděla a
    0.014 za anděla i
    0.013 ze anděl
    0.012 zoo anděl
    0.010 z anděl
    0.009 za anděl a
    0.008 ze anděl a
    0.006 za anděla a i
    0.005 zoo anděl a
    0.004 za anděl i
    0.003 z anděl a
    0.001 za anděl a i
    0.000 __other__
    

2013-06-18-10-26-40.746744-CEST  MainProcess : INFO       
    From: ASR        To: HUB        Command: asr_end() 

2013-06-18-10-26-41.367058-CEST  SLU-4      : DEBUG      
    SLU Hypothesis
    ------------------------------------------------------------
    0.983 inform(from_stop="Anděl")
    0.017 inform(="Anděl")
    

2013-06-18-10-26-41.392978-CEST  MainProcess : INFO       
    From: SLU        To: HUB        Command: slu_parsed() 

2013-06-18-10-26-41.400822-CEST  DM-5       : DEBUG      
    DDDState Dialogue Act in: inform(from_stop="Anděl")

2013-06-18-10-26-41.408713-CEST  DM-5       : DEBUG      
    Context Resolution - Dialogue Act: inform(from_stop="Anděl")

2013-06-18-10-26-41.416653-CEST  DM-5       : DEBUG      
    DDDState - Dialogue state content:
    
    lda = None
    from_centre = None
    from_stop = Anděl
    time = None
    to_centre = None
    to_stop = Malostranské náměstí
    
    rh_to_stop = system-informed
    
    ch_to_stop = system-informed
    
    sh_to_stop = system-informed
    

2013-06-18-10-26-41.424816-CEST  DM-5       : DEBUG      
    DDDState
    
    Requested slots:
    {}
    Confirmed slots:
    {}
    Non-informed slots:
    {u'from_stop': u'And\u011bl'}

2013-06-18-10-26-41.726712-CEST  DM-5       : DEBUG      
    DM Output
    ------------------------------------------------------------
    iconfirm(from_stop="Anděl")&inform(alternatives="4")&inform(alternative="1")&inform(vehicle="TRAM")&inform(line="20")&inform(go_at="10:26")&inform(enter_at="Anděl")&inform(headsign="Divoká Šárka")&inform(exit_at="Malostranské náměstí")
    

2013-06-18-10-26-41.771650-CEST  MainProcess : INFO       
    From: DM         To: HUB        Command: dm_da_generated() 

2013-06-18-10-26-41.819553-CEST  NLG-6      : DEBUG      
    NLG Output
    ------------------------------------------------------------
    Dobře, ze zastávky Anděl. Našla jsem čtyři cesty. Možnost první. Jeďte tramvají číslo 20 v 10:26 ze zastávky Anděl směrem Divoká Šárka. Vystupte na zastávce Malostranské náměstí.
    

2013-06-18-10-26-41.855698-CEST  MainProcess : INFO       
    From: NLG        To: HUB        Command: nlg_text_generated() 

2013-06-18-10-26-41.863876-CEST  MainProcess : INFO       
    From: TTS        To: HUB        Command: tts_start(user_id="None",text="Dobře, ze zastávky Anděl. Našla jsem čtyři cesty. Možnost první. Jeďte tramvají číslo 20 v 10:26 ze zastávky Anděl směrem Divoká Šárka. Vystupte na zastávce Malostranské náměstí.") 

2013-06-18-10-26-41.894986-CEST  MainProcess : INFO       
    From: VoipIO     To: HUB        Command: play_utterance_start(user_id="None",fname="tts-2013-06-18-10-26-41.838375.wav") 

2013-06-18-10-26-42.085917-CEST  MainProcess : INFO       
    From: TTS        To: HUB        Command: tts_end(user_id="None",text="Dobře, ze zastávky Anděl. Našla jsem čtyři cesty. Možnost první. Jeďte tramvají číslo 20 v 10:26 ze zastávky Anděl směrem Divoká Šárka. Vystupte na zastávce Malostranské náměstí.",fname="tts-2013-06-18-10-26-41.838375.wav") 

2013-06-18-10-26-50.209713-CEST  MainProcess : INFO       
    From: VAD        To: HUB        Command: speech_start(fname="vad-2013-06-18-10-26-50.161722.wav") 

2013-06-18-10-26-50.219668-CEST  ASR-3      : DEBUG      
    ASR: speech_start()

2013-06-18-10-26-50.234493-CEST  MainProcess : INFO       
    From: ASR        To: HUB        Command: asr_start() 

2013-06-18-10-26-50.243474-CEST  VoipIO-1   : DEBUG      
    From: HUB        To: VIO        Command: flush_out() 

2013-06-18-10-26-51.352168-CEST  MainProcess : INFO       
    From: VAD        To: HUB        Command: speech_end(fname="vad-2013-06-18-10-26-50.161722.wav") 

2013-06-18-10-26-51.361037-CEST  ASR-3      : DEBUG      
    ASR: speech_end()

2013-06-18-10-26-52.003564-CEST  ASR-3      : DEBUG      
    ASR Hypothesis
    ------------------------------------------------------------
    0.711 kolik máte stupňů
    0.029 kolik má přestupku
    0.027 kolik má přístup
    0.026 kolik má přestup
    0.024 kolik má přestávku
    0.023 kolik ma přestupku
    0.021 kolik máte přestávku
    0.020 kolik ma přestup
    0.018 kolik mám přestávku
    0.017 kolik na přestupku
    0.015 kolik na přestup
    0.014 kolika má přístup
    0.012 kolik to má přístup
    0.011 kolika má přestávku
    0.009 kolik to má přestávku
    0.008 kolik mám přestupku
    0.006 kolik máš přestupku
    0.005 kolik mám přestup
    0.003 kolik máš přestup
    0.002 kolika mám přestávku
    0.000 __other__
    

2013-06-18-10-26-52.033218-CEST  MainProcess : INFO       
    From: ASR        To: HUB        Command: asr_end() 

2013-06-18-10-26-52.899016-CEST  SLU-4      : DEBUG      
    SLU Hypothesis
    ------------------------------------------------------------
    0.862 request(num_transfers)
    0.138 other()
    

2013-06-18-10-26-52.926401-CEST  MainProcess : INFO       
    From: SLU        To: HUB        Command: slu_parsed() 

2013-06-18-10-26-52.934924-CEST  DM-5       : DEBUG      
    DDDState Dialogue Act in: request(num_transfers)

2013-06-18-10-26-52.944057-CEST  DM-5       : DEBUG      
    Context Resolution - Dialogue Act: request(num_transfers)

2013-06-18-10-26-52.952853-CEST  DM-5       : DEBUG      
    DDDState - Dialogue state content:
    
    lda = None
    from_centre = None
    from_stop = Anděl
    route_alternative = 0
    time = None
    to_centre = None
    to_stop = Malostranské náměstí
    
    rh_alternative = system-informed
    rh_alternatives = system-informed
    rh_enter_at = system-informed
    rh_exit_at = system-informed
    rh_from_stop = system-informed
    rh_go_at = system-informed
    rh_headsign = system-informed
    rh_line = system-informed
    rh_num_transfers = user-requested
    rh_to_stop = system-informed
    rh_vehicle = system-informed
    
    ch_alternative = system-informed
    ch_alternatives = system-informed
    ch_enter_at = system-informed
    ch_exit_at = system-informed
    ch_from_stop = system-informed
    ch_go_at = system-informed
    ch_headsign = system-informed
    ch_line = system-informed
    ch_to_stop = system-informed
    ch_vehicle = system-informed
    
    sh_alternative = system-informed
    sh_alternatives = system-informed
    sh_enter_at = system-informed
    sh_exit_at = system-informed
    sh_from_stop = system-informed
    sh_go_at = system-informed
    sh_headsign = system-informed
    sh_line = system-informed
    sh_to_stop = system-informed
    sh_vehicle = system-informed
    

2013-06-18-10-26-52.962538-CEST  DM-5       : DEBUG      
    DDDState
    
    Requested slots:
    {u'num_transfers': u'None'}
    Confirmed slots:
    {}
    Non-informed slots:
    {u'route_alternative': 0}

2013-06-18-10-26-52.971117-CEST  DM-5       : DEBUG      
    DM Output
    ------------------------------------------------------------
    inform(num_transfers="0")
    

2013-06-18-10-26-53.021356-CEST  NLG-6      : DEBUG      
    NLG Output
    ------------------------------------------------------------
    Na dané trase není žádný přestup.
    

2013-06-18-10-26-53.031858-CEST  MainProcess : INFO       
    From: DM         To: HUB        Command: dm_da_generated() 

2013-06-18-10-26-53.056554-CEST  MainProcess : INFO       
    From: NLG        To: HUB        Command: nlg_text_generated() 

2013-06-18-10-26-53.064851-CEST  MainProcess : INFO       
    From: TTS        To: HUB        Command: tts_start(user_id="None",text="Na dané trase není žádný přestup.") 

2013-06-18-10-26-53.092790-CEST  MainProcess : INFO       
    From: VoipIO     To: HUB        Command: play_utterance_start(user_id="None",fname="tts-2013-06-18-10-26-53.045876.wav") 

2013-06-18-10-26-53.109902-CEST  MainProcess : INFO       
    From: TTS        To: HUB        Command: tts_end(user_id="None",text="Na dané trase není žádný přestup.",fname="tts-2013-06-18-10-26-53.045876.wav") 

2013-06-18-10-26-56.384963-CEST  MainProcess : INFO       
    From: VoipIO     To: HUB        Command: play_utterance_end(user_id="None",fname="tts-2013-06-18-10-26-53.045876.wav) 

2013-06-18-10-26-58.409905-CEST  MainProcess : INFO       
    From: VAD        To: HUB        Command: speech_start(fname="vad-2013-06-18-10-26-58.364359.wav") 

2013-06-18-10-26-58.418029-CEST  ASR-3      : DEBUG      
    ASR: speech_start()

2013-06-18-10-26-58.425160-CEST  MainProcess : INFO       
    From: ASR        To: HUB        Command: asr_start() 

2013-06-18-10-27-00.321548-CEST  ASR-3      : DEBUG      
    ASR: speech_end()

2013-06-18-10-27-00.329548-CEST  MainProcess : INFO       
    From: VAD        To: HUB        Command: speech_end(fname="vad-2013-06-18-10-26-58.364359.wav") 

2013-06-18-10-27-01.070317-CEST  ASR-3      : DEBUG      
    ASR Hypothesis
    ------------------------------------------------------------
    0.492 je to zmar stránského náměstí
    0.051 je to zmar ostravské náměstí
    0.048 jak poznám stránského náměstí
    0.045 je to znám stránského náměstí
    0.043 je to známá stránského náměstí
    0.040 je to zmar ostravského náměstí
    0.037 je to znam stránského náměstí
    0.035 je to zmar stránské náměstí
    0.032 jede to znám stránského náměstí
    0.029 co je to zmar stránského náměstí
    0.027 jak poznám stránské náměstí
    0.024 je to znám stránské náměstí
    0.021 co je to zmar ostravské náměstí
    0.019 je to známá stránské náměstí
    0.016 jede to znam stránského náměstí
    0.013 je to zmar ostrovského náměstí
    0.011 jak to znám stránského náměstí
    0.008 co je to zmar ostravského náměstí
    0.005 je to znam stránské náměstí
    0.003 je to zmar ostravská náměstí
    

2013-06-18-10-27-01.101799-CEST  MainProcess : INFO       
    From: ASR        To: HUB        Command: asr_end() 

2013-06-18-10-27-01.987345-CEST  SLU-4      : DEBUG      
    SLU Hypothesis
    ------------------------------------------------------------
    1.000 other()
    

2013-06-18-10-27-02.020830-CEST  MainProcess : INFO       
    From: SLU        To: HUB        Command: slu_parsed() 

2013-06-18-10-27-02.028422-CEST  DM-5       : DEBUG      
    DDDState Dialogue Act in: other()

2013-06-18-10-27-02.036667-CEST  DM-5       : DEBUG      
    Context Resolution - Dialogue Act: other()

2013-06-18-10-27-02.045075-CEST  DM-5       : DEBUG      
    DDDState - Dialogue state content:
    
    lda = None
    from_centre = None
    from_stop = Anděl
    route_alternative = 0
    time = None
    to_centre = None
    to_stop = Malostranské náměstí
    
    rh_alternative = system-informed
    rh_alternatives = system-informed
    rh_enter_at = system-informed
    rh_exit_at = system-informed
    rh_from_stop = system-informed
    rh_go_at = system-informed
    rh_headsign = system-informed
    rh_line = system-informed
    rh_num_transfers = system-informed
    rh_to_stop = system-informed
    rh_vehicle = system-informed
    
    ch_alternative = system-informed
    ch_alternatives = system-informed
    ch_enter_at = system-informed
    ch_exit_at = system-informed
    ch_from_stop = system-informed
    ch_go_at = system-informed
    ch_headsign = system-informed
    ch_line = system-informed
    ch_num_transfers = system-informed
    ch_to_stop = system-informed
    ch_vehicle = system-informed
    
    sh_alternative = system-informed
    sh_alternatives = system-informed
    sh_enter_at = system-informed
    sh_exit_at = system-informed
    sh_from_stop = system-informed
    sh_go_at = system-informed
    sh_headsign = system-informed
    sh_line = system-informed
    sh_num_transfers = system-informed
    sh_to_stop = system-informed
    sh_vehicle = system-informed
    

2013-06-18-10-27-02.053442-CEST  DM-5       : DEBUG      
    DDDState
    
    Requested slots:
    {}
    Confirmed slots:
    {}
    Non-informed slots:
    {u'route_alternative': 0}

2013-06-18-10-27-02.280242-CEST  DM-5       : DEBUG      
    DM Output
    ------------------------------------------------------------
    inform(alternatives="4")&inform(alternative="1")&inform(vehicle="TRAM")&inform(line="12")&inform(go_at="10:31")&inform(enter_at="Anděl")&inform(headsign="Palmovka")&inform(exit_at="Malostranské náměstí")
    

2013-06-18-10-27-02.336527-CEST  MainProcess : INFO       
    From: DM         To: HUB        Command: dm_da_generated() 

2013-06-18-10-27-02.371953-CEST  NLG-6      : DEBUG      
    NLG Output
    ------------------------------------------------------------
    Našla jsem čtyři cesty. Možnost první. Jeďte tramvají číslo 12 v 10:31 ze zastávky Anděl směrem Palmovka. Vystupte na zastávce Malostranské náměstí.
    

2013-06-18-10-27-02.415005-CEST  MainProcess : INFO       
    From: NLG        To: HUB        Command: nlg_text_generated() 

2013-06-18-10-27-02.422753-CEST  MainProcess : INFO       
    From: TTS        To: HUB        Command: tts_start(user_id="None",text="Našla jsem čtyři cesty. Možnost první. Jeďte tramvají číslo 12 v 10:31 ze zastávky Anděl směrem Palmovka. Vystupte na zastávce Malostranské náměstí.") 

2013-06-18-10-27-02.454282-CEST  MainProcess : INFO       
    From: VoipIO     To: HUB        Command: play_utterance_start(user_id="None",fname="tts-2013-06-18-10-27-02.396005.wav") 

2013-06-18-10-27-03.757212-CEST  MainProcess : INFO       
    From: TTS        To: HUB        Command: tts_end(user_id="None",text="Našla jsem čtyři cesty. Možnost první. Jeďte tramvají číslo 12 v 10:31 ze zastávky Anděl směrem Palmovka. Vystupte na zastávce Malostranské náměstí.",fname="tts-2013-06-18-10-27-02.396005.wav") 

2013-06-18-10-27-05.397560-CEST  ASR-3      : DEBUG      
    ASR: speech_start()

2013-06-18-10-27-05.405565-CEST  MainProcess : INFO       
    From: VAD        To: HUB        Command: speech_start(fname="vad-2013-06-18-10-27-05.344478.wav") 

2013-06-18-10-27-05.436479-CEST  MainProcess : INFO       
    From: ASR        To: HUB        Command: asr_start() 

2013-06-18-10-27-05.445815-CEST  VoipIO-1   : DEBUG      
    From: HUB        To: VIO        Command: flush_out() 

2013-06-18-10-27-07.547886-CEST  MainProcess : INFO       
    From: VAD        To: HUB        Command: speech_end(fname="vad-2013-06-18-10-27-05.344478.wav") 

2013-06-18-10-27-07.556390-CEST  ASR-3      : DEBUG      
    ASR: speech_end()

2013-06-18-10-27-08.294928-CEST  ASR-3      : DEBUG      
    ASR Hypothesis
    ------------------------------------------------------------
    0.792 jede to z malostranského náměstí
    0.021 jede to za malostranské náměstí
    0.020 něco z malostranského náměstí
    0.019 jede to z malostranské náměstí
    0.018 jedete z malostranského náměstí
    0.016 jede to ze malostranské náměstí
    0.015 je to za malostranské náměstí
    0.014 jede to za malostranského náměstí
    0.013 je to ze malostranské náměstí
    0.012 jede to ze malostranského náměstí
    0.011 kde to za malostranské náměstí
    0.010 jede to z malostranského náměstí i
    0.009 jede to z malostranského náměstí a
    0.008 je to za malostranského náměstí
    0.007 jede do z malostranského náměstí
    0.005 jede to z malostranského náměstí 2
    0.004 kde to ze malostranské náměstí
    0.003 je to ze malostranského náměstí
    0.002 kde to za malostranského náměstí
    0.001 mě to za malostranské náměstí
    0.000 __other__
    

2013-06-18-10-27-08.326407-CEST  MainProcess : INFO       
    From: ASR        To: HUB        Command: asr_end() 

2013-06-18-10-27-09.198976-CEST  SLU-4      : DEBUG      
    SLU Hypothesis
    ------------------------------------------------------------
    0.899 other()
    0.056 confirm(from_stop="Malostranské náměstí")
    0.045 inform(from_stop="Malostranské náměstí")
    

2013-06-18-10-27-09.234113-CEST  MainProcess : INFO       
    From: SLU        To: HUB        Command: slu_parsed() 

2013-06-18-10-27-09.283343-CEST  DM-5       : DEBUG      
    DDDState Dialogue Act in: other()

2013-06-18-10-27-09.290609-CEST  DM-5       : DEBUG      
    Context Resolution - Dialogue Act: other()

2013-06-18-10-27-09.298559-CEST  DM-5       : DEBUG      
    DDDState - Dialogue state content:
    
    lda = None
    from_centre = None
    from_stop = Anděl
    route_alternative = 0
    time = None
    to_centre = None
    to_stop = Malostranské náměstí
    
    rh_alternative = system-informed
    rh_alternatives = system-informed
    rh_enter_at = system-informed
    rh_exit_at = system-informed
    rh_from_stop = system-informed
    rh_go_at = system-informed
    rh_headsign = system-informed
    rh_line = system-informed
    rh_num_transfers = system-informed
    rh_to_stop = system-informed
    rh_vehicle = system-informed
    
    ch_alternative = system-informed
    ch_alternatives = system-informed
    ch_enter_at = system-informed
    ch_exit_at = system-informed
    ch_from_stop = system-informed
    ch_go_at = system-informed
    ch_headsign = system-informed
    ch_line = system-informed
    ch_num_transfers = system-informed
    ch_to_stop = system-informed
    ch_vehicle = system-informed
    
    sh_alternative = system-informed
    sh_alternatives = system-informed
    sh_enter_at = system-informed
    sh_exit_at = system-informed
    sh_from_stop = system-informed
    sh_go_at = system-informed
    sh_headsign = system-informed
    sh_line = system-informed
    sh_num_transfers = system-informed
    sh_to_stop = system-informed
    sh_vehicle = system-informed
    

2013-06-18-10-27-09.306877-CEST  DM-5       : DEBUG      
    DDDState
    
    Requested slots:
    {}
    Confirmed slots:
    {}
    Non-informed slots:
    {u'route_alternative': 0}

2013-06-18-10-27-09.521160-CEST  DM-5       : DEBUG      
    DM Output
    ------------------------------------------------------------
    inform(alternatives="4")&inform(alternative="1")&inform(vehicle="TRAM")&inform(line="12")&inform(go_at="10:31")&inform(enter_at="Anděl")&inform(headsign="Palmovka")&inform(exit_at="Malostranské náměstí")
    

2013-06-18-10-27-09.580673-CEST  MainProcess : INFO       
    From: DM         To: HUB        Command: dm_da_generated() 

2013-06-18-10-27-09.615126-CEST  NLG-6      : DEBUG      
    NLG Output
    ------------------------------------------------------------
    Našla jsem čtyři cesty. Možnost první. Jeďte tramvají číslo 12 v 10:31 ze zastávky Anděl směrem Palmovka. Vystupte na zastávce Malostranské náměstí.
    

2013-06-18-10-27-09.659578-CEST  MainProcess : INFO       
    From: NLG        To: HUB        Command: nlg_text_generated() 

2013-06-18-10-27-09.667201-CEST  MainProcess : INFO       
    From: TTS        To: HUB        Command: tts_start(user_id="None",text="Našla jsem čtyři cesty. Možnost první. Jeďte tramvají číslo 12 v 10:31 ze zastávky Anděl směrem Palmovka. Vystupte na zastávce Malostranské náměstí.") 

2013-06-18-10-27-09.700896-CEST  MainProcess : INFO       
    From: VoipIO     To: HUB        Command: play_utterance_start(user_id="None",fname="tts-2013-06-18-10-27-09.643320.wav") 

2013-06-18-10-27-09.857304-CEST  MainProcess : INFO       
    From: TTS        To: HUB        Command: tts_end(user_id="None",text="Našla jsem čtyři cesty. Možnost první. Jeďte tramvají číslo 12 v 10:31 ze zastávky Anděl směrem Palmovka. Vystupte na zastávce Malostranské náměstí.",fname="tts-2013-06-18-10-27-09.643320.wav") 

2013-06-18-10-27-14.664626-CEST  ASR-3      : DEBUG      
    ASR: speech_start()

2013-06-18-10-27-14.672368-CEST  MainProcess : INFO       
    From: VAD        To: HUB        Command: speech_start(fname="vad-2013-06-18-10-27-14.554876.wav") 

2013-06-18-10-27-14.709695-CEST  MainProcess : INFO       
    From: ASR        To: HUB        Command: asr_start() 

2013-06-18-10-27-14.718543-CEST  VoipIO-1   : DEBUG      
    From: HUB        To: VIO        Command: flush_out() 

2013-06-18-10-27-17.089207-CEST  MainProcess : INFO       
    From: VAD        To: HUB        Command: speech_end(fname="vad-2013-06-18-10-27-14.554876.wav") 

2013-06-18-10-27-17.097724-CEST  ASR-3      : DEBUG      
    ASR: speech_end()

2013-06-18-10-27-17.831306-CEST  ASR-3      : DEBUG      
    ASR Hypothesis
    ------------------------------------------------------------
    0.849 jede to z malostranského náměstí
    0.020 jedete z malostranského náměstí
    0.019 jede to z malostranské náměstí
    0.017 jede to z malostranského náměstí i
    0.016 jedete do z malostranského náměstí
    0.014 jede to z malostranského náměstí a
    0.013 jede to z malostranského náměstí míru
    0.011 jedete na z malostranského náměstí
    0.010 je to z malostranské náměstí
    0.009 jede to na z malostranského náměstí
    0.007 jede to v malostranské náměstí
    0.006 jede to za malostranské náměstí
    0.004 jedete lze malostranské náměstí
    0.003 jede to do z malostranského náměstí
    0.001 jede to cz malostranské náměstí
    0.000 __other__
    

2013-06-18-10-27-17.870948-CEST  MainProcess : INFO       
    From: ASR        To: HUB        Command: asr_end() 

2013-06-18-10-27-18.527123-CEST  SLU-4      : DEBUG      
    SLU Hypothesis
    ------------------------------------------------------------
    0.940 other()
    0.024 confirm(from_stop="Malostranské náměstí")
    0.013 confirm(from_stop="Náměstí Míru")
    0.010 inform(from_stop="Malostranské náměstí")
    0.009 confirm(="Malostranské náměstí")
    0.004 inform(="Malostranské náměstí")
    

2013-06-18-10-27-18.567474-CEST  DM-5       : DEBUG      
    DDDState Dialogue Act in: other()

2013-06-18-10-27-18.575985-CEST  MainProcess : INFO       
    From: SLU        To: HUB        Command: slu_parsed() 

2013-06-18-10-27-18.584102-CEST  DM-5       : DEBUG      
    Context Resolution - Dialogue Act: other()

2013-06-18-10-27-18.593240-CEST  DM-5       : DEBUG      
    DDDState - Dialogue state content:
    
    lda = None
    from_centre = None
    from_stop = Anděl
    route_alternative = 0
    time = None
    to_centre = None
    to_stop = Malostranské náměstí
    
    rh_alternative = system-informed
    rh_alternatives = system-informed
    rh_enter_at = system-informed
    rh_exit_at = system-informed
    rh_from_stop = system-informed
    rh_go_at = system-informed
    rh_headsign = system-informed
    rh_line = system-informed
    rh_num_transfers = system-informed
    rh_to_stop = system-informed
    rh_vehicle = system-informed
    
    ch_alternative = system-informed
    ch_alternatives = system-informed
    ch_enter_at = system-informed
    ch_exit_at = system-informed
    ch_from_stop = system-informed
    ch_go_at = system-informed
    ch_headsign = system-informed
    ch_line = system-informed
    ch_num_transfers = system-informed
    ch_to_stop = system-informed
    ch_vehicle = system-informed
    
    sh_alternative = system-informed
    sh_alternatives = system-informed
    sh_enter_at = system-informed
    sh_exit_at = system-informed
    sh_from_stop = system-informed
    sh_go_at = system-informed
    sh_headsign = system-informed
    sh_line = system-informed
    sh_num_transfers = system-informed
    sh_to_stop = system-informed
    sh_vehicle = system-informed
    

2013-06-18-10-27-18.601935-CEST  DM-5       : DEBUG      
    DDDState
    
    Requested slots:
    {}
    Confirmed slots:
    {}
    Non-informed slots:
    {u'route_alternative': 0}

2013-06-18-10-27-18.789716-CEST  DM-5       : DEBUG      
    DM Output
    ------------------------------------------------------------
    inform(alternatives="4")&inform(alternative="1")&inform(vehicle="TRAM")&inform(line="12")&inform(go_at="10:31")&inform(enter_at="Anděl")&inform(headsign="Palmovka")&inform(exit_at="Malostranské náměstí")
    

2013-06-18-10-27-18.862487-CEST  MainProcess : INFO       
    From: DM         To: HUB        Command: dm_da_generated() 

2013-06-18-10-27-18.893779-CEST  NLG-6      : DEBUG      
    NLG Output
    ------------------------------------------------------------
    Našla jsem čtyři cesty. Možnost první. Jeďte tramvají číslo 12 v 10:31 ze zastávky Anděl směrem Palmovka. Vystupte na zastávce Malostranské náměstí.
    

2013-06-18-10-27-18.947329-CEST  MainProcess : INFO       
    From: NLG        To: HUB        Command: nlg_text_generated() 

2013-06-18-10-27-18.955760-CEST  MainProcess : INFO       
    From: TTS        To: HUB        Command: tts_start(user_id="None",text="Našla jsem čtyři cesty. Možnost první. Jeďte tramvají číslo 12 v 10:31 ze zastávky Anděl směrem Palmovka. Vystupte na zastávce Malostranské náměstí.") 

2013-06-18-10-27-19.041426-CEST  MainProcess : INFO       
    From: VoipIO     To: HUB        Command: play_utterance_start(user_id="None",fname="tts-2013-06-18-10-27-18.926866.wav") 

2013-06-18-10-27-19.197454-CEST  MainProcess : INFO       
    From: TTS        To: HUB        Command: tts_end(user_id="None",text="Našla jsem čtyři cesty. Možnost první. Jeďte tramvají číslo 12 v 10:31 ze zastávky Anděl směrem Palmovka. Vystupte na zastávce Malostranské náměstí.",fname="tts-2013-06-18-10-27-18.926866.wav") 

2013-06-18-10-27-23.612755-CEST  ASR-3      : DEBUG      
    ASR: speech_start()

2013-06-18-10-27-23.619376-CEST  MainProcess : INFO       
    From: VAD        To: HUB        Command: speech_start(fname="vad-2013-06-18-10-27-23.248870.wav") 

2013-06-18-10-27-23.655492-CEST  MainProcess : INFO       
    From: ASR        To: HUB        Command: asr_start() 

2013-06-18-10-27-23.662352-CEST  VoipIO-1   : DEBUG      
    From: HUB        To: VIO        Command: flush_out() 

2013-06-18-10-27-23.881070-CEST  MainProcess : INFO       
    From: VAD        To: HUB        Command: speech_end(fname="vad-2013-06-18-10-27-23.248870.wav") 

2013-06-18-10-27-23.888637-CEST  ASR-3      : DEBUG      
    ASR: speech_end()

2013-06-18-10-27-24.294463-CEST  ASR-3      : DEBUG      
    ASR Hypothesis
    ------------------------------------------------------------
    0.777 děkuji
    0.089 jak
    0.067 děkuju
    0.045 jako
    0.022 jakub
    0.000 __other__
    

2013-06-18-10-27-24.383287-CEST  MainProcess : INFO       
    From: ASR        To: HUB        Command: asr_end() 

2013-06-18-10-27-24.606889-CEST  SLU-4      : DEBUG      
    SLU Hypothesis
    ------------------------------------------------------------
    0.844 thankyou()
    0.156 other()
    

2013-06-18-10-27-24.652370-CEST  MainProcess : INFO       
    From: SLU        To: HUB        Command: slu_parsed() 

2013-06-18-10-27-24.659876-CEST  DM-5       : DEBUG      
    DDDState Dialogue Act in: thankyou()

2013-06-18-10-27-24.667721-CEST  DM-5       : DEBUG      
    Context Resolution - Dialogue Act: thankyou()

2013-06-18-10-27-24.675686-CEST  DM-5       : DEBUG      
    DDDState - Dialogue state content:
    
    lda = thankyou
    from_centre = None
    from_stop = Anděl
    route_alternative = 0
    time = None
    to_centre = None
    to_stop = Malostranské náměstí
    
    rh_alternative = system-informed
    rh_alternatives = system-informed
    rh_enter_at = system-informed
    rh_exit_at = system-informed
    rh_from_stop = system-informed
    rh_go_at = system-informed
    rh_headsign = system-informed
    rh_line = system-informed
    rh_num_transfers = system-informed
    rh_to_stop = system-informed
    rh_vehicle = system-informed
    
    ch_alternative = system-informed
    ch_alternatives = system-informed
    ch_enter_at = system-informed
    ch_exit_at = system-informed
    ch_from_stop = system-informed
    ch_go_at = system-informed
    ch_headsign = system-informed
    ch_line = system-informed
    ch_num_transfers = system-informed
    ch_to_stop = system-informed
    ch_vehicle = system-informed
    
    sh_alternative = system-informed
    sh_alternatives = system-informed
    sh_enter_at = system-informed
    sh_exit_at = system-informed
    sh_from_stop = system-informed
    sh_go_at = system-informed
    sh_headsign = system-informed
    sh_line = system-informed
    sh_num_transfers = system-informed
    sh_to_stop = system-informed
    sh_vehicle = system-informed
    

2013-06-18-10-27-24.683277-CEST  DM-5       : DEBUG      
    DDDState
    
    Requested slots:
    {}
    Confirmed slots:
    {}
    Non-informed slots:
    {u'route_alternative': 0}

2013-06-18-10-27-24.691562-CEST  DM-5       : DEBUG      
    DM Output
    ------------------------------------------------------------
    inform(cordiality="true")&hello()
    

2013-06-18-10-27-24.767883-CEST  MainProcess : INFO       
    From: DM         To: HUB        Command: dm_da_generated() 

2013-06-18-10-27-24.775515-CEST  NLG-6      : DEBUG      
    NLG Output
    ------------------------------------------------------------
    Nemáte zač. S čím Vám mohu ještě pomoci.
    

2013-06-18-10-27-24.867742-CEST  MainProcess : INFO       
    From: NLG        To: HUB        Command: nlg_text_generated() 

2013-06-18-10-27-24.881224-CEST  MainProcess : INFO       
    From: TTS        To: HUB        Command: tts_start(user_id="None",text="Nemáte zač. S čím Vám mohu ještě pomoci.") 

2013-06-18-10-27-24.922688-CEST  MainProcess : INFO       
    From: VoipIO     To: HUB        Command: play_utterance_start(user_id="None",fname="tts-2013-06-18-10-27-24.858898.wav") 

2013-06-18-10-27-24.953750-CEST  MainProcess : INFO       
    From: TTS        To: HUB        Command: tts_end(user_id="None",text="Nemáte zač. S čím Vám mohu ještě pomoci.",fname="tts-2013-06-18-10-27-24.858898.wav") 

2013-06-18-10-27-29.346022-CEST  ASR-3      : DEBUG      
    ASR: speech_start()

2013-06-18-10-27-29.353085-CEST  MainProcess : INFO       
    From: VAD        To: HUB        Command: speech_start(fname="vad-2013-06-18-10-27-29.272886.wav") 

2013-06-18-10-27-29.441896-CEST  MainProcess : INFO       
    From: ASR        To: HUB        Command: asr_start() 

2013-06-18-10-27-29.449756-CEST  VoipIO-1   : DEBUG      
    From: HUB        To: VIO        Command: flush_out() 

2013-06-18-10-27-29.459034-CEST  MainProcess : INFO       
    From: VoipIO     To: HUB        Command: play_utterance_end(user_id="None",fname="tts-2013-06-18-10-27-24.858898.wav) 

2013-06-18-10-27-33.029725-CEST  ASR-3      : DEBUG      
    ASR: speech_end()

2013-06-18-10-27-33.036978-CEST  MainProcess : INFO       
    From: VAD        To: HUB        Command: speech_end(fname="vad-2013-06-18-10-27-29.272886.wav") 

2013-06-18-10-27-34.012359-CEST  MainProcess : INFO       
    From: VAD        To: HUB        Command: speech_start(fname="vad-2013-06-18-10-27-33.935464.wav") 

2013-06-18-10-27-34.411078-CEST  ASR-3      : DEBUG      
    ASR Hypothesis
    ------------------------------------------------------------
    1.000 __other__
    

2013-06-18-10-27-34.451983-CEST  ASR-3      : DEBUG      
    ASR: speech_start()

2013-06-18-10-27-34.460087-CEST  MainProcess : INFO       
    From: ASR        To: HUB        Command: asr_end() 

2013-06-18-10-27-34.468036-CEST  SLU-4      : DEBUG      
    SLU Hypothesis
    ------------------------------------------------------------
    1.000 other()
    

2013-06-18-10-27-34.479551-CEST  MainProcess : INFO       
    From: ASR        To: HUB        Command: asr_start() 

2013-06-18-10-27-34.510661-CEST  DM-5       : DEBUG      
    DDDState Dialogue Act in: other()

2013-06-18-10-27-34.519301-CEST  MainProcess : INFO       
    From: SLU        To: HUB        Command: slu_parsed() 

2013-06-18-10-27-34.527629-CEST  DM-5       : DEBUG      
    Context Resolution - Dialogue Act: other()

2013-06-18-10-27-34.537394-CEST  DM-5       : DEBUG      
    DDDState - Dialogue state content:
    
    lda = None
    from_centre = None
    from_stop = Anděl
    route_alternative = 0
    time = None
    to_centre = None
    to_stop = Malostranské náměstí
    
    rh_alternative = system-informed
    rh_alternatives = system-informed
    rh_cordiality = system-informed
    rh_enter_at = system-informed
    rh_exit_at = system-informed
    rh_from_stop = system-informed
    rh_go_at = system-informed
    rh_headsign = system-informed
    rh_line = system-informed
    rh_num_transfers = system-informed
    rh_to_stop = system-informed
    rh_vehicle = system-informed
    
    ch_alternative = system-informed
    ch_alternatives = system-informed
    ch_cordiality = system-informed
    ch_enter_at = system-informed
    ch_exit_at = system-informed
    ch_from_stop = system-informed
    ch_go_at = system-informed
    ch_headsign = system-informed
    ch_line = system-informed
    ch_num_transfers = system-informed
    ch_to_stop = system-informed
    ch_vehicle = system-informed
    
    sh_alternative = system-informed
    sh_alternatives = system-informed
    sh_cordiality = system-informed
    sh_enter_at = system-informed
    sh_exit_at = system-informed
    sh_from_stop = system-informed
    sh_go_at = system-informed
    sh_headsign = system-informed
    sh_line = system-informed
    sh_num_transfers = system-informed
    sh_to_stop = system-informed
    sh_vehicle = system-informed
    

2013-06-18-10-27-34.545878-CEST  DM-5       : DEBUG      
    DDDState
    
    Requested slots:
    {}
    Confirmed slots:
    {}
    Non-informed slots:
    {u'route_alternative': 0}

2013-06-18-10-27-34.885660-CEST  DM-5       : DEBUG      
    DM Output
    ------------------------------------------------------------
    inform(alternatives="4")&inform(alternative="1")&inform(vehicle="TRAM")&inform(line="12")&inform(go_at="10:31")&inform(enter_at="Anděl")&inform(headsign="Palmovka")&inform(exit_at="Malostranské náměstí")
    

2013-06-18-10-27-34.964730-CEST  MainProcess : INFO       
    From: DM         To: HUB        Command: dm_da_generated() 

2013-06-18-10-27-35.002042-CEST  NLG-6      : DEBUG      
    NLG Output
    ------------------------------------------------------------
    Našla jsem čtyři cesty. Možnost první. Jeďte tramvají číslo 12 v 10:31 ze zastávky Anděl směrem Palmovka. Vystupte na zastávce Malostranské náměstí.
    

2013-06-18-10-27-35.060158-CEST  MainProcess : INFO       
    From: NLG        To: HUB        Command: nlg_text_generated() 

2013-06-18-10-27-35.067915-CEST  MainProcess : INFO       
    From: TTS        To: HUB        Command: tts_start(user_id="None",text="Našla jsem čtyři cesty. Možnost první. Jeďte tramvají číslo 12 v 10:31 ze zastávky Anděl směrem Palmovka. Vystupte na zastávce Malostranské náměstí.") 

2013-06-18-10-27-35.108296-CEST  MainProcess : INFO       
    From: VoipIO     To: HUB        Command: play_utterance_start(user_id="None",fname="tts-2013-06-18-10-27-35.040270.wav") 

2013-06-18-10-27-35.266025-CEST  MainProcess : INFO       
    From: TTS        To: HUB        Command: tts_end(user_id="None",text="Našla jsem čtyři cesty. Možnost první. Jeďte tramvají číslo 12 v 10:31 ze zastávky Anděl směrem Palmovka. Vystupte na zastávce Malostranské náměstí.",fname="tts-2013-06-18-10-27-35.040270.wav") 

2013-06-18-10-27-35.779486-CEST  ASR-3      : DEBUG      
    ASR: speech_end()

2013-06-18-10-27-35.786655-CEST  MainProcess : INFO       
    From: VAD        To: HUB        Command: speech_end(fname="vad-2013-06-18-10-27-33.935464.wav") 

2013-06-18-10-27-36.503235-CEST  ASR-3      : DEBUG      
    ASR Hypothesis
    ------------------------------------------------------------
    0.808 letiště ukázat
    0.043 rybniště ukázat
    0.037 sněžka ukázat
    0.032 letiště ukazovat
    0.027 letiště ukazatel
    0.021 těžká ukázat
    0.016 letišti ukázat
    0.011 letiště ukázat i
    0.005 letiště placentou kabát
    0.000 __other__
    

2013-06-18-10-27-36.551113-CEST  MainProcess : INFO       
    From: ASR        To: HUB        Command: asr_end() 

2013-06-18-10-27-36.943357-CEST  SLU-4      : DEBUG      
    SLU Hypothesis
    ------------------------------------------------------------
    0.898 inform(="Letiště")
    0.102 other()
    

2013-06-18-10-27-36.989841-CEST  MainProcess : INFO       
    From: SLU        To: HUB        Command: slu_parsed() 

2013-06-18-10-27-36.997885-CEST  DM-5       : DEBUG      
    DDDState Dialogue Act in: inform(="Letiště")

2013-06-18-10-27-37.005787-CEST  DM-5       : DEBUG      
    Context Resolution - Dialogue Act: inform(="Letiště")

2013-06-18-10-27-37.014591-CEST  DM-5       : DEBUG      
    DDDState - Dialogue state content:
    
    lda = None
    from_centre = None
    from_stop = Anděl
    route_alternative = 0
    time = None
    to_centre = None
    to_stop = Malostranské náměstí
    
    rh_alternative = system-informed
    rh_alternatives = system-informed
    rh_cordiality = system-informed
    rh_enter_at = system-informed
    rh_exit_at = system-informed
    rh_from_stop = system-informed
    rh_go_at = system-informed
    rh_headsign = system-informed
    rh_line = system-informed
    rh_num_transfers = system-informed
    rh_to_stop = system-informed
    rh_vehicle = system-informed
    
    ch_alternative = system-informed
    ch_alternatives = system-informed
    ch_cordiality = system-informed
    ch_enter_at = system-informed
    ch_exit_at = system-informed
    ch_from_stop = system-informed
    ch_go_at = system-informed
    ch_headsign = system-informed
    ch_line = system-informed
    ch_num_transfers = system-informed
    ch_to_stop = system-informed
    ch_vehicle = system-informed
    
    sh_alternative = system-informed
    sh_alternatives = system-informed
    sh_cordiality = system-informed
    sh_enter_at = system-informed
    sh_exit_at = system-informed
    sh_from_stop = system-informed
    sh_go_at = system-informed
    sh_headsign = system-informed
    sh_line = system-informed
    sh_num_transfers = system-informed
    sh_to_stop = system-informed
    sh_vehicle = system-informed
    

2013-06-18-10-27-37.022906-CEST  DM-5       : DEBUG      
    DDDState
    
    Requested slots:
    {}
    Confirmed slots:
    {}
    Non-informed slots:
    {u'route_alternative': 0}

2013-06-18-10-27-37.201960-CEST  DM-5       : DEBUG      
    DM Output
    ------------------------------------------------------------
    inform(alternatives="4")&inform(alternative="1")&inform(vehicle="TRAM")&inform(line="12")&inform(go_at="10:31")&inform(enter_at="Anděl")&inform(headsign="Palmovka")&inform(exit_at="Malostranské náměstí")
    

2013-06-18-10-27-37.284348-CEST  MainProcess : INFO       
    From: DM         To: HUB        Command: dm_da_generated() 

2013-06-18-10-27-37.321216-CEST  NLG-6      : DEBUG      
    NLG Output
    ------------------------------------------------------------
    Našla jsem čtyři cesty. Možnost první. Jeďte tramvají číslo 12 v 10:31 ze zastávky Anděl směrem Palmovka. Vystupte na zastávce Malostranské náměstí.
    

2013-06-18-10-27-37.363439-CEST  MainProcess : INFO       
    From: NLG        To: HUB        Command: nlg_text_generated() 

2013-06-18-10-27-37.382944-CEST  MainProcess : INFO       
    From: TTS        To: HUB        Command: tts_start(user_id="None",text="Našla jsem čtyři cesty. Možnost první. Jeďte tramvají číslo 12 v 10:31 ze zastávky Anděl směrem Palmovka. Vystupte na zastávce Malostranské náměstí.") 

2013-06-18-10-27-37.560201-CEST  MainProcess : INFO       
    From: TTS        To: HUB        Command: tts_end(user_id="None",text="Našla jsem čtyři cesty. Možnost první. Jeďte tramvají číslo 12 v 10:31 ze zastávky Anděl směrem Palmovka. Vystupte na zastávce Malostranské náměstí.",fname="tts-2013-06-18-10-27-37.358454.wav") 

2013-06-18-10-27-38.954544-CEST  VoipIO-1   : DEBUG      
    CallCallback::on_state : Call with "777805048" <sip:777805048@195.113.20.160> is DISCONNCTD last code = 200 (Normal call clearing)

2013-06-18-10-27-39.089049-CEST  VoipIO-1   : DEBUG      
    VoipIO::on_call_disconnected

2013-06-18-10-27-39.100266-CEST  MainProcess : INFO       
    From: VoipIO     To: HUB        Command: call_disconnected(remote_uri="777805048") 

2013-06-18-10-27-39.108997-CEST  TTS-7      : DEBUG      
    From: HUB        To: TTS        Command: flush() 

2013-06-18-10-27-39.117405-CEST  SLU-4      : DEBUG      
    From: HUB        To: SLU        Command: flush() 

2013-06-18-10-27-39.125295-CEST  NLG-6      : DEBUG      
    From: HUB        To: NLG        Command: flush() 

2013-06-18-10-27-39.134030-CEST  ASR-3      : DEBUG      
    From: HUB        To: ASR        Command: flush() 

2013-06-18-10-27-39.142182-CEST  DM-5       : DEBUG      
    From: HUB        To: DM         Command: flush() 

2013-06-18-10-27-39.150267-CEST  VoipIO-1   : DEBUG      
    From: HUB        To: VoipIO     Command: flush() 

2013-06-18-10-27-39.158866-CEST  DM-5       : DEBUG      
    From: HUB        To: DM         Command: end_dialogue() 

