2013-09-03-12-25-37.333810-CEST  VoipIO-1   : DEBUG      
    CallCallback::on_state : Call with "224491394" <sip:224491394@195.113.20.160> is CONNECTING last code = 200 (OK)

2013-09-03-12-25-37.338534-CEST  VoipIO-1   : DEBUG      
    VoipIO::on_call_connecting

2013-09-03-12-25-37.344207-CEST  VoipIO-1   : DEBUG      
    CallCallback::on_state : Call with "224491394" <sip:224491394@195.113.20.160> is CONFIRMED last code = 200 (OK)

2013-09-03-12-25-37.366422-CEST  MainProcess : SYSTEM-LOG 
    config = { 'ASR': { 'Google': { 'debug': False, 'language': 'cs', 'maxresults': 20},
               'Julius': { 'adinnetport': 5530,
                           'binary': '/usr/local/bin/julius',
                           'debug': False,
                           'hostname': 'localhost',
                           'jconf': { '-adport': '5530',
                                      '-b': '1000',
                                      '-b2': '100',
                                      '-cmnload': 'cmn.param',
                                      '-cmnmapweight': '200',
                                      '-cmnsave': 'cmn.param',
                                      '-confnet': '',
                                      '-fallback1pass': '',
                                      '-gprune': 'safe',
                                      '-h': '/mnt/h/jurcicek/vystadial-git/alex/resources/asr/voip_en/hmmdefs',
                                      '-hlist': '/mnt/h/jurcicek/vystadial-git/alex/resources/asr/voip_en/tiedlist',
                                      '-htkconf': '/mnt/h/jurcicek/vystadial-git/alex/resources/asr/voip_en/config',
                                      '-input': 'adinnet',
                                      '-iwsp': '',
                                      '-iwsppenalty': '0.0',
                                      '-lmp': '15.0 0.0',
                                      '-lmp2': '15.0 0.0',
                                      '-mapunk': 'UM',
                                      '-module': '10500',
                                      '-n': '50',
                                      '-nlr': '/mnt/h/jurcicek/vystadial-git/alex/resources/lm/caminfo/julius_arpa_bigram',
                                      '-no_ccd': '',
                                      '-nrl': '/mnt/h/jurcicek/vystadial-git/alex/resources/lm/caminfo/julius_arpa_rev_bigram',
                                      '-silhead': '<s>',
                                      '-siltail': '</s>',
                                      '-spmodel': 'sp',
                                      '-tmix': '4',
                                      '-v': '/mnt/h/jurcicek/vystadial-git/alex/resources/lm/caminfo/julius_dict'},
                           'jconffile': 'julius.jconf',
                           'killall': False,
                           'logfile': 'julius.log',
                           'msg_timeout': 0.3,
                           'pidfile': 'julius.pid',
                           'reuse_server': False,
                           'serverport': 10500,
                           'start_max_wait_time': 15,
                           'start_wait_time': 0.5,
                           'timeout': 2.0},
               'Kaldi': { 'LM_scale': -6666.66,
                          'hypothesis_type': 'nblist',
                          'lat_depth': 666666,
                          'model': 'TODO_path_to_model'},
               'debug': True,
               'type': 'Google'},
      'AlexOnTheBus': { 'max_turns': 120},
      'Analytics': Analytics(account_id='UA-41905278-1', domain_name='cuni.cz'),
      'Audio': { 'sample_rate': 16000, 'samples_per_frame': 256},
      'AudioIO': { 'debug': True, 'output_dir': './aio_call_log', 'play_buffer_size': 1024},
      'DM': { 'PUfalRuleDM': { 'code_submit_url': None,
                               'db_cfg': '/mnt/h/jurcicek/vystadial-git/alex/resources/../applications/CamInfoRest/cued_data/CIRdbase_V7_noloc.txt',
                               'ontology': '/mnt/h/jurcicek/vystadial-git/alex/resources/../applications/CamInfoRest/ontology.cfg',
                               'provide_code': False},
              'UfalRuleDM': { 'code_submit_url': None,
                              'db_cfg': '/mnt/h/jurcicek/vystadial-git/alex/resources/../applications/CamInfoRest/cued_data/CIRdbase_V7_noloc.txt',
                              'ontology': '/mnt/h/jurcicek/vystadial-git/alex/resources/../applications/CamInfoRest/ontology.cfg',
                              'provide_code': False},
              'basic': { 'debug': True, 'silence_timeout': 10.0},
              'debug': True,
              'dialogue_policy': { 'type': <class 'alex.applications.AlexOnTheBus.aotb_hdc_policy.AOTBHDCPolicy'>},
              'dialogue_state': { 'type': <class 'alex.components.dm.dddstate.DeterministicDiscriminativeDialogueState'>},
              'input_timeout': 3.0,
              'ontology': '/mnt/h/jurcicek/vystadial-git/alex/applications/AlexOnTheBus/data/ontology.py',
              'type': 'basic'},
      'General': { 'debug': False, 'include': ['/mnt/h/jurcicek/vystadial-git/alex/resources/private/default.cfg']},
      'Hub': { 'history_file': 'hub_history_hub.txt', 'history_length': 1000, 'main_loop_sleep_time': 0.002},
      'Logging': { 'excepthook': ExceptionHook(
            ExceptionHook
              Hook Type: log
              Hook Logger: SystemLogger(output_dir=./call_logs, stdout_log_level='DEBUG', stdout=True, file_log_level='DEBUG')),
                   'session_logger': SessionLogger(),
                   'system_logger': SystemLogger(output_dir=/net/projects/vystadial/data/call-logs/2013-05-30-alex-aotb-prototype/new, stdout_log_level='DEBUG', stdout=True, file_log_level='DEBUG'),
                   'system_name': u'Alex On The Bus - Live',
                   'version': u'1.0'},
      'NLG': { 'Template': { 'model': '/mnt/h/jurcicek/vystadial-git/alex/applications/AlexOnTheBus/nlg_templates.cfg'},
               'debug': True,
               'type': 'Template'},
      'SHub': { 'history_file': 'hub_history_shub.txt', 'history_length': 1000},
      'SLU': { 'cl-tracing': { 'cldb_fname': '/mnt/h/jurcicek/vystadial-git/alex/applications/CamInfoRest/data/database.py',
                               'do_preprocessing': True,
                               'features_type': ('ngram', 'ab_ngram'),
                               'testing': { 'max_examples': None,
                                            'min_perc': 80,
                                            'model_fname': '/mnt/h/jurcicek/vystadial-git/alex/applications/CamInfoRest/models/130516_minf60-minfc35-mind60.slu_model.gz',
                                            'renormalise': True,
                                            'threshold': None,
                                            'vanilla': True},
                               'training': { 'abstractions': ('abstract',), 'models_dir': 'models'}},
               'debug': True,
               'type': <class 'alex.applications.AlexOnTheBus.aotb_slu.AOTBSLU'>,
               <class 'alex.applications.AlexOnTheBus.aotb_slu.AOTBSLU'>: { 'cldb_fname': '/mnt/h/jurcicek/vystadial-git/alex/applications/AlexOnTheBus/data/database.py',
                                                                            'preprocessing_cls': <class 'alex.applications.AlexOnTheBus.aotb_preprocessing.AOTBSLUPreprocessing'>,
                                                                            'training': { 'models_dir': 'models'}}},
      'THub': { 'history_file': 'hub_history_thub.txt', 'history_length': 1000},
      'TTS': { 'Flite': { 'debug': False,
                          'preprocessing': '/mnt/h/jurcicek/vystadial-git/alex/resources/tts/prep_flite_en.cfg',
                          'tempo': 1.0,
                          'voice': 'kal16'},
               'Google': { 'debug': False,
                           'language': 'en',
                           'preprocessing': '/mnt/h/jurcicek/vystadial-git/alex/resources/tts/prep_google_en.cfg',
                           'tempo': 1.0},
               'SpeechTech': { 'debug': True,
                               'login': 'filipjurcicek',
    # this line was removed since it included a password
                               'preprocessing': '/mnt/h/jurcicek/vystadial-git/alex/resources/tts/prep_speechtech_cs.cfg',
                               'tempo': 1.2,
                               'voice': 'Iva210'},
               'VoiceRSS': { 'api_key': '3b6a9fca5d724b1c8ac34691586cdda1'},
               'VoiceRss': { 'language': 'en-gb',
                             'preprocessing': '/mnt/h/jurcicek/vystadial-git/alex/resources/tts/prep_voicerss_en.cfg',
                             'tempo': 1.0},
               'debug': True,
               'in_between_segments_silence': 0.05,
               'type': 'SpeechTech'},
      'VAD': { 'debug': False,
               'decision_frames_sil': 25,
               'decision_frames_speech': 10,
               'decision_non_speech_threshold': 0.2,
               'decision_speech_threshold': 0.7,
               'gmm': { 'ceplifter': 22,
                        'enormalise': True,
                        'filter_length': 5,
                        'frameshift': 160,
                        'framesize': 512,
                        'frontend': 'MFCC',
                        'hifreq': 3800,
                        'lofreq': 125,
                        'numceps': 12,
                        'numchans': 26,
                        'preemcoef': 0.97,
                        'sil_model': '/mnt/h/jurcicek/vystadial-git/alex/resources/vad/voip_en/vad_sil_sds_mfcc_m064_f100000.gmm',
                        'speech_model': '/mnt/h/jurcicek/vystadial-git/alex/resources/vad/voip_en/vad_speech_sds_mfcc_m064_f100000.gmm',
                        'useacc': True,
                        'usec0': False,
                        'usecmn': False,
                        'usedelta': True,
                        'usehamming': True,
                        'usepower': True,
                        'zmeansource': True},
               'power': { 'adaptation_frames': 30, 'threshold': 70, 'threshold_multiplier': 1.0},
               'speech_buffer_frames': 20,
               'type': 'gmm'},
      'VoipHub': { 'blacklist_for': 7200,
                   'call_db': u'/net/projects/vystadial/data/call-logs/2013-05-30-alex-aotb-prototype/new/call_db.pckl',
                   'hard_time_limit': 360,
                   'hard_turn_limit': 120,
                   'history_length': 1000,
                   'last_period_max_num_calls': 20,
                   'last_period_max_total_time': 1800,
                   'limit_reached_message': u'D\u011bkujeme za zavol\xe1n\xed, ale u\u017e jste volali hodn\u011b. Pros\xedm zavolejte pozd\u011bji. Na shledanou.',
                   'period': 172800,
                   'pid_file': u'/net/projects/vystadial/data/call-logs/2013-05-30-alex-aotb-prototype/new/vhub_live.pid',
                   'wait_time_before_calling_back': 10},
      'VoipIO': { 'allowed_hosts': '',
                  'allowed_phone_numbers': '(^[234567])',
                  'allowed_users': '(^[234567])',
                  'debug': True,
                  'domain': 'vystadial.ms.mff.cuni.cz',
                  'forbidden_hosts': '',
                  'forbidden_phone_number': '(^112$|^150$|^155$|^156$|^158$)',
                  'forbidden_users': '(^112$|^150$|^155$|^156$|^158$)',
    # this line was removed since it included a password
                  'pjsip_log_level': 3,
                  'reject_calls': False,
                  'user': '800899998'},
      'WebHub': { 'port': 8000},
      'corpustools': { 'get_jasr_confnets': { 'frame_size': 256, 'rt_ratio': 0.2}}}

2013-09-03-12-25-37.383524-CEST  VoipIO-1   : DEBUG      
    VoipIO::on_call_confirmed

2013-09-03-12-25-37.426971-CEST  MainProcess : INFO       
    #48566  Time: 2013-09-03-12-25-37.339858-CEST From: VoipIO     To: HUB        Command: call_connecting(remote_uri="224491394") 

2013-09-03-12-25-37.435253-CEST  MainProcess : INFO       
    #48567  Time: 2013-09-03-12-25-37.385017-CEST From: VoipIO     To: HUB        Command: call_confirmed(remote_uri="224491394") 

2013-09-03-12-25-37.445121-CEST  MainProcess : INFO       
    
    ========================================================================================================================
    Incoming call from :          224491394
    ------------------------------------------------------------------------------------------------------------------------
    Total calls:                  0
    Total time (min):             0.0
    Last period total calls:      0
    Last period total time (min): 0.0
    ------------------------------------------------------------------------------------------------------------------------
    CALL ACCEPTED
    ========================================================================================================================
    

2013-09-03-12-25-37.449501-CEST  DM-5       : DEBUG      
    #48571  Time: 2013-09-03-12-25-37.441993-CEST From: HUB        To: DM         Command: new_dialogue() 

2013-09-03-12-25-37.466034-CEST  DM-5       : DEBUG      
    DM Output
    ------------------------------------------------------------
    hello()
    

2013-09-03-12-25-37.476583-CEST  MainProcess : INFO       
    #48572  Time: 2013-09-03-12-25-37.473096-CEST From: DM         To: HUB        DA: hello() 

2013-09-03-12-25-37.484658-CEST  NLG-6      : DEBUG      
    #48573  Time: 2013-09-03-12-25-37.479355-CEST From: HUB        To: NLG        DA: hello() 

2013-09-03-12-25-37.488900-CEST  NLG-6      : DEBUG      
    NLG Output
    ------------------------------------------------------------
    Dobrý den, dovolali jste se na informace o veřejné dopravě v Praze. Hovor je nahráván. Více informací o této službě je na internetu. Jak Vám mohu pomoci. 
    

2013-09-03-12-25-37.499753-CEST  MainProcess : INFO       
    #48575  Time: 2013-09-03-12-25-37.496432-CEST From: NLG        To: HUB        Command: nlg_text_generated() 

2013-09-03-12-25-37.506118-CEST  MainProcess : INFO       
    #48578  Time: 2013-09-03-12-25-37.501311-CEST From: TTS        To: HUB        Command: tts_start(user_id="None",text="Dobrý den, dovolali jste se na informace o veřejné dopravě v Praze. Hovor je nahráván. Více informací o této službě je na internetu. Jak Vám mohu pomoci. ") 

2013-09-03-12-25-37.523847-CEST  MainProcess : INFO       
    #48581  Time: 2013-09-03-12-25-37.505058-CEST From: VoipIO     To: HUB        Command: play_utterance_start(user_id="None",fname="tts-2013-09-03-12-25-37.497502.wav") 

2013-09-03-12-25-37.698517-CEST  MainProcess : INFO       
    #49205  Time: 2013-09-03-12-25-37.690952-CEST From: TTS        To: HUB        Command: tts_end(user_id="None",text="Dobrý den, dovolali jste se na informace o veřejné dopravě v Praze. Hovor je nahráván. Více informací o této službě je na internetu. Jak Vám mohu pomoci. ",fname="tts-2013-09-03-12-25-37.497502.wav",log="true") 

2013-09-03-12-25-47.306728-CEST  MainProcess : INFO       
    #49781  Time: 2013-09-03-12-25-46.869133-CEST From: VoipIO     To: HUB        Command: play_utterance_end(user_id="None",fname="tts-2013-09-03-12-25-37.497502.wav) 

2013-09-03-12-25-48.662116-CEST  MainProcess : INFO       
    #49895  Time: 2013-09-03-12-25-48.657198-CEST From: VAD        To: HUB        Command: speech_start(fname="vad-2013-09-03-12-25-48.638951.wav") 

2013-09-03-12-25-48.666831-CEST  ASR-3      : DEBUG      
    ASR: speech_start(fname="vad-2013-09-03-12-25-48.638951.wav")

2013-09-03-12-25-48.671487-CEST  MainProcess : INFO       
    #49896  Time: 2013-09-03-12-25-48.658863-CEST From: ASR        To: HUB        Command: asr_start(fname="vad-2013-09-03-12-25-48.638951.wav") 

2013-09-03-12-25-51.227312-CEST  ASR-3      : DEBUG      
    ASR: speech_end(fname="vad-2013-09-03-12-25-48.638951.wav")

2013-09-03-12-25-51.232455-CEST  MainProcess : INFO       
    #50058  Time: 2013-09-03-12-25-51.223161-CEST From: VAD        To: HUB        Command: speech_end(fname="vad-2013-09-03-12-25-48.638951.wav") 

2013-09-03-12-25-52.434437-CEST  ASR-3      : DEBUG      
    ASR Hypothesis
    ------------------------------------------------------------
    0.447 ahoj potřebuji můstku na staráku
    0.055 ahoj potřebuji můstku na statku
    0.052 a potřebuju můstku na staráku
    0.049 a potřebuju můstku na statku
    0.047 ahoj potřebuji můstku na stánku
    0.044 a potřebují můstku na staráku
    0.041 a potřebují můstku na statku
    0.038 a potřebuju můstku na stánku
    0.035 aha potřebuji můstku na staráku
    0.032 aha potřebuji můstku na statku
    0.029 a potřebuje můstku na staráku
    0.026 a potřebují můstku na stánku
    0.023 a potřebuju muziku na staráku
    0.020 ahoj potřebuji můstku na stávku
    0.017 a potřebuje můstku na statku
    0.015 a potřebuju muziku na statku
    0.012 aha potřebuji můstku na stánku
    0.009 a potřebuju můstku na stávku
    0.006 a potřebuje můstku na stánku
    0.003 a potřebuju muziku na stánku
    0.000 __other__
    

2013-09-03-12-25-52.451794-CEST  MainProcess : INFO       
    #50135  Time: 2013-09-03-12-25-52.447146-CEST From: ASR        To: HUB        Command: asr_end(fname="vad-2013-09-03-12-25-48.638951.wav") 

2013-09-03-12-25-53.517417-CEST  SLU-4      : DEBUG      
    SLU Hypothesis
    ------------------------------------------------------------
    0.569 hello()
    0.431 other()
    

2013-09-03-12-25-53.536382-CEST  MainProcess : INFO       
    #50205  Time: 2013-09-03-12-25-53.531599-CEST From: SLU        To: HUB        Command: slu_parsed(fname="vad-2013-09-03-12-25-48.638951.wav") 

2013-09-03-12-25-53.540627-CEST  DM-5       : DEBUG      
    DDDState Dialogue Act in: hello()

2013-09-03-12-25-53.544558-CEST  DM-5       : DEBUG      
    Context Resolution - Dialogue Act: hello()

2013-09-03-12-25-53.548355-CEST  DM-5       : DEBUG      
    DDDState - Dialogue state content:
    
    ludait = hello
    silence_time = 0.0
    
    
    
    

2013-09-03-12-25-53.552350-CEST  DM-5       : DEBUG      
    DDDState - Dialogue state update
    
    Requested slots:
    {}
    Confirmed slots:
    {}
    Non-informed slots:
    {u'silence_time': 0.0}

2013-09-03-12-25-53.581029-CEST  DM-5       : DEBUG      
    DM Output
    ------------------------------------------------------------
    request(from_stop)&request(to_stop)
    

2013-09-03-12-25-53.600200-CEST  MainProcess : INFO       
    #50211  Time: 2013-09-03-12-25-53.594953-CEST From: DM         To: HUB        DA: request(from_stop)&request(to_stop) 

2013-09-03-12-25-53.607927-CEST  NLG-6      : DEBUG      
    #50212  Time: 2013-09-03-12-25-53.602684-CEST From: HUB        To: NLG        DA: request(from_stop)&request(to_stop) 

2013-09-03-12-25-53.612188-CEST  NLG-6      : DEBUG      
    NLG Output
    ------------------------------------------------------------
    Odkud a kam chcete jet?
    

2013-09-03-12-25-53.629299-CEST  MainProcess : INFO       
    #50214  Time: 2013-09-03-12-25-53.625702-CEST From: NLG        To: HUB        Command: nlg_text_generated() 

2013-09-03-12-25-53.636163-CEST  MainProcess : INFO       
    #50218  Time: 2013-09-03-12-25-53.630595-CEST From: TTS        To: HUB        Command: tts_start(user_id="None",text="Odkud a kam chcete jet?") 

2013-09-03-12-25-53.653651-CEST  MainProcess : INFO       
    #50220  Time: 2013-09-03-12-25-53.632613-CEST From: VoipIO     To: HUB        Command: play_utterance_start(user_id="None",fname="tts-2013-09-03-12-25-53.627328.wav") 

2013-09-03-12-25-53.675467-CEST  MainProcess : INFO       
    #50334  Time: 2013-09-03-12-25-53.671264-CEST From: TTS        To: HUB        Command: tts_end(user_id="None",text="Odkud a kam chcete jet?",fname="tts-2013-09-03-12-25-53.627328.wav",log="true") 

2013-09-03-12-25-55.433391-CEST  MainProcess : INFO       
    #50431  Time: 2013-09-03-12-25-55.206793-CEST From: VoipIO     To: HUB        Command: play_utterance_end(user_id="None",fname="tts-2013-09-03-12-25-53.627328.wav) 

2013-09-03-12-25-56.672565-CEST  MainProcess : INFO       
    #50525  Time: 2013-09-03-12-25-56.668337-CEST From: VAD        To: HUB        Command: speech_start(fname="vad-2013-09-03-12-25-56.640994.wav") 

2013-09-03-12-25-56.676917-CEST  ASR-3      : DEBUG      
    ASR: speech_start(fname="vad-2013-09-03-12-25-56.640994.wav")

2013-09-03-12-25-56.681857-CEST  MainProcess : INFO       
    #50526  Time: 2013-09-03-12-25-56.669300-CEST From: ASR        To: HUB        Command: asr_start(fname="vad-2013-09-03-12-25-56.640994.wav") 

2013-09-03-12-25-58.961964-CEST  MainProcess : INFO       
    #50672  Time: 2013-09-03-12-25-58.957407-CEST From: VAD        To: HUB        Command: speech_end(fname="vad-2013-09-03-12-25-56.640994.wav") 

2013-09-03-12-25-58.966809-CEST  ASR-3      : DEBUG      
    ASR: speech_end(fname="vad-2013-09-03-12-25-56.640994.wav")

2013-09-03-12-25-59.608354-CEST  ASR-3      : DEBUG      
    ASR Hypothesis
    ------------------------------------------------------------
    0.502 a můstek schodová
    0.111 ahoj můstek schodová
    0.097 a mustek schodová
    0.083 aha můstek schodová
    0.069 h můstek schodová
    0.055 a můstek chodová
    0.041 můstek schodová
    0.028 a mostek schodová
    0.014 ah můstek schodová
    0.000 __other__
    

2013-09-03-12-25-59.628681-CEST  MainProcess : INFO       
    #50713  Time: 2013-09-03-12-25-59.624486-CEST From: ASR        To: HUB        Command: asr_end(fname="vad-2013-09-03-12-25-56.640994.wav") 

2013-09-03-12-26-00.255964-CEST  SLU-4      : DEBUG      
    SLU Hypothesis
    ------------------------------------------------------------
    0.945 inform(="Schodová")
    0.111 hello()
    0.055 other()
    

2013-09-03-12-26-00.272058-CEST  MainProcess : INFO       
    #50755  Time: 2013-09-03-12-26-00.267825-CEST From: SLU        To: HUB        Command: slu_parsed(fname="vad-2013-09-03-12-25-56.640994.wav") 

2013-09-03-12-26-00.275835-CEST  DM-5       : DEBUG      
    DDDState Dialogue Act in: inform(="Schodová")

2013-09-03-12-26-00.279493-CEST  DM-5       : DEBUG      
    Context Resolution - Dialogue Act: inform(from_stop="Schodová")&inform(to_stop="Schodová")&inform(="Schodová")

2013-09-03-12-26-00.282595-CEST  DM-5       : DEBUG      
    DDDState - Dialogue state content:
    
    ludait = none
    alternative = none
    from_centre = none
    from_stop = Schodová
    silence_time = 0.0
    time = none
    to_centre = none
    to_stop = Schodová
    
    
    
    

2013-09-03-12-26-00.286171-CEST  DM-5       : DEBUG      
    DDDState - Dialogue state update
    
    Requested slots:
    {}
    Confirmed slots:
    {}
    Non-informed slots:
    {u'to_stop': u'Schodov\xe1', u'silence_time': 0.0, u'from_stop': u'Schodov\xe1'}

2013-09-03-12-26-00.316220-CEST  DM-5       : DEBUG      
    DM Output
    ------------------------------------------------------------
    iconfirm(to_stop="Schodová")&iconfirm(from_stop="Schodová")&apology()&inform(stops_conflict="thesame")&inform(from_stop="Schodová")&inform(to_stop="Schodová")
    

2013-09-03-12-26-00.330398-CEST  MainProcess : INFO       
    #50761  Time: 2013-09-03-12-26-00.327313-CEST From: DM         To: HUB        DA: iconfirm(to_stop="Schodová")&iconfirm(from_stop="Schodová")&apology()&inform(stops_conflict="thesame")&inform(from_stop="Schodová")&inform(to_stop="Schodová") 

2013-09-03-12-26-00.338231-CEST  NLG-6      : DEBUG      
    #50762  Time: 2013-09-03-12-26-00.332739-CEST From: HUB        To: NLG        DA: iconfirm(to_stop="Schodová")&iconfirm(from_stop="Schodová")&apology()&inform(stops_conflict="thesame")&inform(from_stop="Schodová")&inform(to_stop="Schodová") 

2013-09-03-12-26-00.359794-CEST  NLG-6      : DEBUG      
    NLG Output
    ------------------------------------------------------------
    Do zastávky Schodová. Ze zastávky Schodová. Promiňte. Něco tady mám špatně. Jméno výchozí a cílové zastávky je stejné. Ze zastávky Schodová. Do zastávky Schodová.
    

2013-09-03-12-26-00.377663-CEST  MainProcess : INFO       
    #50767  Time: 2013-09-03-12-26-00.374298-CEST From: NLG        To: HUB        Command: nlg_text_generated() 

2013-09-03-12-26-00.383117-CEST  MainProcess : INFO       
    #50769  Time: 2013-09-03-12-26-00.378694-CEST From: TTS        To: HUB        Command: tts_start(user_id="None",text="Do zastávky Schodová. Ze zastávky Schodová. Promiňte. Něco tady mám špatně. Jméno výchozí a cílové zastávky je stejné. Ze zastávky Schodová. Do zastávky Schodová.") 

2013-09-03-12-26-00.399274-CEST  MainProcess : INFO       
    #50771  Time: 2013-09-03-12-26-00.381505-CEST From: VoipIO     To: HUB        Command: play_utterance_start(user_id="None",fname="tts-2013-09-03-12-26-00.375815.wav") 

2013-09-03-12-26-01.748837-CEST  MainProcess : INFO       
    #51576  Time: 2013-09-03-12-26-01.740331-CEST From: TTS        To: HUB        Command: tts_end(user_id="None",text="Do zastávky Schodová. Ze zastávky Schodová. Promiňte. Něco tady mám špatně. Jméno výchozí a cílové zastávky je stejné. Ze zastávky Schodová. Do zastávky Schodová.",fname="tts-2013-09-03-12-26-00.375815.wav",log="true") 

2013-09-03-12-26-12.330222-CEST  MainProcess : INFO       
    #52218  Time: 2013-09-03-12-26-11.993331-CEST From: VoipIO     To: HUB        Command: play_utterance_end(user_id="None",fname="tts-2013-09-03-12-26-00.375815.wav) 

2013-09-03-12-26-13.708580-CEST  MainProcess : INFO       
    #52327  Time: 2013-09-03-12-26-13.703815-CEST From: VAD        To: HUB        Command: speech_start(fname="vad-2013-09-03-12-26-13.665120.wav") 

2013-09-03-12-26-13.713212-CEST  ASR-3      : DEBUG      
    ASR: speech_start(fname="vad-2013-09-03-12-26-13.665120.wav")

2013-09-03-12-26-13.718120-CEST  MainProcess : INFO       
    #52328  Time: 2013-09-03-12-26-13.705958-CEST From: ASR        To: HUB        Command: asr_start(fname="vad-2013-09-03-12-26-13.665120.wav") 

2013-09-03-12-26-16.784010-CEST  ASR-3      : DEBUG      
    ASR: speech_end(fname="vad-2013-09-03-12-26-13.665120.wav")

2013-09-03-12-26-16.788401-CEST  MainProcess : INFO       
    #52522  Time: 2013-09-03-12-26-16.779703-CEST From: VAD        To: HUB        Command: speech_end(fname="vad-2013-09-03-12-26-13.665120.wav") 

2013-09-03-12-26-17.981651-CEST  ASR-3      : DEBUG      
    ASR Hypothesis
    ------------------------------------------------------------
    0.826 z můstek do schodová
    0.035 z můstek do chodova
    0.031 zs můstek do schodová
    0.027 z můstek do schodova
    0.023 zet můstek do schodová
    0.019 sz můstek do schodová
    0.015 ze můstek do schodová
    0.012 zz můstek do schodová
    0.008 zetor můstek do schodová
    0.004 z můstek do schodová i
    0.000 __other__
    

2013-09-03-12-26-18.009674-CEST  MainProcess : INFO       
    #52599  Time: 2013-09-03-12-26-18.003792-CEST From: ASR        To: HUB        Command: asr_end(fname="vad-2013-09-03-12-26-13.665120.wav") 

2013-09-03-12-26-18.733718-CEST  SLU-4      : DEBUG      
    SLU Hypothesis
    ------------------------------------------------------------
    0.965 inform(to_stop="Schodová")
    0.035 inform(to_stop="Chodov")
    

2013-09-03-12-26-18.753336-CEST  MainProcess : INFO       
    #52649  Time: 2013-09-03-12-26-18.750475-CEST From: SLU        To: HUB        Command: slu_parsed(fname="vad-2013-09-03-12-26-13.665120.wav") 

2013-09-03-12-26-18.757147-CEST  DM-5       : DEBUG      
    DDDState Dialogue Act in: inform(to_stop="Schodová")

2013-09-03-12-26-18.760708-CEST  DM-5       : DEBUG      
    Context Resolution - Dialogue Act: inform(to_stop="Schodová")

2013-09-03-12-26-18.764600-CEST  DM-5       : DEBUG      
    DDDState - Dialogue state content:
    
    ludait = none
    alternative = none
    from_centre = none
    from_stop = Schodová
    silence_time = 0.0
    time = none
    to_centre = none
    to_stop = Schodová
    
    rh_from_stop = system-informed
    rh_stops_conflict = system-informed
    rh_to_stop = system-informed
    
    ch_from_stop = system-informed
    ch_stops_conflict = system-informed
    ch_to_stop = system-informed
    
    sh_from_stop = system-informed
    sh_stops_conflict = system-informed
    sh_to_stop = system-informed
    

2013-09-03-12-26-18.768408-CEST  DM-5       : DEBUG      
    DDDState - Dialogue state update
    
    Requested slots:
    {}
    Confirmed slots:
    {}
    Non-informed slots:
    {u'silence_time': 0.0}

2013-09-03-12-26-18.798084-CEST  DM-5       : DEBUG      
    DM Output
    ------------------------------------------------------------
    apology()&inform(stops_conflict="thesame")&inform(from_stop="Schodová")&inform(to_stop="Schodová")
    

2013-09-03-12-26-18.817854-CEST  MainProcess : INFO       
    #52655  Time: 2013-09-03-12-26-18.812205-CEST From: DM         To: HUB        DA: apology()&inform(stops_conflict="thesame")&inform(from_stop="Schodová")&inform(to_stop="Schodová") 

2013-09-03-12-26-18.825714-CEST  NLG-6      : DEBUG      
    #52656  Time: 2013-09-03-12-26-18.820548-CEST From: HUB        To: NLG        DA: apology()&inform(stops_conflict="thesame")&inform(from_stop="Schodová")&inform(to_stop="Schodová") 

2013-09-03-12-26-18.832157-CEST  NLG-6      : DEBUG      
    NLG Output
    ------------------------------------------------------------
    Něco tady mám špatně. Předpokládám, že nechcete jet ze stanice Schodová do stanice Schodová.
    

2013-09-03-12-26-18.850675-CEST  MainProcess : INFO       
    #52660  Time: 2013-09-03-12-26-18.846926-CEST From: NLG        To: HUB        Command: nlg_text_generated() 

2013-09-03-12-26-18.854178-CEST  MainProcess : INFO       
    #52662  Time: 2013-09-03-12-26-18.847465-CEST From: TTS        To: HUB        Command: tts_start(user_id="None",text="Něco tady mám špatně. Předpokládám, že nechcete jet ze stanice Schodová do stanice Schodová.") 

2013-09-03-12-26-18.872153-CEST  MainProcess : INFO       
    #52665  Time: 2013-09-03-12-26-18.850349-CEST From: VoipIO     To: HUB        Command: play_utterance_start(user_id="None",fname="tts-2013-09-03-12-26-18.847282.wav") 

2013-09-03-12-26-20.310548-CEST  MainProcess : INFO       
    #53101  Time: 2013-09-03-12-26-20.305759-CEST From: TTS        To: HUB        Command: tts_end(user_id="None",text="Něco tady mám špatně. Předpokládám, že nechcete jet ze stanice Schodová do stanice Schodová.",fname="tts-2013-09-03-12-26-18.847282.wav",log="true") 

2013-09-03-12-26-24.426368-CEST  MainProcess : INFO       
    #53318  Time: 2013-09-03-12-26-23.761287-CEST From: VoipIO     To: HUB        Command: play_utterance_end(user_id="None",fname="tts-2013-09-03-12-26-18.847282.wav) 

2013-09-03-12-26-26.899542-CEST  ASR-3      : DEBUG      
    ASR: speech_start(fname="vad-2013-09-03-12-26-26.844254.wav")

2013-09-03-12-26-26.904480-CEST  MainProcess : INFO       
    #53516  Time: 2013-09-03-12-26-26.895695-CEST From: VAD        To: HUB        Command: speech_start(fname="vad-2013-09-03-12-26-26.844254.wav") 

2013-09-03-12-26-26.911551-CEST  MainProcess : INFO       
    #53517  Time: 2013-09-03-12-26-26.895938-CEST From: ASR        To: HUB        Command: asr_start(fname="vad-2013-09-03-12-26-26.844254.wav") 

2013-09-03-12-26-27.262148-CEST  ASR-3      : DEBUG      
    ASR: speech_end(fname="vad-2013-09-03-12-26-26.844254.wav")

2013-09-03-12-26-27.266816-CEST  MainProcess : INFO       
    #53543  Time: 2013-09-03-12-26-27.258384-CEST From: VAD        To: HUB        Command: speech_end(fname="vad-2013-09-03-12-26-26.844254.wav") 

2013-09-03-12-26-27.574510-CEST  ASR-3      : DEBUG      
    ASR Hypothesis
    ------------------------------------------------------------
    0.777 ano
    0.089 anno
    0.067 hovno
    0.045 porno
    0.022 no
    0.000 __other__
    

2013-09-03-12-26-27.609495-CEST  MainProcess : INFO       
    #53564  Time: 2013-09-03-12-26-27.604120-CEST From: ASR        To: HUB        Command: asr_end(fname="vad-2013-09-03-12-26-26.844254.wav") 

2013-09-03-12-26-27.974121-CEST  SLU-4      : DEBUG      
    SLU Hypothesis
    ------------------------------------------------------------
    0.777 affirm()
    0.223 other()
    

2013-09-03-12-26-28.018382-CEST  DM-5       : DEBUG      
    DDDState Dialogue Act in: affirm()

2013-09-03-12-26-28.023270-CEST  MainProcess : INFO       
    #53594  Time: 2013-09-03-12-26-28.012828-CEST From: SLU        To: HUB        Command: slu_parsed(fname="vad-2013-09-03-12-26-26.844254.wav") 

2013-09-03-12-26-28.028157-CEST  DM-5       : DEBUG      
    Context Resolution - Dialogue Act: affirm()

2013-09-03-12-26-28.033497-CEST  DM-5       : DEBUG      
    DDDState - Dialogue state content:
    
    ludait = none
    alternative = none
    from_centre = none
    from_stop = Schodová
    silence_time = 0.0
    time = none
    to_centre = none
    to_stop = Schodová
    
    rh_from_stop = system-informed
    rh_stops_conflict = system-informed
    rh_to_stop = system-informed
    
    ch_from_stop = system-informed
    ch_stops_conflict = system-informed
    ch_to_stop = system-informed
    
    sh_from_stop = system-informed
    sh_stops_conflict = system-informed
    sh_to_stop = system-informed
    

2013-09-03-12-26-28.038263-CEST  DM-5       : DEBUG      
    DDDState - Dialogue state update
    
    Requested slots:
    {}
    Confirmed slots:
    {}
    Non-informed slots:
    {u'silence_time': 0.0}

2013-09-03-12-26-28.256479-CEST  DM-5       : DEBUG      
    DM Output
    ------------------------------------------------------------
    apology()&inform(stops_conflict="thesame")&inform(from_stop="Schodová")&inform(to_stop="Schodová")
    

2013-09-03-12-26-28.306851-CEST  MainProcess : INFO       
    #53612  Time: 2013-09-03-12-26-28.301061-CEST From: DM         To: HUB        DA: apology()&inform(stops_conflict="thesame")&inform(from_stop="Schodová")&inform(to_stop="Schodová") 

2013-09-03-12-26-28.314504-CEST  NLG-6      : DEBUG      
    #53613  Time: 2013-09-03-12-26-28.309634-CEST From: HUB        To: NLG        DA: apology()&inform(stops_conflict="thesame")&inform(from_stop="Schodová")&inform(to_stop="Schodová") 

2013-09-03-12-26-28.328037-CEST  NLG-6      : DEBUG      
    NLG Output
    ------------------------------------------------------------
    Něco tady mám špatně. Předpokládám, že nechcete jet ze zastávky Schodová do zastávky Schodová.
    

2013-09-03-12-26-28.462569-CEST  MainProcess : INFO       
    #53626  Time: 2013-09-03-12-26-28.457744-CEST From: NLG        To: HUB        Command: nlg_text_generated() 

2013-09-03-12-26-28.471598-CEST  MainProcess : INFO       
    #53628  Time: 2013-09-03-12-26-28.463910-CEST From: TTS        To: HUB        Command: tts_start(user_id="None",text="Něco tady mám špatně. Předpokládám, že nechcete jet ze zastávky Schodová do zastávky Schodová.") 

2013-09-03-12-26-28.521010-CEST  MainProcess : INFO       
    #53630  Time: 2013-09-03-12-26-28.465527-CEST From: VoipIO     To: HUB        Command: play_utterance_start(user_id="None",fname="tts-2013-09-03-12-26-28.460195.wav") 

2013-09-03-12-26-29.528044-CEST  MainProcess : INFO       
    #54063  Time: 2013-09-03-12-26-29.521536-CEST From: TTS        To: HUB        Command: tts_end(user_id="None",text="Něco tady mám špatně. Předpokládám, že nechcete jet ze zastávky Schodová do zastávky Schodová.",fname="tts-2013-09-03-12-26-28.460195.wav",log="true") 

2013-09-03-12-26-34.408899-CEST  MainProcess : INFO       
    #54348  Time: 2013-09-03-12-26-34.022717-CEST From: VoipIO     To: HUB        Command: play_utterance_end(user_id="None",fname="tts-2013-09-03-12-26-28.460195.wav) 

2013-09-03-12-26-37.418623-CEST  DM-5       : DEBUG      
    #54561  Time: 2013-09-03-12-26-37.412030-CEST From: HUB        To: DM         Command: timeout(silence_time="3.002") 

2013-09-03-12-26-37.422446-CEST  DM-5       : DEBUG      
    DDDState Dialogue Act in: silence(time="3.002")

2013-09-03-12-26-37.426470-CEST  DM-5       : DEBUG      
    Context Resolution - Dialogue Act: silence(time="3.002")

2013-09-03-12-26-37.430809-CEST  DM-5       : DEBUG      
    DDDState - Dialogue state content:
    
    ludait = silence
    alternative = none
    from_centre = none
    from_stop = Schodová
    silence_time = 3.002
    time = none
    to_centre = none
    to_stop = Schodová
    
    rh_from_stop = system-informed
    rh_stops_conflict = system-informed
    rh_to_stop = system-informed
    
    ch_from_stop = system-informed
    ch_stops_conflict = system-informed
    ch_to_stop = system-informed
    
    sh_from_stop = system-informed
    sh_stops_conflict = system-informed
    sh_to_stop = system-informed
    

2013-09-03-12-26-37.434893-CEST  DM-5       : DEBUG      
    DDDState - Dialogue state update
    
    Requested slots:
    {}
    Confirmed slots:
    {}
    Non-informed slots:
    {u'silence_time': 3.002}

2013-09-03-12-26-37.439009-CEST  DM-5       : DEBUG      
    DM Output
    ------------------------------------------------------------
    silence()
    

2013-09-03-12-26-37.511210-CEST  MainProcess : INFO       
    #54566  Time: 2013-09-03-12-26-37.505537-CEST From: DM         To: HUB        DA: silence() 

2013-09-03-12-26-40.419285-CEST  DM-5       : DEBUG      
    #54749  Time: 2013-09-03-12-26-40.412970-CEST From: HUB        To: DM         Command: timeout(silence_time="6.003") 

2013-09-03-12-26-40.423390-CEST  DM-5       : DEBUG      
    DDDState Dialogue Act in: silence(time="6.003")

2013-09-03-12-26-40.427387-CEST  DM-5       : DEBUG      
    Context Resolution - Dialogue Act: silence(time="6.003")

2013-09-03-12-26-40.431632-CEST  DM-5       : DEBUG      
    DDDState - Dialogue state content:
    
    ludait = silence
    alternative = none
    from_centre = none
    from_stop = Schodová
    silence_time = 6.003
    time = none
    to_centre = none
    to_stop = Schodová
    
    rh_from_stop = system-informed
    rh_stops_conflict = system-informed
    rh_to_stop = system-informed
    
    ch_from_stop = system-informed
    ch_stops_conflict = system-informed
    ch_to_stop = system-informed
    
    sh_from_stop = system-informed
    sh_stops_conflict = system-informed
    sh_to_stop = system-informed
    

2013-09-03-12-26-40.435989-CEST  DM-5       : DEBUG      
    DDDState - Dialogue state update
    
    Requested slots:
    {}
    Confirmed slots:
    {}
    Non-informed slots:
    {u'silence_time': 6.003}

2013-09-03-12-26-40.440252-CEST  DM-5       : DEBUG      
    DM Output
    ------------------------------------------------------------
    silence()
    

2013-09-03-12-26-40.510713-CEST  MainProcess : INFO       
    #54756  Time: 2013-09-03-12-26-40.505401-CEST From: DM         To: HUB        DA: silence() 

2013-09-03-12-26-40.965480-CEST  VoipIO-1   : INFO       
    12:26:40.962    pjsua_acc.c  ....<sip:800899998@vystadial.ms.mff.cuni.cz>: registration success, status=200 (OK), will re-register in 300 seconds
    

2013-09-03-12-26-43.420141-CEST  DM-5       : DEBUG      
    #54937  Time: 2013-09-03-12-26-43.414705-CEST From: HUB        To: DM         Command: timeout(silence_time="9.004") 

2013-09-03-12-26-43.424311-CEST  DM-5       : DEBUG      
    DDDState Dialogue Act in: silence(time="9.004")

2013-09-03-12-26-43.428446-CEST  DM-5       : DEBUG      
    Context Resolution - Dialogue Act: silence(time="9.004")

2013-09-03-12-26-43.432793-CEST  DM-5       : DEBUG      
    DDDState - Dialogue state content:
    
    ludait = silence
    alternative = none
    from_centre = none
    from_stop = Schodová
    silence_time = 9.004
    time = none
    to_centre = none
    to_stop = Schodová
    
    rh_from_stop = system-informed
    rh_stops_conflict = system-informed
    rh_to_stop = system-informed
    
    ch_from_stop = system-informed
    ch_stops_conflict = system-informed
    ch_to_stop = system-informed
    
    sh_from_stop = system-informed
    sh_stops_conflict = system-informed
    sh_to_stop = system-informed
    

2013-09-03-12-26-43.436627-CEST  DM-5       : DEBUG      
    DDDState - Dialogue state update
    
    Requested slots:
    {}
    Confirmed slots:
    {}
    Non-informed slots:
    {u'silence_time': 9.004}

2013-09-03-12-26-43.440816-CEST  DM-5       : DEBUG      
    DM Output
    ------------------------------------------------------------
    silence()
    

2013-09-03-12-26-43.507983-CEST  MainProcess : INFO       
    #54946  Time: 2013-09-03-12-26-43.502648-CEST From: DM         To: HUB        DA: silence() 

2013-09-03-12-26-46.421529-CEST  DM-5       : DEBUG      
    #55127  Time: 2013-09-03-12-26-46.416158-CEST From: HUB        To: DM         Command: timeout(silence_time="12.006") 

2013-09-03-12-26-46.425466-CEST  DM-5       : DEBUG      
    DDDState Dialogue Act in: silence(time="12.006")

2013-09-03-12-26-46.429693-CEST  DM-5       : DEBUG      
    Context Resolution - Dialogue Act: silence(time="12.006")

2013-09-03-12-26-46.434185-CEST  DM-5       : DEBUG      
    DDDState - Dialogue state content:
    
    ludait = silence
    alternative = none
    from_centre = none
    from_stop = Schodová
    silence_time = 12.006
    time = none
    to_centre = none
    to_stop = Schodová
    
    rh_from_stop = system-informed
    rh_stops_conflict = system-informed
    rh_to_stop = system-informed
    
    ch_from_stop = system-informed
    ch_stops_conflict = system-informed
    ch_to_stop = system-informed
    
    sh_from_stop = system-informed
    sh_stops_conflict = system-informed
    sh_to_stop = system-informed
    

2013-09-03-12-26-46.438551-CEST  DM-5       : DEBUG      
    DDDState - Dialogue state update
    
    Requested slots:
    {}
    Confirmed slots:
    {}
    Non-informed slots:
    {u'silence_time': 12.006}

2013-09-03-12-26-46.442846-CEST  DM-5       : DEBUG      
    DM Output
    ------------------------------------------------------------
    inform(silence_timeout="true")
    

2013-09-03-12-26-46.515378-CEST  MainProcess : INFO       
    #55136  Time: 2013-09-03-12-26-46.511717-CEST From: DM         To: HUB        DA: inform(silence_timeout="true") 

2013-09-03-12-26-46.522452-CEST  NLG-6      : DEBUG      
    #55137  Time: 2013-09-03-12-26-46.518182-CEST From: HUB        To: NLG        DA: inform(silence_timeout="true") 

2013-09-03-12-26-46.526108-CEST  NLG-6      : DEBUG      
    NLG Output
    ------------------------------------------------------------
    Haló, jste tam ještě?
    

2013-09-03-12-26-46.565617-CEST  MainProcess : INFO       
    #55141  Time: 2013-09-03-12-26-46.558694-CEST From: NLG        To: HUB        Command: nlg_text_generated() 

2013-09-03-12-26-46.570118-CEST  MainProcess : INFO       
    #55143  Time: 2013-09-03-12-26-46.559522-CEST From: TTS        To: HUB        Command: tts_start(user_id="None",text="Haló, jste tam ještě?") 

2013-09-03-12-26-46.609310-CEST  MainProcess : INFO       
    #55145  Time: 2013-09-03-12-26-46.560687-CEST From: VoipIO     To: HUB        Command: play_utterance_start(user_id="None",fname="tts-2013-09-03-12-26-46.559313.wav") 

2013-09-03-12-26-46.613404-CEST  MainProcess : INFO       
    #55253  Time: 2013-09-03-12-26-46.604907-CEST From: TTS        To: HUB        Command: tts_end(user_id="None",text="Haló, jste tam ještě?",fname="tts-2013-09-03-12-26-46.559313.wav",log="true") 

2013-09-03-12-26-48.296943-CEST  MainProcess : INFO       
    #55358  Time: 2013-09-03-12-26-48.237785-CEST From: VoipIO     To: HUB        Command: play_utterance_end(user_id="None",fname="tts-2013-09-03-12-26-46.559313.wav) 

2013-09-03-12-26-49.603938-CEST  MainProcess : INFO       
    #55444  Time: 2013-09-03-12-26-49.599300-CEST From: VAD        To: HUB        Command: speech_start(fname="vad-2013-09-03-12-26-49.529559.wav") 

2013-09-03-12-26-49.608671-CEST  ASR-3      : DEBUG      
    ASR: speech_start(fname="vad-2013-09-03-12-26-49.529559.wav")

2013-09-03-12-26-49.614087-CEST  MainProcess : INFO       
    #55445  Time: 2013-09-03-12-26-49.601163-CEST From: ASR        To: HUB        Command: asr_start(fname="vad-2013-09-03-12-26-49.529559.wav") 

2013-09-03-12-26-50.139324-CEST  MainProcess : INFO       
    #55479  Time: 2013-09-03-12-26-50.134299-CEST From: VAD        To: HUB        Command: speech_end(fname="vad-2013-09-03-12-26-49.529559.wav") 

2013-09-03-12-26-50.143941-CEST  ASR-3      : DEBUG      
    ASR: speech_end(fname="vad-2013-09-03-12-26-49.529559.wav")

2013-09-03-12-26-50.436340-CEST  ASR-3      : DEBUG      
    ASR Hypothesis
    ------------------------------------------------------------
    0.799 ano
    0.081 anno
    0.060 porno
    0.040 ano ne
    0.020 ono
    0.000 __other__
    

2013-09-03-12-26-50.495670-CEST  MainProcess : INFO       
    #55504  Time: 2013-09-03-12-26-50.490913-CEST From: ASR        To: HUB        Command: asr_end(fname="vad-2013-09-03-12-26-49.529559.wav") 

2013-09-03-12-26-50.850477-CEST  SLU-4      : DEBUG      
    SLU Hypothesis
    ------------------------------------------------------------
    0.839 affirm()
    0.161 other()
    0.040 negate()
    

2013-09-03-12-26-50.903645-CEST  MainProcess : INFO       
    #55530  Time: 2013-09-03-12-26-50.899277-CEST From: SLU        To: HUB        Command: slu_parsed(fname="vad-2013-09-03-12-26-49.529559.wav") 

2013-09-03-12-26-50.907740-CEST  DM-5       : DEBUG      
    DDDState Dialogue Act in: affirm()

2013-09-03-12-26-50.912232-CEST  DM-5       : DEBUG      
    Context Resolution - Dialogue Act: affirm()

2013-09-03-12-26-50.916943-CEST  DM-5       : DEBUG      
    DDDState - Dialogue state content:
    
    ludait = none
    alternative = none
    from_centre = none
    from_stop = Schodová
    silence_time = 0.0
    time = none
    to_centre = none
    to_stop = Schodová
    
    rh_from_stop = system-informed
    rh_silence_timeout = system-informed
    rh_stops_conflict = system-informed
    rh_to_stop = system-informed
    
    ch_from_stop = system-informed
    ch_silence_timeout = system-informed
    ch_stops_conflict = system-informed
    ch_to_stop = system-informed
    
    sh_from_stop = system-informed
    sh_silence_timeout = system-informed
    sh_stops_conflict = system-informed
    sh_to_stop = system-informed
    

2013-09-03-12-26-50.921502-CEST  DM-5       : DEBUG      
    DDDState - Dialogue state update
    
    Requested slots:
    {}
    Confirmed slots:
    {}
    Non-informed slots:
    {u'silence_time': 0.0}

2013-09-03-12-26-51.030181-CEST  DM-5       : DEBUG      
    DM Output
    ------------------------------------------------------------
    apology()&inform(stops_conflict="thesame")&inform(from_stop="Schodová")&inform(to_stop="Schodová")
    

2013-09-03-12-26-51.092268-CEST  MainProcess : INFO       
    #55544  Time: 2013-09-03-12-26-51.087195-CEST From: DM         To: HUB        DA: apology()&inform(stops_conflict="thesame")&inform(from_stop="Schodová")&inform(to_stop="Schodová") 

2013-09-03-12-26-51.100251-CEST  NLG-6      : DEBUG      
    #55545  Time: 2013-09-03-12-26-51.095266-CEST From: HUB        To: NLG        DA: apology()&inform(stops_conflict="thesame")&inform(from_stop="Schodová")&inform(to_stop="Schodová") 

2013-09-03-12-26-51.114457-CEST  NLG-6      : DEBUG      
    NLG Output
    ------------------------------------------------------------
    Je mi líto, ale asi jsem Vám špatně rozuměla. Předpokládám, že nechcete jet ze stanice Schodová do stanice Schodová.
    

2013-09-03-12-26-51.171765-CEST  MainProcess : INFO       
    #55553  Time: 2013-09-03-12-26-51.167726-CEST From: NLG        To: HUB        Command: nlg_text_generated() 

2013-09-03-12-26-51.179699-CEST  MainProcess : INFO       
    #55556  Time: 2013-09-03-12-26-51.173474-CEST From: TTS        To: HUB        Command: tts_start(user_id="None",text="Je mi líto, ale asi jsem Vám špatně rozuměla. Předpokládám, že nechcete jet ze stanice Schodová do stanice Schodová.") 

2013-09-03-12-26-51.233295-CEST  MainProcess : INFO       
    #55558  Time: 2013-09-03-12-26-51.175673-CEST From: VoipIO     To: HUB        Command: play_utterance_start(user_id="None",fname="tts-2013-09-03-12-26-51.169908.wav") 

2013-09-03-12-26-51.340408-CEST  MainProcess : INFO       
    #55997  Time: 2013-09-03-12-26-51.334126-CEST From: TTS        To: HUB        Command: tts_end(user_id="None",text="Je mi líto, ale asi jsem Vám špatně rozuměla. Předpokládám, že nechcete jet ze stanice Schodová do stanice Schodová.",fname="tts-2013-09-03-12-26-51.169908.wav",log="true") 

2013-09-03-12-26-58.091633-CEST  MainProcess : INFO       
    #56378  Time: 2013-09-03-12-26-57.426391-CEST From: VoipIO     To: HUB        Command: play_utterance_end(user_id="None",fname="tts-2013-09-03-12-26-51.169908.wav) 

2013-09-03-12-26-59.832145-CEST  ASR-3      : DEBUG      
    ASR: speech_start(fname="vad-2013-09-03-12-26-59.745842.wav")

2013-09-03-12-26-59.837274-CEST  MainProcess : INFO       
    #56532  Time: 2013-09-03-12-26-59.828009-CEST From: VAD        To: HUB        Command: speech_start(fname="vad-2013-09-03-12-26-59.745842.wav") 

2013-09-03-12-26-59.843919-CEST  MainProcess : INFO       
    #56533  Time: 2013-09-03-12-26-59.828238-CEST From: ASR        To: HUB        Command: asr_start(fname="vad-2013-09-03-12-26-59.745842.wav") 

2013-09-03-12-27-00.447497-CEST  ASR-3      : DEBUG      
    ASR: speech_end(fname="vad-2013-09-03-12-26-59.745842.wav")

2013-09-03-12-27-00.452141-CEST  MainProcess : INFO       
    #56573  Time: 2013-09-03-12-27-00.443400-CEST From: VAD        To: HUB        Command: speech_end(fname="vad-2013-09-03-12-26-59.745842.wav") 

2013-09-03-12-27-00.700912-CEST  ASR-3      : DEBUG      
    ASR Hypothesis
    ------------------------------------------------------------
    0.933 nechci
    0.027 nechci tě
    0.020 nechci to
    0.013 nechci a
    0.007 nechci nic
    0.000 __other__
    

2013-09-03-12-27-00.747507-CEST  MainProcess : INFO       
    #56592  Time: 2013-09-03-12-27-00.742949-CEST From: ASR        To: HUB        Command: asr_end(fname="vad-2013-09-03-12-26-59.745842.wav") 

2013-09-03-12-27-01.133992-CEST  SLU-4      : DEBUG      
    SLU Hypothesis
    ------------------------------------------------------------
    1.000 other()
    

2013-09-03-12-27-01.189286-CEST  MainProcess : INFO       
    #56622  Time: 2013-09-03-12-27-01.183401-CEST From: SLU        To: HUB        Command: slu_parsed(fname="vad-2013-09-03-12-26-59.745842.wav") 

2013-09-03-12-27-01.193711-CEST  DM-5       : DEBUG      
    DDDState Dialogue Act in: other()

2013-09-03-12-27-01.198078-CEST  DM-5       : DEBUG      
    Context Resolution - Dialogue Act: other()

2013-09-03-12-27-01.202681-CEST  DM-5       : DEBUG      
    DDDState - Dialogue state content:
    
    ludait = other
    alternative = none
    from_centre = none
    from_stop = Schodová
    silence_time = 0.0
    time = none
    to_centre = none
    to_stop = Schodová
    
    rh_from_stop = system-informed
    rh_silence_timeout = system-informed
    rh_stops_conflict = system-informed
    rh_to_stop = system-informed
    
    ch_from_stop = system-informed
    ch_silence_timeout = system-informed
    ch_stops_conflict = system-informed
    ch_to_stop = system-informed
    
    sh_from_stop = system-informed
    sh_silence_timeout = system-informed
    sh_stops_conflict = system-informed
    sh_to_stop = system-informed
    

2013-09-03-12-27-01.207014-CEST  DM-5       : DEBUG      
    DDDState - Dialogue state update
    
    Requested slots:
    {}
    Confirmed slots:
    {}
    Non-informed slots:
    {u'silence_time': 0.0}

2013-09-03-12-27-01.303049-CEST  DM-5       : DEBUG      
    DM Output
    ------------------------------------------------------------
    notunderstood()
    

2013-09-03-12-27-01.357350-CEST  MainProcess : INFO       
    #56636  Time: 2013-09-03-12-27-01.351448-CEST From: DM         To: HUB        DA: notunderstood() 

2013-09-03-12-27-01.365572-CEST  NLG-6      : DEBUG      
    #56637  Time: 2013-09-03-12-27-01.360198-CEST From: HUB        To: NLG        DA: notunderstood() 

2013-09-03-12-27-01.370046-CEST  NLG-6      : DEBUG      
    NLG Output
    ------------------------------------------------------------
    Promiňte, nerozuměla jsem.
    

2013-09-03-12-27-01.425597-CEST  MainProcess : INFO       
    #56642  Time: 2013-09-03-12-27-01.420532-CEST From: NLG        To: HUB        Command: nlg_text_generated() 

2013-09-03-12-27-01.429505-CEST  MainProcess : INFO       
    #56644  Time: 2013-09-03-12-27-01.421363-CEST From: TTS        To: HUB        Command: tts_start(user_id="None",text="Promiňte, nerozuměla jsem.") 

2013-09-03-12-27-01.489085-CEST  MainProcess : INFO       
    #56646  Time: 2013-09-03-12-27-01.422642-CEST From: VoipIO     To: HUB        Command: play_utterance_start(user_id="None",fname="tts-2013-09-03-12-27-01.421153.wav") 

2013-09-03-12-27-01.498173-CEST  MainProcess : INFO       
    #56777  Time: 2013-09-03-12-27-01.493881-CEST From: TTS        To: HUB        Command: tts_end(user_id="None",text="Promiňte, nerozuměla jsem.",fname="tts-2013-09-03-12-27-01.421153.wav",log="true") 

2013-09-03-12-27-03.530432-CEST  MainProcess : INFO       
    #56866  Time: 2013-09-03-12-27-02.920608-CEST From: VoipIO     To: HUB        Command: play_utterance_end(user_id="None",fname="tts-2013-09-03-12-27-01.421153.wav) 

2013-09-03-12-27-05.290315-CEST  MainProcess : INFO       
    #57016  Time: 2013-09-03-12-27-05.285031-CEST From: VAD        To: HUB        Command: speech_start(fname="vad-2013-09-03-12-27-05.185104.wav") 

2013-09-03-12-27-05.295128-CEST  ASR-3      : DEBUG      
    ASR: speech_start(fname="vad-2013-09-03-12-27-05.185104.wav")

2013-09-03-12-27-05.299655-CEST  MainProcess : INFO       
    #57017  Time: 2013-09-03-12-27-05.287142-CEST From: ASR        To: HUB        Command: asr_start(fname="vad-2013-09-03-12-27-05.185104.wav") 

2013-09-03-12-27-06.069984-CEST  ASR-3      : DEBUG      
    ASR: speech_end(fname="vad-2013-09-03-12-27-05.185104.wav")

2013-09-03-12-27-06.074897-CEST  MainProcess : INFO       
    #57067  Time: 2013-09-03-12-27-06.065885-CEST From: VAD        To: HUB        Command: speech_end(fname="vad-2013-09-03-12-27-05.185104.wav") 

2013-09-03-12-27-06.332683-CEST  ASR-3      : DEBUG      
    ASR Hypothesis
    ------------------------------------------------------------
    0.933 nechci
    0.027 nechci tě
    0.020 nechci a
    0.013 nechci to
    0.007 nechci ho
    0.000 __other__
    

2013-09-03-12-27-06.406113-CEST  MainProcess : INFO       
    #57091  Time: 2013-09-03-12-27-06.401780-CEST From: ASR        To: HUB        Command: asr_end(fname="vad-2013-09-03-12-27-05.185104.wav") 

2013-09-03-12-27-06.758637-CEST  SLU-4      : DEBUG      
    SLU Hypothesis
    ------------------------------------------------------------
    1.000 other()
    

2013-09-03-12-27-06.813793-CEST  MainProcess : INFO       
    #57118  Time: 2013-09-03-12-27-06.809327-CEST From: SLU        To: HUB        Command: slu_parsed(fname="vad-2013-09-03-12-27-05.185104.wav") 

2013-09-03-12-27-06.817916-CEST  DM-5       : DEBUG      
    DDDState Dialogue Act in: other()

2013-09-03-12-27-06.822201-CEST  DM-5       : DEBUG      
    Context Resolution - Dialogue Act: other()

2013-09-03-12-27-06.826880-CEST  DM-5       : DEBUG      
    DDDState - Dialogue state content:
    
    ludait = other
    alternative = none
    from_centre = none
    from_stop = Schodová
    route_alternative = none
    silence_time = 0.0
    time = none
    to_centre = none
    to_stop = Schodová
    
    rh_from_stop = system-informed
    rh_silence_timeout = system-informed
    rh_stops_conflict = system-informed
    rh_to_stop = system-informed
    
    ch_from_stop = system-informed
    ch_silence_timeout = system-informed
    ch_stops_conflict = system-informed
    ch_to_stop = system-informed
    
    sh_from_stop = system-informed
    sh_silence_timeout = system-informed
    sh_stops_conflict = system-informed
    sh_to_stop = system-informed
    

2013-09-03-12-27-06.831301-CEST  DM-5       : DEBUG      
    DDDState - Dialogue state update
    
    Requested slots:
    {}
    Confirmed slots:
    {}
    Non-informed slots:
    {u'silence_time': 0.0}

2013-09-03-12-27-06.935153-CEST  DM-5       : DEBUG      
    DM Output
    ------------------------------------------------------------
    notunderstood()
    

2013-09-03-12-27-06.991680-CEST  MainProcess : INFO       
    #57132  Time: 2013-09-03-12-27-06.987820-CEST From: DM         To: HUB        DA: notunderstood() 

2013-09-03-12-27-07.000443-CEST  NLG-6      : DEBUG      
    #57133  Time: 2013-09-03-12-27-06.994698-CEST From: HUB        To: NLG        DA: notunderstood() 

2013-09-03-12-27-07.004629-CEST  NLG-6      : DEBUG      
    NLG Output
    ------------------------------------------------------------
    Nerozuměla jsem. Ještě jednou prosím.
    

2013-09-03-12-27-07.061729-CEST  MainProcess : INFO       
    #57138  Time: 2013-09-03-12-27-07.058065-CEST From: NLG        To: HUB        Command: nlg_text_generated() 

2013-09-03-12-27-07.068813-CEST  MainProcess : INFO       
    #57140  Time: 2013-09-03-12-27-07.063047-CEST From: TTS        To: HUB        Command: tts_start(user_id="None",text="Nerozuměla jsem. Ještě jednou prosím.") 

2013-09-03-12-27-07.136928-CEST  MainProcess : INFO       
    #57142  Time: 2013-09-03-12-27-07.065260-CEST From: VoipIO     To: HUB        Command: play_utterance_start(user_id="None",fname="tts-2013-09-03-12-27-07.059412.wav") 

2013-09-03-12-27-07.149941-CEST  MainProcess : INFO       
    #57322  Time: 2013-09-03-12-27-07.144594-CEST From: TTS        To: HUB        Command: tts_end(user_id="None",text="Nerozuměla jsem. Ještě jednou prosím.",fname="tts-2013-09-03-12-27-07.059412.wav",log="true") 

2013-09-03-12-27-09.929286-CEST  MainProcess : INFO       
    #57477  Time: 2013-09-03-12-27-09.594382-CEST From: VoipIO     To: HUB        Command: play_utterance_end(user_id="None",fname="tts-2013-09-03-12-27-07.059412.wav) 

2013-09-03-12-27-12.215029-CEST  ASR-3      : DEBUG      
    ASR: speech_start(fname="vad-2013-09-03-12-27-12.101748.wav")

2013-09-03-12-27-12.219969-CEST  MainProcess : INFO       
    #57642  Time: 2013-09-03-12-27-12.209287-CEST From: VAD        To: HUB        Command: speech_start(fname="vad-2013-09-03-12-27-12.101748.wav") 

2013-09-03-12-27-12.226773-CEST  MainProcess : INFO       
    #57643  Time: 2013-09-03-12-27-12.211040-CEST From: ASR        To: HUB        Command: asr_start(fname="vad-2013-09-03-12-27-12.101748.wav") 

2013-09-03-12-27-16.408973-CEST  MainProcess : INFO       
    #57909  Time: 2013-09-03-12-27-16.403871-CEST From: VAD        To: HUB        Command: speech_end(fname="vad-2013-09-03-12-27-12.101748.wav") 

2013-09-03-12-27-16.413871-CEST  ASR-3      : DEBUG      
    ASR: speech_end(fname="vad-2013-09-03-12-27-12.101748.wav")

2013-09-03-12-27-17.481983-CEST  ASR-3      : DEBUG      
    ASR Hypothesis
    ------------------------------------------------------------
    0.737 jsi z můstku na zastávku schodová
    0.066 si z můstku na zastávku schodová
    0.056 jsi z můstků na zastávku schodová
    0.047 si z můstků na zastávku schodová
    0.038 si ze můstku na zastávku schodová
    0.028 psi z můstku na zastávku schodová
    0.019 jsi z můstku a na zastávku schodová
    0.009 si z můstku a na zastávku schodová
    0.000 __other__
    

2013-09-03-12-27-17.539686-CEST  MainProcess : INFO       
    #57981  Time: 2013-09-03-12-27-17.535922-CEST From: ASR        To: HUB        Command: asr_end(fname="vad-2013-09-03-12-27-12.101748.wav") 

2013-09-03-12-27-18.210309-CEST  SLU-4      : DEBUG      
    SLU Hypothesis
    ------------------------------------------------------------
    1.000 inform(to_stop="Schodová")
    

2013-09-03-12-27-18.275384-CEST  MainProcess : INFO       
    #58028  Time: 2013-09-03-12-27-18.270938-CEST From: SLU        To: HUB        Command: slu_parsed(fname="vad-2013-09-03-12-27-12.101748.wav") 

2013-09-03-12-27-18.279393-CEST  DM-5       : DEBUG      
    DDDState Dialogue Act in: inform(to_stop="Schodová")

2013-09-03-12-27-18.283540-CEST  DM-5       : DEBUG      
    Context Resolution - Dialogue Act: inform(to_stop="Schodová")

2013-09-03-12-27-18.287519-CEST  DM-5       : DEBUG      
    DDDState - Dialogue state content:
    
    ludait = none
    alternative = none
    from_centre = none
    from_stop = Schodová
    route_alternative = none
    silence_time = 0.0
    time = none
    to_centre = none
    to_stop = Schodová
    
    rh_from_stop = system-informed
    rh_silence_timeout = system-informed
    rh_stops_conflict = system-informed
    rh_to_stop = system-informed
    
    ch_from_stop = system-informed
    ch_silence_timeout = system-informed
    ch_stops_conflict = system-informed
    ch_to_stop = system-informed
    
    sh_from_stop = system-informed
    sh_silence_timeout = system-informed
    sh_stops_conflict = system-informed
    sh_to_stop = system-informed
    

2013-09-03-12-27-18.291363-CEST  DM-5       : DEBUG      
    DDDState - Dialogue state update
    
    Requested slots:
    {}
    Confirmed slots:
    {}
    Non-informed slots:
    {u'silence_time': 0.0}

2013-09-03-12-27-18.406499-CEST  DM-5       : DEBUG      
    DM Output
    ------------------------------------------------------------
    apology()&inform(stops_conflict="thesame")&inform(from_stop="Schodová")&inform(to_stop="Schodová")
    

2013-09-03-12-27-18.468706-CEST  MainProcess : INFO       
    #58042  Time: 2013-09-03-12-27-18.464404-CEST From: DM         To: HUB        DA: apology()&inform(stops_conflict="thesame")&inform(from_stop="Schodová")&inform(to_stop="Schodová") 

2013-09-03-12-27-18.474097-CEST  NLG-6      : DEBUG      
    #58043  Time: 2013-09-03-12-27-18.470345-CEST From: HUB        To: NLG        DA: apology()&inform(stops_conflict="thesame")&inform(from_stop="Schodová")&inform(to_stop="Schodová") 

2013-09-03-12-27-18.483508-CEST  NLG-6      : DEBUG      
    NLG Output
    ------------------------------------------------------------
    Něco tady mám špatně. Předpokládám, že nechcete jet ze stanice Schodová do stanice Schodová.
    

2013-09-03-12-27-18.543667-CEST  MainProcess : INFO       
    #58048  Time: 2013-09-03-12-27-18.540413-CEST From: NLG        To: HUB        Command: nlg_text_generated() 

2013-09-03-12-27-18.551438-CEST  MainProcess : INFO       
    #58050  Time: 2013-09-03-12-27-18.544903-CEST From: TTS        To: HUB        Command: tts_start(user_id="None",text="Něco tady mám špatně. Předpokládám, že nechcete jet ze stanice Schodová do stanice Schodová.") 

2013-09-03-12-27-18.622043-CEST  MainProcess : INFO       
    #58052  Time: 2013-09-03-12-27-18.547837-CEST From: VoipIO     To: HUB        Command: play_utterance_start(user_id="None",fname="tts-2013-09-03-12-27-18.541547.wav") 

2013-09-03-12-27-18.654879-CEST  MainProcess : INFO       
    #58408  Time: 2013-09-03-12-27-18.648243-CEST From: TTS        To: HUB        Command: tts_end(user_id="None",text="Něco tady mám špatně. Předpokládám, že nechcete jet ze stanice Schodová do stanice Schodová.",fname="tts-2013-09-03-12-27-18.541547.wav",log="true") 

2013-09-03-12-27-24.140257-CEST  MainProcess : INFO       
    #58710  Time: 2013-09-03-12-27-23.481490-CEST From: VoipIO     To: HUB        Command: play_utterance_end(user_id="None",fname="tts-2013-09-03-12-27-18.541547.wav) 

2013-09-03-12-27-26.509605-CEST  MainProcess : INFO       
    #58903  Time: 2013-09-03-12-27-26.504940-CEST From: VAD        To: HUB        Command: speech_start(fname="vad-2013-09-03-12-27-26.389250.wav") 

2013-09-03-12-27-26.513997-CEST  ASR-3      : DEBUG      
    ASR: speech_start(fname="vad-2013-09-03-12-27-26.389250.wav")

2013-09-03-12-27-26.518370-CEST  MainProcess : INFO       
    #58904  Time: 2013-09-03-12-27-26.506108-CEST From: ASR        To: HUB        Command: asr_start(fname="vad-2013-09-03-12-27-26.389250.wav") 

2013-09-03-12-27-27.137317-CEST  ASR-3      : DEBUG      
    ASR: speech_end(fname="vad-2013-09-03-12-27-26.389250.wav")

2013-09-03-12-27-27.141905-CEST  MainProcess : INFO       
    #58944  Time: 2013-09-03-12-27-27.133831-CEST From: VAD        To: HUB        Command: speech_end(fname="vad-2013-09-03-12-27-26.389250.wav") 

2013-09-03-12-27-27.453933-CEST  ASR-3      : DEBUG      
    ASR Hypothesis
    ------------------------------------------------------------
    0.933 nechci
    0.027 nechci tě
    0.020 nechci to
    0.013 nechci a
    0.007 nechci se
    0.000 __other__
    

2013-09-03-12-27-27.613442-CEST  MainProcess : INFO       
    #58975  Time: 2013-09-03-12-27-27.607724-CEST From: ASR        To: HUB        Command: asr_end(fname="vad-2013-09-03-12-27-26.389250.wav") 

2013-09-03-12-27-27.959845-CEST  SLU-4      : DEBUG      
    SLU Hypothesis
    ------------------------------------------------------------
    1.000 other()
    

2013-09-03-12-27-28.030913-CEST  MainProcess : INFO       
    #59002  Time: 2013-09-03-12-27-28.025405-CEST From: SLU        To: HUB        Command: slu_parsed(fname="vad-2013-09-03-12-27-26.389250.wav") 

2013-09-03-12-27-28.035123-CEST  DM-5       : DEBUG      
    DDDState Dialogue Act in: other()

2013-09-03-12-27-28.039515-CEST  DM-5       : DEBUG      
    Context Resolution - Dialogue Act: other()

2013-09-03-12-27-28.043500-CEST  DM-5       : DEBUG      
    DDDState - Dialogue state content:
    
    ludait = other
    alternative = none
    from_centre = none
    from_stop = Schodová
    route_alternative = none
    silence_time = 0.0
    time = none
    to_centre = none
    to_stop = Schodová
    
    rh_from_stop = system-informed
    rh_silence_timeout = system-informed
    rh_stops_conflict = system-informed
    rh_to_stop = system-informed
    
    ch_from_stop = system-informed
    ch_silence_timeout = system-informed
    ch_stops_conflict = system-informed
    ch_to_stop = system-informed
    
    sh_from_stop = system-informed
    sh_silence_timeout = system-informed
    sh_stops_conflict = system-informed
    sh_to_stop = system-informed
    

2013-09-03-12-27-28.048178-CEST  DM-5       : DEBUG      
    DDDState - Dialogue state update
    
    Requested slots:
    {}
    Confirmed slots:
    {}
    Non-informed slots:
    {u'silence_time': 0.0}

2013-09-03-12-27-28.254230-CEST  DM-5       : DEBUG      
    DM Output
    ------------------------------------------------------------
    notunderstood()&help(inform="time")
    

2013-09-03-12-27-28.323465-CEST  MainProcess : INFO       
    #59023  Time: 2013-09-03-12-27-28.319090-CEST From: DM         To: HUB        DA: notunderstood()&help(inform="time") 

2013-09-03-12-27-28.329985-CEST  NLG-6      : DEBUG      
    #59024  Time: 2013-09-03-12-27-28.326224-CEST From: HUB        To: NLG        DA: notunderstood()&help(inform="time") 

2013-09-03-12-27-28.335156-CEST  NLG-6      : DEBUG      
    NLG Output
    ------------------------------------------------------------
    Nerozuměla jsem. Můžete například říct v kolik hodin chcete jet.
    

2013-09-03-12-27-28.406056-CEST  MainProcess : INFO       
    #59029  Time: 2013-09-03-12-27-28.401291-CEST From: NLG        To: HUB        Command: nlg_text_generated() 

2013-09-03-12-27-28.412826-CEST  MainProcess : INFO       
    #59031  Time: 2013-09-03-12-27-28.407337-CEST From: TTS        To: HUB        Command: tts_start(user_id="None",text="Nerozuměla jsem. Můžete například říct v kolik hodin chcete jet.") 

2013-09-03-12-27-28.493384-CEST  MainProcess : INFO       
    #59034  Time: 2013-09-03-12-27-28.410685-CEST From: VoipIO     To: HUB        Command: play_utterance_start(user_id="None",fname="tts-2013-09-03-12-27-28.403274.wav") 

2013-09-03-12-27-28.522407-CEST  MainProcess : INFO       
    #59302  Time: 2013-09-03-12-27-28.517591-CEST From: TTS        To: HUB        Command: tts_end(user_id="None",text="Nerozuměla jsem. Můžete například říct v kolik hodin chcete jet.",fname="tts-2013-09-03-12-27-28.403274.wav",log="true") 

2013-09-03-12-27-32.650143-CEST  MainProcess : INFO       
    #59519  Time: 2013-09-03-12-27-31.989165-CEST From: VoipIO     To: HUB        Command: play_utterance_end(user_id="None",fname="tts-2013-09-03-12-27-28.403274.wav) 

2013-09-03-12-27-35.280502-CEST  MainProcess : INFO       
    #59729  Time: 2013-09-03-12-27-35.276112-CEST From: VAD        To: HUB        Command: speech_start(fname="vad-2013-09-03-12-27-35.147943.wav") 

2013-09-03-12-27-35.285183-CEST  ASR-3      : DEBUG      
    ASR: speech_start(fname="vad-2013-09-03-12-27-35.147943.wav")

2013-09-03-12-27-35.290326-CEST  MainProcess : INFO       
    #59730  Time: 2013-09-03-12-27-35.277514-CEST From: ASR        To: HUB        Command: asr_start(fname="vad-2013-09-03-12-27-35.147943.wav") 

2013-09-03-12-27-37.277810-CEST  ASR-3      : DEBUG      
    ASR: speech_end(fname="vad-2013-09-03-12-27-35.147943.wav")

2013-09-03-12-27-37.283009-CEST  MainProcess : INFO       
    #59856  Time: 2013-09-03-12-27-37.273842-CEST From: VAD        To: HUB        Command: speech_end(fname="vad-2013-09-03-12-27-35.147943.wav") 

2013-09-03-12-27-37.712778-CEST  ASR-3      : DEBUG      
    ASR Hypothesis
    ------------------------------------------------------------
    0.880 12 27
    0.020 12 20 7
    0.018 12 27 a
    0.016 12 27 i
    0.015 dvanáct 27
    0.013 12v 27
    0.011 dvanácté 27
    0.009 dvanáctka 27
    0.007 dvanáct 20 7
    0.005 12 20 7 i
    0.004 12v 20 7
    0.002 dvanáct 27 a
    0.000 __other__
    

2013-09-03-12-27-37.785513-CEST  MainProcess : INFO       
    #59889  Time: 2013-09-03-12-27-37.780864-CEST From: ASR        To: HUB        Command: asr_end(fname="vad-2013-09-03-12-27-35.147943.wav") 

2013-09-03-12-27-38.643930-CEST  SLU-4      : DEBUG      
    SLU Hypothesis
    ------------------------------------------------------------
    1.000 other()
    

2013-09-03-12-27-38.711009-CEST  MainProcess : INFO       
    #59947  Time: 2013-09-03-12-27-38.705988-CEST From: SLU        To: HUB        Command: slu_parsed(fname="vad-2013-09-03-12-27-35.147943.wav") 

2013-09-03-12-27-38.715356-CEST  DM-5       : DEBUG      
    DDDState Dialogue Act in: other()

2013-09-03-12-27-38.719452-CEST  DM-5       : DEBUG      
    Context Resolution - Dialogue Act: other()

2013-09-03-12-27-38.723824-CEST  DM-5       : DEBUG      
    DDDState - Dialogue state content:
    
    ludait = other
    alternative = none
    from_centre = none
    from_stop = Schodová
    route_alternative = none
    silence_time = 0.0
    time = none
    to_centre = none
    to_stop = Schodová
    
    rh_from_stop = system-informed
    rh_silence_timeout = system-informed
    rh_stops_conflict = system-informed
    rh_to_stop = system-informed
    
    ch_from_stop = system-informed
    ch_silence_timeout = system-informed
    ch_stops_conflict = system-informed
    ch_to_stop = system-informed
    
    sh_from_stop = system-informed
    sh_silence_timeout = system-informed
    sh_stops_conflict = system-informed
    sh_to_stop = system-informed
    

2013-09-03-12-27-38.728057-CEST  DM-5       : DEBUG      
    DDDState - Dialogue state update
    
    Requested slots:
    {}
    Confirmed slots:
    {}
    Non-informed slots:
    {u'silence_time': 0.0}

2013-09-03-12-27-38.847509-CEST  DM-5       : DEBUG      
    DM Output
    ------------------------------------------------------------
    notunderstood()
    

2013-09-03-12-27-38.913241-CEST  MainProcess : INFO       
    #59963  Time: 2013-09-03-12-27-38.909015-CEST From: DM         To: HUB        DA: notunderstood() 

2013-09-03-12-27-38.920536-CEST  NLG-6      : DEBUG      
    #59966  Time: 2013-09-03-12-27-38.916095-CEST From: HUB        To: NLG        DA: notunderstood() 

2013-09-03-12-27-38.924048-CEST  NLG-6      : DEBUG      
    NLG Output
    ------------------------------------------------------------
    Promiňte, nerozuměla jsem. Můžete to zopakovat?
    

2013-09-03-12-27-38.991141-CEST  MainProcess : INFO       
    #59971  Time: 2013-09-03-12-27-38.987018-CEST From: NLG        To: HUB        Command: nlg_text_generated() 

2013-09-03-12-27-38.998827-CEST  MainProcess : INFO       
    #59973  Time: 2013-09-03-12-27-38.992571-CEST From: TTS        To: HUB        Command: tts_start(user_id="None",text="Promiňte, nerozuměla jsem. Můžete to zopakovat?") 

2013-09-03-12-27-39.080066-CEST  MainProcess : INFO       
    #59975  Time: 2013-09-03-12-27-38.994298-CEST From: VoipIO     To: HUB        Command: play_utterance_start(user_id="None",fname="tts-2013-09-03-12-27-38.989251.wav") 

2013-09-03-12-27-39.112288-CEST  MainProcess : INFO       
    #60200  Time: 2013-09-03-12-27-39.107181-CEST From: TTS        To: HUB        Command: tts_end(user_id="None",text="Promiňte, nerozuměla jsem. Můžete to zopakovat?",fname="tts-2013-09-03-12-27-38.989251.wav",log="true") 

2013-09-03-12-27-42.505954-CEST  MainProcess : INFO       
    #60406  Time: 2013-09-03-12-27-42.389324-CEST From: VoipIO     To: HUB        Command: play_utterance_end(user_id="None",fname="tts-2013-09-03-12-27-38.989251.wav) 

2013-09-03-12-27-44.074781-CEST  MainProcess : INFO       
    #60512  Time: 2013-09-03-12-27-44.070353-CEST From: VAD        To: HUB        Command: speech_start(fname="vad-2013-09-03-12-27-43.927534.wav") 

2013-09-03-12-27-44.080038-CEST  ASR-3      : DEBUG      
    ASR: speech_start(fname="vad-2013-09-03-12-27-43.927534.wav")

2013-09-03-12-27-44.084573-CEST  MainProcess : INFO       
    #60513  Time: 2013-09-03-12-27-44.071573-CEST From: ASR        To: HUB        Command: asr_start(fname="vad-2013-09-03-12-27-43.927534.wav") 

2013-09-03-12-27-46.168932-CEST  ASR-3      : DEBUG      
    ASR: speech_end(fname="vad-2013-09-03-12-27-43.927534.wav")

2013-09-03-12-27-46.173406-CEST  MainProcess : INFO       
    #60647  Time: 2013-09-03-12-27-46.164885-CEST From: VAD        To: HUB        Command: speech_end(fname="vad-2013-09-03-12-27-43.927534.wav") 

2013-09-03-12-27-46.561849-CEST  ASR-3      : DEBUG      
    ASR Hypothesis
    ------------------------------------------------------------
    0.887 12 27
    0.021 12 20 7
    0.018 12 27 a
    0.016 12 27 i
    0.014 dvanáct 27
    0.012 12v 27
    0.010 dvanáct 20 7
    0.008 dvanáctý 27
    0.006 dvanácté 27
    0.004 12 20 7 i
    0.002 dvanáct 27 a
    0.000 __other__
    

2013-09-03-12-27-46.669422-CEST  MainProcess : INFO       
    #60680  Time: 2013-09-03-12-27-46.665056-CEST From: ASR        To: HUB        Command: asr_end(fname="vad-2013-09-03-12-27-43.927534.wav") 

2013-09-03-12-27-47.314512-CEST  SLU-4      : DEBUG      
    SLU Hypothesis
    ------------------------------------------------------------
    1.000 other()
    

2013-09-03-12-27-47.417087-CEST  MainProcess : INFO       
    #60726  Time: 2013-09-03-12-27-47.412108-CEST From: SLU        To: HUB        Command: slu_parsed(fname="vad-2013-09-03-12-27-43.927534.wav") 

2013-09-03-12-27-47.421888-CEST  DM-5       : DEBUG      
    DDDState Dialogue Act in: other()

2013-09-03-12-27-47.426939-CEST  DM-5       : DEBUG      
    Context Resolution - Dialogue Act: other()

2013-09-03-12-27-47.431770-CEST  DM-5       : DEBUG      
    DDDState - Dialogue state content:
    
    ludait = other
    alternative = none
    from_centre = none
    from_stop = Schodová
    route_alternative = none
    silence_time = 0.0
    time = none
    to_centre = none
    to_stop = Schodová
    
    rh_from_stop = system-informed
    rh_silence_timeout = system-informed
    rh_stops_conflict = system-informed
    rh_to_stop = system-informed
    
    ch_from_stop = system-informed
    ch_silence_timeout = system-informed
    ch_stops_conflict = system-informed
    ch_to_stop = system-informed
    
    sh_from_stop = system-informed
    sh_silence_timeout = system-informed
    sh_stops_conflict = system-informed
    sh_to_stop = system-informed
    

2013-09-03-12-27-47.436768-CEST  DM-5       : DEBUG      
    DDDState - Dialogue state update
    
    Requested slots:
    {}
    Confirmed slots:
    {}
    Non-informed slots:
    {u'silence_time': 0.0}

2013-09-03-12-27-47.646253-CEST  DM-5       : DEBUG      
    DM Output
    ------------------------------------------------------------
    notunderstood()
    

2013-09-03-12-27-47.727944-CEST  MainProcess : INFO       
    #60748  Time: 2013-09-03-12-27-47.723584-CEST From: DM         To: HUB        DA: notunderstood() 

2013-09-03-12-27-47.735113-CEST  NLG-6      : DEBUG      
    #60749  Time: 2013-09-03-12-27-47.731027-CEST From: HUB        To: NLG        DA: notunderstood() 

2013-09-03-12-27-47.739480-CEST  NLG-6      : DEBUG      
    NLG Output
    ------------------------------------------------------------
    Nerozuměla jsem.
    

2013-09-03-12-27-47.821564-CEST  MainProcess : INFO       
    #60758  Time: 2013-09-03-12-27-47.817551-CEST From: NLG        To: HUB        Command: nlg_text_generated() 

2013-09-03-12-27-47.829009-CEST  MainProcess : INFO       
    #60760  Time: 2013-09-03-12-27-47.823098-CEST From: TTS        To: HUB        Command: tts_start(user_id="None",text="Nerozuměla jsem.") 

2013-09-03-12-27-47.859233-CEST  MainProcess : INFO       
    #60846  Time: 2013-09-03-12-27-47.854778-CEST From: TTS        To: HUB        Command: tts_end(user_id="None",text="Nerozuměla jsem.",fname="tts-2013-09-03-12-27-47.819418.wav",log="true") 

2013-09-03-12-27-48.025954-CEST  MainProcess : INFO       
    #60762  Time: 2013-09-03-12-27-47.826474-CEST From: VoipIO     To: HUB        Command: play_utterance_start(user_id="None",fname="tts-2013-09-03-12-27-47.819418.wav") 

2013-09-03-12-27-49.353195-CEST  MainProcess : INFO       
    #60922  Time: 2013-09-03-12-27-49.024606-CEST From: VoipIO     To: HUB        Command: play_utterance_end(user_id="None",fname="tts-2013-09-03-12-27-47.819418.wav) 

2013-09-03-12-27-51.507977-CEST  ASR-3      : DEBUG      
    ASR: speech_start(fname="vad-2013-09-03-12-27-51.348085.wav")

2013-09-03-12-27-51.512751-CEST  MainProcess : INFO       
    #61077  Time: 2013-09-03-12-27-51.504330-CEST From: VAD        To: HUB        Command: speech_start(fname="vad-2013-09-03-12-27-51.348085.wav") 

2013-09-03-12-27-51.519717-CEST  MainProcess : INFO       
    #61078  Time: 2013-09-03-12-27-51.504582-CEST From: ASR        To: HUB        Command: asr_start(fname="vad-2013-09-03-12-27-51.348085.wav") 

2013-09-03-12-27-53.141559-CEST  ASR-3      : DEBUG      
    ASR: speech_end(fname="vad-2013-09-03-12-27-51.348085.wav")

2013-09-03-12-27-53.146302-CEST  MainProcess : INFO       
    #61184  Time: 2013-09-03-12-27-53.137695-CEST From: VAD        To: HUB        Command: speech_end(fname="vad-2013-09-03-12-27-51.348085.wav") 

2013-09-03-12-27-53.537477-CEST  ASR-3      : DEBUG      
    ASR Hypothesis
    ------------------------------------------------------------
    0.890 12 30
    0.022 12 35
    0.020 12 30 a
    0.017 12 30 i
    0.015 dvanáct 30
    0.012 12v 30
    0.010 12 i 30
    0.007 dvanácté 30
    0.005 dvanáctý 30
    0.002 dvanáct 30 a
    0.000 __other__
    

2013-09-03-12-27-53.619551-CEST  MainProcess : INFO       
    #61213  Time: 2013-09-03-12-27-53.614916-CEST From: ASR        To: HUB        Command: asr_end(fname="vad-2013-09-03-12-27-51.348085.wav") 

2013-09-03-12-27-54.297258-CEST  SLU-4      : DEBUG      
    SLU Hypothesis
    ------------------------------------------------------------
    1.000 other()
    

2013-09-03-12-27-54.343602-CEST  DM-5       : DEBUG      
    DDDState Dialogue Act in: other()

2013-09-03-12-27-54.346982-CEST  MainProcess : INFO       
    #61263  Time: 2013-09-03-12-27-54.340463-CEST From: SLU        To: HUB        Command: slu_parsed(fname="vad-2013-09-03-12-27-51.348085.wav") 

2013-09-03-12-27-54.350260-CEST  DM-5       : DEBUG      
    Context Resolution - Dialogue Act: other()

2013-09-03-12-27-54.353645-CEST  DM-5       : DEBUG      
    DDDState - Dialogue state content:
    
    ludait = other
    alternative = none
    from_centre = none
    from_stop = Schodová
    route_alternative = none
    silence_time = 0.0
    time = none
    to_centre = none
    to_stop = Schodová
    
    rh_from_stop = system-informed
    rh_silence_timeout = system-informed
    rh_stops_conflict = system-informed
    rh_to_stop = system-informed
    
    ch_from_stop = system-informed
    ch_silence_timeout = system-informed
    ch_stops_conflict = system-informed
    ch_to_stop = system-informed
    
    sh_from_stop = system-informed
    sh_silence_timeout = system-informed
    sh_stops_conflict = system-informed
    sh_to_stop = system-informed
    

2013-09-03-12-27-54.357216-CEST  DM-5       : DEBUG      
    DDDState - Dialogue state update
    
    Requested slots:
    {}
    Confirmed slots:
    {}
    Non-informed slots:
    {u'silence_time': 0.0}

2013-09-03-12-27-54.441480-CEST  DM-5       : DEBUG      
    DM Output
    ------------------------------------------------------------
    notunderstood()&help(repeat)
    

2013-09-03-12-27-54.488653-CEST  MainProcess : INFO       
    #61273  Time: 2013-09-03-12-27-54.484545-CEST From: DM         To: HUB        DA: notunderstood()&help(repeat) 

2013-09-03-12-27-54.494328-CEST  NLG-6      : DEBUG      
    #61274  Time: 2013-09-03-12-27-54.490802-CEST From: HUB        To: NLG        DA: notunderstood()&help(repeat) 

2013-09-03-12-27-54.497865-CEST  NLG-6      : DEBUG      
    NLG Output
    ------------------------------------------------------------
    Nerozuměla jsem. Můžete mě požádat o zopakování poslední věty.
    

2013-09-03-12-27-54.543336-CEST  MainProcess : INFO       
    #61279  Time: 2013-09-03-12-27-54.539718-CEST From: NLG        To: HUB        Command: nlg_text_generated() 

2013-09-03-12-27-54.549284-CEST  MainProcess : INFO       
    #61281  Time: 2013-09-03-12-27-54.544312-CEST From: TTS        To: HUB        Command: tts_start(user_id="None",text="Nerozuměla jsem. Můžete mě požádat o zopakování poslední věty.") 

2013-09-03-12-27-54.600502-CEST  MainProcess : INFO       
    #61283  Time: 2013-09-03-12-27-54.546526-CEST From: VoipIO     To: HUB        Command: play_utterance_start(user_id="None",fname="tts-2013-09-03-12-27-54.541799.wav") 

2013-09-03-12-27-54.617342-CEST  MainProcess : INFO       
    #61561  Time: 2013-09-03-12-27-54.613285-CEST From: TTS        To: HUB        Command: tts_end(user_id="None",text="Nerozuměla jsem. Můžete mě požádat o zopakování poslední věty.",fname="tts-2013-09-03-12-27-54.541799.wav",log="true") 

2013-09-03-12-27-58.955123-CEST  MainProcess : INFO       
    #61798  Time: 2013-09-03-12-27-58.403568-CEST From: VoipIO     To: HUB        Command: play_utterance_end(user_id="None",fname="tts-2013-09-03-12-27-54.541799.wav) 

2013-09-03-12-28-01.963711-CEST  DM-5       : DEBUG      
    #62023  Time: 2013-09-03-12-28-01.957400-CEST From: HUB        To: DM         Command: timeout(silence_time="3.001") 

2013-09-03-12-28-01.968326-CEST  DM-5       : DEBUG      
    DDDState Dialogue Act in: silence(time="3.001")

2013-09-03-12-28-01.972737-CEST  DM-5       : DEBUG      
    Context Resolution - Dialogue Act: silence(time="3.001")

2013-09-03-12-28-01.977565-CEST  DM-5       : DEBUG      
    DDDState - Dialogue state content:
    
    ludait = silence
    alternative = none
    from_centre = none
    from_stop = Schodová
    route_alternative = none
    silence_time = 3.001
    time = none
    to_centre = none
    to_stop = Schodová
    
    rh_from_stop = system-informed
    rh_silence_timeout = system-informed
    rh_stops_conflict = system-informed
    rh_to_stop = system-informed
    
    ch_from_stop = system-informed
    ch_silence_timeout = system-informed
    ch_stops_conflict = system-informed
    ch_to_stop = system-informed
    
    sh_from_stop = system-informed
    sh_silence_timeout = system-informed
    sh_stops_conflict = system-informed
    sh_to_stop = system-informed
    

2013-09-03-12-28-01.981987-CEST  DM-5       : DEBUG      
    DDDState - Dialogue state update
    
    Requested slots:
    {}
    Confirmed slots:
    {}
    Non-informed slots:
    {u'silence_time': 3.001}

2013-09-03-12-28-01.986293-CEST  DM-5       : DEBUG      
    DM Output
    ------------------------------------------------------------
    silence()
    

2013-09-03-12-28-02.272119-CEST  MainProcess : INFO       
    #62041  Time: 2013-09-03-12-28-02.267197-CEST From: DM         To: HUB        DA: silence() 

2013-09-03-12-28-03.832145-CEST  MainProcess : INFO       
    #62142  Time: 2013-09-03-12-28-03.826416-CEST From: VAD        To: HUB        Command: speech_start(fname="vad-2013-09-03-12-28-03.554972.wav") 

2013-09-03-12-28-03.837469-CEST  ASR-3      : DEBUG      
    ASR: speech_start(fname="vad-2013-09-03-12-28-03.554972.wav")

2013-09-03-12-28-03.841639-CEST  MainProcess : INFO       
    #62143  Time: 2013-09-03-12-28-03.828423-CEST From: ASR        To: HUB        Command: asr_start(fname="vad-2013-09-03-12-28-03.554972.wav") 

2013-09-03-12-28-04.737050-CEST  ASR-3      : DEBUG      
    ASR: speech_end(fname="vad-2013-09-03-12-28-03.554972.wav")

2013-09-03-12-28-04.742124-CEST  MainProcess : INFO       
    #62201  Time: 2013-09-03-12-28-04.733264-CEST From: VAD        To: HUB        Command: speech_end(fname="vad-2013-09-03-12-28-03.554972.wav") 

2013-09-03-12-28-05.225884-CEST  ASR-3      : DEBUG      
    ASR Hypothesis
    ------------------------------------------------------------
    0.895 půl jedné
    0.015 půl jedné s
    0.014 půl jedné i
    0.013 půl jedné a
    0.012 půjdu 1
    0.010 půl 1
    0.009 půjčka 1
    0.008 půj 1
    0.007 půjč 1
    0.006 půjde 1
    0.005 kolik 1
    0.003 tvůj 1
    0.002 půjdu jedné a
    0.001 půj jedné a
    0.000 __other__
    

2013-09-03-12-28-05.324593-CEST  MainProcess : INFO       
    #62238  Time: 2013-09-03-12-28-05.320154-CEST From: ASR        To: HUB        Command: asr_end(fname="vad-2013-09-03-12-28-03.554972.wav") 

2013-09-03-12-28-06.325727-CEST  SLU-4      : DEBUG      
    SLU Hypothesis
    ------------------------------------------------------------
    1.000 other()
    

2013-09-03-12-28-06.379957-CEST  DM-5       : DEBUG      
    DDDState Dialogue Act in: other()

2013-09-03-12-28-06.383713-CEST  MainProcess : INFO       
    #62308  Time: 2013-09-03-12-28-06.375046-CEST From: SLU        To: HUB        Command: slu_parsed(fname="vad-2013-09-03-12-28-03.554972.wav") 

2013-09-03-12-28-06.386779-CEST  DM-5       : DEBUG      
    Context Resolution - Dialogue Act: other()

2013-09-03-12-28-06.390357-CEST  DM-5       : DEBUG      
    DDDState - Dialogue state content:
    
    ludait = other
    alternative = none
    from_centre = none
    from_stop = Schodová
    route_alternative = none
    silence_time = 0.0
    time = none
    to_centre = none
    to_stop = Schodová
    
    rh_from_stop = system-informed
    rh_silence_timeout = system-informed
    rh_stops_conflict = system-informed
    rh_to_stop = system-informed
    
    ch_from_stop = system-informed
    ch_silence_timeout = system-informed
    ch_stops_conflict = system-informed
    ch_to_stop = system-informed
    
    sh_from_stop = system-informed
    sh_silence_timeout = system-informed
    sh_stops_conflict = system-informed
    sh_to_stop = system-informed
    

2013-09-03-12-28-06.394097-CEST  DM-5       : DEBUG      
    DDDState - Dialogue state update
    
    Requested slots:
    {}
    Confirmed slots:
    {}
    Non-informed slots:
    {u'silence_time': 0.0}

2013-09-03-12-28-06.487714-CEST  DM-5       : DEBUG      
    DM Output
    ------------------------------------------------------------
    notunderstood()
    

2013-09-03-12-28-06.537787-CEST  MainProcess : INFO       
    #62318  Time: 2013-09-03-12-28-06.533041-CEST From: DM         To: HUB        DA: notunderstood() 

2013-09-03-12-28-06.545323-CEST  NLG-6      : DEBUG      
    #62319  Time: 2013-09-03-12-28-06.540188-CEST From: HUB        To: NLG        DA: notunderstood() 

2013-09-03-12-28-06.548638-CEST  NLG-6      : DEBUG      
    NLG Output
    ------------------------------------------------------------
    Promiňte, nerozuměla jsem.
    

2013-09-03-12-28-06.599913-CEST  MainProcess : INFO       
    #62324  Time: 2013-09-03-12-28-06.595140-CEST From: NLG        To: HUB        Command: nlg_text_generated() 

2013-09-03-12-28-06.603444-CEST  MainProcess : INFO       
    #62326  Time: 2013-09-03-12-28-06.595634-CEST From: TTS        To: HUB        Command: tts_start(user_id="None",text="Promiňte, nerozuměla jsem.") 

2013-09-03-12-28-06.657401-CEST  MainProcess : INFO       
    #62328  Time: 2013-09-03-12-28-06.596773-CEST From: VoipIO     To: HUB        Command: play_utterance_start(user_id="None",fname="tts-2013-09-03-12-28-06.595509.wav") 

2013-09-03-12-28-06.660348-CEST  MainProcess : INFO       
    #62457  Time: 2013-09-03-12-28-06.654030-CEST From: TTS        To: HUB        Command: tts_end(user_id="None",text="Promiňte, nerozuměla jsem.",fname="tts-2013-09-03-12-28-06.595509.wav",log="true") 

2013-09-03-12-28-08.681054-CEST  MainProcess : INFO       
    #62556  Time: 2013-09-03-12-28-08.182777-CEST From: VoipIO     To: HUB        Command: play_utterance_end(user_id="None",fname="tts-2013-09-03-12-28-06.595509.wav) 

2013-09-03-12-28-11.689373-CEST  DM-5       : DEBUG      
    #62776  Time: 2013-09-03-12-28-11.682839-CEST From: HUB        To: DM         Command: timeout(silence_time="3.000") 

2013-09-03-12-28-11.693650-CEST  DM-5       : DEBUG      
    DDDState Dialogue Act in: silence(time="3.000")

2013-09-03-12-28-11.697353-CEST  DM-5       : DEBUG      
    Context Resolution - Dialogue Act: silence(time="3.000")

2013-09-03-12-28-11.701126-CEST  DM-5       : DEBUG      
    DDDState - Dialogue state content:
    
    ludait = silence
    alternative = none
    from_centre = none
    from_stop = Schodová
    route_alternative = none
    silence_time = 3.0
    time = none
    to_centre = none
    to_stop = Schodová
    
    rh_from_stop = system-informed
    rh_silence_timeout = system-informed
    rh_stops_conflict = system-informed
    rh_to_stop = system-informed
    
    ch_from_stop = system-informed
    ch_silence_timeout = system-informed
    ch_stops_conflict = system-informed
    ch_to_stop = system-informed
    
    sh_from_stop = system-informed
    sh_silence_timeout = system-informed
    sh_stops_conflict = system-informed
    sh_to_stop = system-informed
    

2013-09-03-12-28-11.705064-CEST  DM-5       : DEBUG      
    DDDState - Dialogue state update
    
    Requested slots:
    {}
    Confirmed slots:
    {}
    Non-informed slots:
    {u'silence_time': 3.0}

2013-09-03-12-28-11.708839-CEST  DM-5       : DEBUG      
    DM Output
    ------------------------------------------------------------
    silence()
    

2013-09-03-12-28-11.743098-CEST  ASR-3      : DEBUG      
    ASR: speech_start(fname="vad-2013-09-03-12-28-11.554098.wav")

2013-09-03-12-28-11.747745-CEST  MainProcess : INFO       
    #62780  Time: 2013-09-03-12-28-11.738472-CEST From: VAD        To: HUB        Command: speech_start(fname="vad-2013-09-03-12-28-11.554098.wav") 

2013-09-03-12-28-11.753398-CEST  MainProcess : INFO       
    #62781  Time: 2013-09-03-12-28-11.739464-CEST From: ASR        To: HUB        Command: asr_start(fname="vad-2013-09-03-12-28-11.554098.wav") 

2013-09-03-12-28-11.983175-CEST  MainProcess : INFO       
    #62797  Time: 2013-09-03-12-28-11.977663-CEST From: DM         To: HUB        DA: silence() 

2013-09-03-12-28-13.627208-CEST  ASR-3      : DEBUG      
    ASR: speech_end(fname="vad-2013-09-03-12-28-11.554098.wav")

2013-09-03-12-28-13.631956-CEST  MainProcess : INFO       
    #62903  Time: 2013-09-03-12-28-13.623375-CEST From: VAD        To: HUB        Command: speech_end(fname="vad-2013-09-03-12-28-11.554098.wav") 

2013-09-03-12-28-14.146370-CEST  ASR-3      : DEBUG      
    ASR Hypothesis
    ------------------------------------------------------------
    0.830 opakovat předchozí spojení
    0.028 opakovat předchozích spojení
    0.026 akorát předchozí spojení
    0.023 opakovací předchozí spojení
    0.021 opakovat předchozí zpoždění
    0.018 opakovat předchozí spoření
    0.015 opakovat předchozí spojení s
    0.013 akorat předchozí spojení
    0.010 opakovač předchozí spojení
    0.008 akorát předchozích spojení
    0.005 zaparkovat předchozí spojení
    0.003 opakovací předchozích spojení
    0.000 __other__
    

2013-09-03-12-28-14.244769-CEST  MainProcess : INFO       
    #62942  Time: 2013-09-03-12-28-14.239180-CEST From: ASR        To: HUB        Command: asr_end(fname="vad-2013-09-03-12-28-11.554098.wav") 

2013-09-03-12-28-15.131186-CEST  SLU-4      : DEBUG      
    SLU Hypothesis
    ------------------------------------------------------------
    0.943 inform(alternative="prev")
    0.894 inform(alternative="last")
    0.039 repeat()
    0.010 other()
    

2013-09-03-12-28-15.231249-CEST  MainProcess : INFO       
    #63006  Time: 2013-09-03-12-28-15.226775-CEST From: SLU        To: HUB        Command: slu_parsed(fname="vad-2013-09-03-12-28-11.554098.wav") 

2013-09-03-12-28-15.235485-CEST  DM-5       : DEBUG      
    DDDState Dialogue Act in: inform(alternative="prev")&inform(alternative="last")

2013-09-03-12-28-15.239753-CEST  DM-5       : DEBUG      
    Context Resolution - Dialogue Act: inform(alternative="prev")&inform(alternative="last")

2013-09-03-12-28-15.244295-CEST  DM-5       : DEBUG      
    DDDState - Dialogue state content:
    
    ludait = none
    alternative = last
    from_centre = none
    from_stop = Schodová
    route_alternative = none
    silence_time = 0.0
    time = none
    to_centre = none
    to_stop = Schodová
    
    rh_from_stop = system-informed
    rh_silence_timeout = system-informed
    rh_stops_conflict = system-informed
    rh_to_stop = system-informed
    
    ch_from_stop = system-informed
    ch_silence_timeout = system-informed
    ch_stops_conflict = system-informed
    ch_to_stop = system-informed
    
    sh_from_stop = system-informed
    sh_silence_timeout = system-informed
    sh_stops_conflict = system-informed
    sh_to_stop = system-informed
    

2013-09-03-12-28-15.248355-CEST  DM-5       : DEBUG      
    DDDState - Dialogue state update
    
    Requested slots:
    {}
    Confirmed slots:
    {}
    Non-informed slots:
    {u'alternative': u'last', u'silence_time': 0.0}

2013-09-03-12-28-15.418206-CEST  DM-5       : DEBUG      
    DM Output
    ------------------------------------------------------------
    inform(stops_conflict="no_stop")
    

2013-09-03-12-28-15.508188-CEST  MainProcess : INFO       
    #63024  Time: 2013-09-03-12-28-15.503026-CEST From: DM         To: HUB        DA: inform(stops_conflict="no_stop") 

2013-09-03-12-28-15.514832-CEST  NLG-6      : DEBUG      
    #63025  Time: 2013-09-03-12-28-15.511062-CEST From: HUB        To: NLG        DA: inform(stops_conflict="no_stop") 

2013-09-03-12-28-15.519526-CEST  NLG-6      : DEBUG      
    NLG Output
    ------------------------------------------------------------
    inform(stops_conflict="no_stop")
    

2013-09-03-12-28-15.614767-CEST  TTS-7      : EXCEPTION  
    Uncaught exception in the TTS process.
    Traceback (most recent call last):
      File "/mnt/h/jurcicek/vystadial-git/alex/components/hub/tts.py", line 187, in run
        self.read_text_write_audio()
      File "/mnt/h/jurcicek/vystadial-git/alex/components/hub/tts.py", line 168, in read_text_write_audio
        self.synthesize(None, data_tts.text)
      File "/mnt/h/jurcicek/vystadial-git/alex/components/hub/tts.py", line 97, in synthesize
        self.commands.send(Command('tts_start(user_id="%s",text="%s")' % (user_id, text), 'TTS', 'HUB'))
      File "/mnt/h/jurcicek/vystadial-git/alex/components/hub/messages.py", line 37, in __init__
        self.parsed = collections.defaultdict(unicode, parse_command(self.command))
      File "/mnt/h/jurcicek/vystadial-git/alex/utils/text.py", line 141, in parse_command
        raise Exception("Parsing error in: %s: %s" % (command, str(i)))
    Exception: Parsing error in: tts_start(user_id="None",text="inform(stops_conflict="no_stop")"): [u'text', u'"inform(stops_conflict', u'"no_stop")"']
    

2013-09-03-12-28-15.619499-CEST  MainProcess : INFO       
    #63034  Time: 2013-09-03-12-28-15.608435-CEST From: NLG        To: HUB        Command: nlg_text_generated() 

