2013-06-20-15-29-36.656091-CEST  MainProcess : SYSTEM-LOG 
    config = { 'ASR': { 'Google': { 'debug': False, 'language': 'cs', 'maxresults': 20},
               'Julius': { 'adinnetport': 5530,
                           'binary': '/usr/local/bin/julius',
                           'debug': False,
                           'hostname': 'localhost',
                           'jconf': { '-adport': '5530',
                                      '-b': '1000',
                                      '-b2': '100',
                                      '-cmnload': 'cmn.param',
                                      '-cmnmapweight': '200',
                                      '-cmnsave': 'cmn.param',
                                      '-confnet': '',
                                      '-fallback1pass': '',
                                      '-gprune': 'safe',
                                      '-h': '/mnt/h/jurcicek/vystadial-git/alex/resources/asr/voip_en/hmmdefs',
                                      '-hlist': '/mnt/h/jurcicek/vystadial-git/alex/resources/asr/voip_en/tiedlist',
                                      '-htkconf': '/mnt/h/jurcicek/vystadial-git/alex/resources/asr/voip_en/config',
                                      '-input': 'adinnet',
                                      '-iwsp': '',
                                      '-iwsppenalty': '0.0',
                                      '-lmp': '15.0 0.0',
                                      '-lmp2': '15.0 0.0',
                                      '-mapunk': 'UM',
                                      '-module': '10500',
                                      '-n': '50',
                                      '-nlr': '/mnt/h/jurcicek/vystadial-git/alex/resources/lm/caminfo/julius_arpa_bigram',
                                      '-no_ccd': '',
                                      '-nrl': '/mnt/h/jurcicek/vystadial-git/alex/resources/lm/caminfo/julius_arpa_rev_bigram',
                                      '-silhead': '<s>',
                                      '-siltail': '</s>',
                                      '-spmodel': 'sp',
                                      '-tmix': '4',
                                      '-v': '/mnt/h/jurcicek/vystadial-git/alex/resources/lm/caminfo/julius_dict'},
                           'jconffile': 'julius.jconf',
                           'killall': False,
                           'logfile': 'julius.log',
                           'msg_timeout': 0.3,
                           'pidfile': 'julius.pid',
                           'reuse_server': False,
                           'serverport': 10500,
                           'start_max_wait_time': 15,
                           'start_wait_time': 0.5,
                           'timeout': 2.0},
               'Kaldi': { 'LM_scale': -6666.66,
                          'hypothesis_type': 'nblist',
                          'lat_depth': 666666,
                          'model': 'TODO_path_to_model'},
               'debug': True,
               'type': 'Google'},
      'AlexOnTheBus': { 'max_turns': 30},
      'Audio': { 'sample_rate': 16000, 'samples_per_frame': 256},
      'AudioIO': { 'debug': True, 'output_dir': './aio_call_log', 'play_buffer_size': 1024},
      'DM': { 'PUfalRuleDM': { 'code_submit_url': None,
                               'db_cfg': '/mnt/h/jurcicek/vystadial-git/alex/resources/../applications/CamInfoRest/cued_data/CIRdbase_V7_noloc.txt',
                               'ontology': '/mnt/h/jurcicek/vystadial-git/alex/resources/../applications/CamInfoRest/ontology.cfg',
                               'provide_code': False},
              'UfalRuleDM': { 'code_submit_url': None,
                              'db_cfg': '/mnt/h/jurcicek/vystadial-git/alex/resources/../applications/CamInfoRest/cued_data/CIRdbase_V7_noloc.txt',
                              'ontology': '/mnt/h/jurcicek/vystadial-git/alex/resources/../applications/CamInfoRest/ontology.cfg',
                              'provide_code': False},
              'basic': { 'debug': True},
              'debug': True,
              'dialogue_policy': { 'type': <class 'alex.applications.AlexOnTheBus.aotb_hdc_policy.AOTBHDCPolicy'>},
              'dialogue_state': { 'type': <class 'alex.components.dm.dddstate.DeterministicDiscriminativeDialogueState'>},
              'ontology': '/mnt/h/jurcicek/vystadial-git/alex/applications/AlexOnTheBus/data/ontology.py',
              'type': 'basic'},
      'General': { 'include': ['/mnt/h/jurcicek/vystadial-git/alex/resources/private/default.cfg']},
      'Hub': { 'history_file': 'hub_history_hub.txt', 'history_length': 1000, 'main_loop_sleep_time': 0.005},
      'Logging': { 'session_logger': SessionLogger(),
                   'system_logger': SystemLogger(output_dir=./call_logs, stdout_log_level='DEBUG', stdout=True, file_log_level='DEBUG'),
                   'system_name': 'Alex On The Bus',
                   'version': '1.0'},
      'NLG': { 'Template': { 'model': '/mnt/h/jurcicek/vystadial-git/alex/applications/AlexOnTheBus/nlg_templates.cfg'},
               'debug': True,
               'type': 'Template'},
      'SHub': { 'history_file': 'hub_history_shub.txt', 'history_length': 1000},
      'SLU': { 'cl-tracing': { 'cldb_fname': '/mnt/h/jurcicek/vystadial-git/alex/resources/../applications/CamInfoRest/data/database.py',
                               'do_preprocessing': True,
                               'features_type': ('ngram',),
                               'testing': { 'max_examples': None,
                                            'min_perc': 80,
                                            'model_fname': '/mnt/h/jurcicek/vystadial-git/alex/resources/../applications/CamInfoRest/models/130516_minf60-minfc35-mind60.slu_model.gz',
                                            'renormalise': True,
                                            'threshold': None,
                                            'vanilla': True},
                               'training': { 'models_dir': 'models'}},
               'debug': True,
               'type': <class 'alex.applications.AlexOnTheBus.aotb_slu.AOTBSLU'>,
               <class 'alex.applications.AlexOnTheBus.aotb_slu.AOTBSLU'>: { 'cldb_fname': '/mnt/h/jurcicek/vystadial-git/alex/applications/AlexOnTheBus/data/database.py',
                                                                            'preprocessing_cls': <class 'alex.applications.AlexOnTheBus.aotb_preprocessing.AOTBSLUPreprocessing'>,
                                                                            'training': { 'models_dir': 'models'}}},
      'THub': { 'history_file': 'hub_history_thub.txt', 'history_length': 1000},
      'TTS': { 'Flite': { 'debug': False,
                          'preprocessing': '/mnt/h/jurcicek/vystadial-git/alex/resources/tts/prep_flite_en.cfg',
                          'voice': 'kal16'},
               'Google': { 'debug': False,
                           'language': 'en',
                           'preprocessing': '/mnt/h/jurcicek/vystadial-git/alex/resources/tts/prep_google_en.cfg'},
               'SpeechTech': { 'debug': True,
                               'login': 'filipjurcicek',
    # this line was removed since it included a password
                               'preprocessing': '/mnt/h/jurcicek/vystadial-git/alex/resources/tts/prep_speechtech_cs.cfg',
                               'voice': 'Iva210'},
               'VoiceRSS': { 'api_key': '3b6a9fca5d724b1c8ac34691586cdda1'},
               'VoiceRss': { 'language': 'en-gb',
                             'preprocessing': '/mnt/h/jurcicek/vystadial-git/alex/resources/tts/prep_voicerss_en.cfg'},
               'debug': True,
               'type': 'SpeechTech'},
      'VAD': { 'debug': False,
               'decision_frames_sil': 25,
               'decision_frames_speech': 10,
               'decision_non_speech_threshold': 0.2,
               'decision_speech_threshold': 0.7,
               'gmm': { 'ceplifter': 22,
                        'enormalise': True,
                        'filter_length': 5,
                        'frameshift': 160,
                        'framesize': 512,
                        'frontend': 'MFCC',
                        'hifreq': 3800,
                        'lofreq': 125,
                        'numceps': 12,
                        'numchans': 26,
                        'preemcoef': 0.97,
                        'sil_model': '/mnt/h/jurcicek/vystadial-git/alex/resources/vad/voip_en/vad_sil_sds_mfcc_m064_f100000.gmm',
                        'speech_model': '/mnt/h/jurcicek/vystadial-git/alex/resources/vad/voip_en/vad_speech_sds_mfcc_m064_f100000.gmm',
                        'useacc': True,
                        'usec0': False,
                        'usecmn': False,
                        'usedelta': True,
                        'usehamming': True,
                        'usepower': True,
                        'zmeansource': True},
               'power': { 'adaptation_frames': 30, 'threshold': 70, 'threshold_multiplier': 1.0},
               'speech_buffer_frames': 20,
               'type': 'gmm'},
      'VoipHub': { 'blacklist_for': 7200,
                   'call_db': '/mnt/h/jurcicek/vystadial-git/alex/applications/AlexOnTheBus/call_db.pckl',
                   'hard_time_limit': 360,
                   'hard_turn_limit': 40,
                   'history_length': 1000,
                   'last_period_max_num_calls': 100,
                   'last_period_max_total_time': 1800,
                   'limit_reached_message': u'D\u011bkujeme za zavol\xe1n\xed, ale u\u017e jste volali hodn\u011b. Pros\xedm zavolejte pozd\u011bji. Na shledanou.',
                   'period': 172800,
                   'pid_file': '/mnt/h/jurcicek/vystadial-git/alex/applications/vhub.pid',
                   'wait_time_before_calling_back': 10},
      'VoipIO': { 'allowed_hosts': '',
                  'allowed_phone_numbers': '(^[234567])',
                  'allowed_users': '(^[234567])',
                  'debug': True,
                  'domain': 'external.sip.mff.cuni.cz:5066',
                  'forbidden_hosts': '',
                  'forbidden_phone_number': '(^112$|^150$|^155$|^156$|^158$)',
                  'forbidden_users': '(^112$|^150$|^155$|^156$|^158$)',
    # this line was removed since it included a password
                  'pjsip_log_level': 3,
                  'reject_calls': False,
                  'user': 'DEV-9889'},
      'WebHub': { 'port': 8000}}
    

2013-06-20-15-29-36.656450-CEST  MainProcess : INFO       
    From: VoipIO     To: HUB        Command: incoming_call(remote_uri="4366") 

2013-06-20-15-29-36.690745-CEST  VoipIO-1   : DEBUG      
    CallCallback::on_state : Call with "Bejcek Eduard" <sip:4366@195.113.20.69> is CONFIRMED last code = 200 (OK)

2013-06-20-15-29-36.845033-CEST  VoipIO-1   : DEBUG      
    VoipIO::on_call_confirmed

2013-06-20-15-29-36.892001-CEST  MainProcess : INFO       
    From: VoipIO     To: HUB        Command: call_connecting(remote_uri="4366") 

2013-06-20-15-29-36.897489-CEST  MainProcess : INFO       
    From: VoipIO     To: HUB        Command: call_confirmed(remote_uri="4366") 

2013-06-20-15-29-36.898159-CEST  MainProcess : INFO       
    
    ========================================================================================================================
    Incoming call from :          4366
    ------------------------------------------------------------------------------------------------------------------------
    Total calls:                  5
    Total time (min):             4.5
    Last period total calls:      5
    Last period total time (min): 4.5
    ------------------------------------------------------------------------------------------------------------------------
    CALL ACCEPTED
    ========================================================================================================================
    

2013-06-20-15-29-36.899190-CEST  DM-5       : DEBUG      
    From: HUB        To: DM         Command: new_dialogue() 

2013-06-20-15-29-36.899869-CEST  DM-5       : DEBUG      
    DM Output
    ------------------------------------------------------------
    hello()
    

2013-06-20-15-29-37.014262-CEST  NLG-6      : DEBUG      
    NLG Output
    ------------------------------------------------------------
    Dobrý den. Hovor je nahráván. Více informací o této službě je na internetu. Jak Vám mohu pomoci. Můžete například říct z Malostranského náměstí na Žižkov.
    

2013-06-20-15-29-37.017700-CEST  MainProcess : INFO       
    From: DM         To: HUB        Command: dm_da_generated() 

2013-06-20-15-29-37.054606-CEST  MainProcess : INFO       
    From: NLG        To: HUB        Command: nlg_text_generated() 

2013-06-20-15-29-37.060215-CEST  MainProcess : INFO       
    From: TTS        To: HUB        Command: tts_start(user_id="None",text="Dobrý den. Hovor je nahráván. Více informací o této službě je na internetu. Jak Vám mohu pomoci. Můžete například říct z Malostranského náměstí na Žižkov.") 

2013-06-20-15-29-37.173218-CEST  MainProcess : INFO       
    From: VoipIO     To: HUB        Command: play_utterance_start(user_id="None",fname="tts-2013-06-20-15-29-37.057479.wav") 

2013-06-20-15-29-37.214724-CEST  MainProcess : INFO       
    From: TTS        To: HUB        Command: tts_end(user_id="None",text="Dobrý den. Hovor je nahráván. Více informací o této službě je na internetu. Jak Vám mohu pomoci. Můžete například říct z Malostranského náměstí na Žižkov.",fname="tts-2013-06-20-15-29-37.057479.wav") 

2013-06-20-15-29-39.041330-CEST  MainProcess : INFO       
    From: VAD        To: HUB        Command: speech_start(fname="vad-2013-06-20-15-29-38.955261.wav") 

2013-06-20-15-29-39.041860-CEST  ASR-3      : DEBUG      
    ASR: speech_start()

2013-06-20-15-29-39.088339-CEST  MainProcess : INFO       
    From: ASR        To: HUB        Command: asr_start() 

2013-06-20-15-29-39.092475-CEST  VoipIO-1   : DEBUG      
    From: HUB        To: VIO        Command: flush_out() 

2013-06-20-15-29-39.634316-CEST  ASR-3      : DEBUG      
    ASR: speech_end()

2013-06-20-15-29-39.634638-CEST  MainProcess : INFO       
    From: VAD        To: HUB        Command: speech_end(fname="vad-2013-06-20-15-29-38.955261.wav") 

2013-06-20-15-29-40.061148-CEST  ASR-3      : DEBUG      
    ASR Hypothesis
    ------------------------------------------------------------
    0.365 nyní
    0.254 není
    0.191 money
    0.127 nanny
    0.064 ní
    0.000 __other__
    

2013-06-20-15-29-40.098434-CEST  MainProcess : INFO       
    From: ASR        To: HUB        Command: asr_end() 

2013-06-20-15-29-40.706289-CEST  SLU-4      : DEBUG      
    SLU Hypothesis
    ------------------------------------------------------------
    0.635 other()
    0.365 inform(time="now")
    

2013-06-20-15-29-40.740175-CEST  MainProcess : INFO       
    From: SLU        To: HUB        Command: slu_parsed() 

2013-06-20-15-29-40.743398-CEST  DM-5       : DEBUG      
    DDDState Dialogue Act in: other()

2013-06-20-15-29-40.743588-CEST  DM-5       : DEBUG      
    Context Resolution - Dialogue Act: other()

2013-06-20-15-29-40.743803-CEST  DM-5       : DEBUG      
    DDDState - Dialogue state content:
    
    lda = None
    
    
    
    

2013-06-20-15-29-40.744000-CEST  DM-5       : DEBUG      
    DDDState
    
    Requested slots:
    {}
    Confirmed slots:
    {}
    Non-informed slots:
    {}

2013-06-20-15-29-40.744364-CEST  DM-5       : DEBUG      
    DM Output
    ------------------------------------------------------------
    request(from_stop)
    

2013-06-20-15-29-40.842859-CEST  MainProcess : INFO       
    From: DM         To: HUB        Command: dm_da_generated() 

2013-06-20-15-29-40.843269-CEST  NLG-6      : DEBUG      
    NLG Output
    ------------------------------------------------------------
    Odkud chcete jet?
    

2013-06-20-15-29-40.899786-CEST  MainProcess : INFO       
    From: NLG        To: HUB        Command: nlg_text_generated() 

2013-06-20-15-29-40.900031-CEST  MainProcess : INFO       
    From: TTS        To: HUB        Command: tts_start(user_id="None",text="Odkud chcete jet?") 

2013-06-20-15-29-40.925938-CEST  MainProcess : INFO       
    From: TTS        To: HUB        Command: tts_end(user_id="None",text="Odkud chcete jet?",fname="tts-2013-06-20-15-29-40.898958.wav") 

2013-06-20-15-29-40.957160-CEST  MainProcess : INFO       
    From: VoipIO     To: HUB        Command: play_utterance_start(user_id="None",fname="tts-2013-06-20-15-29-40.898958.wav") 

2013-06-20-15-29-43.188322-CEST  MainProcess : INFO       
    From: VoipIO     To: HUB        Command: play_utterance_end(user_id="None",fname="tts-2013-06-20-15-29-40.898958.wav) 

2013-06-20-15-29-44.457105-CEST  MainProcess : INFO       
    From: VAD        To: HUB        Command: speech_start(fname="vad-2013-06-20-15-29-44.396738.wav") 

2013-06-20-15-29-44.461299-CEST  ASR-3      : DEBUG      
    ASR: speech_start()

2013-06-20-15-29-44.462569-CEST  MainProcess : INFO       
    From: ASR        To: HUB        Command: asr_start() 

2013-06-20-15-29-45.001579-CEST  ASR-3      : DEBUG      
    ASR: speech_end()

2013-06-20-15-29-45.003177-CEST  MainProcess : INFO       
    From: VAD        To: HUB        Command: speech_end(fname="vad-2013-06-20-15-29-44.396738.wav") 

2013-06-20-15-29-45.424528-CEST  ASR-3      : DEBUG      
    ASR Hypothesis
    ------------------------------------------------------------
    0.454 nyní
    0.121 není
    0.106 minnie
    0.091 ní
    0.076 nyní i
    0.061 není i
    0.046 ní i
    0.030 nyní i i
    0.015 minnie i
    0.000 __other__
    

2013-06-20-15-29-45.466051-CEST  MainProcess : INFO       
    From: ASR        To: HUB        Command: asr_end() 

2013-06-20-15-29-45.850390-CEST  SLU-4      : DEBUG      
    SLU Hypothesis
    ------------------------------------------------------------
    0.546 other()
    0.454 inform(time="now")
    

2013-06-20-15-29-45.875790-CEST  DM-5       : DEBUG      
    DDDState Dialogue Act in: other()

2013-06-20-15-29-45.875992-CEST  DM-5       : DEBUG      
    Context Resolution - Dialogue Act: other()

2013-06-20-15-29-45.876280-CEST  MainProcess : INFO       
    From: SLU        To: HUB        Command: slu_parsed() 

2013-06-20-15-29-45.876636-CEST  DM-5       : DEBUG      
    DDDState - Dialogue state content:
    
    lda = None
    from_centre = None
    from_stop = None
    time = None
    to_centre = None
    to_stop = None
    
    
    
    

2013-06-20-15-29-45.876865-CEST  DM-5       : DEBUG      
    DDDState
    
    Requested slots:
    {}
    Confirmed slots:
    {}
    Non-informed slots:
    {}

2013-06-20-15-29-45.877235-CEST  DM-5       : DEBUG      
    DM Output
    ------------------------------------------------------------
    request(from_stop)&request(to_stop)
    

2013-06-20-15-29-45.957604-CEST  NLG-6      : DEBUG      
    NLG Output
    ------------------------------------------------------------
    Odkud a kam chcete jet?
    

2013-06-20-15-29-45.958896-CEST  MainProcess : INFO       
    From: DM         To: HUB        Command: dm_da_generated() 

2013-06-20-15-29-46.010612-CEST  MainProcess : INFO       
    From: NLG        To: HUB        Command: nlg_text_generated() 

2013-06-20-15-29-46.010810-CEST  MainProcess : INFO       
    From: TTS        To: HUB        Command: tts_start(user_id="None",text="Odkud a kam chcete jet?") 

2013-06-20-15-29-46.067491-CEST  MainProcess : INFO       
    From: VoipIO     To: HUB        Command: play_utterance_start(user_id="None",fname="tts-2013-06-20-15-29-46.008389.wav") 

2013-06-20-15-29-46.067693-CEST  MainProcess : INFO       
    From: TTS        To: HUB        Command: tts_end(user_id="None",text="Odkud a kam chcete jet?",fname="tts-2013-06-20-15-29-46.008389.wav") 

2013-06-20-15-29-48.755994-CEST  MainProcess : INFO       
    From: VoipIO     To: HUB        Command: play_utterance_end(user_id="None",fname="tts-2013-06-20-15-29-46.008389.wav) 

2013-06-20-15-29-48.908452-CEST  ASR-3      : DEBUG      
    ASR: speech_start()

2013-06-20-15-29-48.910162-CEST  MainProcess : INFO       
    From: VAD        To: HUB        Command: speech_start(fname="vad-2013-06-20-15-29-48.806001.wav") 

2013-06-20-15-29-48.910361-CEST  MainProcess : INFO       
    From: ASR        To: HUB        Command: asr_start() 

2013-06-20-15-29-49.228325-CEST  ASR-3      : DEBUG      
    ASR: speech_end()

2013-06-20-15-29-49.229789-CEST  MainProcess : INFO       
    From: VAD        To: HUB        Command: speech_end(fname="vad-2013-06-20-15-29-48.806001.wav") 

2013-06-20-15-29-49.532886-CEST  ASR-3      : DEBUG      
    ASR Hypothesis
    ------------------------------------------------------------
    0.933 teď
    0.027 teď to
    0.020 teď se
    0.013 teď a
    0.007 teď už
    0.000 __other__
    

2013-06-20-15-29-49.559447-CEST  MainProcess : INFO       
    From: ASR        To: HUB        Command: asr_end() 

2013-06-20-15-29-49.774901-CEST  SLU-4      : DEBUG      
    SLU Hypothesis
    ------------------------------------------------------------
    0.933 inform(time="now")
    0.067 other()
    

2013-06-20-15-29-49.801965-CEST  DM-5       : DEBUG      
    DDDState Dialogue Act in: inform(time="now")

2013-06-20-15-29-49.802210-CEST  DM-5       : DEBUG      
    Context Resolution - Dialogue Act: inform(time="now")

2013-06-20-15-29-49.802464-CEST  DM-5       : DEBUG      
    DDDState - Dialogue state content:
    
    lda = None
    from_centre = None
    from_stop = None
    time = now
    to_centre = None
    to_stop = None
    
    
    
    

2013-06-20-15-29-49.802688-CEST  DM-5       : DEBUG      
    DDDState
    
    Requested slots:
    {}
    Confirmed slots:
    {}
    Non-informed slots:
    {u'time': u'now'}

2013-06-20-15-29-49.803056-CEST  DM-5       : DEBUG      
    DM Output
    ------------------------------------------------------------
    iconfirm(time="now")&request(from_stop)
    

2013-06-20-15-29-49.805772-CEST  MainProcess : INFO       
    From: SLU        To: HUB        Command: slu_parsed() 

2013-06-20-15-29-49.903149-CEST  NLG-6      : DEBUG      
    NLG Output
    ------------------------------------------------------------
    Dobře, chcete jet co nejdříve. Z jaké zastávky chcete jet?
    

2013-06-20-15-29-49.903626-CEST  MainProcess : INFO       
    From: DM         To: HUB        Command: dm_da_generated() 

2013-06-20-15-29-49.955595-CEST  MainProcess : INFO       
    From: NLG        To: HUB        Command: nlg_text_generated() 

2013-06-20-15-29-49.960997-CEST  MainProcess : INFO       
    From: TTS        To: HUB        Command: tts_start(user_id="None",text="Dobře, chcete jet co nejdříve. Z jaké zastávky chcete jet?") 

2013-06-20-15-29-50.017518-CEST  MainProcess : INFO       
    From: VoipIO     To: HUB        Command: play_utterance_start(user_id="None",fname="tts-2013-06-20-15-29-49.955754.wav") 

2013-06-20-15-29-50.048687-CEST  MainProcess : INFO       
    From: TTS        To: HUB        Command: tts_end(user_id="None",text="Dobře, chcete jet co nejdříve. Z jaké zastávky chcete jet?",fname="tts-2013-06-20-15-29-49.955754.wav") 

2013-06-20-15-29-56.181886-CEST  MainProcess : INFO       
    From: VoipIO     To: HUB        Command: play_utterance_end(user_id="None",fname="tts-2013-06-20-15-29-49.955754.wav) 

2013-06-20-15-30-27.757339-CEST  VoipIO-1   : DEBUG      
    CallCallback::on_state : Call with "Bejcek Eduard" <sip:4366@195.113.20.69> is DISCONNCTD last code = 200 (Normal call clearing)

2013-06-20-15-30-27.824198-CEST  VoipIO-1   : DEBUG      
    VoipIO::on_call_disconnected

2013-06-20-15-30-27.824959-CEST  MainProcess : INFO       
    From: VoipIO     To: HUB        Command: call_disconnected(remote_uri="4366") 

2013-06-20-15-30-27.830087-CEST  SLU-4      : DEBUG      
    From: HUB        To: SLU        Command: flush() 

2013-06-20-15-30-27.830438-CEST  ASR-3      : DEBUG      
    From: HUB        To: ASR        Command: flush() 

2013-06-20-15-30-27.830755-CEST  NLG-6      : DEBUG      
    From: HUB        To: NLG        Command: flush() 

2013-06-20-15-30-27.831098-CEST  DM-5       : DEBUG      
    From: HUB        To: DM         Command: flush() 

2013-06-20-15-30-27.831480-CEST  TTS-7      : DEBUG      
    From: HUB        To: TTS        Command: flush() 

2013-06-20-15-30-27.831797-CEST  VoipIO-1   : DEBUG      
    From: HUB        To: VoipIO     Command: flush() 

2013-06-20-15-30-27.836478-CEST  DM-5       : DEBUG      
    From: HUB        To: DM         Command: end_dialogue() 

