2013-09-02-07-12-28.333811-CEST  VoipIO-1   : DEBUG      
    CallCallback::on_state : Call with "777722783" <sip:777722783@195.113.20.160> is CONNECTING last code = 200 (OK)

2013-09-02-07-12-28.338391-CEST  VoipIO-1   : DEBUG      
    VoipIO::on_call_connecting

2013-09-02-07-12-28.344006-CEST  VoipIO-1   : DEBUG      
    CallCallback::on_state : Call with "777722783" <sip:777722783@195.113.20.160> is CONFIRMED last code = 200 (OK)

2013-09-02-07-12-28.366629-CEST  MainProcess : SYSTEM-LOG 
    config = { 'ASR': { 'Google': { 'debug': False, 'language': 'cs', 'maxresults': 20},
               'Julius': { 'adinnetport': 5530,
                           'binary': '/usr/local/bin/julius',
                           'debug': False,
                           'hostname': 'localhost',
                           'jconf': { '-adport': '5530',
                                      '-b': '1000',
                                      '-b2': '100',
                                      '-cmnload': 'cmn.param',
                                      '-cmnmapweight': '200',
                                      '-cmnsave': 'cmn.param',
                                      '-confnet': '',
                                      '-fallback1pass': '',
                                      '-gprune': 'safe',
                                      '-h': '/mnt/h/jurcicek/vystadial-git/alex/resources/asr/voip_en/hmmdefs',
                                      '-hlist': '/mnt/h/jurcicek/vystadial-git/alex/resources/asr/voip_en/tiedlist',
                                      '-htkconf': '/mnt/h/jurcicek/vystadial-git/alex/resources/asr/voip_en/config',
                                      '-input': 'adinnet',
                                      '-iwsp': '',
                                      '-iwsppenalty': '0.0',
                                      '-lmp': '15.0 0.0',
                                      '-lmp2': '15.0 0.0',
                                      '-mapunk': 'UM',
                                      '-module': '10500',
                                      '-n': '50',
                                      '-nlr': '/mnt/h/jurcicek/vystadial-git/alex/resources/lm/caminfo/julius_arpa_bigram',
                                      '-no_ccd': '',
                                      '-nrl': '/mnt/h/jurcicek/vystadial-git/alex/resources/lm/caminfo/julius_arpa_rev_bigram',
                                      '-silhead': '<s>',
                                      '-siltail': '</s>',
                                      '-spmodel': 'sp',
                                      '-tmix': '4',
                                      '-v': '/mnt/h/jurcicek/vystadial-git/alex/resources/lm/caminfo/julius_dict'},
                           'jconffile': 'julius.jconf',
                           'killall': False,
                           'logfile': 'julius.log',
                           'msg_timeout': 0.3,
                           'pidfile': 'julius.pid',
                           'reuse_server': False,
                           'serverport': 10500,
                           'start_max_wait_time': 15,
                           'start_wait_time': 0.5,
                           'timeout': 2.0},
               'Kaldi': { 'LM_scale': -6666.66,
                          'hypothesis_type': 'nblist',
                          'lat_depth': 666666,
                          'model': 'TODO_path_to_model'},
               'debug': True,
               'type': 'Google'},
      'AlexOnTheBus': { 'max_turns': 120},
      'Analytics': Analytics(account_id='UA-41905278-1', domain_name='cuni.cz'),
      'Audio': { 'sample_rate': 16000, 'samples_per_frame': 256},
      'AudioIO': { 'debug': True, 'output_dir': './aio_call_log', 'play_buffer_size': 1024},
      'DM': { 'PUfalRuleDM': { 'code_submit_url': None,
                               'db_cfg': '/mnt/h/jurcicek/vystadial-git/alex/resources/../applications/CamInfoRest/cued_data/CIRdbase_V7_noloc.txt',
                               'ontology': '/mnt/h/jurcicek/vystadial-git/alex/resources/../applications/CamInfoRest/ontology.cfg',
                               'provide_code': False},
              'UfalRuleDM': { 'code_submit_url': None,
                              'db_cfg': '/mnt/h/jurcicek/vystadial-git/alex/resources/../applications/CamInfoRest/cued_data/CIRdbase_V7_noloc.txt',
                              'ontology': '/mnt/h/jurcicek/vystadial-git/alex/resources/../applications/CamInfoRest/ontology.cfg',
                              'provide_code': False},
              'basic': { 'debug': True, 'silence_timeout': 10.0},
              'debug': True,
              'dialogue_policy': { 'type': <class 'alex.applications.AlexOnTheBus.aotb_hdc_policy.AOTBHDCPolicy'>},
              'dialogue_state': { 'type': <class 'alex.components.dm.dddstate.DeterministicDiscriminativeDialogueState'>},
              'input_timeout': 3.0,
              'ontology': '/mnt/h/jurcicek/vystadial-git/alex/applications/AlexOnTheBus/data/ontology.py',
              'type': 'basic'},
      'General': { 'debug': False, 'include': ['/mnt/h/jurcicek/vystadial-git/alex/resources/private/default.cfg']},
      'Hub': { 'history_file': 'hub_history_hub.txt', 'history_length': 1000, 'main_loop_sleep_time': 0.002},
      'Logging': { 'excepthook': ExceptionHook(
            ExceptionHook
              Hook Type: log
              Hook Logger: SystemLogger(output_dir=./call_logs, stdout_log_level='DEBUG', stdout=True, file_log_level='DEBUG')),
                   'session_logger': SessionLogger(),
                   'system_logger': SystemLogger(output_dir=/net/projects/vystadial/data/call-logs/2013-05-30-alex-aotb-prototype/new, stdout_log_level='DEBUG', stdout=True, file_log_level='DEBUG'),
                   'system_name': u'Alex On The Bus - Live',
                   'version': u'1.0'},
      'NLG': { 'Template': { 'model': '/mnt/h/jurcicek/vystadial-git/alex/applications/AlexOnTheBus/nlg_templates.cfg'},
               'debug': True,
               'type': 'Template'},
      'SHub': { 'history_file': 'hub_history_shub.txt', 'history_length': 1000},
      'SLU': { 'cl-tracing': { 'cldb_fname': '/mnt/h/jurcicek/vystadial-git/alex/applications/CamInfoRest/data/database.py',
                               'do_preprocessing': True,
                               'features_type': ('ngram', 'ab_ngram'),
                               'testing': { 'max_examples': None,
                                            'min_perc': 80,
                                            'model_fname': '/mnt/h/jurcicek/vystadial-git/alex/applications/CamInfoRest/models/130516_minf60-minfc35-mind60.slu_model.gz',
                                            'renormalise': True,
                                            'threshold': None,
                                            'vanilla': True},
                               'training': { 'abstractions': ('abstract',), 'models_dir': 'models'}},
               'debug': True,
               'type': <class 'alex.applications.AlexOnTheBus.aotb_slu.AOTBSLU'>,
               <class 'alex.applications.AlexOnTheBus.aotb_slu.AOTBSLU'>: { 'cldb_fname': '/mnt/h/jurcicek/vystadial-git/alex/applications/AlexOnTheBus/data/database.py',
                                                                            'preprocessing_cls': <class 'alex.applications.AlexOnTheBus.aotb_preprocessing.AOTBSLUPreprocessing'>,
                                                                            'training': { 'models_dir': 'models'}}},
      'THub': { 'history_file': 'hub_history_thub.txt', 'history_length': 1000},
      'TTS': { 'Flite': { 'debug': False,
                          'preprocessing': '/mnt/h/jurcicek/vystadial-git/alex/resources/tts/prep_flite_en.cfg',
                          'tempo': 1.0,
                          'voice': 'kal16'},
               'Google': { 'debug': False,
                           'language': 'en',
                           'preprocessing': '/mnt/h/jurcicek/vystadial-git/alex/resources/tts/prep_google_en.cfg',
                           'tempo': 1.0},
               'SpeechTech': { 'debug': True,
                               'login': 'filipjurcicek',
    # this line was removed since it included a password
                               'preprocessing': '/mnt/h/jurcicek/vystadial-git/alex/resources/tts/prep_speechtech_cs.cfg',
                               'tempo': 1.2,
                               'voice': 'Iva210'},
               'VoiceRSS': { 'api_key': '3b6a9fca5d724b1c8ac34691586cdda1'},
               'VoiceRss': { 'language': 'en-gb',
                             'preprocessing': '/mnt/h/jurcicek/vystadial-git/alex/resources/tts/prep_voicerss_en.cfg',
                             'tempo': 1.0},
               'debug': True,
               'in_between_segments_silence': 0.05,
               'type': 'SpeechTech'},
      'VAD': { 'debug': False,
               'decision_frames_sil': 25,
               'decision_frames_speech': 10,
               'decision_non_speech_threshold': 0.2,
               'decision_speech_threshold': 0.7,
               'gmm': { 'ceplifter': 22,
                        'enormalise': True,
                        'filter_length': 5,
                        'frameshift': 160,
                        'framesize': 512,
                        'frontend': 'MFCC',
                        'hifreq': 3800,
                        'lofreq': 125,
                        'numceps': 12,
                        'numchans': 26,
                        'preemcoef': 0.97,
                        'sil_model': '/mnt/h/jurcicek/vystadial-git/alex/resources/vad/voip_en/vad_sil_sds_mfcc_m064_f100000.gmm',
                        'speech_model': '/mnt/h/jurcicek/vystadial-git/alex/resources/vad/voip_en/vad_speech_sds_mfcc_m064_f100000.gmm',
                        'useacc': True,
                        'usec0': False,
                        'usecmn': False,
                        'usedelta': True,
                        'usehamming': True,
                        'usepower': True,
                        'zmeansource': True},
               'power': { 'adaptation_frames': 30, 'threshold': 70, 'threshold_multiplier': 1.0},
               'speech_buffer_frames': 20,
               'type': 'gmm'},
      'VoipHub': { 'blacklist_for': 7200,
                   'call_db': u'/net/projects/vystadial/data/call-logs/2013-05-30-alex-aotb-prototype/new/call_db.pckl',
                   'hard_time_limit': 360,
                   'hard_turn_limit': 120,
                   'history_length': 1000,
                   'last_period_max_num_calls': 20,
                   'last_period_max_total_time': 1800,
                   'limit_reached_message': u'D\u011bkujeme za zavol\xe1n\xed, ale u\u017e jste volali hodn\u011b. Pros\xedm zavolejte pozd\u011bji. Na shledanou.',
                   'period': 172800,
                   'pid_file': u'/net/projects/vystadial/data/call-logs/2013-05-30-alex-aotb-prototype/new/vhub_live.pid',
                   'wait_time_before_calling_back': 10},
      'VoipIO': { 'allowed_hosts': '',
                  'allowed_phone_numbers': '(^[234567])',
                  'allowed_users': '(^[234567])',
                  'debug': True,
                  'domain': 'vystadial.ms.mff.cuni.cz',
                  'forbidden_hosts': '',
                  'forbidden_phone_number': '(^112$|^150$|^155$|^156$|^158$)',
                  'forbidden_users': '(^112$|^150$|^155$|^156$|^158$)',
    # this line was removed since it included a password
                  'pjsip_log_level': 3,
                  'reject_calls': False,
                  'user': '800899998'},
      'WebHub': { 'port': 8000},
      'corpustools': { 'get_jasr_confnets': { 'frame_size': 256, 'rt_ratio': 0.2}}}

2013-09-02-07-12-28.398894-CEST  VoipIO-1   : DEBUG      
    VoipIO::on_call_confirmed

2013-09-02-07-12-28.442077-CEST  MainProcess : INFO       
    #15178  Time: 2013-09-02-07-12-28.339741-CEST From: VoipIO     To: HUB        Command: call_connecting(remote_uri="777722783") 

2013-09-02-07-12-28.450323-CEST  MainProcess : INFO       
    #15179  Time: 2013-09-02-07-12-28.400223-CEST From: VoipIO     To: HUB        Command: call_confirmed(remote_uri="777722783") 

2013-09-02-07-12-28.458777-CEST  MainProcess : INFO       
    
    ========================================================================================================================
    Incoming call from :          777722783
    ------------------------------------------------------------------------------------------------------------------------
    Total calls:                  16
    Total time (min):             22.7
    Last period total calls:      2
    Last period total time (min): 0.8
    ------------------------------------------------------------------------------------------------------------------------
    CALL ACCEPTED
    ========================================================================================================================
    

2013-09-02-07-12-28.463136-CEST  DM-5       : DEBUG      
    #15180  Time: 2013-09-02-07-12-28.455592-CEST From: HUB        To: DM         Command: new_dialogue() 

2013-09-02-07-12-28.480793-CEST  DM-5       : DEBUG      
    DM Output
    ------------------------------------------------------------
    hello()
    

2013-09-02-07-12-28.492021-CEST  MainProcess : INFO       
    #15184  Time: 2013-09-02-07-12-28.487716-CEST From: DM         To: HUB        DA: hello() 

2013-09-02-07-12-28.498369-CEST  NLG-6      : DEBUG      
    #15185  Time: 2013-09-02-07-12-28.494680-CEST From: HUB        To: NLG        DA: hello() 

2013-09-02-07-12-28.502740-CEST  NLG-6      : DEBUG      
    NLG Output
    ------------------------------------------------------------
    Dobrý den. Hovor je nahráván. Více informací o této službě je na internetu. Jak Vám mohu pomoci. Můžete například říct chtěl bych jet ze zastávky Anděl na Zličín.
    

2013-09-02-07-12-28.515410-CEST  MainProcess : INFO       
    #15186  Time: 2013-09-02-07-12-28.510348-CEST From: NLG        To: HUB        Command: nlg_text_generated() 

2013-09-02-07-12-28.519514-CEST  MainProcess : INFO       
    #15188  Time: 2013-09-02-07-12-28.511770-CEST From: TTS        To: HUB        Command: tts_start(user_id="None",text="Dobrý den. Hovor je nahráván. Více informací o této službě je na internetu. Jak Vám mohu pomoci. Můžete například říct chtěl bych jet ze zastávky Anděl na Zličín.") 

2013-09-02-07-12-28.527623-CEST  MainProcess : INFO       
    #15190  Time: 2013-09-02-07-12-28.514277-CEST From: VoipIO     To: HUB        Command: play_utterance_start(user_id="None",fname="tts-2013-09-02-07-12-28.511572.wav") 

2013-09-02-07-12-28.878226-CEST  MainProcess : INFO       
    #15888  Time: 2013-09-02-07-12-28.871099-CEST From: TTS        To: HUB        Command: tts_end(user_id="None",text="Dobrý den. Hovor je nahráván. Více informací o této službě je na internetu. Jak Vám mohu pomoci. Můžete například říct chtěl bych jet ze zastávky Anděl na Zličín.",fname="tts-2013-09-02-07-12-28.511572.wav",log="true") 

2013-09-02-07-12-39.234355-CEST  MainProcess : INFO       
    #16513  Time: 2013-09-02-07-12-38.846739-CEST From: VoipIO     To: HUB        Command: play_utterance_end(user_id="None",fname="tts-2013-09-02-07-12-28.511572.wav) 

2013-09-02-07-12-40.653368-CEST  MainProcess : INFO       
    #16627  Time: 2013-09-02-07-12-40.649588-CEST From: VAD        To: HUB        Command: speech_start(fname="vad-2013-09-02-07-12-40.634846.wav") 

2013-09-02-07-12-40.658278-CEST  ASR-3      : DEBUG      
    ASR: speech_start(fname="vad-2013-09-02-07-12-40.634846.wav")

2013-09-02-07-12-40.663092-CEST  MainProcess : INFO       
    #16628  Time: 2013-09-02-07-12-40.651284-CEST From: ASR        To: HUB        Command: asr_start(fname="vad-2013-09-02-07-12-40.634846.wav") 

2013-09-02-07-12-46.789199-CEST  ASR-3      : DEBUG      
    ASR: speech_end(fname="vad-2013-09-02-07-12-40.634846.wav")

2013-09-02-07-12-46.794282-CEST  MainProcess : INFO       
    #17014  Time: 2013-09-02-07-12-46.783845-CEST From: VAD        To: HUB        Command: speech_end(fname="vad-2013-09-02-07-12-40.634846.wav") 

2013-09-02-07-12-48.130384-CEST  ASR-3      : DEBUG      
    ASR Hypothesis
    ------------------------------------------------------------
    0.722 poslal bych ze zastávky novoborská do zastávky střížkov
    0.139 fossil bych ze zastávky novoborská do zastávky střížkov
    0.093 potřela bych ze zastávky novoborská do zastávky střížkov
    0.046 poslal bych ze zastávky novoborská do zastávky vyškov
    0.000 __other__
    

2013-09-02-07-12-48.148975-CEST  MainProcess : INFO       
    #17099  Time: 2013-09-02-07-12-48.143185-CEST From: ASR        To: HUB        Command: asr_end(fname="vad-2013-09-02-07-12-40.634846.wav") 

2013-09-02-07-12-48.433038-CEST  SLU-4      : DEBUG      
    SLU Hypothesis
    ------------------------------------------------------------
    1.000 inform(from_stop="Novoborská")
    0.954 inform(to_stop="Střížkov")
    

2013-09-02-07-12-48.454268-CEST  MainProcess : INFO       
    #17121  Time: 2013-09-02-07-12-48.448788-CEST From: SLU        To: HUB        Command: slu_parsed(fname="vad-2013-09-02-07-12-40.634846.wav") 

2013-09-02-07-12-48.459209-CEST  DM-5       : DEBUG      
    DDDState Dialogue Act in: inform(from_stop="Novoborská")&inform(to_stop="Střížkov")

2013-09-02-07-12-48.464344-CEST  DM-5       : DEBUG      
    Context Resolution - Dialogue Act: inform(from_stop="Novoborská")&inform(to_stop="Střížkov")

2013-09-02-07-12-48.469469-CEST  DM-5       : DEBUG      
    DDDState - Dialogue state content:
    
    ludait = none
    from_stop = Novoborská
    silence_time = 0.0
    to_stop = Střížkov
    
    
    
    

2013-09-02-07-12-48.474579-CEST  DM-5       : DEBUG      
    DDDState - Dialogue state update
    
    Requested slots:
    {}
    Confirmed slots:
    {}
    Non-informed slots:
    {u'to_stop': u'St\u0159\xed\u017ekov', u'silence_time': 0.0, u'from_stop': u'Novoborsk\xe1'}

2013-09-02-07-12-48.758257-CEST  DM-5       : DEBUG      
    DM Output
    ------------------------------------------------------------
    iconfirm(to_stop="Střížkov")&iconfirm(from_stop="Novoborská")&inform(found_directions="true")&inform(alternative="1")&inform(vehicle="BUS")&inform(line="201")&inform(go_at="07:20")&inform(enter_at="Českolipská")&inform(headsign="Nádraží Holešovice")&inform(exit_at="Střížkov")
    

2013-09-02-07-12-48.780986-CEST  MainProcess : INFO       
    #17143  Time: 2013-09-02-07-12-48.774834-CEST From: DM         To: HUB        DA: iconfirm(to_stop="Střížkov")&iconfirm(from_stop="Novoborská")&inform(found_directions="true")&inform(alternative="1")&inform(vehicle="BUS")&inform(line="201")&inform(go_at="07:20")&inform(enter_at="Českolipská")&inform(headsign="Nádraží Holešovice")&inform(exit_at="Střížkov") 

2013-09-02-07-12-48.790942-CEST  NLG-6      : DEBUG      
    #17144  Time: 2013-09-02-07-12-48.784322-CEST From: HUB        To: NLG        DA: iconfirm(to_stop="Střížkov")&iconfirm(from_stop="Novoborská")&inform(found_directions="true")&inform(alternative="1")&inform(vehicle="BUS")&inform(line="201")&inform(go_at="07:20")&inform(enter_at="Českolipská")&inform(headsign="Nádraží Holešovice")&inform(exit_at="Střížkov") 

2013-09-02-07-12-48.923219-CEST  NLG-6      : DEBUG      
    NLG Output
    ------------------------------------------------------------
    Do zastávky Střížkov. Ze zastávky Novoborská. Našla jsem následující spojení. Možnost první. Jeďte autobusem číslo 201 v 07:20 ze zastávky Českolipská směrem Nádraží Holešovice. Vystupte na zastávce Střížkov.
    

2013-09-02-07-12-48.939707-CEST  MainProcess : INFO       
    #17153  Time: 2013-09-02-07-12-48.934924-CEST From: NLG        To: HUB        Command: nlg_text_generated() 

2013-09-02-07-12-48.946120-CEST  MainProcess : INFO       
    #17155  Time: 2013-09-02-07-12-48.941171-CEST From: TTS        To: HUB        Command: tts_start(user_id="None",text="Do zastávky Střížkov. Ze zastávky Novoborská. Našla jsem následující spojení. Možnost první. Jeďte autobusem číslo 201 v 07:20 ze zastávky Českolipská směrem Nádraží Holešovice. Vystupte na zastávce Střížkov.") 

2013-09-02-07-12-48.963595-CEST  MainProcess : INFO       
    #17158  Time: 2013-09-02-07-12-48.944952-CEST From: VoipIO     To: HUB        Command: play_utterance_start(user_id="None",fname="tts-2013-09-02-07-12-48.936998.wav") 

2013-09-02-07-12-52.491442-CEST  MainProcess : INFO       
    #18352  Time: 2013-09-02-07-12-52.482312-CEST From: TTS        To: HUB        Command: tts_end(user_id="None",text="Do zastávky Střížkov. Ze zastávky Novoborská. Našla jsem následující spojení. Možnost první. Jeďte autobusem číslo 201 v 07:20 ze zastávky Českolipská směrem Nádraží Holešovice. Vystupte na zastávce Střížkov.",fname="tts-2013-09-02-07-12-48.936998.wav",log="true") 

2013-09-02-07-13-04.449747-CEST  MainProcess : INFO       
    #19073  Time: 2013-09-02-07-13-04.000447-CEST From: VoipIO     To: HUB        Command: play_utterance_end(user_id="None",fname="tts-2013-09-02-07-12-48.936998.wav) 

2013-09-02-07-13-07.107123-CEST  MainProcess : INFO       
    #19267  Time: 2013-09-02-07-13-07.102294-CEST From: VAD        To: HUB        Command: speech_start(fname="vad-2013-09-02-07-13-07.078943.wav") 

2013-09-02-07-13-07.112367-CEST  ASR-3      : DEBUG      
    ASR: speech_start(fname="vad-2013-09-02-07-13-07.078943.wav")

2013-09-02-07-13-07.117485-CEST  MainProcess : INFO       
    #19268  Time: 2013-09-02-07-13-07.103487-CEST From: ASR        To: HUB        Command: asr_start(fname="vad-2013-09-02-07-13-07.078943.wav") 

2013-09-02-07-13-08.489687-CEST  ASR-3      : DEBUG      
    ASR: speech_end(fname="vad-2013-09-02-07-13-07.078943.wav")

2013-09-02-07-13-08.494394-CEST  MainProcess : INFO       
    #19358  Time: 2013-09-02-07-13-08.486009-CEST From: VAD        To: HUB        Command: speech_end(fname="vad-2013-09-02-07-13-07.078943.wav") 

2013-09-02-07-13-08.963033-CEST  ASR-3      : DEBUG      
    ASR Hypothesis
    ------------------------------------------------------------
    0.570 a další možnost
    0.078 a další možnosti
    0.070 další možnost
    0.062 a další možností
    0.055 a další moznost
    0.047 a další možnost je
    0.039 další možnosti
    0.031 další možností
    0.023 další možnost je
    0.016 a další možností je
    0.008 další moznost
    0.000 __other__
    

2013-09-02-07-13-08.985430-CEST  MainProcess : INFO       
    #19390  Time: 2013-09-02-07-13-08.979709-CEST From: ASR        To: HUB        Command: asr_end(fname="vad-2013-09-02-07-13-07.078943.wav") 

2013-09-02-07-13-09.732061-CEST  SLU-4      : DEBUG      
    SLU Hypothesis
    ------------------------------------------------------------
    0.711 inform(alternative="next")
    0.289 reqalts()
    

2013-09-02-07-13-09.750877-CEST  MainProcess : INFO       
    #19439  Time: 2013-09-02-07-13-09.746689-CEST From: SLU        To: HUB        Command: slu_parsed(fname="vad-2013-09-02-07-13-07.078943.wav") 

2013-09-02-07-13-09.754512-CEST  DM-5       : DEBUG      
    DDDState Dialogue Act in: inform(alternative="next")

2013-09-02-07-13-09.758020-CEST  DM-5       : DEBUG      
    Context Resolution - Dialogue Act: inform(alternative="next")

2013-09-02-07-13-09.762181-CEST  DM-5       : DEBUG      
    DDDState - Dialogue state content:
    
    ludait = none
    alternative = next
    from_stop = Novoborská
    route_alternative = 0
    silence_time = 0.0
    time = none
    to_stop = Střížkov
    
    rh_alternative = system-informed
    rh_enter_at = system-informed
    rh_exit_at = system-informed
    rh_found_directions = system-informed
    rh_from_stop = system-informed
    rh_go_at = system-informed
    rh_headsign = system-informed
    rh_line = system-informed
    rh_to_stop = system-informed
    rh_vehicle = system-informed
    
    ch_alternative = system-informed
    ch_enter_at = system-informed
    ch_exit_at = system-informed
    ch_found_directions = system-informed
    ch_from_stop = system-informed
    ch_go_at = system-informed
    ch_headsign = system-informed
    ch_line = system-informed
    ch_to_stop = system-informed
    ch_vehicle = system-informed
    
    sh_alternative = system-informed
    sh_enter_at = system-informed
    sh_exit_at = system-informed
    sh_found_directions = system-informed
    sh_from_stop = system-informed
    sh_go_at = system-informed
    sh_headsign = system-informed
    sh_line = system-informed
    sh_to_stop = system-informed
    sh_vehicle = system-informed
    

2013-09-02-07-13-09.765426-CEST  DM-5       : DEBUG      
    DDDState - Dialogue state update
    
    Requested slots:
    {}
    Confirmed slots:
    {}
    Non-informed slots:
    {u'route_alternative': 0, u'silence_time': 0.0}

2013-09-02-07-13-09.886876-CEST  DM-5       : DEBUG      
    DM Output
    ------------------------------------------------------------
    inform(found_directions="next")&inform(alternative="2")&inform(vehicle="BUS")&inform(line="151")&inform(go_at="07:23")&inform(enter_at="Novoborská")&inform(headsign="Českomoravská")&inform(exit_at="Střížkov")
    

2013-09-02-07-13-09.902068-CEST  MainProcess : INFO       
    #19451  Time: 2013-09-02-07-13-09.898347-CEST From: DM         To: HUB        DA: inform(found_directions="next")&inform(alternative="2")&inform(vehicle="BUS")&inform(line="151")&inform(go_at="07:23")&inform(enter_at="Novoborská")&inform(headsign="Českomoravská")&inform(exit_at="Střížkov") 

2013-09-02-07-13-09.907492-CEST  NLG-6      : DEBUG      
    #19452  Time: 2013-09-02-07-13-09.904405-CEST From: HUB        To: NLG        DA: inform(found_directions="next")&inform(alternative="2")&inform(vehicle="BUS")&inform(line="151")&inform(go_at="07:23")&inform(enter_at="Novoborská")&inform(headsign="Českomoravská")&inform(exit_at="Střížkov") 

2013-09-02-07-13-09.947374-CEST  NLG-6      : DEBUG      
    NLG Output
    ------------------------------------------------------------
    Následující spojení. Možnost druhá. Jeďte autobusem číslo 151 v 07:23 ze zastávky Novoborská směrem Českomoravská. Vystupte na zastávce Střížkov.
    

2013-09-02-07-13-09.961521-CEST  MainProcess : INFO       
    #19457  Time: 2013-09-02-07-13-09.958719-CEST From: NLG        To: HUB        Command: nlg_text_generated() 

2013-09-02-07-13-09.967261-CEST  MainProcess : INFO       
    #19459  Time: 2013-09-02-07-13-09.962760-CEST From: TTS        To: HUB        Command: tts_start(user_id="None",text="Následující spojení. Možnost druhá. Jeďte autobusem číslo 151 v 07:23 ze zastávky Novoborská směrem Českomoravská. Vystupte na zastávce Střížkov.") 

2013-09-02-07-13-09.983226-CEST  MainProcess : INFO       
    #19461  Time: 2013-09-02-07-13-09.965760-CEST From: VoipIO     To: HUB        Command: play_utterance_start(user_id="None",fname="tts-2013-09-02-07-13-09.959276.wav") 

2013-09-02-07-13-12.049901-CEST  MainProcess : INFO       
    #20328  Time: 2013-09-02-07-13-12.043003-CEST From: TTS        To: HUB        Command: tts_end(user_id="None",text="Následující spojení. Možnost druhá. Jeďte autobusem číslo 151 v 07:23 ze zastávky Novoborská směrem Českomoravská. Vystupte na zastávce Střížkov.",fname="tts-2013-09-02-07-13-09.959276.wav",log="true") 

2013-09-02-07-13-21.794769-CEST  MainProcess : INFO       
    #20889  Time: 2013-09-02-07-13-20.963778-CEST From: VoipIO     To: HUB        Command: play_utterance_end(user_id="None",fname="tts-2013-09-02-07-13-09.959276.wav) 

2013-09-02-07-13-23.252407-CEST  MainProcess : INFO       
    #21033  Time: 2013-09-02-07-13-23.248007-CEST From: VAD        To: HUB        Command: speech_start(fname="vad-2013-09-02-07-13-23.201585.wav") 

2013-09-02-07-13-23.256601-CEST  ASR-3      : DEBUG      
    ASR: speech_start(fname="vad-2013-09-02-07-13-23.201585.wav")

2013-09-02-07-13-23.261544-CEST  MainProcess : INFO       
    #21034  Time: 2013-09-02-07-13-23.249945-CEST From: ASR        To: HUB        Command: asr_start(fname="vad-2013-09-02-07-13-23.201585.wav") 

2013-09-02-07-13-24.068043-CEST  MainProcess : INFO       
    #21086  Time: 2013-09-02-07-13-24.064247-CEST From: VAD        To: HUB        Command: speech_end(fname="vad-2013-09-02-07-13-23.201585.wav") 

2013-09-02-07-13-24.072130-CEST  ASR-3      : DEBUG      
    ASR: speech_end(fname="vad-2013-09-02-07-13-23.201585.wav")

2013-09-02-07-13-24.408753-CEST  ASR-3      : DEBUG      
    ASR Hypothesis
    ------------------------------------------------------------
    0.933 děkuji
    0.027 děkuji ti
    0.020 děkuji a
    0.013 děkuji moc
    0.007 děkuji v
    0.000 __other__
    

2013-09-02-07-13-24.504267-CEST  MainProcess : INFO       
    #21115  Time: 2013-09-02-07-13-24.499528-CEST From: ASR        To: HUB        Command: asr_end(fname="vad-2013-09-02-07-13-23.201585.wav") 

2013-09-02-07-13-24.878954-CEST  SLU-4      : DEBUG      
    SLU Hypothesis
    ------------------------------------------------------------
    1.000 thankyou()
    

2013-09-02-07-13-24.908799-CEST  MainProcess : INFO       
    #21141  Time: 2013-09-02-07-13-24.904245-CEST From: SLU        To: HUB        Command: slu_parsed(fname="vad-2013-09-02-07-13-23.201585.wav") 

2013-09-02-07-13-24.913084-CEST  DM-5       : DEBUG      
    DDDState Dialogue Act in: thankyou()

2013-09-02-07-13-24.917642-CEST  DM-5       : DEBUG      
    Context Resolution - Dialogue Act: thankyou()

2013-09-02-07-13-24.922809-CEST  DM-5       : DEBUG      
    DDDState - Dialogue state content:
    
    ludait = thankyou
    alternative = none
    from_stop = Novoborská
    route_alternative = 1
    silence_time = 0.0
    time = none
    to_stop = Střížkov
    
    rh_alternative = system-informed
    rh_enter_at = system-informed
    rh_exit_at = system-informed
    rh_found_directions = system-informed
    rh_from_stop = system-informed
    rh_go_at = system-informed
    rh_headsign = system-informed
    rh_line = system-informed
    rh_to_stop = system-informed
    rh_vehicle = system-informed
    
    ch_alternative = system-informed
    ch_enter_at = system-informed
    ch_exit_at = system-informed
    ch_found_directions = system-informed
    ch_from_stop = system-informed
    ch_go_at = system-informed
    ch_headsign = system-informed
    ch_line = system-informed
    ch_to_stop = system-informed
    ch_vehicle = system-informed
    
    sh_alternative = system-informed
    sh_enter_at = system-informed
    sh_exit_at = system-informed
    sh_found_directions = system-informed
    sh_from_stop = system-informed
    sh_go_at = system-informed
    sh_headsign = system-informed
    sh_line = system-informed
    sh_to_stop = system-informed
    sh_vehicle = system-informed
    

2013-09-02-07-13-24.927538-CEST  DM-5       : DEBUG      
    DDDState - Dialogue state update
    
    Requested slots:
    {}
    Confirmed slots:
    {}
    Non-informed slots:
    {u'route_alternative': 1, u'silence_time': 0.0}

2013-09-02-07-13-24.987062-CEST  DM-5       : DEBUG      
    DM Output
    ------------------------------------------------------------
    inform(cordiality="true")&hello()
    

2013-09-02-07-13-25.019799-CEST  MainProcess : INFO       
    #21151  Time: 2013-09-02-07-13-25.015916-CEST From: DM         To: HUB        DA: inform(cordiality="true")&hello() 

2013-09-02-07-13-25.026760-CEST  NLG-6      : DEBUG      
    #21152  Time: 2013-09-02-07-13-25.022621-CEST From: HUB        To: NLG        DA: inform(cordiality="true")&hello() 

2013-09-02-07-13-25.030717-CEST  NLG-6      : DEBUG      
    NLG Output
    ------------------------------------------------------------
    Nemáte zač. S čím Vám mohu ještě pomoci.
    

2013-09-02-07-13-25.063035-CEST  MainProcess : INFO       
    #21157  Time: 2013-09-02-07-13-25.059860-CEST From: NLG        To: HUB        Command: nlg_text_generated() 

2013-09-02-07-13-25.069559-CEST  MainProcess : INFO       
    #21159  Time: 2013-09-02-07-13-25.064399-CEST From: TTS        To: HUB        Command: tts_start(user_id="None",text="Nemáte zač. S čím Vám mohu ještě pomoci.") 

2013-09-02-07-13-25.103475-CEST  MainProcess : INFO       
    #21161  Time: 2013-09-02-07-13-25.065790-CEST From: VoipIO     To: HUB        Command: play_utterance_start(user_id="None",fname="tts-2013-09-02-07-13-25.060841.wav") 

2013-09-02-07-13-25.164830-CEST  MainProcess : INFO       
    #21348  Time: 2013-09-02-07-13-25.160294-CEST From: TTS        To: HUB        Command: tts_end(user_id="None",text="Nemáte zač. S čím Vám mohu ještě pomoci.",fname="tts-2013-09-02-07-13-25.060841.wav",log="true") 

2013-09-02-07-13-27.207338-CEST  VoipIO-1   : DEBUG      
    CallCallback::on_state : Call with "777722783" <sip:777722783@195.113.20.160> is DISCONNCTD last code = 200 (Normal call clearing)

2013-09-02-07-13-27.288916-CEST  VoipIO-1   : DEBUG      
    VoipIO::on_call_disconnected

2013-09-02-07-13-27.294584-CEST  MainProcess : INFO       
    #21477  Time: 2013-09-02-07-13-27.290131-CEST From: VoipIO     To: HUB        Command: call_disconnected(remote_uri="777722783") 

