2013-09-09-18-16-30.041701-CEST  VoipIO-1   : DEBUG      
    CallCallback::on_media_state : Media is now active

2013-09-09-18-16-30.045328-CEST  VoipIO-1   : DEBUG      
    CallCallback::on_state : Call with "777722783" <sip:777722783@195.113.20.160> is CONNECTING last code = 200 (OK)

2013-09-09-18-16-30.048758-CEST  VoipIO-1   : DEBUG      
    VoipIO::on_call_connecting

2013-09-09-18-16-30.052743-CEST  VoipIO-1   : DEBUG      
    CallCallback::on_state : Call with "777722783" <sip:777722783@195.113.20.160> is CONFIRMED last code = 200 (OK)

2013-09-09-18-16-30.065440-CEST  MainProcess : SYSTEM-LOG 
    config = { 'ASR': { 'Google': { 'debug': False, 'language': 'cs', 'maxresults': 20},
               'Julius': { 'adinnetport': 5530,
                           'binary': '/usr/local/bin/julius',
                           'debug': False,
                           'hostname': 'localhost',
                           'jconf': { '-adport': '5530',
                                      '-b': '1000',
                                      '-b2': '100',
                                      '-cmnload': 'cmn.param',
                                      '-cmnmapweight': '200',
                                      '-cmnsave': 'cmn.param',
                                      '-confnet': '',
                                      '-fallback1pass': '',
                                      '-gprune': 'safe',
                                      '-h': '/mnt/h/jurcicek/vystadial-git-prd/alex/resources/asr/voip_en/hmmdefs',
                                      '-hlist': '/mnt/h/jurcicek/vystadial-git-prd/alex/resources/asr/voip_en/tiedlist',
                                      '-htkconf': '/mnt/h/jurcicek/vystadial-git-prd/alex/resources/asr/voip_en/config',
                                      '-input': 'adinnet',
                                      '-iwsp': '',
                                      '-iwsppenalty': '0.0',
                                      '-lmp': '15.0 0.0',
                                      '-lmp2': '15.0 0.0',
                                      '-mapunk': 'UM',
                                      '-module': '10500',
                                      '-n': '50',
                                      '-nlr': '/mnt/h/jurcicek/vystadial-git-prd/alex/resources/lm/caminfo/julius_arpa_bigram',
                                      '-no_ccd': '',
                                      '-nrl': '/mnt/h/jurcicek/vystadial-git-prd/alex/resources/lm/caminfo/julius_arpa_rev_bigram',
                                      '-silhead': '<s>',
                                      '-siltail': '</s>',
                                      '-spmodel': 'sp',
                                      '-tmix': '4',
                                      '-v': '/mnt/h/jurcicek/vystadial-git-prd/alex/resources/lm/caminfo/julius_dict'},
                           'jconffile': 'julius.jconf',
                           'killall': False,
                           'logfile': 'julius.log',
                           'msg_timeout': 0.3,
                           'pidfile': 'julius.pid',
                           'reuse_server': False,
                           'serverport': 10500,
                           'start_max_wait_time': 15,
                           'start_wait_time': 0.5,
                           'timeout': 2.0},
               'Kaldi': { 'LM_scale': -6666.66,
                          'hypothesis_type': 'nblist',
                          'lat_depth': 666666,
                          'model': 'TODO_path_to_model'},
               'debug': True,
               'type': 'Google'},
      'AlexOnTheBus': { 'max_turns': 120},
      'Analytics': Analytics(account_id='UA-41905278-1', domain_name='cuni.cz'),
      'Audio': { 'sample_rate': 16000, 'samples_per_frame': 256},
      'AudioIO': { 'debug': True, 'output_dir': './aio_call_log', 'play_buffer_size': 1024},
      'DM': { 'PUfalRuleDM': { 'code_submit_url': None,
                               'db_cfg': '/mnt/h/jurcicek/vystadial-git-prd/alex/resources/../applications/CamInfoRest/cued_data/CIRdbase_V7_noloc.txt',
                               'ontology': '/mnt/h/jurcicek/vystadial-git-prd/alex/resources/../applications/CamInfoRest/ontology.cfg',
                               'provide_code': False},
              'UfalRuleDM': { 'code_submit_url': None,
                              'db_cfg': '/mnt/h/jurcicek/vystadial-git-prd/alex/resources/../applications/CamInfoRest/cued_data/CIRdbase_V7_noloc.txt',
                              'ontology': '/mnt/h/jurcicek/vystadial-git-prd/alex/resources/../applications/CamInfoRest/ontology.cfg',
                              'provide_code': False},
              'basic': { 'debug': True, 'silence_timeout': 10.0},
              'debug': True,
              'dialogue_policy': { 'type': <class 'alex.applications.AlexOnTheBus.aotb_hdc_policy.AOTBHDCPolicy'>},
              'dialogue_state': { 'type': <class 'alex.components.dm.dddstate.DeterministicDiscriminativeDialogueState'>},
              'input_timeout': 3.0,
              'ontology': '/mnt/h/jurcicek/vystadial-git-prd/alex/applications/AlexOnTheBus/data/ontology.py',
              'type': 'basic'},
      'General': { 'debug': False, 'include': ['/mnt/h/jurcicek/vystadial-git-prd/alex/resources/private/default.cfg']},
      'Hub': { 'history_file': 'hub_history_hub.txt', 'history_length': 1000, 'main_loop_sleep_time': 0.002},
      'Logging': { 'excepthook': ExceptionHook(
            ExceptionHook
              Hook Type: log
              Hook Logger: SystemLogger(output_dir=./call_logs, stdout_log_level='DEBUG', stdout=True, file_log_level='DEBUG')),
                   'session_logger': SessionLogger(),
                   'system_logger': SystemLogger(output_dir=/net/projects/vystadial/data/call-logs/2013-05-30-alex-aotb-prototype/new, stdout_log_level='DEBUG', stdout=True, file_log_level='DEBUG'),
                   'system_name': u'Alex On The Bus - Live',
                   'version': u'1.0'},
      'NLG': { 'Template': { 'model': '/mnt/h/jurcicek/vystadial-git-prd/alex/applications/AlexOnTheBus/nlg_templates.cfg'},
               'debug': True,
               'type': 'Template'},
      'SHub': { 'history_file': 'hub_history_shub.txt', 'history_length': 1000},
      'SLU': { 'cl-tracing': { 'cldb_fname': '/mnt/h/jurcicek/vystadial-git-prd/alex/applications/CamInfoRest/data/database.py',
                               'do_preprocessing': True,
                               'features_type': ('ngram', 'ab_ngram'),
                               'testing': { 'max_examples': None,
                                            'min_perc': 80,
                                            'model_fname': '/mnt/h/jurcicek/vystadial-git-prd/alex/applications/CamInfoRest/models/130516_minf60-minfc35-mind60.slu_model.gz',
                                            'renormalise': True,
                                            'threshold': None,
                                            'vanilla': True},
                               'training': { 'abstractions': ('abstract',), 'models_dir': 'models'}},
               'debug': True,
               'type': <class 'alex.applications.AlexOnTheBus.aotb_slu.AOTBSLU'>,
               <class 'alex.applications.AlexOnTheBus.aotb_slu.AOTBSLU'>: { 'cldb_fname': '/mnt/h/jurcicek/vystadial-git-prd/alex/applications/AlexOnTheBus/data/database.py',
                                                                            'preprocessing_cls': <class 'alex.applications.AlexOnTheBus.aotb_preprocessing.AOTBSLUPreprocessing'>,
                                                                            'training': { 'models_dir': 'models'}}},
      'THub': { 'history_file': 'hub_history_thub.txt', 'history_length': 1000},
      'TTS': { 'Flite': { 'debug': False,
                          'preprocessing': '/mnt/h/jurcicek/vystadial-git-prd/alex/resources/tts/prep_flite_en.cfg',
                          'tempo': 1.0,
                          'voice': 'kal16'},
               'Google': { 'debug': False,
                           'language': 'en',
                           'preprocessing': '/mnt/h/jurcicek/vystadial-git-prd/alex/resources/tts/prep_google_en.cfg',
                           'tempo': 1.0},
               'SpeechTech': { 'debug': True,
                               'login': 'filipjurcicek',
    # this line was removed since it included a password
                               'preprocessing': '/mnt/h/jurcicek/vystadial-git-prd/alex/resources/tts/prep_speechtech_cs.cfg',
                               'tempo': 1.2,
                               'voice': 'Iva210'},
               'VoiceRSS': { 'api_key': '3b6a9fca5d724b1c8ac34691586cdda1'},
               'VoiceRss': { 'language': 'en-gb',
                             'preprocessing': '/mnt/h/jurcicek/vystadial-git-prd/alex/resources/tts/prep_voicerss_en.cfg',
                             'tempo': 1.0},
               'debug': True,
               'in_between_segments_silence': 0.05,
               'type': 'SpeechTech'},
      'VAD': { 'debug': False,
               'decision_frames_sil': 25,
               'decision_frames_speech': 10,
               'decision_non_speech_threshold': 0.2,
               'decision_speech_threshold': 0.7,
               'gmm': { 'ceplifter': 22,
                        'enormalise': True,
                        'filter_length': 5,
                        'frameshift': 160,
                        'framesize': 512,
                        'frontend': 'MFCC',
                        'hifreq': 3800,
                        'lofreq': 125,
                        'numceps': 12,
                        'numchans': 26,
                        'preemcoef': 0.97,
                        'sil_model': '/mnt/h/jurcicek/vystadial-git-prd/alex/resources/vad/voip_en/vad_sil_sds_mfcc_m064_f100000.gmm',
                        'speech_model': '/mnt/h/jurcicek/vystadial-git-prd/alex/resources/vad/voip_en/vad_speech_sds_mfcc_m064_f100000.gmm',
                        'useacc': True,
                        'usec0': False,
                        'usecmn': False,
                        'usedelta': True,
                        'usehamming': True,
                        'usepower': True,
                        'zmeansource': True},
               'power': { 'adaptation_frames': 30, 'threshold': 70, 'threshold_multiplier': 1.0},
               'speech_buffer_frames': 20,
               'type': 'gmm'},
      'VoipHub': { 'blacklist_for': 7200,
                   'call_db': u'/net/projects/vystadial/data/call-logs/2013-05-30-alex-aotb-prototype/new/call_db.pckl',
                   'hard_time_limit': 360,
                   'hard_turn_limit': 120,
                   'history_length': 1000,
                   'last_period_max_num_calls': 20,
                   'last_period_max_total_time': 1800,
                   'limit_reached_message': u'D\u011bkujeme za zavol\xe1n\xed, ale u\u017e jste volali hodn\u011b. Pros\xedm zavolejte pozd\u011bji. Na shledanou.',
                   'period': 172800,
                   'pid_file': u'/net/projects/vystadial/data/call-logs/2013-05-30-alex-aotb-prototype/new/vhub_live.pid',
                   'wait_time_before_calling_back': 10},
      'VoipIO': { 'allowed_hosts': '',
                  'allowed_phone_numbers': '(^[234567])',
                  'allowed_users': '(^[234567])',
                  'debug': True,
                  'domain': 'vystadial.ms.mff.cuni.cz',
                  'forbidden_hosts': '',
                  'forbidden_phone_number': '(^112$|^150$|^155$|^156$|^158$)',
                  'forbidden_users': '(^112$|^150$|^155$|^156$|^158$)',
    # this line was removed since it included a password
                  'pjsip_log_level': 3,
                  'reject_calls': False,
                  'user': '800899998'},
      'WebHub': { 'port': 8000},
      'corpustools': { 'get_jasr_confnets': { 'frame_size': 256, 'rt_ratio': 0.2}}}

2013-09-09-18-16-30.078712-CEST  VoipIO-1   : DEBUG      
    VoipIO::on_call_confirmed

2013-09-09-18-16-30.120701-CEST  MainProcess : INFO       
    #49814  Time: 2013-09-09-18-16-30.049709-CEST From: VoipIO     To: HUB        Command: call_connecting(remote_uri="777722783") 

2013-09-09-18-16-30.126881-CEST  MainProcess : INFO       
    #49815  Time: 2013-09-09-18-16-30.079594-CEST From: VoipIO     To: HUB        Command: call_confirmed(remote_uri="777722783") 

2013-09-09-18-16-30.133482-CEST  MainProcess : INFO       
    
    ========================================================================================================================
    Incoming call from :          777722783
    ------------------------------------------------------------------------------------------------------------------------
    Total calls:                  26
    Total time (min):             32.1
    Last period total calls:      4
    Last period total time (min): 2.6
    ------------------------------------------------------------------------------------------------------------------------
    CALL ACCEPTED
    ========================================================================================================================
    

2013-09-09-18-16-30.139364-CEST  DM-5       : DEBUG      
    #49816  Time: 2013-09-09-18-16-30.131188-CEST From: HUB        To: DM         Command: new_dialogue() 

2013-09-09-18-16-30.152408-CEST  DM-5       : DEBUG      
    DM Output
    ------------------------------------------------------------
    hello()
    

2013-09-09-18-16-30.163036-CEST  MainProcess : INFO       
    #49818  Time: 2013-09-09-18-16-30.159149-CEST From: DM         To: HUB        DA: hello() 

2013-09-09-18-16-30.172595-CEST  NLG-6      : DEBUG      
    #49820  Time: 2013-09-09-18-16-30.164243-CEST From: HUB        To: NLG        DA: hello() 

2013-09-09-18-16-30.176146-CEST  NLG-6      : DEBUG      
    NLG Output
    ------------------------------------------------------------
    Dobrý den. Hovor je nahráván. Více informací o této službě je na internetu. Jak Vám mohu pomoci. Můžete například říct chtěl bych jet ze zastávky poliklinika Barrandov na Zvonařku.
    

2013-09-09-18-16-30.186363-CEST  MainProcess : INFO       
    #49822  Time: 2013-09-09-18-16-30.182478-CEST From: NLG        To: HUB        Command: nlg_text_generated() 

2013-09-09-18-16-30.193213-CEST  MainProcess : INFO       
    #49824  Time: 2013-09-09-18-16-30.188163-CEST From: TTS        To: HUB        Command: tts_start(user_id="None",text="Dobrý den. Hovor je nahráván. Více informací o této službě je na internetu. Jak Vám mohu pomoci. Můžete například říct chtěl bych jet ze zastávky poliklinika Barrandov na Zvonařku.") 

2013-09-09-18-16-30.204376-CEST  MainProcess : INFO       
    #49826  Time: 2013-09-09-18-16-30.191535-CEST From: VoipIO     To: HUB        Command: play_utterance_start(user_id="None",fname="tts-2013-09-09-18-16-30.184462.wav") 

2013-09-09-18-16-30.430658-CEST  MainProcess : INFO       
    #50556  Time: 2013-09-09-18-16-30.424645-CEST From: TTS        To: HUB        Command: tts_end(user_id="None",text="Dobrý den. Hovor je nahráván. Více informací o této službě je na internetu. Jak Vám mohu pomoci. Můžete například říct chtěl bych jet ze zastávky poliklinika Barrandov na Zvonařku.",fname="tts-2013-09-09-18-16-30.184462.wav",log="true") 

2013-09-09-18-16-32.360621-CEST  ASR-3      : DEBUG      
    ASR: speech_start(fname="vad-2013-09-09-18-16-32.342589.wav")

2013-09-09-18-16-32.365171-CEST  MainProcess : INFO       
    #50680  Time: 2013-09-09-18-16-32.357273-CEST From: VAD        To: HUB        Command: speech_start(fname="vad-2013-09-09-18-16-32.342589.wav") 

2013-09-09-18-16-32.375653-CEST  MainProcess : INFO       
    #50681  Time: 2013-09-09-18-16-32.357459-CEST From: ASR        To: HUB        Command: asr_start(fname="vad-2013-09-09-18-16-32.342589.wav") 

2013-09-09-18-16-32.941433-CEST  MainProcess : INFO       
    #50719  Time: 2013-09-09-18-16-32.937932-CEST From: VAD        To: HUB        Command: speech_end(fname="vad-2013-09-09-18-16-32.342589.wav") 

2013-09-09-18-16-32.945820-CEST  ASR-3      : DEBUG      
    ASR: speech_end(fname="vad-2013-09-09-18-16-32.342589.wav")

2013-09-09-18-16-33.185629-CEST  ASR-3      : DEBUG      
    ASR Hypothesis
    ------------------------------------------------------------
    1.000 __silence__
    0.000 __other__
    

2013-09-09-18-16-33.198101-CEST  SLU-4      : DEBUG      
    SLU Hypothesis
    ------------------------------------------------------------
    1.000 silence()
    

2013-09-09-18-16-33.201987-CEST  MainProcess : INFO       
    #50736  Time: 2013-09-09-18-16-33.193729-CEST From: ASR        To: HUB        Command: asr_end(fname="vad-2013-09-09-18-16-32.342589.wav") 

2013-09-09-18-16-33.213845-CEST  MainProcess : INFO       
    #50738  Time: 2013-09-09-18-16-33.207451-CEST From: SLU        To: HUB        Command: slu_parsed(fname="vad-2013-09-09-18-16-32.342589.wav") 

2013-09-09-18-16-33.217227-CEST  DM-5       : DEBUG      
    DDDState Dialogue Act in: silence()

2013-09-09-18-16-33.220265-CEST  DM-5       : DEBUG      
    Context Resolution - Dialogue Act: silence()

2013-09-09-18-16-33.223583-CEST  DM-5       : DEBUG      
    DDDState - Dialogue state content:
    
    ludait = silence
    silence_time = 0.0
    
    
    
    

2013-09-09-18-16-33.227936-CEST  DM-5       : DEBUG      
    DDDState - Dialogue state update
    
    Requested slots:
    {}
    Confirmed slots:
    {}
    Non-informed slots:
    {u'silence_time': 0.0}

2013-09-09-18-16-33.265186-CEST  DM-5       : DEBUG      
    DM Output
    ------------------------------------------------------------
    silence()
    

2013-09-09-18-16-33.283332-CEST  MainProcess : INFO       
    #50744  Time: 2013-09-09-18-16-33.278819-CEST From: DM         To: HUB        DA: silence() 

2013-09-09-18-16-41.570272-CEST  MainProcess : INFO       
    #51257  Time: 2013-09-09-18-16-41.449573-CEST From: VoipIO     To: HUB        Command: play_utterance_end(user_id="None",fname="tts-2013-09-09-18-16-30.184462.wav) 

2013-09-09-18-16-43.703401-CEST  ASR-3      : DEBUG      
    ASR: speech_start(fname="vad-2013-09-09-18-16-43.682183.wav")

2013-09-09-18-16-43.707717-CEST  MainProcess : INFO       
    #51399  Time: 2013-09-09-18-16-43.700122-CEST From: VAD        To: HUB        Command: speech_start(fname="vad-2013-09-09-18-16-43.682183.wav") 

2013-09-09-18-16-43.720017-CEST  MainProcess : INFO       
    #51400  Time: 2013-09-09-18-16-43.700393-CEST From: ASR        To: HUB        Command: asr_start(fname="vad-2013-09-09-18-16-43.682183.wav") 

2013-09-09-18-16-50.298875-CEST  ASR-3      : DEBUG      
    ASR: speech_end(fname="vad-2013-09-09-18-16-43.682183.wav")

2013-09-09-18-16-50.306330-CEST  MainProcess : INFO       
    #51814  Time: 2013-09-09-18-16-50.293451-CEST From: VAD        To: HUB        Command: speech_end(fname="vad-2013-09-09-18-16-43.682183.wav") 

2013-09-09-18-16-51.593474-CEST  ASR-3      : DEBUG      
    ASR Hypothesis
    ------------------------------------------------------------
    0.653 chtěl bych jet do zastávky českolipská ze stanice nádraží holešovice
    0.099 chtěl bych jet do zastávky českolipská ze stanice a nádraží holešovice
    0.083 chtěl bych jet do zastávky českolipská stanice nádraží holešovice
    0.066 chtěl bych jet do zastávky českolipská stanice a nádraží holešovice
    0.050 chtěl bych zastávky českolipská ze stanice nádraží holešovice
    0.033 chtěl bych zastávky českolipská ze stanice a nádraží holešovice
    0.017 chtěl bych zastávky českolipská stanice nádraží holešovice
    0.000 __other__
    

2013-09-09-18-16-51.640967-CEST  MainProcess : INFO       
    #51899  Time: 2013-09-09-18-16-51.630409-CEST From: ASR        To: HUB        Command: asr_end(fname="vad-2013-09-09-18-16-43.682183.wav") 

2013-09-09-18-16-52.254714-CEST  SLU-4      : DEBUG      
    SLU Hypothesis
    ------------------------------------------------------------
    0.983 inform(to_stop="Českolipská")
    0.703 inform(from_stop="Nádraží Holešovice")
    0.297 inform(="Nádraží Holešovice")
    0.017 inform(="Českolipská")
    

2013-09-09-18-16-52.285845-CEST  MainProcess : INFO       
    #51941  Time: 2013-09-09-18-16-52.280581-CEST From: SLU        To: HUB        Command: slu_parsed(fname="vad-2013-09-09-18-16-43.682183.wav") 

2013-09-09-18-16-52.289713-CEST  DM-5       : DEBUG      
    DDDState Dialogue Act in: inform(to_stop="Českolipská")&inform(from_stop="Nádraží Holešovice")

2013-09-09-18-16-52.293225-CEST  DM-5       : DEBUG      
    Context Resolution - Dialogue Act: inform(to_stop="Českolipská")&inform(from_stop="Nádraží Holešovice")

2013-09-09-18-16-52.297024-CEST  DM-5       : DEBUG      
    DDDState - Dialogue state content:
    
    ludait = none
    from_stop = Nádraží Holešovice
    silence_time = 0.0
    to_stop = Českolipská
    
    
    
    

2013-09-09-18-16-52.305336-CEST  DM-5       : DEBUG      
    DDDState - Dialogue state update
    
    Requested slots:
    {}
    Confirmed slots:
    {}
    Non-informed slots:
    {u'to_stop': u'\u010ceskolipsk\xe1', u'silence_time': 0.0, u'from_stop': u'N\xe1dra\u017e\xed Hole\u0161ovice'}

2013-09-09-18-16-52.644430-CEST  DM-5       : DEBUG      
    DM Output
    ------------------------------------------------------------
    iconfirm(to_stop="Českolipská")&iconfirm(from_stop="Nádraží Holešovice")&inform(found_directions="true")&inform(alternative="1")&inform(vehicle="BUS")&inform(line="201")&inform(go_at="06:18")&inform(enter_at="Nádraží Holešovice")&inform(headsign="Bakovská")&inform(exit_at="Českolipská")
    

2013-09-09-18-16-52.669867-CEST  MainProcess : INFO       
    #51967  Time: 2013-09-09-18-16-52.663175-CEST From: DM         To: HUB        DA: iconfirm(to_stop="Českolipská")&iconfirm(from_stop="Nádraží Holešovice")&inform(found_directions="true")&inform(alternative="1")&inform(vehicle="BUS")&inform(line="201")&inform(go_at="06:18")&inform(enter_at="Nádraží Holešovice")&inform(headsign="Bakovská")&inform(exit_at="Českolipská") 

2013-09-09-18-16-52.675585-CEST  NLG-6      : DEBUG      
    #51968  Time: 2013-09-09-18-16-52.671421-CEST From: HUB        To: NLG        DA: iconfirm(to_stop="Českolipská")&iconfirm(from_stop="Nádraží Holešovice")&inform(found_directions="true")&inform(alternative="1")&inform(vehicle="BUS")&inform(line="201")&inform(go_at="06:18")&inform(enter_at="Nádraží Holešovice")&inform(headsign="Bakovská")&inform(exit_at="Českolipská") 

2013-09-09-18-16-52.901910-CEST  NLG-6      : DEBUG      
    NLG Output
    ------------------------------------------------------------
    Chcete jet do zastávky Českolipská. Dobře, ze zastávky Nádraží Holešovice. Našla jsem následující spojení. Možnost první. Jeďte autobusem číslo 201 v 06:18 ze zastávky Nádraží Holešovice směrem Bakovská. Vystupte na zastávce Českolipská.
    

2013-09-09-18-16-52.921492-CEST  MainProcess : INFO       
    #51985  Time: 2013-09-09-18-16-52.917914-CEST From: NLG        To: HUB        Command: nlg_text_generated() 

2013-09-09-18-16-52.928797-CEST  MainProcess : INFO       
    #51987  Time: 2013-09-09-18-16-52.923539-CEST From: TTS        To: HUB        Command: tts_start(user_id="None",text="Chcete jet do zastávky Českolipská. Dobře, ze zastávky Nádraží Holešovice. Našla jsem následující spojení. Možnost první. Jeďte autobusem číslo 201 v 06:18 ze zastávky Nádraží Holešovice směrem Bakovská. Vystupte na zastávce Českolipská.") 

2013-09-09-18-16-52.975796-CEST  MainProcess : INFO       
    #51989  Time: 2013-09-09-18-16-52.926649-CEST From: VoipIO     To: HUB        Command: play_utterance_start(user_id="None",fname="tts-2013-09-09-18-16-52.919643.wav") 

2013-09-09-18-16-52.983707-CEST  MainProcess : INFO       
    #51993  Time: 2013-09-09-18-16-52.979273-CEST From: VAD        To: HUB        Command: speech_start(fname="vad-2013-09-09-18-16-52.899182.wav") 

2013-09-09-18-16-52.987976-CEST  ASR-3      : DEBUG      
    ASR: speech_start(fname="vad-2013-09-09-18-16-52.899182.wav")

2013-09-09-18-16-52.992703-CEST  MainProcess : INFO       
    #51994  Time: 2013-09-09-18-16-52.980736-CEST From: ASR        To: HUB        Command: asr_start(fname="vad-2013-09-09-18-16-52.899182.wav") 

2013-09-09-18-16-53.480490-CEST  MainProcess : INFO       
    #52560  Time: 2013-09-09-18-16-53.476729-CEST From: VAD        To: HUB        Command: speech_end(fname="vad-2013-09-09-18-16-52.899182.wav") 

2013-09-09-18-16-53.484506-CEST  ASR-3      : DEBUG      
    ASR: speech_end(fname="vad-2013-09-09-18-16-52.899182.wav")

2013-09-09-18-16-53.689908-CEST  ASR-3      : DEBUG      
    ASR Hypothesis
    ------------------------------------------------------------
    1.000 __silence__
    0.000 __other__
    

2013-09-09-18-16-53.731389-CEST  MainProcess : INFO       
    #52577  Time: 2013-09-09-18-16-53.727003-CEST From: ASR        To: HUB        Command: asr_end(fname="vad-2013-09-09-18-16-52.899182.wav") 

2013-09-09-18-16-53.735194-CEST  SLU-4      : DEBUG      
    SLU Hypothesis
    ------------------------------------------------------------
    1.000 silence()
    

2013-09-09-18-16-53.758566-CEST  MainProcess : INFO       
    #52579  Time: 2013-09-09-18-16-53.753382-CEST From: SLU        To: HUB        Command: slu_parsed(fname="vad-2013-09-09-18-16-52.899182.wav") 

2013-09-09-18-16-53.762208-CEST  DM-5       : DEBUG      
    DDDState Dialogue Act in: silence()

2013-09-09-18-16-53.765778-CEST  DM-5       : DEBUG      
    Context Resolution - Dialogue Act: silence()

2013-09-09-18-16-53.769812-CEST  DM-5       : DEBUG      
    DDDState - Dialogue state content:
    
    ludait = silence
    alternative = none
    from_stop = Nádraží Holešovice
    route_alternative = 0
    silence_time = 0.0
    time = none
    to_stop = Českolipská
    
    rh_alternative = system-informed
    rh_enter_at = system-informed
    rh_exit_at = system-informed
    rh_found_directions = system-informed
    rh_from_stop = system-informed
    rh_go_at = system-informed
    rh_headsign = system-informed
    rh_line = system-informed
    rh_to_stop = system-informed
    rh_vehicle = system-informed
    
    ch_alternative = system-informed
    ch_enter_at = system-informed
    ch_exit_at = system-informed
    ch_found_directions = system-informed
    ch_from_stop = system-informed
    ch_go_at = system-informed
    ch_headsign = system-informed
    ch_line = system-informed
    ch_to_stop = system-informed
    ch_vehicle = system-informed
    
    sh_alternative = system-informed
    sh_enter_at = system-informed
    sh_exit_at = system-informed
    sh_found_directions = system-informed
    sh_from_stop = system-informed
    sh_go_at = system-informed
    sh_headsign = system-informed
    sh_line = system-informed
    sh_to_stop = system-informed
    sh_vehicle = system-informed
    

2013-09-09-18-16-53.777004-CEST  DM-5       : DEBUG      
    DDDState - Dialogue state update
    
    Requested slots:
    {}
    Confirmed slots:
    {}
    Non-informed slots:
    {u'route_alternative': 0, u'silence_time': 0.0}

2013-09-09-18-16-53.894382-CEST  DM-5       : DEBUG      
    DM Output
    ------------------------------------------------------------
    silence()
    

2013-09-09-18-16-53.959500-CEST  MainProcess : INFO       
    #52593  Time: 2013-09-09-18-16-53.955643-CEST From: DM         To: HUB        DA: silence() 

2013-09-09-18-16-59.229394-CEST  MainProcess : INFO       
    #53497  Time: 2013-09-09-18-16-59.222619-CEST From: TTS        To: HUB        Command: tts_end(user_id="None",text="Chcete jet do zastávky Českolipská. Dobře, ze zastávky Nádraží Holešovice. Našla jsem následující spojení. Možnost první. Jeďte autobusem číslo 201 v 06:18 ze zastávky Nádraží Holešovice směrem Bakovská. Vystupte na zastávce Českolipská.",fname="tts-2013-09-09-18-16-52.919643.wav",log="true") 

2013-09-09-18-17-10.559943-CEST  MainProcess : INFO       
    #54192  Time: 2013-09-09-18-17-10.333146-CEST From: VoipIO     To: HUB        Command: play_utterance_end(user_id="None",fname="tts-2013-09-09-18-16-52.919643.wav) 

2013-09-09-18-17-12.600938-CEST  MainProcess : INFO       
    #54336  Time: 2013-09-09-18-17-12.596238-CEST From: VAD        To: HUB        Command: speech_start(fname="vad-2013-09-09-18-17-12.535928.wav") 

2013-09-09-18-17-12.604515-CEST  ASR-3      : DEBUG      
    ASR: speech_start(fname="vad-2013-09-09-18-17-12.535928.wav")

2013-09-09-18-17-12.617368-CEST  MainProcess : INFO       
    #54337  Time: 2013-09-09-18-17-12.597712-CEST From: ASR        To: HUB        Command: asr_start(fname="vad-2013-09-09-18-17-12.535928.wav") 

2013-09-09-18-17-13.097311-CEST  MainProcess : INFO       
    #54369  Time: 2013-09-09-18-17-13.093061-CEST From: VAD        To: HUB        Command: speech_end(fname="vad-2013-09-09-18-17-12.535928.wav") 

2013-09-09-18-17-13.104039-CEST  ASR-3      : DEBUG      
    ASR: speech_end(fname="vad-2013-09-09-18-17-12.535928.wav")

2013-09-09-18-17-13.551803-CEST  ASR-3      : DEBUG      
    ASR Hypothesis
    ------------------------------------------------------------
    0.933 děkuji
    0.017 děkuji ti
    0.014 děkuji a
    0.012 děkuji i
    0.010 děkuji moc
    0.007 děkuju i
    0.005 děkuj i
    0.002 děkuji a i
    0.000 __other__
    

2013-09-09-18-17-13.595867-CEST  MainProcess : INFO       
    #54402  Time: 2013-09-09-18-17-13.589601-CEST From: ASR        To: HUB        Command: asr_end(fname="vad-2013-09-09-18-17-12.535928.wav") 

2013-09-09-18-17-14.019143-CEST  VoipIO-1   : INFO       
    18:17:14.015    pjsua_acc.c  ....<sip:800899998@vystadial.ms.mff.cuni.cz>: registration success, status=200 (OK), will re-register in 300 seconds
    

2013-09-09-18-17-14.409073-CEST  SLU-4      : DEBUG      
    SLU Hypothesis
    ------------------------------------------------------------
    0.995 thankyou()
    0.005 other()
    

2013-09-09-18-17-14.464884-CEST  MainProcess : INFO       
    #54459  Time: 2013-09-09-18-17-14.459911-CEST From: SLU        To: HUB        Command: slu_parsed(fname="vad-2013-09-09-18-17-12.535928.wav") 

2013-09-09-18-17-14.469019-CEST  DM-5       : DEBUG      
    DDDState Dialogue Act in: thankyou()

2013-09-09-18-17-14.473100-CEST  DM-5       : DEBUG      
    Context Resolution - Dialogue Act: thankyou()

2013-09-09-18-17-14.478775-CEST  DM-5       : DEBUG      
    DDDState - Dialogue state content:
    
    ludait = thankyou
    alternative = none
    from_stop = Nádraží Holešovice
    route_alternative = 0
    silence_time = 0.0
    time = none
    to_stop = Českolipská
    
    rh_alternative = system-informed
    rh_enter_at = system-informed
    rh_exit_at = system-informed
    rh_found_directions = system-informed
    rh_from_stop = system-informed
    rh_go_at = system-informed
    rh_headsign = system-informed
    rh_line = system-informed
    rh_to_stop = system-informed
    rh_vehicle = system-informed
    
    ch_alternative = system-informed
    ch_enter_at = system-informed
    ch_exit_at = system-informed
    ch_found_directions = system-informed
    ch_from_stop = system-informed
    ch_go_at = system-informed
    ch_headsign = system-informed
    ch_line = system-informed
    ch_to_stop = system-informed
    ch_vehicle = system-informed
    
    sh_alternative = system-informed
    sh_enter_at = system-informed
    sh_exit_at = system-informed
    sh_found_directions = system-informed
    sh_from_stop = system-informed
    sh_go_at = system-informed
    sh_headsign = system-informed
    sh_line = system-informed
    sh_to_stop = system-informed
    sh_vehicle = system-informed
    

2013-09-09-18-17-14.483310-CEST  DM-5       : DEBUG      
    DDDState - Dialogue state update
    
    Requested slots:
    {}
    Confirmed slots:
    {}
    Non-informed slots:
    {u'route_alternative': 0, u'silence_time': 0.0}

2013-09-09-18-17-14.567902-CEST  DM-5       : DEBUG      
    DM Output
    ------------------------------------------------------------
    inform(cordiality="true")&hello()
    

2013-09-09-18-17-14.642405-CEST  MainProcess : INFO       
    #54470  Time: 2013-09-09-18-17-14.636629-CEST From: DM         To: HUB        DA: inform(cordiality="true")&hello() 

2013-09-09-18-17-14.659088-CEST  NLG-6      : DEBUG      
    #54474  Time: 2013-09-09-18-17-14.654970-CEST From: HUB        To: NLG        DA: inform(cordiality="true")&hello() 

2013-09-09-18-17-14.662884-CEST  NLG-6      : DEBUG      
    NLG Output
    ------------------------------------------------------------
    Nemáte zač. S čím Vám mohu ještě pomoci.
    

2013-09-09-18-17-14.714438-CEST  MainProcess : INFO       
    #54477  Time: 2013-09-09-18-17-14.703123-CEST From: NLG        To: HUB        Command: nlg_text_generated() 

2013-09-09-18-17-14.719281-CEST  MainProcess : INFO       
    #54479  Time: 2013-09-09-18-17-14.704123-CEST From: TTS        To: HUB        Command: tts_start(user_id="None",text="Nemáte zač. S čím Vám mohu ještě pomoci.") 

2013-09-09-18-17-14.813424-CEST  MainProcess : INFO       
    #54482  Time: 2013-09-09-18-17-14.709594-CEST From: VoipIO     To: HUB        Command: play_utterance_start(user_id="None",fname="tts-2013-09-09-18-17-14.703935.wav") 

2013-09-09-18-17-14.835691-CEST  MainProcess : INFO       
    #54669  Time: 2013-09-09-18-17-14.826728-CEST From: TTS        To: HUB        Command: tts_end(user_id="None",text="Nemáte zač. S čím Vám mohu ještě pomoci.",fname="tts-2013-09-09-18-17-14.703935.wav",log="true") 

2013-09-09-18-17-14.852010-CEST  ASR-3      : DEBUG      
    ASR: speech_start(fname="vad-2013-09-09-18-17-14.661261.wav")

2013-09-09-18-17-14.855874-CEST  MainProcess : INFO       
    #54674  Time: 2013-09-09-18-17-14.848580-CEST From: VAD        To: HUB        Command: speech_start(fname="vad-2013-09-09-18-17-14.661261.wav") 

2013-09-09-18-17-14.862546-CEST  MainProcess : INFO       
    #54675  Time: 2013-09-09-18-17-14.848934-CEST From: ASR        To: HUB        Command: asr_start(fname="vad-2013-09-09-18-17-14.661261.wav") 

2013-09-09-18-17-15.343497-CEST  ASR-3      : DEBUG      
    ASR: speech_end(fname="vad-2013-09-09-18-17-14.661261.wav")

2013-09-09-18-17-15.346916-CEST  MainProcess : INFO       
    #54708  Time: 2013-09-09-18-17-15.340306-CEST From: VAD        To: HUB        Command: speech_end(fname="vad-2013-09-09-18-17-14.661261.wav") 

2013-09-09-18-17-15.555986-CEST  ASR-3      : DEBUG      
    ASR Hypothesis
    ------------------------------------------------------------
    1.000 __silence__
    0.000 __other__
    

2013-09-09-18-17-15.597476-CEST  MainProcess : INFO       
    #54725  Time: 2013-09-09-18-17-15.593167-CEST From: ASR        To: HUB        Command: asr_end(fname="vad-2013-09-09-18-17-14.661261.wav") 

2013-09-09-18-17-15.601539-CEST  SLU-4      : DEBUG      
    SLU Hypothesis
    ------------------------------------------------------------
    1.000 silence()
    

2013-09-09-18-17-15.650394-CEST  MainProcess : INFO       
    #54731  Time: 2013-09-09-18-17-15.645558-CEST From: SLU        To: HUB        Command: slu_parsed(fname="vad-2013-09-09-18-17-14.661261.wav") 

2013-09-09-18-17-15.654011-CEST  DM-5       : DEBUG      
    DDDState Dialogue Act in: silence()

2013-09-09-18-17-15.657990-CEST  DM-5       : DEBUG      
    Context Resolution - Dialogue Act: silence()

2013-09-09-18-17-15.662968-CEST  DM-5       : DEBUG      
    DDDState - Dialogue state content:
    
    ludait = silence
    alternative = none
    from_stop = Nádraží Holešovice
    route_alternative = 0
    silence_time = 0.0
    time = none
    to_stop = Českolipská
    
    rh_alternative = system-informed
    rh_cordiality = system-informed
    rh_enter_at = system-informed
    rh_exit_at = system-informed
    rh_found_directions = system-informed
    rh_from_stop = system-informed
    rh_go_at = system-informed
    rh_headsign = system-informed
    rh_line = system-informed
    rh_to_stop = system-informed
    rh_vehicle = system-informed
    
    ch_alternative = system-informed
    ch_cordiality = system-informed
    ch_enter_at = system-informed
    ch_exit_at = system-informed
    ch_found_directions = system-informed
    ch_from_stop = system-informed
    ch_go_at = system-informed
    ch_headsign = system-informed
    ch_line = system-informed
    ch_to_stop = system-informed
    ch_vehicle = system-informed
    
    sh_alternative = system-informed
    sh_cordiality = system-informed
    sh_enter_at = system-informed
    sh_exit_at = system-informed
    sh_found_directions = system-informed
    sh_from_stop = system-informed
    sh_go_at = system-informed
    sh_headsign = system-informed
    sh_line = system-informed
    sh_to_stop = system-informed
    sh_vehicle = system-informed
    

2013-09-09-18-17-15.667384-CEST  DM-5       : DEBUG      
    DDDState - Dialogue state update
    
    Requested slots:
    {}
    Confirmed slots:
    {}
    Non-informed slots:
    {u'route_alternative': 0, u'silence_time': 0.0}

2013-09-09-18-17-15.769420-CEST  DM-5       : DEBUG      
    DM Output
    ------------------------------------------------------------
    silence()
    

2013-09-09-18-17-15.815272-CEST  MainProcess : INFO       
    #54745  Time: 2013-09-09-18-17-15.810728-CEST From: DM         To: HUB        DA: silence() 

2013-09-09-18-17-16.504431-CEST  VoipIO-1   : DEBUG      
    CallCallback::on_state : Call with "777722783" <sip:777722783@195.113.20.160> is DISCONNCTD last code = 200 (Normal call clearing)

2013-09-09-18-17-16.620598-CEST  VoipIO-1   : DEBUG      
    VoipIO::on_call_disconnected

2013-09-09-18-17-16.626981-CEST  MainProcess : INFO       
    #54788  Time: 2013-09-09-18-17-16.621671-CEST From: VoipIO     To: HUB        Command: call_disconnected(remote_uri="777722783") 

