2013-06-23-10-14-39.869990-CEST  VoipIO-1   : DEBUG      
    CallCallback::on_media_state : Media is now active

2013-06-23-10-14-39.871676-CEST  VoipIO-1   : DEBUG      
    CallCallback::on_state : Call with "245501010" <sip:245501010@195.113.20.69> is CONNECTING last code = 200 (OK)

2013-06-23-10-14-39.872556-CEST  VoipIO-1   : DEBUG      
    VoipIO::on_call_connecting

2013-06-23-10-14-39.888767-CEST  MainProcess : SYSTEM-LOG 
    config = { 'ASR': { 'Google': { 'debug': False, 'language': 'cs', 'maxresults': 20},
               'Julius': { 'adinnetport': 5530,
                           'binary': '/usr/local/bin/julius',
                           'debug': False,
                           'hostname': 'localhost',
                           'jconf': { '-adport': '5530',
                                      '-b': '1000',
                                      '-b2': '100',
                                      '-cmnload': 'cmn.param',
                                      '-cmnmapweight': '200',
                                      '-cmnsave': 'cmn.param',
                                      '-confnet': '',
                                      '-fallback1pass': '',
                                      '-gprune': 'safe',
                                      '-h': '/home/jurcicek/vystadial-git/alex/resources/asr/voip_en/hmmdefs',
                                      '-hlist': '/home/jurcicek/vystadial-git/alex/resources/asr/voip_en/tiedlist',
                                      '-htkconf': '/home/jurcicek/vystadial-git/alex/resources/asr/voip_en/config',
                                      '-input': 'adinnet',
                                      '-iwsp': '',
                                      '-iwsppenalty': '0.0',
                                      '-lmp': '15.0 0.0',
                                      '-lmp2': '15.0 0.0',
                                      '-mapunk': 'UM',
                                      '-module': '10500',
                                      '-n': '50',
                                      '-nlr': '/home/jurcicek/vystadial-git/alex/resources/lm/caminfo/julius_arpa_bigram',
                                      '-no_ccd': '',
                                      '-nrl': '/home/jurcicek/vystadial-git/alex/resources/lm/caminfo/julius_arpa_rev_bigram',
                                      '-silhead': '<s>',
                                      '-siltail': '</s>',
                                      '-spmodel': 'sp',
                                      '-tmix': '4',
                                      '-v': '/home/jurcicek/vystadial-git/alex/resources/lm/caminfo/julius_dict'},
                           'jconffile': 'julius.jconf',
                           'killall': False,
                           'logfile': 'julius.log',
                           'msg_timeout': 0.3,
                           'pidfile': 'julius.pid',
                           'reuse_server': False,
                           'serverport': 10500,
                           'start_max_wait_time': 15,
                           'start_wait_time': 0.5,
                           'timeout': 2.0},
               'Kaldi': { 'LM_scale': -6666.66,
                          'hypothesis_type': 'nblist',
                          'lat_depth': 666666,
                          'model': 'TODO_path_to_model'},
               'debug': True,
               'type': 'Google'},
      'AlexOnTheBus': { 'max_turns': 30},
      'Analytics': Analytics(account_id='UA-41905278-1', domain_name='cuni.cz'),
      'Audio': { 'sample_rate': 16000, 'samples_per_frame': 256},
      'AudioIO': { 'debug': True, 'output_dir': './aio_call_log', 'play_buffer_size': 1024},
      'DM': { 'PUfalRuleDM': { 'code_submit_url': None,
                               'db_cfg': '/home/jurcicek/vystadial-git/alex/resources/../applications/CamInfoRest/cued_data/CIRdbase_V7_noloc.txt',
                               'ontology': '/home/jurcicek/vystadial-git/alex/resources/../applications/CamInfoRest/ontology.cfg',
                               'provide_code': False},
              'UfalRuleDM': { 'code_submit_url': None,
                              'db_cfg': '/home/jurcicek/vystadial-git/alex/resources/../applications/CamInfoRest/cued_data/CIRdbase_V7_noloc.txt',
                              'ontology': '/home/jurcicek/vystadial-git/alex/resources/../applications/CamInfoRest/ontology.cfg',
                              'provide_code': False},
              'basic': { 'debug': True},
              'debug': True,
              'dialogue_policy': { 'type': <class 'alex.applications.AlexOnTheBus.aotb_hdc_policy.AOTBHDCPolicy'>},
              'dialogue_state': { 'type': <class 'alex.components.dm.dddstate.DeterministicDiscriminativeDialogueState'>},
              'ontology': '/home/jurcicek/vystadial-git/alex/applications/AlexOnTheBus/data/ontology.py',
              'type': 'basic'},
      'General': { 'debug': False, 'include': ['/home/jurcicek/vystadial-git/alex/resources/private/default.cfg']},
      'Hub': { 'history_file': 'hub_history_hub.txt', 'history_length': 1000, 'main_loop_sleep_time': 0.002},
      'Logging': { 'session_logger': SessionLogger(),
                   'system_logger': SystemLogger(output_dir=./call_logs, stdout_log_level='DEBUG', stdout=True, file_log_level='DEBUG'),
                   'system_name': 'Alex On The Bus',
                   'version': '1.0'},
      'NLG': { 'Template': { 'model': '/home/jurcicek/vystadial-git/alex/applications/AlexOnTheBus/nlg_templates.cfg'},
               'debug': True,
               'type': 'Template'},
      'SHub': { 'history_file': 'hub_history_shub.txt', 'history_length': 1000},
      'SLU': { 'cl-tracing': { 'cldb_fname': '/home/jurcicek/vystadial-git/alex/applications/CamInfoRest/data/database.py',
                               'do_preprocessing': True,
                               'features_type': ('ngram',),
                               'testing': { 'max_examples': None,
                                            'min_perc': 80,
                                            'model_fname': '/home/jurcicek/vystadial-git/alex/applications/CamInfoRest/models/130516_minf60-minfc35-mind60.slu_model.gz',
                                            'renormalise': True,
                                            'threshold': None,
                                            'vanilla': True},
                               'training': { 'models_dir': 'models'}},
               'debug': True,
               'type': <class 'alex.applications.AlexOnTheBus.aotb_slu.AOTBSLU'>,
               <class 'alex.applications.AlexOnTheBus.aotb_slu.AOTBSLU'>: { 'cldb_fname': '/home/jurcicek/vystadial-git/alex/applications/AlexOnTheBus/data/database.py',
                                                                            'preprocessing_cls': <class 'alex.applications.AlexOnTheBus.aotb_preprocessing.AOTBSLUPreprocessing'>,
                                                                            'training': { 'models_dir': 'models'}}},
      'THub': { 'history_file': 'hub_history_thub.txt', 'history_length': 1000},
      'TTS': { 'Flite': { 'debug': False,
                          'preprocessing': '/home/jurcicek/vystadial-git/alex/resources/tts/prep_flite_en.cfg',
                          'voice': 'kal16'},
               'Google': { 'debug': False,
                           'language': 'en',
                           'preprocessing': '/home/jurcicek/vystadial-git/alex/resources/tts/prep_google_en.cfg'},
               'SpeechTech': { 'debug': True,
                               'login': 'filipjurcicek',
    # this line was removed since it included a password
                               'preprocessing': '/home/jurcicek/vystadial-git/alex/resources/tts/prep_speechtech_cs.cfg',
                               'voice': 'Iva210'},
               'VoiceRSS': { 'api_key': '3b6a9fca5d724b1c8ac34691586cdda1'},
               'VoiceRss': { 'language': 'en-gb',
                             'preprocessing': '/home/jurcicek/vystadial-git/alex/resources/tts/prep_voicerss_en.cfg'},
               'debug': True,
               'final_silence_removal_proportion': 0.8,
               'type': 'SpeechTech'},
      'VAD': { 'debug': False,
               'decision_frames_sil': 25,
               'decision_frames_speech': 10,
               'decision_non_speech_threshold': 0.2,
               'decision_speech_threshold': 0.7,
               'gmm': { 'ceplifter': 22,
                        'enormalise': True,
                        'filter_length': 5,
                        'frameshift': 160,
                        'framesize': 512,
                        'frontend': 'MFCC',
                        'hifreq': 3800,
                        'lofreq': 125,
                        'numceps': 12,
                        'numchans': 26,
                        'preemcoef': 0.97,
                        'sil_model': '/home/jurcicek/vystadial-git/alex/resources/vad/voip_en/vad_sil_sds_mfcc_m064_f100000.gmm',
                        'speech_model': '/home/jurcicek/vystadial-git/alex/resources/vad/voip_en/vad_speech_sds_mfcc_m064_f100000.gmm',
                        'useacc': True,
                        'usec0': False,
                        'usecmn': False,
                        'usedelta': True,
                        'usehamming': True,
                        'usepower': True,
                        'zmeansource': True},
               'power': { 'adaptation_frames': 30, 'threshold': 70, 'threshold_multiplier': 1.0},
               'speech_buffer_frames': 20,
               'type': 'gmm'},
      'VoipHub': { 'blacklist_for': 7200,
                   'call_db': '/home/jurcicek/vystadial-git/alex/applications/AlexOnTheBus/call_db.pckl',
                   'hard_time_limit': 360,
                   'hard_turn_limit': 40,
                   'history_length': 1000,
                   'last_period_max_num_calls': 100,
                   'last_period_max_total_time': 7200,
                   'limit_reached_message': u'D\u011bkujeme za zavol\xe1n\xed, ale u\u017e jste volali hodn\u011b. Pros\xedm zavolejte pozd\u011bji. Na shledanou.',
                   'period': 172800,
                   'pid_file': '/home/jurcicek/vystadial-git/alex/applications/vhub.pid',
                   'wait_time_before_calling_back': 10},
      'VoipIO': { 'allowed_hosts': '',
                  'allowed_phone_numbers': '(^[234567])',
                  'allowed_users': '(^[234567])',
                  'debug': True,
                  'domain': 'external.sip.mff.cuni.cz:5066',
                  'forbidden_hosts': '',
                  'forbidden_phone_number': '(^112$|^150$|^155$|^156$|^158$)',
                  'forbidden_users': '(^112$|^150$|^155$|^156$|^158$)',
    # this line was removed since it included a password
                  'pjsip_log_level': 3,
                  'reject_calls': False,
                  'user': 'DEV-9889'},
      'WebHub': { 'port': 8000},
      'corpustools': { 'get_jasr_confnets': { 'frame_size': 256, 'rt_ratio': 0.2}}}
    

2013-06-23-10-14-39.920681-CEST  MainProcess : INFO       
    #2      Time: 2013-06-23-10-14-39.872682-CEST From: VoipIO     To: HUB        Command: call_connecting(remote_uri="245501010") 

2013-06-23-10-14-39.924791-CEST  VoipIO-1   : DEBUG      
    CallCallback::on_state : Call with "245501010" <sip:245501010@195.113.20.69> is CONFIRMED last code = 200 (OK)

2013-06-23-10-14-39.934708-CEST  VoipIO-1   : DEBUG      
    VoipIO::on_call_confirmed

2013-06-23-10-14-39.937814-CEST  MainProcess : INFO       
    #3      Time: 2013-06-23-10-14-39.934861-CEST From: VoipIO     To: HUB        Command: call_confirmed(remote_uri="245501010") 

2013-06-23-10-14-39.941117-CEST  MainProcess : INFO       
    
    ========================================================================================================================
    Incoming call from :          245501010
    ------------------------------------------------------------------------------------------------------------------------
    Total calls:                  58
    Total time (min):             54.6
    Last period total calls:      42
    Last period total time (min): 40.9
    ------------------------------------------------------------------------------------------------------------------------
    CALL ACCEPTED
    ========================================================================================================================
    

2013-06-23-10-14-39.942660-CEST  DM-5       : DEBUG      
    #4      Time: 2013-06-23-10-14-39.939253-CEST From: HUB        To: DM         Command: new_dialogue() 

2013-06-23-10-14-39.945152-CEST  DM-5       : DEBUG      
    DM Output
    ------------------------------------------------------------
    hello()
    

2013-06-23-10-14-39.956305-CEST  MainProcess : INFO       
    #6      Time: 2013-06-23-10-14-39.953555-CEST From: DM         To: HUB        Command: dm_da_generated() 

2013-06-23-10-14-39.960173-CEST  NLG-6      : DEBUG      
    NLG Output
    ------------------------------------------------------------
    Dobrý den. Hovor je nahráván. Více informací o této službě je na internetu. Jak Vám mohu pomoci. Můžete například říct chtěla bych jet z Malostranského náměstí na Žižkov.
    

2013-06-23-10-14-39.972042-CEST  MainProcess : INFO       
    #7      Time: 2013-06-23-10-14-39.970125-CEST From: NLG        To: HUB        Command: nlg_text_generated() 

2013-06-23-10-14-39.975757-CEST  MainProcess : INFO       
    #9      Time: 2013-06-23-10-14-39.971117-CEST From: TTS        To: HUB        Command: tts_start(user_id="None",text="Dobrý den. Hovor je nahráván. Více informací o této službě je na internetu. Jak Vám mohu pomoci. Můžete například říct chtěla bych jet z Malostranského náměstí na Žižkov.") 

2013-06-23-10-14-40.005691-CEST  MainProcess : INFO       
    #11     Time: 2013-06-23-10-14-39.976362-CEST From: VoipIO     To: HUB        Command: play_utterance_start(user_id="None",fname="tts-2013-06-23-10-14-39.970863.wav") 

2013-06-23-10-14-40.121107-CEST  MainProcess : INFO       
    #882    Time: 2013-06-23-10-14-40.119231-CEST From: TTS        To: HUB        Command: tts_end(user_id="None",text="Dobrý den. Hovor je nahráván. Více informací o této službě je na internetu. Jak Vám mohu pomoci. Můžete například říct chtěla bych jet z Malostranského náměstí na Žižkov.",fname="tts-2013-06-23-10-14-39.970863.wav",log="true") 

2013-06-23-10-14-41.801781-CEST  ASR-3      : DEBUG      
    ASR: speech_start()

2013-06-23-10-14-41.802505-CEST  MainProcess : INFO       
    #989    Time: 2013-06-23-10-14-41.794651-CEST From: VAD        To: HUB        Command: speech_start(fname="vad-2013-06-23-10-14-41.784733.wav") 

2013-06-23-10-14-41.809231-CEST  NLG-6      : DEBUG      
    #991    Time: 2013-06-23-10-14-41.806822-CEST From: HUB        To: NLG        Command: flush() 

2013-06-23-10-14-41.810215-CEST  MainProcess : INFO       
    #990    Time: 2013-06-23-10-14-41.800404-CEST From: ASR        To: HUB        Command: asr_start() 

2013-06-23-10-14-41.810963-CEST  MainProcess : INFO       
    #992    Time: 2013-06-23-10-14-41.809380-CEST From: NLG        To: HUB        Command: flushed() 

2013-06-23-10-14-41.812322-CEST  TTS-7      : DEBUG      
    #993    Time: 2013-06-23-10-14-41.811098-CEST From: HUB        To: TTS        Command: flush() 

2013-06-23-10-14-41.814343-CEST  MainProcess : INFO       
    #994    Time: 2013-06-23-10-14-41.812462-CEST From: TTS        To: HUB        Command: flushed() 

2013-06-23-10-14-41.817349-CEST  VoipIO-1   : DEBUG      
    #995    Time: 2013-06-23-10-14-41.814505-CEST From: HUB        To: VIO        Command: flush_out() 

2013-06-23-10-14-41.819576-CEST  MainProcess : INFO       
    #996    Time: 2013-06-23-10-14-41.817720-CEST From: VoipIO     To: HUB        Command: flushed_out() 

2013-06-23-10-14-42.236923-CEST  ASR-3      : DEBUG      
    ASR: speech_end()

2013-06-23-10-14-42.238097-CEST  MainProcess : INFO       
    #1026   Time: 2013-06-23-10-14-42.235461-CEST From: VAD        To: HUB        Command: speech_end(fname="vad-2013-06-23-10-14-41.784733.wav") 

2013-06-23-10-14-42.714912-CEST  ASR-3      : DEBUG      
    ASR Hypothesis
    ------------------------------------------------------------
    1.000 __other__
    

2013-06-23-10-14-42.724659-CEST  MainProcess : INFO       
    #1055   Time: 2013-06-23-10-14-42.721280-CEST From: ASR        To: HUB        Command: asr_end() 

2013-06-23-10-14-42.725994-CEST  SLU-4      : DEBUG      
    SLU Hypothesis
    ------------------------------------------------------------
    1.000 other()
    

2013-06-23-10-14-42.735053-CEST  MainProcess : INFO       
    #1057   Time: 2013-06-23-10-14-42.733443-CEST From: SLU        To: HUB        Command: slu_parsed() 

2013-06-23-10-14-42.737063-CEST  DM-5       : DEBUG      
    DDDState Dialogue Act in: other()

2013-06-23-10-14-42.737916-CEST  DM-5       : DEBUG      
    Context Resolution - Dialogue Act: other()

2013-06-23-10-14-42.739649-CEST  DM-5       : DEBUG      
    DDDState - Dialogue state content:
    
    lda = other
    
    
    
    

2013-06-23-10-14-42.741687-CEST  DM-5       : DEBUG      
    DDDState
    
    Requested slots:
    {}
    Confirmed slots:
    {}
    Non-informed slots:
    {}

2013-06-23-10-14-42.746519-CEST  DM-5       : EXCEPTION  
    Uncaught exception in the DM process.
    Traceback (most recent call last):
      File "/home/jurcicek/vystadial-git/alex/components/hub/dm.py", line 146, in run
        self.read_slu_hypotheses_write_dialogue_act()
      File "/home/jurcicek/vystadial-git/alex/components/hub/dm.py", line 105, in read_slu_hypotheses_write_dialogue_act
        da = self.dm.da_out()
      File "/home/jurcicek/vystadial-git/alex/components/dm/__init__.py", line 115, in da_out
        self.last_system_dialogue_act = self.policy.get_da(self.dialogue_state)
      File "/home/jurcicek/vystadial-git/alex/applications/AlexOnTheBus/aotb_hdc_policy.py", line 145, in get_da
        res_da.extend(self.get_limited_context_help())
      File "/home/jurcicek/vystadial-git/alex/applications/AlexOnTheBus/aotb_hdc_policy.py", line 308, in get_limited_context_help
        elif dialogue_state['from_stop'] == "none":
    TypeError: 'AOTBHDCPolicy' object has no attribute '__getitem__'
    

