2013-06-07-13-20-02.837193-CEST  VoipIO-1   : DEBUG      
    CallCallback::on_media_state : Media is now active

2013-06-07-13-20-02.844086-CEST  VoipIO-1   : DEBUG      
    CallCallback::on_state : Call with "00420221914256" <sip:00420221914256@195.113.20.160> is CONNECTING last code = 200 (OK)

2013-06-07-13-20-02.848259-CEST  MainProcess : SYSTEM-LOG 
    config = { 'ASR': { 'Google': { 'debug': False, 'language': 'cs'},
               'Julius': { 'adinnetport': 5530,
                           'binary': '/usr/local/bin/julius',
                           'debug': False,
                           'hostname': 'localhost',
                           'jconf': { '-adport': '5530',
                                      '-b': '1000',
                                      '-b2': '100',
                                      '-cmnload': 'cmn.param',
                                      '-cmnmapweight': '200',
                                      '-cmnsave': 'cmn.param',
                                      '-confnet': '',
                                      '-fallback1pass': '',
                                      '-gprune': 'safe',
                                      '-h': '/mnt/h/jurcicek/vystadial-git/alex/resources/asr/voip_en/hmmdefs',
                                      '-hlist': '/mnt/h/jurcicek/vystadial-git/alex/resources/asr/voip_en/tiedlist',
                                      '-htkconf': '/mnt/h/jurcicek/vystadial-git/alex/resources/asr/voip_en/config',
                                      '-input': 'adinnet',
                                      '-iwsp': '',
                                      '-iwsppenalty': '0.0',
                                      '-lmp': '15.0 0.0',
                                      '-lmp2': '15.0 0.0',
                                      '-mapunk': 'UM',
                                      '-module': '10500',
                                      '-n': '50',
                                      '-nlr': '/mnt/h/jurcicek/vystadial-git/alex/resources/lm/caminfo/julius_arpa_bigram',
                                      '-no_ccd': '',
                                      '-nrl': '/mnt/h/jurcicek/vystadial-git/alex/resources/lm/caminfo/julius_arpa_rev_bigram',
                                      '-silhead': '<s>',
                                      '-siltail': '</s>',
                                      '-spmodel': 'sp',
                                      '-tmix': '4',
                                      '-v': '/mnt/h/jurcicek/vystadial-git/alex/resources/lm/caminfo/julius_dict'},
                           'jconffile': 'julius.jconf',
                           'killall': False,
                           'logfile': 'julius.log',
                           'pidfile': 'julius.pid',
                           'reuse_server': False,
                           'serverport': 10500,
                           'start_max_wait_time': 15,
                           'start_wait_time': 0.5,
                           'timeout': 2.0},
               'debug': True,
               'type': 'Google'},
      'Audio': { 'sample_rate': 16000, 'samples_per_frame': 256},
      'AudioIO': { 'debug': True, 'output_dir': './aio_call_log', 'play_buffer_size': 1024},
      'DM': { 'Dummy': { 'debug': True},
              'PUfalRuleDM': { 'code_submit_url': None,
                               'db_cfg': '/mnt/h/jurcicek/vystadial-git/alex/applications/AlexOnTheBus/../applications/CamInfoRest/cued_data/CIRdbase_V7_noloc.txt',
                               'ontology': '/mnt/h/jurcicek/vystadial-git/alex/applications/AlexOnTheBus/../applications/CamInfoRest/ontology.cfg',
                               'provide_code': False},
              'UfalRuleDM': { 'code_submit_url': None,
                              'db_cfg': '/mnt/h/jurcicek/vystadial-git/alex/applications/AlexOnTheBus/../applications/CamInfoRest/cued_data/CIRdbase_V7_noloc.txt',
                              'ontology': '/mnt/h/jurcicek/vystadial-git/alex/applications/AlexOnTheBus/../applications/CamInfoRest/ontology.cfg',
                              'provide_code': False},
              'debug': True,
              'type': <class 'alex.applications.AlexOnTheBus.aotb_dm.AOTBDM'>},
      'General': { 'include': ['/mnt/h/jurcicek/vystadial-git/alex/resources/private/default.cfg']},
      'Hub': { 'history_file': 'hub_history_hub.txt', 'history_length': 1000, 'main_loop_sleep_time': 0.005},
      'Logging': { 'session_logger': SessionLogger(),
                   'system_logger': SystemLogger(stdout_log_level='ERROR', stdout=True, file_log_level='ERROR', output_dir=/net/projects/vystadial/data/call-logs/2013-05-30-alex-aotb-prototype),
                   'system_name': 'Alex On The Bus - Live',
                   'version': '1.0'},
      'NLG': { 'Template': { 'model': '/mnt/h/jurcicek/vystadial-git/alex/applications/AlexOnTheBus/nlg_templates.cfg'},
               'debug': True,
               'type': <class 'alex.applications.AlexOnTheBus.aotb_nlg.AOTBNLG'>},
      'SHub': { 'history_file': 'hub_history_shub.txt', 'history_length': 1000},
      'SLU': { 'AOTBSLU': { 'cldb_fname': '/mnt/h/jurcicek/vystadial-git/alex/applications/AlexOnTheBus/data/database.py',
                            'preprocessing_cls': <class 'alex.applications.AlexOnTheBus.aotb_preprocessing.AOTBSLUPreprocessing'>},
               'cl-tracing': { 'cldb_fname': '/mnt/h/jurcicek/vystadial-git/alex/resources/../applications/CamInfoRest/data/database.py',
                               'do_preprocessing': True,
                               'features_type': ('ngram',),
                               'testing': { 'max_examples': None,
                                            'min_perc': 80,
                                            'model_fname': '/mnt/h/jurcicek/vystadial-git/alex/resources/../applications/CamInfoRest/models/130516_minf60-minfc35-mind60.slu_model.gz',
                                            'renormalise': True,
                                            'threshold': None,
                                            'vanilla': True}},
               'debug': True,
               'type': <class 'alex.applications.AlexOnTheBus.aotb_slu.AOTBSLU'>},
      'THub': { 'history_file': 'hub_history_thub.txt', 'history_length': 1000},
      'TTS': { 'Flite': { 'debug': False, 'voice': 'kal16'},
               'Google': { 'debug': False, 'language': 'cs', 'rate': 2.0},
               'SpeechTech': { 'debug': True,
                               'login': 'filipjurcicek',
    # this line was removed since it included a password
                               'voice': 'Iva210'},
               'VoiceRSS': { 'api_key': '3b6a9fca5d724b1c8ac34691586cdda1', 'language': 'en-gb'},
               'debug': True,
               'type': 'SpeechTech'},
      'VAD': { 'debug': False,
               'decision_frames_sil': 25,
               'decision_frames_speech': 10,
               'decision_non_speech_threshold': 0.2,
               'decision_speech_threshold': 0.7,
               'gmm': { 'ceplifter': 22,
                        'enormalise': True,
                        'filter_length': 5,
                        'frameshift': 160,
                        'framesize': 512,
                        'frontend': 'MFCC',
                        'hifreq': 3800,
                        'lofreq': 125,
                        'numceps': 12,
                        'numchans': 26,
                        'preemcoef': 0.97,
                        'sil_model': '/mnt/h/jurcicek/vystadial-git/alex/resources/vad/voip_en/vad_sil_sds_mfcc_m064_f100000.gmm',
                        'speech_model': '/mnt/h/jurcicek/vystadial-git/alex/resources/vad/voip_en/vad_speech_sds_mfcc_m064_f100000.gmm',
                        'useacc': True,
                        'usec0': False,
                        'usecmn': False,
                        'usedelta': True,
                        'usehamming': True,
                        'usepower': True,
                        'zmeansource': True},
               'power': { 'adaptation_frames': 30, 'threshold': 70, 'threshold_multiplier': 1.0},
               'speech_buffer_frames': 20,
               'type': 'gmm'},
      'VoipHub': { 'history_length': 1000, 'wait_time_before_calling_back': 10},
      'VoipIO': { 'allowed_hosts': '',
                  'allowed_phone_numbers': '(^[234567])',
                  'allowed_users': '(^[234567])',
                  'debug': True,
                  'domain': 'vystadial.ms.mff.cuni.cz',
                  'forbidden_hosts': '',
                  'forbidden_phone_number': '(^112$|^150$|^155$|^156$|^158$)',
                  'forbidden_users': '(^112$|^150$|^155$|^156$|^158$)',
    # this line was removed since it included a password
                  'pjsip_log_level': 3,
                  'reject_calls': False,
                  'user': '800899998'},
      'WebHub': { 'port': 8000}}
    

2013-06-07-13-20-02.856827-CEST  MainProcess : INFO       
    From: VoipIO     To: HUB        Command: incoming_call(remote_uri="00420221914256") 

2013-06-07-13-20-02.863323-CEST  VoipIO-1   : DEBUG      
    VoipIO::on_call_connecting

2013-06-07-13-20-02.870654-CEST  VoipIO-1   : DEBUG      
    CallCallback::on_state : Call with "00420221914256" <sip:00420221914256@195.113.20.160> is CONFIRMED last code = 200 (OK)

2013-06-07-13-20-02.912246-CEST  VoipIO-1   : DEBUG      
    VoipIO::on_call_confirmed

2013-06-07-13-20-02.933188-CEST  MainProcess : INFO       
    From: VoipIO     To: HUB        Command: call_connecting(remote_uri="00420221914256") 

2013-06-07-13-20-02.945932-CEST  MainProcess : INFO       
    From: VoipIO     To: HUB        Command: call_confirmed(remote_uri="00420221914256") 

2013-06-07-13-20-02.958071-CEST  DM-5       : DEBUG      
    From: HUB        To: DM         Command: new_dialogue() 

2013-06-07-13-20-02.965020-CEST  DM-5       : DEBUG      
    DM Output
    ------------------------------------------------------------
    hello()
    

2013-06-07-13-20-02.993575-CEST  NLG-6      : DEBUG      
    NLG Output
    ------------------------------------------------------------
    Dobrý den, dovolali jste se na informace o veřejné dopravě v Praze. Hovor je nahráván. Více informací o této službě je na internetu. Odkud a kam chcete jet? 
    

2013-06-07-13-20-03.002813-CEST  MainProcess : INFO       
    From: DM         To: HUB        Command: dm_da_generated() 

2013-06-07-13-20-03.009692-CEST  MainProcess : INFO       
    From: NLG        To: HUB        Command: nlg_text_generated() 

2013-06-07-13-20-03.016425-CEST  MainProcess : INFO       
    From: TTS        To: HUB        Command: tts_start(user_id="None",text="Dobrý den, dovolali jste se na informace o veřejné dopravě v Praze. Hovor je nahráván. Více informací o této službě je na internetu. Odkud a kam chcete jet? ") 

2013-06-07-13-20-04.704314-CEST  MainProcess : INFO       
    From: VoipIO     To: HUB        Command: play_utterance_start(user_id="None") 

2013-06-07-13-20-04.723453-CEST  TTS-7      : DEBUG      
    From: HUB        To: TTS        Command: keeplast() 

2013-06-07-13-20-04.730689-CEST  MainProcess : INFO       
    From: TTS        To: HUB        Command: tts_end(user_id="None",text="Dobrý den, dovolali jste se na informace o veřejné dopravě v Praze. Hovor je nahráván. Více informací o této službě je na internetu. Odkud a kam chcete jet? ") 

2013-06-07-13-20-17.448272-CEST  MainProcess : INFO       
    From: VoipIO     To: HUB        Command: play_utterance_end(user_id="None") 

2013-06-07-13-20-18.412584-CEST  MainProcess : INFO       
    From: VAD        To: HUB        Command: speech_start() 

2013-06-07-13-20-18.419063-CEST  ASR-3      : DEBUG      
    ASR: speech_start()

2013-06-07-13-20-18.425837-CEST  MainProcess : INFO       
    From: ASR        To: HUB        Command: asr_start() 

2013-06-07-13-20-22.384156-CEST  ASR-3      : DEBUG      
    ASR: speech_end()

2013-06-07-13-20-22.391742-CEST  MainProcess : INFO       
    From: VAD        To: HUB        Command: speech_end() 

2013-06-07-13-20-23.757887-CEST  ASR-3      : DEBUG      
    ASR Hypothesis
    ------------------------------------------------------------
    hledám spojení z malostranského náměstí do zastávky florenc
    

2013-06-07-13-20-23.775689-CEST  MainProcess : INFO       
    From: ASR        To: HUB        Command: asr_end() 

2013-06-07-13-20-23.825405-CEST  SLU-4      : DEBUG      
    SLU Hypothesis
    ------------------------------------------------------------
    1.000 inform(stop="florenc")
    

2013-06-07-13-20-23.833999-CEST  MainProcess : INFO       
    From: SLU        To: HUB        Command: slu_parsed() 

2013-06-07-13-20-23.841760-CEST  DM-5       : DEBUG      
    DM Output
    ------------------------------------------------------------
    notunderstood()&help(from_stop)
    

2013-06-07-13-20-23.873207-CEST  MainProcess : INFO       
    From: DM         To: HUB        Command: dm_da_generated() 

2013-06-07-13-20-23.881427-CEST  NLG-6      : DEBUG      
    NLG Output
    ------------------------------------------------------------
    Můžete to zopakovat? Řekněte například chtěla bych jet z Malostranského náměstí.
    

2013-06-07-13-20-23.889340-CEST  TTS-7      : DEBUG      
    From: HUB        To: TTS        Command: keeplast() 

2013-06-07-13-20-23.901178-CEST  MainProcess : INFO       
    From: NLG        To: HUB        Command: nlg_text_generated() 

2013-06-07-13-20-23.908825-CEST  MainProcess : INFO       
    From: TTS        To: HUB        Command: tts_start(user_id="None",text="Můžete to zopakovat? Řekněte například chtěla bych jet z Malostranského náměstí.") 

2013-06-07-13-20-24.877589-CEST  MainProcess : INFO       
    From: VoipIO     To: HUB        Command: play_utterance_start(user_id="None") 

2013-06-07-13-20-24.890949-CEST  MainProcess : INFO       
    From: TTS        To: HUB        Command: tts_end(user_id="None",text="Můžete to zopakovat? Řekněte například chtěla bych jet z Malostranského náměstí.") 

2013-06-07-13-20-31.332302-CEST  MainProcess : INFO       
    From: VoipIO     To: HUB        Command: play_utterance_end(user_id="None") 

2013-06-07-13-20-32.239859-CEST  MainProcess : INFO       
    From: VAD        To: HUB        Command: speech_start() 

2013-06-07-13-20-32.246332-CEST  MainProcess : INFO       
    From: ASR        To: HUB        Command: asr_start() 

2013-06-07-13-20-32.253819-CEST  ASR-3      : DEBUG      
    ASR: speech_start()

2013-06-07-13-20-35.052781-CEST  MainProcess : INFO       
    From: VAD        To: HUB        Command: speech_end() 

2013-06-07-13-20-35.070613-CEST  ASR-3      : DEBUG      
    ASR: speech_end()

2013-06-07-13-20-35.622720-CEST  ASR-3      : DEBUG      
    ASR Hypothesis
    ------------------------------------------------------------
    hledám spojení z malostranského náměstí
    

2013-06-07-13-20-35.655287-CEST  MainProcess : INFO       
    From: ASR        To: HUB        Command: asr_end() 

2013-06-07-13-20-35.750853-CEST  SLU-4      : DEBUG      
    SLU Hypothesis
    ------------------------------------------------------------
    
    

2013-06-07-13-20-35.822642-CEST  DM-5       : DEBUG      
    DM Output
    ------------------------------------------------------------
    notunderstood()&help(from_stop)
    

2013-06-07-13-20-35.869188-CEST  MainProcess : INFO       
    From: SLU        To: HUB        Command: slu_parsed() 

2013-06-07-13-20-35.931483-CEST  NLG-6      : DEBUG      
    NLG Output
    ------------------------------------------------------------
    Nerozuměla jsem. Jěště jednou prosím. Řekněte například chtěla bych jet z Malostranského náměstí.
    

2013-06-07-13-20-35.973189-CEST  MainProcess : INFO       
    From: DM         To: HUB        Command: dm_da_generated() 

2013-06-07-13-20-36.032438-CEST  MainProcess : INFO       
    From: NLG        To: HUB        Command: nlg_text_generated() 

2013-06-07-13-20-36.045306-CEST  MainProcess : INFO       
    From: TTS        To: HUB        Command: tts_start(user_id="None",text="Nerozuměla jsem. Jěště jednou prosím. Řekněte například chtěla bych jet z Malostranského náměstí.") 

2013-06-07-13-20-37.225993-CEST  MainProcess : INFO       
    From: VoipIO     To: HUB        Command: play_utterance_start(user_id="None") 

2013-06-07-13-20-37.234126-CEST  TTS-7      : DEBUG      
    From: HUB        To: TTS        Command: keeplast() 

2013-06-07-13-20-37.242413-CEST  MainProcess : INFO       
    From: TTS        To: HUB        Command: tts_end(user_id="None",text="Nerozuměla jsem. Jěště jednou prosím. Řekněte například chtěla bych jet z Malostranského náměstí.") 

2013-06-07-13-20-45.474600-CEST  MainProcess : INFO       
    From: VoipIO     To: HUB        Command: play_utterance_end(user_id="None") 

2013-06-07-13-20-46.526824-CEST  MainProcess : INFO       
    From: VAD        To: HUB        Command: speech_start() 

2013-06-07-13-20-46.534918-CEST  ASR-3      : DEBUG      
    ASR: speech_start()

2013-06-07-13-20-46.543166-CEST  MainProcess : INFO       
    From: ASR        To: HUB        Command: asr_start() 

2013-06-07-13-20-48.822531-CEST  MainProcess : INFO       
    From: VAD        To: HUB        Command: speech_end() 

2013-06-07-13-20-48.830295-CEST  ASR-3      : DEBUG      
    ASR: speech_end()

2013-06-07-13-20-49.409587-CEST  ASR-3      : DEBUG      
    ASR Hypothesis
    ------------------------------------------------------------
    přijet malostranského náměstí
    

2013-06-07-13-20-49.431894-CEST  MainProcess : INFO       
    From: ASR        To: HUB        Command: asr_end() 

2013-06-07-13-20-49.480810-CEST  SLU-4      : DEBUG      
    SLU Hypothesis
    ------------------------------------------------------------
    
    

2013-06-07-13-20-49.491540-CEST  MainProcess : INFO       
    From: SLU        To: HUB        Command: slu_parsed() 

2013-06-07-13-20-49.499826-CEST  DM-5       : DEBUG      
    DM Output
    ------------------------------------------------------------
    notunderstood()&help(from_stop)
    

2013-06-07-13-20-49.540253-CEST  NLG-6      : DEBUG      
    NLG Output
    ------------------------------------------------------------
    Nerozuměla jsem. Jěště jednou prosím. Řekněte například chtěla bych jet z Malostranského náměstí.
    

2013-06-07-13-20-49.548886-CEST  MainProcess : INFO       
    From: DM         To: HUB        Command: dm_da_generated() 

2013-06-07-13-20-49.556836-CEST  TTS-7      : DEBUG      
    From: HUB        To: TTS        Command: keeplast() 

2013-06-07-13-20-49.564237-CEST  MainProcess : INFO       
    From: NLG        To: HUB        Command: nlg_text_generated() 

2013-06-07-13-20-49.572181-CEST  MainProcess : INFO       
    From: TTS        To: HUB        Command: tts_start(user_id="None",text="Nerozuměla jsem. Jěště jednou prosím. Řekněte například chtěla bych jet z Malostranského náměstí.") 

2013-06-07-13-20-50.792853-CEST  MainProcess : INFO       
    From: VoipIO     To: HUB        Command: play_utterance_start(user_id="None") 

2013-06-07-13-20-50.805808-CEST  MainProcess : INFO       
    From: TTS        To: HUB        Command: tts_end(user_id="None",text="Nerozuměla jsem. Jěště jednou prosím. Řekněte například chtěla bych jet z Malostranského náměstí.") 

2013-06-07-13-20-59.047274-CEST  MainProcess : INFO       
    From: VoipIO     To: HUB        Command: play_utterance_end(user_id="None") 

2013-06-07-13-21-00.402564-CEST  MainProcess : INFO       
    From: VAD        To: HUB        Command: speech_start() 

2013-06-07-13-21-00.410168-CEST  MainProcess : INFO       
    From: ASR        To: HUB        Command: asr_start() 

2013-06-07-13-21-00.417988-CEST  ASR-3      : DEBUG      
    ASR: speech_start()

2013-06-07-13-21-02.835404-CEST  MainProcess : INFO       
    From: VAD        To: HUB        Command: speech_end() 

2013-06-07-13-21-02.843132-CEST  ASR-3      : DEBUG      
    ASR: speech_end()

2013-06-07-13-21-03.393885-CEST  ASR-3      : DEBUG      
    ASR Hypothesis
    ------------------------------------------------------------
    se dostanu z malostranského náměstí
    

2013-06-07-13-21-03.417465-CEST  MainProcess : INFO       
    From: ASR        To: HUB        Command: asr_end() 

2013-06-07-13-21-03.465187-CEST  SLU-4      : DEBUG      
    SLU Hypothesis
    ------------------------------------------------------------
    
    

2013-06-07-13-21-03.476691-CEST  MainProcess : INFO       
    From: SLU        To: HUB        Command: slu_parsed() 

2013-06-07-13-21-03.485178-CEST  DM-5       : DEBUG      
    DM Output
    ------------------------------------------------------------
    notunderstood()&help(from_stop)
    

2013-06-07-13-21-03.518566-CEST  NLG-6      : DEBUG      
    NLG Output
    ------------------------------------------------------------
    Nerozuměla jsem. Jěště jednou prosím. Řekněte například chtěla bych jet z Malostranského náměstí.
    

2013-06-07-13-21-03.526983-CEST  MainProcess : INFO       
    From: DM         To: HUB        Command: dm_da_generated() 

2013-06-07-13-21-03.535652-CEST  TTS-7      : DEBUG      
    From: HUB        To: TTS        Command: keeplast() 

2013-06-07-13-21-03.542919-CEST  MainProcess : INFO       
    From: NLG        To: HUB        Command: nlg_text_generated() 

2013-06-07-13-21-03.550687-CEST  MainProcess : INFO       
    From: TTS        To: HUB        Command: tts_start(user_id="None",text="Nerozuměla jsem. Jěště jednou prosím. Řekněte například chtěla bych jet z Malostranského náměstí.") 

2013-06-07-13-21-04.549989-CEST  MainProcess : INFO       
    From: VoipIO     To: HUB        Command: play_utterance_start(user_id="None") 

2013-06-07-13-21-04.558133-CEST  MainProcess : INFO       
    From: TTS        To: HUB        Command: tts_end(user_id="None",text="Nerozuměla jsem. Jěště jednou prosím. Řekněte například chtěla bych jet z Malostranského náměstí.") 

2013-06-07-13-21-12.803026-CEST  MainProcess : INFO       
    From: VoipIO     To: HUB        Command: play_utterance_end(user_id="None") 

2013-06-07-13-21-14.684291-CEST  ASR-3      : DEBUG      
    ASR: speech_start()

2013-06-07-13-21-14.691782-CEST  MainProcess : INFO       
    From: VAD        To: HUB        Command: speech_start() 

2013-06-07-13-21-14.700117-CEST  MainProcess : INFO       
    From: ASR        To: HUB        Command: asr_start() 

2013-06-07-13-21-15.366119-CEST  MainProcess : INFO       
    From: VAD        To: HUB        Command: speech_end() 

2013-06-07-13-21-15.373417-CEST  ASR-3      : DEBUG      
    ASR: speech_end()

2013-06-07-13-21-15.517121-CEST  MainProcess : INFO       
    From: VAD        To: HUB        Command: speech_start() 

2013-06-07-13-21-15.708096-CEST  ASR-3      : DEBUG      
    ASR Hypothesis
    ------------------------------------------------------------
    potřebuji
    

2013-06-07-13-21-15.728153-CEST  ASR-3      : DEBUG      
    ASR: speech_start()

2013-06-07-13-21-15.735609-CEST  MainProcess : INFO       
    From: ASR        To: HUB        Command: asr_end() 

2013-06-07-13-21-15.748617-CEST  MainProcess : INFO       
    From: ASR        To: HUB        Command: asr_start() 

2013-06-07-13-21-15.781925-CEST  SLU-4      : DEBUG      
    SLU Hypothesis
    ------------------------------------------------------------
    
    

2013-06-07-13-21-15.792340-CEST  MainProcess : INFO       
    From: SLU        To: HUB        Command: slu_parsed() 

2013-06-07-13-21-15.800364-CEST  DM-5       : DEBUG      
    DM Output
    ------------------------------------------------------------
    notunderstood()&help(from_stop)
    

2013-06-07-13-21-15.834085-CEST  NLG-6      : DEBUG      
    NLG Output
    ------------------------------------------------------------
    Nerozuměla jsem. Jěště jednou prosím. Řekněte například chtěla bych jet z Malostranského náměstí.
    

2013-06-07-13-21-15.842830-CEST  MainProcess : INFO       
    From: DM         To: HUB        Command: dm_da_generated() 

2013-06-07-13-21-15.851791-CEST  TTS-7      : DEBUG      
    From: HUB        To: TTS        Command: keeplast() 

2013-06-07-13-21-15.859188-CEST  MainProcess : INFO       
    From: NLG        To: HUB        Command: nlg_text_generated() 

2013-06-07-13-21-15.867556-CEST  MainProcess : INFO       
    From: TTS        To: HUB        Command: tts_start(user_id="None",text="Nerozuměla jsem. Jěště jednou prosím. Řekněte například chtěla bych jet z Malostranského náměstí.") 

2013-06-07-13-21-17.073661-CEST  MainProcess : INFO       
    From: VoipIO     To: HUB        Command: play_utterance_start(user_id="None") 

2013-06-07-13-21-17.080499-CEST  MainProcess : INFO       
    From: TTS        To: HUB        Command: tts_end(user_id="None",text="Nerozuměla jsem. Jěště jednou prosím. Řekněte například chtěla bych jet z Malostranského náměstí.") 

2013-06-07-13-21-17.677312-CEST  MainProcess : INFO       
    From: VAD        To: HUB        Command: speech_end() 

2013-06-07-13-21-17.684716-CEST  ASR-3      : DEBUG      
    ASR: speech_end()

2013-06-07-13-21-18.347566-CEST  ASR-3      : DEBUG      
    ASR Hypothesis
    ------------------------------------------------------------
    jet malostranského náměstí
    

2013-06-07-13-21-18.369456-CEST  MainProcess : INFO       
    From: ASR        To: HUB        Command: asr_end() 

2013-06-07-13-21-18.417046-CEST  SLU-4      : DEBUG      
    SLU Hypothesis
    ------------------------------------------------------------
    
    

2013-06-07-13-21-18.425318-CEST  DM-5       : DEBUG      
    DM Output
    ------------------------------------------------------------
    notunderstood()&help(from_stop)
    

2013-06-07-13-21-18.435068-CEST  MainProcess : INFO       
    From: SLU        To: HUB        Command: slu_parsed() 

2013-06-07-13-21-18.469249-CEST  NLG-6      : DEBUG      
    NLG Output
    ------------------------------------------------------------
    Ještě jednou prosím. Řekněte například chtěla bych jet ze zastávky Anděla.
    

2013-06-07-13-21-18.479108-CEST  MainProcess : INFO       
    From: DM         To: HUB        Command: dm_da_generated() 

2013-06-07-13-21-18.488371-CEST  TTS-7      : DEBUG      
    From: HUB        To: TTS        Command: keeplast() 

2013-06-07-13-21-18.496912-CEST  MainProcess : INFO       
    From: NLG        To: HUB        Command: nlg_text_generated() 

2013-06-07-13-21-18.505376-CEST  MainProcess : INFO       
    From: TTS        To: HUB        Command: tts_start(user_id="None",text="Ještě jednou prosím. Řekněte například chtěla bych jet ze zastávky Anděla.") 

2013-06-07-13-21-19.474341-CEST  MainProcess : INFO       
    From: TTS        To: HUB        Command: tts_end(user_id="None",text="Ještě jednou prosím. Řekněte například chtěla bych jet ze zastávky Anděla.") 

2013-06-07-13-21-25.289025-CEST  MainProcess : INFO       
    From: VoipIO     To: HUB        Command: play_utterance_end(user_id="None") 

2013-06-07-13-21-25.302637-CEST  MainProcess : INFO       
    From: VoipIO     To: HUB        Command: play_utterance_start(user_id="None") 

2013-06-07-13-21-26.147066-CEST  ASR-3      : DEBUG      
    ASR: speech_start()

2013-06-07-13-21-26.155580-CEST  MainProcess : INFO       
    From: VAD        To: HUB        Command: speech_start() 

2013-06-07-13-21-26.162662-CEST  MainProcess : INFO       
    From: ASR        To: HUB        Command: asr_start() 

2013-06-07-13-21-26.570337-CEST  MainProcess : INFO       
    From: VAD        To: HUB        Command: speech_end() 

2013-06-07-13-21-26.578162-CEST  ASR-3      : DEBUG      
    ASR: speech_end()

2013-06-07-13-21-26.895703-CEST  ASR-3      : DEBUG      
    ASR Hypothesis
    ------------------------------------------------------------
    
    

2013-06-07-13-21-26.917118-CEST  MainProcess : INFO       
    From: ASR        To: HUB        Command: asr_end() 

2013-06-07-13-21-26.968722-CEST  SLU-4      : DEBUG      
    SLU Hypothesis
    ------------------------------------------------------------
    
    

2013-06-07-13-21-26.981734-CEST  MainProcess : INFO       
    From: SLU        To: HUB        Command: slu_parsed() 

2013-06-07-13-21-26.989850-CEST  DM-5       : DEBUG      
    DM Output
    ------------------------------------------------------------
    notunderstood()&help(from_stop)
    

2013-06-07-13-21-27.025724-CEST  MainProcess : INFO       
    From: DM         To: HUB        Command: dm_da_generated() 

2013-06-07-13-21-27.033625-CEST  NLG-6      : DEBUG      
    NLG Output
    ------------------------------------------------------------
    Nerozuměla jsem. Jěště jednou prosím. Řekněte například chtěla bych jet ze zastávky poliklinika Barandov.
    

2013-06-07-13-21-27.042170-CEST  TTS-7      : DEBUG      
    From: HUB        To: TTS        Command: keeplast() 

2013-06-07-13-21-27.053605-CEST  MainProcess : INFO       
    From: NLG        To: HUB        Command: nlg_text_generated() 

2013-06-07-13-21-27.061242-CEST  MainProcess : INFO       
    From: TTS        To: HUB        Command: tts_start(user_id="None",text="Nerozuměla jsem. Jěště jednou prosím. Řekněte například chtěla bych jet ze zastávky poliklinika Barandov.") 

2013-06-07-13-21-28.281129-CEST  MainProcess : INFO       
    From: TTS        To: HUB        Command: tts_end(user_id="None",text="Nerozuměla jsem. Jěště jednou prosím. Řekněte například chtěla bych jet ze zastávky poliklinika Barandov.") 

2013-06-07-13-21-31.174770-CEST  MainProcess : INFO       
    From: VoipIO     To: HUB        Command: play_utterance_end(user_id="None") 

2013-06-07-13-21-31.188626-CEST  MainProcess : INFO       
    From: VoipIO     To: HUB        Command: play_utterance_start(user_id="None") 

2013-06-07-13-21-35.007450-CEST  VoipIO-1   : DEBUG      
    CallCallback::on_state : Call with "00420221914256" <sip:00420221914256@195.113.20.160> is DISCONNCTD last code = 200 (Normal call clearing)

2013-06-07-13-21-35.193906-CEST  VoipIO-1   : DEBUG      
    VoipIO::on_call_disconnected

2013-06-07-13-21-35.202402-CEST  MainProcess : INFO       
    From: VoipIO     To: HUB        Command: call_disconnected(remote_uri="00420221914256") 

2013-06-07-13-21-35.210885-CEST  TTS-7      : DEBUG      
    From: HUB        To: TTS        Command: flush() 

2013-06-07-13-21-35.219513-CEST  ASR-3      : DEBUG      
    From: HUB        To: ASR        Command: flush() 

2013-06-07-13-21-35.227504-CEST  DM-5       : DEBUG      
    From: HUB        To: DM         Command: flush() 

2013-06-07-13-21-35.235532-CEST  NLG-6      : DEBUG      
    From: HUB        To: NLG        Command: flush() 

2013-06-07-13-21-35.243231-CEST  SLU-4      : DEBUG      
    From: HUB        To: SLU        Command: flush() 

2013-06-07-13-21-35.252508-CEST  VoipIO-1   : DEBUG      
    From: HUB        To: VoipIO     Command: flush() 

2013-06-07-13-21-35.260356-CEST  DM-5       : DEBUG      
    From: HUB        To: DM         Command: end_dialogue() 

