2013-09-28-01-37-27.815249-CEST  VoipIO-1   : DEBUG      
    CallCallback::on_state : Call with "776577617" <sip:776577617@195.113.20.160> is CONNECTING last code = 200 (OK)

2013-09-28-01-37-27.818793-CEST  VoipIO-1   : DEBUG      
    VoipIO::on_call_connecting

2013-09-28-01-37-27.822810-CEST  VoipIO-1   : DEBUG      
    CallCallback::on_state : Call with "776577617" <sip:776577617@195.113.20.160> is CONFIRMED last code = 200 (OK)

2013-09-28-01-37-27.828817-CEST  MainProcess : SYSTEM-LOG 
    config = { 'ASR': { 'Google': { 'debug': False, 'language': 'cs', 'maxresults': 20},
               'Julius': { 'adinnetport': 5530,
                           'binary': '/usr/local/bin/julius',
                           'debug': False,
                           'hostname': 'localhost',
                           'jconf': { '-adport': '5530',
                                      '-b': '1000',
                                      '-b2': '100',
                                      '-cmnload': 'cmn.param',
                                      '-cmnmapweight': '200',
                                      '-cmnsave': 'cmn.param',
                                      '-confnet': '',
                                      '-fallback1pass': '',
                                      '-gprune': 'safe',
                                      '-h': '/mnt/h/jurcicek/github/UFAL-DSG-alex-prd/alex/resources/asr/voip_en/hmmdefs',
                                      '-hlist': '/mnt/h/jurcicek/github/UFAL-DSG-alex-prd/alex/resources/asr/voip_en/tiedlist',
                                      '-htkconf': '/mnt/h/jurcicek/github/UFAL-DSG-alex-prd/alex/resources/asr/voip_en/config',
                                      '-input': 'adinnet',
                                      '-iwsp': '',
                                      '-iwsppenalty': '0.0',
                                      '-lmp': '15.0 0.0',
                                      '-lmp2': '15.0 0.0',
                                      '-mapunk': 'UM',
                                      '-module': '10500',
                                      '-n': '50',
                                      '-nlr': '/mnt/h/jurcicek/github/UFAL-DSG-alex-prd/alex/resources/lm/caminfo/julius_arpa_bigram',
                                      '-no_ccd': '',
                                      '-nrl': '/mnt/h/jurcicek/github/UFAL-DSG-alex-prd/alex/resources/lm/caminfo/julius_arpa_rev_bigram',
                                      '-silhead': '<s>',
                                      '-siltail': '</s>',
                                      '-spmodel': 'sp',
                                      '-tmix': '4',
                                      '-v': '/mnt/h/jurcicek/github/UFAL-DSG-alex-prd/alex/resources/lm/caminfo/julius_dict'},
                           'jconffile': 'julius.jconf',
                           'killall': False,
                           'logfile': 'julius.log',
                           'msg_timeout': 0.3,
                           'pidfile': 'julius.pid',
                           'reuse_server': False,
                           'serverport': 10500,
                           'start_max_wait_time': 15,
                           'start_wait_time': 0.5,
                           'timeout': 2.0},
               'Kaldi': { 'LM_scale': -6666.66,
                          'hypothesis_type': 'nblist',
                          'lat_depth': 666666,
                          'model': 'TODO_path_to_model'},
               'debug': True,
               'type': 'Google'},
      'Analytics': Analytics(account_id='UA-41905278-1', domain_name='cuni.cz'),
      'Audio': { 'sample_rate': 16000, 'samples_per_frame': 256},
      'AudioIO': { 'debug': True, 'output_dir': './aio_call_log', 'play_buffer_size': 1024},
      'DM': { 'PUfalRuleDM': { 'code_submit_url': None,
                               'db_cfg': '/mnt/h/jurcicek/github/UFAL-DSG-alex-prd/alex/resources/../applications/CamInfoRest/cued_data/CIRdbase_V7_noloc.txt',
                               'ontology': '/mnt/h/jurcicek/github/UFAL-DSG-alex-prd/alex/resources/../applications/CamInfoRest/ontology.cfg',
                               'provide_code': False},
              'UfalRuleDM': { 'code_submit_url': None,
                              'db_cfg': '/mnt/h/jurcicek/github/UFAL-DSG-alex-prd/alex/resources/../applications/CamInfoRest/cued_data/CIRdbase_V7_noloc.txt',
                              'ontology': '/mnt/h/jurcicek/github/UFAL-DSG-alex-prd/alex/resources/../applications/CamInfoRest/ontology.cfg',
                              'provide_code': False},
              'basic': { 'debug': True, 'silence_timeout': 10.0},
              'debug': True,
              'dialogue_policy': { 'type': <class 'alex.applications.PublicTransportInfoCS.hdc_policy.PTICSHDCPolicy'>},
              'dialogue_state': { 'type': <class 'alex.components.dm.dddstate.DeterministicDiscriminativeDialogueState'>},
              'input_timeout': 3.0,
              'ontology': '/mnt/h/jurcicek/github/UFAL-DSG-alex-prd/alex/applications/PublicTransportInfoCS/data/ontology.py',
              'type': 'basic'},
      'General': { 'debug': False,
                   'include': ['/mnt/h/jurcicek/github/UFAL-DSG-alex-prd/alex/resources/private/default.cfg']},
      'Hub': { 'history_file': 'hub_history_hub.txt', 'history_length': 1000, 'main_loop_sleep_time': 0.002},
      'Logging': { 'excepthook': ExceptionHook(
            ExceptionHook
              Hook Type: log
              Hook Logger: SystemLogger(output_dir=./call_logs, stdout_log_level='DEBUG', stdout=True, file_log_level='DEBUG')),
                   'session_logger': SessionLogger(),
                   'system_logger': SystemLogger(output_dir=/net/projects/vystadial/data/call-logs/2013-05-30-alex-aotb-prototype/new, stdout_log_level='DEBUG', stdout=True, file_log_level='DEBUG'),
                   'system_name': u'Alex On The Bus - Live',
                   'version': u'1.0'},
      'NLG': { 'Template': { 'model': '/mnt/h/jurcicek/github/UFAL-DSG-alex-prd/alex/applications/PublicTransportInfoCS/nlg_templates.cfg'},
               'debug': True,
               'type': 'Template'},
      'PublicTransportInfoCS': { 'max_turns': 120},
      'SHub': { 'history_file': 'hub_history_shub.txt', 'history_length': 1000},
      'SLU': { 'cl-tracing': { 'cldb_fname': '/mnt/h/jurcicek/github/UFAL-DSG-alex-prd/alex/applications/CamInfoRest/data/database.py',
                               'do_preprocessing': True,
                               'features_type': ('ngram', 'ab_ngram'),
                               'testing': { 'max_examples': None,
                                            'min_perc': 80,
                                            'model_fname': '/mnt/h/jurcicek/github/UFAL-DSG-alex-prd/alex/applications/CamInfoRest/models/130516_minf60-minfc35-mind60.slu_model.gz',
                                            'renormalise': True,
                                            'threshold': None,
                                            'vanilla': True},
                               'training': { 'abstractions': ('abstract',), 'models_dir': 'models'}},
               'debug': True,
               'type': <class 'alex.applications.PublicTransportInfoCS.hdc_slu.PTICSHDCSLU'>,
               <class 'alex.applications.PublicTransportInfoCS.hdc_slu.PTICSHDCSLU'>: { 'cldb_fname': '/mnt/h/jurcicek/github/UFAL-DSG-alex-prd/alex/applications/PublicTransportInfoCS/data/database.py',
                                                                                        'preprocessing_cls': <class 'alex.applications.PublicTransportInfoCS.preprocessing.PTICSSLUPreprocessing'>,
                                                                                        'training': { 'models_dir': 'models'}}},
      'THub': { 'history_file': 'hub_history_thub.txt', 'history_length': 1000},
      'TTS': { 'Flite': { 'debug': False,
                          'preprocessing': '/mnt/h/jurcicek/github/UFAL-DSG-alex-prd/alex/resources/tts/prep_flite_en.cfg',
                          'tempo': 1.0,
                          'voice': 'kal16'},
               'Google': { 'debug': False,
                           'language': 'en',
                           'preprocessing': '/mnt/h/jurcicek/github/UFAL-DSG-alex-prd/alex/resources/tts/prep_google_en.cfg',
                           'tempo': 1.0},
               'SpeechTech': { 'debug': True,
                               'login': 'filipjurcicek',
    # this line was removed since it included a password
                               'preprocessing': '/mnt/h/jurcicek/github/UFAL-DSG-alex-prd/alex/resources/tts/prep_speechtech_cs.cfg',
                               'tempo': 1.2,
                               'voice': 'Iva210'},
               'VoiceRSS': { 'api_key': '3b6a9fca5d724b1c8ac34691586cdda1'},
               'VoiceRss': { 'language': 'en-gb',
                             'preprocessing': '/mnt/h/jurcicek/github/UFAL-DSG-alex-prd/alex/resources/tts/prep_voicerss_en.cfg',
                             'tempo': 1.0},
               'debug': True,
               'in_between_segments_silence': 0.01,
               'type': 'SpeechTech'},
      'VAD': { 'debug': False,
               'decision_frames_sil': 25,
               'decision_frames_speech': 10,
               'decision_non_speech_threshold': 0.2,
               'decision_speech_threshold': 0.7,
               'ffnn': { 'ceplifter': 22,
                         'enormalise': True,
                         'filter_length': 2,
                         'frameshift': 160,
                         'framesize': 512,
                         'frontend': 'MFCC',
                         'hifreq': 3800,
                         'lofreq': 125,
                         'model': '/mnt/h/jurcicek/github/UFAL-DSG-alex-prd/alex/resources/vad/voip/vad_sds_mfcc_is39_hu32_lf0_mfr5000000_mfl1000000_mfps50_ts0_usec01.nn',
                         'n_last_frames': 0,
                         'numceps': 12,
                         'numchans': 26,
                         'preemcoef': 0.97,
                         'useacc': True,
                         'usec0': True,
                         'usecmn': False,
                         'usedelta': True,
                         'usehamming': True,
                         'usepower': True,
                         'zmeansource': True},
               'gmm': { 'ceplifter': 22,
                        'enormalise': True,
                        'filter_length': 2,
                        'frameshift': 160,
                        'framesize': 512,
                        'frontend': 'MFCC',
                        'hifreq': 3800,
                        'lofreq': 125,
                        'n_last_frames': 0,
                        'numceps': 12,
                        'numchans': 26,
                        'preemcoef': 0.97,
                        'sil_model': '/mnt/h/jurcicek/github/UFAL-DSG-alex-prd/alex/resources/vad/voip/vad_sil_sds_mfcc_m064_f100000.gmm',
                        'speech_model': '/mnt/h/jurcicek/github/UFAL-DSG-alex-prd/alex/resources/vad/voip/vad_speech_sds_mfcc_m064_f100000.gmm',
                        'useacc': True,
                        'usec0': False,
                        'usecmn': False,
                        'usedelta': True,
                        'usehamming': True,
                        'usepower': True,
                        'zmeansource': True},
               'power': { 'adaptation_frames': 30, 'threshold': 70, 'threshold_multiplier': 1.0},
               'speech_buffer_frames': 25,
               'type': 'ffnn'},
      'VoipHub': { 'blacklist_for': 7200,
                   'call_db': u'/net/projects/vystadial/data/call-logs/2013-05-30-alex-aotb-prototype/new/call_db.pckl',
                   'hard_time_limit': 360,
                   'hard_turn_limit': 120,
                   'history_length': 1000,
                   'last_period_max_num_calls': 20,
                   'last_period_max_total_time': 1800,
                   'limit_reached_message': u'D\u011bkujeme za zavol\xe1n\xed, ale u\u017e jste volali hodn\u011b. Pros\xedm zavolejte pozd\u011bji. Na shledanou.',
                   'period': 172800,
                   'pid_file': u'/net/projects/vystadial/data/call-logs/2013-05-30-alex-aotb-prototype/new/vhub_live.pid',
                   'wait_time_before_calling_back': 10},
      'VoipIO': { 'allowed_hosts': '',
                  'allowed_phone_numbers': '(^[234567])',
                  'allowed_users': '(^[234567])',
                  'debug': True,
                  'domain': 'vystadial.ms.mff.cuni.cz',
                  'forbidden_hosts': '',
                  'forbidden_phone_number': '(^112$|^150$|^155$|^156$|^158$)',
                  'forbidden_users': '(^112$|^150$|^155$|^156$|^158$)',
    # this line was removed since it included a password
                  'pjsip_log_level': 3,
                  'reject_calls': False,
                  'user': '800899998'},
      'WebHub': { 'port': 8000},
      'corpustools': { 'get_jasr_confnets': { 'frame_size': 256, 'rt_ratio': 0.2}}}

2013-09-28-01-37-27.841392-CEST  VoipIO-1   : DEBUG      
    VoipIO::on_call_confirmed

2013-09-28-01-37-27.866456-CEST  MainProcess : INFO       
    #47279  Time: 2013-09-28-01-37-27.819902-CEST From: VoipIO     To: HUB        Command: call_connecting(remote_uri="776577617") 

2013-09-28-01-37-27.872760-CEST  MainProcess : INFO       
    #47280  Time: 2013-09-28-01-37-27.842247-CEST From: VoipIO     To: HUB        Command: call_confirmed(remote_uri="776577617") 

2013-09-28-01-37-27.879002-CEST  MainProcess : INFO       
    
    ========================================================================================================================
    Incoming call from :          776577617
    ------------------------------------------------------------------------------------------------------------------------
    Total calls:                  11
    Total time (min):             36.7
    Last period total calls:      1
    Last period total time (min): 4.7
    ------------------------------------------------------------------------------------------------------------------------
    CALL ACCEPTED
    ========================================================================================================================
    

2013-09-28-01-37-27.882333-CEST  DM-5       : DEBUG      
    #47282  Time: 2013-09-28-01-37-27.876783-CEST From: HUB        To: DM         Command: new_dialogue() 

2013-09-28-01-37-27.893597-CEST  DM-5       : DEBUG      
    DM Output
    ------------------------------------------------------------
    hello()
    

2013-09-28-01-37-27.900693-CEST  MainProcess : INFO       
    #47285  Time: 2013-09-28-01-37-27.898144-CEST From: DM         To: HUB        DA: hello() 

2013-09-28-01-37-27.904840-CEST  NLG-6      : DEBUG      
    #47286  Time: 2013-09-28-01-37-27.902166-CEST From: HUB        To: NLG        DA: hello() 

2013-09-28-01-37-27.907545-CEST  NLG-6      : DEBUG      
    NLG Output
    ------------------------------------------------------------
    Dobrý den. Tato experimentální služba je poskytována laboratoří výzkumu hlasových dialogových systémů na Ústavu Formální a Aplikované Lingvistiky na Karlově Univerzitě. Hovor je nahráván. Více informací o této službě je na internetu. Jak Vám mohu pomoci. 
    

2013-09-28-01-37-27.914651-CEST  MainProcess : INFO       
    #47287  Time: 2013-09-28-01-37-27.912373-CEST From: NLG        To: HUB        Command: nlg_text_generated() 

2013-09-28-01-37-27.919772-CEST  MainProcess : INFO       
    #47289  Time: 2013-09-28-01-37-27.915560-CEST From: TTS        To: HUB        Command: tts_start(user_id="None",text="Dobrý den. Tato experimentální služba je poskytována laboratoří výzkumu hlasových dialogových systémů na Ústavu Formální a Aplikované Lingvistiky na Karlově Univerzitě. Hovor je nahráván. Více informací o této službě je na internetu. Jak Vám mohu pomoci. ") 

2013-09-28-01-37-27.930875-CEST  MainProcess : INFO       
    #47291  Time: 2013-09-28-01-37-27.917235-CEST From: VoipIO     To: HUB        Command: play_utterance_start(user_id="None",fname="tts-2013-09-28-01-37-27.912935.wav") 

2013-09-28-01-37-28.099979-CEST  MainProcess : INFO       
    #48300  Time: 2013-09-28-01-37-28.091650-CEST From: TTS        To: HUB        Command: tts_end(user_id="None",text="Dobrý den. Tato experimentální služba je poskytována laboratoří výzkumu hlasových dialogových systémů na Ústavu Formální a Aplikované Lingvistiky na Karlově Univerzitě. Hovor je nahráván. Více informací o této službě je na internetu. Jak Vám mohu pomoci. ",fname="tts-2013-09-28-01-37-27.912935.wav",log="true") 

2013-09-28-01-37-28.345326-CEST  MainProcess : INFO       
    #48318  Time: 2013-09-28-01-37-28.341064-CEST From: VAD        To: HUB        Command: speech_start(fname="vad-2013-09-28-01-37-28.331922.wav") 

2013-09-28-01-37-28.348731-CEST  ASR-3      : DEBUG      
    ASR: speech_start(fname="vad-2013-09-28-01-37-28.331922.wav")

2013-09-28-01-37-28.352019-CEST  MainProcess : INFO       
    #48319  Time: 2013-09-28-01-37-28.342859-CEST From: ASR        To: HUB        Command: asr_start(fname="vad-2013-09-28-01-37-28.331922.wav") 

2013-09-28-01-37-28.792495-CEST  MainProcess : INFO       
    #48349  Time: 2013-09-28-01-37-28.789469-CEST From: VAD        To: HUB        Command: speech_end(fname="vad-2013-09-28-01-37-28.331922.wav") 

2013-09-28-01-37-28.795822-CEST  ASR-3      : DEBUG      
    ASR: speech_end(fname="vad-2013-09-28-01-37-28.331922.wav")

2013-09-28-01-37-29.150515-CEST  ASR-3      : DEBUG      
    ASR Hypothesis
    ------------------------------------------------------------
    1.000 __silence__
    0.000 __other__
    

2013-09-28-01-37-29.160792-CEST  MainProcess : INFO       
    #48372  Time: 2013-09-28-01-37-29.156761-CEST From: ASR        To: HUB        Command: asr_end(fname="vad-2013-09-28-01-37-28.331922.wav") 

2013-09-28-01-37-29.164250-CEST  SLU-4      : DEBUG      
    SLU Hypothesis
    ------------------------------------------------------------
    1.000 silence()
    

2013-09-28-01-37-29.174564-CEST  MainProcess : INFO       
    #48376  Time: 2013-09-28-01-37-29.170591-CEST From: SLU        To: HUB        Command: slu_parsed(fname="vad-2013-09-28-01-37-28.331922.wav") 

2013-09-28-01-37-29.177869-CEST  DM-5       : DEBUG      
    DDDState Dialogue Act in: silence()

2013-09-28-01-37-29.181243-CEST  DM-5       : DEBUG      
    Context Resolution - Dialogue Act: silence()

2013-09-28-01-37-29.184415-CEST  DM-5       : DEBUG      
    DDDState - Dialogue state content:
    
    ludait = silence
    silence_time = 0.0
    
    
    
    

2013-09-28-01-37-29.187440-CEST  DM-5       : DEBUG      
    DDDState - Dialogue state update
    
    Requested slots:
    {}
    Confirmed slots:
    {}
    Non-informed slots:
    {u'silence_time': 0.0}

2013-09-28-01-37-29.209679-CEST  DM-5       : DEBUG      
    DM Output
    ------------------------------------------------------------
    silence()
    

2013-09-28-01-37-29.219131-CEST  MainProcess : INFO       
    #48378  Time: 2013-09-28-01-37-29.216011-CEST From: DM         To: HUB        DA: silence() 

2013-09-28-01-37-31.483026-CEST  MainProcess : INFO       
    #48524  Time: 2013-09-28-01-37-31.480208-CEST From: VAD        To: HUB        Command: speech_start(fname="vad-2013-09-28-01-37-31.464045.wav") 

2013-09-28-01-37-31.485879-CEST  ASR-3      : DEBUG      
    ASR: speech_start(fname="vad-2013-09-28-01-37-31.464045.wav")

2013-09-28-01-37-31.489078-CEST  MainProcess : INFO       
    #48525  Time: 2013-09-28-01-37-31.480619-CEST From: ASR        To: HUB        Command: asr_start(fname="vad-2013-09-28-01-37-31.464045.wav") 

2013-09-28-01-37-34.618389-CEST  MainProcess : INFO       
    #48723  Time: 2013-09-28-01-37-34.615013-CEST From: VAD        To: HUB        Command: speech_end(fname="vad-2013-09-28-01-37-31.464045.wav") 

2013-09-28-01-37-34.621548-CEST  ASR-3      : DEBUG      
    ASR: speech_end(fname="vad-2013-09-28-01-37-31.464045.wav")

2013-09-28-01-37-35.837413-CEST  ASR-3      : DEBUG      
    ASR Hypothesis
    ------------------------------------------------------------
    0.798 dobrý den
    0.058 dobrý den modřany
    0.048 dobrý den mapy
    0.038 dobrý de
    0.029 dobrý den děkuji
    0.019 dobrý de modřany
    0.010 dobrý de mapy
    0.000 __other__
    

2013-09-28-01-37-35.849579-CEST  MainProcess : INFO       
    #48800  Time: 2013-09-28-01-37-35.845494-CEST From: ASR        To: HUB        Command: asr_end(fname="vad-2013-09-28-01-37-31.464045.wav") 

2013-09-28-01-37-36.110992-CEST  SLU-4      : DEBUG      
    SLU Hypothesis
    ------------------------------------------------------------
    0.933 hello()
    0.067 other()
    0.029 thankyou()
    

2013-09-28-01-37-36.126111-CEST  MainProcess : INFO       
    #48818  Time: 2013-09-28-01-37-36.123478-CEST From: SLU        To: HUB        Command: slu_parsed(fname="vad-2013-09-28-01-37-31.464045.wav") 

2013-09-28-01-37-36.128716-CEST  DM-5       : DEBUG      
    DDDState Dialogue Act in: hello()

2013-09-28-01-37-36.131890-CEST  DM-5       : DEBUG      
    Context Resolution - Dialogue Act: hello()

2013-09-28-01-37-36.134815-CEST  DM-5       : DEBUG      
    DDDState - Dialogue state content:
    
    ludait = hello
    silence_time = 0.0
    
    
    
    

2013-09-28-01-37-36.137735-CEST  DM-5       : DEBUG      
    DDDState - Dialogue state update
    
    Requested slots:
    {}
    Confirmed slots:
    {}
    Non-informed slots:
    {u'silence_time': 0.0}

2013-09-28-01-37-36.160833-CEST  DM-5       : DEBUG      
    DM Output
    ------------------------------------------------------------
    request(from_stop)
    

2013-09-28-01-37-36.172767-CEST  MainProcess : INFO       
    #48824  Time: 2013-09-28-01-37-36.169008-CEST From: DM         To: HUB        DA: request(from_stop) 

2013-09-28-01-37-36.187465-CEST  NLG-6      : DEBUG      
    #48825  Time: 2013-09-28-01-37-36.184057-CEST From: HUB        To: NLG        Command: flush() 

2013-09-28-01-37-36.192511-CEST  MainProcess : INFO       
    #48826  Time: 2013-09-28-01-37-36.188430-CEST From: NLG        To: HUB        Command: flushed() 

2013-09-28-01-37-36.196081-CEST  TTS-7      : DEBUG      
    #48827  Time: 2013-09-28-01-37-36.193448-CEST From: HUB        To: TTS        Command: flush() 

2013-09-28-01-37-36.199916-CEST  MainProcess : INFO       
    #48830  Time: 2013-09-28-01-37-36.196952-CEST From: TTS        To: HUB        Command: flushed() 

2013-09-28-01-37-36.204155-CEST  VoipIO-1   : DEBUG      
    #48832  Time: 2013-09-28-01-37-36.200763-CEST From: HUB        To: VIO        Command: flush_out() 

2013-09-28-01-37-36.209473-CEST  MainProcess : INFO       
    #48833  Time: 2013-09-28-01-37-36.205156-CEST From: VoipIO     To: HUB        Command: flushed_out() 

2013-09-28-01-37-36.213614-CEST  NLG-6      : DEBUG      
    #48835  Time: 2013-09-28-01-37-36.210366-CEST From: HUB        To: NLG        DA: request(from_stop) 

2013-09-28-01-37-36.216910-CEST  NLG-6      : DEBUG      
    NLG Output
    ------------------------------------------------------------
    Odkud chcete jet?
    

2013-09-28-01-37-36.231143-CEST  MainProcess : INFO       
    #48836  Time: 2013-09-28-01-37-36.225529-CEST From: NLG        To: HUB        Command: nlg_text_generated() 

2013-09-28-01-37-36.234356-CEST  MainProcess : INFO       
    #48838  Time: 2013-09-28-01-37-36.226156-CEST From: TTS        To: HUB        Command: tts_start(user_id="None",text="Odkud chcete jet?") 

2013-09-28-01-37-36.246777-CEST  MainProcess : INFO       
    #48840  Time: 2013-09-28-01-37-36.227160-CEST From: VoipIO     To: HUB        Command: play_utterance_start(user_id="None",fname="tts-2013-09-28-01-37-36.226093.wav") 

2013-09-28-01-37-36.253402-CEST  MainProcess : INFO       
    #48929  Time: 2013-09-28-01-37-36.249307-CEST From: TTS        To: HUB        Command: tts_end(user_id="None",text="Odkud chcete jet?",fname="tts-2013-09-28-01-37-36.226093.wav",log="true") 

2013-09-28-01-37-37.621380-CEST  MainProcess : INFO       
    #48994  Time: 2013-09-28-01-37-37.280617-CEST From: VoipIO     To: HUB        Command: play_utterance_end(user_id="None",fname="tts-2013-09-28-01-37-36.226093.wav) 

2013-09-28-01-37-39.225002-CEST  ASR-3      : DEBUG      
    ASR: speech_start(fname="vad-2013-09-28-01-37-39.203639.wav")

2013-09-28-01-37-39.228309-CEST  MainProcess : INFO       
    #49120  Time: 2013-09-28-01-37-39.220632-CEST From: VAD        To: HUB        Command: speech_start(fname="vad-2013-09-28-01-37-39.203639.wav") 

2013-09-28-01-37-39.233466-CEST  MainProcess : INFO       
    #49121  Time: 2013-09-28-01-37-39.222236-CEST From: ASR        To: HUB        Command: asr_start(fname="vad-2013-09-28-01-37-39.203639.wav") 

2013-09-28-01-37-42.098234-CEST  MainProcess : INFO       
    #49303  Time: 2013-09-28-01-37-42.094087-CEST From: VAD        To: HUB        Command: speech_end(fname="vad-2013-09-28-01-37-39.203639.wav") 

2013-09-28-01-37-42.101409-CEST  ASR-3      : DEBUG      
    ASR: speech_end(fname="vad-2013-09-28-01-37-39.203639.wav")

2013-09-28-01-37-43.175738-CEST  ASR-3      : DEBUG      
    ASR Hypothesis
    ------------------------------------------------------------
    0.784 chtěl bych jet anděla na polikliniku modřany
    0.025 chtěl bych jet anděla na polikliniku
    0.024 chtěl bych jet anděla na polikliniku ceny
    0.022 chtěl bych jet anděl a na polikliniku modřany
    0.021 chtěl bych měla na polikliniku modřany
    0.019 chtěl bych jela na polikliniku modřany
    0.017 chtěl bych chtěla na polikliniku modřany
    0.016 chtěl bych jet anděla na polikliniku ceník
    0.014 chtěl bych jet anděl a na polikliniku
    0.013 chtěl bych měla na polikliniku
    0.011 chtěl bych 5 anděla na polikliniku modřany
    0.010 chtěl bych jet anděl a na polikliniku ceny
    0.008 chtěl bych tě měla na polikliniku modřany
    0.006 chtěl bych jela na polikliniku
    0.005 chtěl bych se měla na polikliniku modřany
    0.003 chtěl bych jet anděla na polikliniku černý
    0.002 chtěl bych měla na polikliniku ceny
    0.000 __other__
    

2013-09-28-01-37-43.192512-CEST  MainProcess : INFO       
    #49372  Time: 2013-09-28-01-37-43.188242-CEST From: ASR        To: HUB        Command: asr_end(fname="vad-2013-09-28-01-37-39.203639.wav") 

2013-09-28-01-37-43.848010-CEST  SLU-4      : DEBUG      
    SLU Hypothesis
    ------------------------------------------------------------
    0.909 inform(from_stop="Anděl")
    0.887 inform(to_stop="Poliklinika Modřany")
    0.021 other()
    

2013-09-28-01-37-43.866000-CEST  MainProcess : INFO       
    #49414  Time: 2013-09-28-01-37-43.862166-CEST From: SLU        To: HUB        Command: slu_parsed(fname="vad-2013-09-28-01-37-39.203639.wav") 

2013-09-28-01-37-43.870356-CEST  DM-5       : DEBUG      
    DDDState Dialogue Act in: inform(from_stop="Anděl")&inform(to_stop="Poliklinika Modřany")

2013-09-28-01-37-43.873998-CEST  DM-5       : DEBUG      
    Context Resolution - Dialogue Act: inform(from_stop="Anděl")&inform(to_stop="Poliklinika Modřany")

2013-09-28-01-37-43.877458-CEST  DM-5       : DEBUG      
    DDDState - Dialogue state content:
    
    ludait = none
    alternative = none
    from_centre = none
    from_stop = Anděl
    silence_time = 0.0
    time = none
    to_centre = none
    to_stop = Poliklinika Modřany
    
    
    
    

2013-09-28-01-37-43.880996-CEST  DM-5       : DEBUG      
    DDDState - Dialogue state update
    
    Requested slots:
    {}
    Confirmed slots:
    {}
    Non-informed slots:
    {u'to_stop': u'Poliklinika Mod\u0159any', u'silence_time': 0.0, u'from_stop': u'And\u011bl'}

2013-09-28-01-37-44.214771-CEST  DM-5       : DEBUG      
    DM Output
    ------------------------------------------------------------
    iconfirm(to_stop="Poliklinika Modřany")&iconfirm(from_stop="Anděl")&inform(found_directions="true")&inform(alternative="1")&inform(vehicle="TRAM")&inform(line="59")&inform(go_at="01:52")&inform(enter_at="Anděl")&inform(headsign="Nádraží Hostivař")&inform(exit_at="Karlovo náměstí")&inform(transfer="true")&inform(vehicle="TRAM")&inform(line="52")&inform(go_at="02:02")&inform(enter_at="Karlovo náměstí")&inform(headsign="Levského")&inform(exit_at="Poliklinika Modřany")
    

2013-09-28-01-37-44.240356-CEST  MainProcess : INFO       
    #49440  Time: 2013-09-28-01-37-44.235294-CEST From: DM         To: HUB        DA: iconfirm(to_stop="Poliklinika Modřany")&iconfirm(from_stop="Anděl")&inform(found_directions="true")&inform(alternative="1")&inform(vehicle="TRAM")&inform(line="59")&inform(go_at="01:52")&inform(enter_at="Anděl")&inform(headsign="Nádraží Hostivař")&inform(exit_at="Karlovo náměstí")&inform(transfer="true")&inform(vehicle="TRAM")&inform(line="52")&inform(go_at="02:02")&inform(enter_at="Karlovo náměstí")&inform(headsign="Levského")&inform(exit_at="Poliklinika Modřany") 

2013-09-28-01-37-44.247880-CEST  NLG-6      : DEBUG      
    #49441  Time: 2013-09-28-01-37-44.242159-CEST From: HUB        To: NLG        DA: iconfirm(to_stop="Poliklinika Modřany")&iconfirm(from_stop="Anděl")&inform(found_directions="true")&inform(alternative="1")&inform(vehicle="TRAM")&inform(line="59")&inform(go_at="01:52")&inform(enter_at="Anděl")&inform(headsign="Nádraží Hostivař")&inform(exit_at="Karlovo náměstí")&inform(transfer="true")&inform(vehicle="TRAM")&inform(line="52")&inform(go_at="02:02")&inform(enter_at="Karlovo náměstí")&inform(headsign="Levského")&inform(exit_at="Poliklinika Modřany") 

2013-09-28-01-37-44.603565-CEST  MainProcess : INFO       
    #49467  Time: 2013-09-28-01-37-44.598236-CEST From: VAD        To: HUB        Command: speech_start(fname="vad-2013-09-28-01-37-44.524474.wav") 

2013-09-28-01-37-44.608436-CEST  ASR-3      : DEBUG      
    ASR: speech_start(fname="vad-2013-09-28-01-37-44.524474.wav")

2013-09-28-01-37-44.613629-CEST  MainProcess : INFO       
    #49468  Time: 2013-09-28-01-37-44.599886-CEST From: ASR        To: HUB        Command: asr_start(fname="vad-2013-09-28-01-37-44.524474.wav") 

2013-09-28-01-37-44.808051-CEST  NLG-6      : DEBUG      
    NLG Output
    ------------------------------------------------------------
    Do zastávky Poliklinika Modřany. Ze zastávky Anděl. Našla jsem následující spojení. Možnost první. Jeďte tramvají číslo 59 v 01:52 ze zastávky Anděl směrem Nádraží Hostivař. Vystupte na zastávce Karlovo náměstí. A pak přestupte. Jeďte tramvají číslo 52 v 02:02 ze zastávky Karlovo náměstí směrem Levského. Vystupte na zastávce Poliklinika Modřany.
    

2013-09-28-01-37-44.910697-CEST  MainProcess : INFO       
    #49487  Time: 2013-09-28-01-37-44.905665-CEST From: NLG        To: HUB        Command: nlg_text_generated() 

2013-09-28-01-37-44.917519-CEST  MainProcess : INFO       
    #49491  Time: 2013-09-28-01-37-44.912203-CEST From: TTS        To: HUB        Command: tts_start(user_id="None",text="Do zastávky Poliklinika Modřany. Ze zastávky Anděl. Našla jsem následující spojení. Možnost první. Jeďte tramvají číslo 59 v 01:52 ze zastávky Anděl směrem Nádraží Hostivař. Vystupte na zastávce Karlovo náměstí. A pak přestupte. Jeďte tramvají číslo 52 v 02:02 ze zastávky Karlovo náměstí směrem Levského. Vystupte na zastávce Poliklinika Modřany.") 

2013-09-28-01-37-44.947596-CEST  MainProcess : INFO       
    #49493  Time: 2013-09-28-01-37-44.917448-CEST From: VoipIO     To: HUB        Command: play_utterance_start(user_id="None",fname="tts-2013-09-28-01-37-44.907990.wav") 

2013-09-28-01-37-45.086698-CEST  MainProcess : INFO       
    #49503  Time: 2013-09-28-01-37-45.081898-CEST From: VAD        To: HUB        Command: speech_end(fname="vad-2013-09-28-01-37-44.524474.wav") 

2013-09-28-01-37-45.091271-CEST  ASR-3      : DEBUG      
    ASR: speech_end(fname="vad-2013-09-28-01-37-44.524474.wav")

2013-09-28-01-37-45.292262-CEST  ASR-3      : DEBUG      
    ASR Hypothesis
    ------------------------------------------------------------
    1.000 __silence__
    0.000 __other__
    

2013-09-28-01-37-45.327704-CEST  MainProcess : INFO       
    #49520  Time: 2013-09-28-01-37-45.322642-CEST From: ASR        To: HUB        Command: asr_end(fname="vad-2013-09-28-01-37-44.524474.wav") 

2013-09-28-01-37-45.332094-CEST  SLU-4      : DEBUG      
    SLU Hypothesis
    ------------------------------------------------------------
    1.000 silence()
    

2013-09-28-01-37-45.362193-CEST  MainProcess : INFO       
    #49525  Time: 2013-09-28-01-37-45.357423-CEST From: SLU        To: HUB        Command: slu_parsed(fname="vad-2013-09-28-01-37-44.524474.wav") 

2013-09-28-01-37-45.366465-CEST  DM-5       : DEBUG      
    DDDState Dialogue Act in: silence()

2013-09-28-01-37-45.371307-CEST  DM-5       : DEBUG      
    Context Resolution - Dialogue Act: silence()

2013-09-28-01-37-45.376517-CEST  DM-5       : DEBUG      
    DDDState - Dialogue state content:
    
    ludait = silence
    alternative = none
    from_centre = none
    from_stop = Anděl
    route_alternative = 0
    silence_time = 0.0
    time = none
    to_centre = none
    to_stop = Poliklinika Modřany
    
    rh_alternative = system-informed
    rh_enter_at = system-informed
    rh_exit_at = system-informed
    rh_found_directions = system-informed
    rh_from_stop = system-informed
    rh_go_at = system-informed
    rh_headsign = system-informed
    rh_line = system-informed
    rh_to_stop = system-informed
    rh_transfer = system-informed
    rh_vehicle = system-informed
    
    ch_alternative = system-informed
    ch_enter_at = system-informed
    ch_exit_at = system-informed
    ch_found_directions = system-informed
    ch_from_stop = system-informed
    ch_go_at = system-informed
    ch_headsign = system-informed
    ch_line = system-informed
    ch_to_stop = system-informed
    ch_transfer = system-informed
    ch_vehicle = system-informed
    
    sh_alternative = system-informed
    sh_enter_at = system-informed
    sh_exit_at = system-informed
    sh_found_directions = system-informed
    sh_from_stop = system-informed
    sh_go_at = system-informed
    sh_headsign = system-informed
    sh_line = system-informed
    sh_to_stop = system-informed
    sh_transfer = system-informed
    sh_vehicle = system-informed
    

2013-09-28-01-37-45.381401-CEST  DM-5       : DEBUG      
    DDDState - Dialogue state update
    
    Requested slots:
    {}
    Confirmed slots:
    {}
    Non-informed slots:
    {u'route_alternative': 0, u'silence_time': 0.0}

2013-09-28-01-37-45.447004-CEST  DM-5       : DEBUG      
    DM Output
    ------------------------------------------------------------
    silence()
    

2013-09-28-01-37-45.504536-CEST  MainProcess : INFO       
    #49536  Time: 2013-09-28-01-37-45.498067-CEST From: DM         To: HUB        DA: silence() 

2013-09-28-01-37-47.916824-CEST  ASR-3      : DEBUG      
    ASR: speech_start(fname="vad-2013-09-28-01-37-47.858391.wav")

2013-09-28-01-37-47.921550-CEST  MainProcess : INFO       
    #49688  Time: 2013-09-28-01-37-47.911186-CEST From: VAD        To: HUB        Command: speech_start(fname="vad-2013-09-28-01-37-47.858391.wav") 

2013-09-28-01-37-47.927566-CEST  MainProcess : INFO       
    #49689  Time: 2013-09-28-01-37-47.913075-CEST From: ASR        To: HUB        Command: asr_start(fname="vad-2013-09-28-01-37-47.858391.wav") 

2013-09-28-01-37-49.028904-CEST  ASR-3      : DEBUG      
    ASR: speech_end(fname="vad-2013-09-28-01-37-47.858391.wav")

2013-09-28-01-37-49.032499-CEST  MainProcess : INFO       
    #49761  Time: 2013-09-28-01-37-49.026115-CEST From: VAD        To: HUB        Command: speech_end(fname="vad-2013-09-28-01-37-47.858391.wav") 

2013-09-28-01-37-49.338644-CEST  ASR-3      : DEBUG      
    ASR Hypothesis
    ------------------------------------------------------------
    1.000 __silence__
    0.000 __other__
    

2013-09-28-01-37-49.360867-CEST  SLU-4      : DEBUG      
    SLU Hypothesis
    ------------------------------------------------------------
    1.000 silence()
    

2013-09-28-01-37-49.364789-CEST  MainProcess : INFO       
    #50208  Time: 2013-09-28-01-37-49.356849-CEST From: ASR        To: HUB        Command: asr_end(fname="vad-2013-09-28-01-37-47.858391.wav") 

2013-09-28-01-37-49.382185-CEST  DM-5       : DEBUG      
    DDDState Dialogue Act in: silence()

2013-09-28-01-37-49.385106-CEST  MainProcess : INFO       
    #50211  Time: 2013-09-28-01-37-49.378528-CEST From: SLU        To: HUB        Command: slu_parsed(fname="vad-2013-09-28-01-37-47.858391.wav") 

2013-09-28-01-37-49.388352-CEST  DM-5       : DEBUG      
    Context Resolution - Dialogue Act: silence()

2013-09-28-01-37-49.392508-CEST  DM-5       : DEBUG      
    DDDState - Dialogue state content:
    
    ludait = silence
    alternative = none
    from_centre = none
    from_stop = Anděl
    route_alternative = 0
    silence_time = 0.0
    time = none
    to_centre = none
    to_stop = Poliklinika Modřany
    
    rh_alternative = system-informed
    rh_enter_at = system-informed
    rh_exit_at = system-informed
    rh_found_directions = system-informed
    rh_from_stop = system-informed
    rh_go_at = system-informed
    rh_headsign = system-informed
    rh_line = system-informed
    rh_to_stop = system-informed
    rh_transfer = system-informed
    rh_vehicle = system-informed
    
    ch_alternative = system-informed
    ch_enter_at = system-informed
    ch_exit_at = system-informed
    ch_found_directions = system-informed
    ch_from_stop = system-informed
    ch_go_at = system-informed
    ch_headsign = system-informed
    ch_line = system-informed
    ch_to_stop = system-informed
    ch_transfer = system-informed
    ch_vehicle = system-informed
    
    sh_alternative = system-informed
    sh_enter_at = system-informed
    sh_exit_at = system-informed
    sh_found_directions = system-informed
    sh_from_stop = system-informed
    sh_go_at = system-informed
    sh_headsign = system-informed
    sh_line = system-informed
    sh_to_stop = system-informed
    sh_transfer = system-informed
    sh_vehicle = system-informed
    

2013-09-28-01-37-49.396446-CEST  DM-5       : DEBUG      
    DDDState - Dialogue state update
    
    Requested slots:
    {}
    Confirmed slots:
    {}
    Non-informed slots:
    {u'route_alternative': 0, u'silence_time': 0.0}

2013-09-28-01-37-49.455290-CEST  DM-5       : DEBUG      
    DM Output
    ------------------------------------------------------------
    silence()
    

2013-09-28-01-37-49.492562-CEST  MainProcess : INFO       
    #50220  Time: 2013-09-28-01-37-49.488379-CEST From: DM         To: HUB        DA: silence() 

2013-09-28-01-37-55.614516-CEST  MainProcess : INFO       
    #51770  Time: 2013-09-28-01-37-55.601933-CEST From: TTS        To: HUB        Command: tts_end(user_id="None",text="Do zastávky Poliklinika Modřany. Ze zastávky Anděl. Našla jsem následující spojení. Možnost první. Jeďte tramvají číslo 59 v 01:52 ze zastávky Anděl směrem Nádraží Hostivař. Vystupte na zastávce Karlovo náměstí. A pak přestupte. Jeďte tramvají číslo 52 v 02:02 ze zastávky Karlovo náměstí směrem Levského. Vystupte na zastávce Poliklinika Modřany.",fname="tts-2013-09-28-01-37-44.907990.wav",log="true") 

2013-09-28-01-38-14.419334-CEST  MainProcess : INFO       
    #52943  Time: 2013-09-28-01-38-14.360320-CEST From: VoipIO     To: HUB        Command: play_utterance_end(user_id="None",fname="tts-2013-09-28-01-37-44.907990.wav) 

2013-09-28-01-38-16.440692-CEST  ASR-3      : DEBUG      
    ASR: speech_start(fname="vad-2013-09-28-01-38-16.397498.wav")

2013-09-28-01-38-16.444249-CEST  MainProcess : INFO       
    #53073  Time: 2013-09-28-01-38-16.437032-CEST From: VAD        To: HUB        Command: speech_start(fname="vad-2013-09-28-01-38-16.397498.wav") 

2013-09-28-01-38-16.448484-CEST  MainProcess : INFO       
    #53074  Time: 2013-09-28-01-38-16.437734-CEST From: ASR        To: HUB        Command: asr_start(fname="vad-2013-09-28-01-38-16.397498.wav") 

2013-09-28-01-38-18.599789-CEST  ASR-3      : DEBUG      
    ASR: speech_end(fname="vad-2013-09-28-01-38-16.397498.wav")

2013-09-28-01-38-18.603424-CEST  MainProcess : INFO       
    #53212  Time: 2013-09-28-01-38-18.596703-CEST From: VAD        To: HUB        Command: speech_end(fname="vad-2013-09-28-01-38-16.397498.wav") 

2013-09-28-01-38-19.461528-CEST  ASR-3      : DEBUG      
    ASR Hypothesis
    ------------------------------------------------------------
    0.561 děkuju nashledanou
    0.176 děkuju
    0.132 děkuji nashledanou
    0.088 děkuju na shledanou
    0.044 děkuji
    0.000 __other__
    

2013-09-28-01-38-19.488836-CEST  MainProcess : INFO       
    #53269  Time: 2013-09-28-01-38-19.483796-CEST From: ASR        To: HUB        Command: asr_end(fname="vad-2013-09-28-01-38-16.397498.wav") 

2013-09-28-01-38-19.674645-CEST  SLU-4      : DEBUG      
    SLU Hypothesis
    ------------------------------------------------------------
    1.000 thankyou()
    0.781 bye()
    

2013-09-28-01-38-19.704855-CEST  DM-5       : DEBUG      
    DDDState Dialogue Act in: thankyou()&bye()

2013-09-28-01-38-19.708203-CEST  MainProcess : INFO       
    #53283  Time: 2013-09-28-01-38-19.700615-CEST From: SLU        To: HUB        Command: slu_parsed(fname="vad-2013-09-28-01-38-16.397498.wav") 

2013-09-28-01-38-19.711174-CEST  DM-5       : DEBUG      
    Context Resolution - Dialogue Act: thankyou()&bye()

2013-09-28-01-38-19.714496-CEST  DM-5       : DEBUG      
    DDDState - Dialogue state content:
    
    ludait = bye
    alternative = none
    from_centre = none
    from_stop = Anděl
    route_alternative = 0
    silence_time = 0.0
    time = none
    to_centre = none
    to_stop = Poliklinika Modřany
    
    rh_alternative = system-informed
    rh_enter_at = system-informed
    rh_exit_at = system-informed
    rh_found_directions = system-informed
    rh_from_stop = system-informed
    rh_go_at = system-informed
    rh_headsign = system-informed
    rh_line = system-informed
    rh_to_stop = system-informed
    rh_transfer = system-informed
    rh_vehicle = system-informed
    
    ch_alternative = system-informed
    ch_enter_at = system-informed
    ch_exit_at = system-informed
    ch_found_directions = system-informed
    ch_from_stop = system-informed
    ch_go_at = system-informed
    ch_headsign = system-informed
    ch_line = system-informed
    ch_to_stop = system-informed
    ch_transfer = system-informed
    ch_vehicle = system-informed
    
    sh_alternative = system-informed
    sh_enter_at = system-informed
    sh_exit_at = system-informed
    sh_found_directions = system-informed
    sh_from_stop = system-informed
    sh_go_at = system-informed
    sh_headsign = system-informed
    sh_line = system-informed
    sh_to_stop = system-informed
    sh_transfer = system-informed
    sh_vehicle = system-informed
    

2013-09-28-01-38-19.717785-CEST  DM-5       : DEBUG      
    DDDState - Dialogue state update
    
    Requested slots:
    {}
    Confirmed slots:
    {}
    Non-informed slots:
    {u'route_alternative': 0, u'silence_time': 0.0}

2013-09-28-01-38-19.773487-CEST  DM-5       : DEBUG      
    DM Output
    ------------------------------------------------------------
    bye()
    

2013-09-28-01-38-19.810890-CEST  MainProcess : INFO       
    #53293  Time: 2013-09-28-01-38-19.806776-CEST From: DM         To: HUB        DA: bye() 

2013-09-28-01-38-19.816422-CEST  NLG-6      : DEBUG      
    #53295  Time: 2013-09-28-01-38-19.812644-CEST From: HUB        To: NLG        DA: bye() 

2013-09-28-01-38-19.820153-CEST  MainProcess : INFO       
    #53294  Time: 2013-09-28-01-38-19.806915-CEST From: DM         To: HUB        Command: hangup() 

2013-09-28-01-38-19.823481-CEST  NLG-6      : DEBUG      
    NLG Output
    ------------------------------------------------------------
    Na shledanou.
    

2013-09-28-01-38-19.850909-CEST  MainProcess : INFO       
    #53299  Time: 2013-09-28-01-38-19.848215-CEST From: NLG        To: HUB        Command: nlg_text_generated() 

2013-09-28-01-38-19.856491-CEST  MainProcess : INFO       
    #53302  Time: 2013-09-28-01-38-19.851951-CEST From: TTS        To: HUB        Command: tts_start(user_id="None",text="Na shledanou.") 

2013-09-28-01-38-19.869889-CEST  MainProcess : INFO       
    #53372  Time: 2013-09-28-01-38-19.867025-CEST From: TTS        To: HUB        Command: tts_end(user_id="None",text="Na shledanou.",fname="tts-2013-09-28-01-38-19.848916.wav",log="true") 

2013-09-28-01-38-19.885323-CEST  MainProcess : INFO       
    #53304  Time: 2013-09-28-01-38-19.853002-CEST From: VoipIO     To: HUB        Command: play_utterance_start(user_id="None",fname="tts-2013-09-28-01-38-19.848916.wav") 

2013-09-28-01-38-20.224049-CEST  ASR-3      : DEBUG      
    ASR: speech_start(fname="vad-2013-09-28-01-38-20.167853.wav")

2013-09-28-01-38-20.227845-CEST  MainProcess : INFO       
    #53394  Time: 2013-09-28-01-38-20.220475-CEST From: VAD        To: HUB        Command: speech_start(fname="vad-2013-09-28-01-38-20.167853.wav") 

2013-09-28-01-38-20.232152-CEST  MainProcess : INFO       
    #53395  Time: 2013-09-28-01-38-20.221563-CEST From: ASR        To: HUB        Command: asr_start(fname="vad-2013-09-28-01-38-20.167853.wav") 

2013-09-28-01-38-20.746265-CEST  MainProcess : INFO       
    #53430  Time: 2013-09-28-01-38-20.741531-CEST From: VAD        To: HUB        Command: speech_end(fname="vad-2013-09-28-01-38-20.167853.wav") 

2013-09-28-01-38-20.750602-CEST  ASR-3      : DEBUG      
    ASR: speech_end(fname="vad-2013-09-28-01-38-20.167853.wav")

2013-09-28-01-38-20.948418-CEST  MainProcess : INFO       
    #53442  Time: 2013-09-28-01-38-20.892134-CEST From: VoipIO     To: HUB        Command: play_utterance_end(user_id="None",fname="tts-2013-09-28-01-38-19.848916.wav) 

2013-09-28-01-38-20.955622-CEST  ASR-3      : DEBUG      
    ASR Hypothesis
    ------------------------------------------------------------
    1.000 __silence__
    0.000 __other__
    

2013-09-28-01-38-21.016188-CEST  MainProcess : INFO       
    #53451  Time: 2013-09-28-01-38-21.010500-CEST From: ASR        To: HUB        Command: asr_end(fname="vad-2013-09-28-01-38-20.167853.wav") 

2013-09-28-01-38-21.020449-CEST  SLU-4      : DEBUG      
    SLU Hypothesis
    ------------------------------------------------------------
    1.000 silence()
    

2013-09-28-01-38-21.073335-CEST  MainProcess : INFO       
    #53456  Time: 2013-09-28-01-38-21.069136-CEST From: SLU        To: HUB        Command: slu_parsed(fname="vad-2013-09-28-01-38-20.167853.wav") 

2013-09-28-01-38-21.077182-CEST  DM-5       : DEBUG      
    DDDState Dialogue Act in: silence()

2013-09-28-01-38-21.081284-CEST  DM-5       : DEBUG      
    Context Resolution - Dialogue Act: silence()

2013-09-28-01-38-21.085824-CEST  DM-5       : DEBUG      
    DDDState - Dialogue state content:
    
    ludait = silence
    alternative = none
    from_centre = none
    from_stop = Anděl
    route_alternative = 0
    silence_time = 0.0
    time = none
    to_centre = none
    to_stop = Poliklinika Modřany
    
    rh_alternative = system-informed
    rh_enter_at = system-informed
    rh_exit_at = system-informed
    rh_found_directions = system-informed
    rh_from_stop = system-informed
    rh_go_at = system-informed
    rh_headsign = system-informed
    rh_line = system-informed
    rh_to_stop = system-informed
    rh_transfer = system-informed
    rh_vehicle = system-informed
    
    ch_alternative = system-informed
    ch_enter_at = system-informed
    ch_exit_at = system-informed
    ch_found_directions = system-informed
    ch_from_stop = system-informed
    ch_go_at = system-informed
    ch_headsign = system-informed
    ch_line = system-informed
    ch_to_stop = system-informed
    ch_transfer = system-informed
    ch_vehicle = system-informed
    
    sh_alternative = system-informed
    sh_enter_at = system-informed
    sh_exit_at = system-informed
    sh_found_directions = system-informed
    sh_from_stop = system-informed
    sh_go_at = system-informed
    sh_headsign = system-informed
    sh_line = system-informed
    sh_to_stop = system-informed
    sh_transfer = system-informed
    sh_vehicle = system-informed
    

2013-09-28-01-38-21.089847-CEST  DM-5       : DEBUG      
    DDDState - Dialogue state update
    
    Requested slots:
    {}
    Confirmed slots:
    {}
    Non-informed slots:
    {u'route_alternative': 0, u'silence_time': 0.0}

2013-09-28-01-38-21.265060-CEST  DM-5       : DEBUG      
    DM Output
    ------------------------------------------------------------
    silence()
    

2013-09-28-01-38-21.327839-CEST  MainProcess : INFO       
    #53474  Time: 2013-09-28-01-38-21.323668-CEST From: DM         To: HUB        DA: silence() 

2013-09-28-01-38-21.961719-CEST  MainProcess : INFO       
    #53514  Time: 2013-09-28-01-38-21.957928-CEST From: VAD        To: HUB        Command: speech_start(fname="vad-2013-09-28-01-38-21.842435.wav") 

2013-09-28-01-38-21.966518-CEST  ASR-3      : DEBUG      
    ASR: speech_start(fname="vad-2013-09-28-01-38-21.842435.wav")

2013-09-28-01-38-21.971704-CEST  MainProcess : INFO       
    #53516  Time: 2013-09-28-01-38-21.959658-CEST From: ASR        To: HUB        Command: asr_start(fname="vad-2013-09-28-01-38-21.842435.wav") 

2013-09-28-01-38-23.232477-CEST  VoipIO-1   : DEBUG      
    CallCallback::on_state : Call with "776577617" <sip:776577617@195.113.20.160> is DISCONNCTD last code = 200 (Normal call clearing)

2013-09-28-01-38-23.362218-CEST  VoipIO-1   : DEBUG      
    VoipIO::on_call_disconnected

2013-09-28-01-38-23.366726-CEST  MainProcess : INFO       
    #53596  Time: 2013-09-28-01-38-23.363385-CEST From: VoipIO     To: HUB        Command: call_disconnected(remote_uri="776577617") 

