2013-08-26-07-11-59.557259-CEST  VoipIO-1   : DEBUG      
    CallCallback::on_state : Call with "777320731" <sip:777320731@195.113.20.160> is CONNECTING last code = 200 (OK)

2013-08-26-07-11-59.561855-CEST  VoipIO-1   : DEBUG      
    VoipIO::on_call_connecting

2013-08-26-07-11-59.567099-CEST  VoipIO-1   : DEBUG      
    CallCallback::on_state : Call with "777320731" <sip:777320731@195.113.20.160> is CONFIRMED last code = 200 (OK)

2013-08-26-07-11-59.590714-CEST  MainProcess : SYSTEM-LOG 
    config = { 'ASR': { 'Google': { 'debug': False, 'language': 'cs', 'maxresults': 20},
               'Julius': { 'adinnetport': 5530,
                           'binary': '/usr/local/bin/julius',
                           'debug': False,
                           'hostname': 'localhost',
                           'jconf': { '-adport': '5530',
                                      '-b': '1000',
                                      '-b2': '100',
                                      '-cmnload': 'cmn.param',
                                      '-cmnmapweight': '200',
                                      '-cmnsave': 'cmn.param',
                                      '-confnet': '',
                                      '-fallback1pass': '',
                                      '-gprune': 'safe',
                                      '-h': '/mnt/h/jurcicek/vystadial-git/alex/resources/asr/voip_en/hmmdefs',
                                      '-hlist': '/mnt/h/jurcicek/vystadial-git/alex/resources/asr/voip_en/tiedlist',
                                      '-htkconf': '/mnt/h/jurcicek/vystadial-git/alex/resources/asr/voip_en/config',
                                      '-input': 'adinnet',
                                      '-iwsp': '',
                                      '-iwsppenalty': '0.0',
                                      '-lmp': '15.0 0.0',
                                      '-lmp2': '15.0 0.0',
                                      '-mapunk': 'UM',
                                      '-module': '10500',
                                      '-n': '50',
                                      '-nlr': '/mnt/h/jurcicek/vystadial-git/alex/resources/lm/caminfo/julius_arpa_bigram',
                                      '-no_ccd': '',
                                      '-nrl': '/mnt/h/jurcicek/vystadial-git/alex/resources/lm/caminfo/julius_arpa_rev_bigram',
                                      '-silhead': '<s>',
                                      '-siltail': '</s>',
                                      '-spmodel': 'sp',
                                      '-tmix': '4',
                                      '-v': '/mnt/h/jurcicek/vystadial-git/alex/resources/lm/caminfo/julius_dict'},
                           'jconffile': 'julius.jconf',
                           'killall': False,
                           'logfile': 'julius.log',
                           'msg_timeout': 0.3,
                           'pidfile': 'julius.pid',
                           'reuse_server': False,
                           'serverport': 10500,
                           'start_max_wait_time': 15,
                           'start_wait_time': 0.5,
                           'timeout': 2.0},
               'Kaldi': { 'LM_scale': -6666.66,
                          'hypothesis_type': 'nblist',
                          'lat_depth': 666666,
                          'model': 'TODO_path_to_model'},
               'debug': True,
               'type': 'Google'},
      'AlexOnTheBus': { 'max_turns': 120},
      'Analytics': Analytics(account_id='UA-41905278-1', domain_name='cuni.cz'),
      'Audio': { 'sample_rate': 16000, 'samples_per_frame': 256},
      'AudioIO': { 'debug': True, 'output_dir': './aio_call_log', 'play_buffer_size': 1024},
      'DM': { 'PUfalRuleDM': { 'code_submit_url': None,
                               'db_cfg': '/mnt/h/jurcicek/vystadial-git/alex/resources/../applications/CamInfoRest/cued_data/CIRdbase_V7_noloc.txt',
                               'ontology': '/mnt/h/jurcicek/vystadial-git/alex/resources/../applications/CamInfoRest/ontology.cfg',
                               'provide_code': False},
              'UfalRuleDM': { 'code_submit_url': None,
                              'db_cfg': '/mnt/h/jurcicek/vystadial-git/alex/resources/../applications/CamInfoRest/cued_data/CIRdbase_V7_noloc.txt',
                              'ontology': '/mnt/h/jurcicek/vystadial-git/alex/resources/../applications/CamInfoRest/ontology.cfg',
                              'provide_code': False},
              'basic': { 'debug': True, 'silence_timeout': 10.0},
              'debug': True,
              'dialogue_policy': { 'type': <class 'alex.applications.AlexOnTheBus.aotb_hdc_policy.AOTBHDCPolicy'>},
              'dialogue_state': { 'type': <class 'alex.components.dm.dddstate.DeterministicDiscriminativeDialogueState'>},
              'input_timeout': 3.0,
              'ontology': '/mnt/h/jurcicek/vystadial-git/alex/applications/AlexOnTheBus/data/ontology.py',
              'type': 'basic'},
      'General': { 'debug': False, 'include': ['/mnt/h/jurcicek/vystadial-git/alex/resources/private/default.cfg']},
      'Hub': { 'history_file': 'hub_history_hub.txt', 'history_length': 1000, 'main_loop_sleep_time': 0.002},
      'Logging': { 'excepthook': ExceptionHook(
            ExceptionHook
              Hook Type: log
              Hook Logger: SystemLogger(output_dir=./call_logs, stdout_log_level='DEBUG', stdout=True, file_log_level='DEBUG')),
                   'session_logger': SessionLogger(),
                   'system_logger': SystemLogger(output_dir=/net/projects/vystadial/data/call-logs/2013-05-30-alex-aotb-prototype/new, stdout_log_level='DEBUG', stdout=True, file_log_level='DEBUG'),
                   'system_name': u'Alex On The Bus - Live',
                   'version': u'1.0'},
      'NLG': { 'Template': { 'model': '/mnt/h/jurcicek/vystadial-git/alex/applications/AlexOnTheBus/nlg_templates.cfg'},
               'debug': True,
               'type': 'Template'},
      'SHub': { 'history_file': 'hub_history_shub.txt', 'history_length': 1000},
      'SLU': { 'cl-tracing': { 'cldb_fname': '/mnt/h/jurcicek/vystadial-git/alex/applications/CamInfoRest/data/database.py',
                               'do_preprocessing': True,
                               'features_type': ('ngram', 'ab_ngram'),
                               'testing': { 'max_examples': None,
                                            'min_perc': 80,
                                            'model_fname': '/mnt/h/jurcicek/vystadial-git/alex/applications/CamInfoRest/models/130516_minf60-minfc35-mind60.slu_model.gz',
                                            'renormalise': True,
                                            'threshold': None,
                                            'vanilla': True},
                               'training': { 'abstractions': ('abstract',), 'models_dir': 'models'}},
               'debug': True,
               'type': <class 'alex.applications.AlexOnTheBus.aotb_slu.AOTBSLU'>,
               <class 'alex.applications.AlexOnTheBus.aotb_slu.AOTBSLU'>: { 'cldb_fname': '/mnt/h/jurcicek/vystadial-git/alex/applications/AlexOnTheBus/data/database.py',
                                                                            'preprocessing_cls': <class 'alex.applications.AlexOnTheBus.aotb_preprocessing.AOTBSLUPreprocessing'>,
                                                                            'training': { 'models_dir': 'models'}}},
      'THub': { 'history_file': 'hub_history_thub.txt', 'history_length': 1000},
      'TTS': { 'Flite': { 'debug': False,
                          'preprocessing': '/mnt/h/jurcicek/vystadial-git/alex/resources/tts/prep_flite_en.cfg',
                          'voice': 'kal16'},
               'Google': { 'debug': False,
                           'language': 'en',
                           'preprocessing': '/mnt/h/jurcicek/vystadial-git/alex/resources/tts/prep_google_en.cfg'},
               'SpeechTech': { 'debug': True,
                               'login': 'filipjurcicek',
    # this line was removed since it included a password
                               'preprocessing': '/mnt/h/jurcicek/vystadial-git/alex/resources/tts/prep_speechtech_cs.cfg',
                               'voice': 'Iva210'},
               'VoiceRSS': { 'api_key': '3b6a9fca5d724b1c8ac34691586cdda1'},
               'VoiceRss': { 'language': 'en-gb',
                             'preprocessing': '/mnt/h/jurcicek/vystadial-git/alex/resources/tts/prep_voicerss_en.cfg'},
               'debug': True,
               'in_between_segments_silence': 0.1,
               'type': 'SpeechTech'},
      'VAD': { 'debug': False,
               'decision_frames_sil': 25,
               'decision_frames_speech': 10,
               'decision_non_speech_threshold': 0.2,
               'decision_speech_threshold': 0.7,
               'gmm': { 'ceplifter': 22,
                        'enormalise': True,
                        'filter_length': 5,
                        'frameshift': 160,
                        'framesize': 512,
                        'frontend': 'MFCC',
                        'hifreq': 3800,
                        'lofreq': 125,
                        'numceps': 12,
                        'numchans': 26,
                        'preemcoef': 0.97,
                        'sil_model': '/mnt/h/jurcicek/vystadial-git/alex/resources/vad/voip_en/vad_sil_sds_mfcc_m064_f100000.gmm',
                        'speech_model': '/mnt/h/jurcicek/vystadial-git/alex/resources/vad/voip_en/vad_speech_sds_mfcc_m064_f100000.gmm',
                        'useacc': True,
                        'usec0': False,
                        'usecmn': False,
                        'usedelta': True,
                        'usehamming': True,
                        'usepower': True,
                        'zmeansource': True},
               'power': { 'adaptation_frames': 30, 'threshold': 70, 'threshold_multiplier': 1.0},
               'speech_buffer_frames': 20,
               'type': 'gmm'},
      'VoipHub': { 'blacklist_for': 7200,
                   'call_db': u'/net/projects/vystadial/data/call-logs/2013-05-30-alex-aotb-prototype/new/call_db.pckl',
                   'hard_time_limit': 360,
                   'hard_turn_limit': 120,
                   'history_length': 1000,
                   'last_period_max_num_calls': 20,
                   'last_period_max_total_time': 1800,
                   'limit_reached_message': u'D\u011bkujeme za zavol\xe1n\xed, ale u\u017e jste volali hodn\u011b. Pros\xedm zavolejte pozd\u011bji. Na shledanou.',
                   'period': 172800,
                   'pid_file': u'/net/projects/vystadial/data/call-logs/2013-05-30-alex-aotb-prototype/new/vhub_live.pid',
                   'wait_time_before_calling_back': 10},
      'VoipIO': { 'allowed_hosts': '',
                  'allowed_phone_numbers': '(^[234567])',
                  'allowed_users': '(^[234567])',
                  'debug': True,
                  'domain': 'vystadial.ms.mff.cuni.cz',
                  'forbidden_hosts': '',
                  'forbidden_phone_number': '(^112$|^150$|^155$|^156$|^158$)',
                  'forbidden_users': '(^112$|^150$|^155$|^156$|^158$)',
    # this line was removed since it included a password
                  'pjsip_log_level': 3,
                  'reject_calls': False,
                  'user': '800899998'},
      'WebHub': { 'port': 8000},
      'corpustools': { 'get_jasr_confnets': { 'frame_size': 256, 'rt_ratio': 0.2}}}

2013-08-26-07-11-59.617903-CEST  VoipIO-1   : DEBUG      
    VoipIO::on_call_confirmed

2013-08-26-07-11-59.675294-CEST  MainProcess : INFO       
    #2      Time: 2013-08-26-07-11-59.563101-CEST From: VoipIO     To: HUB        Command: call_connecting(remote_uri="777320731") 

2013-08-26-07-11-59.683755-CEST  MainProcess : INFO       
    #3      Time: 2013-08-26-07-11-59.619306-CEST From: VoipIO     To: HUB        Command: call_confirmed(remote_uri="777320731") 

2013-08-26-07-11-59.727810-CEST  MainProcess : INFO       
    
    ========================================================================================================================
    Incoming call from :          777320731
    ------------------------------------------------------------------------------------------------------------------------
    Total calls:                  4
    Total time (min):             11.2
    Last period total calls:      0
    Last period total time (min): 0.0
    ------------------------------------------------------------------------------------------------------------------------
    CALL ACCEPTED
    ========================================================================================================================
    

2013-08-26-07-11-59.734202-CEST  DM-5       : DEBUG      
    #7      Time: 2013-08-26-07-11-59.724193-CEST From: HUB        To: DM         Command: new_dialogue() 

2013-08-26-07-11-59.760394-CEST  DM-5       : DEBUG      
    DM Output
    ------------------------------------------------------------
    hello()
    

2013-08-26-07-11-59.771993-CEST  MainProcess : INFO       
    #12     Time: 2013-08-26-07-11-59.767459-CEST From: DM         To: HUB        DA: hello() 

2013-08-26-07-11-59.780959-CEST  NLG-6      : DEBUG      
    #13     Time: 2013-08-26-07-11-59.774583-CEST From: HUB        To: NLG        DA: hello() 

2013-08-26-07-11-59.785570-CEST  NLG-6      : DEBUG      
    NLG Output
    ------------------------------------------------------------
    Dobrý den. Tato experimentální služba je poskytována laboratoří výzkumu hlasových dialogových systémů na Ústavu Formální a Aplikované Lingvistiky na Karlově Univerzitě. Hovor je nahráván. Více informací o této službě je na internetu. Jak Vám mohu pomoci. Můžete například říct chtěl bych jet ze zastávky Anděl na Zvonařku.
    

2013-08-26-07-11-59.805508-CEST  MainProcess : INFO       
    #14     Time: 2013-08-26-07-11-59.802099-CEST From: NLG        To: HUB        Command: nlg_text_generated() 

2013-08-26-07-11-59.814570-CEST  MainProcess : INFO       
    #17     Time: 2013-08-26-07-11-59.807252-CEST From: TTS        To: HUB        Command: tts_start(user_id="None",text="Dobrý den. Tato experimentální služba je poskytována laboratoří výzkumu hlasových dialogových systémů na Ústavu Formální a Aplikované Lingvistiky na Karlově Univerzitě. Hovor je nahráván. Více informací o této službě je na internetu. Jak Vám mohu pomoci. Můžete například říct chtěl bych jet ze zastávky Anděl na Zvonařku.") 

2013-08-26-07-11-59.889181-CEST  MainProcess : INFO       
    #21     Time: 2013-08-26-07-11-59.813314-CEST From: VoipIO     To: HUB        Command: play_utterance_start(user_id="None",fname="tts-2013-08-26-07-11-59.804672.wav") 

2013-08-26-07-12-00.303970-CEST  MainProcess : INFO       
    #1552   Time: 2013-08-26-07-12-00.291704-CEST From: TTS        To: HUB        Command: tts_end(user_id="None",text="Dobrý den. Tato experimentální služba je poskytována laboratoří výzkumu hlasových dialogových systémů na Ústavu Formální a Aplikované Lingvistiky na Karlově Univerzitě. Hovor je nahráván. Více informací o této službě je na internetu. Jak Vám mohu pomoci. Můžete například říct chtěl bych jet ze zastávky Anděl na Zvonařku.",fname="tts-2013-08-26-07-11-59.804672.wav",log="true") 

2013-08-26-07-12-23.763212-CEST  MainProcess : INFO       
    #2998   Time: 2013-08-26-07-12-23.425532-CEST From: VoipIO     To: HUB        Command: play_utterance_end(user_id="None",fname="tts-2013-08-26-07-11-59.804672.wav) 

2013-08-26-07-12-25.606281-CEST  MainProcess : INFO       
    #3136   Time: 2013-08-26-07-12-25.600869-CEST From: VAD        To: HUB        Command: speech_start(fname="vad-2013-08-26-07-12-25.568362.wav") 

2013-08-26-07-12-25.612514-CEST  ASR-3      : DEBUG      
    ASR: speech_start(fname="vad-2013-08-26-07-12-25.568362.wav")

2013-08-26-07-12-25.617725-CEST  MainProcess : INFO       
    #3138   Time: 2013-08-26-07-12-25.602774-CEST From: ASR        To: HUB        Command: asr_start(fname="vad-2013-08-26-07-12-25.568362.wav") 

2013-08-26-07-12-31.274742-CEST  MainProcess : INFO       
    #3494   Time: 2013-08-26-07-12-31.269836-CEST From: VAD        To: HUB        Command: speech_end(fname="vad-2013-08-26-07-12-25.568362.wav") 

2013-08-26-07-12-31.279198-CEST  ASR-3      : DEBUG      
    ASR: speech_end(fname="vad-2013-08-26-07-12-25.568362.wav")

2013-08-26-07-12-31.587110-CEST  MainProcess : INFO       
    #3516   Time: 2013-08-26-07-12-31.582264-CEST From: VAD        To: HUB        Command: speech_start(fname="vad-2013-08-26-07-12-31.562578.wav") 

2013-08-26-07-12-32.406929-CEST  ASR-3      : DEBUG      
    ASR Hypothesis
    ------------------------------------------------------------
    0.790 chtěl bych jet ze zastávky dejvická roztoky tyršovo náměstí
    0.042 chtěl bych jet ze zastávky dejvická na roztoky tyršovo náměstí
    0.037 chtěl bych jet zastávky dejvická roztoky tyršovo náměstí
    0.033 chtěl bych jet zastávky dejvická na roztoky tyršovo náměstí
    0.028 chtěl bych jed ze zastávky dejvická roztoky tyršovo náměstí
    0.023 chtěl bych jed ze zastávky dejvická na roztoky tyršovo náměstí
    0.019 chtěl bych přijet ze zastávky dejvická roztoky tyršovo náměstí
    0.014 chtěl bych přijet ze zastávky dejvická na roztoky tyršovo náměstí
    0.009 chtěl bych vidět ze zastávky dejvická roztoky tyršovo náměstí
    0.005 chtěl bych vidět ze zastávky dejvická na roztoky tyršovo náměstí
    0.000 __other__
    

2013-08-26-07-12-32.431526-CEST  MainProcess : INFO       
    #3569   Time: 2013-08-26-07-12-32.427841-CEST From: ASR        To: HUB        Command: asr_end(fname="vad-2013-08-26-07-12-25.568362.wav") 

2013-08-26-07-12-32.435784-CEST  ASR-3      : DEBUG      
    ASR: speech_start(fname="vad-2013-08-26-07-12-31.562578.wav")

2013-08-26-07-12-32.439958-CEST  MainProcess : INFO       
    #3571   Time: 2013-08-26-07-12-32.431313-CEST From: ASR        To: HUB        Command: asr_start(fname="vad-2013-08-26-07-12-31.562578.wav") 

2013-08-26-07-12-33.135550-CEST  ASR-3      : DEBUG      
    ASR: speech_end(fname="vad-2013-08-26-07-12-31.562578.wav")

2013-08-26-07-12-33.140125-CEST  MainProcess : INFO       
    #3617   Time: 2013-08-26-07-12-33.131075-CEST From: VAD        To: HUB        Command: speech_end(fname="vad-2013-08-26-07-12-31.562578.wav") 

2013-08-26-07-12-33.597032-CEST  ASR-3      : DEBUG      
    ASR Hypothesis
    ------------------------------------------------------------
    0.711 po 8 30
    0.048 8 30
    0.044 po osm třicet
    0.039 pop 8 30
    0.035 po 830
    0.031 to 8 30
    0.026 poo 8 30
    0.022 pool 8 30
    0.017 po 8 třicet
    0.013 po osm 30
    0.009 osm třicet
    0.004 to 830
    0.000 __other__
    

2013-08-26-07-12-33.619395-CEST  MainProcess : INFO       
    #3650   Time: 2013-08-26-07-12-33.614192-CEST From: ASR        To: HUB        Command: asr_end(fname="vad-2013-08-26-07-12-31.562578.wav") 

2013-08-26-07-12-33.641676-CEST  SLU-4      : DEBUG      
    SLU Hypothesis
    ------------------------------------------------------------
    0.963 inform(from_stop="Dejvická")
    0.037 inform(="Dejvická")
    

2013-08-26-07-12-33.666968-CEST  MainProcess : INFO       
    #3652   Time: 2013-08-26-07-12-33.661988-CEST From: SLU        To: HUB        Command: slu_parsed(fname="vad-2013-08-26-07-12-25.568362.wav") 

2013-08-26-07-12-33.671581-CEST  DM-5       : DEBUG      
    DDDState Dialogue Act in: inform(from_stop="Dejvická")

2013-08-26-07-12-33.675553-CEST  DM-5       : DEBUG      
    Context Resolution - Dialogue Act: inform(from_stop="Dejvická")

2013-08-26-07-12-33.679422-CEST  DM-5       : DEBUG      
    DDDState - Dialogue state content:
    
    ludait = none
    from_stop = Dejvická
    silence_time = 0.0
    
    
    
    

2013-08-26-07-12-33.684467-CEST  DM-5       : DEBUG      
    DDDState - Dialogue state update
    
    Requested slots:
    {}
    Confirmed slots:
    {}
    Non-informed slots:
    {u'silence_time': 0.0, u'from_stop': u'Dejvick\xe1'}

2013-08-26-07-12-33.727513-CEST  DM-5       : DEBUG      
    DM Output
    ------------------------------------------------------------
    iconfirm(from_stop="Dejvická")&request(to_stop)
    

2013-08-26-07-12-33.753418-CEST  MainProcess : INFO       
    #3662   Time: 2013-08-26-07-12-33.748575-CEST From: DM         To: HUB        DA: iconfirm(from_stop="Dejvická")&request(to_stop) 

2013-08-26-07-12-33.761362-CEST  NLG-6      : DEBUG      
    #3663   Time: 2013-08-26-07-12-33.756349-CEST From: HUB        To: NLG        DA: iconfirm(from_stop="Dejvická")&request(to_stop) 

2013-08-26-07-12-33.768241-CEST  NLG-6      : DEBUG      
    NLG Output
    ------------------------------------------------------------
    Dobře, ze zastávky Dejvická. Kam chcete jet?
    

2013-08-26-07-12-33.796248-CEST  MainProcess : INFO       
    #3664   Time: 2013-08-26-07-12-33.790413-CEST From: NLG        To: HUB        Command: nlg_text_generated() 

2013-08-26-07-12-33.800480-CEST  MainProcess : INFO       
    #3667   Time: 2013-08-26-07-12-33.792376-CEST From: TTS        To: HUB        Command: tts_start(user_id="None",text="Dobře, ze zastávky Dejvická. Kam chcete jet?") 

2013-08-26-07-12-33.826335-CEST  MainProcess : INFO       
    #3670   Time: 2013-08-26-07-12-33.795816-CEST From: VoipIO     To: HUB        Command: play_utterance_start(user_id="None",fname="tts-2013-08-26-07-12-33.792176.wav") 

2013-08-26-07-12-33.910791-CEST  MainProcess : INFO       
    #3935   Time: 2013-08-26-07-12-33.904464-CEST From: TTS        To: HUB        Command: tts_end(user_id="None",text="Dobře, ze zastávky Dejvická. Kam chcete jet?",fname="tts-2013-08-26-07-12-33.792176.wav",log="true") 

2013-08-26-07-12-34.396873-CEST  SLU-4      : DEBUG      
    SLU Hypothesis
    ------------------------------------------------------------
    0.991 other()
    0.009 inform(time="8:30")
    

2013-08-26-07-12-34.410893-CEST  DM-5       : DEBUG      
    DDDState Dialogue Act in: other()

2013-08-26-07-12-34.414795-CEST  MainProcess : INFO       
    #3968   Time: 2013-08-26-07-12-34.407013-CEST From: SLU        To: HUB        Command: slu_parsed(fname="vad-2013-08-26-07-12-31.562578.wav") 

2013-08-26-07-12-34.418246-CEST  DM-5       : DEBUG      
    Context Resolution - Dialogue Act: other()

2013-08-26-07-12-34.421878-CEST  DM-5       : DEBUG      
    DDDState - Dialogue state content:
    
    ludait = other
    alternative = none
    from_stop = Dejvická
    silence_time = 0.0
    to_centre = none
    to_stop = none
    
    rh_from_stop = system-informed
    
    ch_from_stop = system-informed
    
    sh_from_stop = system-informed
    

2013-08-26-07-12-34.425376-CEST  DM-5       : DEBUG      
    DDDState - Dialogue state update
    
    Requested slots:
    {}
    Confirmed slots:
    {}
    Non-informed slots:
    {u'silence_time': 0.0}

2013-08-26-07-12-34.447014-CEST  DM-5       : DEBUG      
    DM Output
    ------------------------------------------------------------
    notunderstood()&help(inform="to_stop")
    

2013-08-26-07-12-34.460625-CEST  MainProcess : INFO       
    #3974   Time: 2013-08-26-07-12-34.457430-CEST From: DM         To: HUB        DA: notunderstood()&help(inform="to_stop") 

2013-08-26-07-12-34.480327-CEST  NLG-6      : DEBUG      
    #3975   Time: 2013-08-26-07-12-34.475120-CEST From: HUB        To: NLG        Command: flush() 

2013-08-26-07-12-34.486395-CEST  MainProcess : INFO       
    #3976   Time: 2013-08-26-07-12-34.481440-CEST From: NLG        To: HUB        Command: flushed() 

2013-08-26-07-12-34.491193-CEST  TTS-7      : DEBUG      
    #3977   Time: 2013-08-26-07-12-34.487490-CEST From: HUB        To: TTS        Command: flush() 

2013-08-26-07-12-34.496501-CEST  MainProcess : INFO       
    #3978   Time: 2013-08-26-07-12-34.492253-CEST From: TTS        To: HUB        Command: flushed() 

2013-08-26-07-12-34.502350-CEST  VoipIO-1   : DEBUG      
    #3981   Time: 2013-08-26-07-12-34.497414-CEST From: HUB        To: VIO        Command: flush_out() 

2013-08-26-07-12-34.506187-CEST  MainProcess : INFO       
    #3982   Time: 2013-08-26-07-12-34.503603-CEST From: VoipIO     To: HUB        Command: flushed_out() 

2013-08-26-07-12-34.510895-CEST  NLG-6      : DEBUG      
    #3985   Time: 2013-08-26-07-12-34.507283-CEST From: HUB        To: NLG        DA: notunderstood()&help(inform="to_stop") 

2013-08-26-07-12-34.514272-CEST  NLG-6      : DEBUG      
    NLG Output
    ------------------------------------------------------------
    Promiňte, nerozuměla jsem. Můžete například říct na Žižkov.
    

2013-08-26-07-12-34.528353-CEST  MainProcess : INFO       
    #3986   Time: 2013-08-26-07-12-34.524798-CEST From: NLG        To: HUB        Command: nlg_text_generated() 

2013-08-26-07-12-34.531424-CEST  MainProcess : INFO       
    #3988   Time: 2013-08-26-07-12-34.525636-CEST From: TTS        To: HUB        Command: tts_start(user_id="None",text="Promiňte, nerozuměla jsem. Můžete například říct na Žižkov.") 

2013-08-26-07-12-34.544855-CEST  MainProcess : INFO       
    #3990   Time: 2013-08-26-07-12-34.527495-CEST From: VoipIO     To: HUB        Command: play_utterance_start(user_id="None",fname="tts-2013-08-26-07-12-34.525577.wav") 

2013-08-26-07-12-34.621167-CEST  MainProcess : INFO       
    #4314   Time: 2013-08-26-07-12-34.616517-CEST From: TTS        To: HUB        Command: tts_end(user_id="None",text="Promiňte, nerozuměla jsem. Můžete například říct na Žižkov.",fname="tts-2013-08-26-07-12-34.525577.wav",log="true") 

2013-08-26-07-12-39.569898-CEST  MainProcess : INFO       
    #4575   Time: 2013-08-26-07-12-38.745263-CEST From: VoipIO     To: HUB        Command: play_utterance_end(user_id="None",fname="tts-2013-08-26-07-12-34.525577.wav) 

2013-08-26-07-12-42.576524-CEST  DM-5       : DEBUG      
    #4816   Time: 2013-08-26-07-12-42.572053-CEST From: HUB        To: DM         Command: timeout(silence_time="3.001") 

2013-08-26-07-12-42.581697-CEST  DM-5       : DEBUG      
    DDDState Dialogue Act in: silence(time="3.001")

2013-08-26-07-12-42.586599-CEST  DM-5       : DEBUG      
    Context Resolution - Dialogue Act: silence(time="3.001")

2013-08-26-07-12-42.591342-CEST  DM-5       : DEBUG      
    DDDState - Dialogue state content:
    
    ludait = silence
    alternative = none
    from_stop = Dejvická
    route_alternative = none
    silence_time = 3.001
    to_centre = none
    to_stop = none
    
    rh_from_stop = system-informed
    
    ch_from_stop = system-informed
    
    sh_from_stop = system-informed
    

2013-08-26-07-12-42.595833-CEST  DM-5       : DEBUG      
    DDDState - Dialogue state update
    
    Requested slots:
    {}
    Confirmed slots:
    {}
    Non-informed slots:
    {u'silence_time': 3.001}

2013-08-26-07-12-42.600016-CEST  DM-5       : DEBUG      
    DM Output
    ------------------------------------------------------------
    silence()
    

2013-08-26-07-12-42.655119-CEST  MainProcess : INFO       
    #4821   Time: 2013-08-26-07-12-42.650897-CEST From: DM         To: HUB        DA: silence() 

2013-08-26-07-12-42.753342-CEST  MainProcess : INFO       
    #4827   Time: 2013-08-26-07-12-42.749020-CEST From: VAD        To: HUB        Command: speech_start(fname="vad-2013-08-26-07-12-42.712628.wav") 

2013-08-26-07-12-42.758244-CEST  ASR-3      : DEBUG      
    ASR: speech_start(fname="vad-2013-08-26-07-12-42.712628.wav")

2013-08-26-07-12-42.763382-CEST  MainProcess : INFO       
    #4828   Time: 2013-08-26-07-12-42.750635-CEST From: ASR        To: HUB        Command: asr_start(fname="vad-2013-08-26-07-12-42.712628.wav") 

2013-08-26-07-12-43.382371-CEST  MainProcess : INFO       
    #4870   Time: 2013-08-26-07-12-43.378574-CEST From: VAD        To: HUB        Command: speech_end(fname="vad-2013-08-26-07-12-42.712628.wav") 

2013-08-26-07-12-43.386741-CEST  ASR-3      : DEBUG      
    ASR: speech_end(fname="vad-2013-08-26-07-12-42.712628.wav")

2013-08-26-07-12-43.771566-CEST  ASR-3      : DEBUG      
    ASR Hypothesis
    ------------------------------------------------------------
    0.933 na
    0.067 na to
    0.000 __other__
    

2013-08-26-07-12-43.803685-CEST  MainProcess : INFO       
    #4899   Time: 2013-08-26-07-12-43.799450-CEST From: ASR        To: HUB        Command: asr_end(fname="vad-2013-08-26-07-12-42.712628.wav") 

2013-08-26-07-12-43.954661-CEST  SLU-4      : DEBUG      
    SLU Hypothesis
    ------------------------------------------------------------
    1.000 other()
    

2013-08-26-07-12-43.981014-CEST  DM-5       : DEBUG      
    DDDState Dialogue Act in: other()

2013-08-26-07-12-43.985187-CEST  MainProcess : INFO       
    #4913   Time: 2013-08-26-07-12-43.976485-CEST From: SLU        To: HUB        Command: slu_parsed(fname="vad-2013-08-26-07-12-42.712628.wav") 

2013-08-26-07-12-43.989202-CEST  DM-5       : DEBUG      
    Context Resolution - Dialogue Act: other()

2013-08-26-07-12-43.993480-CEST  DM-5       : DEBUG      
    DDDState - Dialogue state content:
    
    ludait = other
    alternative = none
    from_stop = Dejvická
    route_alternative = none
    silence_time = 0.0
    to_centre = none
    to_stop = none
    
    rh_from_stop = system-informed
    
    ch_from_stop = system-informed
    
    sh_from_stop = system-informed
    

2013-08-26-07-12-43.997370-CEST  DM-5       : DEBUG      
    DDDState - Dialogue state update
    
    Requested slots:
    {}
    Confirmed slots:
    {}
    Non-informed slots:
    {u'silence_time': 0.0}

2013-08-26-07-12-44.042707-CEST  DM-5       : DEBUG      
    DM Output
    ------------------------------------------------------------
    notunderstood()&help(inform="to_stop")
    

2013-08-26-07-12-44.070243-CEST  MainProcess : INFO       
    #4919   Time: 2013-08-26-07-12-44.064909-CEST From: DM         To: HUB        DA: notunderstood()&help(inform="to_stop") 

2013-08-26-07-12-44.077127-CEST  NLG-6      : DEBUG      
    #4920   Time: 2013-08-26-07-12-44.072208-CEST From: HUB        To: NLG        DA: notunderstood()&help(inform="to_stop") 

2013-08-26-07-12-44.081697-CEST  NLG-6      : DEBUG      
    NLG Output
    ------------------------------------------------------------
    Nerozuměla jsem. Můžete například říct na Žižkov.
    

2013-08-26-07-12-44.109562-CEST  MainProcess : INFO       
    #4925   Time: 2013-08-26-07-12-44.104847-CEST From: NLG        To: HUB        Command: nlg_text_generated() 

2013-08-26-07-12-44.116198-CEST  MainProcess : INFO       
    #4927   Time: 2013-08-26-07-12-44.110846-CEST From: TTS        To: HUB        Command: tts_start(user_id="None",text="Nerozuměla jsem. Můžete například říct na Žižkov.") 

2013-08-26-07-12-44.146625-CEST  MainProcess : INFO       
    #4929   Time: 2013-08-26-07-12-44.113197-CEST From: VoipIO     To: HUB        Command: play_utterance_start(user_id="None",fname="tts-2013-08-26-07-12-44.107291.wav") 

2013-08-26-07-12-44.202620-CEST  MainProcess : INFO       
    #5202   Time: 2013-08-26-07-12-44.197343-CEST From: TTS        To: HUB        Command: tts_end(user_id="None",text="Nerozuměla jsem. Můžete například říct na Žižkov.",fname="tts-2013-08-26-07-12-44.107291.wav",log="true") 

2013-08-26-07-12-44.304361-CEST  ASR-3      : DEBUG      
    ASR: speech_start(fname="vad-2013-08-26-07-12-44.252014.wav")

2013-08-26-07-12-44.309047-CEST  MainProcess : INFO       
    #5212   Time: 2013-08-26-07-12-44.300537-CEST From: VAD        To: HUB        Command: speech_start(fname="vad-2013-08-26-07-12-44.252014.wav") 

2013-08-26-07-12-44.316674-CEST  MainProcess : INFO       
    #5213   Time: 2013-08-26-07-12-44.300690-CEST From: ASR        To: HUB        Command: asr_start(fname="vad-2013-08-26-07-12-44.252014.wav") 

2013-08-26-07-12-45.297099-CEST  MainProcess : INFO       
    #5275   Time: 2013-08-26-07-12-45.293074-CEST From: VAD        To: HUB        Command: speech_end(fname="vad-2013-08-26-07-12-44.252014.wav") 

2013-08-26-07-12-45.301892-CEST  ASR-3      : DEBUG      
    ASR: speech_end(fname="vad-2013-08-26-07-12-44.252014.wav")

2013-08-26-07-12-45.556845-CEST  ASR-3      : DEBUG      
    ASR Hypothesis
    ------------------------------------------------------------
    0.933 roztoky
    0.033 roztoky u
    0.022 roztoky i
    0.011 roztoky a
    0.000 __other__
    

2013-08-26-07-12-45.587772-CEST  MainProcess : INFO       
    #5296   Time: 2013-08-26-07-12-45.583646-CEST From: ASR        To: HUB        Command: asr_end(fname="vad-2013-08-26-07-12-44.252014.wav") 

2013-08-26-07-12-45.891987-CEST  SLU-4      : DEBUG      
    SLU Hypothesis
    ------------------------------------------------------------
    1.000 other()
    

2013-08-26-07-12-45.922256-CEST  MainProcess : INFO       
    #5318   Time: 2013-08-26-07-12-45.918665-CEST From: SLU        To: HUB        Command: slu_parsed(fname="vad-2013-08-26-07-12-44.252014.wav") 

2013-08-26-07-12-45.926219-CEST  DM-5       : DEBUG      
    DDDState Dialogue Act in: other()

2013-08-26-07-12-45.930183-CEST  DM-5       : DEBUG      
    Context Resolution - Dialogue Act: other()

2013-08-26-07-12-45.934386-CEST  DM-5       : DEBUG      
    DDDState - Dialogue state content:
    
    ludait = other
    alternative = none
    from_stop = Dejvická
    route_alternative = none
    silence_time = 0.0
    to_centre = none
    to_stop = none
    
    rh_from_stop = system-informed
    
    ch_from_stop = system-informed
    
    sh_from_stop = system-informed
    

2013-08-26-07-12-45.938334-CEST  DM-5       : DEBUG      
    DDDState - Dialogue state update
    
    Requested slots:
    {}
    Confirmed slots:
    {}
    Non-informed slots:
    {u'silence_time': 0.0}

2013-08-26-07-12-46.047729-CEST  DM-5       : DEBUG      
    DM Output
    ------------------------------------------------------------
    notunderstood()&help(inform="to_stop")
    

2013-08-26-07-12-46.076698-CEST  MainProcess : INFO       
    #5328   Time: 2013-08-26-07-12-46.072758-CEST From: DM         To: HUB        DA: notunderstood()&help(inform="to_stop") 

2013-08-26-07-12-46.112427-CEST  NLG-6      : DEBUG      
    #5333   Time: 2013-08-26-07-12-46.108508-CEST From: HUB        To: NLG        Command: flush() 

2013-08-26-07-12-46.118124-CEST  MainProcess : INFO       
    #5334   Time: 2013-08-26-07-12-46.113640-CEST From: NLG        To: HUB        Command: flushed() 

2013-08-26-07-12-46.122808-CEST  TTS-7      : DEBUG      
    #5335   Time: 2013-08-26-07-12-46.119266-CEST From: HUB        To: TTS        Command: flush() 

2013-08-26-07-12-46.128770-CEST  MainProcess : INFO       
    #5336   Time: 2013-08-26-07-12-46.124011-CEST From: TTS        To: HUB        Command: flushed() 

2013-08-26-07-12-46.134466-CEST  VoipIO-1   : DEBUG      
    #5337   Time: 2013-08-26-07-12-46.130028-CEST From: HUB        To: VIO        Command: flush_out() 

2013-08-26-07-12-46.139631-CEST  MainProcess : INFO       
    #5338   Time: 2013-08-26-07-12-46.135806-CEST From: VoipIO     To: HUB        Command: flushed_out() 

2013-08-26-07-12-46.146209-CEST  NLG-6      : DEBUG      
    #5339   Time: 2013-08-26-07-12-46.140704-CEST From: HUB        To: NLG        DA: notunderstood()&help(inform="to_stop") 

2013-08-26-07-12-46.151258-CEST  NLG-6      : DEBUG      
    NLG Output
    ------------------------------------------------------------
    Nerozuměla jsem. Můžete například říct na Zvonařku.
    

2013-08-26-07-12-46.185499-CEST  MainProcess : INFO       
    #5344   Time: 2013-08-26-07-12-46.179239-CEST From: NLG        To: HUB        Command: nlg_text_generated() 

2013-08-26-07-12-46.190565-CEST  MainProcess : INFO       
    #5346   Time: 2013-08-26-07-12-46.181075-CEST From: TTS        To: HUB        Command: tts_start(user_id="None",text="Nerozuměla jsem. Můžete například říct na Zvonařku.") 

2013-08-26-07-12-46.220187-CEST  MainProcess : INFO       
    #5348   Time: 2013-08-26-07-12-46.183300-CEST From: VoipIO     To: HUB        Command: play_utterance_start(user_id="None",fname="tts-2013-08-26-07-12-46.180947.wav") 

2013-08-26-07-12-46.281521-CEST  MainProcess : INFO       
    #5629   Time: 2013-08-26-07-12-46.275370-CEST From: TTS        To: HUB        Command: tts_end(user_id="None",text="Nerozuměla jsem. Můžete například říct na Zvonařku.",fname="tts-2013-08-26-07-12-46.180947.wav",log="true") 

2013-08-26-07-12-50.577668-CEST  MainProcess : INFO       
    #5884   Time: 2013-08-26-07-12-50.352971-CEST From: VoipIO     To: HUB        Command: play_utterance_end(user_id="None",fname="tts-2013-08-26-07-12-46.180947.wav) 

2013-08-26-07-12-52.175681-CEST  MainProcess : INFO       
    #6002   Time: 2013-08-26-07-12-52.171906-CEST From: VAD        To: HUB        Command: speech_start(fname="vad-2013-08-26-07-12-52.120315.wav") 

2013-08-26-07-12-52.179897-CEST  ASR-3      : DEBUG      
    ASR: speech_start(fname="vad-2013-08-26-07-12-52.120315.wav")

2013-08-26-07-12-52.184810-CEST  MainProcess : INFO       
    #6003   Time: 2013-08-26-07-12-52.173896-CEST From: ASR        To: HUB        Command: asr_start(fname="vad-2013-08-26-07-12-52.120315.wav") 

2013-08-26-07-12-55.075430-CEST  ASR-3      : DEBUG      
    ASR: speech_end(fname="vad-2013-08-26-07-12-52.120315.wav")

2013-08-26-07-12-55.080080-CEST  MainProcess : INFO       
    #6185   Time: 2013-08-26-07-12-55.071584-CEST From: VAD        To: HUB        Command: speech_end(fname="vad-2013-08-26-07-12-52.120315.wav") 

2013-08-26-07-12-55.531689-CEST  ASR-3      : DEBUG      
    ASR Hypothesis
    ------------------------------------------------------------
    0.842 do roztoky tyršovo náměstí
    0.063 kdo roztoky tyršovo náměstí
    0.047 co roztoky tyršovo náměstí
    0.032 do roztoky tyršovo náměstí i
    0.016 kdo roztoky tyršovo náměstí i
    0.000 __other__
    

2013-08-26-07-12-55.572374-CEST  MainProcess : INFO       
    #6218   Time: 2013-08-26-07-12-55.566836-CEST From: ASR        To: HUB        Command: asr_end(fname="vad-2013-08-26-07-12-52.120315.wav") 

2013-08-26-07-12-55.932214-CEST  SLU-4      : DEBUG      
    SLU Hypothesis
    ------------------------------------------------------------
    1.000 other()
    

2013-08-26-07-12-55.965043-CEST  MainProcess : INFO       
    #6244   Time: 2013-08-26-07-12-55.961426-CEST From: SLU        To: HUB        Command: slu_parsed(fname="vad-2013-08-26-07-12-52.120315.wav") 

2013-08-26-07-12-55.969188-CEST  DM-5       : DEBUG      
    DDDState Dialogue Act in: other()

2013-08-26-07-12-55.973372-CEST  DM-5       : DEBUG      
    Context Resolution - Dialogue Act: other()

2013-08-26-07-12-55.977512-CEST  DM-5       : DEBUG      
    DDDState - Dialogue state content:
    
    ludait = other
    alternative = none
    from_stop = Dejvická
    route_alternative = none
    silence_time = 0.0
    to_centre = none
    to_stop = none
    
    rh_from_stop = system-informed
    
    ch_from_stop = system-informed
    
    sh_from_stop = system-informed
    

2013-08-26-07-12-55.981227-CEST  DM-5       : DEBUG      
    DDDState - Dialogue state update
    
    Requested slots:
    {}
    Confirmed slots:
    {}
    Non-informed slots:
    {u'silence_time': 0.0}

2013-08-26-07-12-56.045159-CEST  DM-5       : DEBUG      
    DM Output
    ------------------------------------------------------------
    notunderstood()&help(inform="hangup")
    

2013-08-26-07-12-56.079602-CEST  MainProcess : INFO       
    #6254   Time: 2013-08-26-07-12-56.074694-CEST From: DM         To: HUB        DA: notunderstood()&help(inform="hangup") 

2013-08-26-07-12-56.088104-CEST  NLG-6      : DEBUG      
    #6255   Time: 2013-08-26-07-12-56.082177-CEST From: HUB        To: NLG        DA: notunderstood()&help(inform="hangup") 

2013-08-26-07-12-56.092993-CEST  NLG-6      : DEBUG      
    NLG Output
    ------------------------------------------------------------
    Promiňte, nerozuměla jsem. Hovor můžete kdykoli ukončit tím, že se rozloučíte.
    

2013-08-26-07-12-56.132439-CEST  MainProcess : INFO       
    #6258   Time: 2013-08-26-07-12-56.128902-CEST From: NLG        To: HUB        Command: nlg_text_generated() 

2013-08-26-07-12-56.140739-CEST  MainProcess : INFO       
    #6262   Time: 2013-08-26-07-12-56.133632-CEST From: TTS        To: HUB        Command: tts_start(user_id="None",text="Promiňte, nerozuměla jsem. Hovor můžete kdykoli ukončit tím, že se rozloučíte.") 

2013-08-26-07-12-56.192100-CEST  MainProcess : INFO       
    #6264   Time: 2013-08-26-07-12-56.135995-CEST From: VoipIO     To: HUB        Command: play_utterance_start(user_id="None",fname="tts-2013-08-26-07-12-56.130178.wav") 

2013-08-26-07-12-56.285208-CEST  MainProcess : INFO       
    #6677   Time: 2013-08-26-07-12-56.279158-CEST From: TTS        To: HUB        Command: tts_end(user_id="None",text="Promiňte, nerozuměla jsem. Hovor můžete kdykoli ukončit tím, že se rozloučíte.",fname="tts-2013-08-26-07-12-56.130178.wav",log="true") 

2013-08-26-07-13-02.676616-CEST  MainProcess : INFO       
    #7046   Time: 2013-08-26-07-13-02.168714-CEST From: VoipIO     To: HUB        Command: play_utterance_end(user_id="None",fname="tts-2013-08-26-07-12-56.130178.wav) 

2013-08-26-07-13-05.685145-CEST  DM-5       : DEBUG      
    #7267   Time: 2013-08-26-07-13-05.679643-CEST From: HUB        To: DM         Command: timeout(silence_time="3.002") 

2013-08-26-07-13-05.689388-CEST  DM-5       : DEBUG      
    DDDState Dialogue Act in: silence(time="3.002")

2013-08-26-07-13-05.693379-CEST  DM-5       : DEBUG      
    Context Resolution - Dialogue Act: silence(time="3.002")

2013-08-26-07-13-05.697420-CEST  DM-5       : DEBUG      
    DDDState - Dialogue state content:
    
    ludait = silence
    alternative = none
    from_stop = Dejvická
    route_alternative = none
    silence_time = 3.002
    to_centre = none
    to_stop = none
    
    rh_from_stop = system-informed
    
    ch_from_stop = system-informed
    
    sh_from_stop = system-informed
    

2013-08-26-07-13-05.701486-CEST  DM-5       : DEBUG      
    DDDState - Dialogue state update
    
    Requested slots:
    {}
    Confirmed slots:
    {}
    Non-informed slots:
    {u'silence_time': 3.002}

2013-08-26-07-13-05.705326-CEST  DM-5       : DEBUG      
    DM Output
    ------------------------------------------------------------
    silence()
    

2013-08-26-07-13-05.774201-CEST  MainProcess : INFO       
    #7272   Time: 2013-08-26-07-13-05.769297-CEST From: DM         To: HUB        DA: silence() 

2013-08-26-07-13-07.983680-CEST  ASR-3      : DEBUG      
    ASR: speech_start(fname="vad-2013-08-26-07-13-07.917783.wav")

2013-08-26-07-13-07.987989-CEST  MainProcess : INFO       
    #7414   Time: 2013-08-26-07-13-07.978913-CEST From: VAD        To: HUB        Command: speech_start(fname="vad-2013-08-26-07-13-07.917783.wav") 

2013-08-26-07-13-07.994734-CEST  MainProcess : INFO       
    #7415   Time: 2013-08-26-07-13-07.979974-CEST From: ASR        To: HUB        Command: asr_start(fname="vad-2013-08-26-07-13-07.917783.wav") 

2013-08-26-07-13-11.285983-CEST  MainProcess : INFO       
    #7621   Time: 2013-08-26-07-13-11.281546-CEST From: VAD        To: HUB        Command: speech_end(fname="vad-2013-08-26-07-13-07.917783.wav") 

2013-08-26-07-13-11.290617-CEST  ASR-3      : DEBUG      
    ASR: speech_end(fname="vad-2013-08-26-07-13-07.917783.wav")

2013-08-26-07-13-11.977177-CEST  ASR-3      : DEBUG      
    ASR Hypothesis
    ------------------------------------------------------------
    0.887 stanice dejvická do stanice roztoky
    0.045 stanice dejvická do stanice roztoky u
    0.034 stanice dejvická do stanice roztoky i
    0.023 stanice dejvická do stanice roztoky a
    0.011 stanice dejvická do stanice a roztoky
    0.000 __other__
    

2013-08-26-07-13-12.031204-CEST  MainProcess : INFO       
    #7670   Time: 2013-08-26-07-13-12.025715-CEST From: ASR        To: HUB        Command: asr_end(fname="vad-2013-08-26-07-13-07.917783.wav") 

2013-08-26-07-13-12.389417-CEST  SLU-4      : DEBUG      
    SLU Hypothesis
    ------------------------------------------------------------
    1.000 inform(from_stop="Dejvická")
    

2013-08-26-07-13-12.447657-CEST  DM-5       : DEBUG      
    DDDState Dialogue Act in: inform(from_stop="Dejvická")

2013-08-26-07-13-12.452183-CEST  MainProcess : INFO       
    #7696   Time: 2013-08-26-07-13-12.442709-CEST From: SLU        To: HUB        Command: slu_parsed(fname="vad-2013-08-26-07-13-07.917783.wav") 

2013-08-26-07-13-12.456605-CEST  DM-5       : DEBUG      
    Context Resolution - Dialogue Act: inform(from_stop="Dejvická")

2013-08-26-07-13-12.461519-CEST  DM-5       : DEBUG      
    DDDState - Dialogue state content:
    
    ludait = none
    alternative = none
    from_stop = Dejvická
    route_alternative = none
    silence_time = 0.0
    to_centre = none
    to_stop = none
    
    rh_from_stop = system-informed
    
    ch_from_stop = system-informed
    
    sh_from_stop = system-informed
    

2013-08-26-07-13-12.466101-CEST  DM-5       : DEBUG      
    DDDState - Dialogue state update
    
    Requested slots:
    {}
    Confirmed slots:
    {}
    Non-informed slots:
    {u'silence_time': 0.0}

2013-08-26-07-13-12.561841-CEST  DM-5       : DEBUG      
    DM Output
    ------------------------------------------------------------
    request(to_stop)
    

2013-08-26-07-13-12.609480-CEST  MainProcess : INFO       
    #7710   Time: 2013-08-26-07-13-12.604534-CEST From: DM         To: HUB        DA: request(to_stop) 

2013-08-26-07-13-12.616400-CEST  NLG-6      : DEBUG      
    #7711   Time: 2013-08-26-07-13-12.612201-CEST From: HUB        To: NLG        DA: request(to_stop) 

2013-08-26-07-13-12.620513-CEST  NLG-6      : DEBUG      
    NLG Output
    ------------------------------------------------------------
    Jaká je Vaše cílová stanice?
    

2013-08-26-07-13-12.660141-CEST  MainProcess : INFO       
    #7716   Time: 2013-08-26-07-13-12.655128-CEST From: NLG        To: HUB        Command: nlg_text_generated() 

2013-08-26-07-13-12.666798-CEST  MainProcess : INFO       
    #7718   Time: 2013-08-26-07-13-12.661424-CEST From: TTS        To: HUB        Command: tts_start(user_id="None",text="Jaká je Vaše cílová stanice?") 

2013-08-26-07-13-12.710243-CEST  MainProcess : INFO       
    #7720   Time: 2013-08-26-07-13-12.663791-CEST From: VoipIO     To: HUB        Command: play_utterance_start(user_id="None",fname="tts-2013-08-26-07-13-12.657146.wav") 

2013-08-26-07-13-12.744619-CEST  MainProcess : INFO       
    #7883   Time: 2013-08-26-07-13-12.739965-CEST From: TTS        To: HUB        Command: tts_end(user_id="None",text="Jaká je Vaše cílová stanice?",fname="tts-2013-08-26-07-13-12.657146.wav",log="true") 

2013-08-26-07-13-15.282926-CEST  MainProcess : INFO       
    #7988   Time: 2013-08-26-07-13-14.388779-CEST From: VoipIO     To: HUB        Command: play_utterance_end(user_id="None",fname="tts-2013-08-26-07-13-12.657146.wav) 

2013-08-26-07-13-16.513954-CEST  MainProcess : INFO       
    #8122   Time: 2013-08-26-07-13-16.509707-CEST From: VAD        To: HUB        Command: speech_start(fname="vad-2013-08-26-07-13-16.439159.wav") 

2013-08-26-07-13-16.518810-CEST  ASR-3      : DEBUG      
    ASR: speech_start(fname="vad-2013-08-26-07-13-16.439159.wav")

2013-08-26-07-13-16.523866-CEST  MainProcess : INFO       
    #8123   Time: 2013-08-26-07-13-16.510866-CEST From: ASR        To: HUB        Command: asr_start(fname="vad-2013-08-26-07-13-16.439159.wav") 

2013-08-26-07-13-17.430603-CEST  ASR-3      : DEBUG      
    ASR: speech_end(fname="vad-2013-08-26-07-13-16.439159.wav")

2013-08-26-07-13-17.435216-CEST  MainProcess : INFO       
    #8181   Time: 2013-08-26-07-13-17.426829-CEST From: VAD        To: HUB        Command: speech_end(fname="vad-2013-08-26-07-13-16.439159.wav") 

2013-08-26-07-13-17.701830-CEST  ASR-3      : DEBUG      
    ASR Hypothesis
    ------------------------------------------------------------
    0.933 roztoky
    0.033 roztoky u
    0.022 roztoky i
    0.011 roztoky a
    0.000 __other__
    

2013-08-26-07-13-17.752236-CEST  MainProcess : INFO       
    #8202   Time: 2013-08-26-07-13-17.747361-CEST From: ASR        To: HUB        Command: asr_end(fname="vad-2013-08-26-07-13-16.439159.wav") 

2013-08-26-07-13-18.032232-CEST  SLU-4      : DEBUG      
    SLU Hypothesis
    ------------------------------------------------------------
    1.000 other()
    

2013-08-26-07-13-18.077396-CEST  MainProcess : INFO       
    #8224   Time: 2013-08-26-07-13-18.071958-CEST From: SLU        To: HUB        Command: slu_parsed(fname="vad-2013-08-26-07-13-16.439159.wav") 

2013-08-26-07-13-18.081697-CEST  DM-5       : DEBUG      
    DDDState Dialogue Act in: other()

2013-08-26-07-13-18.086125-CEST  DM-5       : DEBUG      
    Context Resolution - Dialogue Act: other()

2013-08-26-07-13-18.091132-CEST  DM-5       : DEBUG      
    DDDState - Dialogue state content:
    
    ludait = other
    alternative = none
    from_stop = Dejvická
    route_alternative = none
    silence_time = 0.0
    to_centre = none
    to_stop = none
    
    rh_from_stop = system-informed
    
    ch_from_stop = system-informed
    
    sh_from_stop = system-informed
    

2013-08-26-07-13-18.096057-CEST  DM-5       : DEBUG      
    DDDState - Dialogue state update
    
    Requested slots:
    {}
    Confirmed slots:
    {}
    Non-informed slots:
    {u'silence_time': 0.0}

2013-08-26-07-13-18.196036-CEST  DM-5       : DEBUG      
    DM Output
    ------------------------------------------------------------
    notunderstood()&help(inform="to_stop")
    

2013-08-26-07-13-18.240933-CEST  MainProcess : INFO       
    #8238   Time: 2013-08-26-07-13-18.237281-CEST From: DM         To: HUB        DA: notunderstood()&help(inform="to_stop") 

2013-08-26-07-13-18.248718-CEST  NLG-6      : DEBUG      
    #8239   Time: 2013-08-26-07-13-18.243959-CEST From: HUB        To: NLG        DA: notunderstood()&help(inform="to_stop") 

2013-08-26-07-13-18.253924-CEST  NLG-6      : DEBUG      
    NLG Output
    ------------------------------------------------------------
    Nerozuměla jsem. Můžete například říct na Zvonařku.
    

2013-08-26-07-13-18.298505-CEST  MainProcess : INFO       
    #8244   Time: 2013-08-26-07-13-18.293601-CEST From: NLG        To: HUB        Command: nlg_text_generated() 

2013-08-26-07-13-18.303411-CEST  MainProcess : INFO       
    #8246   Time: 2013-08-26-07-13-18.295276-CEST From: TTS        To: HUB        Command: tts_start(user_id="None",text="Nerozuměla jsem. Můžete například říct na Zvonařku.") 

2013-08-26-07-13-18.405662-CEST  MainProcess : INFO       
    #8248   Time: 2013-08-26-07-13-18.298353-CEST From: VoipIO     To: HUB        Command: play_utterance_start(user_id="None",fname="tts-2013-08-26-07-13-18.295058.wav") 

2013-08-26-07-13-18.423453-CEST  MainProcess : INFO       
    #8528   Time: 2013-08-26-07-13-18.417310-CEST From: TTS        To: HUB        Command: tts_end(user_id="None",text="Nerozuměla jsem. Můžete například říct na Zvonařku.",fname="tts-2013-08-26-07-13-18.295058.wav",log="true") 

2013-08-26-07-13-20.860257-CEST  MainProcess : INFO       
    #8685   Time: 2013-08-26-07-13-20.856417-CEST From: VAD        To: HUB        Command: speech_start(fname="vad-2013-08-26-07-13-20.775020.wav") 

2013-08-26-07-13-20.865238-CEST  ASR-3      : DEBUG      
    ASR: speech_start(fname="vad-2013-08-26-07-13-20.775020.wav")

2013-08-26-07-13-20.870042-CEST  MainProcess : INFO       
    #8686   Time: 2013-08-26-07-13-20.857431-CEST From: ASR        To: HUB        Command: asr_start(fname="vad-2013-08-26-07-13-20.775020.wav") 

2013-08-26-07-13-21.284403-CEST  ASR-3      : DEBUG      
    ASR: speech_end(fname="vad-2013-08-26-07-13-20.775020.wav")

2013-08-26-07-13-21.289726-CEST  MainProcess : INFO       
    #8713   Time: 2013-08-26-07-13-21.280233-CEST From: VAD        To: HUB        Command: speech_end(fname="vad-2013-08-26-07-13-20.775020.wav") 

2013-08-26-07-13-21.719029-CEST  ASR-3      : DEBUG      
    ASR Hypothesis
    ------------------------------------------------------------
    1.000 __silence__
    0.000 __other__
    

2013-08-26-07-13-21.790656-CEST  MainProcess : INFO       
    #8745   Time: 2013-08-26-07-13-21.785541-CEST From: ASR        To: HUB        Command: asr_end(fname="vad-2013-08-26-07-13-20.775020.wav") 

2013-08-26-07-13-21.795644-CEST  SLU-4      : DEBUG      
    SLU Hypothesis
    ------------------------------------------------------------
    1.000 silence()
    

2013-08-26-07-13-21.850621-CEST  MainProcess : INFO       
    #8751   Time: 2013-08-26-07-13-21.846613-CEST From: SLU        To: HUB        Command: slu_parsed(fname="vad-2013-08-26-07-13-20.775020.wav") 

2013-08-26-07-13-21.855024-CEST  DM-5       : DEBUG      
    DDDState Dialogue Act in: silence()

2013-08-26-07-13-21.859079-CEST  DM-5       : DEBUG      
    Context Resolution - Dialogue Act: silence()

2013-08-26-07-13-21.863217-CEST  DM-5       : DEBUG      
    DDDState - Dialogue state content:
    
    ludait = silence
    alternative = none
    from_stop = Dejvická
    route_alternative = none
    silence_time = 0.0
    to_centre = none
    to_stop = none
    
    rh_from_stop = system-informed
    
    ch_from_stop = system-informed
    
    sh_from_stop = system-informed
    

2013-08-26-07-13-21.867628-CEST  DM-5       : DEBUG      
    DDDState - Dialogue state update
    
    Requested slots:
    {}
    Confirmed slots:
    {}
    Non-informed slots:
    {u'silence_time': 0.0}

2013-08-26-07-13-21.958618-CEST  DM-5       : DEBUG      
    DM Output
    ------------------------------------------------------------
    silence()
    

2013-08-26-07-13-22.006961-CEST  MainProcess : INFO       
    #8765   Time: 2013-08-26-07-13-22.002296-CEST From: DM         To: HUB        DA: silence() 

2013-08-26-07-13-22.705597-CEST  MainProcess : INFO       
    #8798   Time: 2013-08-26-07-13-22.539686-CEST From: VoipIO     To: HUB        Command: play_utterance_end(user_id="None",fname="tts-2013-08-26-07-13-18.295058.wav) 

2013-08-26-07-13-25.713266-CEST  DM-5       : DEBUG      
    #8999   Time: 2013-08-26-07-13-25.707333-CEST From: HUB        To: DM         Command: timeout(silence_time="3.000") 

2013-08-26-07-13-25.717090-CEST  DM-5       : DEBUG      
    DDDState Dialogue Act in: silence(time="3.000")

2013-08-26-07-13-25.721384-CEST  DM-5       : DEBUG      
    Context Resolution - Dialogue Act: silence(time="3.000")

2013-08-26-07-13-25.725869-CEST  DM-5       : DEBUG      
    DDDState - Dialogue state content:
    
    ludait = silence
    alternative = none
    from_stop = Dejvická
    route_alternative = none
    silence_time = 3.0
    to_centre = none
    to_stop = none
    
    rh_from_stop = system-informed
    
    ch_from_stop = system-informed
    
    sh_from_stop = system-informed
    

2013-08-26-07-13-25.729922-CEST  DM-5       : DEBUG      
    DDDState - Dialogue state update
    
    Requested slots:
    {}
    Confirmed slots:
    {}
    Non-informed slots:
    {u'silence_time': 3.0}

2013-08-26-07-13-25.733531-CEST  DM-5       : DEBUG      
    DM Output
    ------------------------------------------------------------
    silence()
    

2013-08-26-07-13-25.826231-CEST  MainProcess : INFO       
    #9004   Time: 2013-08-26-07-13-25.821255-CEST From: DM         To: HUB        DA: silence() 

2013-08-26-07-13-26.833692-CEST  ASR-3      : DEBUG      
    ASR: speech_start(fname="vad-2013-08-26-07-13-26.738483.wav")

2013-08-26-07-13-26.838355-CEST  MainProcess : INFO       
    #9070   Time: 2013-08-26-07-13-26.828841-CEST From: VAD        To: HUB        Command: speech_start(fname="vad-2013-08-26-07-13-26.738483.wav") 

2013-08-26-07-13-26.845337-CEST  MainProcess : INFO       
    #9071   Time: 2013-08-26-07-13-26.830217-CEST From: ASR        To: HUB        Command: asr_start(fname="vad-2013-08-26-07-13-26.738483.wav") 

2013-08-26-07-13-27.868403-CEST  ASR-3      : DEBUG      
    ASR: speech_end(fname="vad-2013-08-26-07-13-26.738483.wav")

2013-08-26-07-13-27.873172-CEST  MainProcess : INFO       
    #9137   Time: 2013-08-26-07-13-27.864478-CEST From: VAD        To: HUB        Command: speech_end(fname="vad-2013-08-26-07-13-26.738483.wav") 

2013-08-26-07-13-28.324889-CEST  ASR-3      : DEBUG      
    ASR Hypothesis
    ------------------------------------------------------------
    0.749 do roztok
    0.028 do rostock
    0.026 dorost ok
    0.025 dost ok
    0.023 dolsko
    0.021 do roztok i
    0.020 do lost ok
    0.018 do last ok
    0.016 do rostock i
    0.015 dorost ok i
    0.013 dolsko i
    0.011 dost ok i
    0.010 dorost to i
    0.008 do lost ok i
    0.007 dost to i
    0.005 do not to i
    0.003 dos to i
    0.002 do last ok i
    0.000 __other__
    

2013-08-26-07-13-28.455417-CEST  MainProcess : INFO       
    #9176   Time: 2013-08-26-07-13-28.450548-CEST From: ASR        To: HUB        Command: asr_end(fname="vad-2013-08-26-07-13-26.738483.wav") 

2013-08-26-07-13-29.458528-CEST  SLU-4      : DEBUG      
    SLU Hypothesis
    ------------------------------------------------------------
    1.000 other()
    

2013-08-26-07-13-29.511903-CEST  MainProcess : INFO       
    #9244   Time: 2013-08-26-07-13-29.507421-CEST From: SLU        To: HUB        Command: slu_parsed(fname="vad-2013-08-26-07-13-26.738483.wav") 

2013-08-26-07-13-29.516239-CEST  DM-5       : DEBUG      
    DDDState Dialogue Act in: other()

2013-08-26-07-13-29.520174-CEST  DM-5       : DEBUG      
    Context Resolution - Dialogue Act: other()

2013-08-26-07-13-29.524144-CEST  DM-5       : DEBUG      
    DDDState - Dialogue state content:
    
    ludait = other
    alternative = none
    from_stop = Dejvická
    route_alternative = none
    silence_time = 0.0
    to_centre = none
    to_stop = none
    
    rh_from_stop = system-informed
    
    ch_from_stop = system-informed
    
    sh_from_stop = system-informed
    

2013-08-26-07-13-29.528597-CEST  DM-5       : DEBUG      
    DDDState - Dialogue state update
    
    Requested slots:
    {}
    Confirmed slots:
    {}
    Non-informed slots:
    {u'silence_time': 0.0}

2013-08-26-07-13-29.631487-CEST  DM-5       : DEBUG      
    DM Output
    ------------------------------------------------------------
    notunderstood()&help(inform="hangup")
    

2013-08-26-07-13-29.688316-CEST  MainProcess : INFO       
    #9258   Time: 2013-08-26-07-13-29.682798-CEST From: DM         To: HUB        DA: notunderstood()&help(inform="hangup") 

2013-08-26-07-13-29.694595-CEST  NLG-6      : DEBUG      
    #9259   Time: 2013-08-26-07-13-29.690780-CEST From: HUB        To: NLG        DA: notunderstood()&help(inform="hangup") 

2013-08-26-07-13-29.699498-CEST  NLG-6      : DEBUG      
    NLG Output
    ------------------------------------------------------------
    Nerozuměla jsem. Pokud chcete hovor ukončit, potom řekněte například na shledanou.
    

2013-08-26-07-13-29.810994-CEST  MainProcess : INFO       
    #9268   Time: 2013-08-26-07-13-29.805998-CEST From: NLG        To: HUB        Command: nlg_text_generated() 

2013-08-26-07-13-29.815915-CEST  MainProcess : INFO       
    #9270   Time: 2013-08-26-07-13-29.806974-CEST From: TTS        To: HUB        Command: tts_start(user_id="None",text="Nerozuměla jsem. Pokud chcete hovor ukončit, potom řekněte například na shledanou.") 

2013-08-26-07-13-29.875205-CEST  MainProcess : INFO       
    #9272   Time: 2013-08-26-07-13-29.808927-CEST From: VoipIO     To: HUB        Command: play_utterance_start(user_id="None",fname="tts-2013-08-26-07-13-29.806792.wav") 

2013-08-26-07-13-29.923143-CEST  MainProcess : INFO       
    #9681   Time: 2013-08-26-07-13-29.917564-CEST From: TTS        To: HUB        Command: tts_end(user_id="None",text="Nerozuměla jsem. Pokud chcete hovor ukončit, potom řekněte například na shledanou.",fname="tts-2013-08-26-07-13-29.806792.wav",log="true") 

2013-08-26-07-13-36.339771-CEST  MainProcess : INFO       
    #10058  Time: 2013-08-26-07-13-35.889264-CEST From: VoipIO     To: HUB        Command: play_utterance_end(user_id="None",fname="tts-2013-08-26-07-13-29.806792.wav) 

2013-08-26-07-13-37.728699-CEST  ASR-3      : DEBUG      
    ASR: speech_start(fname="vad-2013-08-26-07-13-37.618676.wav")

2013-08-26-07-13-37.733393-CEST  MainProcess : INFO       
    #10172  Time: 2013-08-26-07-13-37.723898-CEST From: VAD        To: HUB        Command: speech_start(fname="vad-2013-08-26-07-13-37.618676.wav") 

2013-08-26-07-13-37.739983-CEST  MainProcess : INFO       
    #10173  Time: 2013-08-26-07-13-37.724818-CEST From: ASR        To: HUB        Command: asr_start(fname="vad-2013-08-26-07-13-37.618676.wav") 

2013-08-26-07-13-38.638853-CEST  MainProcess : INFO       
    #10235  Time: 2013-08-26-07-13-38.634755-CEST From: VAD        To: HUB        Command: speech_end(fname="vad-2013-08-26-07-13-37.618676.wav") 

2013-08-26-07-13-38.643395-CEST  ASR-3      : DEBUG      
    ASR: speech_end(fname="vad-2013-08-26-07-13-37.618676.wav")

2013-08-26-07-13-39.101402-CEST  ASR-3      : DEBUG      
    ASR Hypothesis
    ------------------------------------------------------------
    0.550 shledanou
    0.180 hledanou
    0.135 hledám
    0.090 vyhledávání
    0.045 vyhledávač
    0.000 __other__
    

2013-08-26-07-13-39.171790-CEST  MainProcess : INFO       
    #10268  Time: 2013-08-26-07-13-39.166937-CEST From: ASR        To: HUB        Command: asr_end(fname="vad-2013-08-26-07-13-37.618676.wav") 

2013-08-26-07-13-39.546201-CEST  SLU-4      : DEBUG      
    SLU Hypothesis
    ------------------------------------------------------------
    0.730 bye()
    0.270 other()
    

2013-08-26-07-13-39.612376-CEST  DM-5       : DEBUG      
    DDDState Dialogue Act in: bye()

2013-08-26-07-13-39.616662-CEST  MainProcess : INFO       
    #10298  Time: 2013-08-26-07-13-39.607598-CEST From: SLU        To: HUB        Command: slu_parsed(fname="vad-2013-08-26-07-13-37.618676.wav") 

2013-08-26-07-13-39.620558-CEST  DM-5       : DEBUG      
    Context Resolution - Dialogue Act: bye()

2013-08-26-07-13-39.624702-CEST  DM-5       : DEBUG      
    DDDState - Dialogue state content:
    
    ludait = bye
    alternative = none
    from_stop = Dejvická
    route_alternative = none
    silence_time = 0.0
    to_centre = none
    to_stop = none
    
    rh_from_stop = system-informed
    
    ch_from_stop = system-informed
    
    sh_from_stop = system-informed
    

2013-08-26-07-13-39.628755-CEST  DM-5       : DEBUG      
    DDDState - Dialogue state update
    
    Requested slots:
    {}
    Confirmed slots:
    {}
    Non-informed slots:
    {u'silence_time': 0.0}

2013-08-26-07-13-39.739378-CEST  DM-5       : DEBUG      
    DM Output
    ------------------------------------------------------------
    bye()
    

2013-08-26-07-13-39.799531-CEST  MainProcess : INFO       
    #10312  Time: 2013-08-26-07-13-39.795125-CEST From: DM         To: HUB        DA: bye() 

2013-08-26-07-13-39.807843-CEST  NLG-6      : DEBUG      
    #10314  Time: 2013-08-26-07-13-39.802170-CEST From: HUB        To: NLG        DA: bye() 

2013-08-26-07-13-39.811799-CEST  MainProcess : INFO       
    #10313  Time: 2013-08-26-07-13-39.795355-CEST From: DM         To: HUB        Command: hangup() 

2013-08-26-07-13-39.816052-CEST  NLG-6      : DEBUG      
    NLG Output
    ------------------------------------------------------------
    Na shledanou.
    

2013-08-26-07-13-39.877364-CEST  MainProcess : INFO       
    #10319  Time: 2013-08-26-07-13-39.872780-CEST From: NLG        To: HUB        Command: nlg_text_generated() 

2013-08-26-07-13-39.881705-CEST  MainProcess : INFO       
    #10321  Time: 2013-08-26-07-13-39.873544-CEST From: TTS        To: HUB        Command: tts_start(user_id="None",text="Na shledanou.") 

2013-08-26-07-13-39.918276-CEST  MainProcess : INFO       
    #10404  Time: 2013-08-26-07-13-39.913388-CEST From: TTS        To: HUB        Command: tts_end(user_id="None",text="Na shledanou.",fname="tts-2013-08-26-07-13-39.873399.wav",log="true") 

2013-08-26-07-13-39.950847-CEST  MainProcess : INFO       
    #10323  Time: 2013-08-26-07-13-39.876990-CEST From: VoipIO     To: HUB        Command: play_utterance_start(user_id="None",fname="tts-2013-08-26-07-13-39.873399.wav") 

2013-08-26-07-13-41.202757-CEST  MainProcess : INFO       
    #10449  Time: 2013-08-26-07-13-40.589041-CEST From: VoipIO     To: HUB        Command: play_utterance_end(user_id="None",fname="tts-2013-08-26-07-13-39.873399.wav) 

2013-08-26-07-13-42.504144-CEST  VoipIO-1   : DEBUG      
    CallCallback::on_state : Call with "777320731" <sip:777320731@195.113.20.160> is DISCONNCTD last code = 200 (Normal call clearing)

2013-08-26-07-13-42.630730-CEST  VoipIO-1   : DEBUG      
    VoipIO::on_call_disconnected

2013-08-26-07-13-42.636108-CEST  MainProcess : INFO       
    #10570  Time: 2013-08-26-07-13-42.631969-CEST From: VoipIO     To: HUB        Command: call_disconnected(remote_uri="777320731") 

