2013-09-10-15-46-13.572373-CEST  VoipIO-1   : DEBUG      
    CallCallback::on_state : Call with "Bejcek Eduard" <sip:4366@195.113.20.69> is CONNECTING last code = 200 (OK)

2013-09-10-15-46-13.572630-CEST  VoipIO-1   : DEBUG      
    VoipIO::on_call_connecting

2013-09-10-15-46-13.595186-CEST  MainProcess : SYSTEM-LOG 
    config = { 'ASR': { 'Google': { 'debug': False, 'language': 'cs', 'maxresults': 20},
               'Julius': { 'adinnetport': 5530,
                           'binary': '/usr/local/bin/julius',
                           'debug': False,
                           'hostname': 'localhost',
                           'jconf': { '-adport': '5530',
                                      '-b': '1000',
                                      '-b2': '100',
                                      '-cmnload': 'cmn.param',
                                      '-cmnmapweight': '200',
                                      '-cmnsave': 'cmn.param',
                                      '-confnet': '',
                                      '-fallback1pass': '',
                                      '-gprune': 'safe',
                                      '-h': '/mnt/h/jurcicek/vystadial-git-dev/alex/resources/asr/voip_en/hmmdefs',
                                      '-hlist': '/mnt/h/jurcicek/vystadial-git-dev/alex/resources/asr/voip_en/tiedlist',
                                      '-htkconf': '/mnt/h/jurcicek/vystadial-git-dev/alex/resources/asr/voip_en/config',
                                      '-input': 'adinnet',
                                      '-iwsp': '',
                                      '-iwsppenalty': '0.0',
                                      '-lmp': '15.0 0.0',
                                      '-lmp2': '15.0 0.0',
                                      '-mapunk': 'UM',
                                      '-module': '10500',
                                      '-n': '50',
                                      '-nlr': '/mnt/h/jurcicek/vystadial-git-dev/alex/resources/lm/caminfo/julius_arpa_bigram',
                                      '-no_ccd': '',
                                      '-nrl': '/mnt/h/jurcicek/vystadial-git-dev/alex/resources/lm/caminfo/julius_arpa_rev_bigram',
                                      '-silhead': '<s>',
                                      '-siltail': '</s>',
                                      '-spmodel': 'sp',
                                      '-tmix': '4',
                                      '-v': '/mnt/h/jurcicek/vystadial-git-dev/alex/resources/lm/caminfo/julius_dict'},
                           'jconffile': 'julius.jconf',
                           'killall': False,
                           'logfile': 'julius.log',
                           'msg_timeout': 0.3,
                           'pidfile': 'julius.pid',
                           'reuse_server': False,
                           'serverport': 10500,
                           'start_max_wait_time': 15,
                           'start_wait_time': 0.5,
                           'timeout': 2.0},
               'Kaldi': { 'LM_scale': -6666.66,
                          'hypothesis_type': 'nblist',
                          'lat_depth': 666666,
                          'model': 'TODO_path_to_model'},
               'debug': True,
               'type': 'Google'},
      'AlexOnTheBus': { 'max_turns': 120},
      'Analytics': Analytics(account_id='UA-41905278-1', domain_name='cuni.cz'),
      'Audio': { 'sample_rate': 16000, 'samples_per_frame': 256},
      'AudioIO': { 'debug': True, 'output_dir': './aio_call_log', 'play_buffer_size': 1024},
      'DM': { 'PUfalRuleDM': { 'code_submit_url': None,
                               'db_cfg': '/mnt/h/jurcicek/vystadial-git-dev/alex/resources/../applications/CamInfoRest/cued_data/CIRdbase_V7_noloc.txt',
                               'ontology': '/mnt/h/jurcicek/vystadial-git-dev/alex/resources/../applications/CamInfoRest/ontology.cfg',
                               'provide_code': False},
              'UfalRuleDM': { 'code_submit_url': None,
                              'db_cfg': '/mnt/h/jurcicek/vystadial-git-dev/alex/resources/../applications/CamInfoRest/cued_data/CIRdbase_V7_noloc.txt',
                              'ontology': '/mnt/h/jurcicek/vystadial-git-dev/alex/resources/../applications/CamInfoRest/ontology.cfg',
                              'provide_code': False},
              'basic': { 'debug': True, 'silence_timeout': 10.0},
              'debug': True,
              'dialogue_policy': { 'type': <class 'alex.applications.AlexOnTheBus.aotb_hdc_policy.AOTBHDCPolicy'>},
              'dialogue_state': { 'type': <class 'alex.components.dm.dddstate.DeterministicDiscriminativeDialogueState'>},
              'input_timeout': 3.0,
              'ontology': '/mnt/h/jurcicek/vystadial-git-dev/alex/applications/AlexOnTheBus/data/ontology.py',
              'type': 'basic'},
      'General': { 'debug': False, 'include': ['/mnt/h/jurcicek/vystadial-git-dev/alex/resources/private/default.cfg']},
      'Hub': { 'history_file': 'hub_history_hub.txt', 'history_length': 1000, 'main_loop_sleep_time': 0.002},
      'Logging': { 'excepthook': ExceptionHook(
            ExceptionHook
              Hook Type: log
              Hook Logger: SystemLogger(output_dir=./call_logs, stdout_log_level='DEBUG', stdout=True, file_log_level='DEBUG')),
                   'session_logger': SessionLogger(),
                   'system_logger': SystemLogger(output_dir=./call_logs, stdout_log_level='DEBUG', stdout=True, file_log_level='DEBUG'),
                   'system_name': 'Alex On The Bus',
                   'version': '1.0'},
      'NLG': { 'Template': { 'model': '/mnt/h/jurcicek/vystadial-git-dev/alex/applications/AlexOnTheBus/nlg_templates.cfg'},
               'debug': True,
               'type': 'Template'},
      'SHub': { 'history_file': 'hub_history_shub.txt', 'history_length': 1000},
      'SLU': { 'cl-tracing': { 'cldb_fname': '/mnt/h/jurcicek/vystadial-git-dev/alex/applications/CamInfoRest/data/database.py',
                               'do_preprocessing': True,
                               'features_type': ('ngram', 'ab_ngram'),
                               'testing': { 'max_examples': None,
                                            'min_perc': 80,
                                            'model_fname': '/mnt/h/jurcicek/vystadial-git-dev/alex/applications/CamInfoRest/models/130516_minf60-minfc35-mind60.slu_model.gz',
                                            'renormalise': True,
                                            'threshold': None,
                                            'vanilla': True},
                               'training': { 'abstractions': ('abstract',), 'models_dir': 'models'}},
               'debug': True,
               'type': <class 'alex.applications.AlexOnTheBus.aotb_slu.AOTBSLU'>,
               <class 'alex.applications.AlexOnTheBus.aotb_slu.AOTBSLU'>: { 'cldb_fname': '/mnt/h/jurcicek/vystadial-git-dev/alex/applications/AlexOnTheBus/data/database.py',
                                                                            'preprocessing_cls': <class 'alex.applications.AlexOnTheBus.aotb_preprocessing.AOTBSLUPreprocessing'>,
                                                                            'training': { 'models_dir': 'models'}}},
      'THub': { 'history_file': 'hub_history_thub.txt', 'history_length': 1000},
      'TTS': { 'Flite': { 'debug': False,
                          'preprocessing': '/mnt/h/jurcicek/vystadial-git-dev/alex/resources/tts/prep_flite_en.cfg',
                          'tempo': 1.0,
                          'voice': 'kal16'},
               'Google': { 'debug': False,
                           'language': 'en',
                           'preprocessing': '/mnt/h/jurcicek/vystadial-git-dev/alex/resources/tts/prep_google_en.cfg',
                           'tempo': 1.0},
               'SpeechTech': { 'debug': True,
                               'login': 'filipjurcicek',
    # this line was removed since it included a password
                               'preprocessing': '/mnt/h/jurcicek/vystadial-git-dev/alex/resources/tts/prep_speechtech_cs.cfg',
                               'tempo': 1.2,
                               'voice': 'Iva210'},
               'VoiceRSS': { 'api_key': '3b6a9fca5d724b1c8ac34691586cdda1'},
               'VoiceRss': { 'language': 'en-gb',
                             'preprocessing': '/mnt/h/jurcicek/vystadial-git-dev/alex/resources/tts/prep_voicerss_en.cfg',
                             'tempo': 1.0},
               'debug': True,
               'in_between_segments_silence': 0.05,
               'type': 'SpeechTech'},
      'VAD': { 'debug': False,
               'decision_frames_sil': 25,
               'decision_frames_speech': 10,
               'decision_non_speech_threshold': 0.2,
               'decision_speech_threshold': 0.7,
               'ffnn': { 'ceplifter': 22,
                         'enormalise': True,
                         'filter_length': 2,
                         'frameshift': 160,
                         'framesize': 512,
                         'frontend': 'MFCC',
                         'hifreq': 3800,
                         'lofreq': 125,
                         'model': '/mnt/h/jurcicek/vystadial-git-dev/alex/resources/vad/voip_en/vad_sds_mfcc_is36_hu16_lf0_mfr100000_mfl1000_mfps50_ts0.nn',
                         'n_last_frames': 0,
                         'numceps': 12,
                         'numchans': 26,
                         'preemcoef': 0.97,
                         'useacc': True,
                         'usec0': False,
                         'usecmn': False,
                         'usedelta': True,
                         'usehamming': True,
                         'usepower': True,
                         'zmeansource': True},
               'gmm': { 'ceplifter': 22,
                        'enormalise': True,
                        'filter_length': 2,
                        'frameshift': 160,
                        'framesize': 512,
                        'frontend': 'MFCC',
                        'hifreq': 3800,
                        'lofreq': 125,
                        'n_last_frames': 0,
                        'numceps': 12,
                        'numchans': 26,
                        'preemcoef': 0.97,
                        'sil_model': '/mnt/h/jurcicek/vystadial-git-dev/alex/resources/vad/voip_en/vad_sil_sds_mfcc_m064_f100000.gmm',
                        'speech_model': '/mnt/h/jurcicek/vystadial-git-dev/alex/resources/vad/voip_en/vad_speech_sds_mfcc_m064_f100000.gmm',
                        'useacc': True,
                        'usec0': False,
                        'usecmn': False,
                        'usedelta': True,
                        'usehamming': True,
                        'usepower': True,
                        'zmeansource': True},
               'power': { 'adaptation_frames': 30, 'threshold': 70, 'threshold_multiplier': 1.0},
               'speech_buffer_frames': 20,
               'type': 'ffnn'},
      'VoipHub': { 'blacklist_for': 7200,
                   'call_db': '/mnt/h/jurcicek/vystadial-git-dev/alex/applications/AlexOnTheBus/call_db.pckl',
                   'hard_time_limit': 360,
                   'hard_turn_limit': 120,
                   'history_length': 1000,
                   'last_period_max_num_calls': 100,
                   'last_period_max_total_time': 7200,
                   'limit_reached_message': u'D\u011bkujeme za zavol\xe1n\xed, ale u\u017e jste volali hodn\u011b. Pros\xedm zavolejte pozd\u011bji. Na shledanou.',
                   'period': 172800,
                   'pid_file': '/mnt/h/jurcicek/vystadial-git-dev/alex/applications/vhub.pid',
                   'wait_time_before_calling_back': 10},
      'VoipIO': { 'allowed_hosts': '',
                  'allowed_phone_numbers': '(^[234567])',
                  'allowed_users': '(^[234567])',
                  'debug': True,
                  'domain': 'external.sip.mff.cuni.cz:5066',
                  'forbidden_hosts': '',
                  'forbidden_phone_number': '(^112$|^150$|^155$|^156$|^158$)',
                  'forbidden_users': '(^112$|^150$|^155$|^156$|^158$)',
    # this line was removed since it included a password
                  'pjsip_log_level': 3,
                  'reject_calls': False,
                  'user': 'DEV-9889'},
      'WebHub': { 'port': 8000},
      'corpustools': { 'get_jasr_confnets': { 'frame_size': 256, 'rt_ratio': 0.2}}}

2013-09-10-15-46-13.623590-CEST  VoipIO-1   : DEBUG      
    CallCallback::on_state : Call with "Bejcek Eduard" <sip:4366@195.113.20.69> is CONFIRMED last code = 200 (OK)

2013-09-10-15-46-13.749904-CEST  VoipIO-1   : DEBUG      
    VoipIO::on_call_confirmed

2013-09-10-15-46-13.796204-CEST  MainProcess : INFO       
    #2      Time: 2013-09-10-15-46-13.572698-CEST From: VoipIO     To: HUB        Command: call_connecting(remote_uri="4366") 

2013-09-10-15-46-13.799607-CEST  MainProcess : INFO       
    #3      Time: 2013-09-10-15-46-13.749985-CEST From: VoipIO     To: HUB        Command: call_confirmed(remote_uri="4366") 

2013-09-10-15-46-13.800597-CEST  MainProcess : INFO       
    
    ========================================================================================================================
    Incoming call from :          4366
    ------------------------------------------------------------------------------------------------------------------------
    Total calls:                  50
    Total time (min):             43.8
    Last period total calls:      0
    Last period total time (min): 0.0
    ------------------------------------------------------------------------------------------------------------------------
    CALL ACCEPTED
    ========================================================================================================================
    

2013-09-10-15-46-13.801602-CEST  DM-5       : DEBUG      
    #5      Time: 2013-09-10-15-46-13.800232-CEST From: HUB        To: DM         Command: new_dialogue() 

2013-09-10-15-46-13.883695-CEST  DM-5       : DEBUG      
    DM Output
    ------------------------------------------------------------
    hello()
    

2013-09-10-15-46-13.910082-CEST  MainProcess : INFO       
    #12     Time: 2013-09-10-15-46-13.908648-CEST From: DM         To: HUB        DA: hello() 

2013-09-10-15-46-13.912709-CEST  NLG-6      : DEBUG      
    #13     Time: 2013-09-10-15-46-13.911089-CEST From: HUB        To: NLG        DA: hello() 

2013-09-10-15-46-13.913162-CEST  NLG-6      : DEBUG      
    NLG Output
    ------------------------------------------------------------
    Dobrý den. Tato experimentální služba je poskytována laboratoří výzkumu hlasových dialogových systémů na Ústavu Formální a Aplikované Lingvistiky na Karlově Univerzitě. Hovor je nahráván. Více informací o této službě je na internetu. Jak Vám mohu pomoci. 
    

2013-09-10-15-46-13.943638-CEST  MainProcess : INFO       
    #18     Time: 2013-09-10-15-46-13.941868-CEST From: NLG        To: HUB        Command: nlg_text_generated() 

2013-09-10-15-46-13.946233-CEST  MainProcess : INFO       
    #20     Time: 2013-09-10-15-46-13.944195-CEST From: TTS        To: HUB        Command: tts_start(user_id="None",text="Dobrý den. Tato experimentální služba je poskytována laboratoří výzkumu hlasových dialogových systémů na Ústavu Formální a Aplikované Lingvistiky na Karlově Univerzitě. Hovor je nahráván. Více informací o této službě je na internetu. Jak Vám mohu pomoci. ") 

2013-09-10-15-46-14.069725-CEST  ASR-3      : DEBUG      
    ASR: speech_start(fname="vad-2013-09-10-15-46-13.939751.wav")

2013-09-10-15-46-14.070238-CEST  MainProcess : INFO       
    #90     Time: 2013-09-10-15-46-14.067893-CEST From: VAD        To: HUB        Command: speech_start(fname="vad-2013-09-10-15-46-13.939751.wav") 

2013-09-10-15-46-14.071605-CEST  MainProcess : INFO       
    #91     Time: 2013-09-10-15-46-14.068870-CEST From: ASR        To: HUB        Command: asr_start(fname="vad-2013-09-10-15-46-13.939751.wav") 

2013-09-10-15-46-14.074125-CEST  MainProcess : INFO       
    #22     Time: 2013-09-10-15-46-13.947867-CEST From: VoipIO     To: HUB        Command: play_utterance_start(user_id="None",fname="tts-2013-09-10-15-46-13.943915.wav") 

2013-09-10-15-46-14.445608-CEST  MainProcess : INFO       
    #1049   Time: 2013-09-10-15-46-14.442156-CEST From: TTS        To: HUB        Command: tts_end(user_id="None",text="Dobrý den. Tato experimentální služba je poskytována laboratoří výzkumu hlasových dialogových systémů na Ústavu Formální a Aplikované Lingvistiky na Karlově Univerzitě. Hovor je nahráván. Více informací o této službě je na internetu. Jak Vám mohu pomoci. ",fname="tts-2013-09-10-15-46-13.943915.wav",log="true") 

2013-09-10-15-46-16.528295-CEST  ASR-3      : DEBUG      
    ASR: speech_end(fname="vad-2013-09-10-15-46-13.939751.wav")

2013-09-10-15-46-16.528827-CEST  MainProcess : INFO       
    #1182   Time: 2013-09-10-15-46-16.525984-CEST From: VAD        To: HUB        Command: speech_end(fname="vad-2013-09-10-15-46-13.939751.wav") 

2013-09-10-15-46-16.944657-CEST  MainProcess : INFO       
    #1211   Time: 2013-09-10-15-46-16.943019-CEST From: VAD        To: HUB        Command: speech_start(fname="vad-2013-09-10-15-46-16.874735.wav") 

2013-09-10-15-46-16.988983-CEST  ASR-3      : DEBUG      
    ASR Hypothesis
    ------------------------------------------------------------
    0.774 dobrý
    0.090 dobré
    0.068 dobře
    0.045 doby
    0.023 dobrou
    0.000 __other__
    

2013-09-10-15-46-17.011627-CEST  MainProcess : INFO       
    #1217   Time: 2013-09-10-15-46-17.009635-CEST From: ASR        To: HUB        Command: asr_end(fname="vad-2013-09-10-15-46-13.939751.wav") 

2013-09-10-15-46-17.012961-CEST  ASR-3      : DEBUG      
    ASR: speech_start(fname="vad-2013-09-10-15-46-16.874735.wav")

2013-09-10-15-46-17.014249-CEST  MainProcess : INFO       
    #1219   Time: 2013-09-10-15-46-17.012515-CEST From: ASR        To: HUB        Command: asr_start(fname="vad-2013-09-10-15-46-16.874735.wav") 

2013-09-10-15-46-17.729375-CEST  SLU-4      : DEBUG      
    SLU Hypothesis
    ------------------------------------------------------------
    1.000 other()
    

2013-09-10-15-46-17.752849-CEST  DM-5       : DEBUG      
    DDDState Dialogue Act in: other()

2013-09-10-15-46-17.753340-CEST  MainProcess : INFO       
    #1264   Time: 2013-09-10-15-46-17.751561-CEST From: SLU        To: HUB        Command: slu_parsed(fname="vad-2013-09-10-15-46-13.939751.wav") 

2013-09-10-15-46-17.753815-CEST  DM-5       : DEBUG      
    Context Resolution - Dialogue Act: other()

2013-09-10-15-46-17.754108-CEST  DM-5       : DEBUG      
    DDDState - Dialogue state content:
    
    ludait = other
    silence_time = 0.0
    
    
    
    

2013-09-10-15-46-17.754356-CEST  DM-5       : DEBUG      
    DDDState - Dialogue state update
    
    Requested slots:
    {}
    Confirmed slots:
    {}
    Non-informed slots:
    {u'silence_time': 0.0}

2013-09-10-15-46-17.819022-CEST  DM-5       : DEBUG      
    DM Output
    ------------------------------------------------------------
    notunderstood()&help(request="help")
    

2013-09-10-15-46-17.861118-CEST  MainProcess : INFO       
    #1274   Time: 2013-09-10-15-46-17.860265-CEST From: DM         To: HUB        DA: notunderstood()&help(request="help") 

2013-09-10-15-46-17.895853-CEST  NLG-6      : DEBUG      
    #1275   Time: 2013-09-10-15-46-17.893928-CEST From: HUB        To: NLG        Command: flush() 

2013-09-10-15-46-17.896451-CEST  MainProcess : INFO       
    #1276   Time: 2013-09-10-15-46-17.895943-CEST From: NLG        To: HUB        Command: flushed() 

2013-09-10-15-46-17.898642-CEST  TTS-7      : DEBUG      
    #1278   Time: 2013-09-10-15-46-17.896532-CEST From: HUB        To: TTS        Command: flush() 

2013-09-10-15-46-17.901204-CEST  MainProcess : INFO       
    #1280   Time: 2013-09-10-15-46-17.898759-CEST From: TTS        To: HUB        Command: flushed() 

2013-09-10-15-46-17.904501-CEST  VoipIO-1   : DEBUG      
    #1282   Time: 2013-09-10-15-46-17.901308-CEST From: HUB        To: VIO        Command: flush_out() 

2013-09-10-15-46-17.905871-CEST  MainProcess : INFO       
    #1283   Time: 2013-09-10-15-46-17.905060-CEST From: VoipIO     To: HUB        Command: flushed_out() 

2013-09-10-15-46-17.906974-CEST  NLG-6      : DEBUG      
    #1285   Time: 2013-09-10-15-46-17.905973-CEST From: HUB        To: NLG        DA: notunderstood()&help(request="help") 

2013-09-10-15-46-17.907739-CEST  NLG-6      : DEBUG      
    NLG Output
    ------------------------------------------------------------
    Nerozuměla jsem. Můžete se zeptat na nápovědu nebo požádat o pomoc.
    

2013-09-10-15-46-17.928171-CEST  MainProcess : INFO       
    #1286   Time: 2013-09-10-15-46-17.927293-CEST From: NLG        To: HUB        Command: nlg_text_generated() 

2013-09-10-15-46-17.930775-CEST  MainProcess : INFO       
    #1288   Time: 2013-09-10-15-46-17.929023-CEST From: TTS        To: HUB        Command: tts_start(user_id="None",text="Nerozuměla jsem. Můžete se zeptat na nápovědu nebo požádat o pomoc.") 

2013-09-10-15-46-17.965455-CEST  MainProcess : INFO       
    #1290   Time: 2013-09-10-15-46-17.931890-CEST From: VoipIO     To: HUB        Command: play_utterance_start(user_id="None",fname="tts-2013-09-10-15-46-17.928935.wav") 

2013-09-10-15-46-18.115670-CEST  MainProcess : INFO       
    #1581   Time: 2013-09-10-15-46-18.114846-CEST From: TTS        To: HUB        Command: tts_end(user_id="None",text="Nerozuměla jsem. Můžete se zeptat na nápovědu nebo požádat o pomoc.",fname="tts-2013-09-10-15-46-17.928935.wav",log="true") 

2013-09-10-15-46-22.121328-CEST  ASR-3      : DEBUG      
    ASR: speech_end(fname="vad-2013-09-10-15-46-16.874735.wav")

2013-09-10-15-46-22.121707-CEST  MainProcess : INFO       
    #1833   Time: 2013-09-10-15-46-22.119423-CEST From: VAD        To: HUB        Command: speech_end(fname="vad-2013-09-10-15-46-16.874735.wav") 

2013-09-10-15-46-22.391386-CEST  MainProcess : INFO       
    #1830   Time: 2013-09-10-15-46-22.116199-CEST From: VoipIO     To: HUB        Command: play_utterance_end(user_id="None",fname="tts-2013-09-10-15-46-17.928935.wav) 

2013-09-10-15-46-22.428691-CEST  MainProcess : INFO       
    #1854   Time: 2013-09-10-15-46-22.427879-CEST From: VAD        To: HUB        Command: speech_start(fname="vad-2013-09-10-15-46-22.381012.wav") 

2013-09-10-15-46-22.515633-CEST  ASR-3      : DEBUG      
    ASR Hypothesis
    ------------------------------------------------------------
    0.577 řekni
    0.169 řeka
    0.127 řeknu
    0.085 řekl
    0.042 řekla
    0.000 __other__
    

2013-09-10-15-46-22.537037-CEST  MainProcess : INFO       
    #1863   Time: 2013-09-10-15-46-22.536021-CEST From: ASR        To: HUB        Command: asr_end(fname="vad-2013-09-10-15-46-16.874735.wav") 

2013-09-10-15-46-22.539012-CEST  ASR-3      : DEBUG      
    ASR: speech_start(fname="vad-2013-09-10-15-46-22.381012.wav")

2013-09-10-15-46-22.539515-CEST  MainProcess : INFO       
    #1865   Time: 2013-09-10-15-46-22.538614-CEST From: ASR        To: HUB        Command: asr_start(fname="vad-2013-09-10-15-46-22.381012.wav") 

2013-09-10-15-46-22.825220-CEST  SLU-4      : DEBUG      
    SLU Hypothesis
    ------------------------------------------------------------
    1.000 other()
    

2013-09-10-15-46-22.855430-CEST  MainProcess : INFO       
    #1886   Time: 2013-09-10-15-46-22.852910-CEST From: SLU        To: HUB        Command: slu_parsed(fname="vad-2013-09-10-15-46-16.874735.wav") 

2013-09-10-15-46-22.855785-CEST  DM-5       : DEBUG      
    DDDState Dialogue Act in: other()

2013-09-10-15-46-22.856134-CEST  DM-5       : DEBUG      
    Context Resolution - Dialogue Act: other()

2013-09-10-15-46-22.856453-CEST  DM-5       : DEBUG      
    DDDState - Dialogue state content:
    
    ludait = other
    alternative = none
    route_alternative = none
    silence_time = 0.0
    
    
    
    

2013-09-10-15-46-22.856700-CEST  DM-5       : DEBUG      
    DDDState - Dialogue state update
    
    Requested slots:
    {}
    Confirmed slots:
    {}
    Non-informed slots:
    {u'silence_time': 0.0}

2013-09-10-15-46-22.928530-CEST  DM-5       : DEBUG      
    DM Output
    ------------------------------------------------------------
    notunderstood()&help(inform="time")
    

2013-09-10-15-46-22.997141-CEST  MainProcess : INFO       
    #1896   Time: 2013-09-10-15-46-22.994893-CEST From: DM         To: HUB        DA: notunderstood()&help(inform="time") 

2013-09-10-15-46-22.999923-CEST  NLG-6      : DEBUG      
    #1897   Time: 2013-09-10-15-46-22.998071-CEST From: HUB        To: NLG        DA: notunderstood()&help(inform="time") 

2013-09-10-15-46-23.000617-CEST  NLG-6      : DEBUG      
    NLG Output
    ------------------------------------------------------------
    Promiňte, nerozuměla jsem. Můžete to zopakovat? Můžete například říct v kolik hodin chcete jet.
    

2013-09-10-15-46-23.021954-CEST  MainProcess : INFO       
    #1900   Time: 2013-09-10-15-46-23.019961-CEST From: NLG        To: HUB        Command: nlg_text_generated() 

2013-09-10-15-46-23.024564-CEST  MainProcess : INFO       
    #1903   Time: 2013-09-10-15-46-23.022178-CEST From: TTS        To: HUB        Command: tts_start(user_id="None",text="Promiňte, nerozuměla jsem. Můžete to zopakovat? Můžete například říct v kolik hodin chcete jet.") 

2013-09-10-15-46-23.056580-CEST  MainProcess : INFO       
    #1906   Time: 2013-09-10-15-46-23.024670-CEST From: VoipIO     To: HUB        Command: play_utterance_start(user_id="None",fname="tts-2013-09-10-15-46-23.022056.wav") 

2013-09-10-15-46-23.176340-CEST  MainProcess : INFO       
    #2309   Time: 2013-09-10-15-46-23.175292-CEST From: TTS        To: HUB        Command: tts_end(user_id="None",text="Promiňte, nerozuměla jsem. Můžete to zopakovat? Můžete například říct v kolik hodin chcete jet.",fname="tts-2013-09-10-15-46-23.022056.wav",log="true") 

2013-09-10-15-46-25.697742-CEST  VoipIO-1   : DEBUG      
    CallCallback::on_state : Call with "Bejcek Eduard" <sip:4366@195.113.20.69> is DISCONNCTD last code = 200 (Normal call clearing)

2013-09-10-15-46-25.762046-CEST  VoipIO-1   : DEBUG      
    VoipIO::on_call_disconnected

2013-09-10-15-46-25.764562-CEST  MainProcess : INFO       
    #2466   Time: 2013-09-10-15-46-25.762136-CEST From: VoipIO     To: HUB        Command: call_disconnected(remote_uri="4366") 

