2013-09-05-21-38-02.535001-CEST  VoipIO-1   : DEBUG      
    CallCallback::on_state : Call with "777722783" <sip:777722783@195.113.20.160> is CONNECTING last code = 200 (OK)

2013-09-05-21-38-02.537808-CEST  VoipIO-1   : DEBUG      
    VoipIO::on_call_connecting

2013-09-05-21-38-02.541427-CEST  VoipIO-1   : DEBUG      
    CallCallback::on_state : Call with "777722783" <sip:777722783@195.113.20.160> is CONFIRMED last code = 200 (OK)

2013-09-05-21-38-02.549065-CEST  MainProcess : SYSTEM-LOG 
    config = { 'ASR': { 'Google': { 'debug': False, 'language': 'cs', 'maxresults': 20},
               'Julius': { 'adinnetport': 5530,
                           'binary': '/usr/local/bin/julius',
                           'debug': False,
                           'hostname': 'localhost',
                           'jconf': { '-adport': '5530',
                                      '-b': '1000',
                                      '-b2': '100',
                                      '-cmnload': 'cmn.param',
                                      '-cmnmapweight': '200',
                                      '-cmnsave': 'cmn.param',
                                      '-confnet': '',
                                      '-fallback1pass': '',
                                      '-gprune': 'safe',
                                      '-h': '/mnt/h/jurcicek/vystadial-git-prd/alex/resources/asr/voip_en/hmmdefs',
                                      '-hlist': '/mnt/h/jurcicek/vystadial-git-prd/alex/resources/asr/voip_en/tiedlist',
                                      '-htkconf': '/mnt/h/jurcicek/vystadial-git-prd/alex/resources/asr/voip_en/config',
                                      '-input': 'adinnet',
                                      '-iwsp': '',
                                      '-iwsppenalty': '0.0',
                                      '-lmp': '15.0 0.0',
                                      '-lmp2': '15.0 0.0',
                                      '-mapunk': 'UM',
                                      '-module': '10500',
                                      '-n': '50',
                                      '-nlr': '/mnt/h/jurcicek/vystadial-git-prd/alex/resources/lm/caminfo/julius_arpa_bigram',
                                      '-no_ccd': '',
                                      '-nrl': '/mnt/h/jurcicek/vystadial-git-prd/alex/resources/lm/caminfo/julius_arpa_rev_bigram',
                                      '-silhead': '<s>',
                                      '-siltail': '</s>',
                                      '-spmodel': 'sp',
                                      '-tmix': '4',
                                      '-v': '/mnt/h/jurcicek/vystadial-git-prd/alex/resources/lm/caminfo/julius_dict'},
                           'jconffile': 'julius.jconf',
                           'killall': False,
                           'logfile': 'julius.log',
                           'msg_timeout': 0.3,
                           'pidfile': 'julius.pid',
                           'reuse_server': False,
                           'serverport': 10500,
                           'start_max_wait_time': 15,
                           'start_wait_time': 0.5,
                           'timeout': 2.0},
               'Kaldi': { 'LM_scale': -6666.66,
                          'hypothesis_type': 'nblist',
                          'lat_depth': 666666,
                          'model': 'TODO_path_to_model'},
               'debug': True,
               'type': 'Google'},
      'AlexOnTheBus': { 'max_turns': 120},
      'Analytics': Analytics(account_id='UA-41905278-1', domain_name='cuni.cz'),
      'Audio': { 'sample_rate': 16000, 'samples_per_frame': 256},
      'AudioIO': { 'debug': True, 'output_dir': './aio_call_log', 'play_buffer_size': 1024},
      'DM': { 'PUfalRuleDM': { 'code_submit_url': None,
                               'db_cfg': '/mnt/h/jurcicek/vystadial-git-prd/alex/resources/../applications/CamInfoRest/cued_data/CIRdbase_V7_noloc.txt',
                               'ontology': '/mnt/h/jurcicek/vystadial-git-prd/alex/resources/../applications/CamInfoRest/ontology.cfg',
                               'provide_code': False},
              'UfalRuleDM': { 'code_submit_url': None,
                              'db_cfg': '/mnt/h/jurcicek/vystadial-git-prd/alex/resources/../applications/CamInfoRest/cued_data/CIRdbase_V7_noloc.txt',
                              'ontology': '/mnt/h/jurcicek/vystadial-git-prd/alex/resources/../applications/CamInfoRest/ontology.cfg',
                              'provide_code': False},
              'basic': { 'debug': True, 'silence_timeout': 10.0},
              'debug': True,
              'dialogue_policy': { 'type': <class 'alex.applications.AlexOnTheBus.aotb_hdc_policy.AOTBHDCPolicy'>},
              'dialogue_state': { 'type': <class 'alex.components.dm.dddstate.DeterministicDiscriminativeDialogueState'>},
              'input_timeout': 3.0,
              'ontology': '/mnt/h/jurcicek/vystadial-git-prd/alex/applications/AlexOnTheBus/data/ontology.py',
              'type': 'basic'},
      'General': { 'debug': False, 'include': ['/mnt/h/jurcicek/vystadial-git-prd/alex/resources/private/default.cfg']},
      'Hub': { 'history_file': 'hub_history_hub.txt', 'history_length': 1000, 'main_loop_sleep_time': 0.002},
      'Logging': { 'excepthook': ExceptionHook(
            ExceptionHook
              Hook Type: log
              Hook Logger: SystemLogger(output_dir=./call_logs, stdout_log_level='DEBUG', stdout=True, file_log_level='DEBUG')),
                   'session_logger': SessionLogger(),
                   'system_logger': SystemLogger(output_dir=/net/projects/vystadial/data/call-logs/2013-05-30-alex-aotb-prototype/new, stdout_log_level='DEBUG', stdout=True, file_log_level='DEBUG'),
                   'system_name': u'Alex On The Bus - Live',
                   'version': u'1.0'},
      'NLG': { 'Template': { 'model': '/mnt/h/jurcicek/vystadial-git-prd/alex/applications/AlexOnTheBus/nlg_templates.cfg'},
               'debug': True,
               'type': 'Template'},
      'SHub': { 'history_file': 'hub_history_shub.txt', 'history_length': 1000},
      'SLU': { 'cl-tracing': { 'cldb_fname': '/mnt/h/jurcicek/vystadial-git-prd/alex/applications/CamInfoRest/data/database.py',
                               'do_preprocessing': True,
                               'features_type': ('ngram', 'ab_ngram'),
                               'testing': { 'max_examples': None,
                                            'min_perc': 80,
                                            'model_fname': '/mnt/h/jurcicek/vystadial-git-prd/alex/applications/CamInfoRest/models/130516_minf60-minfc35-mind60.slu_model.gz',
                                            'renormalise': True,
                                            'threshold': None,
                                            'vanilla': True},
                               'training': { 'abstractions': ('abstract',), 'models_dir': 'models'}},
               'debug': True,
               'type': <class 'alex.applications.AlexOnTheBus.aotb_slu.AOTBSLU'>,
               <class 'alex.applications.AlexOnTheBus.aotb_slu.AOTBSLU'>: { 'cldb_fname': '/mnt/h/jurcicek/vystadial-git-prd/alex/applications/AlexOnTheBus/data/database.py',
                                                                            'preprocessing_cls': <class 'alex.applications.AlexOnTheBus.aotb_preprocessing.AOTBSLUPreprocessing'>,
                                                                            'training': { 'models_dir': 'models'}}},
      'THub': { 'history_file': 'hub_history_thub.txt', 'history_length': 1000},
      'TTS': { 'Flite': { 'debug': False,
                          'preprocessing': '/mnt/h/jurcicek/vystadial-git-prd/alex/resources/tts/prep_flite_en.cfg',
                          'tempo': 1.0,
                          'voice': 'kal16'},
               'Google': { 'debug': False,
                           'language': 'en',
                           'preprocessing': '/mnt/h/jurcicek/vystadial-git-prd/alex/resources/tts/prep_google_en.cfg',
                           'tempo': 1.0},
               'SpeechTech': { 'debug': True,
                               'login': 'filipjurcicek',
    # this line was removed since it included a password
                               'preprocessing': '/mnt/h/jurcicek/vystadial-git-prd/alex/resources/tts/prep_speechtech_cs.cfg',
                               'tempo': 1.2,
                               'voice': 'Iva210'},
               'VoiceRSS': { 'api_key': '3b6a9fca5d724b1c8ac34691586cdda1'},
               'VoiceRss': { 'language': 'en-gb',
                             'preprocessing': '/mnt/h/jurcicek/vystadial-git-prd/alex/resources/tts/prep_voicerss_en.cfg',
                             'tempo': 1.0},
               'debug': True,
               'in_between_segments_silence': 0.05,
               'type': 'SpeechTech'},
      'VAD': { 'debug': False,
               'decision_frames_sil': 25,
               'decision_frames_speech': 10,
               'decision_non_speech_threshold': 0.2,
               'decision_speech_threshold': 0.7,
               'gmm': { 'ceplifter': 22,
                        'enormalise': True,
                        'filter_length': 5,
                        'frameshift': 160,
                        'framesize': 512,
                        'frontend': 'MFCC',
                        'hifreq': 3800,
                        'lofreq': 125,
                        'numceps': 12,
                        'numchans': 26,
                        'preemcoef': 0.97,
                        'sil_model': '/mnt/h/jurcicek/vystadial-git-prd/alex/resources/vad/voip_en/vad_sil_sds_mfcc_m064_f100000.gmm',
                        'speech_model': '/mnt/h/jurcicek/vystadial-git-prd/alex/resources/vad/voip_en/vad_speech_sds_mfcc_m064_f100000.gmm',
                        'useacc': True,
                        'usec0': False,
                        'usecmn': False,
                        'usedelta': True,
                        'usehamming': True,
                        'usepower': True,
                        'zmeansource': True},
               'power': { 'adaptation_frames': 30, 'threshold': 70, 'threshold_multiplier': 1.0},
               'speech_buffer_frames': 20,
               'type': 'gmm'},
      'VoipHub': { 'blacklist_for': 7200,
                   'call_db': u'/net/projects/vystadial/data/call-logs/2013-05-30-alex-aotb-prototype/new/call_db.pckl',
                   'hard_time_limit': 360,
                   'hard_turn_limit': 120,
                   'history_length': 1000,
                   'last_period_max_num_calls': 20,
                   'last_period_max_total_time': 1800,
                   'limit_reached_message': u'D\u011bkujeme za zavol\xe1n\xed, ale u\u017e jste volali hodn\u011b. Pros\xedm zavolejte pozd\u011bji. Na shledanou.',
                   'period': 172800,
                   'pid_file': u'/net/projects/vystadial/data/call-logs/2013-05-30-alex-aotb-prototype/new/vhub_live.pid',
                   'wait_time_before_calling_back': 10},
      'VoipIO': { 'allowed_hosts': '',
                  'allowed_phone_numbers': '(^[234567])',
                  'allowed_users': '(^[234567])',
                  'debug': True,
                  'domain': 'vystadial.ms.mff.cuni.cz',
                  'forbidden_hosts': '',
                  'forbidden_phone_number': '(^112$|^150$|^155$|^156$|^158$)',
                  'forbidden_users': '(^112$|^150$|^155$|^156$|^158$)',
    # this line was removed since it included a password
                  'pjsip_log_level': 3,
                  'reject_calls': False,
                  'user': '800899998'},
      'WebHub': { 'port': 8000},
      'corpustools': { 'get_jasr_confnets': { 'frame_size': 256, 'rt_ratio': 0.2}}}

2013-09-05-21-38-02.565871-CEST  VoipIO-1   : DEBUG      
    VoipIO::on_call_confirmed

2013-09-05-21-38-02.589296-CEST  MainProcess : INFO       
    #2      Time: 2013-09-05-21-38-02.538701-CEST From: VoipIO     To: HUB        Command: call_connecting(remote_uri="777722783") 

2013-09-05-21-38-02.595461-CEST  MainProcess : INFO       
    #3      Time: 2013-09-05-21-38-02.566680-CEST From: VoipIO     To: HUB        Command: call_confirmed(remote_uri="777722783") 

2013-09-05-21-38-02.614852-CEST  MainProcess : INFO       
    
    ========================================================================================================================
    Incoming call from :          777722783
    ------------------------------------------------------------------------------------------------------------------------
    Total calls:                  20
    Total time (min):             27.0
    Last period total calls:      1
    Last period total time (min): 0.9
    ------------------------------------------------------------------------------------------------------------------------
    CALL ACCEPTED
    ========================================================================================================================
    

2013-09-05-21-38-02.618953-CEST  DM-5       : DEBUG      
    #4      Time: 2013-09-05-21-38-02.612381-CEST From: HUB        To: DM         Command: new_dialogue() 

2013-09-05-21-38-02.636649-CEST  DM-5       : DEBUG      
    DM Output
    ------------------------------------------------------------
    hello()
    

2013-09-05-21-38-02.644737-CEST  MainProcess : INFO       
    #8      Time: 2013-09-05-21-38-02.641344-CEST From: DM         To: HUB        DA: hello() 

2013-09-05-21-38-02.651325-CEST  NLG-6      : DEBUG      
    #9      Time: 2013-09-05-21-38-02.646451-CEST From: HUB        To: NLG        DA: hello() 

2013-09-05-21-38-02.654694-CEST  NLG-6      : DEBUG      
    NLG Output
    ------------------------------------------------------------
    Dobrý den. Hovor je nahráván. Více informací o této službě je na internetu. Jak Vám mohu pomoci. 
    

2013-09-05-21-38-02.667516-CEST  MainProcess : INFO       
    #10     Time: 2013-09-05-21-38-02.664619-CEST From: NLG        To: HUB        Command: nlg_text_generated() 

2013-09-05-21-38-02.672795-CEST  MainProcess : INFO       
    #12     Time: 2013-09-05-21-38-02.668609-CEST From: TTS        To: HUB        Command: tts_start(user_id="None",text="Dobrý den. Hovor je nahráván. Více informací o této službě je na internetu. Jak Vám mohu pomoci. ") 

2013-09-05-21-38-02.775705-CEST  MainProcess : INFO       
    #14     Time: 2013-09-05-21-38-02.671560-CEST From: VoipIO     To: HUB        Command: play_utterance_start(user_id="None",fname="tts-2013-09-05-21-38-02.666358.wav") 

2013-09-05-21-38-02.865537-CEST  MainProcess : INFO       
    #441    Time: 2013-09-05-21-38-02.860855-CEST From: TTS        To: HUB        Command: tts_end(user_id="None",text="Dobrý den. Hovor je nahráván. Více informací o této službě je na internetu. Jak Vám mohu pomoci. ",fname="tts-2013-09-05-21-38-02.666358.wav",log="true") 

2013-09-05-21-38-09.303025-CEST  MainProcess : INFO       
    #821    Time: 2013-09-05-21-38-08.906646-CEST From: VoipIO     To: HUB        Command: play_utterance_end(user_id="None",fname="tts-2013-09-05-21-38-02.666358.wav) 

2013-09-05-21-38-10.728819-CEST  MainProcess : INFO       
    #936    Time: 2013-09-05-21-38-10.723737-CEST From: VAD        To: HUB        Command: speech_start(fname="vad-2013-09-05-21-38-10.704124.wav") 

2013-09-05-21-38-10.732707-CEST  ASR-3      : DEBUG      
    ASR: speech_start(fname="vad-2013-09-05-21-38-10.704124.wav")

2013-09-05-21-38-10.736543-CEST  MainProcess : INFO       
    #937    Time: 2013-09-05-21-38-10.725535-CEST From: ASR        To: HUB        Command: asr_start(fname="vad-2013-09-05-21-38-10.704124.wav") 

2013-09-05-21-38-14.874529-CEST  MainProcess : INFO       
    #1199   Time: 2013-09-05-21-38-14.870817-CEST From: VAD        To: HUB        Command: speech_end(fname="vad-2013-09-05-21-38-10.704124.wav") 

2013-09-05-21-38-14.878037-CEST  ASR-3      : DEBUG      
    ASR: speech_end(fname="vad-2013-09-05-21-38-10.704124.wav")

2013-09-05-21-38-15.396983-CEST  MainProcess : INFO       
    #1233   Time: 2013-09-05-21-38-15.392707-CEST From: VAD        To: HUB        Command: speech_start(fname="vad-2013-09-05-21-38-15.383179.wav") 

2013-09-05-21-38-16.126760-CEST  ASR-3      : DEBUG      
    ASR Hypothesis
    ------------------------------------------------------------
    0.690 potřebuju znát ze stanice nádraží holešovice
    0.034 potřebuju znát ze stanice a nádraží holešovice
    0.032 potřebuju znát název stanice nádraží holešovice
    0.030 potřebuju znát název stanice a nádraží holešovice
    0.028 potřebuji znát ze stanice nádraží holešovice
    0.026 potřebuji znát ze stanice a nádraží holešovice
    0.024 potřebuju na ze stanice nádraží holešovice
    0.022 potřebuju na ze stanice a nádraží holešovice
    0.020 potřebuju na stanice a nádraží holešovice
    0.018 potřebuju znát stanice nádraží holešovice
    0.016 potřebuju znát stanice a nádraží holešovice
    0.014 potřebuju znát z stanice nádraží holešovice
    0.012 potřebuju na z stanice nádraží holešovice
    0.010 potřebuju znát za stanice nádraží holešovice
    0.008 potřebuju znát z stanice a nádraží holešovice
    0.006 potřebuju na z stanice a nádraží holešovice
    0.004 potřebuju znát za stanice a nádraží holešovice
    0.002 potřebuju na stanice nádraží holešovice
    0.000 __other__
    

2013-09-05-21-38-16.144903-CEST  MainProcess : INFO       
    #1282   Time: 2013-09-05-21-38-16.141269-CEST From: ASR        To: HUB        Command: asr_end(fname="vad-2013-09-05-21-38-10.704124.wav") 

2013-09-05-21-38-16.148458-CEST  ASR-3      : DEBUG      
    ASR: speech_start(fname="vad-2013-09-05-21-38-15.383179.wav")

2013-09-05-21-38-16.151598-CEST  MainProcess : INFO       
    #1284   Time: 2013-09-05-21-38-16.144212-CEST From: ASR        To: HUB        Command: asr_start(fname="vad-2013-09-05-21-38-15.383179.wav") 

2013-09-05-21-38-17.181519-CEST  SLU-4      : DEBUG      
    SLU Hypothesis
    ------------------------------------------------------------
    0.779 inform(from_stop="Nádraží Holešovice")
    0.219 inform(="Nádraží Holešovice")
    0.002 inform(to_stop="Nádraží Holešovice")
    

2013-09-05-21-38-17.197232-CEST  MainProcess : INFO       
    #1349   Time: 2013-09-05-21-38-17.194270-CEST From: SLU        To: HUB        Command: slu_parsed(fname="vad-2013-09-05-21-38-10.704124.wav") 

2013-09-05-21-38-17.200108-CEST  DM-5       : DEBUG      
    DDDState Dialogue Act in: inform(from_stop="Nádraží Holešovice")

2013-09-05-21-38-17.203386-CEST  DM-5       : DEBUG      
    Context Resolution - Dialogue Act: inform(from_stop="Nádraží Holešovice")

2013-09-05-21-38-17.206830-CEST  DM-5       : DEBUG      
    DDDState - Dialogue state content:
    
    ludait = none
    from_stop = Nádraží Holešovice
    silence_time = 0.0
    
    
    
    

2013-09-05-21-38-17.209642-CEST  DM-5       : DEBUG      
    DDDState - Dialogue state update
    
    Requested slots:
    {}
    Confirmed slots:
    {}
    Non-informed slots:
    {u'silence_time': 0.0, u'from_stop': u'N\xe1dra\u017e\xed Hole\u0161ovice'}

2013-09-05-21-38-17.228111-CEST  DM-5       : DEBUG      
    DM Output
    ------------------------------------------------------------
    iconfirm(from_stop="Nádraží Holešovice")&request(to_stop)
    

2013-09-05-21-38-17.242053-CEST  MainProcess : INFO       
    #1355   Time: 2013-09-05-21-38-17.238965-CEST From: DM         To: HUB        DA: iconfirm(from_stop="Nádraží Holešovice")&request(to_stop) 

2013-09-05-21-38-17.246500-CEST  NLG-6      : DEBUG      
    #1356   Time: 2013-09-05-21-38-17.243796-CEST From: HUB        To: NLG        DA: iconfirm(from_stop="Nádraží Holešovice")&request(to_stop) 

2013-09-05-21-38-17.250369-CEST  NLG-6      : DEBUG      
    NLG Output
    ------------------------------------------------------------
    Ze zastávky Nádraží Holešovice. Do jaké zastávky chcete jet?
    

2013-09-05-21-38-17.262834-CEST  MainProcess : INFO       
    #1357   Time: 2013-09-05-21-38-17.258866-CEST From: NLG        To: HUB        Command: nlg_text_generated() 

2013-09-05-21-38-17.266476-CEST  MainProcess : INFO       
    #1359   Time: 2013-09-05-21-38-17.260053-CEST From: TTS        To: HUB        Command: tts_start(user_id="None",text="Ze zastávky Nádraží Holešovice. Do jaké zastávky chcete jet?") 

2013-09-05-21-38-17.275617-CEST  MainProcess : INFO       
    #1361   Time: 2013-09-05-21-38-17.261854-CEST From: VoipIO     To: HUB        Command: play_utterance_start(user_id="None",fname="tts-2013-09-05-21-38-17.259962.wav") 

2013-09-05-21-38-17.312757-CEST  MainProcess : INFO       
    #1416   Time: 2013-09-05-21-38-17.309238-CEST From: VAD        To: HUB        Command: speech_end(fname="vad-2013-09-05-21-38-15.383179.wav") 

2013-09-05-21-38-17.315898-CEST  ASR-3      : DEBUG      
    ASR: speech_end(fname="vad-2013-09-05-21-38-15.383179.wav")

2013-09-05-21-38-17.367574-CEST  MainProcess : INFO       
    #1636   Time: 2013-09-05-21-38-17.362848-CEST From: TTS        To: HUB        Command: tts_end(user_id="None",text="Ze zastávky Nádraží Holešovice. Do jaké zastávky chcete jet?",fname="tts-2013-09-05-21-38-17.259962.wav",log="true") 

2013-09-05-21-38-17.928181-CEST  ASR-3      : DEBUG      
    ASR Hypothesis
    ------------------------------------------------------------
    0.715 stanice českolipská
    0.044 hranice českolipská
    0.040 anička českolipská
    0.037 staníček českolipská
    0.033 kanice českolipská
    0.029 staniček českolipská
    0.026 hanička českolipská
    0.022 českolipská
    0.018 janička českolipská
    0.015 stanice českolipská i
    0.011 stanice česko lipská
    0.007 stanice českodubská
    0.004 hranice česko lipská
    0.000 __other__
    

2013-09-05-21-38-17.947841-CEST  MainProcess : INFO       
    #1673   Time: 2013-09-05-21-38-17.942998-CEST From: ASR        To: HUB        Command: asr_end(fname="vad-2013-09-05-21-38-15.383179.wav") 

2013-09-05-21-38-18.433789-CEST  SLU-4      : DEBUG      
    SLU Hypothesis
    ------------------------------------------------------------
    0.978 inform(="Českolipská")
    0.022 other()
    

2013-09-05-21-38-18.448799-CEST  DM-5       : DEBUG      
    DDDState Dialogue Act in: inform(="Českolipská")

2013-09-05-21-38-18.452648-CEST  MainProcess : INFO       
    #1707   Time: 2013-09-05-21-38-18.445325-CEST From: SLU        To: HUB        Command: slu_parsed(fname="vad-2013-09-05-21-38-15.383179.wav") 

2013-09-05-21-38-18.455883-CEST  DM-5       : DEBUG      
    Context Resolution - Dialogue Act: inform(to_stop="Českolipská")&inform(="Českolipská")

2013-09-05-21-38-18.459489-CEST  DM-5       : DEBUG      
    DDDState - Dialogue state content:
    
    ludait = none
    alternative = none
    from_stop = Nádraží Holešovice
    silence_time = 0.0
    to_centre = none
    to_stop = Českolipská
    
    rh_from_stop = system-informed
    
    ch_from_stop = system-informed
    
    sh_from_stop = system-informed
    

2013-09-05-21-38-18.462854-CEST  DM-5       : DEBUG      
    DDDState - Dialogue state update
    
    Requested slots:
    {}
    Confirmed slots:
    {}
    Non-informed slots:
    {u'to_stop': u'\u010ceskolipsk\xe1', u'silence_time': 0.0}

2013-09-05-21-38-18.746904-CEST  DM-5       : DEBUG      
    DM Output
    ------------------------------------------------------------
    iconfirm(to_stop="Českolipská")&inform(found_directions="true")&inform(alternative="1")&inform(vehicle="BUS")&inform(line="201")&inform(go_at="09:53")&inform(enter_at="Nádraží Holešovice")&inform(headsign="Bakovská")&inform(exit_at="Českolipská")
    

2013-09-05-21-38-18.762838-CEST  MainProcess : INFO       
    #1727   Time: 2013-09-05-21-38-18.758747-CEST From: DM         To: HUB        DA: iconfirm(to_stop="Českolipská")&inform(found_directions="true")&inform(alternative="1")&inform(vehicle="BUS")&inform(line="201")&inform(go_at="09:53")&inform(enter_at="Nádraží Holešovice")&inform(headsign="Bakovská")&inform(exit_at="Českolipská") 

2013-09-05-21-38-18.781087-CEST  NLG-6      : DEBUG      
    #1730   Time: 2013-09-05-21-38-18.778003-CEST From: HUB        To: NLG        Command: flush() 

2013-09-05-21-38-18.784182-CEST  MainProcess : INFO       
    #1731   Time: 2013-09-05-21-38-18.781943-CEST From: NLG        To: HUB        Command: flushed() 

2013-09-05-21-38-18.789038-CEST  TTS-7      : DEBUG      
    #1732   Time: 2013-09-05-21-38-18.785035-CEST From: HUB        To: TTS        Command: flush() 

2013-09-05-21-38-18.793669-CEST  MainProcess : INFO       
    #1733   Time: 2013-09-05-21-38-18.789963-CEST From: TTS        To: HUB        Command: flushed() 

2013-09-05-21-38-18.798240-CEST  VoipIO-1   : DEBUG      
    #1734   Time: 2013-09-05-21-38-18.794574-CEST From: HUB        To: VIO        Command: flush_out() 

2013-09-05-21-38-18.803243-CEST  MainProcess : INFO       
    #1735   Time: 2013-09-05-21-38-18.799251-CEST From: VoipIO     To: HUB        Command: flushed_out() 

2013-09-05-21-38-18.807257-CEST  NLG-6      : DEBUG      
    #1736   Time: 2013-09-05-21-38-18.804283-CEST From: HUB        To: NLG        DA: iconfirm(to_stop="Českolipská")&inform(found_directions="true")&inform(alternative="1")&inform(vehicle="BUS")&inform(line="201")&inform(go_at="09:53")&inform(enter_at="Nádraží Holešovice")&inform(headsign="Bakovská")&inform(exit_at="Českolipská") 

2013-09-05-21-38-18.859805-CEST  NLG-6      : DEBUG      
    NLG Output
    ------------------------------------------------------------
    Do zastávky Českolipská. Našla jsem následující spojení. Možnost první. Jeďte autobusem číslo 201 v 09:53 ze zastávky Nádraží Holešovice směrem Bakovská. Vystupte na zastávce Českolipská.
    

2013-09-05-21-38-18.875713-CEST  MainProcess : INFO       
    #1741   Time: 2013-09-05-21-38-18.871620-CEST From: NLG        To: HUB        Command: nlg_text_generated() 

2013-09-05-21-38-18.878868-CEST  MainProcess : INFO       
    #1743   Time: 2013-09-05-21-38-18.872779-CEST From: TTS        To: HUB        Command: tts_start(user_id="None",text="Do zastávky Českolipská. Našla jsem následující spojení. Možnost první. Jeďte autobusem číslo 201 v 09:53 ze zastávky Nádraží Holešovice směrem Bakovská. Vystupte na zastávce Českolipská.") 

2013-09-05-21-38-18.892403-CEST  MainProcess : INFO       
    #1745   Time: 2013-09-05-21-38-18.874483-CEST From: VoipIO     To: HUB        Command: play_utterance_start(user_id="None",fname="tts-2013-09-05-21-38-18.872705.wav") 

2013-09-05-21-38-20.708090-CEST  MainProcess : INFO       
    #2775   Time: 2013-09-05-21-38-20.700343-CEST From: TTS        To: HUB        Command: tts_end(user_id="None",text="Do zastávky Českolipská. Našla jsem následující spojení. Možnost první. Jeďte autobusem číslo 201 v 09:53 ze zastávky Nádraží Holešovice směrem Bakovská. Vystupte na zastávce Českolipská.",fname="tts-2013-09-05-21-38-18.872705.wav",log="true") 

2013-09-05-21-38-21.797215-CEST  MainProcess : INFO       
    #2845   Time: 2013-09-05-21-38-21.794634-CEST From: VAD        To: HUB        Command: speech_start(fname="vad-2013-09-05-21-38-21.771106.wav") 

2013-09-05-21-38-21.800104-CEST  ASR-3      : DEBUG      
    ASR: speech_start(fname="vad-2013-09-05-21-38-21.771106.wav")

2013-09-05-21-38-21.802962-CEST  MainProcess : INFO       
    #2846   Time: 2013-09-05-21-38-21.795112-CEST From: ASR        To: HUB        Command: asr_start(fname="vad-2013-09-05-21-38-21.771106.wav") 

2013-09-05-21-38-22.114544-CEST  MainProcess : INFO       
    #2868   Time: 2013-09-05-21-38-22.111782-CEST From: VAD        To: HUB        Command: speech_end(fname="vad-2013-09-05-21-38-21.771106.wav") 

2013-09-05-21-38-22.117749-CEST  ASR-3      : DEBUG      
    ASR: speech_end(fname="vad-2013-09-05-21-38-21.771106.wav")

2013-09-05-21-38-22.359426-CEST  ASR-3      : DEBUG      
    ASR Hypothesis
    ------------------------------------------------------------
    1.000 __silence__
    0.000 __other__
    

2013-09-05-21-38-22.377030-CEST  MainProcess : INFO       
    #2885   Time: 2013-09-05-21-38-22.373116-CEST From: ASR        To: HUB        Command: asr_end(fname="vad-2013-09-05-21-38-21.771106.wav") 

2013-09-05-21-38-22.380109-CEST  SLU-4      : DEBUG      
    SLU Hypothesis
    ------------------------------------------------------------
    1.000 silence()
    

2013-09-05-21-38-22.397111-CEST  MainProcess : INFO       
    #2887   Time: 2013-09-05-21-38-22.393472-CEST From: SLU        To: HUB        Command: slu_parsed(fname="vad-2013-09-05-21-38-21.771106.wav") 

2013-09-05-21-38-22.400316-CEST  DM-5       : DEBUG      
    DDDState Dialogue Act in: silence()

2013-09-05-21-38-22.403410-CEST  DM-5       : DEBUG      
    Context Resolution - Dialogue Act: silence()

2013-09-05-21-38-22.407011-CEST  DM-5       : DEBUG      
    DDDState - Dialogue state content:
    
    ludait = silence
    alternative = none
    from_stop = Nádraží Holešovice
    route_alternative = 0
    silence_time = 0.0
    time = none
    to_centre = none
    to_stop = Českolipská
    
    rh_alternative = system-informed
    rh_enter_at = system-informed
    rh_exit_at = system-informed
    rh_found_directions = system-informed
    rh_from_stop = system-informed
    rh_go_at = system-informed
    rh_headsign = system-informed
    rh_line = system-informed
    rh_to_stop = system-informed
    rh_vehicle = system-informed
    
    ch_alternative = system-informed
    ch_enter_at = system-informed
    ch_exit_at = system-informed
    ch_found_directions = system-informed
    ch_from_stop = system-informed
    ch_go_at = system-informed
    ch_headsign = system-informed
    ch_line = system-informed
    ch_to_stop = system-informed
    ch_vehicle = system-informed
    
    sh_alternative = system-informed
    sh_enter_at = system-informed
    sh_exit_at = system-informed
    sh_found_directions = system-informed
    sh_from_stop = system-informed
    sh_go_at = system-informed
    sh_headsign = system-informed
    sh_line = system-informed
    sh_to_stop = system-informed
    sh_vehicle = system-informed
    

2013-09-05-21-38-22.409976-CEST  DM-5       : DEBUG      
    DDDState - Dialogue state update
    
    Requested slots:
    {}
    Confirmed slots:
    {}
    Non-informed slots:
    {u'route_alternative': 0, u'silence_time': 0.0}

2013-09-05-21-38-22.442714-CEST  DM-5       : DEBUG      
    DM Output
    ------------------------------------------------------------
    silence()
    

2013-09-05-21-38-22.461360-CEST  MainProcess : INFO       
    #2893   Time: 2013-09-05-21-38-22.457616-CEST From: DM         To: HUB        DA: silence() 

2013-09-05-21-38-23.344108-CEST  MainProcess : INFO       
    #2951   Time: 2013-09-05-21-38-23.340658-CEST From: VAD        To: HUB        Command: speech_start(fname="vad-2013-09-05-21-38-23.309153.wav") 

2013-09-05-21-38-23.347265-CEST  ASR-3      : DEBUG      
    ASR: speech_start(fname="vad-2013-09-05-21-38-23.309153.wav")

2013-09-05-21-38-23.350356-CEST  MainProcess : INFO       
    #2952   Time: 2013-09-05-21-38-23.341813-CEST From: ASR        To: HUB        Command: asr_start(fname="vad-2013-09-05-21-38-23.309153.wav") 

2013-09-05-21-38-23.961354-CEST  MainProcess : INFO       
    #2994   Time: 2013-09-05-21-38-23.958507-CEST From: VAD        To: HUB        Command: speech_end(fname="vad-2013-09-05-21-38-23.309153.wav") 

2013-09-05-21-38-23.964141-CEST  ASR-3      : DEBUG      
    ASR: speech_end(fname="vad-2013-09-05-21-38-23.309153.wav")

2013-09-05-21-38-24.340692-CEST  ASR-3      : DEBUG      
    ASR Hypothesis
    ------------------------------------------------------------
    1.000 __silence__
    0.000 __other__
    

2013-09-05-21-38-24.361142-CEST  SLU-4      : DEBUG      
    SLU Hypothesis
    ------------------------------------------------------------
    1.000 silence()
    

2013-09-05-21-38-24.364750-CEST  MainProcess : INFO       
    #3019   Time: 2013-09-05-21-38-24.357491-CEST From: ASR        To: HUB        Command: asr_end(fname="vad-2013-09-05-21-38-23.309153.wav") 

2013-09-05-21-38-24.386342-CEST  MainProcess : INFO       
    #3021   Time: 2013-09-05-21-38-24.383726-CEST From: SLU        To: HUB        Command: slu_parsed(fname="vad-2013-09-05-21-38-23.309153.wav") 

2013-09-05-21-38-24.389658-CEST  DM-5       : DEBUG      
    DDDState Dialogue Act in: silence()

2013-09-05-21-38-24.392939-CEST  DM-5       : DEBUG      
    Context Resolution - Dialogue Act: silence()

2013-09-05-21-38-24.396271-CEST  DM-5       : DEBUG      
    DDDState - Dialogue state content:
    
    ludait = silence
    alternative = none
    from_stop = Nádraží Holešovice
    route_alternative = 0
    silence_time = 0.0
    time = none
    to_centre = none
    to_stop = Českolipská
    
    rh_alternative = system-informed
    rh_enter_at = system-informed
    rh_exit_at = system-informed
    rh_found_directions = system-informed
    rh_from_stop = system-informed
    rh_go_at = system-informed
    rh_headsign = system-informed
    rh_line = system-informed
    rh_to_stop = system-informed
    rh_vehicle = system-informed
    
    ch_alternative = system-informed
    ch_enter_at = system-informed
    ch_exit_at = system-informed
    ch_found_directions = system-informed
    ch_from_stop = system-informed
    ch_go_at = system-informed
    ch_headsign = system-informed
    ch_line = system-informed
    ch_to_stop = system-informed
    ch_vehicle = system-informed
    
    sh_alternative = system-informed
    sh_enter_at = system-informed
    sh_exit_at = system-informed
    sh_found_directions = system-informed
    sh_from_stop = system-informed
    sh_go_at = system-informed
    sh_headsign = system-informed
    sh_line = system-informed
    sh_to_stop = system-informed
    sh_vehicle = system-informed
    

2013-09-05-21-38-24.399206-CEST  DM-5       : DEBUG      
    DDDState - Dialogue state update
    
    Requested slots:
    {}
    Confirmed slots:
    {}
    Non-informed slots:
    {u'route_alternative': 0, u'silence_time': 0.0}

2013-09-05-21-38-24.471845-CEST  DM-5       : DEBUG      
    DM Output
    ------------------------------------------------------------
    silence()
    

2013-09-05-21-38-24.493418-CEST  MainProcess : INFO       
    #3031   Time: 2013-09-05-21-38-24.490223-CEST From: DM         To: HUB        DA: silence() 

2013-09-05-21-38-31.524191-CEST  MainProcess : INFO       
    #3473   Time: 2013-09-05-21-38-31.520558-CEST From: VAD        To: HUB        Command: speech_start(fname="vad-2013-09-05-21-38-31.445452.wav") 

2013-09-05-21-38-31.527176-CEST  ASR-3      : DEBUG      
    ASR: speech_start(fname="vad-2013-09-05-21-38-31.445452.wav")

2013-09-05-21-38-31.530645-CEST  MainProcess : INFO       
    #3474   Time: 2013-09-05-21-38-31.521737-CEST From: ASR        To: HUB        Command: asr_start(fname="vad-2013-09-05-21-38-31.445452.wav") 

2013-09-05-21-38-32.297140-CEST  ASR-3      : DEBUG      
    ASR: speech_end(fname="vad-2013-09-05-21-38-31.445452.wav")

2013-09-05-21-38-32.300213-CEST  MainProcess : INFO       
    #3524   Time: 2013-09-05-21-38-32.294077-CEST From: VAD        To: HUB        Command: speech_end(fname="vad-2013-09-05-21-38-31.445452.wav") 

2013-09-05-21-38-32.784645-CEST  ASR-3      : DEBUG      
    ASR Hypothesis
    ------------------------------------------------------------
    1.000 __silence__
    0.000 __other__
    

2013-09-05-21-38-32.844656-CEST  MainProcess : INFO       
    #3559   Time: 2013-09-05-21-38-32.840784-CEST From: ASR        To: HUB        Command: asr_end(fname="vad-2013-09-05-21-38-31.445452.wav") 

2013-09-05-21-38-32.847703-CEST  SLU-4      : DEBUG      
    SLU Hypothesis
    ------------------------------------------------------------
    1.000 silence()
    

2013-09-05-21-38-32.875044-CEST  MainProcess : INFO       
    #3563   Time: 2013-09-05-21-38-32.871232-CEST From: SLU        To: HUB        Command: slu_parsed(fname="vad-2013-09-05-21-38-31.445452.wav") 

2013-09-05-21-38-32.878389-CEST  DM-5       : DEBUG      
    DDDState Dialogue Act in: silence()

2013-09-05-21-38-32.881639-CEST  DM-5       : DEBUG      
    Context Resolution - Dialogue Act: silence()

2013-09-05-21-38-32.885083-CEST  DM-5       : DEBUG      
    DDDState - Dialogue state content:
    
    ludait = silence
    alternative = none
    from_stop = Nádraží Holešovice
    route_alternative = 0
    silence_time = 0.0
    time = none
    to_centre = none
    to_stop = Českolipská
    
    rh_alternative = system-informed
    rh_enter_at = system-informed
    rh_exit_at = system-informed
    rh_found_directions = system-informed
    rh_from_stop = system-informed
    rh_go_at = system-informed
    rh_headsign = system-informed
    rh_line = system-informed
    rh_to_stop = system-informed
    rh_vehicle = system-informed
    
    ch_alternative = system-informed
    ch_enter_at = system-informed
    ch_exit_at = system-informed
    ch_found_directions = system-informed
    ch_from_stop = system-informed
    ch_go_at = system-informed
    ch_headsign = system-informed
    ch_line = system-informed
    ch_to_stop = system-informed
    ch_vehicle = system-informed
    
    sh_alternative = system-informed
    sh_enter_at = system-informed
    sh_exit_at = system-informed
    sh_found_directions = system-informed
    sh_from_stop = system-informed
    sh_go_at = system-informed
    sh_headsign = system-informed
    sh_line = system-informed
    sh_to_stop = system-informed
    sh_vehicle = system-informed
    

2013-09-05-21-38-32.888007-CEST  DM-5       : DEBUG      
    DDDState - Dialogue state update
    
    Requested slots:
    {}
    Confirmed slots:
    {}
    Non-informed slots:
    {u'route_alternative': 0, u'silence_time': 0.0}

2013-09-05-21-38-32.936243-CEST  DM-5       : DEBUG      
    DM Output
    ------------------------------------------------------------
    silence()
    

2013-09-05-21-38-32.963449-CEST  MainProcess : INFO       
    #3569   Time: 2013-09-05-21-38-32.958732-CEST From: DM         To: HUB        DA: silence() 

2013-09-05-21-38-33.431812-CEST  MainProcess : INFO       
    #3590   Time: 2013-09-05-21-38-33.262653-CEST From: VoipIO     To: HUB        Command: play_utterance_end(user_id="None",fname="tts-2013-09-05-21-38-18.872705.wav) 

2013-09-05-21-38-33.546276-CEST  MainProcess : INFO       
    #3609   Time: 2013-09-05-21-38-33.541444-CEST From: VAD        To: HUB        Command: speech_start(fname="vad-2013-09-05-21-38-33.495696.wav") 

2013-09-05-21-38-33.549725-CEST  ASR-3      : DEBUG      
    ASR: speech_start(fname="vad-2013-09-05-21-38-33.495696.wav")

2013-09-05-21-38-33.553050-CEST  MainProcess : INFO       
    #3611   Time: 2013-09-05-21-38-33.543283-CEST From: ASR        To: HUB        Command: asr_start(fname="vad-2013-09-05-21-38-33.495696.wav") 

2013-09-05-21-38-35.623017-CEST  MainProcess : INFO       
    #3743   Time: 2013-09-05-21-38-35.619486-CEST From: VAD        To: HUB        Command: speech_end(fname="vad-2013-09-05-21-38-33.495696.wav") 

2013-09-05-21-38-35.626318-CEST  ASR-3      : DEBUG      
    ASR: speech_end(fname="vad-2013-09-05-21-38-33.495696.wav")

2013-09-05-21-38-36.515593-CEST  ASR-3      : DEBUG      
    ASR Hypothesis
    ------------------------------------------------------------
    0.653 děkuji
    0.139 děkuj
    0.104 děkuju
    0.069 děkuji ti
    0.035 děkuji a
    0.000 __other__
    

2013-09-05-21-38-36.543450-CEST  MainProcess : INFO       
    #3800   Time: 2013-09-05-21-38-36.539663-CEST From: ASR        To: HUB        Command: asr_end(fname="vad-2013-09-05-21-38-33.495696.wav") 

2013-09-05-21-38-36.739195-CEST  SLU-4      : DEBUG      
    SLU Hypothesis
    ------------------------------------------------------------
    0.861 thankyou()
    0.139 other()
    

2013-09-05-21-38-36.767974-CEST  MainProcess : INFO       
    #3818   Time: 2013-09-05-21-38-36.764217-CEST From: SLU        To: HUB        Command: slu_parsed(fname="vad-2013-09-05-21-38-33.495696.wav") 

2013-09-05-21-38-36.771269-CEST  DM-5       : DEBUG      
    DDDState Dialogue Act in: thankyou()

2013-09-05-21-38-36.774331-CEST  DM-5       : DEBUG      
    Context Resolution - Dialogue Act: thankyou()

2013-09-05-21-38-36.777845-CEST  DM-5       : DEBUG      
    DDDState - Dialogue state content:
    
    ludait = thankyou
    alternative = none
    from_stop = Nádraží Holešovice
    route_alternative = 0
    silence_time = 0.0
    time = none
    to_centre = none
    to_stop = Českolipská
    
    rh_alternative = system-informed
    rh_enter_at = system-informed
    rh_exit_at = system-informed
    rh_found_directions = system-informed
    rh_from_stop = system-informed
    rh_go_at = system-informed
    rh_headsign = system-informed
    rh_line = system-informed
    rh_to_stop = system-informed
    rh_vehicle = system-informed
    
    ch_alternative = system-informed
    ch_enter_at = system-informed
    ch_exit_at = system-informed
    ch_found_directions = system-informed
    ch_from_stop = system-informed
    ch_go_at = system-informed
    ch_headsign = system-informed
    ch_line = system-informed
    ch_to_stop = system-informed
    ch_vehicle = system-informed
    
    sh_alternative = system-informed
    sh_enter_at = system-informed
    sh_exit_at = system-informed
    sh_found_directions = system-informed
    sh_from_stop = system-informed
    sh_go_at = system-informed
    sh_headsign = system-informed
    sh_line = system-informed
    sh_to_stop = system-informed
    sh_vehicle = system-informed
    

2013-09-05-21-38-36.781435-CEST  DM-5       : DEBUG      
    DDDState - Dialogue state update
    
    Requested slots:
    {}
    Confirmed slots:
    {}
    Non-informed slots:
    {u'route_alternative': 0, u'silence_time': 0.0}

2013-09-05-21-38-36.838300-CEST  DM-5       : DEBUG      
    DM Output
    ------------------------------------------------------------
    inform(cordiality="true")&hello()
    

2013-09-05-21-38-36.869275-CEST  MainProcess : INFO       
    #3824   Time: 2013-09-05-21-38-36.865285-CEST From: DM         To: HUB        DA: inform(cordiality="true")&hello() 

2013-09-05-21-38-36.873898-CEST  NLG-6      : DEBUG      
    #3827   Time: 2013-09-05-21-38-36.870960-CEST From: HUB        To: NLG        DA: inform(cordiality="true")&hello() 

2013-09-05-21-38-36.876894-CEST  NLG-6      : DEBUG      
    NLG Output
    ------------------------------------------------------------
    Nemáte zač. S čím Vám mohu ještě pomoci.
    

2013-09-05-21-38-36.942671-CEST  MainProcess : INFO       
    #3833   Time: 2013-09-05-21-38-36.939193-CEST From: NLG        To: HUB        Command: nlg_text_generated() 

2013-09-05-21-38-36.948025-CEST  MainProcess : INFO       
    #3836   Time: 2013-09-05-21-38-36.943600-CEST From: TTS        To: HUB        Command: tts_start(user_id="None",text="Nemáte zač. S čím Vám mohu ještě pomoci.") 

2013-09-05-21-38-37.032427-CEST  MainProcess : INFO       
    #3838   Time: 2013-09-05-21-38-36.945936-CEST From: VoipIO     To: HUB        Command: play_utterance_start(user_id="None",fname="tts-2013-09-05-21-38-36.941399.wav") 

2013-09-05-21-38-37.035563-CEST  MainProcess : INFO       
    #4022   Time: 2013-09-05-21-38-37.028376-CEST From: TTS        To: HUB        Command: tts_end(user_id="None",text="Nemáte zač. S čím Vám mohu ještě pomoci.",fname="tts-2013-09-05-21-38-36.941399.wav",log="true") 

2013-09-05-21-38-39.688373-CEST  VoipIO-1   : DEBUG      
    CallCallback::on_state : Call with "777722783" <sip:777722783@195.113.20.160> is DISCONNCTD last code = 200 (Normal call clearing)

2013-09-05-21-38-39.750669-CEST  VoipIO-1   : DEBUG      
    VoipIO::on_call_disconnected

2013-09-05-21-38-39.755754-CEST  MainProcess : INFO       
    #4192   Time: 2013-09-05-21-38-39.751423-CEST From: VoipIO     To: HUB        Command: call_disconnected(remote_uri="777722783") 

