2013-07-19-11-38-12.452136-CEST  VoipIO-1   : DEBUG      
    CallCallback::on_state : Call with "720111348" <sip:720111348@195.113.20.160> is CONNECTING last code = 200 (OK)

2013-07-19-11-38-12.456638-CEST  VoipIO-1   : DEBUG      
    VoipIO::on_call_connecting

2013-07-19-11-38-12.462163-CEST  VoipIO-1   : DEBUG      
    CallCallback::on_state : Call with "720111348" <sip:720111348@195.113.20.160> is CONFIRMED last code = 200 (OK)

2013-07-19-11-38-12.485431-CEST  MainProcess : SYSTEM-LOG 
    config = { 'ASR': { 'Google': { 'debug': False, 'language': 'cs', 'maxresults': 20},
               'Julius': { 'adinnetport': 5530,
                           'binary': '/usr/local/bin/julius',
                           'debug': False,
                           'hostname': 'localhost',
                           'jconf': { '-adport': '5530',
                                      '-b': '1000',
                                      '-b2': '100',
                                      '-cmnload': 'cmn.param',
                                      '-cmnmapweight': '200',
                                      '-cmnsave': 'cmn.param',
                                      '-confnet': '',
                                      '-fallback1pass': '',
                                      '-gprune': 'safe',
                                      '-h': '/mnt/h/jurcicek/vystadial-git/alex/resources/asr/voip_en/hmmdefs',
                                      '-hlist': '/mnt/h/jurcicek/vystadial-git/alex/resources/asr/voip_en/tiedlist',
                                      '-htkconf': '/mnt/h/jurcicek/vystadial-git/alex/resources/asr/voip_en/config',
                                      '-input': 'adinnet',
                                      '-iwsp': '',
                                      '-iwsppenalty': '0.0',
                                      '-lmp': '15.0 0.0',
                                      '-lmp2': '15.0 0.0',
                                      '-mapunk': 'UM',
                                      '-module': '10500',
                                      '-n': '50',
                                      '-nlr': '/mnt/h/jurcicek/vystadial-git/alex/resources/lm/caminfo/julius_arpa_bigram',
                                      '-no_ccd': '',
                                      '-nrl': '/mnt/h/jurcicek/vystadial-git/alex/resources/lm/caminfo/julius_arpa_rev_bigram',
                                      '-silhead': '<s>',
                                      '-siltail': '</s>',
                                      '-spmodel': 'sp',
                                      '-tmix': '4',
                                      '-v': '/mnt/h/jurcicek/vystadial-git/alex/resources/lm/caminfo/julius_dict'},
                           'jconffile': 'julius.jconf',
                           'killall': False,
                           'logfile': 'julius.log',
                           'msg_timeout': 0.3,
                           'pidfile': 'julius.pid',
                           'reuse_server': False,
                           'serverport': 10500,
                           'start_max_wait_time': 15,
                           'start_wait_time': 0.5,
                           'timeout': 2.0},
               'Kaldi': { 'LM_scale': -6666.66,
                          'hypothesis_type': 'nblist',
                          'lat_depth': 666666,
                          'model': 'TODO_path_to_model'},
               'debug': True,
               'type': 'Google'},
      'AlexOnTheBus': { 'max_turns': 120},
      'Analytics': Analytics(account_id='UA-41905278-1', domain_name='cuni.cz'),
      'Audio': { 'sample_rate': 16000, 'samples_per_frame': 256},
      'AudioIO': { 'debug': True, 'output_dir': './aio_call_log', 'play_buffer_size': 1024},
      'DM': { 'PUfalRuleDM': { 'code_submit_url': None,
                               'db_cfg': '/mnt/h/jurcicek/vystadial-git/alex/resources/../applications/CamInfoRest/cued_data/CIRdbase_V7_noloc.txt',
                               'ontology': '/mnt/h/jurcicek/vystadial-git/alex/resources/../applications/CamInfoRest/ontology.cfg',
                               'provide_code': False},
              'UfalRuleDM': { 'code_submit_url': None,
                              'db_cfg': '/mnt/h/jurcicek/vystadial-git/alex/resources/../applications/CamInfoRest/cued_data/CIRdbase_V7_noloc.txt',
                              'ontology': '/mnt/h/jurcicek/vystadial-git/alex/resources/../applications/CamInfoRest/ontology.cfg',
                              'provide_code': False},
              'basic': { 'debug': True, 'silence_timeout': 10.0},
              'debug': True,
              'dialogue_policy': { 'type': <class 'alex.applications.AlexOnTheBus.aotb_hdc_policy.AOTBHDCPolicy'>},
              'dialogue_state': { 'type': <class 'alex.components.dm.dddstate.DeterministicDiscriminativeDialogueState'>},
              'input_timeout': 3.0,
              'ontology': '/mnt/h/jurcicek/vystadial-git/alex/applications/AlexOnTheBus/data/ontology.py',
              'type': 'basic'},
      'General': { 'debug': False, 'include': ['/mnt/h/jurcicek/vystadial-git/alex/resources/private/default.cfg']},
      'Hub': { 'history_file': 'hub_history_hub.txt', 'history_length': 1000, 'main_loop_sleep_time': 0.002},
      'Logging': { 'excepthook': ExceptionHook(
            ExceptionHook
              Hook Type: log
              Hook Logger: SystemLogger(output_dir=./call_logs, stdout_log_level='DEBUG', stdout=True, file_log_level='DEBUG')),
                   'session_logger': SessionLogger(),
                   'system_logger': SystemLogger(output_dir=/net/projects/vystadial/data/call-logs/2013-05-30-alex-aotb-prototype/new, stdout_log_level='DEBUG', stdout=True, file_log_level='DEBUG'),
                   'system_name': u'Alex On The Bus - Live',
                   'version': u'1.0'},
      'NLG': { 'Template': { 'model': '/mnt/h/jurcicek/vystadial-git/alex/applications/AlexOnTheBus/nlg_templates.cfg'},
               'debug': True,
               'type': 'Template'},
      'SHub': { 'history_file': 'hub_history_shub.txt', 'history_length': 1000},
      'SLU': { 'cl-tracing': { 'cldb_fname': '/mnt/h/jurcicek/vystadial-git/alex/applications/CamInfoRest/data/database.py',
                               'do_preprocessing': True,
                               'features_type': ('ngram', 'ab_ngram'),
                               'testing': { 'max_examples': None,
                                            'min_perc': 80,
                                            'model_fname': '/mnt/h/jurcicek/vystadial-git/alex/applications/CamInfoRest/models/130516_minf60-minfc35-mind60.slu_model.gz',
                                            'renormalise': True,
                                            'threshold': None,
                                            'vanilla': True},
                               'training': { 'abstractions': ('abstract',), 'models_dir': 'models'}},
               'debug': True,
               'type': <class 'alex.applications.AlexOnTheBus.aotb_slu.AOTBSLU'>,
               <class 'alex.applications.AlexOnTheBus.aotb_slu.AOTBSLU'>: { 'cldb_fname': '/mnt/h/jurcicek/vystadial-git/alex/applications/AlexOnTheBus/data/database.py',
                                                                            'preprocessing_cls': <class 'alex.applications.AlexOnTheBus.aotb_preprocessing.AOTBSLUPreprocessing'>,
                                                                            'training': { 'models_dir': 'models'}}},
      'THub': { 'history_file': 'hub_history_thub.txt', 'history_length': 1000},
      'TTS': { 'Flite': { 'debug': False,
                          'preprocessing': '/mnt/h/jurcicek/vystadial-git/alex/resources/tts/prep_flite_en.cfg',
                          'voice': 'kal16'},
               'Google': { 'debug': False,
                           'language': 'en',
                           'preprocessing': '/mnt/h/jurcicek/vystadial-git/alex/resources/tts/prep_google_en.cfg'},
               'SpeechTech': { 'debug': True,
                               'login': 'filipjurcicek',
    # this line was removed since it included a password
                               'preprocessing': '/mnt/h/jurcicek/vystadial-git/alex/resources/tts/prep_speechtech_cs.cfg',
                               'voice': 'Iva210'},
               'VoiceRSS': { 'api_key': '3b6a9fca5d724b1c8ac34691586cdda1'},
               'VoiceRss': { 'language': 'en-gb',
                             'preprocessing': '/mnt/h/jurcicek/vystadial-git/alex/resources/tts/prep_voicerss_en.cfg'},
               'debug': True,
               'in_between_segments_silence': 0.1,
               'type': 'SpeechTech'},
      'VAD': { 'debug': False,
               'decision_frames_sil': 25,
               'decision_frames_speech': 10,
               'decision_non_speech_threshold': 0.2,
               'decision_speech_threshold': 0.7,
               'gmm': { 'ceplifter': 22,
                        'enormalise': True,
                        'filter_length': 5,
                        'frameshift': 160,
                        'framesize': 512,
                        'frontend': 'MFCC',
                        'hifreq': 3800,
                        'lofreq': 125,
                        'numceps': 12,
                        'numchans': 26,
                        'preemcoef': 0.97,
                        'sil_model': '/mnt/h/jurcicek/vystadial-git/alex/resources/vad/voip_en/vad_sil_sds_mfcc_m064_f100000.gmm',
                        'speech_model': '/mnt/h/jurcicek/vystadial-git/alex/resources/vad/voip_en/vad_speech_sds_mfcc_m064_f100000.gmm',
                        'useacc': True,
                        'usec0': False,
                        'usecmn': False,
                        'usedelta': True,
                        'usehamming': True,
                        'usepower': True,
                        'zmeansource': True},
               'power': { 'adaptation_frames': 30, 'threshold': 70, 'threshold_multiplier': 1.0},
               'speech_buffer_frames': 20,
               'type': 'gmm'},
      'VoipHub': { 'blacklist_for': 7200,
                   'call_db': u'/net/projects/vystadial/data/call-logs/2013-05-30-alex-aotb-prototype/new/call_db.pckl',
                   'hard_time_limit': 360,
                   'hard_turn_limit': 120,
                   'history_length': 1000,
                   'last_period_max_num_calls': 20,
                   'last_period_max_total_time': 1800,
                   'limit_reached_message': u'D\u011bkujeme za zavol\xe1n\xed, ale u\u017e jste volali hodn\u011b. Pros\xedm zavolejte pozd\u011bji. Na shledanou.',
                   'period': 172800,
                   'pid_file': u'/net/projects/vystadial/data/call-logs/2013-05-30-alex-aotb-prototype/new/vhub_live.pid',
                   'wait_time_before_calling_back': 10},
      'VoipIO': { 'allowed_hosts': '',
                  'allowed_phone_numbers': '(^[234567])',
                  'allowed_users': '(^[234567])',
                  'debug': True,
                  'domain': 'vystadial.ms.mff.cuni.cz',
                  'forbidden_hosts': '',
                  'forbidden_phone_number': '(^112$|^150$|^155$|^156$|^158$)',
                  'forbidden_users': '(^112$|^150$|^155$|^156$|^158$)',
    # this line was removed since it included a password
                  'pjsip_log_level': 3,
                  'reject_calls': False,
                  'user': '800899998'},
      'WebHub': { 'port': 8000},
      'corpustools': { 'get_jasr_confnets': { 'frame_size': 256, 'rt_ratio': 0.2}}}

2013-07-19-11-38-12.518886-CEST  VoipIO-1   : DEBUG      
    VoipIO::on_call_confirmed

2013-07-19-11-38-12.546509-CEST  MainProcess : INFO       
    #143163 Time: 2013-07-19-11-38-12.457991-CEST From: VoipIO     To: HUB        Command: call_connecting(remote_uri="720111348") 

2013-07-19-11-38-12.555555-CEST  MainProcess : INFO       
    #143164 Time: 2013-07-19-11-38-12.520237-CEST From: VoipIO     To: HUB        Command: call_confirmed(remote_uri="720111348") 

2013-07-19-11-38-12.579529-CEST  MainProcess : INFO       
    
    ========================================================================================================================
    Incoming call from :          720111348
    ------------------------------------------------------------------------------------------------------------------------
    Total calls:                  5
    Total time (min):             16.0
    Last period total calls:      1
    Last period total time (min): 4.1
    ------------------------------------------------------------------------------------------------------------------------
    CALL ACCEPTED
    ========================================================================================================================
    

2013-07-19-11-38-12.584721-CEST  DM-5       : DEBUG      
    #143167 Time: 2013-07-19-11-38-12.575839-CEST From: HUB        To: DM         Command: new_dialogue() 

2013-07-19-11-38-12.601826-CEST  DM-5       : DEBUG      
    DM Output
    ------------------------------------------------------------
    hello()
    

2013-07-19-11-38-12.612881-CEST  MainProcess : INFO       
    #143169 Time: 2013-07-19-11-38-12.609019-CEST From: DM         To: HUB        DA: hello() 

2013-07-19-11-38-12.623693-CEST  NLG-6      : DEBUG      
    #143170 Time: 2013-07-19-11-38-12.617502-CEST From: HUB        To: NLG        DA: hello() 

2013-07-19-11-38-12.628373-CEST  NLG-6      : DEBUG      
    NLG Output
    ------------------------------------------------------------
    Dobrý den, dovolali jste se na informace o veřejné dopravě v Praze. Hovor je nahráván. Více informací o této službě je na internetu. Jak Vám mohu pomoci. 
    

2013-07-19-11-38-12.643818-CEST  MainProcess : INFO       
    #143173 Time: 2013-07-19-11-38-12.638575-CEST From: NLG        To: HUB        Command: nlg_text_generated() 

2013-07-19-11-38-12.650247-CEST  MainProcess : INFO       
    #143175 Time: 2013-07-19-11-38-12.645343-CEST From: TTS        To: HUB        Command: tts_start(user_id="None",text="Dobrý den, dovolali jste se na informace o veřejné dopravě v Praze. Hovor je nahráván. Více informací o této službě je na internetu. Jak Vám mohu pomoci. ") 

2013-07-19-11-38-12.682181-CEST  MainProcess : INFO       
    #143178 Time: 2013-07-19-11-38-12.651010-CEST From: VoipIO     To: HUB        Command: play_utterance_start(user_id="None",fname="tts-2013-07-19-11-38-12.639698.wav") 

2013-07-19-11-38-12.990838-CEST  MainProcess : INFO       
    #143935 Time: 2013-07-19-11-38-12.980348-CEST From: TTS        To: HUB        Command: tts_end(user_id="None",text="Dobrý den, dovolali jste se na informace o veřejné dopravě v Praze. Hovor je nahráván. Více informací o této službě je na internetu. Jak Vám mohu pomoci. ",fname="tts-2013-07-19-11-38-12.639698.wav",log="true") 

2013-07-19-11-38-21.686536-CEST  MainProcess : INFO       
    #144481 Time: 2013-07-19-11-38-21.682236-CEST From: VAD        To: HUB        Command: speech_start(fname="vad-2013-07-19-11-38-21.652615.wav") 

2013-07-19-11-38-21.692358-CEST  ASR-3      : DEBUG      
    ASR: speech_start(fname="vad-2013-07-19-11-38-21.652615.wav")

2013-07-19-11-38-21.700657-CEST  MainProcess : INFO       
    #144482 Time: 2013-07-19-11-38-21.683369-CEST From: ASR        To: HUB        Command: asr_start(fname="vad-2013-07-19-11-38-21.652615.wav") 

2013-07-19-11-38-22.958831-CEST  ASR-3      : DEBUG      
    ASR: speech_end(fname="vad-2013-07-19-11-38-21.652615.wav")

2013-07-19-11-38-22.964035-CEST  MainProcess : INFO       
    #144564 Time: 2013-07-19-11-38-22.949634-CEST From: VAD        To: HUB        Command: speech_end(fname="vad-2013-07-19-11-38-21.652615.wav") 

2013-07-19-11-38-23.222302-CEST  MainProcess : INFO       
    #144582 Time: 2013-07-19-11-38-23.214397-CEST From: VAD        To: HUB        Command: speech_start(fname="vad-2013-07-19-11-38-23.196337.wav") 

2013-07-19-11-38-23.516439-CEST  ASR-3      : DEBUG      
    ASR Hypothesis
    ------------------------------------------------------------
    1.000 __silence__
    0.000 __other__
    

2013-07-19-11-38-23.538831-CEST  MainProcess : INFO       
    #144603 Time: 2013-07-19-11-38-23.533677-CEST From: ASR        To: HUB        Command: asr_end(fname="vad-2013-07-19-11-38-21.652615.wav") 

2013-07-19-11-38-23.550673-CEST  SLU-4      : DEBUG      
    SLU Hypothesis
    ------------------------------------------------------------
    1.000 silence()
    

2013-07-19-11-38-23.555832-CEST  ASR-3      : DEBUG      
    ASR: speech_start(fname="vad-2013-07-19-11-38-23.196337.wav")

2013-07-19-11-38-23.564483-CEST  MainProcess : INFO       
    #144605 Time: 2013-07-19-11-38-23.536890-CEST From: ASR        To: HUB        Command: asr_start(fname="vad-2013-07-19-11-38-23.196337.wav") 

2013-07-19-11-38-23.569618-CEST  MainProcess : INFO       
    #144606 Time: 2013-07-19-11-38-23.564110-CEST From: SLU        To: HUB        Command: slu_parsed(fname="vad-2013-07-19-11-38-21.652615.wav") 

2013-07-19-11-38-23.574838-CEST  DM-5       : DEBUG      
    DDDState Dialogue Act in: silence()

2013-07-19-11-38-23.583928-CEST  DM-5       : DEBUG      
    Context Resolution - Dialogue Act: silence()

2013-07-19-11-38-23.588203-CEST  DM-5       : DEBUG      
    DDDState - Dialogue state content:
    
    ludait = silence
    silence_time = 0.0
    
    
    
    

2013-07-19-11-38-23.598010-CEST  DM-5       : DEBUG      
    DDDState - Dialogue state update
    
    Requested slots:
    {}
    Confirmed slots:
    {}
    Non-informed slots:
    {u'silence_time': 0.0}

2013-07-19-11-38-23.631089-CEST  MainProcess : INFO       
    #144613 Time: 2013-07-19-11-38-23.624273-CEST From: VAD        To: HUB        Command: speech_end(fname="vad-2013-07-19-11-38-23.196337.wav") 

2013-07-19-11-38-23.641369-CEST  DM-5       : DEBUG      
    DM Output
    ------------------------------------------------------------
    silence()
    

2013-07-19-11-38-23.656407-CEST  ASR-3      : DEBUG      
    ASR: speech_end(fname="vad-2013-07-19-11-38-23.196337.wav")

2013-07-19-11-38-23.667090-CEST  MainProcess : INFO       
    #144618 Time: 2013-07-19-11-38-23.661352-CEST From: DM         To: HUB        DA: silence() 

2013-07-19-11-38-23.885136-CEST  ASR-3      : DEBUG      
    ASR Hypothesis
    ------------------------------------------------------------
    1.000 __silence__
    0.000 __other__
    

2013-07-19-11-38-23.904160-CEST  SLU-4      : DEBUG      
    SLU Hypothesis
    ------------------------------------------------------------
    1.000 silence()
    

2013-07-19-11-38-23.913059-CEST  MainProcess : INFO       
    #144633 Time: 2013-07-19-11-38-23.899091-CEST From: ASR        To: HUB        Command: asr_end(fname="vad-2013-07-19-11-38-23.196337.wav") 

2013-07-19-11-38-23.930524-CEST  MainProcess : INFO       
    #144637 Time: 2013-07-19-11-38-23.925409-CEST From: SLU        To: HUB        Command: slu_parsed(fname="vad-2013-07-19-11-38-23.196337.wav") 

2013-07-19-11-38-23.934813-CEST  DM-5       : DEBUG      
    DDDState Dialogue Act in: silence()

2013-07-19-11-38-23.943918-CEST  DM-5       : DEBUG      
    Context Resolution - Dialogue Act: silence()

2013-07-19-11-38-23.948354-CEST  DM-5       : DEBUG      
    DDDState - Dialogue state content:
    
    ludait = silence
    silence_time = 0.0
    
    
    
    

2013-07-19-11-38-23.956766-CEST  DM-5       : DEBUG      
    DDDState - Dialogue state update
    
    Requested slots:
    {}
    Confirmed slots:
    {}
    Non-informed slots:
    {u'silence_time': 0.0}

2013-07-19-11-38-23.992947-CEST  DM-5       : DEBUG      
    DM Output
    ------------------------------------------------------------
    silence()
    

2013-07-19-11-38-24.013070-CEST  MainProcess : INFO       
    #144643 Time: 2013-07-19-11-38-24.009104-CEST From: DM         To: HUB        DA: silence() 

2013-07-19-11-38-24.473564-CEST  MainProcess : INFO       
    #144652 Time: 2013-07-19-11-38-24.115741-CEST From: VoipIO     To: HUB        Command: play_utterance_end(user_id="None",fname="tts-2013-07-19-11-38-12.639698.wav) 

2013-07-19-11-38-26.805771-CEST  MainProcess : INFO       
    #144822 Time: 2013-07-19-11-38-26.801281-CEST From: VAD        To: HUB        Command: speech_start(fname="vad-2013-07-19-11-38-26.772657.wav") 

2013-07-19-11-38-26.812905-CEST  ASR-3      : DEBUG      
    ASR: speech_start(fname="vad-2013-07-19-11-38-26.772657.wav")

2013-07-19-11-38-26.817964-CEST  MainProcess : INFO       
    #144823 Time: 2013-07-19-11-38-26.802275-CEST From: ASR        To: HUB        Command: asr_start(fname="vad-2013-07-19-11-38-26.772657.wav") 

2013-07-19-11-38-29.674356-CEST  ASR-3      : DEBUG      
    ASR: speech_end(fname="vad-2013-07-19-11-38-26.772657.wav")

2013-07-19-11-38-29.679492-CEST  MainProcess : INFO       
    #145004 Time: 2013-07-19-11-38-29.667538-CEST From: VAD        To: HUB        Command: speech_end(fname="vad-2013-07-19-11-38-26.772657.wav") 

2013-07-19-11-38-30.879557-CEST  ASR-3      : DEBUG      
    ASR Hypothesis
    ------------------------------------------------------------
    0.662 hledám spojení s karlovo náměstí anděl
    0.052 hledám spojení s karlovo náměstí na anděl
    0.048 prodám spojení s karlovo náměstí anděl
    0.043 hledám spojení karlovo náměstí anděl
    0.039 hledám spojení s karlova náměstí anděl
    0.035 prodám spojení s karlovo náměstí na anděl
    0.030 hledám spojení karlovo náměstí na anděl
    0.026 prodám spojení karlovo náměstí anděl
    0.022 hledam spojení s karlovo náměstí anděl
    0.017 prodám spojení s karlova náměstí anděl
    0.013 adam spojení s karlovo náměstí anděl
    0.009 hledám spojení s karlové náměstí anděl
    0.004 prodám spojení karlovo náměstí na anděl
    0.000 __other__
    

2013-07-19-11-38-30.905722-CEST  MainProcess : INFO       
    #145082 Time: 2013-07-19-11-38-30.896923-CEST From: ASR        To: HUB        Command: asr_end(fname="vad-2013-07-19-11-38-26.772657.wav") 

2013-07-19-11-38-31.696143-CEST  SLU-4      : DEBUG      
    SLU Hypothesis
    ------------------------------------------------------------
    0.991 inform(to_stop="Anděl")
    0.991 inform(from_stop="Karlovo náměstí")
    0.009 inform(="Anděl")
    

2013-07-19-11-38-31.712123-CEST  MainProcess : INFO       
    #145135 Time: 2013-07-19-11-38-31.707892-CEST From: SLU        To: HUB        Command: slu_parsed(fname="vad-2013-07-19-11-38-26.772657.wav") 

2013-07-19-11-38-31.716152-CEST  DM-5       : DEBUG      
    DDDState Dialogue Act in: inform(to_stop="Anděl")&inform(from_stop="Karlovo náměstí")

2013-07-19-11-38-31.720199-CEST  DM-5       : DEBUG      
    Context Resolution - Dialogue Act: inform(to_stop="Anděl")&inform(from_stop="Karlovo náměstí")

2013-07-19-11-38-31.726492-CEST  DM-5       : DEBUG      
    DDDState - Dialogue state content:
    
    ludait = none
    from_stop = Karlovo náměstí
    silence_time = 0.0
    to_stop = Anděl
    
    
    
    

2013-07-19-11-38-31.730360-CEST  DM-5       : DEBUG      
    DDDState - Dialogue state update
    
    Requested slots:
    {}
    Confirmed slots:
    {}
    Non-informed slots:
    {u'to_stop': u'And\u011bl', u'silence_time': 0.0, u'from_stop': u'Karlovo n\xe1m\u011bst\xed'}

2013-07-19-11-38-32.235657-CEST  DM-5       : DEBUG      
    DM Output
    ------------------------------------------------------------
    iconfirm(to_stop="Anděl")&iconfirm(from_stop="Karlovo náměstí")&inform(found_directions="true")&inform(alternative="1")&inform(vehicle="TRAM")&inform(line="16")&inform(go_at="11:41")&inform(enter_at="Karlovo náměstí")&inform(headsign="Kotlářka")&inform(exit_at="Anděl")
    

2013-07-19-11-38-32.259326-CEST  MainProcess : INFO       
    #145170 Time: 2013-07-19-11-38-32.254355-CEST From: DM         To: HUB        DA: iconfirm(to_stop="Anděl")&iconfirm(from_stop="Karlovo náměstí")&inform(found_directions="true")&inform(alternative="1")&inform(vehicle="TRAM")&inform(line="16")&inform(go_at="11:41")&inform(enter_at="Karlovo náměstí")&inform(headsign="Kotlářka")&inform(exit_at="Anděl") 

2013-07-19-11-38-32.267936-CEST  NLG-6      : DEBUG      
    #145171 Time: 2013-07-19-11-38-32.262325-CEST From: HUB        To: NLG        DA: iconfirm(to_stop="Anděl")&iconfirm(from_stop="Karlovo náměstí")&inform(found_directions="true")&inform(alternative="1")&inform(vehicle="TRAM")&inform(line="16")&inform(go_at="11:41")&inform(enter_at="Karlovo náměstí")&inform(headsign="Kotlářka")&inform(exit_at="Anděl") 

2013-07-19-11-38-32.418018-CEST  NLG-6      : DEBUG      
    NLG Output
    ------------------------------------------------------------
    Chcete jet do zastávky Anděl. Chcete jet ze zastávky Karlovo náměstí. Našla jsem následující spojení. Možnost první. Jeďte tramvají číslo 16 v 11:41 ze zastávky Karlovo náměstí směrem Kotlářka. Vystupte na zastávce Anděl.
    

2013-07-19-11-38-32.452079-CEST  MainProcess : INFO       
    #145184 Time: 2013-07-19-11-38-32.446301-CEST From: NLG        To: HUB        Command: nlg_text_generated() 

2013-07-19-11-38-32.463393-CEST  MainProcess : INFO       
    #145186 Time: 2013-07-19-11-38-32.453400-CEST From: TTS        To: HUB        Command: tts_start(user_id="None",text="Chcete jet do zastávky Anděl. Chcete jet ze zastávky Karlovo náměstí. Našla jsem následující spojení. Možnost první. Jeďte tramvají číslo 16 v 11:41 ze zastávky Karlovo náměstí směrem Kotlářka. Vystupte na zastávce Anděl.") 

2013-07-19-11-38-32.632062-CEST  MainProcess : INFO       
    #145189 Time: 2013-07-19-11-38-32.461108-CEST From: VoipIO     To: HUB        Command: play_utterance_start(user_id="None",fname="tts-2013-07-19-11-38-32.448726.wav") 

2013-07-19-11-38-32.759292-CEST  VoipIO-1   : INFO       
    11:38:32.755    pjsua_acc.c  ....<sip:800899998@vystadial.ms.mff.cuni.cz>: registration success, status=200 (OK), will re-register in 300 seconds
    

2013-07-19-11-38-35.520221-CEST  MainProcess : INFO       
    #146626 Time: 2013-07-19-11-38-35.315956-CEST From: TTS        To: HUB        Command: tts_end(user_id="None",text="Chcete jet do zastávky Anděl. Chcete jet ze zastávky Karlovo náměstí. Našla jsem následující spojení. Možnost první. Jeďte tramvají číslo 16 v 11:41 ze zastávky Karlovo náměstí směrem Kotlářka. Vystupte na zastávce Anděl.",fname="tts-2013-07-19-11-38-32.448726.wav",log="true") 

2013-07-19-11-38-41.625174-CEST  ASR-3      : DEBUG      
    ASR: speech_start(fname="vad-2013-07-19-11-38-41.565712.wav")

2013-07-19-11-38-41.633665-CEST  MainProcess : INFO       
    #147020 Time: 2013-07-19-11-38-41.609705-CEST From: VAD        To: HUB        Command: speech_start(fname="vad-2013-07-19-11-38-41.565712.wav") 

2013-07-19-11-38-41.640586-CEST  MainProcess : INFO       
    #147021 Time: 2013-07-19-11-38-41.610041-CEST From: ASR        To: HUB        Command: asr_start(fname="vad-2013-07-19-11-38-41.565712.wav") 

2013-07-19-11-38-43.322606-CEST  ASR-3      : DEBUG      
    ASR: speech_end(fname="vad-2013-07-19-11-38-41.565712.wav")

2013-07-19-11-38-43.327614-CEST  MainProcess : INFO       
    #147131 Time: 2013-07-19-11-38-43.318406-CEST From: VAD        To: HUB        Command: speech_end(fname="vad-2013-07-19-11-38-41.565712.wav") 

2013-07-19-11-38-43.711548-CEST  ASR-3      : DEBUG      
    ASR Hypothesis
    ------------------------------------------------------------
    1.000 __silence__
    0.000 __other__
    

2013-07-19-11-38-43.736626-CEST  MainProcess : INFO       
    #147157 Time: 2013-07-19-11-38-43.732438-CEST From: ASR        To: HUB        Command: asr_end(fname="vad-2013-07-19-11-38-41.565712.wav") 

2013-07-19-11-38-43.741310-CEST  SLU-4      : DEBUG      
    SLU Hypothesis
    ------------------------------------------------------------
    1.000 silence()
    

2013-07-19-11-38-43.773031-CEST  MainProcess : INFO       
    #147162 Time: 2013-07-19-11-38-43.768301-CEST From: SLU        To: HUB        Command: slu_parsed(fname="vad-2013-07-19-11-38-41.565712.wav") 

2013-07-19-11-38-43.777791-CEST  DM-5       : DEBUG      
    DDDState Dialogue Act in: silence()

2013-07-19-11-38-43.786473-CEST  DM-5       : DEBUG      
    Context Resolution - Dialogue Act: silence()

2013-07-19-11-38-43.791503-CEST  DM-5       : DEBUG      
    DDDState - Dialogue state content:
    
    ludait = silence
    alternative = none
    from_stop = Karlovo náměstí
    route_alternative = 0
    silence_time = 0.0
    time = none
    to_stop = Anděl
    
    rh_alternative = system-informed
    rh_enter_at = system-informed
    rh_exit_at = system-informed
    rh_found_directions = system-informed
    rh_from_stop = system-informed
    rh_go_at = system-informed
    rh_headsign = system-informed
    rh_line = system-informed
    rh_to_stop = system-informed
    rh_vehicle = system-informed
    
    ch_alternative = system-informed
    ch_enter_at = system-informed
    ch_exit_at = system-informed
    ch_found_directions = system-informed
    ch_from_stop = system-informed
    ch_go_at = system-informed
    ch_headsign = system-informed
    ch_line = system-informed
    ch_to_stop = system-informed
    ch_vehicle = system-informed
    
    sh_alternative = system-informed
    sh_enter_at = system-informed
    sh_exit_at = system-informed
    sh_found_directions = system-informed
    sh_from_stop = system-informed
    sh_go_at = system-informed
    sh_headsign = system-informed
    sh_line = system-informed
    sh_to_stop = system-informed
    sh_vehicle = system-informed
    

2013-07-19-11-38-43.798949-CEST  DM-5       : DEBUG      
    DDDState - Dialogue state update
    
    Requested slots:
    {}
    Confirmed slots:
    {}
    Non-informed slots:
    {u'route_alternative': 0, u'silence_time': 0.0}

2013-07-19-11-38-43.866900-CEST  DM-5       : DEBUG      
    DM Output
    ------------------------------------------------------------
    silence()
    

2013-07-19-11-38-44.044045-CEST  MainProcess : INFO       
    #147180 Time: 2013-07-19-11-38-44.040085-CEST From: DM         To: HUB        DA: silence() 

2013-07-19-11-38-52.635103-CEST  MainProcess : INFO       
    #147673 Time: 2013-07-19-11-38-51.898823-CEST From: VoipIO     To: HUB        Command: play_utterance_end(user_id="None",fname="tts-2013-07-19-11-38-32.448726.wav) 

2013-07-19-11-38-54.786774-CEST  ASR-3      : DEBUG      
    ASR: speech_start(fname="vad-2013-07-19-11-38-54.747635.wav")

2013-07-19-11-38-54.790791-CEST  MainProcess : INFO       
    #147855 Time: 2013-07-19-11-38-54.781709-CEST From: VAD        To: HUB        Command: speech_start(fname="vad-2013-07-19-11-38-54.747635.wav") 

2013-07-19-11-38-54.799907-CEST  MainProcess : INFO       
    #147856 Time: 2013-07-19-11-38-54.782145-CEST From: ASR        To: HUB        Command: asr_start(fname="vad-2013-07-19-11-38-54.747635.wav") 

2013-07-19-11-38-56.242661-CEST  ASR-3      : DEBUG      
    ASR: speech_end(fname="vad-2013-07-19-11-38-54.747635.wav")

2013-07-19-11-38-56.251484-CEST  MainProcess : INFO       
    #147949 Time: 2013-07-19-11-38-56.235673-CEST From: VAD        To: HUB        Command: speech_end(fname="vad-2013-07-19-11-38-54.747635.wav") 

2013-07-19-11-38-56.854936-CEST  ASR-3      : DEBUG      
    ASR Hypothesis
    ------------------------------------------------------------
    0.588 děkuji nashle
    0.059 děkuju nashle
    0.054 nashle
    0.050 na skále
    0.045 dekuju nashle
    0.041 děkuju na skále
    0.036 jakub nashle
    0.032 děkuji nashle i
    0.027 děkuju nashle i
    0.023 nah nah
    0.018 mikulov nashle
    0.014 nah
    0.009 děkuju nah
    0.005 děkuji na skále
    0.000 __other__
    

2013-07-19-11-38-56.893574-CEST  MainProcess : INFO       
    #147991 Time: 2013-07-19-11-38-56.888960-CEST From: ASR        To: HUB        Command: asr_end(fname="vad-2013-07-19-11-38-54.747635.wav") 

2013-07-19-11-38-57.719011-CEST  SLU-4      : DEBUG      
    SLU Hypothesis
    ------------------------------------------------------------
    0.860 bye()
    0.760 thankyou()
    0.086 other()
    0.018 inform(="Mikulova")
    

2013-07-19-11-38-57.744232-CEST  DM-5       : DEBUG      
    DDDState Dialogue Act in: bye()&thankyou()

2013-07-19-11-38-57.751451-CEST  MainProcess : INFO       
    #148045 Time: 2013-07-19-11-38-57.739819-CEST From: SLU        To: HUB        Command: slu_parsed(fname="vad-2013-07-19-11-38-54.747635.wav") 

2013-07-19-11-38-57.756373-CEST  DM-5       : DEBUG      
    Context Resolution - Dialogue Act: bye()&thankyou()

2013-07-19-11-38-57.759846-CEST  DM-5       : DEBUG      
    DDDState - Dialogue state content:
    
    ludait = thankyou
    alternative = none
    from_stop = Karlovo náměstí
    route_alternative = 0
    silence_time = 0.0
    time = none
    to_stop = Anděl
    
    rh_alternative = system-informed
    rh_enter_at = system-informed
    rh_exit_at = system-informed
    rh_found_directions = system-informed
    rh_from_stop = system-informed
    rh_go_at = system-informed
    rh_headsign = system-informed
    rh_line = system-informed
    rh_to_stop = system-informed
    rh_vehicle = system-informed
    
    ch_alternative = system-informed
    ch_enter_at = system-informed
    ch_exit_at = system-informed
    ch_found_directions = system-informed
    ch_from_stop = system-informed
    ch_go_at = system-informed
    ch_headsign = system-informed
    ch_line = system-informed
    ch_to_stop = system-informed
    ch_vehicle = system-informed
    
    sh_alternative = system-informed
    sh_enter_at = system-informed
    sh_exit_at = system-informed
    sh_found_directions = system-informed
    sh_from_stop = system-informed
    sh_go_at = system-informed
    sh_headsign = system-informed
    sh_line = system-informed
    sh_to_stop = system-informed
    sh_vehicle = system-informed
    

2013-07-19-11-38-57.769273-CEST  DM-5       : DEBUG      
    DDDState - Dialogue state update
    
    Requested slots:
    {}
    Confirmed slots:
    {}
    Non-informed slots:
    {u'route_alternative': 0, u'silence_time': 0.0}

2013-07-19-11-38-57.816979-CEST  DM-5       : DEBUG      
    DM Output
    ------------------------------------------------------------
    inform(cordiality="true")&hello()
    

2013-07-19-11-38-57.849480-CEST  MainProcess : INFO       
    #148055 Time: 2013-07-19-11-38-57.843427-CEST From: DM         To: HUB        DA: inform(cordiality="true")&hello() 

2013-07-19-11-38-57.855837-CEST  NLG-6      : DEBUG      
    #148056 Time: 2013-07-19-11-38-57.851628-CEST From: HUB        To: NLG        DA: inform(cordiality="true")&hello() 

2013-07-19-11-38-57.863428-CEST  NLG-6      : DEBUG      
    NLG Output
    ------------------------------------------------------------
    Nemáte zač. S čím Vám mohu ještě pomoci.
    

2013-07-19-11-38-57.892213-CEST  MainProcess : INFO       
    #148060 Time: 2013-07-19-11-38-57.887799-CEST From: NLG        To: HUB        Command: nlg_text_generated() 

2013-07-19-11-38-57.895148-CEST  MainProcess : INFO       
    #148062 Time: 2013-07-19-11-38-57.889160-CEST From: TTS        To: HUB        Command: tts_start(user_id="None",text="Nemáte zač. S čím Vám mohu ještě pomoci.") 

2013-07-19-11-38-57.925635-CEST  MainProcess : INFO       
    #148065 Time: 2013-07-19-11-38-57.897017-CEST From: VoipIO     To: HUB        Command: play_utterance_start(user_id="None",fname="tts-2013-07-19-11-38-57.889035.wav") 

2013-07-19-11-38-57.977430-CEST  MainProcess : INFO       
    #148289 Time: 2013-07-19-11-38-57.972792-CEST From: TTS        To: HUB        Command: tts_end(user_id="None",text="Nemáte zač. S čím Vám mohu ještě pomoci.",fname="tts-2013-07-19-11-38-57.889035.wav",log="true") 

2013-07-19-11-38-58.587134-CEST  VoipIO-1   : DEBUG      
    CallCallback::on_state : Call with "720111348" <sip:720111348@195.113.20.160> is DISCONNCTD last code = 200 (Normal call clearing)

2013-07-19-11-38-58.799580-CEST  VoipIO-1   : DEBUG      
    VoipIO::on_call_disconnected

2013-07-19-11-38-58.807353-CEST  MainProcess : INFO       
    #148328 Time: 2013-07-19-11-38-58.800717-CEST From: VoipIO     To: HUB        Command: call_disconnected(remote_uri="720111348") 

