2013-07-04-09-50-42.949306-COT  VoipIO-1   : DEBUG      
    CallCallback::on_media_state : Media is now active

2013-07-04-09-50-42.950824-COT  VoipIO-1   : DEBUG      
    CallCallback::on_state : Call with "Anonymous" <sip:anonymous@195.113.20.69> is CONNECTING last code = 200 (OK)

2013-07-04-09-50-42.951249-COT  VoipIO-1   : DEBUG      
    VoipIO::on_call_connecting

2013-07-04-09-50-42.979178-COT  MainProcess : SYSTEM-LOG 
    config = { 'ASR': { 'Google': { 'debug': False, 'language': 'cs', 'maxresults': 20},
               'Julius': { 'adinnetport': 5530,
                           'binary': '/usr/local/bin/julius',
                           'debug': False,
                           'hostname': 'localhost',
                           'jconf': { '-adport': '5530',
                                      '-b': '1000',
                                      '-b2': '100',
                                      '-cmnload': 'cmn.param',
                                      '-cmnmapweight': '200',
                                      '-cmnsave': 'cmn.param',
                                      '-confnet': '',
                                      '-fallback1pass': '',
                                      '-gprune': 'safe',
                                      '-h': '/home/jurcicek/vystadial-git/alex/resources/asr/voip_en/hmmdefs',
                                      '-hlist': '/home/jurcicek/vystadial-git/alex/resources/asr/voip_en/tiedlist',
                                      '-htkconf': '/home/jurcicek/vystadial-git/alex/resources/asr/voip_en/config',
                                      '-input': 'adinnet',
                                      '-iwsp': '',
                                      '-iwsppenalty': '0.0',
                                      '-lmp': '15.0 0.0',
                                      '-lmp2': '15.0 0.0',
                                      '-mapunk': 'UM',
                                      '-module': '10500',
                                      '-n': '50',
                                      '-nlr': '/home/jurcicek/vystadial-git/alex/resources/lm/caminfo/julius_arpa_bigram',
                                      '-no_ccd': '',
                                      '-nrl': '/home/jurcicek/vystadial-git/alex/resources/lm/caminfo/julius_arpa_rev_bigram',
                                      '-silhead': '<s>',
                                      '-siltail': '</s>',
                                      '-spmodel': 'sp',
                                      '-tmix': '4',
                                      '-v': '/home/jurcicek/vystadial-git/alex/resources/lm/caminfo/julius_dict'},
                           'jconffile': 'julius.jconf',
                           'killall': False,
                           'logfile': 'julius.log',
                           'msg_timeout': 0.3,
                           'pidfile': 'julius.pid',
                           'reuse_server': False,
                           'serverport': 10500,
                           'start_max_wait_time': 15,
                           'start_wait_time': 0.5,
                           'timeout': 2.0},
               'Kaldi': { 'LM_scale': -6666.66,
                          'hypothesis_type': 'nblist',
                          'lat_depth': 666666,
                          'model': 'TODO_path_to_model'},
               'debug': True,
               'type': 'Google'},
      'AlexOnTheBus': { 'max_turns': 30},
      'Analytics': Analytics(account_id='UA-41905278-1', domain_name='cuni.cz'),
      'Audio': { 'sample_rate': 16000, 'samples_per_frame': 256},
      'AudioIO': { 'debug': True, 'output_dir': './aio_call_log', 'play_buffer_size': 1024},
      'DM': { 'PUfalRuleDM': { 'code_submit_url': None,
                               'db_cfg': '/home/jurcicek/vystadial-git/alex/resources/../applications/CamInfoRest/cued_data/CIRdbase_V7_noloc.txt',
                               'ontology': '/home/jurcicek/vystadial-git/alex/resources/../applications/CamInfoRest/ontology.cfg',
                               'provide_code': False},
              'UfalRuleDM': { 'code_submit_url': None,
                              'db_cfg': '/home/jurcicek/vystadial-git/alex/resources/../applications/CamInfoRest/cued_data/CIRdbase_V7_noloc.txt',
                              'ontology': '/home/jurcicek/vystadial-git/alex/resources/../applications/CamInfoRest/ontology.cfg',
                              'provide_code': False},
              'basic': { 'debug': True, 'silence_timeout': 10.0},
              'debug': True,
              'dialogue_policy': { 'type': <class 'alex.applications.AlexOnTheBus.aotb_hdc_policy.AOTBHDCPolicy'>},
              'dialogue_state': { 'type': <class 'alex.components.dm.dddstate.DeterministicDiscriminativeDialogueState'>},
              'input_timeout': 3.0,
              'ontology': '/home/jurcicek/vystadial-git/alex/applications/AlexOnTheBus/data/ontology.py',
              'type': 'basic'},
      'General': { 'debug': False, 'include': ['/home/jurcicek/vystadial-git/alex/resources/private/default.cfg']},
      'Hub': { 'history_file': 'hub_history_hub.txt', 'history_length': 1000, 'main_loop_sleep_time': 0.002},
      'Logging': { 'excepthook': ExceptionHook(
            ExceptionHook
              Hook Type: log
              Hook Logger: SystemLogger(output_dir=./call_logs, stdout_log_level='DEBUG', stdout=True, file_log_level='DEBUG')),
                   'session_logger': SessionLogger(),
                   'system_logger': SystemLogger(output_dir=./call_logs, stdout_log_level='DEBUG', stdout=True, file_log_level='DEBUG'),
                   'system_name': 'Alex On The Bus',
                   'version': '1.0'},
      'NLG': { 'Template': { 'model': '/home/jurcicek/vystadial-git/alex/applications/AlexOnTheBus/nlg_templates.cfg'},
               'debug': True,
               'type': 'Template'},
      'SHub': { 'history_file': 'hub_history_shub.txt', 'history_length': 1000},
      'SLU': { 'cl-tracing': { 'cldb_fname': '/home/jurcicek/vystadial-git/alex/applications/CamInfoRest/data/database.py',
                               'do_preprocessing': True,
                               'features_type': ('ngram', 'ab_ngram'),
                               'testing': { 'max_examples': None,
                                            'min_perc': 80,
                                            'model_fname': '/home/jurcicek/vystadial-git/alex/applications/CamInfoRest/models/130516_minf60-minfc35-mind60.slu_model.gz',
                                            'renormalise': True,
                                            'threshold': None,
                                            'vanilla': True},
                               'training': { 'abstractions': ('abstract',), 'models_dir': 'models'}},
               'debug': True,
               'type': <class 'alex.applications.AlexOnTheBus.aotb_slu.AOTBSLU'>,
               <class 'alex.applications.AlexOnTheBus.aotb_slu.AOTBSLU'>: { 'cldb_fname': '/home/jurcicek/vystadial-git/alex/applications/AlexOnTheBus/data/database.py',
                                                                            'preprocessing_cls': <class 'alex.applications.AlexOnTheBus.aotb_preprocessing.AOTBSLUPreprocessing'>,
                                                                            'training': { 'models_dir': 'models'}}},
      'THub': { 'history_file': 'hub_history_thub.txt', 'history_length': 1000},
      'TTS': { 'Flite': { 'debug': False,
                          'preprocessing': '/home/jurcicek/vystadial-git/alex/resources/tts/prep_flite_en.cfg',
                          'voice': 'kal16'},
               'Google': { 'debug': False,
                           'language': 'en',
                           'preprocessing': '/home/jurcicek/vystadial-git/alex/resources/tts/prep_google_en.cfg'},
               'SpeechTech': { 'debug': True,
                               'login': 'filipjurcicek',
    # this line was removed since it included a password
                               'preprocessing': '/home/jurcicek/vystadial-git/alex/resources/tts/prep_speechtech_cs.cfg',
                               'voice': 'Iva210'},
               'VoiceRSS': { 'api_key': '3b6a9fca5d724b1c8ac34691586cdda1'},
               'VoiceRss': { 'language': 'en-gb',
                             'preprocessing': '/home/jurcicek/vystadial-git/alex/resources/tts/prep_voicerss_en.cfg'},
               'debug': True,
               'in_between_segments_silence': 0.1,
               'type': 'SpeechTech'},
      'VAD': { 'debug': False,
               'decision_frames_sil': 25,
               'decision_frames_speech': 10,
               'decision_non_speech_threshold': 0.2,
               'decision_speech_threshold': 0.7,
               'gmm': { 'ceplifter': 22,
                        'enormalise': True,
                        'filter_length': 5,
                        'frameshift': 160,
                        'framesize': 512,
                        'frontend': 'MFCC',
                        'hifreq': 3800,
                        'lofreq': 125,
                        'numceps': 12,
                        'numchans': 26,
                        'preemcoef': 0.97,
                        'sil_model': '/home/jurcicek/vystadial-git/alex/resources/vad/voip_en/vad_sil_sds_mfcc_m064_f100000.gmm',
                        'speech_model': '/home/jurcicek/vystadial-git/alex/resources/vad/voip_en/vad_speech_sds_mfcc_m064_f100000.gmm',
                        'useacc': True,
                        'usec0': False,
                        'usecmn': False,
                        'usedelta': True,
                        'usehamming': True,
                        'usepower': True,
                        'zmeansource': True},
               'power': { 'adaptation_frames': 30, 'threshold': 70, 'threshold_multiplier': 1.0},
               'speech_buffer_frames': 20,
               'type': 'gmm'},
      'VoipHub': { 'blacklist_for': 7200,
                   'call_db': '/home/jurcicek/vystadial-git/alex/applications/AlexOnTheBus/call_db.pckl',
                   'hard_time_limit': 360,
                   'hard_turn_limit': 40,
                   'history_length': 1000,
                   'last_period_max_num_calls': 100,
                   'last_period_max_total_time': 7200,
                   'limit_reached_message': u'D\u011bkujeme za zavol\xe1n\xed, ale u\u017e jste volali hodn\u011b. Pros\xedm zavolejte pozd\u011bji. Na shledanou.',
                   'period': 172800,
                   'pid_file': '/home/jurcicek/vystadial-git/alex/applications/vhub.pid',
                   'wait_time_before_calling_back': 10},
      'VoipIO': { 'allowed_hosts': '',
                  'allowed_phone_numbers': '(^[234567])',
                  'allowed_users': '(^[234567])',
                  'debug': True,
                  'domain': 'external.sip.mff.cuni.cz:5066',
                  'forbidden_hosts': '',
                  'forbidden_phone_number': '(^112$|^150$|^155$|^156$|^158$)',
                  'forbidden_users': '(^112$|^150$|^155$|^156$|^158$)',
    # this line was removed since it included a password
                  'pjsip_log_level': 3,
                  'reject_calls': False,
                  'user': 'DEV-9889'},
      'WebHub': { 'port': 8000},
      'corpustools': { 'get_jasr_confnets': { 'frame_size': 256, 'rt_ratio': 0.2}}}

2013-07-04-09-50-43.013703-COT  MainProcess : INFO       
    #2      Time: 2013-07-04-09-50-42.951370-COT From: VoipIO     To: HUB        Command: call_connecting(remote_uri="anonymous") 

2013-07-04-09-50-43.161266-COT  VoipIO-1   : DEBUG      
    CallCallback::on_state : Call with "Anonymous" <sip:anonymous@195.113.20.69> is CONFIRMED last code = 200 (OK)

2013-07-04-09-50-43.171099-COT  VoipIO-1   : DEBUG      
    VoipIO::on_call_confirmed

2013-07-04-09-50-43.174330-COT  MainProcess : INFO       
    #3      Time: 2013-07-04-09-50-43.171332-COT From: VoipIO     To: HUB        Command: call_confirmed(remote_uri="anonymous") 

2013-07-04-09-50-43.179014-COT  MainProcess : INFO       
    
    ========================================================================================================================
    Incoming call from :          anonymous
    ------------------------------------------------------------------------------------------------------------------------
    Total calls:                  2
    Total time (min):             4.6
    Last period total calls:      2
    Last period total time (min): 4.6
    ------------------------------------------------------------------------------------------------------------------------
    CALL ACCEPTED
    ========================================================================================================================
    

2013-07-04-09-50-43.180198-COT  DM-5       : DEBUG      
    #4      Time: 2013-07-04-09-50-43.176524-COT From: HUB        To: DM         Command: new_dialogue() 

2013-07-04-09-50-43.181374-COT  DM-5       : DEBUG      
    DM Output
    ------------------------------------------------------------
    hello()
    

2013-07-04-09-50-43.197442-COT  MainProcess : INFO       
    #5      Time: 2013-07-04-09-50-43.195224-COT From: DM         To: HUB        Hyp: hello() 

2013-07-04-09-50-43.201852-COT  NLG-6      : DEBUG      
    #6      Time: 2013-07-04-09-50-43.198044-COT From: DM         To: HUB        Hyp: hello() 

2013-07-04-09-50-43.203299-COT  NLG-6      : DEBUG      
    NLG Output
    ------------------------------------------------------------
    Dobrý den. Tato experimentální služba je poskytována laboratoří výzkumu hlasových dialogových systémů na Ústavu Formální a Aplikované Lingvistiky na Karlově Univerzitě. Hovor je nahráván. Více informací o této službě je na internetu. Jak Vám mohu pomoci. 
    

2013-07-04-09-50-43.214929-COT  MainProcess : INFO       
    #7      Time: 2013-07-04-09-50-43.213343-COT From: NLG        To: HUB        Command: nlg_text_generated() 

2013-07-04-09-50-43.221938-COT  MainProcess : INFO       
    #9      Time: 2013-07-04-09-50-43.215538-COT From: TTS        To: HUB        Command: tts_start(user_id="None",text="Dobrý den. Tato experimentální služba je poskytována laboratoří výzkumu hlasových dialogových systémů na Ústavu Formální a Aplikované Lingvistiky na Karlově Univerzitě. Hovor je nahráván. Více informací o této službě je na internetu. Jak Vám mohu pomoci. ") 

2013-07-04-09-50-43.270162-COT  MainProcess : INFO       
    #11     Time: 2013-07-04-09-50-43.218638-COT From: VoipIO     To: HUB        Command: play_utterance_start(user_id="None",fname="tts-2013-07-04-09-50-43.214958.wav") 

2013-07-04-09-50-43.436455-COT  MainProcess : INFO       
    #1218   Time: 2013-07-04-09-50-43.431031-COT From: TTS        To: HUB        Command: tts_end(user_id="None",text="Dobrý den. Tato experimentální služba je poskytována laboratoří výzkumu hlasových dialogových systémů na Ústavu Formální a Aplikované Lingvistiky na Karlově Univerzitě. Hovor je nahráván. Více informací o této službě je na internetu. Jak Vám mohu pomoci. ",fname="tts-2013-07-04-09-50-43.214958.wav",log="true") 

2013-07-04-09-50-49.401634-COT  ASR-3      : DEBUG      
    ASR: speech_start()

2013-07-04-09-50-49.402610-COT  MainProcess : INFO       
    #1593   Time: 2013-07-04-09-50-49.396674-COT From: VAD        To: HUB        Command: speech_start(fname="vad-2013-07-04-09-50-49.386549.wav") 

2013-07-04-09-50-49.404104-COT  MainProcess : INFO       
    #1594   Time: 2013-07-04-09-50-49.397234-COT From: ASR        To: HUB        Command: asr_start() 

2013-07-04-09-50-50.038804-COT  ASR-3      : DEBUG      
    ASR: speech_end()

2013-07-04-09-50-50.040063-COT  MainProcess : INFO       
    #1636   Time: 2013-07-04-09-50-50.035860-COT From: VAD        To: HUB        Command: speech_end(fname="vad-2013-07-04-09-50-49.386549.wav") 

2013-07-04-09-50-50.826948-COT  ASR-3      : DEBUG      
    ASR Hypothesis
    ------------------------------------------------------------
    0.880 dobrý den
    0.048 dobrý de
    0.036 dobrý d
    0.024 dobrý den s
    0.012 dobrý den d
    0.000 __other__
    

2013-07-04-09-50-50.837950-COT  MainProcess : INFO       
    #1685   Time: 2013-07-04-09-50-50.834958-COT From: ASR        To: HUB        Command: asr_end() 

2013-07-04-09-50-51.491610-COT  SLU-4      : DEBUG      
    SLU Hypothesis
    ------------------------------------------------------------
    0.916 hello()
    0.084 other()
    

2013-07-04-09-50-51.501206-COT  MainProcess : INFO       
    #1731   Time: 2013-07-04-09-50-51.498595-COT From: SLU        To: HUB        Command: slu_parsed() 

2013-07-04-09-50-51.515795-COT  DM-5       : DEBUG      
    DDDState Dialogue Act in: hello()

2013-07-04-09-50-51.516339-COT  DM-5       : DEBUG      
    Context Resolution - Dialogue Act: hello()

2013-07-04-09-50-51.516910-COT  DM-5       : DEBUG      
    DDDState - Dialogue state content:
    
    ludait = hello
    
    
    
    

2013-07-04-09-50-51.517526-COT  DM-5       : DEBUG      
    DDDState
    
    Requested slots:
    {}
    Confirmed slots:
    {}
    Non-informed slots:
    {}

2013-07-04-09-50-51.518221-COT  DM-5       : DEBUG      
    DM Output
    ------------------------------------------------------------
    request(from_stop)&request(to_stop)
    

2013-07-04-09-50-51.529097-COT  MainProcess : INFO       
    #1733   Time: 2013-07-04-09-50-51.527245-COT From: DM         To: HUB        Hyp: request(from_stop)&request(to_stop) 

2013-07-04-09-50-51.538828-COT  NLG-6      : DEBUG      
    #1734   Time: 2013-07-04-09-50-51.535697-COT From: HUB        To: NLG        Command: flush() 

2013-07-04-09-50-51.542177-COT  MainProcess : INFO       
    #1736   Time: 2013-07-04-09-50-51.539095-COT From: NLG        To: HUB        Command: flushed() 

2013-07-04-09-50-51.543531-COT  NLG-6      : DEBUG      
    #1735   Time: 2013-07-04-09-50-51.535854-COT From: DM         To: HUB        Hyp: request(from_stop)&request(to_stop) 

2013-07-04-09-50-51.544373-COT  TTS-7      : DEBUG      
    #1737   Time: 2013-07-04-09-50-51.542352-COT From: HUB        To: TTS        Command: flush() 

2013-07-04-09-50-51.544849-COT  NLG-6      : DEBUG      
    NLG Output
    ------------------------------------------------------------
    Odkud a kam chcete jet?
    

2013-07-04-09-50-51.545423-COT  MainProcess : INFO       
    #1738   Time: 2013-07-04-09-50-51.544523-COT From: TTS        To: HUB        Command: flushed() 

2013-07-04-09-50-51.548566-COT  VoipIO-1   : DEBUG      
    #1739   Time: 2013-07-04-09-50-51.545565-COT From: HUB        To: VIO        Command: flush_out() 

2013-07-04-09-50-51.550765-COT  MainProcess : INFO       
    #1740   Time: 2013-07-04-09-50-51.549106-COT From: VoipIO     To: HUB        Command: flushed_out() 

2013-07-04-09-50-51.552399-COT  MainProcess : INFO       
    #1741   Time: 2013-07-04-09-50-51.550191-COT From: NLG        To: HUB        Command: nlg_text_generated() 

2013-07-04-09-50-51.567055-COT  MainProcess : INFO       
    #1744   Time: 2013-07-04-09-50-51.552966-COT From: TTS        To: HUB        Command: tts_start(user_id="None",text="Odkud a kam chcete jet?") 

2013-07-04-09-50-51.575463-COT  MainProcess : INFO       
    #1746   Time: 2013-07-04-09-50-51.553941-COT From: VoipIO     To: HUB        Command: play_utterance_start(user_id="None",fname="tts-2013-07-04-09-50-51.552592.wav") 

2013-07-04-09-50-51.604325-COT  MainProcess : INFO       
    #1885   Time: 2013-07-04-09-50-51.598017-COT From: TTS        To: HUB        Command: tts_end(user_id="None",text="Odkud a kam chcete jet?",fname="tts-2013-07-04-09-50-51.552592.wav",log="true") 

2013-07-04-09-50-52.888525-COT  ASR-3      : DEBUG      
    ASR: speech_start()

2013-07-04-09-50-52.891652-COT  MainProcess : INFO       
    #1967   Time: 2013-07-04-09-50-52.885538-COT From: VAD        To: HUB        Command: speech_start(fname="vad-2013-07-04-09-50-52.725047.wav") 

2013-07-04-09-50-52.893132-COT  MainProcess : INFO       
    #1968   Time: 2013-07-04-09-50-52.886002-COT From: ASR        To: HUB        Command: asr_start() 

2013-07-04-09-50-53.311566-COT  ASR-3      : DEBUG      
    ASR: speech_end()

2013-07-04-09-50-53.312466-COT  MainProcess : INFO       
    #1998   Time: 2013-07-04-09-50-53.308838-COT From: VAD        To: HUB        Command: speech_end(fname="vad-2013-07-04-09-50-52.725047.wav") 

2013-07-04-09-50-53.746375-COT  MainProcess : INFO       
    #2019   Time: 2013-07-04-09-50-53.630737-COT From: VoipIO     To: HUB        Command: play_utterance_end(user_id="None",fname="tts-2013-07-04-09-50-51.552592.wav) 

2013-07-04-09-50-53.800151-COT  ASR-3      : DEBUG      
    ASR Hypothesis
    ------------------------------------------------------------
    1.000 __silence__
    0.000 __other__
    

2013-07-04-09-50-53.810333-COT  MainProcess : INFO       
    #2031   Time: 2013-07-04-09-50-53.806943-COT From: ASR        To: HUB        Command: asr_end() 

2013-07-04-09-50-53.812224-COT  SLU-4      : DEBUG      
    SLU Hypothesis
    ------------------------------------------------------------
    1.000 silence()
    

2013-07-04-09-50-53.821379-COT  DM-5       : DEBUG      
    DDDState Dialogue Act in: silence()

2013-07-04-09-50-53.822075-COT  DM-5       : DEBUG      
    Context Resolution - Dialogue Act: silence()

2013-07-04-09-50-53.823213-COT  DM-5       : DEBUG      
    DDDState - Dialogue state content:
    
    ludait = silence
    alternative = none
    from_centre = none
    from_stop = none
    silence_time = 0.0
    time = none
    to_centre = none
    to_stop = none
    
    
    
    

2013-07-04-09-50-53.824150-COT  MainProcess : INFO       
    #2034   Time: 2013-07-04-09-50-53.820119-COT From: SLU        To: HUB        Command: slu_parsed() 

2013-07-04-09-50-53.825214-COT  DM-5       : DEBUG      
    DDDState
    
    Requested slots:
    {}
    Confirmed slots:
    {}
    Non-informed slots:
    {u'silence_time': 0.0}

2013-07-04-09-50-53.826100-COT  DM-5       : DEBUG      
    DM Output
    ------------------------------------------------------------
    silence()
    

2013-07-04-09-50-53.837851-COT  MainProcess : INFO       
    #2036   Time: 2013-07-04-09-50-53.836722-COT From: DM         To: HUB        Hyp: silence() 

2013-07-04-09-50-54.838062-COT  MainProcess : INFO       
    #2102   Time: 2013-07-04-09-50-54.836022-COT From: VAD        To: HUB        Command: speech_start(fname="vad-2013-07-04-09-50-54.823961.wav") 

2013-07-04-09-50-54.839009-COT  ASR-3      : DEBUG      
    ASR: speech_start()

2013-07-04-09-50-54.842190-COT  MainProcess : INFO       
    #2103   Time: 2013-07-04-09-50-54.836667-COT From: ASR        To: HUB        Command: asr_start() 

2013-07-04-09-50-58.432326-COT  ASR-3      : DEBUG      
    ASR: speech_end()

2013-07-04-09-50-58.432890-COT  MainProcess : INFO       
    #2329   Time: 2013-07-04-09-50-58.429730-COT From: VAD        To: HUB        Command: speech_end(fname="vad-2013-07-04-09-50-54.823961.wav") 

2013-07-04-09-50-59.135908-COT  MainProcess : INFO       
    #2375   Time: 2013-07-04-09-50-59.134326-COT From: VAD        To: HUB        Command: speech_start(fname="vad-2013-07-04-09-50-59.120762.wav") 

2013-07-04-09-51-00.163014-COT  ASR-3      : DEBUG      
    ASR Hypothesis
    ------------------------------------------------------------
    0.866 stanice malostranská
    0.038 youtube stanice malostranská
    0.032 ivan stanice malostranská
    0.026 stanice malostranská i
    0.019 stanice malostranská 2
    0.013 stanice malostranská a
    0.006 google youtube stanice malostranská
    0.000 __other__
    

2013-07-04-09-51-00.171460-COT  MainProcess : INFO       
    #2440   Time: 2013-07-04-09-51-00.170084-COT From: ASR        To: HUB        Command: asr_end() 

2013-07-04-09-51-00.173699-COT  ASR-3      : DEBUG      
    ASR: speech_start()

2013-07-04-09-51-00.176513-COT  MainProcess : INFO       
    #2442   Time: 2013-07-04-09-51-00.172632-COT From: ASR        To: HUB        Command: asr_start() 

2013-07-04-09-51-00.506579-COT  SLU-4      : DEBUG      
    SLU Hypothesis
    ------------------------------------------------------------
    1.000 inform(="Malostranská")
    

2013-07-04-09-51-00.514864-COT  MainProcess : INFO       
    #2463   Time: 2013-07-04-09-51-00.513271-COT From: SLU        To: HUB        Command: slu_parsed() 

2013-07-04-09-51-00.516450-COT  DM-5       : DEBUG      
    DDDState Dialogue Act in: inform(="Malostranská")

2013-07-04-09-51-00.517460-COT  DM-5       : DEBUG      
    Context Resolution - Dialogue Act: inform(from_stop="Malostranská")&inform(to_stop="Malostranská")&inform(="Malostranská")

2013-07-04-09-51-00.518655-COT  DM-5       : DEBUG      
    DDDState - Dialogue state content:
    
    ludait = none
    alternative = none
    from_centre = none
    from_stop = Malostranská
    silence_time = 0.0
    time = none
    to_centre = none
    to_stop = Malostranská
    
    
    
    

2013-07-04-09-51-00.521675-COT  DM-5       : DEBUG      
    DDDState
    
    Requested slots:
    {}
    Confirmed slots:
    {}
    Non-informed slots:
    {u'to_stop': u'Malostransk\xe1', u'silence_time': 0.0, u'from_stop': u'Malostransk\xe1'}

2013-07-04-09-51-00.522855-COT  DM-5       : DEBUG      
    DM Output
    ------------------------------------------------------------
    iconfirm(to_stop="Malostranská")&iconfirm(from_stop="Malostranská")&apology()&inform(stops_conflict="thesame")&inform(from_stop="Malostranská")&inform(to_stop="Malostranská")
    

2013-07-04-09-51-00.544258-COT  MainProcess : INFO       
    #2469   Time: 2013-07-04-09-51-00.539427-COT From: DM         To: HUB        Hyp: iconfirm(to_stop="Malostransk?")&iconfirm(from_stop="Malostransk?")&apology()&inform(stops_conflict="thesame")&inform(from_stop="Malostransk?")&inform(to_stop="Malostransk?") 

2013-07-04-09-51-00.549080-COT  NLG-6      : DEBUG      
    #2470   Time: 2013-07-04-09-51-00.548213-COT From: DM         To: HUB        Hyp: iconfirm(to_stop="Malostransk?")&iconfirm(from_stop="Malostransk?")&apology()&inform(stops_conflict="thesame")&inform(from_stop="Malostransk?")&inform(to_stop="Malostransk?") 

2013-07-04-09-51-00.565071-COT  NLG-6      : DEBUG      
    NLG Output
    ------------------------------------------------------------
    Do zastávky Malostranská. Ze zastávky Malostranská. Promiňte. Je mi líto, ale asi jsem Vám špatně rozuměla. Jméno výchozí tak i cílové zastávky je stejné. Ze zastávky Malostranská. Do zastávky Malostranská.
    

2013-07-04-09-51-00.577076-COT  MainProcess : INFO       
    #2471   Time: 2013-07-04-09-51-00.576144-COT From: NLG        To: HUB        Command: nlg_text_generated() 

2013-07-04-09-51-00.593245-COT  MainProcess : INFO       
    #2474   Time: 2013-07-04-09-51-00.578311-COT From: TTS        To: HUB        Command: tts_start(user_id="None",text="Do zastávky Malostranská. Ze zastávky Malostranská. Promiňte. Je mi líto, ale asi jsem Vám špatně rozuměla. Jméno výchozí tak i cílové zastávky je stejné. Ze zastávky Malostranská. Do zastávky Malostranská.") 

2013-07-04-09-51-00.610597-COT  MainProcess : INFO       
    #2479   Time: 2013-07-04-09-51-00.596023-COT From: VoipIO     To: HUB        Command: play_utterance_start(user_id="None",fname="tts-2013-07-04-09-51-00.578187.wav") 

2013-07-04-09-51-02.386546-COT  ASR-3      : DEBUG      
    ASR: speech_end()

2013-07-04-09-51-02.387933-COT  MainProcess : INFO       
    #2734   Time: 2013-07-04-09-51-02.384199-COT From: VAD        To: HUB        Command: speech_end(fname="vad-2013-07-04-09-50-59.120762.wav") 

2013-07-04-09-51-03.819268-COT  ASR-3      : DEBUG      
    ASR Hypothesis
    ------------------------------------------------------------
    1.000 __silence__
    0.000 __other__
    

2013-07-04-09-51-03.828524-COT  MainProcess : INFO       
    #2823   Time: 2013-07-04-09-51-03.826922-COT From: ASR        To: HUB        Command: asr_end() 

2013-07-04-09-51-03.829409-COT  SLU-4      : DEBUG      
    SLU Hypothesis
    ------------------------------------------------------------
    1.000 silence()
    

2013-07-04-09-51-03.838010-COT  DM-5       : DEBUG      
    DDDState Dialogue Act in: silence()

2013-07-04-09-51-03.838756-COT  DM-5       : DEBUG      
    Context Resolution - Dialogue Act: silence()

2013-07-04-09-51-03.839592-COT  MainProcess : INFO       
    #2825   Time: 2013-07-04-09-51-03.836818-COT From: SLU        To: HUB        Command: slu_parsed() 

2013-07-04-09-51-03.841467-COT  DM-5       : DEBUG      
    DDDState - Dialogue state content:
    
    ludait = silence
    alternative = none
    from_centre = none
    from_stop = Malostranská
    silence_time = 0.0
    time = none
    to_centre = none
    to_stop = Malostranská
    
    rh_from_stop = system-informed
    rh_stops_conflict = system-informed
    rh_to_stop = system-informed
    
    ch_from_stop = system-informed
    ch_stops_conflict = system-informed
    ch_to_stop = system-informed
    
    sh_from_stop = system-informed
    sh_stops_conflict = system-informed
    sh_to_stop = system-informed
    

2013-07-04-09-51-03.842329-COT  DM-5       : DEBUG      
    DDDState
    
    Requested slots:
    {}
    Confirmed slots:
    {}
    Non-informed slots:
    {u'silence_time': 0.0}

2013-07-04-09-51-03.842999-COT  DM-5       : DEBUG      
    DM Output
    ------------------------------------------------------------
    silence()
    

2013-07-04-09-51-03.867979-COT  MainProcess : INFO       
    #2831   Time: 2013-07-04-09-51-03.866187-COT From: DM         To: HUB        Hyp: silence() 

2013-07-04-09-51-05.778050-COT  MainProcess : INFO       
    #3090   Time: 2013-07-04-09-51-05.776089-COT From: VAD        To: HUB        Command: speech_start(fname="vad-2013-07-04-09-51-05.634673.wav") 

2013-07-04-09-51-05.779352-COT  ASR-3      : DEBUG      
    ASR: speech_start()

2013-07-04-09-51-05.784421-COT  MainProcess : INFO       
    #3091   Time: 2013-07-04-09-51-05.776928-COT From: ASR        To: HUB        Command: asr_start() 

2013-07-04-09-51-07.771978-COT  ASR-3      : DEBUG      
    ASR: speech_end()

2013-07-04-09-51-07.773160-COT  MainProcess : INFO       
    #3274   Time: 2013-07-04-09-51-07.771221-COT From: VAD        To: HUB        Command: speech_end(fname="vad-2013-07-04-09-51-05.634673.wav") 

2013-07-04-09-51-07.973116-COT  MainProcess : INFO       
    #3288   Time: 2013-07-04-09-51-07.971400-COT From: VAD        To: HUB        Command: speech_start(fname="vad-2013-07-04-09-51-07.956232.wav") 

2013-07-04-09-51-08.351857-COT  MainProcess : INFO       
    #3314   Time: 2013-07-04-09-51-08.348077-COT From: VAD        To: HUB        Command: speech_end(fname="vad-2013-07-04-09-51-07.956232.wav") 

2013-07-04-09-51-08.530151-COT  ASR-3      : DEBUG      
    ASR Hypothesis
    ------------------------------------------------------------
    1.000 __silence__
    0.000 __other__
    

2013-07-04-09-51-08.544158-COT  MainProcess : INFO       
    #3327   Time: 2013-07-04-09-51-08.542148-COT From: ASR        To: HUB        Command: asr_end() 

2013-07-04-09-51-08.545191-COT  SLU-4      : DEBUG      
    SLU Hypothesis
    ------------------------------------------------------------
    1.000 silence()
    

2013-07-04-09-51-08.545991-COT  ASR-3      : DEBUG      
    ASR: speech_start()

2013-07-04-09-51-08.547668-COT  MainProcess : INFO       
    #3329   Time: 2013-07-04-09-51-08.545060-COT From: ASR        To: HUB        Command: asr_start() 

2013-07-04-09-51-08.560000-COT  DM-5       : DEBUG      
    DDDState Dialogue Act in: silence()

2013-07-04-09-51-08.560842-COT  DM-5       : DEBUG      
    Context Resolution - Dialogue Act: silence()

2013-07-04-09-51-08.566240-COT  DM-5       : DEBUG      
    DDDState - Dialogue state content:
    
    ludait = silence
    alternative = none
    from_centre = none
    from_stop = Malostranská
    silence_time = 0.0
    time = none
    to_centre = none
    to_stop = Malostranská
    
    rh_from_stop = system-informed
    rh_stops_conflict = system-informed
    rh_to_stop = system-informed
    
    ch_from_stop = system-informed
    ch_stops_conflict = system-informed
    ch_to_stop = system-informed
    
    sh_from_stop = system-informed
    sh_stops_conflict = system-informed
    sh_to_stop = system-informed
    

2013-07-04-09-51-08.567631-COT  DM-5       : DEBUG      
    DDDState
    
    Requested slots:
    {}
    Confirmed slots:
    {}
    Non-informed slots:
    {u'silence_time': 0.0}

2013-07-04-09-51-08.568605-COT  DM-5       : DEBUG      
    DM Output
    ------------------------------------------------------------
    silence()
    

2013-07-04-09-51-08.569352-COT  MainProcess : INFO       
    #3330   Time: 2013-07-04-09-51-08.556280-COT From: SLU        To: HUB        Command: slu_parsed() 

2013-07-04-09-51-08.593104-COT  MainProcess : INFO       
    #3335   Time: 2013-07-04-09-51-08.591080-COT From: DM         To: HUB        Hyp: silence() 

2013-07-04-09-51-08.667972-COT  ASR-3      : DEBUG      
    ASR: speech_end()

2013-07-04-09-51-09.055341-COT  ASR-3      : DEBUG      
    ASR Hypothesis
    ------------------------------------------------------------
    1.000 __silence__
    0.000 __other__
    

2013-07-04-09-51-09.071101-COT  MainProcess : INFO       
    #3365   Time: 2013-07-04-09-51-09.067922-COT From: ASR        To: HUB        Command: asr_end() 

2013-07-04-09-51-09.073251-COT  SLU-4      : DEBUG      
    SLU Hypothesis
    ------------------------------------------------------------
    1.000 silence()
    

2013-07-04-09-51-09.086069-COT  MainProcess : INFO       
    #3367   Time: 2013-07-04-09-51-09.084844-COT From: SLU        To: HUB        Command: slu_parsed() 

2013-07-04-09-51-09.086915-COT  DM-5       : DEBUG      
    DDDState Dialogue Act in: silence()

2013-07-04-09-51-09.087404-COT  DM-5       : DEBUG      
    Context Resolution - Dialogue Act: silence()

2013-07-04-09-51-09.087966-COT  DM-5       : DEBUG      
    DDDState - Dialogue state content:
    
    ludait = silence
    alternative = none
    from_centre = none
    from_stop = Malostranská
    silence_time = 0.0
    time = none
    to_centre = none
    to_stop = Malostranská
    
    rh_from_stop = system-informed
    rh_stops_conflict = system-informed
    rh_to_stop = system-informed
    
    ch_from_stop = system-informed
    ch_stops_conflict = system-informed
    ch_to_stop = system-informed
    
    sh_from_stop = system-informed
    sh_stops_conflict = system-informed
    sh_to_stop = system-informed
    

2013-07-04-09-51-09.088498-COT  DM-5       : DEBUG      
    DDDState
    
    Requested slots:
    {}
    Confirmed slots:
    {}
    Non-informed slots:
    {u'silence_time': 0.0}

2013-07-04-09-51-09.088995-COT  DM-5       : DEBUG      
    DM Output
    ------------------------------------------------------------
    silence()
    

2013-07-04-09-51-09.131853-COT  MainProcess : INFO       
    #3373   Time: 2013-07-04-09-51-09.129030-COT From: DM         To: HUB        Hyp: silence() 

2013-07-04-09-51-10.205382-COT  MainProcess : INFO       
    #3658   Time: 2013-07-04-09-51-10.203323-COT From: VAD        To: HUB        Command: speech_start(fname="vad-2013-07-04-09-51-10.183633.wav") 

2013-07-04-09-51-10.208014-COT  ASR-3      : DEBUG      
    ASR: speech_start()

2013-07-04-09-51-10.214013-COT  MainProcess : INFO       
    #3659   Time: 2013-07-04-09-51-10.203944-COT From: ASR        To: HUB        Command: asr_start() 

2013-07-04-09-51-11.282214-COT  ASR-3      : DEBUG      
    ASR: speech_end()

2013-07-04-09-51-11.284614-COT  MainProcess : INFO       
    #3729   Time: 2013-07-04-09-51-11.281247-COT From: VAD        To: HUB        Command: speech_end(fname="vad-2013-07-04-09-51-10.183633.wav") 

2013-07-04-09-51-11.973604-COT  ASR-3      : DEBUG      
    ASR Hypothesis
    ------------------------------------------------------------
    1.000 __silence__
    0.000 __other__
    

2013-07-04-09-51-11.988041-COT  SLU-4      : DEBUG      
    SLU Hypothesis
    ------------------------------------------------------------
    1.000 silence()
    

2013-07-04-09-51-11.993583-COT  MainProcess : INFO       
    #3774   Time: 2013-07-04-09-51-11.985173-COT From: ASR        To: HUB        Command: asr_end() 

2013-07-04-09-51-12.010684-COT  DM-5       : DEBUG      
    DDDState Dialogue Act in: silence()

2013-07-04-09-51-12.011636-COT  DM-5       : DEBUG      
    Context Resolution - Dialogue Act: silence()

2013-07-04-09-51-12.013951-COT  DM-5       : DEBUG      
    DDDState - Dialogue state content:
    
    ludait = silence
    alternative = none
    from_centre = none
    from_stop = Malostranská
    silence_time = 0.0
    time = none
    to_centre = none
    to_stop = Malostranská
    
    rh_from_stop = system-informed
    rh_stops_conflict = system-informed
    rh_to_stop = system-informed
    
    ch_from_stop = system-informed
    ch_stops_conflict = system-informed
    ch_to_stop = system-informed
    
    sh_from_stop = system-informed
    sh_stops_conflict = system-informed
    sh_to_stop = system-informed
    

2013-07-04-09-51-12.015338-COT  MainProcess : INFO       
    #3776   Time: 2013-07-04-09-51-12.003067-COT From: SLU        To: HUB        Command: slu_parsed() 

2013-07-04-09-51-12.016836-COT  DM-5       : DEBUG      
    DDDState
    
    Requested slots:
    {}
    Confirmed slots:
    {}
    Non-informed slots:
    {u'silence_time': 0.0}

2013-07-04-09-51-12.018132-COT  DM-5       : DEBUG      
    DM Output
    ------------------------------------------------------------
    silence()
    

2013-07-04-09-51-12.054802-COT  MainProcess : INFO       
    #3782   Time: 2013-07-04-09-51-12.051786-COT From: DM         To: HUB        Hyp: silence() 

2013-07-04-09-51-13.391627-COT  MainProcess : INFO       
    #4388   Time: 2013-07-04-09-51-13.388679-COT From: TTS        To: HUB        Command: tts_end(user_id="None",text="Do zastávky Malostranská. Ze zastávky Malostranská. Promiňte. Je mi líto, ale asi jsem Vám špatně rozuměla. Jméno výchozí tak i cílové zastávky je stejné. Ze zastávky Malostranská. Do zastávky Malostranská.",fname="tts-2013-07-04-09-51-00.578187.wav",log="true") 

2013-07-04-09-51-17.281028-COT  ASR-3      : DEBUG      
    ASR: speech_start()

2013-07-04-09-51-17.282073-COT  MainProcess : INFO       
    #4631   Time: 2013-07-04-09-51-17.279785-COT From: VAD        To: HUB        Command: speech_start(fname="vad-2013-07-04-09-51-17.223624.wav") 

2013-07-04-09-51-17.284109-COT  MainProcess : INFO       
    #4632   Time: 2013-07-04-09-51-17.280057-COT From: ASR        To: HUB        Command: asr_start() 

2013-07-04-09-51-19.163190-COT  ASR-3      : DEBUG      
    ASR: speech_end()

2013-07-04-09-51-19.165466-COT  MainProcess : INFO       
    #4754   Time: 2013-07-04-09-51-19.158878-COT From: VAD        To: HUB        Command: speech_end(fname="vad-2013-07-04-09-51-17.223624.wav") 

2013-07-04-09-51-19.745944-COT  MainProcess : INFO       
    #4792   Time: 2013-07-04-09-51-19.742362-COT From: VAD        To: HUB        Command: speech_start(fname="vad-2013-07-04-09-51-19.721253.wav") 

2013-07-04-09-51-20.838028-COT  MainProcess : INFO       
    #4862   Time: 2013-07-04-09-51-20.835225-COT From: VAD        To: HUB        Command: speech_end(fname="vad-2013-07-04-09-51-19.721253.wav") 

2013-07-04-09-51-21.666851-COT  MainProcess : INFO       
    #4917   Time: 2013-07-04-09-51-21.664841-COT From: VAD        To: HUB        Command: speech_start(fname="vad-2013-07-04-09-51-21.641971.wav") 

2013-07-04-09-51-21.716477-COT  MainProcess : INFO       
    #4879   Time: 2013-07-04-09-51-21.070683-COT From: VoipIO     To: HUB        Command: play_utterance_end(user_id="None",fname="tts-2013-07-04-09-51-00.578187.wav) 

2013-07-04-09-51-22.037865-COT  MainProcess : INFO       
    #4943   Time: 2013-07-04-09-51-22.034129-COT From: VAD        To: HUB        Command: speech_end(fname="vad-2013-07-04-09-51-21.641971.wav") 

2013-07-04-09-51-25.043036-COT  DM-5       : DEBUG      
    #5133   Time: 2013-07-04-09-51-25.040424-COT From: HUB        To: DM         Command: timeout(silence_time="3.002") 

2013-07-04-09-51-25.043998-COT  DM-5       : DEBUG      
    DDDState Dialogue Act in: silence(time="3.002")

2013-07-04-09-51-25.044516-COT  DM-5       : DEBUG      
    Context Resolution - Dialogue Act: silence(time="3.002")

2013-07-04-09-51-25.045928-COT  DM-5       : DEBUG      
    DDDState - Dialogue state content:
    
    ludait = silence
    alternative = none
    from_centre = none
    from_stop = Malostranská
    silence_time = 3.002
    time = none
    to_centre = none
    to_stop = Malostranská
    
    rh_from_stop = system-informed
    rh_stops_conflict = system-informed
    rh_to_stop = system-informed
    
    ch_from_stop = system-informed
    ch_stops_conflict = system-informed
    ch_to_stop = system-informed
    
    sh_from_stop = system-informed
    sh_stops_conflict = system-informed
    sh_to_stop = system-informed
    

2013-07-04-09-51-25.047499-COT  DM-5       : DEBUG      
    DDDState
    
    Requested slots:
    {}
    Confirmed slots:
    {}
    Non-informed slots:
    {u'silence_time': 3.002}

2013-07-04-09-51-25.048284-COT  DM-5       : DEBUG      
    DM Output
    ------------------------------------------------------------
    silence()
    

2013-07-04-09-51-25.077016-COT  MainProcess : INFO       
    #5134   Time: 2013-07-04-09-51-25.075623-COT From: DM         To: HUB        Hyp: silence() 

2013-07-04-09-51-25.343450-COT  ASR-3      : DEBUG      
    ASR Hypothesis
    ------------------------------------------------------------
    1.000 __silence__
    0.000 __other__
    

2013-07-04-09-51-25.360238-COT  SLU-4      : DEBUG      
    SLU Hypothesis
    ------------------------------------------------------------
    1.000 silence()
    

2013-07-04-09-51-25.362597-COT  MainProcess : INFO       
    #5135   Time: 2013-07-04-09-51-25.357694-COT From: ASR        To: HUB        Command: asr_end() 

2013-07-04-09-51-25.363668-COT  ASR-3      : DEBUG      
    ASR: speech_start()

2013-07-04-09-51-25.365833-COT  MainProcess : INFO       
    #5137   Time: 2013-07-04-09-51-25.360594-COT From: ASR        To: HUB        Command: asr_start() 

2013-07-04-09-51-25.376778-COT  DM-5       : DEBUG      
    DDDState Dialogue Act in: silence()

2013-07-04-09-51-25.377449-COT  DM-5       : DEBUG      
    Context Resolution - Dialogue Act: silence()

2013-07-04-09-51-25.388423-COT  DM-5       : DEBUG      
    DDDState - Dialogue state content:
    
    ludait = silence
    alternative = none
    from_centre = none
    from_stop = Malostranská
    silence_time = 0.0
    time = none
    to_centre = none
    to_stop = Malostranská
    
    rh_from_stop = system-informed
    rh_stops_conflict = system-informed
    rh_to_stop = system-informed
    
    ch_from_stop = system-informed
    ch_stops_conflict = system-informed
    ch_to_stop = system-informed
    
    sh_from_stop = system-informed
    sh_stops_conflict = system-informed
    sh_to_stop = system-informed
    

2013-07-04-09-51-25.389622-COT  DM-5       : DEBUG      
    DDDState
    
    Requested slots:
    {}
    Confirmed slots:
    {}
    Non-informed slots:
    {u'silence_time': 0.0}

2013-07-04-09-51-25.390421-COT  DM-5       : DEBUG      
    DM Output
    ------------------------------------------------------------
    silence()
    

2013-07-04-09-51-25.391307-COT  MainProcess : INFO       
    #5138   Time: 2013-07-04-09-51-25.374403-COT From: SLU        To: HUB        Command: slu_parsed() 

2013-07-04-09-51-25.464303-COT  MainProcess : INFO       
    #5140   Time: 2013-07-04-09-51-25.461944-COT From: DM         To: HUB        Hyp: silence() 

2013-07-04-09-51-25.616633-COT  ASR-3      : DEBUG      
    ASR: speech_end()

2013-07-04-09-51-26.276650-COT  ASR-3      : DEBUG      
    ASR Hypothesis
    ------------------------------------------------------------
    1.000 __silence__
    0.000 __other__
    

2013-07-04-09-51-26.294796-COT  MainProcess : INFO       
    #5141   Time: 2013-07-04-09-51-26.293335-COT From: ASR        To: HUB        Command: asr_end() 

2013-07-04-09-51-26.295945-COT  SLU-4      : DEBUG      
    SLU Hypothesis
    ------------------------------------------------------------
    1.000 silence()
    

2013-07-04-09-51-26.296680-COT  ASR-3      : DEBUG      
    ASR: speech_start()

2013-07-04-09-51-26.299756-COT  MainProcess : INFO       
    #5143   Time: 2013-07-04-09-51-26.296169-COT From: ASR        To: HUB        Command: asr_start() 

2013-07-04-09-51-26.312032-COT  MainProcess : INFO       
    #5144   Time: 2013-07-04-09-51-26.310241-COT From: SLU        To: HUB        Command: slu_parsed() 

2013-07-04-09-51-26.312800-COT  DM-5       : DEBUG      
    DDDState Dialogue Act in: silence()

2013-07-04-09-51-26.313412-COT  DM-5       : DEBUG      
    Context Resolution - Dialogue Act: silence()

2013-07-04-09-51-26.314788-COT  DM-5       : DEBUG      
    DDDState - Dialogue state content:
    
    ludait = silence
    alternative = none
    from_centre = none
    from_stop = Malostranská
    silence_time = 0.0
    time = none
    to_centre = none
    to_stop = Malostranská
    
    rh_from_stop = system-informed
    rh_stops_conflict = system-informed
    rh_to_stop = system-informed
    
    ch_from_stop = system-informed
    ch_stops_conflict = system-informed
    ch_to_stop = system-informed
    
    sh_from_stop = system-informed
    sh_stops_conflict = system-informed
    sh_to_stop = system-informed
    

2013-07-04-09-51-26.315428-COT  DM-5       : DEBUG      
    DDDState
    
    Requested slots:
    {}
    Confirmed slots:
    {}
    Non-informed slots:
    {u'silence_time': 0.0}

2013-07-04-09-51-26.315969-COT  DM-5       : DEBUG      
    DM Output
    ------------------------------------------------------------
    silence()
    

2013-07-04-09-51-26.341072-COT  MainProcess : INFO       
    #5146   Time: 2013-07-04-09-51-26.323054-COT From: VAD        To: HUB        Command: speech_start(fname="vad-2013-07-04-09-51-22.869020.wav") 

2013-07-04-09-51-26.348808-COT  MainProcess : INFO       
    #5147   Time: 2013-07-04-09-51-26.347337-COT From: DM         To: HUB        Hyp: silence() 

2013-07-04-09-51-26.435670-COT  ASR-3      : DEBUG      
    ASR: speech_end()

2013-07-04-09-51-26.908777-COT  ASR-3      : DEBUG      
    ASR Hypothesis
    ------------------------------------------------------------
    1.000 __silence__
    0.000 __other__
    

2013-07-04-09-51-26.982672-COT  MainProcess : INFO       
    #5148   Time: 2013-07-04-09-51-26.981620-COT From: ASR        To: HUB        Command: asr_end() 

2013-07-04-09-51-26.986366-COT  SLU-4      : DEBUG      
    SLU Hypothesis
    ------------------------------------------------------------
    1.000 silence()
    

2013-07-04-09-51-26.989744-COT  ASR-3      : DEBUG      
    ASR: speech_start()

2013-07-04-09-51-26.990662-COT  MainProcess : INFO       
    #5150   Time: 2013-07-04-09-51-26.988906-COT From: ASR        To: HUB        Command: asr_start() 

2013-07-04-09-51-27.010716-COT  MainProcess : INFO       
    #5151   Time: 2013-07-04-09-51-27.006096-COT From: SLU        To: HUB        Command: slu_parsed() 

2013-07-04-09-51-27.011720-COT  DM-5       : DEBUG      
    DDDState Dialogue Act in: silence()

2013-07-04-09-51-27.012582-COT  DM-5       : DEBUG      
    Context Resolution - Dialogue Act: silence()

2013-07-04-09-51-27.014842-COT  DM-5       : DEBUG      
    DDDState - Dialogue state content:
    
    ludait = silence
    alternative = none
    from_centre = none
    from_stop = Malostranská
    silence_time = 0.0
    time = none
    to_centre = none
    to_stop = Malostranská
    
    rh_from_stop = system-informed
    rh_stops_conflict = system-informed
    rh_to_stop = system-informed
    
    ch_from_stop = system-informed
    ch_stops_conflict = system-informed
    ch_to_stop = system-informed
    
    sh_from_stop = system-informed
    sh_stops_conflict = system-informed
    sh_to_stop = system-informed
    

2013-07-04-09-51-27.016308-COT  DM-5       : DEBUG      
    DDDState
    
    Requested slots:
    {}
    Confirmed slots:
    {}
    Non-informed slots:
    {u'silence_time': 0.0}

2013-07-04-09-51-27.017795-COT  DM-5       : DEBUG      
    DM Output
    ------------------------------------------------------------
    silence()
    

2013-07-04-09-51-27.067671-COT  MainProcess : INFO       
    #5161   Time: 2013-07-04-09-51-27.065102-COT From: DM         To: HUB        Hyp: silence() 

2013-07-04-09-51-35.881513-COT  ASR-3      : DEBUG      
    ASR: speech_end()

2013-07-04-09-51-35.882096-COT  MainProcess : INFO       
    #5767   Time: 2013-07-04-09-51-35.878233-COT From: VAD        To: HUB        Command: speech_end(fname="vad-2013-07-04-09-51-22.869020.wav") 

2013-07-04-09-51-38.496635-COT  MainProcess : INFO       
    #5933   Time: 2013-07-04-09-51-38.493559-COT From: VAD        To: HUB        Command: speech_start(fname="vad-2013-07-04-09-51-38.342507.wav") 

2013-07-04-09-51-38.547046-COT  ASR-3      : DEBUG      
    ASR Hypothesis
    ------------------------------------------------------------
    1.000 __silence__
    0.000 __other__
    

2013-07-04-09-51-38.574212-COT  MainProcess : INFO       
    #5938   Time: 2013-07-04-09-51-38.572952-COT From: ASR        To: HUB        Command: asr_end() 

2013-07-04-09-51-38.576047-COT  SLU-4      : DEBUG      
    SLU Hypothesis
    ------------------------------------------------------------
    1.000 silence()
    

2013-07-04-09-51-38.580347-COT  ASR-3      : DEBUG      
    ASR: speech_start()

2013-07-04-09-51-38.581719-COT  MainProcess : INFO       
    #5940   Time: 2013-07-04-09-51-38.579429-COT From: ASR        To: HUB        Command: asr_start() 

2013-07-04-09-51-38.600714-COT  MainProcess : INFO       
    #5941   Time: 2013-07-04-09-51-38.598489-COT From: SLU        To: HUB        Command: slu_parsed() 

2013-07-04-09-51-38.601247-COT  DM-5       : DEBUG      
    DDDState Dialogue Act in: silence()

2013-07-04-09-51-38.601695-COT  DM-5       : DEBUG      
    Context Resolution - Dialogue Act: silence()

2013-07-04-09-51-38.602329-COT  DM-5       : DEBUG      
    DDDState - Dialogue state content:
    
    ludait = silence
    alternative = none
    from_centre = none
    from_stop = Malostranská
    silence_time = 0.0
    time = none
    to_centre = none
    to_stop = Malostranská
    
    rh_from_stop = system-informed
    rh_stops_conflict = system-informed
    rh_to_stop = system-informed
    
    ch_from_stop = system-informed
    ch_stops_conflict = system-informed
    ch_to_stop = system-informed
    
    sh_from_stop = system-informed
    sh_stops_conflict = system-informed
    sh_to_stop = system-informed
    

2013-07-04-09-51-38.602814-COT  DM-5       : DEBUG      
    DDDState
    
    Requested slots:
    {}
    Confirmed slots:
    {}
    Non-informed slots:
    {u'silence_time': 0.0}

2013-07-04-09-51-38.604012-COT  DM-5       : DEBUG      
    DM Output
    ------------------------------------------------------------
    silence()
    

2013-07-04-09-51-38.665108-COT  MainProcess : INFO       
    #5949   Time: 2013-07-04-09-51-38.659828-COT From: DM         To: HUB        Hyp: silence() 

2013-07-04-09-51-40.359015-COT  MainProcess : INFO       
    #6057   Time: 2013-07-04-09-51-40.356083-COT From: VAD        To: HUB        Command: speech_end(fname="vad-2013-07-04-09-51-38.342507.wav") 

2013-07-04-09-51-40.359506-COT  ASR-3      : DEBUG      
    ASR: speech_end()

2013-07-04-09-51-41.071835-COT  MainProcess : INFO       
    #6103   Time: 2013-07-04-09-51-41.067868-COT From: VAD        To: HUB        Command: speech_start(fname="vad-2013-07-04-09-51-41.030671.wav") 

2013-07-04-09-51-42.002014-COT  ASR-3      : DEBUG      
    ASR Hypothesis
    ------------------------------------------------------------
    0.845 cílová stanice anděl
    0.052 cílová stanice
    0.041 cílová stanice anděl i
    0.031 cílová stanice shell
    0.021 cílová stanice s anděl
    0.010 cílová stanice i
    0.000 __other__
    

2013-07-04-09-51-42.033613-COT  MainProcess : INFO       
    #6164   Time: 2013-07-04-09-51-42.030306-COT From: ASR        To: HUB        Command: asr_end() 

2013-07-04-09-51-42.034963-COT  ASR-3      : DEBUG      
    ASR: speech_start()

2013-07-04-09-51-42.036673-COT  MainProcess : INFO       
    #6166   Time: 2013-07-04-09-51-42.034566-COT From: ASR        To: HUB        Command: asr_start() 

2013-07-04-09-51-42.336470-COT  SLU-4      : DEBUG      
    SLU Hypothesis
    ------------------------------------------------------------
    0.886 inform(to_stop="Anděl")
    0.093 other()
    0.021 inform(="Anděl")
    

2013-07-04-09-51-42.355032-COT  MainProcess : INFO       
    #6187   Time: 2013-07-04-09-51-42.353831-COT From: SLU        To: HUB        Command: slu_parsed() 

2013-07-04-09-51-42.355741-COT  DM-5       : DEBUG      
    DDDState Dialogue Act in: inform(to_stop="Anděl")

2013-07-04-09-51-42.356641-COT  DM-5       : DEBUG      
    Context Resolution - Dialogue Act: inform(to_stop="Anděl")

2013-07-04-09-51-42.358696-COT  DM-5       : DEBUG      
    DDDState - Dialogue state content:
    
    ludait = none
    alternative = none
    from_centre = none
    from_stop = Malostranská
    silence_time = 0.0
    time = none
    to_centre = none
    to_stop = Anděl
    
    rh_from_stop = system-informed
    rh_stops_conflict = system-informed
    rh_to_stop = system-informed
    
    ch_from_stop = system-informed
    ch_stops_conflict = system-informed
    ch_to_stop = system-informed
    
    sh_from_stop = system-informed
    sh_stops_conflict = system-informed
    sh_to_stop = system-informed
    

2013-07-04-09-51-42.360126-COT  DM-5       : DEBUG      
    DDDState
    
    Requested slots:
    {}
    Confirmed slots:
    {}
    Non-informed slots:
    {u'silence_time': 0.0}

2013-07-04-09-51-42.882732-COT  DM-5       : DEBUG      
    DM Output
    ------------------------------------------------------------
    inform(found_directions="true")&inform(alternative="1")&inform(vehicle="TRAM")&inform(line="20")&inform(go_at="04:56")&inform(enter_at="Malostranská")&inform(headsign="Sídliště Barrandov")&inform(exit_at="Anděl")
    

2013-07-04-09-51-42.933649-COT  MainProcess : INFO       
    #6225   Time: 2013-07-04-09-51-42.930075-COT From: DM         To: HUB        Hyp: inform(found_directions="true")&inform(alternative="1")&inform(vehicle="TRAM")&inform(line="20")&inform(go_at="04:56")&inform(enter_at="Malostransk?")&inform(headsign="S?dli?t? Barrandov")&inform(exit_at="And?l") 

2013-07-04-09-51-42.936570-COT  NLG-6      : DEBUG      
    #6226   Time: 2013-07-04-09-51-42.934818-COT From: DM         To: HUB        Hyp: inform(found_directions="true")&inform(alternative="1")&inform(vehicle="TRAM")&inform(line="20")&inform(go_at="04:56")&inform(enter_at="Malostransk?")&inform(headsign="S?dli?t? Barrandov")&inform(exit_at="And?l") 

2013-07-04-09-51-42.982126-COT  NLG-6      : DEBUG      
    NLG Output
    ------------------------------------------------------------
    Našla jsem následující spojení. Možnost první. Jeďte tramvají číslo 20 v 04:56 ze zastávky Malostranská směrem Sídliště Barrandov. Vystupte na zastávce Anděl.
    

2013-07-04-09-51-43.066306-COT  MainProcess : INFO       
    #6235   Time: 2013-07-04-09-51-43.062182-COT From: NLG        To: HUB        Command: nlg_text_generated() 

2013-07-04-09-51-43.068167-COT  MainProcess : INFO       
    #6237   Time: 2013-07-04-09-51-43.063069-COT From: TTS        To: HUB        Command: tts_start(user_id="None",text="Našla jsem následující spojení. Možnost první. Jeďte tramvají číslo 20 v 04:56 ze zastávky Malostranská směrem Sídliště Barrandov. Vystupte na zastávce Anděl.") 

2013-07-04-09-51-43.106097-COT  MainProcess : INFO       
    #6239   Time: 2013-07-04-09-51-43.065892-COT From: VoipIO     To: HUB        Command: play_utterance_start(user_id="None",fname="tts-2013-07-04-09-51-43.062879.wav") 

2013-07-04-09-51-45.351128-COT  ASR-3      : DEBUG      
    ASR: speech_end()

2013-07-04-09-51-45.353028-COT  MainProcess : INFO       
    #6637   Time: 2013-07-04-09-51-45.348381-COT From: VAD        To: HUB        Command: speech_end(fname="vad-2013-07-04-09-51-41.030671.wav") 

2013-07-04-09-51-46.650107-COT  ASR-3      : DEBUG      
    ASR Hypothesis
    ------------------------------------------------------------
    1.000 __silence__
    0.000 __other__
    

2013-07-04-09-51-46.675277-COT  MainProcess : INFO       
    #6719   Time: 2013-07-04-09-51-46.673483-COT From: ASR        To: HUB        Command: asr_end() 

2013-07-04-09-51-46.675803-COT  SLU-4      : DEBUG      
    SLU Hypothesis
    ------------------------------------------------------------
    1.000 silence()
    

2013-07-04-09-51-46.712068-COT  MainProcess : INFO       
    #6724   Time: 2013-07-04-09-51-46.706036-COT From: SLU        To: HUB        Command: slu_parsed() 

2013-07-04-09-51-46.712620-COT  DM-5       : DEBUG      
    DDDState Dialogue Act in: silence()

2013-07-04-09-51-46.713158-COT  DM-5       : DEBUG      
    Context Resolution - Dialogue Act: silence()

2013-07-04-09-51-46.714013-COT  DM-5       : DEBUG      
    DDDState - Dialogue state content:
    
    ludait = silence
    alternative = none
    from_centre = none
    from_stop = Malostranská
    route_alternative = 0
    silence_time = 0.0
    time = none
    to_centre = none
    to_stop = Anděl
    
    rh_alternative = system-informed
    rh_enter_at = system-informed
    rh_exit_at = system-informed
    rh_found_directions = system-informed
    rh_from_stop = system-informed
    rh_go_at = system-informed
    rh_headsign = system-informed
    rh_line = system-informed
    rh_stops_conflict = system-informed
    rh_to_stop = system-informed
    rh_vehicle = system-informed
    
    ch_alternative = system-informed
    ch_enter_at = system-informed
    ch_exit_at = system-informed
    ch_found_directions = system-informed
    ch_from_stop = system-informed
    ch_go_at = system-informed
    ch_headsign = system-informed
    ch_line = system-informed
    ch_stops_conflict = system-informed
    ch_to_stop = system-informed
    ch_vehicle = system-informed
    
    sh_alternative = system-informed
    sh_enter_at = system-informed
    sh_exit_at = system-informed
    sh_found_directions = system-informed
    sh_from_stop = system-informed
    sh_go_at = system-informed
    sh_headsign = system-informed
    sh_line = system-informed
    sh_stops_conflict = system-informed
    sh_to_stop = system-informed
    sh_vehicle = system-informed
    

2013-07-04-09-51-46.715620-COT  DM-5       : DEBUG      
    DDDState
    
    Requested slots:
    {}
    Confirmed slots:
    {}
    Non-informed slots:
    {u'route_alternative': 0, u'silence_time': 0.0}

2013-07-04-09-51-46.716355-COT  DM-5       : DEBUG      
    DM Output
    ------------------------------------------------------------
    silence()
    

2013-07-04-09-51-46.766813-COT  MainProcess : INFO       
    #6730   Time: 2013-07-04-09-51-46.765618-COT From: DM         To: HUB        Hyp: silence() 

2013-07-04-09-51-47.308096-COT  MainProcess : INFO       
    #7270   Time: 2013-07-04-09-51-47.303893-COT From: VAD        To: HUB        Command: speech_start(fname="vad-2013-07-04-09-51-47.191572.wav") 

2013-07-04-09-51-47.309961-COT  ASR-3      : DEBUG      
    ASR: speech_start()

2013-07-04-09-51-47.313150-COT  MainProcess : INFO       
    #7283   Time: 2013-07-04-09-51-47.306537-COT From: ASR        To: HUB        Command: asr_start() 

2013-07-04-09-51-47.325839-COT  MainProcess : INFO       
    #7421   Time: 2013-07-04-09-51-47.321886-COT From: TTS        To: HUB        Command: tts_end(user_id="None",text="Našla jsem následující spojení. Možnost první. Jeďte tramvají číslo 20 v 04:56 ze zastávky Malostranská směrem Sídliště Barrandov. Vystupte na zastávce Anděl.",fname="tts-2013-07-04-09-51-43.062879.wav",log="true") 

2013-07-04-09-51-49.638569-COT  ASR-3      : DEBUG      
    ASR: speech_end()

2013-07-04-09-51-49.639122-COT  MainProcess : INFO       
    #7567   Time: 2013-07-04-09-51-49.637388-COT From: VAD        To: HUB        Command: speech_end(fname="vad-2013-07-04-09-51-47.191572.wav") 

2013-07-04-09-51-50.664721-COT  ASR-3      : DEBUG      
    ASR Hypothesis
    ------------------------------------------------------------
    1.000 __silence__
    0.000 __other__
    

2013-07-04-09-51-50.690614-COT  SLU-4      : DEBUG      
    SLU Hypothesis
    ------------------------------------------------------------
    1.000 silence()
    

2013-07-04-09-51-50.694045-COT  MainProcess : INFO       
    #7632   Time: 2013-07-04-09-51-50.688502-COT From: ASR        To: HUB        Command: asr_end() 

2013-07-04-09-51-50.719365-COT  MainProcess : INFO       
    #7638   Time: 2013-07-04-09-51-50.717845-COT From: SLU        To: HUB        Command: slu_parsed() 

2013-07-04-09-51-50.721272-COT  DM-5       : DEBUG      
    DDDState Dialogue Act in: silence()

2013-07-04-09-51-50.722434-COT  DM-5       : DEBUG      
    Context Resolution - Dialogue Act: silence()

2013-07-04-09-51-50.727526-COT  DM-5       : DEBUG      
    DDDState - Dialogue state content:
    
    ludait = silence
    alternative = none
    from_centre = none
    from_stop = Malostranská
    route_alternative = 0
    silence_time = 0.0
    time = none
    to_centre = none
    to_stop = Anděl
    
    rh_alternative = system-informed
    rh_enter_at = system-informed
    rh_exit_at = system-informed
    rh_found_directions = system-informed
    rh_from_stop = system-informed
    rh_go_at = system-informed
    rh_headsign = system-informed
    rh_line = system-informed
    rh_stops_conflict = system-informed
    rh_to_stop = system-informed
    rh_vehicle = system-informed
    
    ch_alternative = system-informed
    ch_enter_at = system-informed
    ch_exit_at = system-informed
    ch_found_directions = system-informed
    ch_from_stop = system-informed
    ch_go_at = system-informed
    ch_headsign = system-informed
    ch_line = system-informed
    ch_stops_conflict = system-informed
    ch_to_stop = system-informed
    ch_vehicle = system-informed
    
    sh_alternative = system-informed
    sh_enter_at = system-informed
    sh_exit_at = system-informed
    sh_found_directions = system-informed
    sh_from_stop = system-informed
    sh_go_at = system-informed
    sh_headsign = system-informed
    sh_line = system-informed
    sh_stops_conflict = system-informed
    sh_to_stop = system-informed
    sh_vehicle = system-informed
    

2013-07-04-09-51-50.729593-COT  DM-5       : DEBUG      
    DDDState
    
    Requested slots:
    {}
    Confirmed slots:
    {}
    Non-informed slots:
    {u'route_alternative': 0, u'silence_time': 0.0}

2013-07-04-09-51-50.731198-COT  DM-5       : DEBUG      
    DM Output
    ------------------------------------------------------------
    silence()
    

2013-07-04-09-51-50.785432-COT  MainProcess : INFO       
    #7644   Time: 2013-07-04-09-51-50.781687-COT From: DM         To: HUB        Hyp: silence() 

2013-07-04-09-51-52.797746-COT  MainProcess : INFO       
    #7770   Time: 2013-07-04-09-51-52.795934-COT From: VAD        To: HUB        Command: speech_start(fname="vad-2013-07-04-09-51-52.750922.wav") 

2013-07-04-09-51-52.798717-COT  ASR-3      : DEBUG      
    ASR: speech_start()

2013-07-04-09-51-52.803119-COT  MainProcess : INFO       
    #7771   Time: 2013-07-04-09-51-52.797094-COT From: ASR        To: HUB        Command: asr_start() 

2013-07-04-09-51-53.919835-COT  ASR-3      : DEBUG      
    ASR: speech_end()

2013-07-04-09-51-53.921650-COT  MainProcess : INFO       
    #7845   Time: 2013-07-04-09-51-53.917709-COT From: VAD        To: HUB        Command: speech_end(fname="vad-2013-07-04-09-51-52.750922.wav") 

2013-07-04-09-51-55.061990-COT  ASR-3      : DEBUG      
    ASR Hypothesis
    ------------------------------------------------------------
    1.000 __silence__
    0.000 __other__
    

2013-07-04-09-51-55.097813-COT  SLU-4      : DEBUG      
    SLU Hypothesis
    ------------------------------------------------------------
    1.000 silence()
    

2013-07-04-09-51-55.098617-COT  MainProcess : INFO       
    #7918   Time: 2013-07-04-09-51-55.094183-COT From: ASR        To: HUB        Command: asr_end() 

2013-07-04-09-51-55.159740-COT  DM-5       : DEBUG      
    DDDState Dialogue Act in: silence()

2013-07-04-09-51-55.160814-COT  DM-5       : DEBUG      
    Context Resolution - Dialogue Act: silence()

2013-07-04-09-51-55.172696-COT  DM-5       : DEBUG      
    DDDState - Dialogue state content:
    
    ludait = silence
    alternative = none
    from_centre = none
    from_stop = Malostranská
    route_alternative = 0
    silence_time = 0.0
    time = none
    to_centre = none
    to_stop = Anděl
    
    rh_alternative = system-informed
    rh_enter_at = system-informed
    rh_exit_at = system-informed
    rh_found_directions = system-informed
    rh_from_stop = system-informed
    rh_go_at = system-informed
    rh_headsign = system-informed
    rh_line = system-informed
    rh_stops_conflict = system-informed
    rh_to_stop = system-informed
    rh_vehicle = system-informed
    
    ch_alternative = system-informed
    ch_enter_at = system-informed
    ch_exit_at = system-informed
    ch_found_directions = system-informed
    ch_from_stop = system-informed
    ch_go_at = system-informed
    ch_headsign = system-informed
    ch_line = system-informed
    ch_stops_conflict = system-informed
    ch_to_stop = system-informed
    ch_vehicle = system-informed
    
    sh_alternative = system-informed
    sh_enter_at = system-informed
    sh_exit_at = system-informed
    sh_found_directions = system-informed
    sh_from_stop = system-informed
    sh_go_at = system-informed
    sh_headsign = system-informed
    sh_line = system-informed
    sh_stops_conflict = system-informed
    sh_to_stop = system-informed
    sh_vehicle = system-informed
    

2013-07-04-09-51-55.173550-COT  MainProcess : INFO       
    #7924   Time: 2013-07-04-09-51-55.132491-COT From: SLU        To: HUB        Command: slu_parsed() 

2013-07-04-09-51-55.174753-COT  DM-5       : DEBUG      
    DDDState
    
    Requested slots:
    {}
    Confirmed slots:
    {}
    Non-informed slots:
    {u'route_alternative': 0, u'silence_time': 0.0}

2013-07-04-09-51-55.175730-COT  DM-5       : DEBUG      
    DM Output
    ------------------------------------------------------------
    silence()
    

2013-07-04-09-51-55.233796-COT  MainProcess : INFO       
    #7930   Time: 2013-07-04-09-51-55.231816-COT From: DM         To: HUB        Hyp: silence() 

2013-07-04-09-51-57.619575-COT  MainProcess : INFO       
    #8043   Time: 2013-07-04-09-51-56.973690-COT From: VoipIO     To: HUB        Command: play_utterance_end(user_id="None",fname="tts-2013-07-04-09-51-43.062879.wav) 

2013-07-04-09-51-59.059654-COT  MainProcess : INFO       
    #8173   Time: 2013-07-04-09-51-59.058298-COT From: VAD        To: HUB        Command: speech_start(fname="vad-2013-07-04-09-51-59.015503.wav") 

2013-07-04-09-51-59.060463-COT  ASR-3      : DEBUG      
    ASR: speech_start()

2013-07-04-09-51-59.061751-COT  MainProcess : INFO       
    #8174   Time: 2013-07-04-09-51-59.058522-COT From: ASR        To: HUB        Command: asr_start() 

2013-07-04-09-52-03.650092-COT  ASR-3      : DEBUG      
    ASR: speech_end()

2013-07-04-09-52-03.652244-COT  MainProcess : INFO       
    #8464   Time: 2013-07-04-09-52-03.648294-COT From: VAD        To: HUB        Command: speech_end(fname="vad-2013-07-04-09-51-59.015503.wav") 

2013-07-04-09-52-05.494139-COT  ASR-3      : DEBUG      
    ASR Hypothesis
    ------------------------------------------------------------
    1.000 __silence__
    0.000 __other__
    

2013-07-04-09-52-05.529454-COT  MainProcess : INFO       
    #8581   Time: 2013-07-04-09-52-05.527486-COT From: ASR        To: HUB        Command: asr_end() 

2013-07-04-09-52-05.530964-COT  SLU-4      : DEBUG      
    SLU Hypothesis
    ------------------------------------------------------------
    1.000 silence()
    

2013-07-04-09-52-05.561506-COT  DM-5       : DEBUG      
    DDDState Dialogue Act in: silence()

2013-07-04-09-52-05.562560-COT  DM-5       : DEBUG      
    Context Resolution - Dialogue Act: silence()

2013-07-04-09-52-05.564718-COT  DM-5       : DEBUG      
    DDDState - Dialogue state content:
    
    ludait = silence
    alternative = none
    from_centre = none
    from_stop = Malostranská
    route_alternative = 0
    silence_time = 0.0
    time = none
    to_centre = none
    to_stop = Anděl
    
    rh_alternative = system-informed
    rh_enter_at = system-informed
    rh_exit_at = system-informed
    rh_found_directions = system-informed
    rh_from_stop = system-informed
    rh_go_at = system-informed
    rh_headsign = system-informed
    rh_line = system-informed
    rh_stops_conflict = system-informed
    rh_to_stop = system-informed
    rh_vehicle = system-informed
    
    ch_alternative = system-informed
    ch_enter_at = system-informed
    ch_exit_at = system-informed
    ch_found_directions = system-informed
    ch_from_stop = system-informed
    ch_go_at = system-informed
    ch_headsign = system-informed
    ch_line = system-informed
    ch_stops_conflict = system-informed
    ch_to_stop = system-informed
    ch_vehicle = system-informed
    
    sh_alternative = system-informed
    sh_enter_at = system-informed
    sh_exit_at = system-informed
    sh_found_directions = system-informed
    sh_from_stop = system-informed
    sh_go_at = system-informed
    sh_headsign = system-informed
    sh_line = system-informed
    sh_stops_conflict = system-informed
    sh_to_stop = system-informed
    sh_vehicle = system-informed
    

2013-07-04-09-52-05.565793-COT  DM-5       : DEBUG      
    DDDState
    
    Requested slots:
    {}
    Confirmed slots:
    {}
    Non-informed slots:
    {u'route_alternative': 0, u'silence_time': 0.0}

2013-07-04-09-52-05.566425-COT  MainProcess : INFO       
    #8586   Time: 2013-07-04-09-52-05.556615-COT From: SLU        To: HUB        Command: slu_parsed() 

2013-07-04-09-52-05.568129-COT  DM-5       : DEBUG      
    DM Output
    ------------------------------------------------------------
    silence()
    

2013-07-04-09-52-05.648588-COT  MainProcess : INFO       
    #8593   Time: 2013-07-04-09-52-05.645359-COT From: DM         To: HUB        Hyp: silence() 

2013-07-04-09-52-06.428008-COT  MainProcess : INFO       
    #8643   Time: 2013-07-04-09-52-06.423797-COT From: VAD        To: HUB        Command: speech_start(fname="vad-2013-07-04-09-52-06.379492.wav") 

2013-07-04-09-52-06.429218-COT  ASR-3      : DEBUG      
    ASR: speech_start()

2013-07-04-09-52-06.431667-COT  MainProcess : INFO       
    #8644   Time: 2013-07-04-09-52-06.426566-COT From: ASR        To: HUB        Command: asr_start() 

2013-07-04-09-52-10.376568-COT  MainProcess : INFO       
    #8894   Time: 2013-07-04-09-52-10.372887-COT From: VAD        To: HUB        Command: speech_end(fname="vad-2013-07-04-09-52-06.379492.wav") 

2013-07-04-09-52-10.378063-COT  ASR-3      : DEBUG      
    ASR: speech_end()

2013-07-04-09-52-11.389950-COT  ASR-3      : DEBUG      
    ASR Hypothesis
    ------------------------------------------------------------
    1.000 __silence__
    0.000 __other__
    

2013-07-04-09-52-11.433513-COT  MainProcess : INFO       
    #8962   Time: 2013-07-04-09-52-11.431577-COT From: ASR        To: HUB        Command: asr_end() 

2013-07-04-09-52-11.435308-COT  SLU-4      : DEBUG      
    SLU Hypothesis
    ------------------------------------------------------------
    1.000 silence()
    

2013-07-04-09-52-11.472530-COT  DM-5       : DEBUG      
    DDDState Dialogue Act in: silence()

2013-07-04-09-52-11.473343-COT  DM-5       : DEBUG      
    Context Resolution - Dialogue Act: silence()

2013-07-04-09-52-11.478507-COT  DM-5       : DEBUG      
    DDDState - Dialogue state content:
    
    ludait = silence
    alternative = none
    from_centre = none
    from_stop = Malostranská
    route_alternative = 0
    silence_time = 0.0
    time = none
    to_centre = none
    to_stop = Anděl
    
    rh_alternative = system-informed
    rh_enter_at = system-informed
    rh_exit_at = system-informed
    rh_found_directions = system-informed
    rh_from_stop = system-informed
    rh_go_at = system-informed
    rh_headsign = system-informed
    rh_line = system-informed
    rh_stops_conflict = system-informed
    rh_to_stop = system-informed
    rh_vehicle = system-informed
    
    ch_alternative = system-informed
    ch_enter_at = system-informed
    ch_exit_at = system-informed
    ch_found_directions = system-informed
    ch_from_stop = system-informed
    ch_go_at = system-informed
    ch_headsign = system-informed
    ch_line = system-informed
    ch_stops_conflict = system-informed
    ch_to_stop = system-informed
    ch_vehicle = system-informed
    
    sh_alternative = system-informed
    sh_enter_at = system-informed
    sh_exit_at = system-informed
    sh_found_directions = system-informed
    sh_from_stop = system-informed
    sh_go_at = system-informed
    sh_headsign = system-informed
    sh_line = system-informed
    sh_stops_conflict = system-informed
    sh_to_stop = system-informed
    sh_vehicle = system-informed
    

2013-07-04-09-52-11.479758-COT  MainProcess : INFO       
    #8965   Time: 2013-07-04-09-52-11.470717-COT From: SLU        To: HUB        Command: slu_parsed() 

2013-07-04-09-52-11.488184-COT  DM-5       : DEBUG      
    DDDState
    
    Requested slots:
    {}
    Confirmed slots:
    {}
    Non-informed slots:
    {u'route_alternative': 0, u'silence_time': 0.0}

2013-07-04-09-52-11.489078-COT  DM-5       : DEBUG      
    DM Output
    ------------------------------------------------------------
    silence()
    

2013-07-04-09-52-11.559458-COT  MainProcess : INFO       
    #8972   Time: 2013-07-04-09-52-11.557014-COT From: DM         To: HUB        Hyp: silence() 

2013-07-04-09-52-11.663424-COT  MainProcess : INFO       
    #8981   Time: 2013-07-04-09-52-11.660352-COT From: VAD        To: HUB        Command: speech_start(fname="vad-2013-07-04-09-52-11.514189.wav") 

2013-07-04-09-52-11.664840-COT  ASR-3      : DEBUG      
    ASR: speech_start()

2013-07-04-09-52-11.667292-COT  MainProcess : INFO       
    #8982   Time: 2013-07-04-09-52-11.662027-COT From: ASR        To: HUB        Command: asr_start() 

2013-07-04-09-52-18.101011-COT  DM-5       : EXCEPTION  
    Uncaught exception in the DM process.
    Traceback (most recent call last):
      File "/home/jurcicek/vystadial-git/alex/components/hub/dm.py", line 176, in run
        time.sleep(self.cfg['Hub']['main_loop_sleep_time'])
    KeyboardInterrupt
    

2013-07-04-09-52-18.101835-COT  TTS-7      : EXCEPTION  
    Uncaught exception in the TTS process.
    Traceback (most recent call last):
      File "/home/jurcicek/vystadial-git/alex/components/hub/tts.py", line 180, in run
        time.sleep(self.cfg['Hub']['main_loop_sleep_time'])
    KeyboardInterrupt
    

2013-07-04-09-52-18.104375-COT  ASR-3      : EXCEPTION  
    Uncaught exception in ASR process.
    Traceback (most recent call last):
      File "/home/jurcicek/vystadial-git/alex/components/hub/asr.py", line 213, in run
        time.sleep(self.cfg['Hub']['main_loop_sleep_time'])
    KeyboardInterrupt
    

2013-07-04-09-52-18.106487-COT  MainProcess : EXCEPTION  
    Uncaught exception in VHUB process.
    Traceback (most recent call last):
      File "./vhub.py", line 122, in run
        time.sleep(self.cfg['Hub']['main_loop_sleep_time'])
    KeyboardInterrupt
    

2013-07-04-09-52-18.107728-COT  NLG-6      : EXCEPTION  
    Uncaught exception in NLG process.
    Traceback (most recent call last):
      File "/home/jurcicek/vystadial-git/alex/components/hub/nlg.py", line 123, in run
        time.sleep(self.cfg['Hub']['main_loop_sleep_time'])
    KeyboardInterrupt
    

2013-07-04-09-52-18.108383-COT  SLU-4      : EXCEPTION  
    Uncaught exception in SLU process.
    Traceback (most recent call last):
      File "/home/jurcicek/vystadial-git/alex/components/hub/slu.py", line 137, in run
        time.sleep(self.cfg['Hub']['main_loop_sleep_time'])
    KeyboardInterrupt
    

2013-07-04-09-52-18.250850-COT  VAD-2      : EXCEPTION  
    Uncaught exception in the VAD process.
    Traceback (most recent call last):
      File "/home/jurcicek/vystadial-git/alex/components/hub/vad.py", line 257, in run
        self.read_write_audio()
      File "/home/jurcicek/vystadial-git/alex/components/hub/vad.py", line 153, in read_write_audio
        decision = self.vad.decide(data_rec.payload)
      File "/home/jurcicek/vystadial-git/alex/components/vad/gmm.py", line 62, in decide
        mfcc = self.front_end.param(frame)
      File "/home/jurcicek/vystadial-git/alex/utils/mfcc.py", line 126, in param
        frame = frame - np.mean(frame)
      File "/usr/local/lib/python2.7/dist-packages/numpy/core/fromnumeric.py", line 2488, in mean
        out=out, keepdims=keepdims)
      File "/usr/local/lib/python2.7/dist-packages/numpy/core/_methods.py", line 48, in _mean
        out=out, keepdims=keepdims)
    KeyboardInterrupt
    

2013-07-04-09-52-18.683791-COT  VoipIO-1   : DEBUG      
    CallCallback::on_state : Call with "Anonymous" <sip:anonymous@195.113.20.69> is DISCONNCTD last code = 200 (Normal call clearing)

