2013-09-26-11-38-18.637054-CEST  VoipIO-1   : DEBUG      
    CallCallback::on_state : Call with "777805048" <sip:777805048@195.113.20.160> is CONNECTING last code = 200 (OK)

2013-09-26-11-38-18.640396-CEST  VoipIO-1   : DEBUG      
    VoipIO::on_call_connecting

2013-09-26-11-38-18.644140-CEST  VoipIO-1   : DEBUG      
    CallCallback::on_state : Call with "777805048" <sip:777805048@195.113.20.160> is CONFIRMED last code = 200 (OK)

2013-09-26-11-38-18.655235-CEST  MainProcess : SYSTEM-LOG 
    config = { 'ASR': { 'Google': { 'debug': False, 'language': 'cs', 'maxresults': 20},
               'Julius': { 'adinnetport': 5530,
                           'binary': '/usr/local/bin/julius',
                           'debug': False,
                           'hostname': 'localhost',
                           'jconf': { '-adport': '5530',
                                      '-b': '1000',
                                      '-b2': '100',
                                      '-cmnload': 'cmn.param',
                                      '-cmnmapweight': '200',
                                      '-cmnsave': 'cmn.param',
                                      '-confnet': '',
                                      '-fallback1pass': '',
                                      '-gprune': 'safe',
                                      '-h': '/mnt/h/jurcicek/github/UFAL-DSG-alex-prd/alex/resources/asr/voip_en/hmmdefs',
                                      '-hlist': '/mnt/h/jurcicek/github/UFAL-DSG-alex-prd/alex/resources/asr/voip_en/tiedlist',
                                      '-htkconf': '/mnt/h/jurcicek/github/UFAL-DSG-alex-prd/alex/resources/asr/voip_en/config',
                                      '-input': 'adinnet',
                                      '-iwsp': '',
                                      '-iwsppenalty': '0.0',
                                      '-lmp': '15.0 0.0',
                                      '-lmp2': '15.0 0.0',
                                      '-mapunk': 'UM',
                                      '-module': '10500',
                                      '-n': '50',
                                      '-nlr': '/mnt/h/jurcicek/github/UFAL-DSG-alex-prd/alex/resources/lm/caminfo/julius_arpa_bigram',
                                      '-no_ccd': '',
                                      '-nrl': '/mnt/h/jurcicek/github/UFAL-DSG-alex-prd/alex/resources/lm/caminfo/julius_arpa_rev_bigram',
                                      '-silhead': '<s>',
                                      '-siltail': '</s>',
                                      '-spmodel': 'sp',
                                      '-tmix': '4',
                                      '-v': '/mnt/h/jurcicek/github/UFAL-DSG-alex-prd/alex/resources/lm/caminfo/julius_dict'},
                           'jconffile': 'julius.jconf',
                           'killall': False,
                           'logfile': 'julius.log',
                           'msg_timeout': 0.3,
                           'pidfile': 'julius.pid',
                           'reuse_server': False,
                           'serverport': 10500,
                           'start_max_wait_time': 15,
                           'start_wait_time': 0.5,
                           'timeout': 2.0},
               'Kaldi': { 'LM_scale': -6666.66,
                          'hypothesis_type': 'nblist',
                          'lat_depth': 666666,
                          'model': 'TODO_path_to_model'},
               'debug': True,
               'type': 'Google'},
      'Analytics': Analytics(account_id='UA-41905278-1', domain_name='cuni.cz'),
      'Audio': { 'sample_rate': 16000, 'samples_per_frame': 256},
      'AudioIO': { 'debug': True, 'output_dir': './aio_call_log', 'play_buffer_size': 1024},
      'DM': { 'PUfalRuleDM': { 'code_submit_url': None,
                               'db_cfg': '/mnt/h/jurcicek/github/UFAL-DSG-alex-prd/alex/resources/../applications/CamInfoRest/cued_data/CIRdbase_V7_noloc.txt',
                               'ontology': '/mnt/h/jurcicek/github/UFAL-DSG-alex-prd/alex/resources/../applications/CamInfoRest/ontology.cfg',
                               'provide_code': False},
              'UfalRuleDM': { 'code_submit_url': None,
                              'db_cfg': '/mnt/h/jurcicek/github/UFAL-DSG-alex-prd/alex/resources/../applications/CamInfoRest/cued_data/CIRdbase_V7_noloc.txt',
                              'ontology': '/mnt/h/jurcicek/github/UFAL-DSG-alex-prd/alex/resources/../applications/CamInfoRest/ontology.cfg',
                              'provide_code': False},
              'basic': { 'debug': True, 'silence_timeout': 10.0},
              'debug': True,
              'dialogue_policy': { 'type': <class 'alex.applications.PublicTransportInfoCS.hdc_policy.PTICSHDCPolicy'>},
              'dialogue_state': { 'type': <class 'alex.components.dm.dddstate.DeterministicDiscriminativeDialogueState'>},
              'input_timeout': 3.0,
              'ontology': '/mnt/h/jurcicek/github/UFAL-DSG-alex-prd/alex/applications/PublicTransportInfoCS/data/ontology.py',
              'type': 'basic'},
      'General': { 'debug': False,
                   'include': ['/mnt/h/jurcicek/github/UFAL-DSG-alex-prd/alex/resources/private/default.cfg']},
      'Hub': { 'history_file': 'hub_history_hub.txt', 'history_length': 1000, 'main_loop_sleep_time': 0.002},
      'Logging': { 'excepthook': ExceptionHook(
            ExceptionHook
              Hook Type: log
              Hook Logger: SystemLogger(output_dir=./call_logs, stdout_log_level='DEBUG', stdout=True, file_log_level='DEBUG')),
                   'session_logger': SessionLogger(),
                   'system_logger': SystemLogger(output_dir=/net/projects/vystadial/data/call-logs/2013-05-30-alex-aotb-prototype/new, stdout_log_level='DEBUG', stdout=True, file_log_level='DEBUG'),
                   'system_name': u'Alex On The Bus - Live',
                   'version': u'1.0'},
      'NLG': { 'Template': { 'model': '/mnt/h/jurcicek/github/UFAL-DSG-alex-prd/alex/applications/PublicTransportInfoCS/nlg_templates.cfg'},
               'debug': True,
               'type': 'Template'},
      'PublicTransportInfoCS': { 'max_turns': 120},
      'SHub': { 'history_file': 'hub_history_shub.txt', 'history_length': 1000},
      'SLU': { 'cl-tracing': { 'cldb_fname': '/mnt/h/jurcicek/github/UFAL-DSG-alex-prd/alex/applications/CamInfoRest/data/database.py',
                               'do_preprocessing': True,
                               'features_type': ('ngram', 'ab_ngram'),
                               'testing': { 'max_examples': None,
                                            'min_perc': 80,
                                            'model_fname': '/mnt/h/jurcicek/github/UFAL-DSG-alex-prd/alex/applications/CamInfoRest/models/130516_minf60-minfc35-mind60.slu_model.gz',
                                            'renormalise': True,
                                            'threshold': None,
                                            'vanilla': True},
                               'training': { 'abstractions': ('abstract',), 'models_dir': 'models'}},
               'debug': True,
               'type': <class 'alex.applications.PublicTransportInfoCS.hdc_slu.PTICSHDCSLU'>,
               <class 'alex.applications.PublicTransportInfoCS.hdc_slu.PTICSHDCSLU'>: { 'cldb_fname': '/mnt/h/jurcicek/github/UFAL-DSG-alex-prd/alex/applications/PublicTransportInfoCS/data/database.py',
                                                                                        'preprocessing_cls': <class 'alex.applications.PublicTransportInfoCS.preprocessing.PTICSSLUPreprocessing'>,
                                                                                        'training': { 'models_dir': 'models'}}},
      'THub': { 'history_file': 'hub_history_thub.txt', 'history_length': 1000},
      'TTS': { 'Flite': { 'debug': False,
                          'preprocessing': '/mnt/h/jurcicek/github/UFAL-DSG-alex-prd/alex/resources/tts/prep_flite_en.cfg',
                          'tempo': 1.0,
                          'voice': 'kal16'},
               'Google': { 'debug': False,
                           'language': 'en',
                           'preprocessing': '/mnt/h/jurcicek/github/UFAL-DSG-alex-prd/alex/resources/tts/prep_google_en.cfg',
                           'tempo': 1.0},
               'SpeechTech': { 'debug': True,
                               'login': 'filipjurcicek',
    # this line was removed since it included a password
                               'preprocessing': '/mnt/h/jurcicek/github/UFAL-DSG-alex-prd/alex/resources/tts/prep_speechtech_cs.cfg',
                               'tempo': 1.2,
                               'voice': 'Iva210'},
               'VoiceRSS': { 'api_key': '3b6a9fca5d724b1c8ac34691586cdda1'},
               'VoiceRss': { 'language': 'en-gb',
                             'preprocessing': '/mnt/h/jurcicek/github/UFAL-DSG-alex-prd/alex/resources/tts/prep_voicerss_en.cfg',
                             'tempo': 1.0},
               'debug': True,
               'in_between_segments_silence': 0.01,
               'type': 'SpeechTech'},
      'VAD': { 'debug': False,
               'decision_frames_sil': 25,
               'decision_frames_speech': 10,
               'decision_non_speech_threshold': 0.2,
               'decision_speech_threshold': 0.7,
               'ffnn': { 'ceplifter': 22,
                         'enormalise': True,
                         'filter_length': 2,
                         'frameshift': 160,
                         'framesize': 512,
                         'frontend': 'MFCC',
                         'hifreq': 3800,
                         'lofreq': 125,
                         'model': '/mnt/h/jurcicek/github/UFAL-DSG-alex-prd/alex/resources/vad/voip/vad_sds_mfcc_is39_hu32_lf0_mfr5000000_mfl1000000_mfps50_ts0_usec01.nn',
                         'n_last_frames': 0,
                         'numceps': 12,
                         'numchans': 26,
                         'preemcoef': 0.97,
                         'useacc': True,
                         'usec0': True,
                         'usecmn': False,
                         'usedelta': True,
                         'usehamming': True,
                         'usepower': True,
                         'zmeansource': True},
               'gmm': { 'ceplifter': 22,
                        'enormalise': True,
                        'filter_length': 2,
                        'frameshift': 160,
                        'framesize': 512,
                        'frontend': 'MFCC',
                        'hifreq': 3800,
                        'lofreq': 125,
                        'n_last_frames': 0,
                        'numceps': 12,
                        'numchans': 26,
                        'preemcoef': 0.97,
                        'sil_model': '/mnt/h/jurcicek/github/UFAL-DSG-alex-prd/alex/resources/vad/voip/vad_sil_sds_mfcc_m064_f100000.gmm',
                        'speech_model': '/mnt/h/jurcicek/github/UFAL-DSG-alex-prd/alex/resources/vad/voip/vad_speech_sds_mfcc_m064_f100000.gmm',
                        'useacc': True,
                        'usec0': False,
                        'usecmn': False,
                        'usedelta': True,
                        'usehamming': True,
                        'usepower': True,
                        'zmeansource': True},
               'power': { 'adaptation_frames': 30, 'threshold': 70, 'threshold_multiplier': 1.0},
               'speech_buffer_frames': 25,
               'type': 'ffnn'},
      'VoipHub': { 'blacklist_for': 7200,
                   'call_db': u'/net/projects/vystadial/data/call-logs/2013-05-30-alex-aotb-prototype/new/call_db.pckl',
                   'hard_time_limit': 360,
                   'hard_turn_limit': 120,
                   'history_length': 1000,
                   'last_period_max_num_calls': 20,
                   'last_period_max_total_time': 1800,
                   'limit_reached_message': u'D\u011bkujeme za zavol\xe1n\xed, ale u\u017e jste volali hodn\u011b. Pros\xedm zavolejte pozd\u011bji. Na shledanou.',
                   'period': 172800,
                   'pid_file': u'/net/projects/vystadial/data/call-logs/2013-05-30-alex-aotb-prototype/new/vhub_live.pid',
                   'wait_time_before_calling_back': 10},
      'VoipIO': { 'allowed_hosts': '',
                  'allowed_phone_numbers': '(^[234567])',
                  'allowed_users': '(^[234567])',
                  'debug': True,
                  'domain': 'vystadial.ms.mff.cuni.cz',
                  'forbidden_hosts': '',
                  'forbidden_phone_number': '(^112$|^150$|^155$|^156$|^158$)',
                  'forbidden_users': '(^112$|^150$|^155$|^156$|^158$)',
    # this line was removed since it included a password
                  'pjsip_log_level': 3,
                  'reject_calls': False,
                  'user': '800899998'},
      'WebHub': { 'port': 8000},
      'corpustools': { 'get_jasr_confnets': { 'frame_size': 256, 'rt_ratio': 0.2}}}

2013-09-26-11-38-18.824632-CEST  VoipIO-1   : DEBUG      
    VoipIO::on_call_confirmed

2013-09-26-11-38-18.936347-CEST  MainProcess : INFO       
    #2      Time: 2013-09-26-11-38-18.641408-CEST From: VoipIO     To: HUB        Command: call_connecting(remote_uri="777805048") 

2013-09-26-11-38-18.942841-CEST  MainProcess : INFO       
    #3      Time: 2013-09-26-11-38-18.825517-CEST From: VoipIO     To: HUB        Command: call_confirmed(remote_uri="777805048") 

2013-09-26-11-38-18.948649-CEST  MainProcess : INFO       
    
    ========================================================================================================================
    Incoming call from :          777805048
    ------------------------------------------------------------------------------------------------------------------------
    Total calls:                  21
    Total time (min):             29.3
    Last period total calls:      1
    Last period total time (min): 2.2
    ------------------------------------------------------------------------------------------------------------------------
    CALL ACCEPTED
    ========================================================================================================================
    

2013-09-26-11-38-18.952961-CEST  DM-5       : DEBUG      
    #7      Time: 2013-09-26-11-38-18.946381-CEST From: HUB        To: DM         Command: new_dialogue() 

2013-09-26-11-38-19.100054-CEST  DM-5       : DEBUG      
    DM Output
    ------------------------------------------------------------
    hello()
    

2013-09-26-11-38-19.166983-CEST  MainProcess : INFO       
    #24     Time: 2013-09-26-11-38-19.163199-CEST From: DM         To: HUB        DA: hello() 

2013-09-26-11-38-19.173145-CEST  NLG-6      : DEBUG      
    #25     Time: 2013-09-26-11-38-19.168485-CEST From: HUB        To: NLG        DA: hello() 

2013-09-26-11-38-19.176018-CEST  NLG-6      : DEBUG      
    NLG Output
    ------------------------------------------------------------
    Dobrý den. Hovor je nahráván. Více informací o této službě je na internetu. Jak Vám mohu pomoci. 
    

2013-09-26-11-38-19.245700-CEST  MainProcess : INFO       
    #30     Time: 2013-09-26-11-38-19.242249-CEST From: NLG        To: HUB        Command: nlg_text_generated() 

2013-09-26-11-38-19.253101-CEST  MainProcess : INFO       
    #32     Time: 2013-09-26-11-38-19.246758-CEST From: TTS        To: HUB        Command: tts_start(user_id="None",text="Dobrý den. Hovor je nahráván. Více informací o této službě je na internetu. Jak Vám mohu pomoci. ") 

2013-09-26-11-38-21.950608-CEST  DM-5       : DEBUG      
    #203    Time: 2013-09-26-11-38-21.947617-CEST From: HUB        To: DM         Command: timeout(silence_time="1380188301.948") 

2013-09-26-11-38-21.953971-CEST  DM-5       : DEBUG      
    DDDState Dialogue Act in: silence(time="1380188301.948")

2013-09-26-11-38-21.957023-CEST  DM-5       : DEBUG      
    Context Resolution - Dialogue Act: silence(time="1380188301.948")

2013-09-26-11-38-21.960280-CEST  DM-5       : DEBUG      
    DDDState - Dialogue state content:
    
    ludait = silence
    silence_time = 1380188301.95
    
    
    
    

2013-09-26-11-38-21.963759-CEST  DM-5       : DEBUG      
    DDDState - Dialogue state update
    
    Requested slots:
    {}
    Confirmed slots:
    {}
    Non-informed slots:
    {u'silence_time': 1380188301.948}

2013-09-26-11-38-21.967143-CEST  DM-5       : DEBUG      
    DM Output
    ------------------------------------------------------------
    inform(silence_timeout="true")
    

2013-09-26-11-38-22.060780-CEST  MainProcess : INFO       
    #212    Time: 2013-09-26-11-38-22.058021-CEST From: DM         To: HUB        DA: inform(silence_timeout="true") 

2013-09-26-11-38-22.065500-CEST  NLG-6      : DEBUG      
    #213    Time: 2013-09-26-11-38-22.062408-CEST From: HUB        To: NLG        DA: inform(silence_timeout="true") 

2013-09-26-11-38-22.068636-CEST  NLG-6      : DEBUG      
    NLG Output
    ------------------------------------------------------------
    Haló, slyšíme se?
    

2013-09-26-11-38-22.139566-CEST  MainProcess : INFO       
    #218    Time: 2013-09-26-11-38-22.136417-CEST From: NLG        To: HUB        Command: nlg_text_generated() 

2013-09-26-11-38-22.804631-CEST  MainProcess : INFO       
    #34     Time: 2013-09-26-11-38-19.249725-CEST From: VoipIO     To: HUB        Command: play_utterance_start(user_id="None",fname="tts-2013-09-26-11-38-19.244472.wav") 

2013-09-26-11-38-24.969291-CEST  MainProcess : INFO       
    #812    Time: 2013-09-26-11-38-24.963612-CEST From: TTS        To: HUB        Command: tts_end(user_id="None",text="Dobrý den. Hovor je nahráván. Více informací o této službě je na internetu. Jak Vám mohu pomoci. ",fname="tts-2013-09-26-11-38-19.244472.wav",log="true") 

2013-09-26-11-38-24.974646-CEST  MainProcess : INFO       
    #816    Time: 2013-09-26-11-38-24.970194-CEST From: TTS        To: HUB        Command: tts_start(user_id="None",text="Haló, slyšíme se?") 

2013-09-26-11-38-25.693489-CEST  MainProcess : INFO       
    #958    Time: 2013-09-26-11-38-25.689860-CEST From: TTS        To: HUB        Command: tts_end(user_id="None",text="Haló, slyšíme se?",fname="tts-2013-09-26-11-38-24.969779.wav",log="true") 

2013-09-26-11-38-29.335121-CEST  MainProcess : INFO       
    #1163   Time: 2013-09-26-11-38-28.942545-CEST From: VoipIO     To: HUB        Command: play_utterance_end(user_id="None",fname="tts-2013-09-26-11-38-19.244472.wav) 

2013-09-26-11-38-29.340461-CEST  MainProcess : INFO       
    #1164   Time: 2013-09-26-11-38-28.944872-CEST From: VoipIO     To: HUB        Command: play_utterance_start(user_id="None",fname="tts-2013-09-26-11-38-24.969779.wav") 

2013-09-26-11-38-30.804778-CEST  MainProcess : INFO       
    #1233   Time: 2013-09-26-11-38-30.028261-CEST From: VoipIO     To: HUB        Command: play_utterance_end(user_id="None",fname="tts-2013-09-26-11-38-24.969779.wav) 

2013-09-26-11-38-32.708961-CEST  ASR-3      : DEBUG      
    ASR: speech_start(fname="vad-2013-09-26-11-38-32.467763.wav")

2013-09-26-11-38-32.713055-CEST  MainProcess : INFO       
    #1399   Time: 2013-09-26-11-38-32.703194-CEST From: VAD        To: HUB        Command: speech_start(fname="vad-2013-09-26-11-38-32.467763.wav") 

2013-09-26-11-38-32.719912-CEST  MainProcess : INFO       
    #1400   Time: 2013-09-26-11-38-32.704008-CEST From: ASR        To: HUB        Command: asr_start(fname="vad-2013-09-26-11-38-32.467763.wav") 

2013-09-26-11-38-33.611692-CEST  ASR-3      : DEBUG      
    ASR: speech_end(fname="vad-2013-09-26-11-38-32.467763.wav")

2013-09-26-11-38-33.615085-CEST  MainProcess : INFO       
    #1461   Time: 2013-09-26-11-38-33.608680-CEST From: VAD        To: HUB        Command: speech_end(fname="vad-2013-09-26-11-38-32.467763.wav") 

2013-09-26-11-38-34.281723-CEST  ASR-3      : DEBUG      
    ASR Hypothesis
    ------------------------------------------------------------
    0.522 tady je taky dělat
    0.064 tobě taky dělat
    0.059 tady je tak dělat
    0.055 tady je taky dělá
    0.050 tady je taky chtěla
    0.046 chtěl bych chtěla
    0.041 tady je taky děláš
    0.036 tady je tak dělá
    0.032 tobě taky dělá
    0.027 tady je tak děláš
    0.023 tobě taky chtěla
    0.018 tobě taky děláš
    0.014 tobě tak dělat
    0.009 tady taky dělat
    0.005 tobě tak dělá
    0.000 __other__
    

2013-09-26-11-38-34.314063-CEST  MainProcess : INFO       
    #1505   Time: 2013-09-26-11-38-34.311021-CEST From: ASR        To: HUB        Command: asr_end(fname="vad-2013-09-26-11-38-32.467763.wav") 

2013-09-26-11-38-34.967696-CEST  SLU-4      : DEBUG      
    SLU Hypothesis
    ------------------------------------------------------------
    1.000 other()
    

2013-09-26-11-38-34.981674-CEST  MainProcess : INFO       
    #1549   Time: 2013-09-26-11-38-34.977916-CEST From: SLU        To: HUB        Command: slu_parsed(fname="vad-2013-09-26-11-38-32.467763.wav") 

2013-09-26-11-38-34.984831-CEST  DM-5       : DEBUG      
    DDDState Dialogue Act in: other()

2013-09-26-11-38-34.987813-CEST  DM-5       : DEBUG      
    Context Resolution - Dialogue Act: other()

2013-09-26-11-38-34.990367-CEST  DM-5       : DEBUG      
    DDDState - Dialogue state content:
    
    ludait = other
    silence_time = 0.0
    
    rh_silence_timeout = system-informed
    
    ch_silence_timeout = system-informed
    
    sh_silence_timeout = system-informed
    

2013-09-26-11-38-34.993278-CEST  DM-5       : DEBUG      
    DDDState - Dialogue state update
    
    Requested slots:
    {}
    Confirmed slots:
    {}
    Non-informed slots:
    {u'silence_time': 0.0}

2013-09-26-11-38-35.010721-CEST  DM-5       : DEBUG      
    DM Output
    ------------------------------------------------------------
    notunderstood()&help(inform="time")
    

2013-09-26-11-38-35.022177-CEST  MainProcess : INFO       
    #1555   Time: 2013-09-26-11-38-35.017876-CEST From: DM         To: HUB        DA: notunderstood()&help(inform="time") 

2013-09-26-11-38-35.027386-CEST  NLG-6      : DEBUG      
    #1556   Time: 2013-09-26-11-38-35.023804-CEST From: HUB        To: NLG        DA: notunderstood()&help(inform="time") 

2013-09-26-11-38-35.030718-CEST  NLG-6      : DEBUG      
    NLG Output
    ------------------------------------------------------------
    Nerozuměla jsem. Můžete například říct v kolik hodin chcete jet.
    

2013-09-26-11-38-35.053550-CEST  MainProcess : INFO       
    #1557   Time: 2013-09-26-11-38-35.049496-CEST From: NLG        To: HUB        Command: nlg_text_generated() 

2013-09-26-11-38-35.056634-CEST  MainProcess : INFO       
    #1559   Time: 2013-09-26-11-38-35.050064-CEST From: TTS        To: HUB        Command: tts_start(user_id="None",text="Nerozuměla jsem. Můžete například říct v kolik hodin chcete jet.") 

2013-09-26-11-38-35.072160-CEST  MainProcess : INFO       
    #1561   Time: 2013-09-26-11-38-35.051664-CEST From: VoipIO     To: HUB        Command: play_utterance_start(user_id="None",fname="tts-2013-09-26-11-38-35.049978.wav") 

2013-09-26-11-38-36.503785-CEST  MainProcess : INFO       
    #1915   Time: 2013-09-26-11-38-36.499324-CEST From: TTS        To: HUB        Command: tts_end(user_id="None",text="Nerozuměla jsem. Můžete například říct v kolik hodin chcete jet.",fname="tts-2013-09-26-11-38-35.049978.wav",log="true") 

2013-09-26-11-38-39.702525-CEST  MainProcess : INFO       
    #2064   Time: 2013-09-26-11-38-38.865196-CEST From: VoipIO     To: HUB        Command: play_utterance_end(user_id="None",fname="tts-2013-09-26-11-38-35.049978.wav) 

2013-09-26-11-38-41.186026-CEST  MainProcess : INFO       
    #2210   Time: 2013-09-26-11-38-41.183630-CEST From: VAD        To: HUB        Command: speech_start(fname="vad-2013-09-26-11-38-41.167377.wav") 

2013-09-26-11-38-41.189194-CEST  ASR-3      : DEBUG      
    ASR: speech_start(fname="vad-2013-09-26-11-38-41.167377.wav")

2013-09-26-11-38-41.192076-CEST  MainProcess : INFO       
    #2211   Time: 2013-09-26-11-38-41.184062-CEST From: ASR        To: HUB        Command: asr_start(fname="vad-2013-09-26-11-38-41.167377.wav") 

2013-09-26-11-38-42.515196-CEST  MainProcess : INFO       
    #2297   Time: 2013-09-26-11-38-42.512654-CEST From: VAD        To: HUB        Command: speech_end(fname="vad-2013-09-26-11-38-41.167377.wav") 

2013-09-26-11-38-42.518401-CEST  ASR-3      : DEBUG      
    ASR: speech_end(fname="vad-2013-09-26-11-38-41.167377.wav")

2013-09-26-11-38-43.143868-CEST  ASR-3      : DEBUG      
    ASR Hypothesis
    ------------------------------------------------------------
    0.659 chtěl bych zájem
    0.062 chtěl bych za anděla
    0.056 chtěl bych zajel
    0.050 chtěl bych tě lízat
    0.043 chtěl bych za anděl
    0.037 chtěl bych jen za anděla
    0.031 chtěl bych zde anděl
    0.025 chtěl bych jet za anděla
    0.019 chtěl bych jít za anděla
    0.012 chtěl bych jel za anděla
    0.006 chtěl bych vza anděl
    0.000 __other__
    

2013-09-26-11-38-43.157618-CEST  MainProcess : INFO       
    #2338   Time: 2013-09-26-11-38-43.153911-CEST From: ASR        To: HUB        Command: asr_end(fname="vad-2013-09-26-11-38-41.167377.wav") 

2013-09-26-11-38-43.555228-CEST  SLU-4      : DEBUG      
    SLU Hypothesis
    ------------------------------------------------------------
    0.764 other()
    0.199 inform(from_stop="Anděl")
    0.037 inform(="Anděl")
    

2013-09-26-11-38-43.569043-CEST  MainProcess : INFO       
    #2364   Time: 2013-09-26-11-38-43.566269-CEST From: SLU        To: HUB        Command: slu_parsed(fname="vad-2013-09-26-11-38-41.167377.wav") 

2013-09-26-11-38-43.571717-CEST  DM-5       : DEBUG      
    DDDState Dialogue Act in: other()

2013-09-26-11-38-43.574784-CEST  DM-5       : DEBUG      
    Context Resolution - Dialogue Act: other()

2013-09-26-11-38-43.577943-CEST  DM-5       : DEBUG      
    DDDState - Dialogue state content:
    
    ludait = other
    alternative = none
    route_alternative = none
    silence_time = 0.0
    
    rh_silence_timeout = system-informed
    
    ch_silence_timeout = system-informed
    
    sh_silence_timeout = system-informed
    

2013-09-26-11-38-43.580626-CEST  DM-5       : DEBUG      
    DDDState - Dialogue state update
    
    Requested slots:
    {}
    Confirmed slots:
    {}
    Non-informed slots:
    {u'silence_time': 0.0}

2013-09-26-11-38-43.614979-CEST  DM-5       : DEBUG      
    DM Output
    ------------------------------------------------------------
    notunderstood()&help(inform="from_stop")
    

2013-09-26-11-38-43.640488-CEST  MainProcess : INFO       
    #2370   Time: 2013-09-26-11-38-43.637096-CEST From: DM         To: HUB        DA: notunderstood()&help(inform="from_stop") 

2013-09-26-11-38-43.644751-CEST  NLG-6      : DEBUG      
    #2371   Time: 2013-09-26-11-38-43.642204-CEST From: HUB        To: NLG        DA: notunderstood()&help(inform="from_stop") 

2013-09-26-11-38-43.647648-CEST  NLG-6      : DEBUG      
    NLG Output
    ------------------------------------------------------------
    Nerozuměla jsem. Můžete například říct z Anděla.
    

2013-09-26-11-38-43.663420-CEST  MainProcess : INFO       
    #2376   Time: 2013-09-26-11-38-43.659848-CEST From: NLG        To: HUB        Command: nlg_text_generated() 

2013-09-26-11-38-43.668542-CEST  MainProcess : INFO       
    #2378   Time: 2013-09-26-11-38-43.664303-CEST From: TTS        To: HUB        Command: tts_start(user_id="None",text="Nerozuměla jsem. Můžete například říct z Anděla.") 

2013-09-26-11-38-43.686798-CEST  MainProcess : INFO       
    #2380   Time: 2013-09-26-11-38-43.666803-CEST From: VoipIO     To: HUB        Command: play_utterance_start(user_id="None",fname="tts-2013-09-26-11-38-43.661290.wav") 

2013-09-26-11-38-44.203021-CEST  MainProcess : INFO       
    #2629   Time: 2013-09-26-11-38-44.198696-CEST From: TTS        To: HUB        Command: tts_end(user_id="None",text="Nerozuměla jsem. Můžete například říct z Anděla.",fname="tts-2013-09-26-11-38-43.661290.wav",log="true") 

2013-09-26-11-38-47.127309-CEST  MainProcess : INFO       
    #2798   Time: 2013-09-26-11-38-46.901475-CEST From: VoipIO     To: HUB        Command: play_utterance_end(user_id="None",fname="tts-2013-09-26-11-38-43.661290.wav) 

2013-09-26-11-38-50.100440-CEST  MainProcess : INFO       
    #3000   Time: 2013-09-26-11-38-50.096454-CEST From: VAD        To: HUB        Command: speech_start(fname="vad-2013-09-26-11-38-50.064225.wav") 

2013-09-26-11-38-50.103152-CEST  ASR-3      : DEBUG      
    ASR: speech_start(fname="vad-2013-09-26-11-38-50.064225.wav")

2013-09-26-11-38-50.106498-CEST  MainProcess : INFO       
    #3001   Time: 2013-09-26-11-38-50.098343-CEST From: ASR        To: HUB        Command: asr_start(fname="vad-2013-09-26-11-38-50.064225.wav") 

2013-09-26-11-38-51.414331-CEST  ASR-3      : DEBUG      
    ASR: speech_end(fname="vad-2013-09-26-11-38-50.064225.wav")

2013-09-26-11-38-51.417848-CEST  MainProcess : INFO       
    #3087   Time: 2013-09-26-11-38-51.411082-CEST From: VAD        To: HUB        Command: speech_end(fname="vad-2013-09-26-11-38-50.064225.wav") 

2013-09-26-11-38-52.080425-CEST  ASR-3      : DEBUG      
    ASR Hypothesis
    ------------------------------------------------------------
    0.718 výsledky stanice anděl
    0.040 vysoký stanice anděl
    0.037 stanice anděl
    0.034 vysledky stanice anděl
    0.031 znaky stanice anděl
    0.028 vysoky stanice anděl
    0.025 výsledky tenis anděl
    0.022 anděl
    0.019 výsledky anděl
    0.015 youtube stanice anděl
    0.012 výsledky stanice agip
    0.009 jsem stanice anděl
    0.006 výsledky stanice anděl i
    0.003 vysoký stanice agip
    0.000 __other__
    

2013-09-26-11-38-52.098878-CEST  MainProcess : INFO       
    #3128   Time: 2013-09-26-11-38-52.094615-CEST From: ASR        To: HUB        Command: asr_end(fname="vad-2013-09-26-11-38-50.064225.wav") 

2013-09-26-11-38-52.575224-CEST  SLU-4      : DEBUG      
    SLU Hypothesis
    ------------------------------------------------------------
    0.985 inform(="Anděl")
    0.015 other()
    

2013-09-26-11-38-52.591682-CEST  MainProcess : INFO       
    #3162   Time: 2013-09-26-11-38-52.588513-CEST From: SLU        To: HUB        Command: slu_parsed(fname="vad-2013-09-26-11-38-50.064225.wav") 

2013-09-26-11-38-52.594908-CEST  DM-5       : DEBUG      
    DDDState Dialogue Act in: inform(="Anděl")

2013-09-26-11-38-52.598057-CEST  DM-5       : DEBUG      
    Context Resolution - Dialogue Act: inform(="Anděl")

2013-09-26-11-38-52.601266-CEST  DM-5       : DEBUG      
    DDDState - Dialogue state content:
    
    ludait = none
    alternative = none
    from_stop = none
    route_alternative = none
    silence_time = 0.0
    
    rh_silence_timeout = system-informed
    
    ch_silence_timeout = system-informed
    
    sh_silence_timeout = system-informed
    

2013-09-26-11-38-52.604156-CEST  DM-5       : DEBUG      
    DDDState - Dialogue state update
    
    Requested slots:
    {}
    Confirmed slots:
    {}
    Non-informed slots:
    {u'silence_time': 0.0}

2013-09-26-11-38-52.656460-CEST  DM-5       : DEBUG      
    DM Output
    ------------------------------------------------------------
    request(from_stop)
    

2013-09-26-11-38-52.702154-CEST  MainProcess : INFO       
    #3168   Time: 2013-09-26-11-38-52.668899-CEST From: DM         To: HUB        DA: request(from_stop) 

2013-09-26-11-38-52.708141-CEST  NLG-6      : DEBUG      
    #3173   Time: 2013-09-26-11-38-52.703818-CEST From: HUB        To: NLG        DA: request(from_stop) 

2013-09-26-11-38-52.710777-CEST  NLG-6      : DEBUG      
    NLG Output
    ------------------------------------------------------------
    Jaká je Vaše výchozí zastávka?
    

2013-09-26-11-38-52.743676-CEST  MainProcess : INFO       
    #3176   Time: 2013-09-26-11-38-52.741239-CEST From: NLG        To: HUB        Command: nlg_text_generated() 

2013-09-26-11-38-52.750264-CEST  MainProcess : INFO       
    #3179   Time: 2013-09-26-11-38-52.744872-CEST From: TTS        To: HUB        Command: tts_start(user_id="None",text="Jaká je Vaše výchozí zastávka?") 

2013-09-26-11-38-52.767520-CEST  MainProcess : INFO       
    #3181   Time: 2013-09-26-11-38-52.745941-CEST From: VoipIO     To: HUB        Command: play_utterance_start(user_id="None",fname="tts-2013-09-26-11-38-52.741675.wav") 

2013-09-26-11-38-53.692116-CEST  MainProcess : INFO       
    #3373   Time: 2013-09-26-11-38-53.688159-CEST From: TTS        To: HUB        Command: tts_end(user_id="None",text="Jaká je Vaše výchozí zastávka?",fname="tts-2013-09-26-11-38-52.741675.wav",log="true") 

2013-09-26-11-38-55.831491-CEST  MainProcess : INFO       
    #3490   Time: 2013-09-26-11-38-55.550105-CEST From: VoipIO     To: HUB        Command: play_utterance_end(user_id="None",fname="tts-2013-09-26-11-38-52.741675.wav) 

2013-09-26-11-38-57.645654-CEST  ASR-3      : DEBUG      
    ASR: speech_start(fname="vad-2013-09-26-11-38-57.613695.wav")

2013-09-26-11-38-57.648928-CEST  MainProcess : INFO       
    #3624   Time: 2013-09-26-11-38-57.643132-CEST From: VAD        To: HUB        Command: speech_start(fname="vad-2013-09-26-11-38-57.613695.wav") 

2013-09-26-11-38-57.653254-CEST  MainProcess : INFO       
    #3625   Time: 2013-09-26-11-38-57.643196-CEST From: ASR        To: HUB        Command: asr_start(fname="vad-2013-09-26-11-38-57.613695.wav") 

2013-09-26-11-38-58.786860-CEST  MainProcess : INFO       
    #3699   Time: 2013-09-26-11-38-58.783005-CEST From: VAD        To: HUB        Command: speech_end(fname="vad-2013-09-26-11-38-57.613695.wav") 

2013-09-26-11-38-58.790022-CEST  ASR-3      : DEBUG      
    ASR: speech_end(fname="vad-2013-09-26-11-38-57.613695.wav")

2013-09-26-11-38-59.340440-CEST  ASR-3      : DEBUG      
    ASR Hypothesis
    ------------------------------------------------------------
    0.870 anděl
    0.037 anděla
    0.031 anděl i
    0.025 anděl s
    0.019 anděla i
    0.012 anděl i i
    0.006 anděla i i
    0.000 __other__
    

2013-09-26-11-38-59.366360-CEST  MainProcess : INFO       
    #3736   Time: 2013-09-26-11-38-59.362689-CEST From: ASR        To: HUB        Command: asr_end(fname="vad-2013-09-26-11-38-57.613695.wav") 

2013-09-26-11-38-59.618666-CEST  SLU-4      : DEBUG      
    SLU Hypothesis
    ------------------------------------------------------------
    1.000 inform(="Anděl")
    

2013-09-26-11-38-59.638066-CEST  MainProcess : INFO       
    #3754   Time: 2013-09-26-11-38-59.634922-CEST From: SLU        To: HUB        Command: slu_parsed(fname="vad-2013-09-26-11-38-57.613695.wav") 

2013-09-26-11-38-59.641100-CEST  DM-5       : DEBUG      
    DDDState Dialogue Act in: inform(="Anděl")

2013-09-26-11-38-59.644562-CEST  DM-5       : DEBUG      
    Context Resolution - Dialogue Act: inform(from_stop="Anděl")&inform(="Anděl")

2013-09-26-11-38-59.647815-CEST  DM-5       : DEBUG      
    DDDState - Dialogue state content:
    
    ludait = none
    alternative = none
    from_centre = none
    from_stop = Anděl
    route_alternative = none
    silence_time = 0.0
    time = none
    to_centre = none
    to_stop = none
    
    rh_silence_timeout = system-informed
    
    ch_silence_timeout = system-informed
    
    sh_silence_timeout = system-informed
    

2013-09-26-11-38-59.651241-CEST  DM-5       : DEBUG      
    DDDState - Dialogue state update
    
    Requested slots:
    {}
    Confirmed slots:
    {}
    Non-informed slots:
    {u'silence_time': 0.0, u'from_stop': u'And\u011bl'}

2013-09-26-11-38-59.690299-CEST  DM-5       : DEBUG      
    DM Output
    ------------------------------------------------------------
    iconfirm(from_stop="Anděl")&request(to_stop)
    

2013-09-26-11-38-59.724337-CEST  MainProcess : INFO       
    #3762   Time: 2013-09-26-11-38-59.720487-CEST From: DM         To: HUB        DA: iconfirm(from_stop="Anděl")&request(to_stop) 

2013-09-26-11-38-59.729617-CEST  NLG-6      : DEBUG      
    #3765   Time: 2013-09-26-11-38-59.726201-CEST From: HUB        To: NLG        DA: iconfirm(from_stop="Anděl")&request(to_stop) 

2013-09-26-11-38-59.733484-CEST  NLG-6      : DEBUG      
    NLG Output
    ------------------------------------------------------------
    Ze zastávky Anděl. Do jaké zastávky chcete jet?
    

2013-09-26-11-38-59.767971-CEST  MainProcess : INFO       
    #3766   Time: 2013-09-26-11-38-59.765288-CEST From: NLG        To: HUB        Command: nlg_text_generated() 

2013-09-26-11-38-59.771127-CEST  MainProcess : INFO       
    #3768   Time: 2013-09-26-11-38-59.765822-CEST From: TTS        To: HUB        Command: tts_start(user_id="None",text="Ze zastávky Anděl. Do jaké zastávky chcete jet?") 

2013-09-26-11-38-59.788536-CEST  MainProcess : INFO       
    #3770   Time: 2013-09-26-11-38-59.767041-CEST From: VoipIO     To: HUB        Command: play_utterance_start(user_id="None",fname="tts-2013-09-26-11-38-59.765736.wav") 

2013-09-26-11-39-01.242925-CEST  MainProcess : INFO       
    #4081   Time: 2013-09-26-11-39-01.238532-CEST From: TTS        To: HUB        Command: tts_end(user_id="None",text="Ze zastávky Anděl. Do jaké zastávky chcete jet?",fname="tts-2013-09-26-11-38-59.765736.wav",log="true") 

2013-09-26-11-39-04.021862-CEST  MainProcess : INFO       
    #4218   Time: 2013-09-26-11-39-03.407706-CEST From: VoipIO     To: HUB        Command: play_utterance_end(user_id="None",fname="tts-2013-09-26-11-38-59.765736.wav) 

2013-09-26-11-39-05.471906-CEST  MainProcess : INFO       
    #4348   Time: 2013-09-26-11-39-05.463591-CEST From: VAD        To: HUB        Command: speech_start(fname="vad-2013-09-26-11-39-05.427207.wav") 

2013-09-26-11-39-05.475667-CEST  ASR-3      : DEBUG      
    ASR: speech_start(fname="vad-2013-09-26-11-39-05.427207.wav")

2013-09-26-11-39-05.479282-CEST  MainProcess : INFO       
    #4349   Time: 2013-09-26-11-39-05.465521-CEST From: ASR        To: HUB        Command: asr_start(fname="vad-2013-09-26-11-39-05.427207.wav") 

2013-09-26-11-39-06.596163-CEST  ASR-3      : DEBUG      
    ASR: speech_end(fname="vad-2013-09-26-11-39-05.427207.wav")

2013-09-26-11-39-06.599361-CEST  MainProcess : INFO       
    #4423   Time: 2013-09-26-11-39-06.593479-CEST From: VAD        To: HUB        Command: speech_end(fname="vad-2013-09-26-11-39-05.427207.wav") 

2013-09-26-11-39-07.058739-CEST  ASR-3      : DEBUG      
    ASR Hypothesis
    ------------------------------------------------------------
    0.933 malostranské náměstí
    0.033 malostranské náměstí i
    0.022 malostranské náměstí 5
    0.011 malostranské náměstí a
    0.000 __other__
    

2013-09-26-11-39-07.080965-CEST  MainProcess : INFO       
    #4454   Time: 2013-09-26-11-39-07.077470-CEST From: ASR        To: HUB        Command: asr_end(fname="vad-2013-09-26-11-39-05.427207.wav") 

2013-09-26-11-39-07.210061-CEST  SLU-4      : DEBUG      
    SLU Hypothesis
    ------------------------------------------------------------
    1.000 inform(="Malostranské náměstí")
    

2013-09-26-11-39-07.235308-CEST  DM-5       : DEBUG      
    DDDState Dialogue Act in: inform(="Malostranské náměstí")

2013-09-26-11-39-07.238301-CEST  MainProcess : INFO       
    #4466   Time: 2013-09-26-11-39-07.232541-CEST From: SLU        To: HUB        Command: slu_parsed(fname="vad-2013-09-26-11-39-05.427207.wav") 

2013-09-26-11-39-07.241098-CEST  DM-5       : DEBUG      
    Context Resolution - Dialogue Act: inform(to_stop="Malostranské náměstí")&inform(="Malostranské náměstí")

2013-09-26-11-39-07.243891-CEST  DM-5       : DEBUG      
    DDDState - Dialogue state content:
    
    ludait = none
    alternative = none
    from_centre = none
    from_stop = Anděl
    route_alternative = none
    silence_time = 0.0
    time = none
    to_centre = none
    to_stop = Malostranské náměstí
    
    rh_from_stop = system-informed
    rh_silence_timeout = system-informed
    
    ch_from_stop = system-informed
    ch_silence_timeout = system-informed
    
    sh_from_stop = system-informed
    sh_silence_timeout = system-informed
    

2013-09-26-11-39-07.247049-CEST  DM-5       : DEBUG      
    DDDState - Dialogue state update
    
    Requested slots:
    {}
    Confirmed slots:
    {}
    Non-informed slots:
    {u'to_stop': u'Malostransk\xe9 n\xe1m\u011bst\xed', u'silence_time': 0.0}

2013-09-26-11-39-07.547327-CEST  DM-5       : DEBUG      
    DM Output
    ------------------------------------------------------------
    iconfirm(to_stop="Malostranské náměstí")&inform(found_directions="true")&inform(alternative="1")&inform(vehicle="TRAM")&inform(line="20")&inform(go_at="11:46")&inform(enter_at="Anděl")&inform(headsign="Hradčanská")&inform(exit_at="Malostranské náměstí")
    

2013-09-26-11-39-07.571964-CEST  MainProcess : INFO       
    #4488   Time: 2013-09-26-11-39-07.567229-CEST From: DM         To: HUB        DA: iconfirm(to_stop="Malostranské náměstí")&inform(found_directions="true")&inform(alternative="1")&inform(vehicle="TRAM")&inform(line="20")&inform(go_at="11:46")&inform(enter_at="Anděl")&inform(headsign="Hradčanská")&inform(exit_at="Malostranské náměstí") 

2013-09-26-11-39-07.578305-CEST  NLG-6      : DEBUG      
    #4489   Time: 2013-09-26-11-39-07.573745-CEST From: HUB        To: NLG        DA: iconfirm(to_stop="Malostranské náměstí")&inform(found_directions="true")&inform(alternative="1")&inform(vehicle="TRAM")&inform(line="20")&inform(go_at="11:46")&inform(enter_at="Anděl")&inform(headsign="Hradčanská")&inform(exit_at="Malostranské náměstí") 

2013-09-26-11-39-07.634507-CEST  NLG-6      : DEBUG      
    NLG Output
    ------------------------------------------------------------
    Do zastávky Malostranské náměstí. Našla jsem následující spojení. Možnost první. Jeďte tramvají číslo 20 v 11:46 ze zastávky Anděl směrem Hradčanská. Vystupte na zastávce Malostranské náměstí.
    

2013-09-26-11-39-07.658255-CEST  MainProcess : INFO       
    #4496   Time: 2013-09-26-11-39-07.654628-CEST From: NLG        To: HUB        Command: nlg_text_generated() 

2013-09-26-11-39-07.663901-CEST  MainProcess : INFO       
    #4500   Time: 2013-09-26-11-39-07.659195-CEST From: TTS        To: HUB        Command: tts_start(user_id="None",text="Do zastávky Malostranské náměstí. Našla jsem následující spojení. Možnost první. Jeďte tramvají číslo 20 v 11:46 ze zastávky Anděl směrem Hradčanská. Vystupte na zastávce Malostranské náměstí.") 

2013-09-26-11-39-07.696691-CEST  MainProcess : INFO       
    #4502   Time: 2013-09-26-11-39-07.662189-CEST From: VoipIO     To: HUB        Command: play_utterance_start(user_id="None",fname="tts-2013-09-26-11-39-07.655551.wav") 

2013-09-26-11-39-12.402405-CEST  MainProcess : INFO       
    #5737   Time: 2013-09-26-11-39-12.395509-CEST From: TTS        To: HUB        Command: tts_end(user_id="None",text="Do zastávky Malostranské náměstí. Našla jsem následující spojení. Možnost první. Jeďte tramvají číslo 20 v 11:46 ze zastávky Anděl směrem Hradčanská. Vystupte na zastávce Malostranské náměstí.",fname="tts-2013-09-26-11-39-07.655551.wav",log="true") 

2013-09-26-11-39-23.351987-CEST  MainProcess : INFO       
    #6407   Time: 2013-09-26-11-39-23.126248-CEST From: VoipIO     To: HUB        Command: play_utterance_end(user_id="None",fname="tts-2013-09-26-11-39-07.655551.wav) 

2013-09-26-11-39-26.356416-CEST  DM-5       : DEBUG      
    #6612   Time: 2013-09-26-11-39-26.353287-CEST From: HUB        To: DM         Command: timeout(silence_time="3.000") 

2013-09-26-11-39-26.359645-CEST  DM-5       : DEBUG      
    DDDState Dialogue Act in: silence(time="3.000")

2013-09-26-11-39-26.363058-CEST  DM-5       : DEBUG      
    Context Resolution - Dialogue Act: silence(time="3.000")

2013-09-26-11-39-26.366601-CEST  DM-5       : DEBUG      
    DDDState - Dialogue state content:
    
    ludait = silence
    alternative = none
    from_centre = none
    from_stop = Anděl
    route_alternative = 0
    silence_time = 3.0
    time = none
    to_centre = none
    to_stop = Malostranské náměstí
    
    rh_alternative = system-informed
    rh_enter_at = system-informed
    rh_exit_at = system-informed
    rh_found_directions = system-informed
    rh_from_stop = system-informed
    rh_go_at = system-informed
    rh_headsign = system-informed
    rh_line = system-informed
    rh_silence_timeout = system-informed
    rh_to_stop = system-informed
    rh_vehicle = system-informed
    
    ch_alternative = system-informed
    ch_enter_at = system-informed
    ch_exit_at = system-informed
    ch_found_directions = system-informed
    ch_from_stop = system-informed
    ch_go_at = system-informed
    ch_headsign = system-informed
    ch_line = system-informed
    ch_silence_timeout = system-informed
    ch_to_stop = system-informed
    ch_vehicle = system-informed
    
    sh_alternative = system-informed
    sh_enter_at = system-informed
    sh_exit_at = system-informed
    sh_found_directions = system-informed
    sh_from_stop = system-informed
    sh_go_at = system-informed
    sh_headsign = system-informed
    sh_line = system-informed
    sh_silence_timeout = system-informed
    sh_to_stop = system-informed
    sh_vehicle = system-informed
    

2013-09-26-11-39-26.370219-CEST  DM-5       : DEBUG      
    DDDState - Dialogue state update
    
    Requested slots:
    {}
    Confirmed slots:
    {}
    Non-informed slots:
    {u'route_alternative': 0, u'silence_time': 3.0}

2013-09-26-11-39-26.373512-CEST  DM-5       : DEBUG      
    DM Output
    ------------------------------------------------------------
    silence()
    

2013-09-26-11-39-26.428641-CEST  MainProcess : INFO       
    #6617   Time: 2013-09-26-11-39-26.426162-CEST From: DM         To: HUB        DA: silence() 

2013-09-26-11-39-29.356088-CEST  DM-5       : DEBUG      
    #6801   Time: 2013-09-26-11-39-29.353491-CEST From: HUB        To: DM         Command: timeout(silence_time="6.001") 

2013-09-26-11-39-29.359160-CEST  DM-5       : DEBUG      
    DDDState Dialogue Act in: silence(time="6.001")

2013-09-26-11-39-29.362433-CEST  DM-5       : DEBUG      
    Context Resolution - Dialogue Act: silence(time="6.001")

2013-09-26-11-39-29.366298-CEST  DM-5       : DEBUG      
    DDDState - Dialogue state content:
    
    ludait = silence
    alternative = none
    from_centre = none
    from_stop = Anděl
    route_alternative = 0
    silence_time = 6.001
    time = none
    to_centre = none
    to_stop = Malostranské náměstí
    
    rh_alternative = system-informed
    rh_enter_at = system-informed
    rh_exit_at = system-informed
    rh_found_directions = system-informed
    rh_from_stop = system-informed
    rh_go_at = system-informed
    rh_headsign = system-informed
    rh_line = system-informed
    rh_silence_timeout = system-informed
    rh_to_stop = system-informed
    rh_vehicle = system-informed
    
    ch_alternative = system-informed
    ch_enter_at = system-informed
    ch_exit_at = system-informed
    ch_found_directions = system-informed
    ch_from_stop = system-informed
    ch_go_at = system-informed
    ch_headsign = system-informed
    ch_line = system-informed
    ch_silence_timeout = system-informed
    ch_to_stop = system-informed
    ch_vehicle = system-informed
    
    sh_alternative = system-informed
    sh_enter_at = system-informed
    sh_exit_at = system-informed
    sh_found_directions = system-informed
    sh_from_stop = system-informed
    sh_go_at = system-informed
    sh_headsign = system-informed
    sh_line = system-informed
    sh_silence_timeout = system-informed
    sh_to_stop = system-informed
    sh_vehicle = system-informed
    

2013-09-26-11-39-29.369534-CEST  DM-5       : DEBUG      
    DDDState - Dialogue state update
    
    Requested slots:
    {}
    Confirmed slots:
    {}
    Non-informed slots:
    {u'route_alternative': 0, u'silence_time': 6.001}

2013-09-26-11-39-29.372470-CEST  DM-5       : DEBUG      
    DM Output
    ------------------------------------------------------------
    silence()
    

2013-09-26-11-39-29.414450-CEST  MainProcess : INFO       
    #6803   Time: 2013-09-26-11-39-29.410122-CEST From: DM         To: HUB        DA: silence() 

2013-09-26-11-39-30.874637-CEST  ASR-3      : DEBUG      
    ASR: speech_start(fname="vad-2013-09-26-11-39-30.830654.wav")

2013-09-26-11-39-30.878174-CEST  MainProcess : INFO       
    #6897   Time: 2013-09-26-11-39-30.870198-CEST From: VAD        To: HUB        Command: speech_start(fname="vad-2013-09-26-11-39-30.830654.wav") 

2013-09-26-11-39-30.882297-CEST  MainProcess : INFO       
    #6898   Time: 2013-09-26-11-39-30.872027-CEST From: ASR        To: HUB        Command: asr_start(fname="vad-2013-09-26-11-39-30.830654.wav") 

2013-09-26-11-39-31.943686-CEST  MainProcess : INFO       
    #6968   Time: 2013-09-26-11-39-31.940844-CEST From: VAD        To: HUB        Command: speech_end(fname="vad-2013-09-26-11-39-30.830654.wav") 

2013-09-26-11-39-31.946971-CEST  ASR-3      : DEBUG      
    ASR: speech_end(fname="vad-2013-09-26-11-39-30.830654.wav")

2013-09-26-11-39-32.588489-CEST  ASR-3      : DEBUG      
    ASR Hypothesis
    ------------------------------------------------------------
    0.183 ještě něco
    0.175 štěňata
    0.160 páteční
    0.137 matečník
    0.115 štěňátko
    0.092 mateční
    0.069 mateřština
    0.046 ještě
    0.023 matriční
    0.000 __other__
    

2013-09-26-11-39-32.616770-CEST  MainProcess : INFO       
    #7010   Time: 2013-09-26-11-39-32.612744-CEST From: ASR        To: HUB        Command: asr_end(fname="vad-2013-09-26-11-39-30.830654.wav") 

2013-09-26-11-39-32.925923-CEST  SLU-4      : DEBUG      
    SLU Hypothesis
    ------------------------------------------------------------
    1.000 other()
    

2013-09-26-11-39-32.951318-CEST  DM-5       : DEBUG      
    DDDState Dialogue Act in: other()

2013-09-26-11-39-32.954172-CEST  MainProcess : INFO       
    #7035   Time: 2013-09-26-11-39-32.947277-CEST From: SLU        To: HUB        Command: slu_parsed(fname="vad-2013-09-26-11-39-30.830654.wav") 

2013-09-26-11-39-32.957076-CEST  DM-5       : DEBUG      
    Context Resolution - Dialogue Act: other()

2013-09-26-11-39-32.960656-CEST  DM-5       : DEBUG      
    DDDState - Dialogue state content:
    
    ludait = other
    alternative = none
    from_centre = none
    from_stop = Anděl
    route_alternative = 0
    silence_time = 0.0
    time = none
    to_centre = none
    to_stop = Malostranské náměstí
    
    rh_alternative = system-informed
    rh_enter_at = system-informed
    rh_exit_at = system-informed
    rh_found_directions = system-informed
    rh_from_stop = system-informed
    rh_go_at = system-informed
    rh_headsign = system-informed
    rh_line = system-informed
    rh_silence_timeout = system-informed
    rh_to_stop = system-informed
    rh_vehicle = system-informed
    
    ch_alternative = system-informed
    ch_enter_at = system-informed
    ch_exit_at = system-informed
    ch_found_directions = system-informed
    ch_from_stop = system-informed
    ch_go_at = system-informed
    ch_headsign = system-informed
    ch_line = system-informed
    ch_silence_timeout = system-informed
    ch_to_stop = system-informed
    ch_vehicle = system-informed
    
    sh_alternative = system-informed
    sh_enter_at = system-informed
    sh_exit_at = system-informed
    sh_found_directions = system-informed
    sh_from_stop = system-informed
    sh_go_at = system-informed
    sh_headsign = system-informed
    sh_line = system-informed
    sh_silence_timeout = system-informed
    sh_to_stop = system-informed
    sh_vehicle = system-informed
    

2013-09-26-11-39-32.963720-CEST  DM-5       : DEBUG      
    DDDState - Dialogue state update
    
    Requested slots:
    {}
    Confirmed slots:
    {}
    Non-informed slots:
    {u'route_alternative': 0, u'silence_time': 0.0}

2013-09-26-11-39-33.011949-CEST  DM-5       : DEBUG      
    DM Output
    ------------------------------------------------------------
    notunderstood()&help(inform="alternative_next")
    

2013-09-26-11-39-33.040572-CEST  MainProcess : INFO       
    #7041   Time: 2013-09-26-11-39-33.037575-CEST From: DM         To: HUB        DA: notunderstood()&help(inform="alternative_next") 

2013-09-26-11-39-33.046087-CEST  NLG-6      : DEBUG      
    #7042   Time: 2013-09-26-11-39-33.042270-CEST From: HUB        To: NLG        DA: notunderstood()&help(inform="alternative_next") 

2013-09-26-11-39-33.049442-CEST  NLG-6      : DEBUG      
    NLG Output
    ------------------------------------------------------------
    Nerozuměla jsem. Můžete mě požádat o následující spoj.
    

2013-09-26-11-39-33.075949-CEST  MainProcess : INFO       
    #7047   Time: 2013-09-26-11-39-33.072896-CEST From: NLG        To: HUB        Command: nlg_text_generated() 

2013-09-26-11-39-33.081560-CEST  MainProcess : INFO       
    #7049   Time: 2013-09-26-11-39-33.077063-CEST From: TTS        To: HUB        Command: tts_start(user_id="None",text="Nerozuměla jsem. Můžete mě požádat o následující spoj.") 

2013-09-26-11-39-33.107982-CEST  MainProcess : INFO       
    #7051   Time: 2013-09-26-11-39-33.078115-CEST From: VoipIO     To: HUB        Command: play_utterance_start(user_id="None",fname="tts-2013-09-26-11-39-33.074270.wav") 

2013-09-26-11-39-34.038696-CEST  MainProcess : INFO       
    #7356   Time: 2013-09-26-11-39-34.034274-CEST From: TTS        To: HUB        Command: tts_end(user_id="None",text="Nerozuměla jsem. Můžete mě požádat o následující spoj.",fname="tts-2013-09-26-11-39-33.074270.wav",log="true") 

2013-09-26-11-39-36.985744-CEST  MainProcess : INFO       
    #7541   Time: 2013-09-26-11-39-36.980133-CEST From: VoipIO     To: HUB        Command: play_utterance_end(user_id="None",fname="tts-2013-09-26-11-39-33.074270.wav) 

2013-09-26-11-39-39.459996-CEST  MainProcess : INFO       
    #7695   Time: 2013-09-26-11-39-39.455756-CEST From: VAD        To: HUB        Command: speech_start(fname="vad-2013-09-26-11-39-39.407910.wav") 

2013-09-26-11-39-39.463548-CEST  ASR-3      : DEBUG      
    ASR: speech_start(fname="vad-2013-09-26-11-39-39.407910.wav")

2013-09-26-11-39-39.468611-CEST  MainProcess : INFO       
    #7696   Time: 2013-09-26-11-39-39.457507-CEST From: ASR        To: HUB        Command: asr_start(fname="vad-2013-09-26-11-39-39.407910.wav") 

2013-09-26-11-39-40.139533-CEST  MainProcess : INFO       
    #7742   Time: 2013-09-26-11-39-40.136671-CEST From: VAD        To: HUB        Command: speech_end(fname="vad-2013-09-26-11-39-39.407910.wav") 

2013-09-26-11-39-40.142410-CEST  ASR-3      : DEBUG      
    ASR: speech_end(fname="vad-2013-09-26-11-39-39.407910.wav")

2013-09-26-11-39-40.456350-CEST  ASR-3      : DEBUG      
    ASR Hypothesis
    ------------------------------------------------------------
    0.830 hledanou
    0.068 janou
    0.051 čau
    0.034 ano
    0.017 kladno
    0.000 __other__
    

2013-09-26-11-39-40.485123-CEST  MainProcess : INFO       
    #7763   Time: 2013-09-26-11-39-40.481037-CEST From: ASR        To: HUB        Command: asr_end(fname="vad-2013-09-26-11-39-39.407910.wav") 

2013-09-26-11-39-40.669417-CEST  SLU-4      : DEBUG      
    SLU Hypothesis
    ------------------------------------------------------------
    0.830 bye()
    0.136 other()
    0.034 affirm()
    

2013-09-26-11-39-40.707821-CEST  MainProcess : INFO       
    #7781   Time: 2013-09-26-11-39-40.705042-CEST From: SLU        To: HUB        Command: slu_parsed(fname="vad-2013-09-26-11-39-39.407910.wav") 

2013-09-26-11-39-40.711067-CEST  DM-5       : DEBUG      
    DDDState Dialogue Act in: bye()

2013-09-26-11-39-40.714193-CEST  DM-5       : DEBUG      
    Context Resolution - Dialogue Act: bye()

2013-09-26-11-39-40.717472-CEST  DM-5       : DEBUG      
    DDDState - Dialogue state content:
    
    ludait = bye
    alternative = none
    from_centre = none
    from_stop = Anděl
    route_alternative = 0
    silence_time = 0.0
    time = none
    to_centre = none
    to_stop = Malostranské náměstí
    
    rh_alternative = system-informed
    rh_enter_at = system-informed
    rh_exit_at = system-informed
    rh_found_directions = system-informed
    rh_from_stop = system-informed
    rh_go_at = system-informed
    rh_headsign = system-informed
    rh_line = system-informed
    rh_silence_timeout = system-informed
    rh_to_stop = system-informed
    rh_vehicle = system-informed
    
    ch_alternative = system-informed
    ch_enter_at = system-informed
    ch_exit_at = system-informed
    ch_found_directions = system-informed
    ch_from_stop = system-informed
    ch_go_at = system-informed
    ch_headsign = system-informed
    ch_line = system-informed
    ch_silence_timeout = system-informed
    ch_to_stop = system-informed
    ch_vehicle = system-informed
    
    sh_alternative = system-informed
    sh_enter_at = system-informed
    sh_exit_at = system-informed
    sh_found_directions = system-informed
    sh_from_stop = system-informed
    sh_go_at = system-informed
    sh_headsign = system-informed
    sh_line = system-informed
    sh_silence_timeout = system-informed
    sh_to_stop = system-informed
    sh_vehicle = system-informed
    

2013-09-26-11-39-40.720633-CEST  DM-5       : DEBUG      
    DDDState - Dialogue state update
    
    Requested slots:
    {}
    Confirmed slots:
    {}
    Non-informed slots:
    {u'route_alternative': 0, u'silence_time': 0.0}

2013-09-26-11-39-40.783216-CEST  DM-5       : DEBUG      
    DM Output
    ------------------------------------------------------------
    bye()
    

2013-09-26-11-39-40.826427-CEST  MainProcess : INFO       
    #7791   Time: 2013-09-26-11-39-40.822792-CEST From: DM         To: HUB        DA: bye() 

2013-09-26-11-39-40.832851-CEST  NLG-6      : DEBUG      
    #7793   Time: 2013-09-26-11-39-40.828198-CEST From: HUB        To: NLG        DA: bye() 

2013-09-26-11-39-40.835993-CEST  MainProcess : INFO       
    #7792   Time: 2013-09-26-11-39-40.822915-CEST From: DM         To: HUB        Command: hangup() 

2013-09-26-11-39-40.839058-CEST  NLG-6      : DEBUG      
    NLG Output
    ------------------------------------------------------------
    Děkujeme za zavolání. Na shledanou.
    

2013-09-26-11-39-40.887876-CEST  MainProcess : INFO       
    #7798   Time: 2013-09-26-11-39-40.883954-CEST From: NLG        To: HUB        Command: nlg_text_generated() 

2013-09-26-11-39-40.891794-CEST  MainProcess : INFO       
    #7800   Time: 2013-09-26-11-39-40.884541-CEST From: TTS        To: HUB        Command: tts_start(user_id="None",text="Děkujeme za zavolání. Na shledanou.") 

2013-09-26-11-39-40.924254-CEST  MainProcess : INFO       
    #7802   Time: 2013-09-26-11-39-40.886171-CEST From: VoipIO     To: HUB        Command: play_utterance_start(user_id="None",fname="tts-2013-09-26-11-39-40.884414.wav") 

2013-09-26-11-39-42.129055-CEST  MainProcess : INFO       
    #8045   Time: 2013-09-26-11-39-42.124740-CEST From: TTS        To: HUB        Command: tts_end(user_id="None",text="Děkujeme za zavolání. Na shledanou.",fname="tts-2013-09-26-11-39-40.884414.wav",log="true") 

2013-09-26-11-39-44.215589-CEST  MainProcess : INFO       
    #8146   Time: 2013-09-26-11-39-43.712032-CEST From: VoipIO     To: HUB        Command: play_utterance_end(user_id="None",fname="tts-2013-09-26-11-39-40.884414.wav) 

2013-09-26-11-39-46.222357-CEST  VoipIO-1   : DEBUG      
    #8303   Time: 2013-09-26-11-39-46.218325-CEST From: HUB        To: VoipIO     Command: hangup() 

2013-09-26-11-39-46.225475-CEST  VoipIO-1   : DEBUG      
    Hangup the call

2013-09-26-11-39-46.259205-CEST  VoipIO-1   : DEBUG      
    CallCallback::on_state : Call with "777805048" <sip:777805048@195.113.20.160> is DISCONNCTD last code = 603 ()

2013-09-26-11-39-46.341951-CEST  VoipIO-1   : DEBUG      
    VoipIO::on_call_disconnected

2013-09-26-11-39-46.346831-CEST  MainProcess : INFO       
    #8308   Time: 2013-09-26-11-39-46.342857-CEST From: VoipIO     To: HUB        Command: call_disconnected(remote_uri="777805048") 

