2013-09-06-05-37-35.385667-CEST  VoipIO-1   : DEBUG      
    CallCallback::on_state : Call with "777722783" <sip:777722783@195.113.20.160> is CONNECTING last code = 200 (OK)

2013-09-06-05-37-35.389544-CEST  VoipIO-1   : DEBUG      
    VoipIO::on_call_connecting

2013-09-06-05-37-35.394195-CEST  VoipIO-1   : DEBUG      
    CallCallback::on_state : Call with "777722783" <sip:777722783@195.113.20.160> is CONFIRMED last code = 200 (OK)

2013-09-06-05-37-35.412593-CEST  MainProcess : SYSTEM-LOG 
    config = { 'ASR': { 'Google': { 'debug': False, 'language': 'cs', 'maxresults': 20},
               'Julius': { 'adinnetport': 5530,
                           'binary': '/usr/local/bin/julius',
                           'debug': False,
                           'hostname': 'localhost',
                           'jconf': { '-adport': '5530',
                                      '-b': '1000',
                                      '-b2': '100',
                                      '-cmnload': 'cmn.param',
                                      '-cmnmapweight': '200',
                                      '-cmnsave': 'cmn.param',
                                      '-confnet': '',
                                      '-fallback1pass': '',
                                      '-gprune': 'safe',
                                      '-h': '/mnt/h/jurcicek/vystadial-git-prd/alex/resources/asr/voip_en/hmmdefs',
                                      '-hlist': '/mnt/h/jurcicek/vystadial-git-prd/alex/resources/asr/voip_en/tiedlist',
                                      '-htkconf': '/mnt/h/jurcicek/vystadial-git-prd/alex/resources/asr/voip_en/config',
                                      '-input': 'adinnet',
                                      '-iwsp': '',
                                      '-iwsppenalty': '0.0',
                                      '-lmp': '15.0 0.0',
                                      '-lmp2': '15.0 0.0',
                                      '-mapunk': 'UM',
                                      '-module': '10500',
                                      '-n': '50',
                                      '-nlr': '/mnt/h/jurcicek/vystadial-git-prd/alex/resources/lm/caminfo/julius_arpa_bigram',
                                      '-no_ccd': '',
                                      '-nrl': '/mnt/h/jurcicek/vystadial-git-prd/alex/resources/lm/caminfo/julius_arpa_rev_bigram',
                                      '-silhead': '<s>',
                                      '-siltail': '</s>',
                                      '-spmodel': 'sp',
                                      '-tmix': '4',
                                      '-v': '/mnt/h/jurcicek/vystadial-git-prd/alex/resources/lm/caminfo/julius_dict'},
                           'jconffile': 'julius.jconf',
                           'killall': False,
                           'logfile': 'julius.log',
                           'msg_timeout': 0.3,
                           'pidfile': 'julius.pid',
                           'reuse_server': False,
                           'serverport': 10500,
                           'start_max_wait_time': 15,
                           'start_wait_time': 0.5,
                           'timeout': 2.0},
               'Kaldi': { 'LM_scale': -6666.66,
                          'hypothesis_type': 'nblist',
                          'lat_depth': 666666,
                          'model': 'TODO_path_to_model'},
               'debug': True,
               'type': 'Google'},
      'AlexOnTheBus': { 'max_turns': 120},
      'Analytics': Analytics(account_id='UA-41905278-1', domain_name='cuni.cz'),
      'Audio': { 'sample_rate': 16000, 'samples_per_frame': 256},
      'AudioIO': { 'debug': True, 'output_dir': './aio_call_log', 'play_buffer_size': 1024},
      'DM': { 'PUfalRuleDM': { 'code_submit_url': None,
                               'db_cfg': '/mnt/h/jurcicek/vystadial-git-prd/alex/resources/../applications/CamInfoRest/cued_data/CIRdbase_V7_noloc.txt',
                               'ontology': '/mnt/h/jurcicek/vystadial-git-prd/alex/resources/../applications/CamInfoRest/ontology.cfg',
                               'provide_code': False},
              'UfalRuleDM': { 'code_submit_url': None,
                              'db_cfg': '/mnt/h/jurcicek/vystadial-git-prd/alex/resources/../applications/CamInfoRest/cued_data/CIRdbase_V7_noloc.txt',
                              'ontology': '/mnt/h/jurcicek/vystadial-git-prd/alex/resources/../applications/CamInfoRest/ontology.cfg',
                              'provide_code': False},
              'basic': { 'debug': True, 'silence_timeout': 10.0},
              'debug': True,
              'dialogue_policy': { 'type': <class 'alex.applications.AlexOnTheBus.aotb_hdc_policy.AOTBHDCPolicy'>},
              'dialogue_state': { 'type': <class 'alex.components.dm.dddstate.DeterministicDiscriminativeDialogueState'>},
              'input_timeout': 3.0,
              'ontology': '/mnt/h/jurcicek/vystadial-git-prd/alex/applications/AlexOnTheBus/data/ontology.py',
              'type': 'basic'},
      'General': { 'debug': False, 'include': ['/mnt/h/jurcicek/vystadial-git-prd/alex/resources/private/default.cfg']},
      'Hub': { 'history_file': 'hub_history_hub.txt', 'history_length': 1000, 'main_loop_sleep_time': 0.002},
      'Logging': { 'excepthook': ExceptionHook(
            ExceptionHook
              Hook Type: log
              Hook Logger: SystemLogger(output_dir=./call_logs, stdout_log_level='DEBUG', stdout=True, file_log_level='DEBUG')),
                   'session_logger': SessionLogger(),
                   'system_logger': SystemLogger(output_dir=/net/projects/vystadial/data/call-logs/2013-05-30-alex-aotb-prototype/new, stdout_log_level='DEBUG', stdout=True, file_log_level='DEBUG'),
                   'system_name': u'Alex On The Bus - Live',
                   'version': u'1.0'},
      'NLG': { 'Template': { 'model': '/mnt/h/jurcicek/vystadial-git-prd/alex/applications/AlexOnTheBus/nlg_templates.cfg'},
               'debug': True,
               'type': 'Template'},
      'SHub': { 'history_file': 'hub_history_shub.txt', 'history_length': 1000},
      'SLU': { 'cl-tracing': { 'cldb_fname': '/mnt/h/jurcicek/vystadial-git-prd/alex/applications/CamInfoRest/data/database.py',
                               'do_preprocessing': True,
                               'features_type': ('ngram', 'ab_ngram'),
                               'testing': { 'max_examples': None,
                                            'min_perc': 80,
                                            'model_fname': '/mnt/h/jurcicek/vystadial-git-prd/alex/applications/CamInfoRest/models/130516_minf60-minfc35-mind60.slu_model.gz',
                                            'renormalise': True,
                                            'threshold': None,
                                            'vanilla': True},
                               'training': { 'abstractions': ('abstract',), 'models_dir': 'models'}},
               'debug': True,
               'type': <class 'alex.applications.AlexOnTheBus.aotb_slu.AOTBSLU'>,
               <class 'alex.applications.AlexOnTheBus.aotb_slu.AOTBSLU'>: { 'cldb_fname': '/mnt/h/jurcicek/vystadial-git-prd/alex/applications/AlexOnTheBus/data/database.py',
                                                                            'preprocessing_cls': <class 'alex.applications.AlexOnTheBus.aotb_preprocessing.AOTBSLUPreprocessing'>,
                                                                            'training': { 'models_dir': 'models'}}},
      'THub': { 'history_file': 'hub_history_thub.txt', 'history_length': 1000},
      'TTS': { 'Flite': { 'debug': False,
                          'preprocessing': '/mnt/h/jurcicek/vystadial-git-prd/alex/resources/tts/prep_flite_en.cfg',
                          'tempo': 1.0,
                          'voice': 'kal16'},
               'Google': { 'debug': False,
                           'language': 'en',
                           'preprocessing': '/mnt/h/jurcicek/vystadial-git-prd/alex/resources/tts/prep_google_en.cfg',
                           'tempo': 1.0},
               'SpeechTech': { 'debug': True,
                               'login': 'filipjurcicek',
    # this line was removed since it included a password
                               'preprocessing': '/mnt/h/jurcicek/vystadial-git-prd/alex/resources/tts/prep_speechtech_cs.cfg',
                               'tempo': 1.2,
                               'voice': 'Iva210'},
               'VoiceRSS': { 'api_key': '3b6a9fca5d724b1c8ac34691586cdda1'},
               'VoiceRss': { 'language': 'en-gb',
                             'preprocessing': '/mnt/h/jurcicek/vystadial-git-prd/alex/resources/tts/prep_voicerss_en.cfg',
                             'tempo': 1.0},
               'debug': True,
               'in_between_segments_silence': 0.05,
               'type': 'SpeechTech'},
      'VAD': { 'debug': False,
               'decision_frames_sil': 25,
               'decision_frames_speech': 10,
               'decision_non_speech_threshold': 0.2,
               'decision_speech_threshold': 0.7,
               'gmm': { 'ceplifter': 22,
                        'enormalise': True,
                        'filter_length': 5,
                        'frameshift': 160,
                        'framesize': 512,
                        'frontend': 'MFCC',
                        'hifreq': 3800,
                        'lofreq': 125,
                        'numceps': 12,
                        'numchans': 26,
                        'preemcoef': 0.97,
                        'sil_model': '/mnt/h/jurcicek/vystadial-git-prd/alex/resources/vad/voip_en/vad_sil_sds_mfcc_m064_f100000.gmm',
                        'speech_model': '/mnt/h/jurcicek/vystadial-git-prd/alex/resources/vad/voip_en/vad_speech_sds_mfcc_m064_f100000.gmm',
                        'useacc': True,
                        'usec0': False,
                        'usecmn': False,
                        'usedelta': True,
                        'usehamming': True,
                        'usepower': True,
                        'zmeansource': True},
               'power': { 'adaptation_frames': 30, 'threshold': 70, 'threshold_multiplier': 1.0},
               'speech_buffer_frames': 20,
               'type': 'gmm'},
      'VoipHub': { 'blacklist_for': 7200,
                   'call_db': u'/net/projects/vystadial/data/call-logs/2013-05-30-alex-aotb-prototype/new/call_db.pckl',
                   'hard_time_limit': 360,
                   'hard_turn_limit': 120,
                   'history_length': 1000,
                   'last_period_max_num_calls': 20,
                   'last_period_max_total_time': 1800,
                   'limit_reached_message': u'D\u011bkujeme za zavol\xe1n\xed, ale u\u017e jste volali hodn\u011b. Pros\xedm zavolejte pozd\u011bji. Na shledanou.',
                   'period': 172800,
                   'pid_file': u'/net/projects/vystadial/data/call-logs/2013-05-30-alex-aotb-prototype/new/vhub_live.pid',
                   'wait_time_before_calling_back': 10},
      'VoipIO': { 'allowed_hosts': '',
                  'allowed_phone_numbers': '(^[234567])',
                  'allowed_users': '(^[234567])',
                  'debug': True,
                  'domain': 'vystadial.ms.mff.cuni.cz',
                  'forbidden_hosts': '',
                  'forbidden_phone_number': '(^112$|^150$|^155$|^156$|^158$)',
                  'forbidden_users': '(^112$|^150$|^155$|^156$|^158$)',
    # this line was removed since it included a password
                  'pjsip_log_level': 3,
                  'reject_calls': False,
                  'user': '800899998'},
      'WebHub': { 'port': 8000},
      'corpustools': { 'get_jasr_confnets': { 'frame_size': 256, 'rt_ratio': 0.2}}}

2013-09-06-05-37-35.427118-CEST  VoipIO-1   : DEBUG      
    VoipIO::on_call_confirmed

2013-09-06-05-37-35.471152-CEST  MainProcess : INFO       
    #4212   Time: 2013-09-06-05-37-35.390719-CEST From: VoipIO     To: HUB        Command: call_connecting(remote_uri="777722783") 

2013-09-06-05-37-35.479726-CEST  MainProcess : INFO       
    #4213   Time: 2013-09-06-05-37-35.428293-CEST From: VoipIO     To: HUB        Command: call_confirmed(remote_uri="777722783") 

2013-09-06-05-37-35.502441-CEST  MainProcess : INFO       
    
    ========================================================================================================================
    Incoming call from :          777722783
    ------------------------------------------------------------------------------------------------------------------------
    Total calls:                  21
    Total time (min):             27.6
    Last period total calls:      2
    Last period total time (min): 1.5
    ------------------------------------------------------------------------------------------------------------------------
    CALL ACCEPTED
    ========================================================================================================================
    

2013-09-06-05-37-35.506901-CEST  DM-5       : DEBUG      
    #4217   Time: 2013-09-06-05-37-35.498925-CEST From: HUB        To: DM         Command: new_dialogue() 

2013-09-06-05-37-35.523845-CEST  DM-5       : DEBUG      
    DM Output
    ------------------------------------------------------------
    hello()
    

2013-09-06-05-37-35.536361-CEST  MainProcess : INFO       
    #4218   Time: 2013-09-06-05-37-35.531142-CEST From: DM         To: HUB        DA: hello() 

2013-09-06-05-37-35.543490-CEST  NLG-6      : DEBUG      
    #4219   Time: 2013-09-06-05-37-35.538839-CEST From: HUB        To: NLG        DA: hello() 

2013-09-06-05-37-35.547655-CEST  NLG-6      : DEBUG      
    NLG Output
    ------------------------------------------------------------
    Dobrý den, dovolali jste se na informace o veřejné dopravě v Praze. Tato experimentální služba je poskytována laboratoří výzkumu hlasových dialogových systémů na Ústavu Formální a Aplikované Lingvistiky na Karlově Univerzitě. Hovor je nahráván. Více informací o této službě je na internetu. Jak Vám mohu pomoci. 
    

2013-09-06-05-37-35.559139-CEST  MainProcess : INFO       
    #4221   Time: 2013-09-06-05-37-35.554756-CEST From: NLG        To: HUB        Command: nlg_text_generated() 

2013-09-06-05-37-35.565540-CEST  MainProcess : INFO       
    #4226   Time: 2013-09-06-05-37-35.560521-CEST From: TTS        To: HUB        Command: tts_start(user_id="None",text="Dobrý den, dovolali jste se na informace o veřejné dopravě v Praze. Tato experimentální služba je poskytována laboratoří výzkumu hlasových dialogových systémů na Ústavu Formální a Aplikované Lingvistiky na Karlově Univerzitě. Hovor je nahráván. Více informací o této službě je na internetu. Jak Vám mohu pomoci. ") 

2013-09-06-05-37-35.576347-CEST  MainProcess : INFO       
    #4228   Time: 2013-09-06-05-37-35.564735-CEST From: VoipIO     To: HUB        Command: play_utterance_start(user_id="None",fname="tts-2013-09-06-05-37-35.556711.wav") 

2013-09-06-05-37-35.902576-CEST  MainProcess : INFO       
    #5442   Time: 2013-09-06-05-37-35.892204-CEST From: TTS        To: HUB        Command: tts_end(user_id="None",text="Dobrý den, dovolali jste se na informace o veřejné dopravě v Praze. Tato experimentální služba je poskytována laboratoří výzkumu hlasových dialogových systémů na Ústavu Formální a Aplikované Lingvistiky na Karlově Univerzitě. Hovor je nahráván. Více informací o této službě je na internetu. Jak Vám mohu pomoci. ",fname="tts-2013-09-06-05-37-35.556711.wav",log="true") 

2013-09-06-05-37-54.645218-CEST  MainProcess : INFO       
    #6583   Time: 2013-09-06-05-37-54.141286-CEST From: VoipIO     To: HUB        Command: play_utterance_end(user_id="None",fname="tts-2013-09-06-05-37-35.556711.wav) 

2013-09-06-05-37-56.189129-CEST  MainProcess : INFO       
    #6713   Time: 2013-09-06-05-37-56.186325-CEST From: VAD        To: HUB        Command: speech_start(fname="vad-2013-09-06-05-37-56.175560.wav") 

2013-09-06-05-37-56.192433-CEST  ASR-3      : DEBUG      
    ASR: speech_start(fname="vad-2013-09-06-05-37-56.175560.wav")

2013-09-06-05-37-56.197955-CEST  MainProcess : INFO       
    #6714   Time: 2013-09-06-05-37-56.186639-CEST From: ASR        To: HUB        Command: asr_start(fname="vad-2013-09-06-05-37-56.175560.wav") 

2013-09-06-05-38-02.395595-CEST  ASR-3      : DEBUG      
    ASR: speech_end(fname="vad-2013-09-06-05-37-56.175560.wav")

2013-09-06-05-38-02.399386-CEST  MainProcess : INFO       
    #7104   Time: 2013-09-06-05-38-02.391192-CEST From: VAD        To: HUB        Command: speech_end(fname="vad-2013-09-06-05-37-56.175560.wav") 

2013-09-06-05-38-03.851808-CEST  VoipIO-1   : INFO       
    05:38:03.848    pjsua_acc.c  ....<sip:800899998@vystadial.ms.mff.cuni.cz>: registration success, status=200 (OK), will re-register in 300 seconds
    

2013-09-06-05-38-03.933058-CEST  ASR-3      : DEBUG      
    ASR Hypothesis
    ------------------------------------------------------------
    0.664 potřebuju ze stanice novoborská do stanice střížkov
    0.084 potřebuju ze stanice novoborská stanice střížkov
    0.072 potřebuju z stanice novoborská do stanice střížkov
    0.060 potřebuju stanice novoborská do stanice střížkov
    0.048 nepotřebuju ze stanice novoborská do stanice střížkov
    0.036 potřebuju z stanice novoborská stanice střížkov
    0.024 potřebuju ze stanice novoborská 2 stanice střížkov
    0.012 potřebuju stanice novoborská stanice střížkov
    0.000 __other__
    

2013-09-06-05-38-03.945620-CEST  MainProcess : INFO       
    #7201   Time: 2013-09-06-05-38-03.941543-CEST From: ASR        To: HUB        Command: asr_end(fname="vad-2013-09-06-05-37-56.175560.wav") 

2013-09-06-05-38-04.294390-CEST  SLU-4      : DEBUG      
    SLU Hypothesis
    ------------------------------------------------------------
    0.988 inform(from_stop="Novoborská")
    0.844 inform(to_stop="Střížkov")
    0.156 inform(="Střížkov")
    0.012 inform(="Novoborská")
    

2013-09-06-05-38-04.307433-CEST  MainProcess : INFO       
    #7227   Time: 2013-09-06-05-38-04.303541-CEST From: SLU        To: HUB        Command: slu_parsed(fname="vad-2013-09-06-05-37-56.175560.wav") 

2013-09-06-05-38-04.311226-CEST  DM-5       : DEBUG      
    DDDState Dialogue Act in: inform(from_stop="Novoborská")&inform(to_stop="Střížkov")

2013-09-06-05-38-04.315134-CEST  DM-5       : DEBUG      
    Context Resolution - Dialogue Act: inform(from_stop="Novoborská")&inform(to_stop="Střížkov")

2013-09-06-05-38-04.318723-CEST  DM-5       : DEBUG      
    DDDState - Dialogue state content:
    
    ludait = none
    from_stop = Novoborská
    silence_time = 0.0
    to_stop = Střížkov
    
    
    
    

2013-09-06-05-38-04.322312-CEST  DM-5       : DEBUG      
    DDDState - Dialogue state update
    
    Requested slots:
    {}
    Confirmed slots:
    {}
    Non-informed slots:
    {u'to_stop': u'St\u0159\xed\u017ekov', u'silence_time': 0.0, u'from_stop': u'Novoborsk\xe1'}

2013-09-06-05-38-04.663215-CEST  DM-5       : DEBUG      
    DM Output
    ------------------------------------------------------------
    iconfirm(to_stop="Střížkov")&iconfirm(from_stop="Novoborská")&inform(found_directions="true")&inform(alternative="1")&inform(vehicle="BUS")&inform(line="201")&inform(go_at="05:48")&inform(enter_at="Českolipská")&inform(headsign="Nádraží Holešovice")&inform(exit_at="Střížkov")
    

2013-09-06-05-38-04.675669-CEST  MainProcess : INFO       
    #7249   Time: 2013-09-06-05-38-04.672256-CEST From: DM         To: HUB        DA: iconfirm(to_stop="Střížkov")&iconfirm(from_stop="Novoborská")&inform(found_directions="true")&inform(alternative="1")&inform(vehicle="BUS")&inform(line="201")&inform(go_at="05:48")&inform(enter_at="Českolipská")&inform(headsign="Nádraží Holešovice")&inform(exit_at="Střížkov") 

2013-09-06-05-38-04.680799-CEST  NLG-6      : DEBUG      
    #7252   Time: 2013-09-06-05-38-04.677441-CEST From: HUB        To: NLG        DA: iconfirm(to_stop="Střížkov")&iconfirm(from_stop="Novoborská")&inform(found_directions="true")&inform(alternative="1")&inform(vehicle="BUS")&inform(line="201")&inform(go_at="05:48")&inform(enter_at="Českolipská")&inform(headsign="Nádraží Holešovice")&inform(exit_at="Střížkov") 

2013-09-06-05-38-04.747249-CEST  NLG-6      : DEBUG      
    NLG Output
    ------------------------------------------------------------
    Chcete jet do zastávky Střížkov. Chcete jet ze zastávky Novoborská. Našla jsem následující spojení. Možnost první. Jeďte autobusem číslo 201 v 05:48 ze zastávky Českolipská směrem Nádraží Holešovice. Vystupte na zastávce Střížkov.
    

2013-09-06-05-38-04.759216-CEST  MainProcess : INFO       
    #7259   Time: 2013-09-06-05-38-04.755416-CEST From: NLG        To: HUB        Command: nlg_text_generated() 

2013-09-06-05-38-04.762267-CEST  MainProcess : INFO       
    #7261   Time: 2013-09-06-05-38-04.755808-CEST From: TTS        To: HUB        Command: tts_start(user_id="None",text="Chcete jet do zastávky Střížkov. Chcete jet ze zastávky Novoborská. Našla jsem následující spojení. Možnost první. Jeďte autobusem číslo 201 v 05:48 ze zastávky Českolipská směrem Nádraží Holešovice. Vystupte na zastávce Střížkov.") 

2013-09-06-05-38-04.775780-CEST  MainProcess : INFO       
    #7263   Time: 2013-09-06-05-38-04.758485-CEST From: VoipIO     To: HUB        Command: play_utterance_start(user_id="None",fname="tts-2013-09-06-05-38-04.755695.wav") 

2013-09-06-05-38-10.731953-CEST  MainProcess : INFO       
    #8690   Time: 2013-09-06-05-38-10.722794-CEST From: TTS        To: HUB        Command: tts_end(user_id="None",text="Chcete jet do zastávky Střížkov. Chcete jet ze zastávky Novoborská. Našla jsem následující spojení. Možnost první. Jeďte autobusem číslo 201 v 05:48 ze zastávky Českolipská směrem Nádraží Holešovice. Vystupte na zastávce Střížkov.",fname="tts-2013-09-06-05-38-04.755695.wav",log="true") 

2013-09-06-05-38-21.588782-CEST  MainProcess : INFO       
    #9319   Time: 2013-09-06-05-38-20.751908-CEST From: VoipIO     To: HUB        Command: play_utterance_end(user_id="None",fname="tts-2013-09-06-05-38-04.755695.wav) 

2013-09-06-05-38-24.224267-CEST  ASR-3      : DEBUG      
    ASR: speech_start(fname="vad-2013-09-06-05-38-24.202633.wav")

2013-09-06-05-38-24.228077-CEST  MainProcess : INFO       
    #9537   Time: 2013-09-06-05-38-24.220166-CEST From: VAD        To: HUB        Command: speech_start(fname="vad-2013-09-06-05-38-24.202633.wav") 

2013-09-06-05-38-24.232039-CEST  MainProcess : INFO       
    #9538   Time: 2013-09-06-05-38-24.221320-CEST From: ASR        To: HUB        Command: asr_start(fname="vad-2013-09-06-05-38-24.202633.wav") 

2013-09-06-05-38-27.090373-CEST  ASR-3      : DEBUG      
    ASR: speech_end(fname="vad-2013-09-06-05-38-24.202633.wav")

2013-09-06-05-38-27.094424-CEST  MainProcess : INFO       
    #9720   Time: 2013-09-06-05-38-27.085740-CEST From: VAD        To: HUB        Command: speech_end(fname="vad-2013-09-06-05-38-24.202633.wav") 

2013-09-06-05-38-27.968559-CEST  ASR-3      : DEBUG      
    ASR Hypothesis
    ------------------------------------------------------------
    0.638 ulead jiná možnost ještě jednu možnost
    0.036 ulead jiná možnost ještě jedna možnost
    0.034 a jdu jiná možnost ještě jednu možnost
    0.032 a jdu jiná možnost ještě jedna možnost
    0.030 aids jiná možnost ještě jednu možnost
    0.029 aids jiná možnost ještě jedna možnost
    0.027 aida jiná možnost ještě jednu možnost
    0.025 aida jiná možnost ještě jedna možnost
    0.023 heidi jiná možnost ještě jednu možnost
    0.021 heidi jiná možnost ještě jedna možnost
    0.019 ulead jiná možnost ještě možnost
    0.017 a jdu jinam možnost ještě jednu možnost
    0.015 a jdu jinam možnost ještě jedna možnost
    0.013 a jdi na možnost ještě jednu možnost
    0.011 a jdi na možnost ještě jedna možnost
    0.010 a jdu ji na možnost ještě jednu možnost
    0.008 a jdu ji na možnost ještě jedna možnost
    0.006 a jdu jen na možnost ještě jednu možnost
    0.004 a jdu jen na možnost ještě jedna možnost
    0.002 a jdu jiná možnost ještě možnost
    

2013-09-06-05-38-27.983627-CEST  MainProcess : INFO       
    #9777   Time: 2013-09-06-05-38-27.979277-CEST From: ASR        To: HUB        Command: asr_end(fname="vad-2013-09-06-05-38-24.202633.wav") 

2013-09-06-05-38-28.794557-CEST  SLU-4      : DEBUG      
    SLU Hypothesis
    ------------------------------------------------------------
    1.000 other()
    

2013-09-06-05-38-28.808909-CEST  DM-5       : DEBUG      
    DDDState Dialogue Act in: other()

2013-09-06-05-38-28.812084-CEST  MainProcess : INFO       
    #9829   Time: 2013-09-06-05-38-28.804751-CEST From: SLU        To: HUB        Command: slu_parsed(fname="vad-2013-09-06-05-38-24.202633.wav") 

2013-09-06-05-38-28.815327-CEST  DM-5       : DEBUG      
    Context Resolution - Dialogue Act: other()

2013-09-06-05-38-28.819206-CEST  DM-5       : DEBUG      
    DDDState - Dialogue state content:
    
    ludait = other
    alternative = none
    from_stop = Novoborská
    route_alternative = 0
    silence_time = 0.0
    time = none
    to_stop = Střížkov
    
    rh_alternative = system-informed
    rh_enter_at = system-informed
    rh_exit_at = system-informed
    rh_found_directions = system-informed
    rh_from_stop = system-informed
    rh_go_at = system-informed
    rh_headsign = system-informed
    rh_line = system-informed
    rh_to_stop = system-informed
    rh_vehicle = system-informed
    
    ch_alternative = system-informed
    ch_enter_at = system-informed
    ch_exit_at = system-informed
    ch_found_directions = system-informed
    ch_from_stop = system-informed
    ch_go_at = system-informed
    ch_headsign = system-informed
    ch_line = system-informed
    ch_to_stop = system-informed
    ch_vehicle = system-informed
    
    sh_alternative = system-informed
    sh_enter_at = system-informed
    sh_exit_at = system-informed
    sh_found_directions = system-informed
    sh_from_stop = system-informed
    sh_go_at = system-informed
    sh_headsign = system-informed
    sh_line = system-informed
    sh_to_stop = system-informed
    sh_vehicle = system-informed
    

2013-09-06-05-38-28.822201-CEST  DM-5       : DEBUG      
    DDDState - Dialogue state update
    
    Requested slots:
    {}
    Confirmed slots:
    {}
    Non-informed slots:
    {u'route_alternative': 0, u'silence_time': 0.0}

2013-09-06-05-38-28.848685-CEST  DM-5       : DEBUG      
    DM Output
    ------------------------------------------------------------
    notunderstood()&help(inform="alternative_last")
    

2013-09-06-05-38-28.865287-CEST  MainProcess : INFO       
    #9833   Time: 2013-09-06-05-38-28.860655-CEST From: DM         To: HUB        DA: notunderstood()&help(inform="alternative_last") 

2013-09-06-05-38-28.871244-CEST  NLG-6      : DEBUG      
    #9835   Time: 2013-09-06-05-38-28.866583-CEST From: HUB        To: NLG        DA: notunderstood()&help(inform="alternative_last") 

2013-09-06-05-38-28.874846-CEST  NLG-6      : DEBUG      
    NLG Output
    ------------------------------------------------------------
    Nerozuměla jsem. Ještě jednou prosím. Pokud chcete zopakovat nabídnutý spoj, tak si o to řekněte.
    

2013-09-06-05-38-28.892149-CEST  MainProcess : INFO       
    #9839   Time: 2013-09-06-05-38-28.887888-CEST From: NLG        To: HUB        Command: nlg_text_generated() 

2013-09-06-05-38-28.895817-CEST  MainProcess : INFO       
    #9841   Time: 2013-09-06-05-38-28.889717-CEST From: TTS        To: HUB        Command: tts_start(user_id="None",text="Nerozuměla jsem. Ještě jednou prosím. Pokud chcete zopakovat nabídnutý spoj, tak si o to řekněte.") 

2013-09-06-05-38-28.917638-CEST  MainProcess : INFO       
    #9843   Time: 2013-09-06-05-38-28.891227-CEST From: VoipIO     To: HUB        Command: play_utterance_start(user_id="None",fname="tts-2013-09-06-05-38-28.889539.wav") 

2013-09-06-05-38-29.214969-CEST  MainProcess : INFO       
    #10265  Time: 2013-09-06-05-38-29.208903-CEST From: TTS        To: HUB        Command: tts_end(user_id="None",text="Nerozuměla jsem. Ještě jednou prosím. Pokud chcete zopakovat nabídnutý spoj, tak si o to řekněte.",fname="tts-2013-09-06-05-38-28.889539.wav",log="true") 

2013-09-06-05-38-32.693379-CEST  ASR-3      : DEBUG      
    ASR: speech_start(fname="vad-2013-09-06-05-38-32.659813.wav")

2013-09-06-05-38-32.696904-CEST  MainProcess : INFO       
    #10483  Time: 2013-09-06-05-38-32.688719-CEST From: VAD        To: HUB        Command: speech_start(fname="vad-2013-09-06-05-38-32.659813.wav") 

2013-09-06-05-38-32.701219-CEST  MainProcess : INFO       
    #10484  Time: 2013-09-06-05-38-32.690374-CEST From: ASR        To: HUB        Command: asr_start(fname="vad-2013-09-06-05-38-32.659813.wav") 

2013-09-06-05-38-33.241750-CEST  ASR-3      : DEBUG      
    ASR: speech_end(fname="vad-2013-09-06-05-38-32.659813.wav")

2013-09-06-05-38-33.245431-CEST  MainProcess : INFO       
    #10522  Time: 2013-09-06-05-38-33.238769-CEST From: VAD        To: HUB        Command: speech_end(fname="vad-2013-09-06-05-38-32.659813.wav") 

2013-09-06-05-38-33.677031-CEST  ASR-3      : DEBUG      
    ASR Hypothesis
    ------------------------------------------------------------
    1.000 __silence__
    0.000 __other__
    

2013-09-06-05-38-33.696835-CEST  MainProcess : INFO       
    #10551  Time: 2013-09-06-05-38-33.692491-CEST From: ASR        To: HUB        Command: asr_end(fname="vad-2013-09-06-05-38-32.659813.wav") 

2013-09-06-05-38-33.700314-CEST  SLU-4      : DEBUG      
    SLU Hypothesis
    ------------------------------------------------------------
    1.000 silence()
    

2013-09-06-05-38-33.723684-CEST  MainProcess : INFO       
    #10553  Time: 2013-09-06-05-38-33.718821-CEST From: SLU        To: HUB        Command: slu_parsed(fname="vad-2013-09-06-05-38-32.659813.wav") 

2013-09-06-05-38-33.727425-CEST  DM-5       : DEBUG      
    DDDState Dialogue Act in: silence()

2013-09-06-05-38-33.730832-CEST  DM-5       : DEBUG      
    Context Resolution - Dialogue Act: silence()

2013-09-06-05-38-33.734316-CEST  DM-5       : DEBUG      
    DDDState - Dialogue state content:
    
    ludait = silence
    alternative = none
    from_stop = Novoborská
    route_alternative = 0
    silence_time = 0.0
    time = none
    to_stop = Střížkov
    
    rh_alternative = system-informed
    rh_enter_at = system-informed
    rh_exit_at = system-informed
    rh_found_directions = system-informed
    rh_from_stop = system-informed
    rh_go_at = system-informed
    rh_headsign = system-informed
    rh_line = system-informed
    rh_to_stop = system-informed
    rh_vehicle = system-informed
    
    ch_alternative = system-informed
    ch_enter_at = system-informed
    ch_exit_at = system-informed
    ch_found_directions = system-informed
    ch_from_stop = system-informed
    ch_go_at = system-informed
    ch_headsign = system-informed
    ch_line = system-informed
    ch_to_stop = system-informed
    ch_vehicle = system-informed
    
    sh_alternative = system-informed
    sh_enter_at = system-informed
    sh_exit_at = system-informed
    sh_found_directions = system-informed
    sh_from_stop = system-informed
    sh_go_at = system-informed
    sh_headsign = system-informed
    sh_line = system-informed
    sh_to_stop = system-informed
    sh_vehicle = system-informed
    

2013-09-06-05-38-33.738269-CEST  DM-5       : DEBUG      
    DDDState - Dialogue state update
    
    Requested slots:
    {}
    Confirmed slots:
    {}
    Non-informed slots:
    {u'route_alternative': 0, u'silence_time': 0.0}

2013-09-06-05-38-33.776694-CEST  DM-5       : DEBUG      
    DM Output
    ------------------------------------------------------------
    silence()
    

2013-09-06-05-38-33.797777-CEST  MainProcess : INFO       
    #10559  Time: 2013-09-06-05-38-33.793467-CEST From: DM         To: HUB        DA: silence() 

2013-09-06-05-38-35.348509-CEST  MainProcess : INFO       
    #10652  Time: 2013-09-06-05-38-35.233541-CEST From: VoipIO     To: HUB        Command: play_utterance_end(user_id="None",fname="tts-2013-09-06-05-38-28.889539.wav) 

2013-09-06-05-38-36.536260-CEST  MainProcess : INFO       
    #10734  Time: 2013-09-06-05-38-36.533432-CEST From: VAD        To: HUB        Command: speech_start(fname="vad-2013-09-06-05-38-36.499485.wav") 

2013-09-06-05-38-36.538938-CEST  ASR-3      : DEBUG      
    ASR: speech_start(fname="vad-2013-09-06-05-38-36.499485.wav")

2013-09-06-05-38-36.541861-CEST  MainProcess : INFO       
    #10735  Time: 2013-09-06-05-38-36.533801-CEST From: ASR        To: HUB        Command: asr_start(fname="vad-2013-09-06-05-38-36.499485.wav") 

2013-09-06-05-38-40.041062-CEST  MainProcess : INFO       
    #10957  Time: 2013-09-06-05-38-40.037480-CEST From: VAD        To: HUB        Command: speech_end(fname="vad-2013-09-06-05-38-36.499485.wav") 

2013-09-06-05-38-40.044639-CEST  ASR-3      : DEBUG      
    ASR: speech_end(fname="vad-2013-09-06-05-38-36.499485.wav")

2013-09-06-05-38-41.135981-CEST  ASR-3      : DEBUG      
    ASR Hypothesis
    ------------------------------------------------------------
    0.404 nepotřebuji následujících příští spoj
    0.060 nepotřebuji následujících příští spojka
    0.056 nepotřebuji následujících příští
    0.053 nepotřebuji následujících pojmů příští spoj
    0.050 nepotřebuji následujících příští spojku
    0.047 nepotřebuji následujících pojmů příští spojka
    0.044 nepotřebuji následujících pojmů příští
    0.041 nepotřebuji následujících příští sport
    0.038 nepotřebuji následujících pojmů příští spojku
    0.035 nepotřebuji následujících pojmů příští sport
    0.031 nepotřebuji následující příští spoj
    0.028 nepotřebuji následující příští spojka
    0.025 nepotřebuji následující příští
    0.022 nepotřebuji následující příští spojku
    0.019 nepotřebuji následující příští sport
    0.016 nepotřebuju následujících příští spoj
    0.013 nepotřebuju následujících příští spojka
    0.009 nepotřebuju následujících příští
    0.006 nepotřebuju následujících pojmů příští spoj
    0.003 nepotřebuju následujících příští spojku
    

2013-09-06-05-38-41.162399-CEST  MainProcess : INFO       
    #11029  Time: 2013-09-06-05-38-41.159417-CEST From: ASR        To: HUB        Command: asr_end(fname="vad-2013-09-06-05-38-36.499485.wav") 

2013-09-06-05-38-42.019306-CEST  SLU-4      : DEBUG      
    SLU Hypothesis
    ------------------------------------------------------------
    0.969 other()
    0.031 inform(alternative="next")
    

2013-09-06-05-38-42.044058-CEST  MainProcess : INFO       
    #11084  Time: 2013-09-06-05-38-42.040787-CEST From: SLU        To: HUB        Command: slu_parsed(fname="vad-2013-09-06-05-38-36.499485.wav") 

2013-09-06-05-38-42.047365-CEST  DM-5       : DEBUG      
    DDDState Dialogue Act in: other()

2013-09-06-05-38-42.050772-CEST  DM-5       : DEBUG      
    Context Resolution - Dialogue Act: other()

2013-09-06-05-38-42.054264-CEST  DM-5       : DEBUG      
    DDDState - Dialogue state content:
    
    ludait = other
    alternative = none
    from_stop = Novoborská
    route_alternative = 0
    silence_time = 0.0
    time = none
    to_stop = Střížkov
    
    rh_alternative = system-informed
    rh_enter_at = system-informed
    rh_exit_at = system-informed
    rh_found_directions = system-informed
    rh_from_stop = system-informed
    rh_go_at = system-informed
    rh_headsign = system-informed
    rh_line = system-informed
    rh_to_stop = system-informed
    rh_vehicle = system-informed
    
    ch_alternative = system-informed
    ch_enter_at = system-informed
    ch_exit_at = system-informed
    ch_found_directions = system-informed
    ch_from_stop = system-informed
    ch_go_at = system-informed
    ch_headsign = system-informed
    ch_line = system-informed
    ch_to_stop = system-informed
    ch_vehicle = system-informed
    
    sh_alternative = system-informed
    sh_enter_at = system-informed
    sh_exit_at = system-informed
    sh_found_directions = system-informed
    sh_from_stop = system-informed
    sh_go_at = system-informed
    sh_headsign = system-informed
    sh_line = system-informed
    sh_to_stop = system-informed
    sh_vehicle = system-informed
    

2013-09-06-05-38-42.057610-CEST  DM-5       : DEBUG      
    DDDState - Dialogue state update
    
    Requested slots:
    {}
    Confirmed slots:
    {}
    Non-informed slots:
    {u'route_alternative': 0, u'silence_time': 0.0}

2013-09-06-05-38-42.130748-CEST  DM-5       : DEBUG      
    DM Output
    ------------------------------------------------------------
    notunderstood()&help(inform="alternative_next")
    

2013-09-06-05-38-42.156200-CEST  MainProcess : INFO       
    #11094  Time: 2013-09-06-05-38-42.152393-CEST From: DM         To: HUB        DA: notunderstood()&help(inform="alternative_next") 

2013-09-06-05-38-42.162025-CEST  NLG-6      : DEBUG      
    #11095  Time: 2013-09-06-05-38-42.157979-CEST From: HUB        To: NLG        DA: notunderstood()&help(inform="alternative_next") 

2013-09-06-05-38-42.166423-CEST  NLG-6      : DEBUG      
    NLG Output
    ------------------------------------------------------------
    Nerozuměla jsem. Můžete to zopakovat? Můžete mě požádat o další spoj.
    

2013-09-06-05-38-42.201151-CEST  MainProcess : INFO       
    #11100  Time: 2013-09-06-05-38-42.195946-CEST From: NLG        To: HUB        Command: nlg_text_generated() 

2013-09-06-05-38-42.204201-CEST  MainProcess : INFO       
    #11102  Time: 2013-09-06-05-38-42.196494-CEST From: TTS        To: HUB        Command: tts_start(user_id="None",text="Nerozuměla jsem. Můžete to zopakovat? Můžete mě požádat o další spoj.") 

2013-09-06-05-38-42.227971-CEST  MainProcess : INFO       
    #11104  Time: 2013-09-06-05-38-42.197639-CEST From: VoipIO     To: HUB        Command: play_utterance_start(user_id="None",fname="tts-2013-09-06-05-38-42.196370.wav") 

2013-09-06-05-38-42.300534-CEST  MainProcess : INFO       
    #11416  Time: 2013-09-06-05-38-42.295136-CEST From: TTS        To: HUB        Command: tts_end(user_id="None",text="Nerozuměla jsem. Můžete to zopakovat? Můžete mě požádat o další spoj.",fname="tts-2013-09-06-05-38-42.196370.wav",log="true") 

2013-09-06-05-38-42.312278-CEST  MainProcess : INFO       
    #11420  Time: 2013-09-06-05-38-42.308924-CEST From: VAD        To: HUB        Command: speech_start(fname="vad-2013-09-06-05-38-42.258124.wav") 

2013-09-06-05-38-42.315384-CEST  ASR-3      : DEBUG      
    ASR: speech_start(fname="vad-2013-09-06-05-38-42.258124.wav")

2013-09-06-05-38-42.318656-CEST  MainProcess : INFO       
    #11422  Time: 2013-09-06-05-38-42.310955-CEST From: ASR        To: HUB        Command: asr_start(fname="vad-2013-09-06-05-38-42.258124.wav") 

2013-09-06-05-38-43.308395-CEST  MainProcess : INFO       
    #11485  Time: 2013-09-06-05-38-43.304817-CEST From: VAD        To: HUB        Command: speech_end(fname="vad-2013-09-06-05-38-42.258124.wav") 

2013-09-06-05-38-43.311497-CEST  ASR-3      : DEBUG      
    ASR: speech_end(fname="vad-2013-09-06-05-38-42.258124.wav")

2013-09-06-05-38-43.680320-CEST  ASR-3      : DEBUG      
    ASR Hypothesis
    ------------------------------------------------------------
    0.600 druhou možnost
    0.067 druhou možností
    0.061 druhou možná
    0.055 druhou možností je
    0.048 druhou možno
    0.042 druhou možnost je
    0.036 dlouhou možno
    0.030 druh ou možno
    0.024 druh možno
    0.018 kruh ou možno
    0.012 dluh ou možno
    0.006 dlouh ou možno
    0.000 __other__
    

2013-09-06-05-38-43.708545-CEST  MainProcess : INFO       
    #11510  Time: 2013-09-06-05-38-43.704549-CEST From: ASR        To: HUB        Command: asr_end(fname="vad-2013-09-06-05-38-42.258124.wav") 

2013-09-06-05-38-44.222562-CEST  SLU-4      : DEBUG      
    SLU Hypothesis
    ------------------------------------------------------------
    1.000 other()
    

2013-09-06-05-38-44.250176-CEST  MainProcess : INFO       
    #11548  Time: 2013-09-06-05-38-44.247073-CEST From: SLU        To: HUB        Command: slu_parsed(fname="vad-2013-09-06-05-38-42.258124.wav") 

2013-09-06-05-38-44.253704-CEST  DM-5       : DEBUG      
    DDDState Dialogue Act in: other()

2013-09-06-05-38-44.257090-CEST  DM-5       : DEBUG      
    Context Resolution - Dialogue Act: other()

2013-09-06-05-38-44.260534-CEST  DM-5       : DEBUG      
    DDDState - Dialogue state content:
    
    ludait = other
    alternative = none
    from_stop = Novoborská
    route_alternative = 0
    silence_time = 0.0
    time = none
    to_stop = Střížkov
    
    rh_alternative = system-informed
    rh_enter_at = system-informed
    rh_exit_at = system-informed
    rh_found_directions = system-informed
    rh_from_stop = system-informed
    rh_go_at = system-informed
    rh_headsign = system-informed
    rh_line = system-informed
    rh_to_stop = system-informed
    rh_vehicle = system-informed
    
    ch_alternative = system-informed
    ch_enter_at = system-informed
    ch_exit_at = system-informed
    ch_found_directions = system-informed
    ch_from_stop = system-informed
    ch_go_at = system-informed
    ch_headsign = system-informed
    ch_line = system-informed
    ch_to_stop = system-informed
    ch_vehicle = system-informed
    
    sh_alternative = system-informed
    sh_enter_at = system-informed
    sh_exit_at = system-informed
    sh_found_directions = system-informed
    sh_from_stop = system-informed
    sh_go_at = system-informed
    sh_headsign = system-informed
    sh_line = system-informed
    sh_to_stop = system-informed
    sh_vehicle = system-informed
    

2013-09-06-05-38-44.263799-CEST  DM-5       : DEBUG      
    DDDState - Dialogue state update
    
    Requested slots:
    {}
    Confirmed slots:
    {}
    Non-informed slots:
    {u'route_alternative': 0, u'silence_time': 0.0}

2013-09-06-05-38-44.319039-CEST  DM-5       : DEBUG      
    DM Output
    ------------------------------------------------------------
    notunderstood()
    

2013-09-06-05-38-44.352694-CEST  MainProcess : INFO       
    #11554  Time: 2013-09-06-05-38-44.347635-CEST From: DM         To: HUB        DA: notunderstood() 

2013-09-06-05-38-44.387362-CEST  NLG-6      : DEBUG      
    #11559  Time: 2013-09-06-05-38-44.383657-CEST From: HUB        To: NLG        Command: flush() 

2013-09-06-05-38-44.392493-CEST  MainProcess : INFO       
    #11560  Time: 2013-09-06-05-38-44.388182-CEST From: NLG        To: HUB        Command: flushed() 

2013-09-06-05-38-44.397352-CEST  TTS-7      : DEBUG      
    #11561  Time: 2013-09-06-05-38-44.393611-CEST From: HUB        To: TTS        Command: flush() 

2013-09-06-05-38-44.402163-CEST  MainProcess : INFO       
    #11562  Time: 2013-09-06-05-38-44.398591-CEST From: TTS        To: HUB        Command: flushed() 

2013-09-06-05-38-44.405689-CEST  VoipIO-1   : DEBUG      
    #11563  Time: 2013-09-06-05-38-44.402999-CEST From: HUB        To: VIO        Command: flush_out() 

2013-09-06-05-38-44.409479-CEST  MainProcess : INFO       
    #11564  Time: 2013-09-06-05-38-44.406833-CEST From: VoipIO     To: HUB        Command: flushed_out() 

2013-09-06-05-38-44.413267-CEST  NLG-6      : DEBUG      
    #11565  Time: 2013-09-06-05-38-44.410459-CEST From: HUB        To: NLG        DA: notunderstood() 

2013-09-06-05-38-44.415638-CEST  NLG-6      : DEBUG      
    NLG Output
    ------------------------------------------------------------
    Nerozuměla jsem.
    

2013-09-06-05-38-44.448621-CEST  MainProcess : INFO       
    #11570  Time: 2013-09-06-05-38-44.444374-CEST From: NLG        To: HUB        Command: nlg_text_generated() 

2013-09-06-05-38-44.454883-CEST  MainProcess : INFO       
    #11572  Time: 2013-09-06-05-38-44.449839-CEST From: TTS        To: HUB        Command: tts_start(user_id="None",text="Nerozuměla jsem.") 

2013-09-06-05-38-44.476812-CEST  MainProcess : INFO       
    #11658  Time: 2013-09-06-05-38-44.473214-CEST From: TTS        To: HUB        Command: tts_end(user_id="None",text="Nerozuměla jsem.",fname="tts-2013-09-06-05-38-44.446562.wav",log="true") 

2013-09-06-05-38-44.484675-CEST  MainProcess : INFO       
    #11574  Time: 2013-09-06-05-38-44.452375-CEST From: VoipIO     To: HUB        Command: play_utterance_start(user_id="None",fname="tts-2013-09-06-05-38-44.446562.wav") 

2013-09-06-05-38-45.780123-CEST  MainProcess : INFO       
    #11723  Time: 2013-09-06-05-38-45.495106-CEST From: VoipIO     To: HUB        Command: play_utterance_end(user_id="None",fname="tts-2013-09-06-05-38-44.446562.wav) 

2013-09-06-05-38-46.991585-CEST  ASR-3      : DEBUG      
    ASR: speech_start(fname="vad-2013-09-06-05-38-46.929529.wav")

2013-09-06-05-38-46.994830-CEST  MainProcess : INFO       
    #11821  Time: 2013-09-06-05-38-46.988396-CEST From: VAD        To: HUB        Command: speech_start(fname="vad-2013-09-06-05-38-46.929529.wav") 

2013-09-06-05-38-46.998712-CEST  MainProcess : INFO       
    #11822  Time: 2013-09-06-05-38-46.988610-CEST From: ASR        To: HUB        Command: asr_start(fname="vad-2013-09-06-05-38-46.929529.wav") 

2013-09-06-05-38-48.696529-CEST  ASR-3      : DEBUG      
    ASR: speech_end(fname="vad-2013-09-06-05-38-46.929529.wav")

2013-09-06-05-38-48.700517-CEST  MainProcess : INFO       
    #11928  Time: 2013-09-06-05-38-48.692817-CEST From: VAD        To: HUB        Command: speech_end(fname="vad-2013-09-06-05-38-46.929529.wav") 

2013-09-06-05-38-49.110666-CEST  ASR-3      : DEBUG      
    ASR Hypothesis
    ------------------------------------------------------------
    0.798 ještě jednu možnost
    0.027 si ještě jednu možnost
    0.025 ještě jedna možnost
    0.023 ještě jednou možnost
    0.021 ještě jedno možnost
    0.019 ještě jednu možnost i
    0.017 ještě jednu možnost ka
    0.015 ještě jednu možnost u
    0.013 ještě jednu možnost a
    0.012 ještě jedna možnost a
    0.010 si ještě jednu možnost i
    0.008 si ještě jednu možnost ka
    0.006 si ještě jednu možnost u
    0.004 si ještě jednu možnost a
    0.002 ještě jedna možnost i
    0.000 __other__
    

2013-09-06-05-38-49.146575-CEST  MainProcess : INFO       
    #11957  Time: 2013-09-06-05-38-49.142471-CEST From: ASR        To: HUB        Command: asr_end(fname="vad-2013-09-06-05-38-46.929529.wav") 

2013-09-06-05-38-49.784282-CEST  SLU-4      : DEBUG      
    SLU Hypothesis
    ------------------------------------------------------------
    1.000 other()
    

2013-09-06-05-38-49.822461-CEST  MainProcess : INFO       
    #12003  Time: 2013-09-06-05-38-49.818178-CEST From: SLU        To: HUB        Command: slu_parsed(fname="vad-2013-09-06-05-38-46.929529.wav") 

2013-09-06-05-38-49.826160-CEST  DM-5       : DEBUG      
    DDDState Dialogue Act in: other()

2013-09-06-05-38-49.829536-CEST  DM-5       : DEBUG      
    Context Resolution - Dialogue Act: other()

2013-09-06-05-38-49.833635-CEST  DM-5       : DEBUG      
    DDDState - Dialogue state content:
    
    ludait = other
    alternative = none
    from_stop = Novoborská
    route_alternative = 0
    silence_time = 0.0
    time = none
    to_stop = Střížkov
    
    rh_alternative = system-informed
    rh_enter_at = system-informed
    rh_exit_at = system-informed
    rh_found_directions = system-informed
    rh_from_stop = system-informed
    rh_go_at = system-informed
    rh_headsign = system-informed
    rh_line = system-informed
    rh_to_stop = system-informed
    rh_vehicle = system-informed
    
    ch_alternative = system-informed
    ch_enter_at = system-informed
    ch_exit_at = system-informed
    ch_found_directions = system-informed
    ch_from_stop = system-informed
    ch_go_at = system-informed
    ch_headsign = system-informed
    ch_line = system-informed
    ch_to_stop = system-informed
    ch_vehicle = system-informed
    
    sh_alternative = system-informed
    sh_enter_at = system-informed
    sh_exit_at = system-informed
    sh_found_directions = system-informed
    sh_from_stop = system-informed
    sh_go_at = system-informed
    sh_headsign = system-informed
    sh_line = system-informed
    sh_to_stop = system-informed
    sh_vehicle = system-informed
    

2013-09-06-05-38-49.837140-CEST  DM-5       : DEBUG      
    DDDState - Dialogue state update
    
    Requested slots:
    {}
    Confirmed slots:
    {}
    Non-informed slots:
    {u'route_alternative': 0, u'silence_time': 0.0}

2013-09-06-05-38-49.937524-CEST  DM-5       : DEBUG      
    DM Output
    ------------------------------------------------------------
    notunderstood()&help(inform="alternative_abs")
    

2013-09-06-05-38-49.974649-CEST  MainProcess : INFO       
    #12013  Time: 2013-09-06-05-38-49.969867-CEST From: DM         To: HUB        DA: notunderstood()&help(inform="alternative_abs") 

2013-09-06-05-38-49.980614-CEST  NLG-6      : DEBUG      
    #12014  Time: 2013-09-06-05-38-49.976658-CEST From: HUB        To: NLG        DA: notunderstood()&help(inform="alternative_abs") 

2013-09-06-05-38-49.984111-CEST  NLG-6      : DEBUG      
    NLG Output
    ------------------------------------------------------------
    Nerozuměla jsem. Pokud chcete zopakovat konkrétní spoj, potom můžete například říct třetí spojení.
    

2013-09-06-05-38-50.021648-CEST  MainProcess : INFO       
    #12019  Time: 2013-09-06-05-38-50.017992-CEST From: NLG        To: HUB        Command: nlg_text_generated() 

2013-09-06-05-38-50.027950-CEST  MainProcess : INFO       
    #12021  Time: 2013-09-06-05-38-50.022837-CEST From: TTS        To: HUB        Command: tts_start(user_id="None",text="Nerozuměla jsem. Pokud chcete zopakovat konkrétní spoj, potom můžete například říct třetí spojení.") 

2013-09-06-05-38-50.089651-CEST  MainProcess : INFO       
    #12023  Time: 2013-09-06-05-38-50.025713-CEST From: VoipIO     To: HUB        Command: play_utterance_start(user_id="None",fname="tts-2013-09-06-05-38-50.019523.wav") 

2013-09-06-05-38-50.133985-CEST  MainProcess : INFO       
    #12428  Time: 2013-09-06-05-38-50.128315-CEST From: TTS        To: HUB        Command: tts_end(user_id="None",text="Nerozuměla jsem. Pokud chcete zopakovat konkrétní spoj, potom můžete například říct třetí spojení.",fname="tts-2013-09-06-05-38-50.019523.wav",log="true") 

2013-09-06-05-38-56.406546-CEST  MainProcess : INFO       
    #12797  Time: 2013-09-06-05-38-56.010045-CEST From: VoipIO     To: HUB        Command: play_utterance_end(user_id="None",fname="tts-2013-09-06-05-38-50.019523.wav) 

2013-09-06-05-38-58.522039-CEST  MainProcess : INFO       
    #12955  Time: 2013-09-06-05-38-58.518321-CEST From: VAD        To: HUB        Command: speech_start(fname="vad-2013-09-06-05-38-58.452120.wav") 

2013-09-06-05-38-58.525618-CEST  ASR-3      : DEBUG      
    ASR: speech_start(fname="vad-2013-09-06-05-38-58.452120.wav")

2013-09-06-05-38-58.529183-CEST  MainProcess : INFO       
    #12956  Time: 2013-09-06-05-38-58.519688-CEST From: ASR        To: HUB        Command: asr_start(fname="vad-2013-09-06-05-38-58.452120.wav") 

2013-09-06-05-39-02.191396-CEST  ASR-3      : DEBUG      
    ASR: speech_end(fname="vad-2013-09-06-05-38-58.452120.wav")

2013-09-06-05-39-02.194868-CEST  MainProcess : INFO       
    #13186  Time: 2013-09-06-05-39-02.187802-CEST From: VAD        To: HUB        Command: speech_end(fname="vad-2013-09-06-05-38-58.452120.wav") 

2013-09-06-05-39-03.536527-CEST  ASR-3      : DEBUG      
    ASR Hypothesis
    ------------------------------------------------------------
    0.701 no tak druhé spojení nebo třetí spojení
    0.054 no tak druh spojení nebo třetí spojení
    0.049 no tak dlouhé spojení nebo třetí spojení
    0.044 notak druhé spojení nebo třetí spojení
    0.038 no tak druhé spojení si nebo třetí spojení
    0.033 no tak druhej spojení nebo třetí spojení
    0.027 no tak to druhé spojení nebo třetí spojení
    0.022 no tak druhé spojení potřetí spojení
    0.016 no taky druhé spojení nebo třetí spojení
    0.011 notak druh spojení nebo třetí spojení
    0.005 no tak dlouhé spojení si nebo třetí spojení
    0.000 __other__
    

2013-09-06-05-39-03.576407-CEST  MainProcess : INFO       
    #13275  Time: 2013-09-06-05-39-03.573300-CEST From: ASR        To: HUB        Command: asr_end(fname="vad-2013-09-06-05-38-58.452120.wav") 

2013-09-06-05-39-04.057844-CEST  SLU-4      : DEBUG      
    SLU Hypothesis
    ------------------------------------------------------------
    0.978 inform(alternative="3")
    0.848 inform(alternative="2")
    

2013-09-06-05-39-04.100508-CEST  DM-5       : DEBUG      
    DDDState Dialogue Act in: inform(alternative="3")&inform(alternative="2")

2013-09-06-05-39-04.104468-CEST  MainProcess : INFO       
    #13309  Time: 2013-09-06-05-39-04.095885-CEST From: SLU        To: HUB        Command: slu_parsed(fname="vad-2013-09-06-05-38-58.452120.wav") 

2013-09-06-05-39-04.108075-CEST  DM-5       : DEBUG      
    Context Resolution - Dialogue Act: inform(alternative="3")&inform(alternative="2")

2013-09-06-05-39-04.111404-CEST  DM-5       : DEBUG      
    DDDState - Dialogue state content:
    
    ludait = none
    alternative = 2
    from_stop = Novoborská
    route_alternative = 0
    silence_time = 0.0
    time = none
    to_stop = Střížkov
    
    rh_alternative = system-informed
    rh_enter_at = system-informed
    rh_exit_at = system-informed
    rh_found_directions = system-informed
    rh_from_stop = system-informed
    rh_go_at = system-informed
    rh_headsign = system-informed
    rh_line = system-informed
    rh_to_stop = system-informed
    rh_vehicle = system-informed
    
    ch_alternative = system-informed
    ch_enter_at = system-informed
    ch_exit_at = system-informed
    ch_found_directions = system-informed
    ch_from_stop = system-informed
    ch_go_at = system-informed
    ch_headsign = system-informed
    ch_line = system-informed
    ch_to_stop = system-informed
    ch_vehicle = system-informed
    
    sh_alternative = system-informed
    sh_enter_at = system-informed
    sh_exit_at = system-informed
    sh_found_directions = system-informed
    sh_from_stop = system-informed
    sh_go_at = system-informed
    sh_headsign = system-informed
    sh_line = system-informed
    sh_to_stop = system-informed
    sh_vehicle = system-informed
    

2013-09-06-05-39-04.114843-CEST  DM-5       : DEBUG      
    DDDState - Dialogue state update
    
    Requested slots:
    {}
    Confirmed slots:
    {}
    Non-informed slots:
    {u'route_alternative': 0, u'silence_time': 0.0}

2013-09-06-05-39-04.406641-CEST  DM-5       : DEBUG      
    DM Output
    ------------------------------------------------------------
    inform(found_directions="true")&inform(alternative="2")&inform(vehicle="BUS")&inform(line="151")&inform(go_at="05:54")&inform(enter_at="Novoborská")&inform(headsign="Českomoravská")&inform(exit_at="Střížkov")
    

2013-09-06-05-39-04.448573-CEST  MainProcess : INFO       
    #13331  Time: 2013-09-06-05-39-04.444403-CEST From: DM         To: HUB        DA: inform(found_directions="true")&inform(alternative="2")&inform(vehicle="BUS")&inform(line="151")&inform(go_at="05:54")&inform(enter_at="Novoborská")&inform(headsign="Českomoravská")&inform(exit_at="Střížkov") 

2013-09-06-05-39-04.455793-CEST  NLG-6      : DEBUG      
    #13333  Time: 2013-09-06-05-39-04.450814-CEST From: HUB        To: NLG        DA: inform(found_directions="true")&inform(alternative="2")&inform(vehicle="BUS")&inform(line="151")&inform(go_at="05:54")&inform(enter_at="Novoborská")&inform(headsign="Českomoravská")&inform(exit_at="Střížkov") 

2013-09-06-05-39-04.494012-CEST  NLG-6      : DEBUG      
    NLG Output
    ------------------------------------------------------------
    Našla jsem následující spojení. Možnost druhá. Jeďte autobusem číslo 151 v 05:54 ze zastávky Novoborská směrem Českomoravská. Vystupte na zastávce Střížkov.
    

2013-09-06-05-39-04.536120-CEST  MainProcess : INFO       
    #13341  Time: 2013-09-06-05-39-04.532655-CEST From: NLG        To: HUB        Command: nlg_text_generated() 

2013-09-06-05-39-04.542786-CEST  MainProcess : INFO       
    #13343  Time: 2013-09-06-05-39-04.537576-CEST From: TTS        To: HUB        Command: tts_start(user_id="None",text="Našla jsem následující spojení. Možnost druhá. Jeďte autobusem číslo 151 v 05:54 ze zastávky Novoborská směrem Českomoravská. Vystupte na zastávce Střížkov.") 

2013-09-06-05-39-04.586221-CEST  MainProcess : INFO       
    #13345  Time: 2013-09-06-05-39-04.540060-CEST From: VoipIO     To: HUB        Command: play_utterance_start(user_id="None",fname="tts-2013-09-06-05-39-04.533395.wav") 

2013-09-06-05-39-06.715391-CEST  MainProcess : INFO       
    #14271  Time: 2013-09-06-05-39-06.707875-CEST From: TTS        To: HUB        Command: tts_end(user_id="None",text="Našla jsem následující spojení. Možnost druhá. Jeďte autobusem číslo 151 v 05:54 ze zastávky Novoborská směrem Českomoravská. Vystupte na zastávce Střížkov.",fname="tts-2013-09-06-05-39-04.533395.wav",log="true") 

2013-09-06-05-39-17.142016-CEST  MainProcess : INFO       
    #14884  Time: 2013-09-06-05-39-16.524606-CEST From: VoipIO     To: HUB        Command: play_utterance_end(user_id="None",fname="tts-2013-09-06-05-39-04.533395.wav) 

2013-09-06-05-39-19.454800-CEST  MainProcess : INFO       
    #15070  Time: 2013-09-06-05-39-19.451096-CEST From: VAD        To: HUB        Command: speech_start(fname="vad-2013-09-06-05-39-19.374793.wav") 

2013-09-06-05-39-19.457813-CEST  ASR-3      : DEBUG      
    ASR: speech_start(fname="vad-2013-09-06-05-39-19.374793.wav")

2013-09-06-05-39-19.460720-CEST  MainProcess : INFO       
    #15071  Time: 2013-09-06-05-39-19.452074-CEST From: ASR        To: HUB        Command: asr_start(fname="vad-2013-09-06-05-39-19.374793.wav") 

2013-09-06-05-39-21.908942-CEST  ASR-3      : DEBUG      
    ASR: speech_end(fname="vad-2013-09-06-05-39-19.374793.wav")

2013-09-06-05-39-21.912445-CEST  MainProcess : INFO       
    #15225  Time: 2013-09-06-05-39-21.905582-CEST From: VAD        To: HUB        Command: speech_end(fname="vad-2013-09-06-05-39-19.374793.wav") 

2013-09-06-05-39-22.655317-CEST  ASR-3      : DEBUG      
    ASR Hypothesis
    ------------------------------------------------------------
    0.740 děkuji to je ono děkuji
    0.065 děkuji t ono děkuji
    0.056 děkuji té ono děkuji
    0.046 děkuji to ono děkuji
    0.037 děkuji to je ono děkuji ti
    0.028 děkuju to je ono děkuji
    0.019 děkuji to je ono děkuji moc
    0.009 děkuji to je ono děkuji a
    0.000 __other__
    

2013-09-06-05-39-22.727100-CEST  MainProcess : INFO       
    #15278  Time: 2013-09-06-05-39-22.723385-CEST From: ASR        To: HUB        Command: asr_end(fname="vad-2013-09-06-05-39-19.374793.wav") 

2013-09-06-05-39-23.070747-CEST  SLU-4      : DEBUG      
    SLU Hypothesis
    ------------------------------------------------------------
    1.000 thankyou()
    

2013-09-06-05-39-23.118515-CEST  MainProcess : INFO       
    #15304  Time: 2013-09-06-05-39-23.113896-CEST From: SLU        To: HUB        Command: slu_parsed(fname="vad-2013-09-06-05-39-19.374793.wav") 

2013-09-06-05-39-23.121863-CEST  DM-5       : DEBUG      
    DDDState Dialogue Act in: thankyou()

2013-09-06-05-39-23.125131-CEST  DM-5       : DEBUG      
    Context Resolution - Dialogue Act: thankyou()

2013-09-06-05-39-23.128698-CEST  DM-5       : DEBUG      
    DDDState - Dialogue state content:
    
    ludait = thankyou
    alternative = none
    from_stop = Novoborská
    route_alternative = 1
    silence_time = 0.0
    time = none
    to_stop = Střížkov
    
    rh_alternative = system-informed
    rh_enter_at = system-informed
    rh_exit_at = system-informed
    rh_found_directions = system-informed
    rh_from_stop = system-informed
    rh_go_at = system-informed
    rh_headsign = system-informed
    rh_line = system-informed
    rh_to_stop = system-informed
    rh_vehicle = system-informed
    
    ch_alternative = system-informed
    ch_enter_at = system-informed
    ch_exit_at = system-informed
    ch_found_directions = system-informed
    ch_from_stop = system-informed
    ch_go_at = system-informed
    ch_headsign = system-informed
    ch_line = system-informed
    ch_to_stop = system-informed
    ch_vehicle = system-informed
    
    sh_alternative = system-informed
    sh_enter_at = system-informed
    sh_exit_at = system-informed
    sh_found_directions = system-informed
    sh_from_stop = system-informed
    sh_go_at = system-informed
    sh_headsign = system-informed
    sh_line = system-informed
    sh_to_stop = system-informed
    sh_vehicle = system-informed
    

2013-09-06-05-39-23.131648-CEST  DM-5       : DEBUG      
    DDDState - Dialogue state update
    
    Requested slots:
    {}
    Confirmed slots:
    {}
    Non-informed slots:
    {u'route_alternative': 1, u'silence_time': 0.0}

2013-09-06-05-39-23.220320-CEST  DM-5       : DEBUG      
    DM Output
    ------------------------------------------------------------
    inform(cordiality="true")&hello()
    

2013-09-06-05-39-23.268667-CEST  MainProcess : INFO       
    #15314  Time: 2013-09-06-05-39-23.264518-CEST From: DM         To: HUB        DA: inform(cordiality="true")&hello() 

2013-09-06-05-39-23.275149-CEST  NLG-6      : DEBUG      
    #15317  Time: 2013-09-06-05-39-23.271109-CEST From: HUB        To: NLG        DA: inform(cordiality="true")&hello() 

2013-09-06-05-39-23.278264-CEST  NLG-6      : DEBUG      
    NLG Output
    ------------------------------------------------------------
    Nemáte zač. S čím Vám mohu ještě pomoci.
    

2013-09-06-05-39-23.328583-CEST  MainProcess : INFO       
    #15320  Time: 2013-09-06-05-39-23.324551-CEST From: NLG        To: HUB        Command: nlg_text_generated() 

2013-09-06-05-39-23.334230-CEST  MainProcess : INFO       
    #15322  Time: 2013-09-06-05-39-23.329685-CEST From: TTS        To: HUB        Command: tts_start(user_id="None",text="Nemáte zač. S čím Vám mohu ještě pomoci.") 

2013-09-06-05-39-23.395846-CEST  MainProcess : INFO       
    #15324  Time: 2013-09-06-05-39-23.330699-CEST From: VoipIO     To: HUB        Command: play_utterance_start(user_id="None",fname="tts-2013-09-06-05-39-23.325963.wav") 

2013-09-06-05-39-23.418937-CEST  MainProcess : INFO       
    #15515  Time: 2013-09-06-05-39-23.415313-CEST From: TTS        To: HUB        Command: tts_end(user_id="None",text="Nemáte zač. S čím Vám mohu ještě pomoci.",fname="tts-2013-09-06-05-39-23.325963.wav",log="true") 

2013-09-06-05-39-25.319767-CEST  VoipIO-1   : DEBUG      
    CallCallback::on_state : Call with "777722783" <sip:777722783@195.113.20.160> is DISCONNCTD last code = 200 (Normal call clearing)

2013-09-06-05-39-25.421584-CEST  VoipIO-1   : DEBUG      
    VoipIO::on_call_disconnected

2013-09-06-05-39-25.426983-CEST  MainProcess : INFO       
    #15634  Time: 2013-09-06-05-39-25.422648-CEST From: VoipIO     To: HUB        Command: call_disconnected(remote_uri="777722783") 

