2013-09-08-20-07-05.633736-CEST  VoipIO-1   : DEBUG      
    CallCallback::on_media_state : Media is now active

2013-09-08-20-07-05.637493-CEST  VoipIO-1   : DEBUG      
    CallCallback::on_state : Call with "607103683" <sip:607103683@195.113.20.160> is CONNECTING last code = 200 (OK)

2013-09-08-20-07-05.640525-CEST  VoipIO-1   : DEBUG      
    VoipIO::on_call_connecting

2013-09-08-20-07-05.644431-CEST  VoipIO-1   : DEBUG      
    CallCallback::on_state : Call with "607103683" <sip:607103683@195.113.20.160> is CONFIRMED last code = 200 (OK)

2013-09-08-20-07-05.676874-CEST  MainProcess : SYSTEM-LOG 
    config = { 'ASR': { 'Google': { 'debug': False, 'language': 'cs', 'maxresults': 20},
               'Julius': { 'adinnetport': 5530,
                           'binary': '/usr/local/bin/julius',
                           'debug': False,
                           'hostname': 'localhost',
                           'jconf': { '-adport': '5530',
                                      '-b': '1000',
                                      '-b2': '100',
                                      '-cmnload': 'cmn.param',
                                      '-cmnmapweight': '200',
                                      '-cmnsave': 'cmn.param',
                                      '-confnet': '',
                                      '-fallback1pass': '',
                                      '-gprune': 'safe',
                                      '-h': '/mnt/h/jurcicek/vystadial-git-prd/alex/resources/asr/voip_en/hmmdefs',
                                      '-hlist': '/mnt/h/jurcicek/vystadial-git-prd/alex/resources/asr/voip_en/tiedlist',
                                      '-htkconf': '/mnt/h/jurcicek/vystadial-git-prd/alex/resources/asr/voip_en/config',
                                      '-input': 'adinnet',
                                      '-iwsp': '',
                                      '-iwsppenalty': '0.0',
                                      '-lmp': '15.0 0.0',
                                      '-lmp2': '15.0 0.0',
                                      '-mapunk': 'UM',
                                      '-module': '10500',
                                      '-n': '50',
                                      '-nlr': '/mnt/h/jurcicek/vystadial-git-prd/alex/resources/lm/caminfo/julius_arpa_bigram',
                                      '-no_ccd': '',
                                      '-nrl': '/mnt/h/jurcicek/vystadial-git-prd/alex/resources/lm/caminfo/julius_arpa_rev_bigram',
                                      '-silhead': '<s>',
                                      '-siltail': '</s>',
                                      '-spmodel': 'sp',
                                      '-tmix': '4',
                                      '-v': '/mnt/h/jurcicek/vystadial-git-prd/alex/resources/lm/caminfo/julius_dict'},
                           'jconffile': 'julius.jconf',
                           'killall': False,
                           'logfile': 'julius.log',
                           'msg_timeout': 0.3,
                           'pidfile': 'julius.pid',
                           'reuse_server': False,
                           'serverport': 10500,
                           'start_max_wait_time': 15,
                           'start_wait_time': 0.5,
                           'timeout': 2.0},
               'Kaldi': { 'LM_scale': -6666.66,
                          'hypothesis_type': 'nblist',
                          'lat_depth': 666666,
                          'model': 'TODO_path_to_model'},
               'debug': True,
               'type': 'Google'},
      'AlexOnTheBus': { 'max_turns': 120},
      'Analytics': Analytics(account_id='UA-41905278-1', domain_name='cuni.cz'),
      'Audio': { 'sample_rate': 16000, 'samples_per_frame': 256},
      'AudioIO': { 'debug': True, 'output_dir': './aio_call_log', 'play_buffer_size': 1024},
      'DM': { 'PUfalRuleDM': { 'code_submit_url': None,
                               'db_cfg': '/mnt/h/jurcicek/vystadial-git-prd/alex/resources/../applications/CamInfoRest/cued_data/CIRdbase_V7_noloc.txt',
                               'ontology': '/mnt/h/jurcicek/vystadial-git-prd/alex/resources/../applications/CamInfoRest/ontology.cfg',
                               'provide_code': False},
              'UfalRuleDM': { 'code_submit_url': None,
                              'db_cfg': '/mnt/h/jurcicek/vystadial-git-prd/alex/resources/../applications/CamInfoRest/cued_data/CIRdbase_V7_noloc.txt',
                              'ontology': '/mnt/h/jurcicek/vystadial-git-prd/alex/resources/../applications/CamInfoRest/ontology.cfg',
                              'provide_code': False},
              'basic': { 'debug': True, 'silence_timeout': 10.0},
              'debug': True,
              'dialogue_policy': { 'type': <class 'alex.applications.AlexOnTheBus.aotb_hdc_policy.AOTBHDCPolicy'>},
              'dialogue_state': { 'type': <class 'alex.components.dm.dddstate.DeterministicDiscriminativeDialogueState'>},
              'input_timeout': 3.0,
              'ontology': '/mnt/h/jurcicek/vystadial-git-prd/alex/applications/AlexOnTheBus/data/ontology.py',
              'type': 'basic'},
      'General': { 'debug': False, 'include': ['/mnt/h/jurcicek/vystadial-git-prd/alex/resources/private/default.cfg']},
      'Hub': { 'history_file': 'hub_history_hub.txt', 'history_length': 1000, 'main_loop_sleep_time': 0.002},
      'Logging': { 'excepthook': ExceptionHook(
            ExceptionHook
              Hook Type: log
              Hook Logger: SystemLogger(output_dir=./call_logs, stdout_log_level='DEBUG', stdout=True, file_log_level='DEBUG')),
                   'session_logger': SessionLogger(),
                   'system_logger': SystemLogger(output_dir=/net/projects/vystadial/data/call-logs/2013-05-30-alex-aotb-prototype/new, stdout_log_level='DEBUG', stdout=True, file_log_level='DEBUG'),
                   'system_name': u'Alex On The Bus - Live',
                   'version': u'1.0'},
      'NLG': { 'Template': { 'model': '/mnt/h/jurcicek/vystadial-git-prd/alex/applications/AlexOnTheBus/nlg_templates.cfg'},
               'debug': True,
               'type': 'Template'},
      'SHub': { 'history_file': 'hub_history_shub.txt', 'history_length': 1000},
      'SLU': { 'cl-tracing': { 'cldb_fname': '/mnt/h/jurcicek/vystadial-git-prd/alex/applications/CamInfoRest/data/database.py',
                               'do_preprocessing': True,
                               'features_type': ('ngram', 'ab_ngram'),
                               'testing': { 'max_examples': None,
                                            'min_perc': 80,
                                            'model_fname': '/mnt/h/jurcicek/vystadial-git-prd/alex/applications/CamInfoRest/models/130516_minf60-minfc35-mind60.slu_model.gz',
                                            'renormalise': True,
                                            'threshold': None,
                                            'vanilla': True},
                               'training': { 'abstractions': ('abstract',), 'models_dir': 'models'}},
               'debug': True,
               'type': <class 'alex.applications.AlexOnTheBus.aotb_slu.AOTBSLU'>,
               <class 'alex.applications.AlexOnTheBus.aotb_slu.AOTBSLU'>: { 'cldb_fname': '/mnt/h/jurcicek/vystadial-git-prd/alex/applications/AlexOnTheBus/data/database.py',
                                                                            'preprocessing_cls': <class 'alex.applications.AlexOnTheBus.aotb_preprocessing.AOTBSLUPreprocessing'>,
                                                                            'training': { 'models_dir': 'models'}}},
      'THub': { 'history_file': 'hub_history_thub.txt', 'history_length': 1000},
      'TTS': { 'Flite': { 'debug': False,
                          'preprocessing': '/mnt/h/jurcicek/vystadial-git-prd/alex/resources/tts/prep_flite_en.cfg',
                          'tempo': 1.0,
                          'voice': 'kal16'},
               'Google': { 'debug': False,
                           'language': 'en',
                           'preprocessing': '/mnt/h/jurcicek/vystadial-git-prd/alex/resources/tts/prep_google_en.cfg',
                           'tempo': 1.0},
               'SpeechTech': { 'debug': True,
                               'login': 'filipjurcicek',
    # this line was removed since it included a password
                               'preprocessing': '/mnt/h/jurcicek/vystadial-git-prd/alex/resources/tts/prep_speechtech_cs.cfg',
                               'tempo': 1.2,
                               'voice': 'Iva210'},
               'VoiceRSS': { 'api_key': '3b6a9fca5d724b1c8ac34691586cdda1'},
               'VoiceRss': { 'language': 'en-gb',
                             'preprocessing': '/mnt/h/jurcicek/vystadial-git-prd/alex/resources/tts/prep_voicerss_en.cfg',
                             'tempo': 1.0},
               'debug': True,
               'in_between_segments_silence': 0.05,
               'type': 'SpeechTech'},
      'VAD': { 'debug': False,
               'decision_frames_sil': 25,
               'decision_frames_speech': 10,
               'decision_non_speech_threshold': 0.2,
               'decision_speech_threshold': 0.7,
               'gmm': { 'ceplifter': 22,
                        'enormalise': True,
                        'filter_length': 5,
                        'frameshift': 160,
                        'framesize': 512,
                        'frontend': 'MFCC',
                        'hifreq': 3800,
                        'lofreq': 125,
                        'numceps': 12,
                        'numchans': 26,
                        'preemcoef': 0.97,
                        'sil_model': '/mnt/h/jurcicek/vystadial-git-prd/alex/resources/vad/voip_en/vad_sil_sds_mfcc_m064_f100000.gmm',
                        'speech_model': '/mnt/h/jurcicek/vystadial-git-prd/alex/resources/vad/voip_en/vad_speech_sds_mfcc_m064_f100000.gmm',
                        'useacc': True,
                        'usec0': False,
                        'usecmn': False,
                        'usedelta': True,
                        'usehamming': True,
                        'usepower': True,
                        'zmeansource': True},
               'power': { 'adaptation_frames': 30, 'threshold': 70, 'threshold_multiplier': 1.0},
               'speech_buffer_frames': 20,
               'type': 'gmm'},
      'VoipHub': { 'blacklist_for': 7200,
                   'call_db': u'/net/projects/vystadial/data/call-logs/2013-05-30-alex-aotb-prototype/new/call_db.pckl',
                   'hard_time_limit': 360,
                   'hard_turn_limit': 120,
                   'history_length': 1000,
                   'last_period_max_num_calls': 20,
                   'last_period_max_total_time': 1800,
                   'limit_reached_message': u'D\u011bkujeme za zavol\xe1n\xed, ale u\u017e jste volali hodn\u011b. Pros\xedm zavolejte pozd\u011bji. Na shledanou.',
                   'period': 172800,
                   'pid_file': u'/net/projects/vystadial/data/call-logs/2013-05-30-alex-aotb-prototype/new/vhub_live.pid',
                   'wait_time_before_calling_back': 10},
      'VoipIO': { 'allowed_hosts': '',
                  'allowed_phone_numbers': '(^[234567])',
                  'allowed_users': '(^[234567])',
                  'debug': True,
                  'domain': 'vystadial.ms.mff.cuni.cz',
                  'forbidden_hosts': '',
                  'forbidden_phone_number': '(^112$|^150$|^155$|^156$|^158$)',
                  'forbidden_users': '(^112$|^150$|^155$|^156$|^158$)',
    # this line was removed since it included a password
                  'pjsip_log_level': 3,
                  'reject_calls': False,
                  'user': '800899998'},
      'WebHub': { 'port': 8000},
      'corpustools': { 'get_jasr_confnets': { 'frame_size': 256, 'rt_ratio': 0.2}}}

2013-09-08-20-07-05.694413-CEST  VoipIO-1   : DEBUG      
    VoipIO::on_call_confirmed

2013-09-08-20-07-05.782030-CEST  MainProcess : INFO       
    #15300  Time: 2013-09-08-20-07-05.641411-CEST From: VoipIO     To: HUB        Command: call_connecting(remote_uri="607103683") 

2013-09-08-20-07-05.793992-CEST  MainProcess : INFO       
    #15301  Time: 2013-09-08-20-07-05.695511-CEST From: VoipIO     To: HUB        Command: call_confirmed(remote_uri="607103683") 

2013-09-08-20-07-05.802024-CEST  MainProcess : INFO       
    
    ========================================================================================================================
    Incoming call from :          607103683
    ------------------------------------------------------------------------------------------------------------------------
    Total calls:                  3
    Total time (min):             4.0
    Last period total calls:      0
    Last period total time (min): 0.0
    ------------------------------------------------------------------------------------------------------------------------
    CALL ACCEPTED
    ========================================================================================================================
    

2013-09-08-20-07-05.805361-CEST  DM-5       : DEBUG      
    #15305  Time: 2013-09-08-20-07-05.799441-CEST From: HUB        To: DM         Command: new_dialogue() 

2013-09-08-20-07-05.819370-CEST  DM-5       : DEBUG      
    DM Output
    ------------------------------------------------------------
    hello()
    

2013-09-08-20-07-05.830263-CEST  MainProcess : INFO       
    #15306  Time: 2013-09-08-20-07-05.825146-CEST From: DM         To: HUB        DA: hello() 

2013-09-08-20-07-05.848295-CEST  NLG-6      : DEBUG      
    #15310  Time: 2013-09-08-20-07-05.837679-CEST From: HUB        To: NLG        DA: hello() 

2013-09-08-20-07-05.852048-CEST  NLG-6      : DEBUG      
    NLG Output
    ------------------------------------------------------------
    Dobrý den, dovolali jste se na informace o veřejné dopravě v Praze. Tato experimentální služba je poskytována laboratoří výzkumu hlasových dialogových systémů na Ústavu Formální a Aplikované Lingvistiky na Karlově Univerzitě. Hovor je nahráván. Více informací o této službě je na internetu. Jak Vám mohu pomoci. Můžete například říct chtěl bych jet ze zastávky Anděl na Zvonařku.
    

2013-09-08-20-07-05.862172-CEST  MainProcess : INFO       
    #15312  Time: 2013-09-08-20-07-05.858301-CEST From: NLG        To: HUB        Command: nlg_text_generated() 

2013-09-08-20-07-05.867877-CEST  MainProcess : INFO       
    #15314  Time: 2013-09-08-20-07-05.863279-CEST From: TTS        To: HUB        Command: tts_start(user_id="None",text="Dobrý den, dovolali jste se na informace o veřejné dopravě v Praze. Tato experimentální služba je poskytována laboratoří výzkumu hlasových dialogových systémů na Ústavu Formální a Aplikované Lingvistiky na Karlově Univerzitě. Hovor je nahráván. Více informací o této službě je na internetu. Jak Vám mohu pomoci. Můžete například říct chtěl bych jet ze zastávky Anděl na Zvonařku.") 

2013-09-08-20-07-05.880360-CEST  MainProcess : INFO       
    #15316  Time: 2013-09-08-20-07-05.866916-CEST From: VoipIO     To: HUB        Command: play_utterance_start(user_id="None",fname="tts-2013-09-08-20-07-05.859274.wav") 

2013-09-08-20-07-06.160247-CEST  MainProcess : INFO       
    #16783  Time: 2013-09-08-20-07-06.149649-CEST From: TTS        To: HUB        Command: tts_end(user_id="None",text="Dobrý den, dovolali jste se na informace o veřejné dopravě v Praze. Tato experimentální služba je poskytována laboratoří výzkumu hlasových dialogových systémů na Ústavu Formální a Aplikované Lingvistiky na Karlově Univerzitě. Hovor je nahráván. Více informací o této službě je na internetu. Jak Vám mohu pomoci. Můžete například říct chtěl bych jet ze zastávky Anděl na Zvonařku.",fname="tts-2013-09-08-20-07-05.859274.wav",log="true") 

2013-09-08-20-07-29.017662-CEST  MainProcess : INFO       
    #18184  Time: 2013-09-08-20-07-28.519843-CEST From: VoipIO     To: HUB        Command: play_utterance_end(user_id="None",fname="tts-2013-09-08-20-07-05.859274.wav) 

2013-09-08-20-07-30.889060-CEST  MainProcess : INFO       
    #18334  Time: 2013-09-08-20-07-30.885079-CEST From: VAD        To: HUB        Command: speech_start(fname="vad-2013-09-08-20-07-30.872438.wav") 

2013-09-08-20-07-30.892458-CEST  ASR-3      : DEBUG      
    ASR: speech_start(fname="vad-2013-09-08-20-07-30.872438.wav")

2013-09-08-20-07-30.903559-CEST  MainProcess : INFO       
    #18335  Time: 2013-09-08-20-07-30.886297-CEST From: ASR        To: HUB        Command: asr_start(fname="vad-2013-09-08-20-07-30.872438.wav") 

2013-09-08-20-07-34.478171-CEST  ASR-3      : DEBUG      
    ASR: speech_end(fname="vad-2013-09-08-20-07-30.872438.wav")

2013-09-08-20-07-34.481967-CEST  MainProcess : INFO       
    #18561  Time: 2013-09-08-20-07-34.474207-CEST From: VAD        To: HUB        Command: speech_end(fname="vad-2013-09-08-20-07-30.872438.wav") 

2013-09-08-20-07-35.841984-CEST  ASR-3      : DEBUG      
    ASR Hypothesis
    ------------------------------------------------------------
    0.600 chtěl bych zastávka letňanská na malostranské náměstí
    0.040 chtěl bych zastávka letňanská malostranské náměstí
    0.038 chtěl bych zastávky letňanská na malostranské náměstí
    0.036 chtěl bych zastávky letňanská malostranské náměstí
    0.034 chtěl bych zastávka lipanská na malostranské náměstí
    0.032 chtěl bych zastávka lipanská malostranské náměstí
    0.029 chtěl bych zastávka letenka na malostranské náměstí
    0.027 chtěl bych zastávky letenka na malostranské náměstí
    0.025 chtěl bych zastávka letňanská na malostranském náměstí
    0.023 chtěl bych zastávky letňanská na malostranském náměstí
    0.021 chtěl bych zastávka lipanská na malostranském náměstí
    0.019 chtěl bych zastávce letňanská na malostranské náměstí
    0.017 chtěl bych zastávce letňanská malostranské náměstí
    0.015 chtěl bych zastávku letňanská na malostranské náměstí
    0.013 chtěl bych zastávka lepenka na malostranské náměstí
    0.011 chtěl bych zastávku letňanská malostranské náměstí
    0.008 chtěl bych zastávky lepenka na malostranské náměstí
    0.006 chtěl bych zastávka letenka na malostranském náměstí
    0.004 chtěl bych zastávky letenka na malostranském náměstí
    0.002 chtěl bych zastávka letnanska na malostranské náměstí
    0.000 __other__
    

2013-09-08-20-07-35.857333-CEST  MainProcess : INFO       
    #18649  Time: 2013-09-08-20-07-35.852295-CEST From: ASR        To: HUB        Command: asr_end(fname="vad-2013-09-08-20-07-30.872438.wav") 

2013-09-08-20-07-37.494984-CEST  DM-5       : DEBUG      
    #18752  Time: 2013-09-08-20-07-37.485240-CEST From: HUB        To: DM         Command: timeout(silence_time="3.002") 

2013-09-08-20-07-37.498693-CEST  DM-5       : DEBUG      
    DDDState Dialogue Act in: silence(time="3.002")

2013-09-08-20-07-37.502238-CEST  DM-5       : DEBUG      
    Context Resolution - Dialogue Act: silence(time="3.002")

2013-09-08-20-07-37.505493-CEST  DM-5       : DEBUG      
    DDDState - Dialogue state content:
    
    ludait = silence
    silence_time = 3.002
    
    
    
    

2013-09-08-20-07-37.508855-CEST  DM-5       : DEBUG      
    DDDState - Dialogue state update
    
    Requested slots:
    {}
    Confirmed slots:
    {}
    Non-informed slots:
    {u'silence_time': 3.002}

2013-09-08-20-07-37.512652-CEST  DM-5       : DEBUG      
    DM Output
    ------------------------------------------------------------
    silence()
    

2013-09-08-20-07-37.546759-CEST  MainProcess : INFO       
    #18757  Time: 2013-09-08-20-07-37.542402-CEST From: DM         To: HUB        DA: silence() 

2013-09-08-20-07-37.614662-CEST  SLU-4      : DEBUG      
    SLU Hypothesis
    ------------------------------------------------------------
    0.920 inform(to_stop="Malostranské náměstí")
    0.823 inform(from_stop="Letňanská")
    0.086 inform(from_stop="Lipanská")
    0.011 other()
    

2013-09-08-20-07-37.633772-CEST  MainProcess : INFO       
    #18762  Time: 2013-09-08-20-07-37.629358-CEST From: SLU        To: HUB        Command: slu_parsed(fname="vad-2013-09-08-20-07-30.872438.wav") 

2013-09-08-20-07-37.638401-CEST  DM-5       : DEBUG      
    DDDState Dialogue Act in: inform(to_stop="Malostranské náměstí")&inform(from_stop="Letňanská")

2013-09-08-20-07-37.641966-CEST  DM-5       : DEBUG      
    Context Resolution - Dialogue Act: inform(to_stop="Malostranské náměstí")&inform(from_stop="Letňanská")

2013-09-08-20-07-37.645458-CEST  DM-5       : DEBUG      
    DDDState - Dialogue state content:
    
    ludait = none
    from_stop = Letňanská
    silence_time = 0.0
    to_stop = Malostranské náměstí
    
    
    
    

2013-09-08-20-07-37.648898-CEST  DM-5       : DEBUG      
    DDDState - Dialogue state update
    
    Requested slots:
    {}
    Confirmed slots:
    {}
    Non-informed slots:
    {u'to_stop': u'Malostransk\xe9 n\xe1m\u011bst\xed', u'silence_time': 0.0, u'from_stop': u'Let\u0148ansk\xe1'}

2013-09-08-20-07-37.901733-CEST  DM-5       : DEBUG      
    DM Output
    ------------------------------------------------------------
    iconfirm(to_stop="Malostranské náměstí")&iconfirm(from_stop="Letňanská")&inform(found_directions="true")&inform(alternative="1")&inform(vehicle="BUS")&inform(line="201")&inform(go_at="08:20")&inform(enter_at="Letňanská")&inform(headsign="Nádraží Holešovice")&inform(exit_at="Nádraží Holešovice")&inform(transfer="true")&inform(vehicle="TRAM")&inform(line="12")&inform(go_at="08:45")&inform(enter_at="Nádraží Holešovice")&inform(headsign="Sídliště Barrandov")&inform(exit_at="Malostranské náměstí")
    

2013-09-08-20-07-37.937920-CEST  MainProcess : INFO       
    #18784  Time: 2013-09-08-20-07-37.932812-CEST From: DM         To: HUB        DA: iconfirm(to_stop="Malostranské náměstí")&iconfirm(from_stop="Letňanská")&inform(found_directions="true")&inform(alternative="1")&inform(vehicle="BUS")&inform(line="201")&inform(go_at="08:20")&inform(enter_at="Letňanská")&inform(headsign="Nádraží Holešovice")&inform(exit_at="Nádraží Holešovice")&inform(transfer="true")&inform(vehicle="TRAM")&inform(line="12")&inform(go_at="08:45")&inform(enter_at="Nádraží Holešovice")&inform(headsign="Sídliště Barrandov")&inform(exit_at="Malostranské náměstí") 

2013-09-08-20-07-37.953278-CEST  NLG-6      : DEBUG      
    #18785  Time: 2013-09-08-20-07-37.947508-CEST From: HUB        To: NLG        DA: iconfirm(to_stop="Malostranské náměstí")&iconfirm(from_stop="Letňanská")&inform(found_directions="true")&inform(alternative="1")&inform(vehicle="BUS")&inform(line="201")&inform(go_at="08:20")&inform(enter_at="Letňanská")&inform(headsign="Nádraží Holešovice")&inform(exit_at="Nádraží Holešovice")&inform(transfer="true")&inform(vehicle="TRAM")&inform(line="12")&inform(go_at="08:45")&inform(enter_at="Nádraží Holešovice")&inform(headsign="Sídliště Barrandov")&inform(exit_at="Malostranské náměstí") 

2013-09-08-20-07-38.446295-CEST  NLG-6      : DEBUG      
    NLG Output
    ------------------------------------------------------------
    Do zastávky Malostranské náměstí. Chcete jet ze zastávky Letňanská. Našla jsem následující spojení. Možnost první. Jeďte autobusem číslo 201 v 08:20 ze zastávky Letňanská směrem Nádraží Holešovice. Vystupte na zastávce Nádraží Holešovice. A pak přestupte. Jeďte tramvají číslo 12 v 08:45 ze zastávky Nádraží Holešovice směrem Sídliště Barrandov. Vystupte na zastávce Malostranské náměstí.
    

2013-09-08-20-07-38.477633-CEST  MainProcess : INFO       
    #18819  Time: 2013-09-08-20-07-38.472772-CEST From: NLG        To: HUB        Command: nlg_text_generated() 

2013-09-08-20-07-38.481989-CEST  MainProcess : INFO       
    #18822  Time: 2013-09-08-20-07-38.474711-CEST From: TTS        To: HUB        Command: tts_start(user_id="None",text="Do zastávky Malostranské náměstí. Chcete jet ze zastávky Letňanská. Našla jsem následující spojení. Možnost první. Jeďte autobusem číslo 201 v 08:20 ze zastávky Letňanská směrem Nádraží Holešovice. Vystupte na zastávce Nádraží Holešovice. A pak přestupte. Jeďte tramvají číslo 12 v 08:45 ze zastávky Nádraží Holešovice směrem Sídliště Barrandov. Vystupte na zastávce Malostranské náměstí.") 

2013-09-08-20-07-38.504915-CEST  MainProcess : INFO       
    #18825  Time: 2013-09-08-20-07-38.480258-CEST From: VoipIO     To: HUB        Command: play_utterance_start(user_id="None",fname="tts-2013-09-08-20-07-38.474511.wav") 

2013-09-08-20-07-42.544581-CEST  MainProcess : INFO       
    #20854  Time: 2013-09-08-20-07-42.538193-CEST From: TTS        To: HUB        Command: tts_end(user_id="None",text="Do zastávky Malostranské náměstí. Chcete jet ze zastávky Letňanská. Našla jsem následující spojení. Možnost první. Jeďte autobusem číslo 201 v 08:20 ze zastávky Letňanská směrem Nádraží Holešovice. Vystupte na zastávce Nádraží Holešovice. A pak přestupte. Jeďte tramvají číslo 12 v 08:45 ze zastávky Nádraží Holešovice směrem Sídliště Barrandov. Vystupte na zastávce Malostranské náměstí.",fname="tts-2013-09-08-20-07-38.474511.wav",log="true") 

2013-09-08-20-08-06.781353-CEST  MainProcess : INFO       
    #22363  Time: 2013-09-08-20-08-06.665910-CEST From: VoipIO     To: HUB        Command: play_utterance_end(user_id="None",fname="tts-2013-09-08-20-07-38.474511.wav) 

2013-09-08-20-08-09.787236-CEST  DM-5       : DEBUG      
    #22560  Time: 2013-09-08-20-08-09.783296-CEST From: HUB        To: DM         Command: timeout(silence_time="3.001") 

2013-09-08-20-08-09.791581-CEST  DM-5       : DEBUG      
    DDDState Dialogue Act in: silence(time="3.001")

2013-09-08-20-08-09.795682-CEST  DM-5       : DEBUG      
    Context Resolution - Dialogue Act: silence(time="3.001")

2013-09-08-20-08-09.801570-CEST  DM-5       : DEBUG      
    DDDState - Dialogue state content:
    
    ludait = silence
    alternative = none
    from_stop = Letňanská
    route_alternative = 0
    silence_time = 3.001
    time = none
    to_stop = Malostranské náměstí
    
    rh_alternative = system-informed
    rh_enter_at = system-informed
    rh_exit_at = system-informed
    rh_found_directions = system-informed
    rh_from_stop = system-informed
    rh_go_at = system-informed
    rh_headsign = system-informed
    rh_line = system-informed
    rh_to_stop = system-informed
    rh_transfer = system-informed
    rh_vehicle = system-informed
    
    ch_alternative = system-informed
    ch_enter_at = system-informed
    ch_exit_at = system-informed
    ch_found_directions = system-informed
    ch_from_stop = system-informed
    ch_go_at = system-informed
    ch_headsign = system-informed
    ch_line = system-informed
    ch_to_stop = system-informed
    ch_transfer = system-informed
    ch_vehicle = system-informed
    
    sh_alternative = system-informed
    sh_enter_at = system-informed
    sh_exit_at = system-informed
    sh_found_directions = system-informed
    sh_from_stop = system-informed
    sh_go_at = system-informed
    sh_headsign = system-informed
    sh_line = system-informed
    sh_to_stop = system-informed
    sh_transfer = system-informed
    sh_vehicle = system-informed
    

2013-09-08-20-08-09.806237-CEST  DM-5       : DEBUG      
    DDDState - Dialogue state update
    
    Requested slots:
    {}
    Confirmed slots:
    {}
    Non-informed slots:
    {u'route_alternative': 0, u'silence_time': 3.001}

2013-09-08-20-08-09.810177-CEST  DM-5       : DEBUG      
    DM Output
    ------------------------------------------------------------
    silence()
    

2013-09-08-20-08-09.860514-CEST  MainProcess : INFO       
    #22565  Time: 2013-09-08-20-08-09.855127-CEST From: DM         To: HUB        DA: silence() 

2013-09-08-20-08-09.947877-CEST  ASR-3      : DEBUG      
    ASR: speech_start(fname="vad-2013-09-08-20-08-09.902008.wav")

2013-09-08-20-08-09.952042-CEST  MainProcess : INFO       
    #22571  Time: 2013-09-08-20-08-09.938871-CEST From: VAD        To: HUB        Command: speech_start(fname="vad-2013-09-08-20-08-09.902008.wav") 

2013-09-08-20-08-09.956586-CEST  MainProcess : INFO       
    #22572  Time: 2013-09-08-20-08-09.939113-CEST From: ASR        To: HUB        Command: asr_start(fname="vad-2013-09-08-20-08-09.902008.wav") 

2013-09-08-20-08-10.775564-CEST  MainProcess : INFO       
    #22626  Time: 2013-09-08-20-08-10.771061-CEST From: VAD        To: HUB        Command: speech_end(fname="vad-2013-09-08-20-08-09.902008.wav") 

2013-09-08-20-08-10.779362-CEST  ASR-3      : DEBUG      
    ASR: speech_end(fname="vad-2013-09-08-20-08-09.902008.wav")

2013-09-08-20-08-11.266591-CEST  ASR-3      : DEBUG      
    ASR Hypothesis
    ------------------------------------------------------------
    0.413 dalším
    0.235 další
    0.176 košín
    0.117 zkouším
    0.059 ruším
    0.000 __other__
    

2013-09-08-20-08-11.303238-CEST  MainProcess : INFO       
    #22659  Time: 2013-09-08-20-08-11.295495-CEST From: ASR        To: HUB        Command: asr_end(fname="vad-2013-09-08-20-08-09.902008.wav") 

2013-09-08-20-08-11.585153-CEST  SLU-4      : DEBUG      
    SLU Hypothesis
    ------------------------------------------------------------
    0.765 other()
    0.235 reqalts()
    

2013-09-08-20-08-11.640610-CEST  MainProcess : INFO       
    #22685  Time: 2013-09-08-20-08-11.635078-CEST From: SLU        To: HUB        Command: slu_parsed(fname="vad-2013-09-08-20-08-09.902008.wav") 

2013-09-08-20-08-11.644033-CEST  DM-5       : DEBUG      
    DDDState Dialogue Act in: other()

2013-09-08-20-08-11.648070-CEST  DM-5       : DEBUG      
    Context Resolution - Dialogue Act: other()

2013-09-08-20-08-11.653778-CEST  DM-5       : DEBUG      
    DDDState - Dialogue state content:
    
    ludait = other
    alternative = none
    from_stop = Letňanská
    route_alternative = 0
    silence_time = 0.0
    time = none
    to_stop = Malostranské náměstí
    
    rh_alternative = system-informed
    rh_enter_at = system-informed
    rh_exit_at = system-informed
    rh_found_directions = system-informed
    rh_from_stop = system-informed
    rh_go_at = system-informed
    rh_headsign = system-informed
    rh_line = system-informed
    rh_to_stop = system-informed
    rh_transfer = system-informed
    rh_vehicle = system-informed
    
    ch_alternative = system-informed
    ch_enter_at = system-informed
    ch_exit_at = system-informed
    ch_found_directions = system-informed
    ch_from_stop = system-informed
    ch_go_at = system-informed
    ch_headsign = system-informed
    ch_line = system-informed
    ch_to_stop = system-informed
    ch_transfer = system-informed
    ch_vehicle = system-informed
    
    sh_alternative = system-informed
    sh_enter_at = system-informed
    sh_exit_at = system-informed
    sh_found_directions = system-informed
    sh_from_stop = system-informed
    sh_go_at = system-informed
    sh_headsign = system-informed
    sh_line = system-informed
    sh_to_stop = system-informed
    sh_transfer = system-informed
    sh_vehicle = system-informed
    

2013-09-08-20-08-11.658070-CEST  DM-5       : DEBUG      
    DDDState - Dialogue state update
    
    Requested slots:
    {}
    Confirmed slots:
    {}
    Non-informed slots:
    {u'route_alternative': 0, u'silence_time': 0.0}

2013-09-08-20-08-11.729360-CEST  DM-5       : DEBUG      
    DM Output
    ------------------------------------------------------------
    notunderstood()&help(request="to_stop")
    

2013-09-08-20-08-11.769004-CEST  MainProcess : INFO       
    #22695  Time: 2013-09-08-20-08-11.765477-CEST From: DM         To: HUB        DA: notunderstood()&help(request="to_stop") 

2013-09-08-20-08-11.775747-CEST  NLG-6      : DEBUG      
    #22696  Time: 2013-09-08-20-08-11.771342-CEST From: HUB        To: NLG        DA: notunderstood()&help(request="to_stop") 

2013-09-08-20-08-11.780819-CEST  NLG-6      : DEBUG      
    NLG Output
    ------------------------------------------------------------
    Nerozuměla jsem. Můžete se například zeptat kam jede nabídnutý spoj.
    

2013-09-08-20-08-11.810817-CEST  MainProcess : INFO       
    #22697  Time: 2013-09-08-20-08-11.808047-CEST From: NLG        To: HUB        Command: nlg_text_generated() 

2013-09-08-20-08-11.828953-CEST  MainProcess : INFO       
    #22699  Time: 2013-09-08-20-08-11.811785-CEST From: TTS        To: HUB        Command: tts_start(user_id="None",text="Nerozuměla jsem. Můžete se například zeptat kam jede nabídnutý spoj.") 

2013-09-08-20-08-11.856251-CEST  MainProcess : INFO       
    #22701  Time: 2013-09-08-20-08-11.814935-CEST From: VoipIO     To: HUB        Command: play_utterance_start(user_id="None",fname="tts-2013-09-08-20-08-11.810221.wav") 

2013-09-08-20-08-11.969972-CEST  MainProcess : INFO       
    #22984  Time: 2013-09-08-20-08-11.963363-CEST From: TTS        To: HUB        Command: tts_end(user_id="None",text="Nerozuměla jsem. Můžete se například zeptat kam jede nabídnutý spoj.",fname="tts-2013-09-08-20-08-11.810221.wav",log="true") 

2013-09-08-20-08-16.121195-CEST  MainProcess : INFO       
    #23225  Time: 2013-09-08-20-08-15.842587-CEST From: VoipIO     To: HUB        Command: play_utterance_end(user_id="None",fname="tts-2013-09-08-20-08-11.810221.wav) 

2013-09-08-20-08-18.370231-CEST  MainProcess : INFO       
    #23387  Time: 2013-09-08-20-08-18.363151-CEST From: VAD        To: HUB        Command: speech_start(fname="vad-2013-09-08-20-08-18.048501.wav") 

2013-09-08-20-08-18.374846-CEST  ASR-3      : DEBUG      
    ASR: speech_start(fname="vad-2013-09-08-20-08-18.048501.wav")

2013-09-08-20-08-18.378726-CEST  MainProcess : INFO       
    #23388  Time: 2013-09-08-20-08-18.364821-CEST From: ASR        To: HUB        Command: asr_start(fname="vad-2013-09-08-20-08-18.048501.wav") 

2013-09-08-20-08-19.215879-CEST  ASR-3      : DEBUG      
    ASR: speech_end(fname="vad-2013-09-08-20-08-18.048501.wav")

2013-09-08-20-08-19.223563-CEST  MainProcess : INFO       
    #23442  Time: 2013-09-08-20-08-19.212396-CEST From: VAD        To: HUB        Command: speech_end(fname="vad-2013-09-08-20-08-18.048501.wav") 

2013-09-08-20-08-19.655545-CEST  ASR-3      : DEBUG      
    ASR Hypothesis
    ------------------------------------------------------------
    0.933 další spojení
    0.019 další spojení s
    0.016 další spojení i
    0.013 další spojení a
    0.010 další spo jení i
    0.006 další spojením i
    0.003 další spojení a i
    0.000 __other__
    

2013-09-08-20-08-19.684270-CEST  MainProcess : INFO       
    #23471  Time: 2013-09-08-20-08-19.680272-CEST From: ASR        To: HUB        Command: asr_end(fname="vad-2013-09-08-20-08-18.048501.wav") 

2013-09-08-20-08-20.304017-CEST  SLU-4      : DEBUG      
    SLU Hypothesis
    ------------------------------------------------------------
    0.984 inform(alternative="next")
    0.016 reqalts()
    

2013-09-08-20-08-20.338572-CEST  MainProcess : INFO       
    #23515  Time: 2013-09-08-20-08-20.333051-CEST From: SLU        To: HUB        Command: slu_parsed(fname="vad-2013-09-08-20-08-18.048501.wav") 

2013-09-08-20-08-20.342529-CEST  DM-5       : DEBUG      
    DDDState Dialogue Act in: inform(alternative="next")

2013-09-08-20-08-20.346620-CEST  DM-5       : DEBUG      
    Context Resolution - Dialogue Act: inform(alternative="next")

2013-09-08-20-08-20.350979-CEST  DM-5       : DEBUG      
    DDDState - Dialogue state content:
    
    ludait = none
    alternative = next
    from_stop = Letňanská
    route_alternative = 0
    silence_time = 0.0
    time = none
    to_stop = Malostranské náměstí
    
    rh_alternative = system-informed
    rh_enter_at = system-informed
    rh_exit_at = system-informed
    rh_found_directions = system-informed
    rh_from_stop = system-informed
    rh_go_at = system-informed
    rh_headsign = system-informed
    rh_line = system-informed
    rh_to_stop = system-informed
    rh_transfer = system-informed
    rh_vehicle = system-informed
    
    ch_alternative = system-informed
    ch_enter_at = system-informed
    ch_exit_at = system-informed
    ch_found_directions = system-informed
    ch_from_stop = system-informed
    ch_go_at = system-informed
    ch_headsign = system-informed
    ch_line = system-informed
    ch_to_stop = system-informed
    ch_transfer = system-informed
    ch_vehicle = system-informed
    
    sh_alternative = system-informed
    sh_enter_at = system-informed
    sh_exit_at = system-informed
    sh_found_directions = system-informed
    sh_from_stop = system-informed
    sh_go_at = system-informed
    sh_headsign = system-informed
    sh_line = system-informed
    sh_to_stop = system-informed
    sh_transfer = system-informed
    sh_vehicle = system-informed
    

2013-09-08-20-08-20.355664-CEST  DM-5       : DEBUG      
    DDDState - Dialogue state update
    
    Requested slots:
    {}
    Confirmed slots:
    {}
    Non-informed slots:
    {u'route_alternative': 0, u'silence_time': 0.0}

2013-09-08-20-08-20.580751-CEST  DM-5       : DEBUG      
    DM Output
    ------------------------------------------------------------
    inform(found_directions="next")&inform(alternative="2")&inform(vehicle="SUBWAY")&inform(line="C")&inform(go_at="08:25")&inform(enter_at="Prosek")&inform(headsign="Háje")&inform(exit_at="Nádraží Holešovice")&inform(transfer="true")&inform(vehicle="TRAM")&inform(line="12")&inform(go_at="08:45")&inform(enter_at="Nádraží Holešovice")&inform(headsign="Sídliště Barrandov")&inform(exit_at="Malostranské náměstí")
    

2013-09-08-20-08-20.628566-CEST  MainProcess : INFO       
    #23535  Time: 2013-09-08-20-08-20.623470-CEST From: DM         To: HUB        DA: inform(found_directions="next")&inform(alternative="2")&inform(vehicle="SUBWAY")&inform(line="C")&inform(go_at="08:25")&inform(enter_at="Prosek")&inform(headsign="Háje")&inform(exit_at="Nádraží Holešovice")&inform(transfer="true")&inform(vehicle="TRAM")&inform(line="12")&inform(go_at="08:45")&inform(enter_at="Nádraží Holešovice")&inform(headsign="Sídliště Barrandov")&inform(exit_at="Malostranské náměstí") 

2013-09-08-20-08-20.635662-CEST  NLG-6      : DEBUG      
    #23536  Time: 2013-09-08-20-08-20.630187-CEST From: HUB        To: NLG        DA: inform(found_directions="next")&inform(alternative="2")&inform(vehicle="SUBWAY")&inform(line="C")&inform(go_at="08:25")&inform(enter_at="Prosek")&inform(headsign="Háje")&inform(exit_at="Nádraží Holešovice")&inform(transfer="true")&inform(vehicle="TRAM")&inform(line="12")&inform(go_at="08:45")&inform(enter_at="Nádraží Holešovice")&inform(headsign="Sídliště Barrandov")&inform(exit_at="Malostranské náměstí") 

2013-09-08-20-08-21.032822-CEST  NLG-6      : DEBUG      
    NLG Output
    ------------------------------------------------------------
    Následující spojení. Možnost druhá. Jeďte metrem C v 08:25 ze zastávky Prosek směrem Háje. Vystupte na zastávce Nádraží Holešovice. A pak přestupte. Jeďte tramvají číslo 12 v 08:45 ze zastávky Nádraží Holešovice směrem Sídliště Barrandov. Vystupte na zastávce Malostranské náměstí.
    

2013-09-08-20-08-21.074751-CEST  MainProcess : INFO       
    #23565  Time: 2013-09-08-20-08-21.071222-CEST From: NLG        To: HUB        Command: nlg_text_generated() 

2013-09-08-20-08-21.081468-CEST  MainProcess : INFO       
    #23567  Time: 2013-09-08-20-08-21.075937-CEST From: TTS        To: HUB        Command: tts_start(user_id="None",text="Následující spojení. Možnost druhá. Jeďte metrem C v 08:25 ze zastávky Prosek směrem Háje. Vystupte na zastávce Nádraží Holešovice. A pak přestupte. Jeďte tramvají číslo 12 v 08:45 ze zastávky Nádraží Holešovice směrem Sídliště Barrandov. Vystupte na zastávce Malostranské náměstí.") 

2013-09-08-20-08-21.127066-CEST  MainProcess : INFO       
    #23569  Time: 2013-09-08-20-08-21.078998-CEST From: VoipIO     To: HUB        Command: play_utterance_start(user_id="None",fname="tts-2013-09-08-20-08-21.071800.wav") 

2013-09-08-20-08-22.786349-CEST  MainProcess : INFO       
    #25004  Time: 2013-09-08-20-08-22.779157-CEST From: TTS        To: HUB        Command: tts_end(user_id="None",text="Následující spojení. Možnost druhá. Jeďte metrem C v 08:25 ze zastávky Prosek směrem Háje. Vystupte na zastávce Nádraží Holešovice. A pak přestupte. Jeďte tramvají číslo 12 v 08:45 ze zastávky Nádraží Holešovice směrem Sídliště Barrandov. Vystupte na zastávce Malostranské náměstí.",fname="tts-2013-09-08-20-08-21.071800.wav",log="true") 

2013-09-08-20-08-42.297028-CEST  MainProcess : INFO       
    #26173  Time: 2013-09-08-20-08-41.467230-CEST From: VoipIO     To: HUB        Command: play_utterance_end(user_id="None",fname="tts-2013-09-08-20-08-21.071800.wav) 

2013-09-08-20-08-43.668085-CEST  ASR-3      : DEBUG      
    ASR: speech_start(fname="vad-2013-09-08-20-08-43.585596.wav")

2013-09-08-20-08-43.671399-CEST  MainProcess : INFO       
    #26311  Time: 2013-09-08-20-08-43.664419-CEST From: VAD        To: HUB        Command: speech_start(fname="vad-2013-09-08-20-08-43.585596.wav") 

2013-09-08-20-08-43.677912-CEST  MainProcess : INFO       
    #26312  Time: 2013-09-08-20-08-43.665314-CEST From: ASR        To: HUB        Command: asr_start(fname="vad-2013-09-08-20-08-43.585596.wav") 

2013-09-08-20-08-45.215714-CEST  ASR-3      : DEBUG      
    ASR: speech_end(fname="vad-2013-09-08-20-08-43.585596.wav")

2013-09-08-20-08-45.222390-CEST  MainProcess : INFO       
    #26410  Time: 2013-09-08-20-08-45.212346-CEST From: VAD        To: HUB        Command: speech_end(fname="vad-2013-09-08-20-08-43.585596.wav") 

2013-09-08-20-08-45.610357-CEST  ASR-3      : DEBUG      
    ASR Hypothesis
    ------------------------------------------------------------
    0.766 děkuji nashledanou
    0.078 děkuju nashledanou
    0.062 děkuji na shledanou
    0.047 děkuji naschledanou
    0.031 děkuji a nashledanou
    0.016 děkuju na shledanou
    0.000 __other__
    

2013-09-08-20-08-45.687805-CEST  MainProcess : INFO       
    #26441  Time: 2013-09-08-20-08-45.676754-CEST From: ASR        To: HUB        Command: asr_end(fname="vad-2013-09-08-20-08-43.585596.wav") 

2013-09-08-20-08-46.303841-CEST  SLU-4      : DEBUG      
    SLU Hypothesis
    ------------------------------------------------------------
    1.000 thankyou()
    1.000 bye()
    

2013-09-08-20-08-46.353032-CEST  MainProcess : INFO       
    #26485  Time: 2013-09-08-20-08-46.349021-CEST From: SLU        To: HUB        Command: slu_parsed(fname="vad-2013-09-08-20-08-43.585596.wav") 

2013-09-08-20-08-46.356984-CEST  DM-5       : DEBUG      
    DDDState Dialogue Act in: thankyou()&bye()

2013-09-08-20-08-46.360777-CEST  DM-5       : DEBUG      
    Context Resolution - Dialogue Act: thankyou()&bye()

2013-09-08-20-08-46.365418-CEST  DM-5       : DEBUG      
    DDDState - Dialogue state content:
    
    ludait = bye
    alternative = none
    from_stop = Letňanská
    route_alternative = 1
    silence_time = 0.0
    time = none
    to_stop = Malostranské náměstí
    
    rh_alternative = system-informed
    rh_enter_at = system-informed
    rh_exit_at = system-informed
    rh_found_directions = system-informed
    rh_from_stop = system-informed
    rh_go_at = system-informed
    rh_headsign = system-informed
    rh_line = system-informed
    rh_to_stop = system-informed
    rh_transfer = system-informed
    rh_vehicle = system-informed
    
    ch_alternative = system-informed
    ch_enter_at = system-informed
    ch_exit_at = system-informed
    ch_found_directions = system-informed
    ch_from_stop = system-informed
    ch_go_at = system-informed
    ch_headsign = system-informed
    ch_line = system-informed
    ch_to_stop = system-informed
    ch_transfer = system-informed
    ch_vehicle = system-informed
    
    sh_alternative = system-informed
    sh_enter_at = system-informed
    sh_exit_at = system-informed
    sh_found_directions = system-informed
    sh_from_stop = system-informed
    sh_go_at = system-informed
    sh_headsign = system-informed
    sh_line = system-informed
    sh_to_stop = system-informed
    sh_transfer = system-informed
    sh_vehicle = system-informed
    

2013-09-08-20-08-46.369478-CEST  DM-5       : DEBUG      
    DDDState - Dialogue state update
    
    Requested slots:
    {}
    Confirmed slots:
    {}
    Non-informed slots:
    {u'route_alternative': 1, u'silence_time': 0.0}

2013-09-08-20-08-46.527154-CEST  DM-5       : DEBUG      
    DM Output
    ------------------------------------------------------------
    bye()
    

2013-09-08-20-08-46.602165-CEST  MainProcess : INFO       
    #26503  Time: 2013-09-08-20-08-46.596879-CEST From: DM         To: HUB        DA: bye() 

2013-09-08-20-08-46.608672-CEST  NLG-6      : DEBUG      
    #26505  Time: 2013-09-08-20-08-46.603542-CEST From: HUB        To: NLG        DA: bye() 

2013-09-08-20-08-46.612350-CEST  MainProcess : INFO       
    #26504  Time: 2013-09-08-20-08-46.597166-CEST From: DM         To: HUB        Command: hangup() 

2013-09-08-20-08-46.616418-CEST  NLG-6      : DEBUG      
    NLG Output
    ------------------------------------------------------------
    Děkujeme za zavolání. Na shledanou.
    

2013-09-08-20-08-46.664598-CEST  MainProcess : INFO       
    #26510  Time: 2013-09-08-20-08-46.660376-CEST From: NLG        To: HUB        Command: nlg_text_generated() 

2013-09-08-20-08-46.668021-CEST  MainProcess : INFO       
    #26512  Time: 2013-09-08-20-08-46.661179-CEST From: TTS        To: HUB        Command: tts_start(user_id="None",text="Děkujeme za zavolání. Na shledanou.") 

2013-09-08-20-08-46.717535-CEST  MainProcess : INFO       
    #26514  Time: 2013-09-08-20-08-46.663502-CEST From: VoipIO     To: HUB        Command: play_utterance_start(user_id="None",fname="tts-2013-09-08-20-08-46.661008.wav") 

2013-09-08-20-08-46.797037-CEST  MainProcess : INFO       
    #26689  Time: 2013-09-08-20-08-46.783356-CEST From: TTS        To: HUB        Command: tts_end(user_id="None",text="Děkujeme za zavolání. Na shledanou.",fname="tts-2013-09-08-20-08-46.661008.wav",log="true") 

2013-09-08-20-08-49.337513-CEST  MainProcess : INFO       
    #26826  Time: 2013-09-08-20-08-48.952237-CEST From: VoipIO     To: HUB        Command: play_utterance_end(user_id="None",fname="tts-2013-09-08-20-08-46.661008.wav) 

2013-09-08-20-08-51.345345-CEST  VoipIO-1   : DEBUG      
    #26975  Time: 2013-09-08-20-08-51.340675-CEST From: HUB        To: VoipIO     Command: hangup() 

2013-09-08-20-08-51.349289-CEST  VoipIO-1   : DEBUG      
    Hangup the call

2013-09-08-20-08-51.401853-CEST  VoipIO-1   : DEBUG      
    CallCallback::on_state : Call with "607103683" <sip:607103683@195.113.20.160> is DISCONNCTD last code = 603 ()

2013-09-08-20-08-51.500831-CEST  VoipIO-1   : DEBUG      
    VoipIO::on_call_disconnected

2013-09-08-20-08-51.506314-CEST  MainProcess : INFO       
    #26980  Time: 2013-09-08-20-08-51.501760-CEST From: VoipIO     To: HUB        Command: call_disconnected(remote_uri="607103683") 

