2013-06-26-23-54-58.289127-CEST  VoipIO-1   : DEBUG      
    CallCallback::on_state : Call with "604607376" <sip:604607376@195.113.20.160> is CONNECTING last code = 200 (OK)

2013-06-26-23-54-58.293334-CEST  VoipIO-1   : DEBUG      
    VoipIO::on_call_connecting

2013-06-26-23-54-58.298150-CEST  VoipIO-1   : DEBUG      
    CallCallback::on_state : Call with "604607376" <sip:604607376@195.113.20.160> is CONFIRMED last code = 200 (OK)

2013-06-26-23-54-58.327652-CEST  MainProcess : SYSTEM-LOG 
    config = { 'ASR': { 'Google': { 'debug': False, 'language': 'cs', 'maxresults': 20},
               'Julius': { 'adinnetport': 5530,
                           'binary': '/usr/local/bin/julius',
                           'debug': False,
                           'hostname': 'localhost',
                           'jconf': { '-adport': '5530',
                                      '-b': '1000',
                                      '-b2': '100',
                                      '-cmnload': 'cmn.param',
                                      '-cmnmapweight': '200',
                                      '-cmnsave': 'cmn.param',
                                      '-confnet': '',
                                      '-fallback1pass': '',
                                      '-gprune': 'safe',
                                      '-h': '/mnt/h/jurcicek/vystadial-git/alex/resources/asr/voip_en/hmmdefs',
                                      '-hlist': '/mnt/h/jurcicek/vystadial-git/alex/resources/asr/voip_en/tiedlist',
                                      '-htkconf': '/mnt/h/jurcicek/vystadial-git/alex/resources/asr/voip_en/config',
                                      '-input': 'adinnet',
                                      '-iwsp': '',
                                      '-iwsppenalty': '0.0',
                                      '-lmp': '15.0 0.0',
                                      '-lmp2': '15.0 0.0',
                                      '-mapunk': 'UM',
                                      '-module': '10500',
                                      '-n': '50',
                                      '-nlr': '/mnt/h/jurcicek/vystadial-git/alex/resources/lm/caminfo/julius_arpa_bigram',
                                      '-no_ccd': '',
                                      '-nrl': '/mnt/h/jurcicek/vystadial-git/alex/resources/lm/caminfo/julius_arpa_rev_bigram',
                                      '-silhead': '<s>',
                                      '-siltail': '</s>',
                                      '-spmodel': 'sp',
                                      '-tmix': '4',
                                      '-v': '/mnt/h/jurcicek/vystadial-git/alex/resources/lm/caminfo/julius_dict'},
                           'jconffile': 'julius.jconf',
                           'killall': False,
                           'logfile': 'julius.log',
                           'msg_timeout': 0.3,
                           'pidfile': 'julius.pid',
                           'reuse_server': False,
                           'serverport': 10500,
                           'start_max_wait_time': 15,
                           'start_wait_time': 0.5,
                           'timeout': 2.0},
               'Kaldi': { 'LM_scale': -6666.66,
                          'hypothesis_type': 'nblist',
                          'lat_depth': 666666,
                          'model': 'TODO_path_to_model'},
               'debug': True,
               'type': 'Google'},
      'AlexOnTheBus': { 'max_turns': 30},
      'Analytics': Analytics(account_id='UA-41905278-1', domain_name='cuni.cz'),
      'Audio': { 'sample_rate': 16000, 'samples_per_frame': 256},
      'AudioIO': { 'debug': True, 'output_dir': './aio_call_log', 'play_buffer_size': 1024},
      'DM': { 'PUfalRuleDM': { 'code_submit_url': None,
                               'db_cfg': '/mnt/h/jurcicek/vystadial-git/alex/resources/../applications/CamInfoRest/cued_data/CIRdbase_V7_noloc.txt',
                               'ontology': '/mnt/h/jurcicek/vystadial-git/alex/resources/../applications/CamInfoRest/ontology.cfg',
                               'provide_code': False},
              'UfalRuleDM': { 'code_submit_url': None,
                              'db_cfg': '/mnt/h/jurcicek/vystadial-git/alex/resources/../applications/CamInfoRest/cued_data/CIRdbase_V7_noloc.txt',
                              'ontology': '/mnt/h/jurcicek/vystadial-git/alex/resources/../applications/CamInfoRest/ontology.cfg',
                              'provide_code': False},
              'basic': { 'debug': True},
              'debug': True,
              'dialogue_policy': { 'type': <class 'alex.applications.AlexOnTheBus.aotb_hdc_policy.AOTBHDCPolicy'>},
              'dialogue_state': { 'type': <class 'alex.components.dm.dddstate.DeterministicDiscriminativeDialogueState'>},
              'ontology': '/mnt/h/jurcicek/vystadial-git/alex/applications/AlexOnTheBus/data/ontology.py',
              'type': 'basic'},
      'General': { 'debug': False, 'include': ['/mnt/h/jurcicek/vystadial-git/alex/resources/private/default.cfg']},
      'Hub': { 'history_file': 'hub_history_hub.txt', 'history_length': 1000, 'main_loop_sleep_time': 0.002},
      'Logging': { 'session_logger': SessionLogger(),
                   'system_logger': SystemLogger(output_dir=/net/projects/vystadial/data/call-logs/2013-05-30-alex-aotb-prototype/new, stdout_log_level='DEBUG', stdout=True, file_log_level='DEBUG'),
                   'system_name': u'Alex On The Bus - Live',
                   'version': u'1.0'},
      'NLG': { 'Template': { 'model': '/mnt/h/jurcicek/vystadial-git/alex/applications/AlexOnTheBus/nlg_templates.cfg'},
               'debug': True,
               'type': 'Template'},
      'SHub': { 'history_file': 'hub_history_shub.txt', 'history_length': 1000},
      'SLU': { 'cl-tracing': { 'cldb_fname': '/mnt/h/jurcicek/vystadial-git/alex/applications/CamInfoRest/data/database.py',
                               'do_preprocessing': True,
                               'features_type': ('ngram',),
                               'testing': { 'max_examples': None,
                                            'min_perc': 80,
                                            'model_fname': '/mnt/h/jurcicek/vystadial-git/alex/applications/CamInfoRest/models/130516_minf60-minfc35-mind60.slu_model.gz',
                                            'renormalise': True,
                                            'threshold': None,
                                            'vanilla': True},
                               'training': { 'models_dir': 'models'}},
               'debug': True,
               'type': <class 'alex.applications.AlexOnTheBus.aotb_slu.AOTBSLU'>,
               <class 'alex.applications.AlexOnTheBus.aotb_slu.AOTBSLU'>: { 'cldb_fname': '/mnt/h/jurcicek/vystadial-git/alex/applications/AlexOnTheBus/data/database.py',
                                                                            'preprocessing_cls': <class 'alex.applications.AlexOnTheBus.aotb_preprocessing.AOTBSLUPreprocessing'>,
                                                                            'training': { 'models_dir': 'models'}}},
      'THub': { 'history_file': 'hub_history_thub.txt', 'history_length': 1000},
      'TTS': { 'Flite': { 'debug': False,
                          'preprocessing': '/mnt/h/jurcicek/vystadial-git/alex/resources/tts/prep_flite_en.cfg',
                          'voice': 'kal16'},
               'Google': { 'debug': False,
                           'language': 'en',
                           'preprocessing': '/mnt/h/jurcicek/vystadial-git/alex/resources/tts/prep_google_en.cfg'},
               'SpeechTech': { 'debug': True,
                               'login': 'filipjurcicek',
    # this line was removed since it included a password
                               'preprocessing': '/mnt/h/jurcicek/vystadial-git/alex/resources/tts/prep_speechtech_cs.cfg',
                               'voice': 'Iva210'},
               'VoiceRSS': { 'api_key': '3b6a9fca5d724b1c8ac34691586cdda1'},
               'VoiceRss': { 'language': 'en-gb',
                             'preprocessing': '/mnt/h/jurcicek/vystadial-git/alex/resources/tts/prep_voicerss_en.cfg'},
               'debug': True,
               'final_silence_removal_proportion': 0.8,
               'type': 'SpeechTech'},
      'VAD': { 'debug': False,
               'decision_frames_sil': 25,
               'decision_frames_speech': 10,
               'decision_non_speech_threshold': 0.2,
               'decision_speech_threshold': 0.7,
               'gmm': { 'ceplifter': 22,
                        'enormalise': True,
                        'filter_length': 5,
                        'frameshift': 160,
                        'framesize': 512,
                        'frontend': 'MFCC',
                        'hifreq': 3800,
                        'lofreq': 125,
                        'numceps': 12,
                        'numchans': 26,
                        'preemcoef': 0.97,
                        'sil_model': '/mnt/h/jurcicek/vystadial-git/alex/resources/vad/voip_en/vad_sil_sds_mfcc_m064_f100000.gmm',
                        'speech_model': '/mnt/h/jurcicek/vystadial-git/alex/resources/vad/voip_en/vad_speech_sds_mfcc_m064_f100000.gmm',
                        'useacc': True,
                        'usec0': False,
                        'usecmn': False,
                        'usedelta': True,
                        'usehamming': True,
                        'usepower': True,
                        'zmeansource': True},
               'power': { 'adaptation_frames': 30, 'threshold': 70, 'threshold_multiplier': 1.0},
               'speech_buffer_frames': 20,
               'type': 'gmm'},
      'VoipHub': { 'blacklist_for': 7200,
                   'call_db': u'/net/projects/vystadial/data/call-logs/2013-05-30-alex-aotb-prototype/new/call_db.pckl',
                   'hard_time_limit': 360,
                   'hard_turn_limit': 40,
                   'history_length': 1000,
                   'last_period_max_num_calls': 20,
                   'last_period_max_total_time': 1800,
                   'limit_reached_message': u'D\u011bkujeme za zavol\xe1n\xed, ale u\u017e jste volali hodn\u011b. Pros\xedm zavolejte pozd\u011bji. Na shledanou.',
                   'period': 172800,
                   'pid_file': u'/net/projects/vystadial/data/call-logs/2013-05-30-alex-aotb-prototype/new/vhub_live.pid',
                   'wait_time_before_calling_back': 10},
      'VoipIO': { 'allowed_hosts': '',
                  'allowed_phone_numbers': '(^[234567])',
                  'allowed_users': '(^[234567])',
                  'debug': True,
                  'domain': 'vystadial.ms.mff.cuni.cz',
                  'forbidden_hosts': '',
                  'forbidden_phone_number': '(^112$|^150$|^155$|^156$|^158$)',
                  'forbidden_users': '(^112$|^150$|^155$|^156$|^158$)',
    # this line was removed since it included a password
                  'pjsip_log_level': 3,
                  'reject_calls': False,
                  'user': '800899998'},
      'WebHub': { 'port': 8000},
      'corpustools': { 'get_jasr_confnets': { 'frame_size': 256, 'rt_ratio': 0.2}}}
    

2013-06-26-23-54-58.346452-CEST  VoipIO-1   : DEBUG      
    VoipIO::on_call_confirmed

2013-06-26-23-54-58.445091-CEST  MainProcess : INFO       
    #25478  Time: 2013-06-26-23-54-58.294650-CEST From: VoipIO     To: HUB        Command: call_connecting(remote_uri="604607376") 

2013-06-26-23-54-58.453472-CEST  MainProcess : INFO       
    #25479  Time: 2013-06-26-23-54-58.348318-CEST From: VoipIO     To: HUB        Command: call_confirmed(remote_uri="604607376") 

2013-06-26-23-54-58.460553-CEST  MainProcess : INFO       
    
    ========================================================================================================================
    Incoming call from :          604607376
    ------------------------------------------------------------------------------------------------------------------------
    Total calls:                  2
    Total time (min):             2.0
    Last period total calls:      2
    Last period total time (min): 2.0
    ------------------------------------------------------------------------------------------------------------------------
    CALL ACCEPTED
    ========================================================================================================================
    

2013-06-26-23-54-58.464951-CEST  DM-5       : DEBUG      
    #25483  Time: 2013-06-26-23-54-58.457647-CEST From: HUB        To: DM         Command: new_dialogue() 

2013-06-26-23-54-58.469600-CEST  DM-5       : DEBUG      
    DM Output
    ------------------------------------------------------------
    hello()
    

2013-06-26-23-54-58.518952-CEST  MainProcess : INFO       
    #25489  Time: 2013-06-26-23-54-58.514880-CEST From: DM         To: HUB        Command: dm_da_generated() 

2013-06-26-23-54-58.523413-CEST  NLG-6      : DEBUG      
    NLG Output
    ------------------------------------------------------------
    Dobrý den, dovolali jste se na informace o veřejné dopravě v Praze. Tato experimentální služba je poskytována laboratoří výzkumu hlasových dialogových systémů na Ústavu Formální a Aplikované Lingvistiky na Karlově Univerzitě. Hovor je nahráván. Více informací o této službě je na internetu. Jak Vám mohu pomoci. Můžete například říct chtěla bych jet na Zličín.
    

2013-06-26-23-54-58.536316-CEST  MainProcess : INFO       
    #25490  Time: 2013-06-26-23-54-58.530868-CEST From: NLG        To: HUB        Command: nlg_text_generated() 

2013-06-26-23-54-58.542277-CEST  MainProcess : INFO       
    #25492  Time: 2013-06-26-23-54-58.532532-CEST From: TTS        To: HUB        Command: tts_start(user_id="None",text="Dobrý den, dovolali jste se na informace o veřejné dopravě v Praze. Tato experimentální služba je poskytována laboratoří výzkumu hlasových dialogových systémů na Ústavu Formální a Aplikované Lingvistiky na Karlově Univerzitě. Hovor je nahráván. Více informací o této službě je na internetu. Jak Vám mohu pomoci. Můžete například říct chtěla bych jet na Zličín.") 

2013-06-26-23-54-58.557371-CEST  MainProcess : INFO       
    #25495  Time: 2013-06-26-23-54-58.538674-CEST From: VoipIO     To: HUB        Command: play_utterance_start(user_id="None",fname="tts-2013-06-26-23-54-58.532355.wav") 

2013-06-26-23-54-58.979793-CEST  MainProcess : INFO       
    #27228  Time: 2013-06-26-23-54-58.954673-CEST From: TTS        To: HUB        Command: tts_end(user_id="None",text="Dobrý den, dovolali jste se na informace o veřejné dopravě v Praze. Tato experimentální služba je poskytována laboratoří výzkumu hlasových dialogových systémů na Ústavu Formální a Aplikované Lingvistiky na Karlově Univerzitě. Hovor je nahráván. Více informací o této službě je na internetu. Jak Vám mohu pomoci. Můžete například říct chtěla bych jet na Zličín.",fname="tts-2013-06-26-23-54-58.532355.wav",log="true") 

2013-06-26-23-55-13.479928-CEST  MainProcess : INFO       
    #28138  Time: 2013-06-26-23-55-13.475862-CEST From: VAD        To: HUB        Command: speech_start(fname="vad-2013-06-26-23-55-13.461461.wav") 

2013-06-26-23-55-13.484563-CEST  ASR-3      : DEBUG      
    ASR: speech_start()

2013-06-26-23-55-13.494447-CEST  NLG-6      : DEBUG      
    #28140  Time: 2013-06-26-23-55-13.489872-CEST From: HUB        To: NLG        Command: flush() 

2013-06-26-23-55-13.499254-CEST  MainProcess : INFO       
    #28139  Time: 2013-06-26-23-55-13.476772-CEST From: ASR        To: HUB        Command: asr_start() 

2013-06-26-23-55-13.504153-CEST  MainProcess : INFO       
    #28141  Time: 2013-06-26-23-55-13.495753-CEST From: NLG        To: HUB        Command: flushed() 

2013-06-26-23-55-13.509253-CEST  TTS-7      : DEBUG      
    #28142  Time: 2013-06-26-23-55-13.505505-CEST From: HUB        To: TTS        Command: flush() 

2013-06-26-23-55-13.515804-CEST  MainProcess : INFO       
    #28143  Time: 2013-06-26-23-55-13.510623-CEST From: TTS        To: HUB        Command: flushed() 

2013-06-26-23-55-13.558293-CEST  VoipIO-1   : DEBUG      
    #28148  Time: 2013-06-26-23-55-13.547147-CEST From: HUB        To: VIO        Command: flush_out() 

2013-06-26-23-55-13.588523-CEST  MainProcess : INFO       
    #28149  Time: 2013-06-26-23-55-13.575999-CEST From: VoipIO     To: HUB        Command: flushed_out() 

2013-06-26-23-55-13.816638-CEST  MainProcess : INFO       
    #28167  Time: 2013-06-26-23-55-13.812861-CEST From: VAD        To: HUB        Command: speech_end(fname="vad-2013-06-26-23-55-13.461461.wav") 

2013-06-26-23-55-13.821247-CEST  ASR-3      : DEBUG      
    ASR: speech_end()

2013-06-26-23-55-14.043841-CEST  ASR-3      : DEBUG      
    ASR Hypothesis
    ------------------------------------------------------------
    1.000 __other__
    

2013-06-26-23-55-14.059954-CEST  MainProcess : INFO       
    #28184  Time: 2013-06-26-23-55-14.055190-CEST From: ASR        To: HUB        Command: asr_end() 

2013-06-26-23-55-14.064533-CEST  SLU-4      : DEBUG      
    SLU Hypothesis
    ------------------------------------------------------------
    1.000 other()
    

2013-06-26-23-55-14.078778-CEST  DM-5       : DEBUG      
    DDDState Dialogue Act in: other()

2013-06-26-23-55-14.082661-CEST  MainProcess : INFO       
    #28186  Time: 2013-06-26-23-55-14.074726-CEST From: SLU        To: HUB        Command: slu_parsed() 

2013-06-26-23-55-14.086636-CEST  DM-5       : DEBUG      
    Context Resolution - Dialogue Act: other()

2013-06-26-23-55-14.091291-CEST  DM-5       : DEBUG      
    DDDState - Dialogue state content:
    
    lda = other
    
    
    
    

2013-06-26-23-55-14.095832-CEST  DM-5       : DEBUG      
    DDDState
    
    Requested slots:
    {}
    Confirmed slots:
    {}
    Non-informed slots:
    {}

2013-06-26-23-55-14.099955-CEST  DM-5       : DEBUG      
    DM Output
    ------------------------------------------------------------
    notunderstood()&help(inform="hangup")
    

2013-06-26-23-55-14.150235-CEST  MainProcess : INFO       
    #28192  Time: 2013-06-26-23-55-14.147053-CEST From: DM         To: HUB        Command: dm_da_generated() 

2013-06-26-23-55-14.154685-CEST  NLG-6      : DEBUG      
    NLG Output
    ------------------------------------------------------------
    Nerozuměla jsem. Ještě jednou prosím. Pokud chcete hovor ukončit, potom řekněte například na shledanou.
    

2013-06-26-23-55-14.178657-CEST  MainProcess : INFO       
    #28198  Time: 2013-06-26-23-55-14.172379-CEST From: NLG        To: HUB        Command: nlg_text_generated() 

2013-06-26-23-55-14.183850-CEST  MainProcess : INFO       
    #28200  Time: 2013-06-26-23-55-14.173063-CEST From: TTS        To: HUB        Command: tts_start(user_id="None",text="Nerozuměla jsem. Ještě jednou prosím. Pokud chcete hovor ukončit, potom řekněte například na shledanou.") 

2013-06-26-23-55-14.192841-CEST  MainProcess : INFO       
    #28202  Time: 2013-06-26-23-55-14.176413-CEST From: VoipIO     To: HUB        Command: play_utterance_start(user_id="None",fname="tts-2013-06-26-23-55-14.172909.wav") 

2013-06-26-23-55-14.313259-CEST  MainProcess : INFO       
    #28755  Time: 2013-06-26-23-55-14.302605-CEST From: TTS        To: HUB        Command: tts_end(user_id="None",text="Nerozuměla jsem. Ještě jednou prosím. Pokud chcete hovor ukončit, potom řekněte například na shledanou.",fname="tts-2013-06-26-23-55-14.172909.wav",log="true") 

2013-06-26-23-55-15.335865-CEST  ASR-3      : DEBUG      
    ASR: speech_start()

2013-06-26-23-55-15.340258-CEST  MainProcess : INFO       
    #28821  Time: 2013-06-26-23-55-15.330805-CEST From: VAD        To: HUB        Command: speech_start(fname="vad-2013-06-26-23-55-15.309987.wav") 

2013-06-26-23-55-15.358605-CEST  MainProcess : INFO       
    #28822  Time: 2013-06-26-23-55-15.332357-CEST From: ASR        To: HUB        Command: asr_start() 

2013-06-26-23-55-15.363161-CEST  NLG-6      : DEBUG      
    #28823  Time: 2013-06-26-23-55-15.351673-CEST From: HUB        To: NLG        Command: flush() 

2013-06-26-23-55-15.369698-CEST  MainProcess : INFO       
    #28824  Time: 2013-06-26-23-55-15.364533-CEST From: NLG        To: HUB        Command: flushed() 

2013-06-26-23-55-15.374702-CEST  TTS-7      : DEBUG      
    #28826  Time: 2013-06-26-23-55-15.371052-CEST From: HUB        To: TTS        Command: flush() 

2013-06-26-23-55-15.381241-CEST  MainProcess : INFO       
    #28830  Time: 2013-06-26-23-55-15.376532-CEST From: TTS        To: HUB        Command: flushed() 

2013-06-26-23-55-15.387458-CEST  VoipIO-1   : DEBUG      
    #28831  Time: 2013-06-26-23-55-15.382459-CEST From: HUB        To: VIO        Command: flush_out() 

2013-06-26-23-55-15.394561-CEST  MainProcess : INFO       
    #28832  Time: 2013-06-26-23-55-15.388954-CEST From: VoipIO     To: HUB        Command: flushed_out() 

2013-06-26-23-55-18.464861-CEST  MainProcess : INFO       
    #29026  Time: 2013-06-26-23-55-18.459872-CEST From: VAD        To: HUB        Command: speech_end(fname="vad-2013-06-26-23-55-15.309987.wav") 

2013-06-26-23-55-18.469102-CEST  ASR-3      : DEBUG      
    ASR: speech_end()

2013-06-26-23-55-19.071877-CEST  MainProcess : INFO       
    #29064  Time: 2013-06-26-23-55-19.065180-CEST From: VAD        To: HUB        Command: speech_start(fname="vad-2013-06-26-23-55-19.046115.wav") 

2013-06-26-23-55-19.389460-CEST  ASR-3      : DEBUG      
    ASR Hypothesis
    ------------------------------------------------------------
    1.000 __other__
    

2013-06-26-23-55-19.406576-CEST  MainProcess : INFO       
    #29086  Time: 2013-06-26-23-55-19.401054-CEST From: ASR        To: HUB        Command: asr_end() 

2013-06-26-23-55-19.412726-CEST  SLU-4      : DEBUG      
    SLU Hypothesis
    ------------------------------------------------------------
    1.000 other()
    

2013-06-26-23-55-19.449059-CEST  ASR-3      : DEBUG      
    ASR: speech_start()

2013-06-26-23-55-19.453059-CEST  MainProcess : INFO       
    #29089  Time: 2013-06-26-23-55-19.403882-CEST From: ASR        To: HUB        Command: asr_start() 

2013-06-26-23-55-19.461399-CEST  DM-5       : DEBUG      
    DDDState Dialogue Act in: other()

2013-06-26-23-55-19.465382-CEST  MainProcess : INFO       
    #29092  Time: 2013-06-26-23-55-19.457424-CEST From: SLU        To: HUB        Command: slu_parsed() 

2013-06-26-23-55-19.470595-CEST  DM-5       : DEBUG      
    Context Resolution - Dialogue Act: other()

2013-06-26-23-55-19.475388-CEST  DM-5       : DEBUG      
    DDDState - Dialogue state content:
    
    lda = other
    alternative = none
    
    
    
    

2013-06-26-23-55-19.480067-CEST  DM-5       : DEBUG      
    DDDState
    
    Requested slots:
    {}
    Confirmed slots:
    {}
    Non-informed slots:
    {}

2013-06-26-23-55-19.485177-CEST  DM-5       : DEBUG      
    DM Output
    ------------------------------------------------------------
    notunderstood()&help(inform="time")
    

2013-06-26-23-55-19.636059-CEST  MainProcess : INFO       
    #29098  Time: 2013-06-26-23-55-19.516676-CEST From: DM         To: HUB        Command: dm_da_generated() 

2013-06-26-23-55-19.640464-CEST  NLG-6      : DEBUG      
    NLG Output
    ------------------------------------------------------------
    Promiňte, nerozuměla jsem. Můžete to zopakovat? Můžete například říct v kolik hodin chcete jet.
    

2013-06-26-23-55-19.661424-CEST  MainProcess : INFO       
    #29108  Time: 2013-06-26-23-55-19.656543-CEST From: NLG        To: HUB        Command: nlg_text_generated() 

2013-06-26-23-55-19.672157-CEST  MainProcess : INFO       
    #29113  Time: 2013-06-26-23-55-19.662837-CEST From: TTS        To: HUB        Command: tts_start(user_id="None",text="Promiňte, nerozuměla jsem. Můžete to zopakovat? Můžete například říct v kolik hodin chcete jet.") 

2013-06-26-23-55-19.684378-CEST  MainProcess : INFO       
    #29115  Time: 2013-06-26-23-55-19.665002-CEST From: VoipIO     To: HUB        Command: play_utterance_start(user_id="None",fname="tts-2013-06-26-23-55-19.658386.wav") 

2013-06-26-23-55-19.809679-CEST  MainProcess : INFO       
    #29623  Time: 2013-06-26-23-55-19.789915-CEST From: TTS        To: HUB        Command: tts_end(user_id="None",text="Promiňte, nerozuměla jsem. Můžete to zopakovat? Můžete například říct v kolik hodin chcete jet.",fname="tts-2013-06-26-23-55-19.658386.wav",log="true") 

2013-06-26-23-55-22.227123-CEST  ASR-3      : DEBUG      
    ASR: speech_end()

2013-06-26-23-55-22.235616-CEST  MainProcess : INFO       
    #29775  Time: 2013-06-26-23-55-22.212764-CEST From: VAD        To: HUB        Command: speech_end(fname="vad-2013-06-26-23-55-19.046115.wav") 

2013-06-26-23-55-22.910065-CEST  MainProcess : INFO       
    #29821  Time: 2013-06-26-23-55-22.904971-CEST From: VAD        To: HUB        Command: speech_start(fname="vad-2013-06-26-23-55-22.881414.wav") 

2013-06-26-23-55-22.930456-CEST  NLG-6      : DEBUG      
    #29824  Time: 2013-06-26-23-55-22.924336-CEST From: HUB        To: NLG        Command: flush() 

2013-06-26-23-55-22.934917-CEST  MainProcess : INFO       
    #29827  Time: 2013-06-26-23-55-22.931687-CEST From: NLG        To: HUB        Command: flushed() 

2013-06-26-23-55-22.940297-CEST  TTS-7      : DEBUG      
    #29828  Time: 2013-06-26-23-55-22.936055-CEST From: HUB        To: TTS        Command: flush() 

2013-06-26-23-55-22.946200-CEST  MainProcess : INFO       
    #29829  Time: 2013-06-26-23-55-22.941649-CEST From: TTS        To: HUB        Command: flushed() 

2013-06-26-23-55-22.951763-CEST  VoipIO-1   : DEBUG      
    #29830  Time: 2013-06-26-23-55-22.947329-CEST From: HUB        To: VIO        Command: flush_out() 

2013-06-26-23-55-22.956274-CEST  MainProcess : INFO       
    #29831  Time: 2013-06-26-23-55-22.953043-CEST From: VoipIO     To: HUB        Command: flushed_out() 

2013-06-26-23-55-22.983060-CEST  VoipIO-1   : INFO       
    23:55:22.978    pjsua_acc.c  ....<sip:800899998@vystadial.ms.mff.cuni.cz>: registration success, status=200 (OK), will re-register in 300 seconds
    

2013-06-26-23-55-23.381087-CEST  ASR-3      : DEBUG      
    ASR Hypothesis
    ------------------------------------------------------------
    0.329 laudova
    0.247 laudová
    0.178 laurová
    0.164 lauková
    0.082 laubová
    0.000 __other__
    

2013-06-26-23-55-23.405558-CEST  MainProcess : INFO       
    #29860  Time: 2013-06-26-23-55-23.400023-CEST From: ASR        To: HUB        Command: asr_end() 

2013-06-26-23-55-23.409638-CEST  ASR-3      : DEBUG      
    ASR: speech_start()

2013-06-26-23-55-23.413607-CEST  MainProcess : INFO       
    #29862  Time: 2013-06-26-23-55-23.403127-CEST From: ASR        To: HUB        Command: asr_start() 

2013-06-26-23-55-23.744983-CEST  SLU-4      : DEBUG      
    SLU Hypothesis
    ------------------------------------------------------------
    0.822 other()
    0.178 inform(="Laurová")
    

2013-06-26-23-55-23.773151-CEST  DM-5       : DEBUG      
    DDDState Dialogue Act in: other()

2013-06-26-23-55-23.777692-CEST  MainProcess : INFO       
    #29887  Time: 2013-06-26-23-55-23.767913-CEST From: SLU        To: HUB        Command: slu_parsed() 

2013-06-26-23-55-23.782321-CEST  DM-5       : DEBUG      
    Context Resolution - Dialogue Act: other()

2013-06-26-23-55-23.786632-CEST  DM-5       : DEBUG      
    DDDState - Dialogue state content:
    
    lda = other
    alternative = none
    
    
    
    

2013-06-26-23-55-23.791005-CEST  DM-5       : DEBUG      
    DDDState
    
    Requested slots:
    {}
    Confirmed slots:
    {}
    Non-informed slots:
    {}

2013-06-26-23-55-23.795324-CEST  DM-5       : DEBUG      
    DM Output
    ------------------------------------------------------------
    notunderstood()&help(inform="hangup")
    

2013-06-26-23-55-23.837740-CEST  MainProcess : INFO       
    #29893  Time: 2013-06-26-23-55-23.832645-CEST From: DM         To: HUB        Command: dm_da_generated() 

2013-06-26-23-55-23.841976-CEST  NLG-6      : DEBUG      
    NLG Output
    ------------------------------------------------------------
    Nerozuměla jsem. Ještě jednou prosím. Hovor můžete kdykoli ukončit tím, že se rozloučíte.
    

2013-06-26-23-55-23.868345-CEST  MainProcess : INFO       
    #29895  Time: 2013-06-26-23-55-23.864866-CEST From: NLG        To: HUB        Command: nlg_text_generated() 

2013-06-26-23-55-23.876816-CEST  MainProcess : INFO       
    #29897  Time: 2013-06-26-23-55-23.869641-CEST From: TTS        To: HUB        Command: tts_start(user_id="None",text="Nerozuměla jsem. Ještě jednou prosím. Hovor můžete kdykoli ukončit tím, že se rozloučíte.") 

2013-06-26-23-55-23.894604-CEST  MainProcess : INFO       
    #29899  Time: 2013-06-26-23-55-23.871459-CEST From: VoipIO     To: HUB        Command: play_utterance_start(user_id="None",fname="tts-2013-06-26-23-55-23.865831.wav") 

2013-06-26-23-55-24.164396-CEST  MainProcess : INFO       
    #30410  Time: 2013-06-26-23-55-24.126550-CEST From: TTS        To: HUB        Command: tts_end(user_id="None",text="Nerozuměla jsem. Ještě jednou prosím. Hovor můžete kdykoli ukončit tím, že se rozloučíte.",fname="tts-2013-06-26-23-55-23.865831.wav",log="true") 

2013-06-26-23-55-24.639693-CEST  ASR-3      : DEBUG      
    ASR: speech_end()

2013-06-26-23-55-24.645251-CEST  MainProcess : INFO       
    #30444  Time: 2013-06-26-23-55-24.634574-CEST From: VAD        To: HUB        Command: speech_end(fname="vad-2013-06-26-23-55-22.881414.wav") 

2013-06-26-23-55-25.053058-CEST  MainProcess : INFO       
    #30474  Time: 2013-06-26-23-55-25.048154-CEST From: VAD        To: HUB        Command: speech_start(fname="vad-2013-06-26-23-55-24.981830.wav") 

2013-06-26-23-55-25.076063-CEST  NLG-6      : DEBUG      
    #30475  Time: 2013-06-26-23-55-25.071484-CEST From: HUB        To: NLG        Command: flush() 

2013-06-26-23-55-25.083822-CEST  MainProcess : INFO       
    #30476  Time: 2013-06-26-23-55-25.077358-CEST From: NLG        To: HUB        Command: flushed() 

2013-06-26-23-55-25.088846-CEST  TTS-7      : DEBUG      
    #30477  Time: 2013-06-26-23-55-25.084913-CEST From: HUB        To: TTS        Command: flush() 

2013-06-26-23-55-25.094104-CEST  MainProcess : INFO       
    #30478  Time: 2013-06-26-23-55-25.090286-CEST From: TTS        To: HUB        Command: flushed() 

2013-06-26-23-55-25.098768-CEST  VoipIO-1   : DEBUG      
    #30479  Time: 2013-06-26-23-55-25.095131-CEST From: HUB        To: VIO        Command: flush_out() 

2013-06-26-23-55-25.104442-CEST  MainProcess : INFO       
    #30480  Time: 2013-06-26-23-55-25.100188-CEST From: VoipIO     To: HUB        Command: flushed_out() 

2013-06-26-23-55-25.358545-CEST  ASR-3      : DEBUG      
    ASR Hypothesis
    ------------------------------------------------------------
    0.892 nádraží vršovice
    0.031 nádražní ulice
    0.026 nádraží vršovice i
    0.020 nádraží
    0.015 to nádraží
    0.010 do nádraží
    0.005 jdu na nádraží
    0.000 __other__
    

2013-06-26-23-55-25.443150-CEST  MainProcess : INFO       
    #30501  Time: 2013-06-26-23-55-25.413445-CEST From: ASR        To: HUB        Command: asr_end() 

2013-06-26-23-55-25.483854-CEST  ASR-3      : DEBUG      
    ASR: speech_start()

2013-06-26-23-55-25.524077-CEST  MainProcess : INFO       
    #30504  Time: 2013-06-26-23-55-25.416415-CEST From: ASR        To: HUB        Command: asr_start() 

2013-06-26-23-55-25.901426-CEST  SLU-4      : DEBUG      
    SLU Hypothesis
    ------------------------------------------------------------
    0.918 inform(="Nádraží Vršovice")
    0.082 other()
    

2013-06-26-23-55-26.001194-CEST  MainProcess : INFO       
    #30540  Time: 2013-06-26-23-55-25.966614-CEST From: SLU        To: HUB        Command: slu_parsed() 

2013-06-26-23-55-26.244493-CEST  DM-5       : DEBUG      
    DDDState Dialogue Act in: inform(="Nádraží Vršovice")

2013-06-26-23-55-26.282293-CEST  DM-5       : DEBUG      
    Context Resolution - Dialogue Act: inform(="Nádraží Vršovice")

2013-06-26-23-55-26.319018-CEST  DM-5       : DEBUG      
    DDDState - Dialogue state content:
    
    lda = none
    alternative = none
    
    
    
    

2013-06-26-23-55-26.394694-CEST  DM-5       : DEBUG      
    DDDState
    
    Requested slots:
    {}
    Confirmed slots:
    {}
    Non-informed slots:
    {}

2013-06-26-23-55-26.440108-CEST  DM-5       : DEBUG      
    DM Output
    ------------------------------------------------------------
    request(time)
    

2013-06-26-23-55-26.548804-CEST  NLG-6      : DEBUG      
    NLG Output
    ------------------------------------------------------------
    Kdy chcete jet?
    

2013-06-26-23-55-26.553290-CEST  MainProcess : INFO       
    #30578  Time: 2013-06-26-23-55-26.544866-CEST From: DM         To: HUB        Command: dm_da_generated() 

2013-06-26-23-55-26.590650-CEST  MainProcess : INFO       
    #30584  Time: 2013-06-26-23-55-26.585917-CEST From: NLG        To: HUB        Command: nlg_text_generated() 

2013-06-26-23-55-26.597272-CEST  MainProcess : INFO       
    #30586  Time: 2013-06-26-23-55-26.592009-CEST From: TTS        To: HUB        Command: tts_start(user_id="None",text="Kdy chcete jet?") 

2013-06-26-23-55-26.620780-CEST  MainProcess : INFO       
    #30588  Time: 2013-06-26-23-55-26.594154-CEST From: VoipIO     To: HUB        Command: play_utterance_start(user_id="None",fname="tts-2013-06-26-23-55-26.587963.wav") 

2013-06-26-23-55-26.683310-CEST  MainProcess : INFO       
    #30698  Time: 2013-06-26-23-55-26.636274-CEST From: TTS        To: HUB        Command: tts_end(user_id="None",text="Kdy chcete jet?",fname="tts-2013-06-26-23-55-26.587963.wav",log="true") 

2013-06-26-23-55-28.346436-CEST  MainProcess : INFO       
    #30766  Time: 2013-06-26-23-55-27.702324-CEST From: VoipIO     To: HUB        Command: play_utterance_end(user_id="None",fname="tts-2013-06-26-23-55-26.587963.wav) 

2013-06-26-23-55-28.757292-CEST  ASR-3      : DEBUG      
    ASR: speech_end()

2013-06-26-23-55-28.787853-CEST  MainProcess : INFO       
    #30832  Time: 2013-06-26-23-55-28.734875-CEST From: VAD        To: HUB        Command: speech_end(fname="vad-2013-06-26-23-55-24.981830.wav") 

2013-06-26-23-55-29.072258-CEST  MainProcess : INFO       
    #30854  Time: 2013-06-26-23-55-29.063905-CEST From: VAD        To: HUB        Command: speech_start(fname="vad-2013-06-26-23-55-29.024814.wav") 

2013-06-26-23-55-29.895895-CEST  ASR-3      : DEBUG      
    ASR Hypothesis
    ------------------------------------------------------------
    0.596 vršovice
    0.074 vršovická
    0.066 euro vršovice
    0.059 aukro vršovice
    0.051 rašovice
    0.044 euro vršovická
    0.037 aukro vršovická
    0.029 vršovice i
    0.022 prešov
    0.015 euro rašovice
    0.007 aukro rašovice
    0.000 __other__
    

2013-06-26-23-55-29.936314-CEST  MainProcess : INFO       
    #30911  Time: 2013-06-26-23-55-29.930011-CEST From: ASR        To: HUB        Command: asr_end() 

2013-06-26-23-55-29.941892-CEST  ASR-3      : DEBUG      
    ASR: speech_start()

2013-06-26-23-55-29.948521-CEST  MainProcess : INFO       
    #30913  Time: 2013-06-26-23-55-29.934012-CEST From: ASR        To: HUB        Command: asr_start() 

2013-06-26-23-55-30.780367-CEST  SLU-4      : DEBUG      
    SLU Hypothesis
    ------------------------------------------------------------
    1.000 other()
    

2013-06-26-23-55-30.855241-CEST  DM-5       : DEBUG      
    DDDState Dialogue Act in: other()

2013-06-26-23-55-30.889472-CEST  MainProcess : INFO       
    #30970  Time: 2013-06-26-23-55-30.828927-CEST From: SLU        To: HUB        Command: slu_parsed() 

2013-06-26-23-55-30.923577-CEST  DM-5       : DEBUG      
    Context Resolution - Dialogue Act: other()

2013-06-26-23-55-30.955146-CEST  DM-5       : DEBUG      
    DDDState - Dialogue state content:
    
    lda = other
    alternative = none
    from_stop = none
    time = none
    
    
    
    

2013-06-26-23-55-30.990681-CEST  DM-5       : DEBUG      
    DDDState
    
    Requested slots:
    {}
    Confirmed slots:
    {}
    Non-informed slots:
    {}

2013-06-26-23-55-30.996009-CEST  DM-5       : DEBUG      
    DM Output
    ------------------------------------------------------------
    notunderstood()&help(repeat)
    

2013-06-26-23-55-31.029729-CEST  NLG-6      : DEBUG      
    NLG Output
    ------------------------------------------------------------
    Promiňte, nerozuměla jsem. Můžete to zopakovat? Pokud jste nerozuměla poslední větě co jsem řekla, potom mě můžete požádat o zopopakovaní poslední věty.
    

2013-06-26-23-55-31.033406-CEST  MainProcess : INFO       
    #30984  Time: 2013-06-26-23-55-31.026186-CEST From: DM         To: HUB        Command: dm_da_generated() 

2013-06-26-23-55-31.047897-CEST  MainProcess : INFO       
    #30986  Time: 2013-06-26-23-55-31.043509-CEST From: NLG        To: HUB        Command: nlg_text_generated() 

2013-06-26-23-55-31.053572-CEST  MainProcess : INFO       
    #30989  Time: 2013-06-26-23-55-31.049125-CEST From: TTS        To: HUB        Command: tts_start(user_id="None",text="Promiňte, nerozuměla jsem. Můžete to zopakovat? Pokud jste nerozuměla poslední větě co jsem řekla, potom mě můžete požádat o zopopakovaní poslední věty.") 

2013-06-26-23-55-31.070660-CEST  MainProcess : INFO       
    #30992  Time: 2013-06-26-23-55-31.052246-CEST From: VoipIO     To: HUB        Command: play_utterance_start(user_id="None",fname="tts-2013-06-26-23-55-31.044032.wav") 

2013-06-26-23-55-31.185353-CEST  MainProcess : INFO       
    #31762  Time: 2013-06-26-23-55-31.176425-CEST From: TTS        To: HUB        Command: tts_end(user_id="None",text="Promiňte, nerozuměla jsem. Můžete to zopakovat? Pokud jste nerozuměla poslední větě co jsem řekla, potom mě můžete požádat o zopopakovaní poslední věty.",fname="tts-2013-06-26-23-55-31.044032.wav",log="true") 

2013-06-26-23-55-32.760780-CEST  MainProcess : INFO       
    #31859  Time: 2013-06-26-23-55-32.665891-CEST From: VAD        To: HUB        Command: speech_end(fname="vad-2013-06-26-23-55-29.024814.wav") 

2013-06-26-23-55-32.766352-CEST  ASR-3      : DEBUG      
    ASR: speech_end()

2013-06-26-23-55-33.261331-CEST  MainProcess : INFO       
    #31894  Time: 2013-06-26-23-55-33.226986-CEST From: VAD        To: HUB        Command: speech_start(fname="vad-2013-06-26-23-55-33.102271.wav") 

2013-06-26-23-55-33.345676-CEST  NLG-6      : DEBUG      
    #31902  Time: 2013-06-26-23-55-33.319419-CEST From: HUB        To: NLG        Command: flush() 

2013-06-26-23-55-33.382500-CEST  MainProcess : INFO       
    #31905  Time: 2013-06-26-23-55-33.355483-CEST From: NLG        To: HUB        Command: flushed() 

2013-06-26-23-55-33.425500-CEST  TTS-7      : DEBUG      
    #31908  Time: 2013-06-26-23-55-33.392966-CEST From: HUB        To: TTS        Command: flush() 

2013-06-26-23-55-33.479862-CEST  MainProcess : INFO       
    #31913  Time: 2013-06-26-23-55-33.440524-CEST From: TTS        To: HUB        Command: flushed() 

2013-06-26-23-55-33.533432-CEST  VoipIO-1   : DEBUG      
    #31918  Time: 2013-06-26-23-55-33.494334-CEST From: HUB        To: VIO        Command: flush_out() 

2013-06-26-23-55-33.588688-CEST  MainProcess : INFO       
    #31919  Time: 2013-06-26-23-55-33.548935-CEST From: VoipIO     To: HUB        Command: flushed_out() 

2013-06-26-23-55-33.805812-CEST  MainProcess : INFO       
    #31937  Time: 2013-06-26-23-55-33.776005-CEST From: VAD        To: HUB        Command: speech_end(fname="vad-2013-06-26-23-55-33.102271.wav") 

2013-06-26-23-55-33.860201-CEST  ASR-3      : DEBUG      
    ASR Hypothesis
    ------------------------------------------------------------
    1.000 __other__
    

2013-06-26-23-55-33.986714-CEST  MainProcess : INFO       
    #31950  Time: 2013-06-26-23-55-33.948166-CEST From: ASR        To: HUB        Command: asr_end() 

2013-06-26-23-55-34.044395-CEST  SLU-4      : DEBUG      
    SLU Hypothesis
    ------------------------------------------------------------
    1.000 other()
    

2013-06-26-23-55-34.090235-CEST  ASR-3      : DEBUG      
    ASR: speech_start()

2013-06-26-23-55-34.103012-CEST  MainProcess : INFO       
    #31952  Time: 2013-06-26-23-55-33.951070-CEST From: ASR        To: HUB        Command: asr_start() 

2013-06-26-23-55-34.109251-CEST  MainProcess : INFO       
    #31961  Time: 2013-06-26-23-55-34.104000-CEST From: SLU        To: HUB        Command: slu_parsed() 

2013-06-26-23-55-34.114029-CEST  DM-5       : DEBUG      
    DDDState Dialogue Act in: other()

2013-06-26-23-55-34.118643-CEST  DM-5       : DEBUG      
    Context Resolution - Dialogue Act: other()

2013-06-26-23-55-34.124830-CEST  DM-5       : DEBUG      
    DDDState - Dialogue state content:
    
    lda = other
    alternative = none
    from_stop = none
    time = none
    
    
    
    

2013-06-26-23-55-34.129524-CEST  DM-5       : DEBUG      
    DDDState
    
    Requested slots:
    {}
    Confirmed slots:
    {}
    Non-informed slots:
    {}

2013-06-26-23-55-34.134795-CEST  DM-5       : DEBUG      
    DM Output
    ------------------------------------------------------------
    notunderstood()&help(inform="from_stop")
    

2013-06-26-23-55-34.198834-CEST  MainProcess : INFO       
    #31972  Time: 2013-06-26-23-55-34.193511-CEST From: VAD        To: HUB        Command: speech_start(fname="vad-2013-06-26-23-55-34.020489.wav") 

2013-06-26-23-55-34.221583-CEST  MainProcess : INFO       
    #31973  Time: 2013-06-26-23-55-34.217134-CEST From: DM         To: HUB        Command: dm_da_generated() 

2013-06-26-23-55-34.226039-CEST  NLG-6      : DEBUG      
    NLG Output
    ------------------------------------------------------------
    Promiňte, nerozuměla jsem. Můžete to zopakovat? Můžete například říct chtěla bych jet z Anděla.
    

2013-06-26-23-55-34.236619-CEST  ASR-3      : DEBUG      
    ASR: speech_end()

2013-06-26-23-55-34.274696-CEST  MainProcess : INFO       
    #31976  Time: 2013-06-26-23-55-34.251453-CEST From: NLG        To: HUB        Command: nlg_text_generated() 

2013-06-26-23-55-34.335273-CEST  MainProcess : INFO       
    #31981  Time: 2013-06-26-23-55-34.287755-CEST From: TTS        To: HUB        Command: tts_start(user_id="None",text="Promiňte, nerozuměla jsem. Můžete to zopakovat? Můžete například říct chtěla bych jet z Anděla.") 

2013-06-26-23-55-34.400502-CEST  MainProcess : INFO       
    #31983  Time: 2013-06-26-23-55-34.289568-CEST From: VoipIO     To: HUB        Command: play_utterance_start(user_id="None",fname="tts-2013-06-26-23-55-34.253630.wav") 

2013-06-26-23-55-34.514835-CEST  MainProcess : INFO       
    #32486  Time: 2013-06-26-23-55-34.506630-CEST From: TTS        To: HUB        Command: tts_end(user_id="None",text="Promiňte, nerozuměla jsem. Můžete to zopakovat? Můžete například říct chtěla bych jet z Anděla.",fname="tts-2013-06-26-23-55-34.253630.wav",log="true") 

2013-06-26-23-55-34.699060-CEST  ASR-3      : DEBUG      
    ASR Hypothesis
    ------------------------------------------------------------
    1.000 __other__
    

2013-06-26-23-55-34.776992-CEST  SLU-4      : DEBUG      
    SLU Hypothesis
    ------------------------------------------------------------
    1.000 other()
    

2013-06-26-23-55-34.810993-CEST  MainProcess : INFO       
    #32502  Time: 2013-06-26-23-55-34.751983-CEST From: ASR        To: HUB        Command: asr_end() 

2013-06-26-23-55-34.846716-CEST  ASR-3      : DEBUG      
    ASR: speech_start()

2013-06-26-23-55-34.881845-CEST  MainProcess : INFO       
    #32504  Time: 2013-06-26-23-55-34.754718-CEST From: ASR        To: HUB        Command: asr_start() 

2013-06-26-23-55-34.916509-CEST  DM-5       : DEBUG      
    DDDState Dialogue Act in: other()

2013-06-26-23-55-34.936016-CEST  MainProcess : INFO       
    #32512  Time: 2013-06-26-23-55-34.833533-CEST From: SLU        To: HUB        Command: slu_parsed() 

2013-06-26-23-55-34.940036-CEST  DM-5       : DEBUG      
    Context Resolution - Dialogue Act: other()

2013-06-26-23-55-34.944688-CEST  DM-5       : DEBUG      
    DDDState - Dialogue state content:
    
    lda = other
    alternative = none
    from_stop = none
    time = none
    
    
    
    

2013-06-26-23-55-34.949102-CEST  DM-5       : DEBUG      
    DDDState
    
    Requested slots:
    {}
    Confirmed slots:
    {}
    Non-informed slots:
    {}

2013-06-26-23-55-34.953609-CEST  DM-5       : DEBUG      
    DM Output
    ------------------------------------------------------------
    notunderstood()&help(inform="from_stop")
    

2013-06-26-23-55-35.042093-CEST  MainProcess : INFO       
    #32527  Time: 2013-06-26-23-55-35.037614-CEST From: DM         To: HUB        Command: dm_da_generated() 

2013-06-26-23-55-35.046457-CEST  NLG-6      : DEBUG      
    NLG Output
    ------------------------------------------------------------
    Nerozuměla jsem. Ještě jednou prosím. Můžete například říct ze zastávky Malostranské náměstí.
    

2013-06-26-23-55-35.104841-CEST  MainProcess : INFO       
    #32529  Time: 2013-06-26-23-55-35.079854-CEST From: NLG        To: HUB        Command: nlg_text_generated() 

2013-06-26-23-55-35.141673-CEST  MainProcess : INFO       
    #32535  Time: 2013-06-26-23-55-35.114873-CEST From: TTS        To: HUB        Command: tts_start(user_id="None",text="Nerozuměla jsem. Ještě jednou prosím. Můžete například říct ze zastávky Malostranské náměstí.") 

2013-06-26-23-55-35.231135-CEST  ASR-3      : DEBUG      
    ASR: speech_end()

2013-06-26-23-55-35.277960-CEST  MainProcess : INFO       
    #32651  Time: 2013-06-26-23-55-35.202551-CEST From: VAD        To: HUB        Command: speech_end(fname="vad-2013-06-26-23-55-34.020489.wav") 

2013-06-26-23-55-35.339044-CEST  MainProcess : INFO       
    #33058  Time: 2013-06-26-23-55-35.332373-CEST From: TTS        To: HUB        Command: tts_end(user_id="None",text="Nerozuměla jsem. Ještě jednou prosím. Můžete například říct ze zastávky Malostranské náměstí.",fname="tts-2013-06-26-23-55-35.081952.wav",log="true") 

2013-06-26-23-55-35.552132-CEST  ASR-3      : DEBUG      
    ASR Hypothesis
    ------------------------------------------------------------
    1.000 __other__
    

2013-06-26-23-55-35.598728-CEST  MainProcess : INFO       
    #33076  Time: 2013-06-26-23-55-35.571796-CEST From: VAD        To: HUB        Command: speech_start(fname="vad-2013-06-26-23-55-35.480186.wav") 

2013-06-26-23-55-35.647060-CEST  SLU-4      : DEBUG      
    SLU Hypothesis
    ------------------------------------------------------------
    1.000 other()
    

2013-06-26-23-55-35.685989-CEST  ASR-3      : DEBUG      
    ASR: speech_start()

2013-06-26-23-55-35.690452-CEST  NLG-6      : DEBUG      
    #33088  Time: 2013-06-26-23-55-35.672402-CEST From: HUB        To: NLG        Command: flush() 

2013-06-26-23-55-35.694480-CEST  MainProcess : INFO       
    #33081  Time: 2013-06-26-23-55-35.621559-CEST From: ASR        To: HUB        Command: asr_end() 

2013-06-26-23-55-35.698260-CEST  MainProcess : INFO       
    #33089  Time: 2013-06-26-23-55-35.691758-CEST From: NLG        To: HUB        Command: flushed() 

2013-06-26-23-55-35.702600-CEST  TTS-7      : DEBUG      
    #33090  Time: 2013-06-26-23-55-35.699366-CEST From: HUB        To: TTS        Command: flush() 

2013-06-26-23-55-35.706320-CEST  MainProcess : INFO       
    #33083  Time: 2013-06-26-23-55-35.624306-CEST From: ASR        To: HUB        Command: asr_start() 

2013-06-26-23-55-35.710156-CEST  MainProcess : INFO       
    #33091  Time: 2013-06-26-23-55-35.703804-CEST From: TTS        To: HUB        Command: flushed() 

2013-06-26-23-55-35.715702-CEST  VoipIO-1   : DEBUG      
    #33092  Time: 2013-06-26-23-55-35.711302-CEST From: HUB        To: VIO        Command: flush_out() 

2013-06-26-23-55-35.721771-CEST  DM-5       : DEBUG      
    DDDState Dialogue Act in: other()

2013-06-26-23-55-35.725817-CEST  MainProcess : INFO       
    #33095  Time: 2013-06-26-23-55-35.718113-CEST From: VoipIO     To: HUB        Command: flushed_out() 

2013-06-26-23-55-35.729767-CEST  DM-5       : DEBUG      
    Context Resolution - Dialogue Act: other()

2013-06-26-23-55-35.733808-CEST  MainProcess : INFO       
    #33093  Time: 2013-06-26-23-55-35.717632-CEST From: SLU        To: HUB        Command: slu_parsed() 

2013-06-26-23-55-35.738124-CEST  DM-5       : DEBUG      
    DDDState - Dialogue state content:
    
    lda = other
    alternative = none
    from_stop = none
    time = none
    
    
    
    

2013-06-26-23-55-35.742497-CEST  DM-5       : DEBUG      
    DDDState
    
    Requested slots:
    {}
    Confirmed slots:
    {}
    Non-informed slots:
    {}

2013-06-26-23-55-35.746879-CEST  DM-5       : DEBUG      
    DM Output
    ------------------------------------------------------------
    notunderstood()&help(inform="from_stop")
    

2013-06-26-23-55-35.809843-CEST  MainProcess : INFO       
    #33104  Time: 2013-06-26-23-55-35.806177-CEST From: DM         To: HUB        Command: dm_da_generated() 

2013-06-26-23-55-35.814045-CEST  NLG-6      : DEBUG      
    NLG Output
    ------------------------------------------------------------
    Nerozuměla jsem. Můžete to zopakovat? Můžete například říct chtěla bych jet z Anděla.
    

2013-06-26-23-55-35.853938-CEST  MainProcess : INFO       
    #33106  Time: 2013-06-26-23-55-35.849257-CEST From: NLG        To: HUB        Command: nlg_text_generated() 

2013-06-26-23-55-35.861066-CEST  MainProcess : INFO       
    #33111  Time: 2013-06-26-23-55-35.855310-CEST From: TTS        To: HUB        Command: tts_start(user_id="None",text="Nerozuměla jsem. Můžete to zopakovat? Můžete například říct chtěla bych jet z Anděla.") 

2013-06-26-23-55-35.899353-CEST  MainProcess : INFO       
    #33113  Time: 2013-06-26-23-55-35.857581-CEST From: VoipIO     To: HUB        Command: play_utterance_start(user_id="None",fname="tts-2013-06-26-23-55-35.851035.wav") 

2013-06-26-23-55-36.004527-CEST  MainProcess : INFO       
    #33558  Time: 2013-06-26-23-55-35.969131-CEST From: TTS        To: HUB        Command: tts_end(user_id="None",text="Nerozuměla jsem. Můžete to zopakovat? Můžete například říct chtěla bych jet z Anděla.",fname="tts-2013-06-26-23-55-35.851035.wav",log="true") 

2013-06-26-23-55-36.071865-CEST  MainProcess : INFO       
    #33566  Time: 2013-06-26-23-55-36.047773-CEST From: VAD        To: HUB        Command: speech_end(fname="vad-2013-06-26-23-55-35.480186.wav") 

2013-06-26-23-55-36.102367-CEST  ASR-3      : DEBUG      
    ASR: speech_end()

2013-06-26-23-55-36.336175-CEST  ASR-3      : DEBUG      
    ASR Hypothesis
    ------------------------------------------------------------
    1.000 __other__
    

2013-06-26-23-55-36.397628-CEST  MainProcess : INFO       
    #33589  Time: 2013-06-26-23-55-36.391836-CEST From: ASR        To: HUB        Command: asr_end() 

2013-06-26-23-55-36.409848-CEST  SLU-4      : DEBUG      
    SLU Hypothesis
    ------------------------------------------------------------
    1.000 other()
    

2013-06-26-23-55-36.462194-CEST  MainProcess : INFO       
    #33596  Time: 2013-06-26-23-55-36.433604-CEST From: VAD        To: HUB        Command: speech_start(fname="vad-2013-06-26-23-55-36.322444.wav") 

2013-06-26-23-55-36.502597-CEST  ASR-3      : DEBUG      
    ASR: speech_start()

2013-06-26-23-55-36.537478-CEST  DM-5       : DEBUG      
    DDDState Dialogue Act in: other()

2013-06-26-23-55-36.571040-CEST  DM-5       : DEBUG      
    Context Resolution - Dialogue Act: other()

2013-06-26-23-55-36.599459-CEST  NLG-6      : DEBUG      
    #33605  Time: 2013-06-26-23-55-36.553200-CEST From: HUB        To: NLG        Command: flush() 

2013-06-26-23-55-36.628324-CEST  MainProcess : INFO       
    #33597  Time: 2013-06-26-23-55-36.434716-CEST From: ASR        To: HUB        Command: asr_start() 

2013-06-26-23-55-36.638666-CEST  DM-5       : DEBUG      
    DDDState - Dialogue state content:
    
    lda = other
    alternative = none
    from_stop = none
    time = none
    
    
    
    

2013-06-26-23-55-36.643401-CEST  MainProcess : INFO       
    #33600  Time: 2013-06-26-23-55-36.493351-CEST From: SLU        To: HUB        Command: slu_parsed() 

2013-06-26-23-55-36.647718-CEST  DM-5       : DEBUG      
    DDDState
    
    Requested slots:
    {}
    Confirmed slots:
    {}
    Non-informed slots:
    {}

2013-06-26-23-55-36.652232-CEST  MainProcess : INFO       
    #33609  Time: 2013-06-26-23-55-36.607470-CEST From: NLG        To: HUB        Command: flushed() 

2013-06-26-23-55-36.657397-CEST  DM-5       : DEBUG      
    DM Output
    ------------------------------------------------------------
    notunderstood()&help(inform="from_stop")
    

2013-06-26-23-55-36.662028-CEST  TTS-7      : DEBUG      
    #33614  Time: 2013-06-26-23-55-36.653699-CEST From: HUB        To: TTS        Command: flush() 

2013-06-26-23-55-36.667212-CEST  MainProcess : INFO       
    #33615  Time: 2013-06-26-23-55-36.663251-CEST From: TTS        To: HUB        Command: flushed() 

2013-06-26-23-55-36.672070-CEST  VoipIO-1   : DEBUG      
    #33616  Time: 2013-06-26-23-55-36.668444-CEST From: HUB        To: VIO        Command: flush_out() 

2013-06-26-23-55-36.677725-CEST  MainProcess : INFO       
    #33617  Time: 2013-06-26-23-55-36.673599-CEST From: VoipIO     To: HUB        Command: flushed_out() 

2013-06-26-23-55-36.752800-CEST  MainProcess : INFO       
    #33624  Time: 2013-06-26-23-55-36.748916-CEST From: DM         To: HUB        Command: dm_da_generated() 

2013-06-26-23-55-36.757148-CEST  NLG-6      : DEBUG      
    NLG Output
    ------------------------------------------------------------
    Promiňte, nerozuměla jsem. Můžete to zopakovat? Můžete například říct chtěla bych jet ze zastávky Malostranské náměstí.
    

2013-06-26-23-55-36.817582-CEST  MainProcess : INFO       
    #33628  Time: 2013-06-26-23-55-36.801868-CEST From: NLG        To: HUB        Command: nlg_text_generated() 

2013-06-26-23-55-36.851170-CEST  MainProcess : INFO       
    #33630  Time: 2013-06-26-23-55-36.802816-CEST From: TTS        To: HUB        Command: tts_start(user_id="None",text="Promiňte, nerozuměla jsem. Můžete to zopakovat? Můžete například říct chtěla bych jet ze zastávky Malostranské náměstí.") 

2013-06-26-23-55-36.894350-CEST  MainProcess : INFO       
    #33632  Time: 2013-06-26-23-55-36.805358-CEST From: VoipIO     To: HUB        Command: play_utterance_start(user_id="None",fname="tts-2013-06-26-23-55-36.802632.wav") 

2013-06-26-23-55-37.022708-CEST  MainProcess : INFO       
    #34247  Time: 2013-06-26-23-55-36.989489-CEST From: TTS        To: HUB        Command: tts_end(user_id="None",text="Promiňte, nerozuměla jsem. Můžete to zopakovat? Můžete například říct chtěla bych jet ze zastávky Malostranské náměstí.",fname="tts-2013-06-26-23-55-36.802632.wav",log="true") 

2013-06-26-23-55-37.032598-CEST  ASR-3      : DEBUG      
    ASR: speech_end()

2013-06-26-23-55-37.037449-CEST  MainProcess : INFO       
    #34253  Time: 2013-06-26-23-55-37.023677-CEST From: VAD        To: HUB        Command: speech_end(fname="vad-2013-06-26-23-55-36.322444.wav") 

2013-06-26-23-55-37.173434-CEST  MainProcess : INFO       
    #34263  Time: 2013-06-26-23-55-37.168186-CEST From: VAD        To: HUB        Command: speech_start(fname="vad-2013-06-26-23-55-37.106593.wav") 

2013-06-26-23-55-37.239452-CEST  NLG-6      : DEBUG      
    #34268  Time: 2013-06-26-23-55-37.220051-CEST From: HUB        To: NLG        Command: flush() 

2013-06-26-23-55-37.268136-CEST  MainProcess : INFO       
    #34269  Time: 2013-06-26-23-55-37.246997-CEST From: NLG        To: HUB        Command: flushed() 

2013-06-26-23-55-37.296610-CEST  ASR-3      : DEBUG      
    ASR Hypothesis
    ------------------------------------------------------------
    1.000 __other__
    

2013-06-26-23-55-37.326179-CEST  TTS-7      : DEBUG      
    #34274  Time: 2013-06-26-23-55-37.276813-CEST From: HUB        To: TTS        Command: flush() 

2013-06-26-23-55-37.357375-CEST  MainProcess : INFO       
    #34279  Time: 2013-06-26-23-55-37.334531-CEST From: TTS        To: HUB        Command: flushed() 

2013-06-26-23-55-37.388115-CEST  SLU-4      : DEBUG      
    SLU Hypothesis
    ------------------------------------------------------------
    1.000 other()
    

2013-06-26-23-55-37.423038-CEST  ASR-3      : DEBUG      
    ASR: speech_start()

2013-06-26-23-55-37.458863-CEST  VoipIO-1   : DEBUG      
    #34283  Time: 2013-06-26-23-55-37.366370-CEST From: HUB        To: VIO        Command: flush_out() 

2013-06-26-23-55-37.480447-CEST  MainProcess : INFO       
    #34280  Time: 2013-06-26-23-55-37.362504-CEST From: ASR        To: HUB        Command: asr_end() 

2013-06-26-23-55-37.486613-CEST  DM-5       : DEBUG      
    DDDState Dialogue Act in: other()

2013-06-26-23-55-37.490910-CEST  MainProcess : INFO       
    #34284  Time: 2013-06-26-23-55-37.447956-CEST From: SLU        To: HUB        Command: slu_parsed() 

2013-06-26-23-55-37.496712-CEST  DM-5       : DEBUG      
    Context Resolution - Dialogue Act: other()

2013-06-26-23-55-37.500596-CEST  MainProcess : INFO       
    #34286  Time: 2013-06-26-23-55-37.470220-CEST From: VoipIO     To: HUB        Command: flushed_out() 

2013-06-26-23-55-37.504576-CEST  DM-5       : DEBUG      
    DDDState - Dialogue state content:
    
    lda = other
    alternative = none
    from_stop = none
    time = none
    
    
    
    

2013-06-26-23-55-37.513545-CEST  MainProcess : INFO       
    #34282  Time: 2013-06-26-23-55-37.365195-CEST From: ASR        To: HUB        Command: asr_start() 

2013-06-26-23-55-37.518127-CEST  DM-5       : DEBUG      
    DDDState
    
    Requested slots:
    {}
    Confirmed slots:
    {}
    Non-informed slots:
    {}

2013-06-26-23-55-37.525356-CEST  DM-5       : DEBUG      
    DM Output
    ------------------------------------------------------------
    notunderstood()&help(inform="from_stop")
    

2013-06-26-23-55-37.608378-CEST  MainProcess : INFO       
    #34303  Time: 2013-06-26-23-55-37.602987-CEST From: DM         To: HUB        Command: dm_da_generated() 

2013-06-26-23-55-37.612928-CEST  NLG-6      : DEBUG      
    NLG Output
    ------------------------------------------------------------
    Nerozuměla jsem. Můžete to zopakovat? Můžete například říct z Anděla.
    

2013-06-26-23-55-37.656421-CEST  MainProcess : INFO       
    #34309  Time: 2013-06-26-23-55-37.650123-CEST From: NLG        To: HUB        Command: nlg_text_generated() 

2013-06-26-23-55-37.673700-CEST  MainProcess : INFO       
    #34311  Time: 2013-06-26-23-55-37.657749-CEST From: TTS        To: HUB        Command: tts_start(user_id="None",text="Nerozuměla jsem. Můžete to zopakovat? Můžete například říct z Anděla.") 

2013-06-26-23-55-37.748691-CEST  MainProcess : INFO       
    #34313  Time: 2013-06-26-23-55-37.661002-CEST From: VoipIO     To: HUB        Command: play_utterance_start(user_id="None",fname="tts-2013-06-26-23-55-37.652591.wav") 

2013-06-26-23-55-37.890797-CEST  MainProcess : INFO       
    #34720  Time: 2013-06-26-23-55-37.840671-CEST From: TTS        To: HUB        Command: tts_end(user_id="None",text="Nerozuměla jsem. Můžete to zopakovat? Můžete například říct z Anděla.",fname="tts-2013-06-26-23-55-37.652591.wav",log="true") 

2013-06-26-23-55-39.676634-CEST  ASR-3      : DEBUG      
    ASR: speech_end()

2013-06-26-23-55-39.681254-CEST  MainProcess : INFO       
    #34836  Time: 2013-06-26-23-55-39.671994-CEST From: VAD        To: HUB        Command: speech_end(fname="vad-2013-06-26-23-55-37.106593.wav") 

2013-06-26-23-55-40.320976-CEST  ASR-3      : DEBUG      
    ASR Hypothesis
    ------------------------------------------------------------
    1.000 __other__
    

2013-06-26-23-55-40.337431-CEST  MainProcess : INFO       
    #34878  Time: 2013-06-26-23-55-40.320075-CEST From: VAD        To: HUB        Command: speech_start(fname="vad-2013-06-26-23-55-40.150091.wav") 

2013-06-26-23-55-40.374500-CEST  SLU-4      : DEBUG      
    SLU Hypothesis
    ------------------------------------------------------------
    1.000 other()
    

2013-06-26-23-55-40.378771-CEST  ASR-3      : DEBUG      
    ASR: speech_start()

2013-06-26-23-55-40.518160-CEST  NLG-6      : DEBUG      
    #34894  Time: 2013-06-26-23-55-40.513692-CEST From: HUB        To: NLG        Command: flush() 

2013-06-26-23-55-40.522588-CEST  MainProcess : INFO       
    #34883  Time: 2013-06-26-23-55-40.368783-CEST From: ASR        To: HUB        Command: asr_end() 

2013-06-26-23-55-40.526733-CEST  MainProcess : INFO       
    #34895  Time: 2013-06-26-23-55-40.519440-CEST From: NLG        To: HUB        Command: flushed() 

2013-06-26-23-55-40.533196-CEST  TTS-7      : DEBUG      
    #34899  Time: 2013-06-26-23-55-40.527872-CEST From: HUB        To: TTS        Command: flush() 

2013-06-26-23-55-40.537479-CEST  MainProcess : INFO       
    #34885  Time: 2013-06-26-23-55-40.371530-CEST From: ASR        To: HUB        Command: asr_start() 

2013-06-26-23-55-40.541442-CEST  MainProcess : INFO       
    #34901  Time: 2013-06-26-23-55-40.534672-CEST From: TTS        To: HUB        Command: flushed() 

2013-06-26-23-55-40.546273-CEST  VoipIO-1   : DEBUG      
    #34902  Time: 2013-06-26-23-55-40.542745-CEST From: HUB        To: VIO        Command: flush_out() 

2013-06-26-23-55-40.552341-CEST  MainProcess : INFO       
    #34903  Time: 2013-06-26-23-55-40.547782-CEST From: VoipIO     To: HUB        Command: flushed_out() 

2013-06-26-23-55-40.583370-CEST  DM-5       : DEBUG      
    DDDState Dialogue Act in: other()

2013-06-26-23-55-40.587668-CEST  MainProcess : INFO       
    #34904  Time: 2013-06-26-23-55-40.577184-CEST From: SLU        To: HUB        Command: slu_parsed() 

2013-06-26-23-55-40.591999-CEST  DM-5       : DEBUG      
    Context Resolution - Dialogue Act: other()

2013-06-26-23-55-40.596544-CEST  DM-5       : DEBUG      
    DDDState - Dialogue state content:
    
    lda = other
    alternative = none
    from_stop = none
    time = none
    
    
    
    

2013-06-26-23-55-40.600956-CEST  DM-5       : DEBUG      
    DDDState
    
    Requested slots:
    {}
    Confirmed slots:
    {}
    Non-informed slots:
    {}

2013-06-26-23-55-40.606167-CEST  DM-5       : DEBUG      
    DM Output
    ------------------------------------------------------------
    notunderstood()&help(inform="from_stop")
    

2013-06-26-23-55-40.734550-CEST  MainProcess : INFO       
    #34914  Time: 2013-06-26-23-55-40.709784-CEST From: DM         To: HUB        Command: dm_da_generated() 

2013-06-26-23-55-40.768962-CEST  NLG-6      : DEBUG      
    NLG Output
    ------------------------------------------------------------
    Promiňte, nerozuměla jsem. Můžete to zopakovat? Můžete například říct chtěla bych jet z Anděla.
    

2013-06-26-23-55-40.860011-CEST  MainProcess : INFO       
    #34927  Time: 2013-06-26-23-55-40.846548-CEST From: NLG        To: HUB        Command: nlg_text_generated() 

2013-06-26-23-55-40.868818-CEST  MainProcess : INFO       
    #34930  Time: 2013-06-26-23-55-40.861546-CEST From: TTS        To: HUB        Command: tts_start(user_id="None",text="Promiňte, nerozuměla jsem. Můžete to zopakovat? Můžete například říct chtěla bych jet z Anděla.") 

2013-06-26-23-55-40.919360-CEST  MainProcess : INFO       
    #34932  Time: 2013-06-26-23-55-40.864469-CEST From: VoipIO     To: HUB        Command: play_utterance_start(user_id="None",fname="tts-2013-06-26-23-55-40.848938.wav") 

2013-06-26-23-55-40.995067-CEST  MainProcess : INFO       
    #35430  Time: 2013-06-26-23-55-40.984716-CEST From: TTS        To: HUB        Command: tts_end(user_id="None",text="Promiňte, nerozuměla jsem. Můžete to zopakovat? Můžete například říct chtěla bych jet z Anděla.",fname="tts-2013-06-26-23-55-40.848938.wav",log="true") 

2013-06-26-23-55-41.109093-CEST  MainProcess : INFO       
    #35439  Time: 2013-06-26-23-55-41.103732-CEST From: VAD        To: HUB        Command: speech_end(fname="vad-2013-06-26-23-55-40.150091.wav") 

2013-06-26-23-55-41.113536-CEST  ASR-3      : DEBUG      
    ASR: speech_end()

2013-06-26-23-55-41.385747-CEST  ASR-3      : DEBUG      
    ASR Hypothesis
    ------------------------------------------------------------
    1.000 __other__
    

2013-06-26-23-55-41.442812-CEST  MainProcess : INFO       
    #35461  Time: 2013-06-26-23-55-41.437918-CEST From: ASR        To: HUB        Command: asr_end() 

2013-06-26-23-55-41.447326-CEST  SLU-4      : DEBUG      
    SLU Hypothesis
    ------------------------------------------------------------
    1.000 other()
    

2013-06-26-23-55-41.492237-CEST  MainProcess : INFO       
    #35465  Time: 2013-06-26-23-55-41.487475-CEST From: SLU        To: HUB        Command: slu_parsed() 

2013-06-26-23-55-41.496805-CEST  DM-5       : DEBUG      
    DDDState Dialogue Act in: other()

2013-06-26-23-55-41.501171-CEST  DM-5       : DEBUG      
    Context Resolution - Dialogue Act: other()

2013-06-26-23-55-41.505327-CEST  DM-5       : DEBUG      
    DDDState - Dialogue state content:
    
    lda = other
    alternative = none
    from_stop = none
    time = none
    
    
    
    

2013-06-26-23-55-41.509997-CEST  DM-5       : DEBUG      
    DDDState
    
    Requested slots:
    {}
    Confirmed slots:
    {}
    Non-informed slots:
    {}

2013-06-26-23-55-41.515098-CEST  DM-5       : DEBUG      
    DM Output
    ------------------------------------------------------------
    notunderstood()&help(inform="from_stop")
    

2013-06-26-23-55-41.633273-CEST  MainProcess : INFO       
    #35477  Time: 2013-06-26-23-55-41.621359-CEST From: DM         To: HUB        Command: dm_da_generated() 

2013-06-26-23-55-41.649216-CEST  NLG-6      : DEBUG      
    NLG Output
    ------------------------------------------------------------
    Promiňte, nerozuměla jsem. Můžete to zopakovat? Můžete například říct chtěla bych jet ze zastávky poliklinika Barandov.
    

2013-06-26-23-55-41.716321-CEST  MainProcess : INFO       
    #35483  Time: 2013-06-26-23-55-41.701662-CEST From: NLG        To: HUB        Command: nlg_text_generated() 

2013-06-26-23-55-41.742169-CEST  MainProcess : INFO       
    #35485  Time: 2013-06-26-23-55-41.721768-CEST From: TTS        To: HUB        Command: tts_start(user_id="None",text="Promiňte, nerozuměla jsem. Můžete to zopakovat? Můžete například říct chtěla bych jet ze zastávky poliklinika Barandov.") 

2013-06-26-23-55-41.914158-CEST  MainProcess : INFO       
    #36085  Time: 2013-06-26-23-55-41.903364-CEST From: TTS        To: HUB        Command: tts_end(user_id="None",text="Promiňte, nerozuměla jsem. Můžete to zopakovat? Můžete například říct chtěla bych jet ze zastávky poliklinika Barandov.",fname="tts-2013-06-26-23-55-41.702669.wav",log="true") 

2013-06-26-23-55-41.946061-CEST  MainProcess : INFO       
    #36091  Time: 2013-06-26-23-55-41.942453-CEST From: VAD        To: HUB        Command: speech_start(fname="vad-2013-06-26-23-55-41.812671.wav") 

2013-06-26-23-55-41.950520-CEST  ASR-3      : DEBUG      
    ASR: speech_start()

2013-06-26-23-55-41.994160-CEST  NLG-6      : DEBUG      
    #36093  Time: 2013-06-26-23-55-41.989510-CEST From: HUB        To: NLG        Command: flush() 

2013-06-26-23-55-41.998520-CEST  MainProcess : INFO       
    #36092  Time: 2013-06-26-23-55-41.944614-CEST From: ASR        To: HUB        Command: asr_start() 

2013-06-26-23-55-42.003958-CEST  MainProcess : INFO       
    #36095  Time: 2013-06-26-23-55-41.995567-CEST From: NLG        To: HUB        Command: flushed() 

2013-06-26-23-55-42.010859-CEST  TTS-7      : DEBUG      
    #36099  Time: 2013-06-26-23-55-42.005181-CEST From: HUB        To: TTS        Command: flush() 

2013-06-26-23-55-42.016759-CEST  MainProcess : INFO       
    #36100  Time: 2013-06-26-23-55-42.012039-CEST From: TTS        To: HUB        Command: flushed() 

2013-06-26-23-55-42.022576-CEST  VoipIO-1   : DEBUG      
    #36101  Time: 2013-06-26-23-55-42.017967-CEST From: HUB        To: VIO        Command: flush_out() 

2013-06-26-23-55-42.045545-CEST  MainProcess : INFO       
    #36102  Time: 2013-06-26-23-55-42.024439-CEST From: VoipIO     To: HUB        Command: flushed_out() 

2013-06-26-23-55-54.709799-CEST  VoipIO-1   : DEBUG      
    CallCallback::on_state : Call with "604607376" <sip:604607376@195.113.20.160> is DISCONNCTD last code = 200 (Normal call clearing)

2013-06-26-23-55-54.819009-CEST  VoipIO-1   : DEBUG      
    VoipIO::on_call_disconnected

2013-06-26-23-55-54.825326-CEST  MainProcess : INFO       
    #36895  Time: 2013-06-26-23-55-54.820318-CEST From: VoipIO     To: HUB        Command: call_disconnected(remote_uri="604607376") 

