2013-06-24-09-15-45.892852-CEST  VoipIO-1   : DEBUG      
    CallCallback::on_state : Call with "777805048" <sip:777805048@195.113.20.160> is CONNECTING last code = 200 (OK)

2013-06-24-09-15-45.897443-CEST  VoipIO-1   : DEBUG      
    VoipIO::on_call_connecting

2013-06-24-09-15-45.903547-CEST  VoipIO-1   : DEBUG      
    CallCallback::on_state : Call with "777805048" <sip:777805048@195.113.20.160> is CONFIRMED last code = 200 (OK)

2013-06-24-09-15-45.926796-CEST  MainProcess : SYSTEM-LOG 
    config = { 'ASR': { 'Google': { 'debug': False, 'language': 'cs', 'maxresults': 20},
               'Julius': { 'adinnetport': 5530,
                           'binary': '/usr/local/bin/julius',
                           'debug': False,
                           'hostname': 'localhost',
                           'jconf': { '-adport': '5530',
                                      '-b': '1000',
                                      '-b2': '100',
                                      '-cmnload': 'cmn.param',
                                      '-cmnmapweight': '200',
                                      '-cmnsave': 'cmn.param',
                                      '-confnet': '',
                                      '-fallback1pass': '',
                                      '-gprune': 'safe',
                                      '-h': '/mnt/h/jurcicek/vystadial-git/alex/resources/asr/voip_en/hmmdefs',
                                      '-hlist': '/mnt/h/jurcicek/vystadial-git/alex/resources/asr/voip_en/tiedlist',
                                      '-htkconf': '/mnt/h/jurcicek/vystadial-git/alex/resources/asr/voip_en/config',
                                      '-input': 'adinnet',
                                      '-iwsp': '',
                                      '-iwsppenalty': '0.0',
                                      '-lmp': '15.0 0.0',
                                      '-lmp2': '15.0 0.0',
                                      '-mapunk': 'UM',
                                      '-module': '10500',
                                      '-n': '50',
                                      '-nlr': '/mnt/h/jurcicek/vystadial-git/alex/resources/lm/caminfo/julius_arpa_bigram',
                                      '-no_ccd': '',
                                      '-nrl': '/mnt/h/jurcicek/vystadial-git/alex/resources/lm/caminfo/julius_arpa_rev_bigram',
                                      '-silhead': '<s>',
                                      '-siltail': '</s>',
                                      '-spmodel': 'sp',
                                      '-tmix': '4',
                                      '-v': '/mnt/h/jurcicek/vystadial-git/alex/resources/lm/caminfo/julius_dict'},
                           'jconffile': 'julius.jconf',
                           'killall': False,
                           'logfile': 'julius.log',
                           'msg_timeout': 0.3,
                           'pidfile': 'julius.pid',
                           'reuse_server': False,
                           'serverport': 10500,
                           'start_max_wait_time': 15,
                           'start_wait_time': 0.5,
                           'timeout': 2.0},
               'Kaldi': { 'LM_scale': -6666.66,
                          'hypothesis_type': 'nblist',
                          'lat_depth': 666666,
                          'model': 'TODO_path_to_model'},
               'debug': True,
               'type': 'Google'},
      'AlexOnTheBus': { 'max_turns': 30},
      'Analytics': Analytics(account_id='UA-41905278-1', domain_name='cuni.cz'),
      'Audio': { 'sample_rate': 16000, 'samples_per_frame': 256},
      'AudioIO': { 'debug': True, 'output_dir': './aio_call_log', 'play_buffer_size': 1024},
      'DM': { 'PUfalRuleDM': { 'code_submit_url': None,
                               'db_cfg': '/mnt/h/jurcicek/vystadial-git/alex/resources/../applications/CamInfoRest/cued_data/CIRdbase_V7_noloc.txt',
                               'ontology': '/mnt/h/jurcicek/vystadial-git/alex/resources/../applications/CamInfoRest/ontology.cfg',
                               'provide_code': False},
              'UfalRuleDM': { 'code_submit_url': None,
                              'db_cfg': '/mnt/h/jurcicek/vystadial-git/alex/resources/../applications/CamInfoRest/cued_data/CIRdbase_V7_noloc.txt',
                              'ontology': '/mnt/h/jurcicek/vystadial-git/alex/resources/../applications/CamInfoRest/ontology.cfg',
                              'provide_code': False},
              'basic': { 'debug': True},
              'debug': True,
              'dialogue_policy': { 'type': <class 'alex.applications.AlexOnTheBus.aotb_hdc_policy.AOTBHDCPolicy'>},
              'dialogue_state': { 'type': <class 'alex.components.dm.dddstate.DeterministicDiscriminativeDialogueState'>},
              'ontology': '/mnt/h/jurcicek/vystadial-git/alex/applications/AlexOnTheBus/data/ontology.py',
              'type': 'basic'},
      'General': { 'debug': False, 'include': ['/mnt/h/jurcicek/vystadial-git/alex/resources/private/default.cfg']},
      'Hub': { 'history_file': 'hub_history_hub.txt', 'history_length': 1000, 'main_loop_sleep_time': 0.002},
      'Logging': { 'session_logger': SessionLogger(),
                   'system_logger': SystemLogger(output_dir=/net/projects/vystadial/data/call-logs/2013-05-30-alex-aotb-prototype, stdout_log_level='DEBUG', stdout=True, file_log_level='DEBUG'),
                   'system_name': u'Alex On The Bus - Live',
                   'version': u'1.0'},
      'NLG': { 'Template': { 'model': '/mnt/h/jurcicek/vystadial-git/alex/applications/AlexOnTheBus/nlg_templates.cfg'},
               'debug': True,
               'type': 'Template'},
      'SHub': { 'history_file': 'hub_history_shub.txt', 'history_length': 1000},
      'SLU': { 'cl-tracing': { 'cldb_fname': '/mnt/h/jurcicek/vystadial-git/alex/applications/CamInfoRest/data/database.py',
                               'do_preprocessing': True,
                               'features_type': ('ngram',),
                               'testing': { 'max_examples': None,
                                            'min_perc': 80,
                                            'model_fname': '/mnt/h/jurcicek/vystadial-git/alex/applications/CamInfoRest/models/130516_minf60-minfc35-mind60.slu_model.gz',
                                            'renormalise': True,
                                            'threshold': None,
                                            'vanilla': True},
                               'training': { 'models_dir': 'models'}},
               'debug': True,
               'type': <class 'alex.applications.AlexOnTheBus.aotb_slu.AOTBSLU'>,
               <class 'alex.applications.AlexOnTheBus.aotb_slu.AOTBSLU'>: { 'cldb_fname': '/mnt/h/jurcicek/vystadial-git/alex/applications/AlexOnTheBus/data/database.py',
                                                                            'preprocessing_cls': <class 'alex.applications.AlexOnTheBus.aotb_preprocessing.AOTBSLUPreprocessing'>,
                                                                            'training': { 'models_dir': 'models'}}},
      'THub': { 'history_file': 'hub_history_thub.txt', 'history_length': 1000},
      'TTS': { 'Flite': { 'debug': False,
                          'preprocessing': '/mnt/h/jurcicek/vystadial-git/alex/resources/tts/prep_flite_en.cfg',
                          'voice': 'kal16'},
               'Google': { 'debug': False,
                           'language': 'en',
                           'preprocessing': '/mnt/h/jurcicek/vystadial-git/alex/resources/tts/prep_google_en.cfg'},
               'SpeechTech': { 'debug': True,
                               'login': 'filipjurcicek',
    # this line was removed since it included a password
                               'preprocessing': '/mnt/h/jurcicek/vystadial-git/alex/resources/tts/prep_speechtech_cs.cfg',
                               'voice': 'Iva210'},
               'VoiceRSS': { 'api_key': '3b6a9fca5d724b1c8ac34691586cdda1'},
               'VoiceRss': { 'language': 'en-gb',
                             'preprocessing': '/mnt/h/jurcicek/vystadial-git/alex/resources/tts/prep_voicerss_en.cfg'},
               'debug': True,
               'final_silence_removal_proportion': 0.8,
               'type': 'SpeechTech'},
      'VAD': { 'debug': False,
               'decision_frames_sil': 25,
               'decision_frames_speech': 10,
               'decision_non_speech_threshold': 0.2,
               'decision_speech_threshold': 0.7,
               'gmm': { 'ceplifter': 22,
                        'enormalise': True,
                        'filter_length': 5,
                        'frameshift': 160,
                        'framesize': 512,
                        'frontend': 'MFCC',
                        'hifreq': 3800,
                        'lofreq': 125,
                        'numceps': 12,
                        'numchans': 26,
                        'preemcoef': 0.97,
                        'sil_model': '/mnt/h/jurcicek/vystadial-git/alex/resources/vad/voip_en/vad_sil_sds_mfcc_m064_f100000.gmm',
                        'speech_model': '/mnt/h/jurcicek/vystadial-git/alex/resources/vad/voip_en/vad_speech_sds_mfcc_m064_f100000.gmm',
                        'useacc': True,
                        'usec0': False,
                        'usecmn': False,
                        'usedelta': True,
                        'usehamming': True,
                        'usepower': True,
                        'zmeansource': True},
               'power': { 'adaptation_frames': 30, 'threshold': 70, 'threshold_multiplier': 1.0},
               'speech_buffer_frames': 20,
               'type': 'gmm'},
      'VoipHub': { 'blacklist_for': 7200,
                   'call_db': u'/net/projects/vystadial/data/call-logs/2013-05-30-alex-aotb-prototype/call_db.pckl',
                   'hard_time_limit': 360,
                   'hard_turn_limit': 40,
                   'history_length': 1000,
                   'last_period_max_num_calls': 20,
                   'last_period_max_total_time': 1800,
                   'limit_reached_message': u'D\u011bkujeme za zavol\xe1n\xed, ale u\u017e jste volali hodn\u011b. Pros\xedm zavolejte pozd\u011bji. Na shledanou.',
                   'period': 172800,
                   'pid_file': u'/net/projects/vystadial/data/call-logs/2013-05-30-alex-aotb-prototype/vhub_live.pid',
                   'wait_time_before_calling_back': 10},
      'VoipIO': { 'allowed_hosts': '',
                  'allowed_phone_numbers': '(^[234567])',
                  'allowed_users': '(^[234567])',
                  'debug': True,
                  'domain': 'vystadial.ms.mff.cuni.cz',
                  'forbidden_hosts': '',
                  'forbidden_phone_number': '(^112$|^150$|^155$|^156$|^158$)',
                  'forbidden_users': '(^112$|^150$|^155$|^156$|^158$)',
    # this line was removed since it included a password
                  'pjsip_log_level': 3,
                  'reject_calls': False,
                  'user': '800899998'},
      'WebHub': { 'port': 8000},
      'corpustools': { 'get_jasr_confnets': { 'frame_size': 256, 'rt_ratio': 0.2}}}
    

2013-06-24-09-15-45.966227-CEST  VoipIO-1   : DEBUG      
    VoipIO::on_call_confirmed

2013-06-24-09-15-45.998971-CEST  MainProcess : INFO       
    #2      Time: 2013-06-24-09-15-45.898846-CEST From: VoipIO     To: HUB        Command: call_connecting(remote_uri="777805048") 

2013-06-24-09-15-46.008154-CEST  MainProcess : INFO       
    #3      Time: 2013-06-24-09-15-45.967704-CEST From: VoipIO     To: HUB        Command: call_confirmed(remote_uri="777805048") 

2013-06-24-09-15-46.015877-CEST  MainProcess : INFO       
    
    ========================================================================================================================
    Incoming call from :          777805048
    ------------------------------------------------------------------------------------------------------------------------
    Total calls:                  25
    Total time (min):             57.7
    Last period total calls:      5
    Last period total time (min): 16.2
    ------------------------------------------------------------------------------------------------------------------------
    CALL ACCEPTED
    ========================================================================================================================
    

2013-06-24-09-15-46.022878-CEST  DM-5       : DEBUG      
    #5      Time: 2013-06-24-09-15-46.012067-CEST From: HUB        To: DM         Command: new_dialogue() 

2013-06-24-09-15-46.027925-CEST  DM-5       : DEBUG      
    DM Output
    ------------------------------------------------------------
    hello()
    

2013-06-24-09-15-46.055449-CEST  NLG-6      : DEBUG      
    NLG Output
    ------------------------------------------------------------
    Dobrý den, dovolali jste se na informace o veřejné dopravě v Praze. Tato experimentální služba je poskytována laboratoří výzkumu hlasových dialogových systémů na Ústavu Formální a Aplikované Lingvistiky na Karlově Univerzitě. Hovor je nahráván. Více informací o této službě je na internetu. Jak Vám mohu pomoci. 
    

2013-06-24-09-15-46.060346-CEST  MainProcess : INFO       
    #9      Time: 2013-06-24-09-15-46.049494-CEST From: DM         To: HUB        Command: dm_da_generated() 

2013-06-24-09-15-46.076652-CEST  MainProcess : INFO       
    #10     Time: 2013-06-24-09-15-46.072057-CEST From: NLG        To: HUB        Command: nlg_text_generated() 

2013-06-24-09-15-46.085535-CEST  MainProcess : INFO       
    #13     Time: 2013-06-24-09-15-46.078202-CEST From: TTS        To: HUB        Command: tts_start(user_id="None",text="Dobrý den, dovolali jste se na informace o veřejné dopravě v Praze. Tato experimentální služba je poskytována laboratoří výzkumu hlasových dialogových systémů na Ústavu Formální a Aplikované Lingvistiky na Karlově Univerzitě. Hovor je nahráván. Více informací o této službě je na internetu. Jak Vám mohu pomoci. ") 

2013-06-24-09-15-46.162883-CEST  MainProcess : INFO       
    #16     Time: 2013-06-24-09-15-46.082219-CEST From: VoipIO     To: HUB        Command: play_utterance_start(user_id="None",fname="tts-2013-06-24-09-15-46.073530.wav") 

2013-06-24-09-15-46.556277-CEST  MainProcess : INFO       
    #1525   Time: 2013-06-24-09-15-46.540425-CEST From: TTS        To: HUB        Command: tts_end(user_id="None",text="Dobrý den, dovolali jste se na informace o veřejné dopravě v Praze. Tato experimentální služba je poskytována laboratoří výzkumu hlasových dialogových systémů na Ústavu Formální a Aplikované Lingvistiky na Karlově Univerzitě. Hovor je nahráván. Více informací o této službě je na internetu. Jak Vám mohu pomoci. ",fname="tts-2013-06-24-09-15-46.073530.wav",log="true") 

2013-06-24-09-16-09.718083-CEST  MainProcess : INFO       
    #2974   Time: 2013-06-24-09-16-09.709795-CEST From: VoipIO     To: HUB        Command: play_utterance_end(user_id="None",fname="tts-2013-06-24-09-15-46.073530.wav) 

2013-06-24-09-16-13.841771-CEST  MainProcess : INFO       
    #3232   Time: 2013-06-24-09-16-13.836084-CEST From: VAD        To: HUB        Command: speech_start(fname="vad-2013-06-24-09-16-13.814090.wav") 

2013-06-24-09-16-13.847430-CEST  ASR-3      : DEBUG      
    ASR: speech_start()

2013-06-24-09-16-13.852415-CEST  MainProcess : INFO       
    #3233   Time: 2013-06-24-09-16-13.837609-CEST From: ASR        To: HUB        Command: asr_start() 

2013-06-24-09-16-18.636679-CEST  ASR-3      : DEBUG      
    ASR: speech_end()

2013-06-24-09-16-18.641692-CEST  MainProcess : INFO       
    #3535   Time: 2013-06-24-09-16-18.630825-CEST From: VAD        To: HUB        Command: speech_end(fname="vad-2013-06-24-09-16-13.814090.wav") 

2013-06-24-09-16-19.665666-CEST  ASR-3      : DEBUG      
    ASR Hypothesis
    ------------------------------------------------------------
    0.690 dobrý den chtěl bych zastávky poliklinika barrandov na malostranské náměstí
    0.069 dobrý den chtěl bych zastávky poliklinika barandov na malostranské náměstí
    0.060 dobrý den chtěl bych zastávky poliklinika barrandov malostranské náměstí
    0.052 dobrý den chtěl vidět zastávky poliklinika barrandov na malostranské náměstí
    0.043 dobrý den chtěl vidět zastávky poliklinika barandov na malostranské náměstí
    0.034 dobrý den chtěl bych jet zastávky poliklinika barrandov na malostranské náměstí
    0.026 dobrý den chtěl bych jet zastávky poliklinika barandov na malostranské náměstí
    0.017 dobrý den chtěl vidět zastávky poliklinika barrandov malostranské náměstí
    0.009 dobrý den chtěl bych zastávky poliklinika barandov malostranské náměstí
    0.000 __other__
    

2013-06-24-09-16-19.686189-CEST  MainProcess : INFO       
    #3602   Time: 2013-06-24-09-16-19.681529-CEST From: ASR        To: HUB        Command: asr_end() 

2013-06-24-09-16-20.709403-CEST  SLU-4      : DEBUG      
    SLU Hypothesis
    ------------------------------------------------------------
    1.000 hello()
    0.991 inform(to_stop="Malostranské náměstí")
    0.854 inform(from_stop="Poliklinika Barrandov")
    0.009 inform(="Malostranské náměstí")
    

2013-06-24-09-16-20.733906-CEST  MainProcess : INFO       
    #3670   Time: 2013-06-24-09-16-20.729662-CEST From: SLU        To: HUB        Command: slu_parsed() 

2013-06-24-09-16-20.738218-CEST  DM-5       : DEBUG      
    DDDState Dialogue Act in: hello()&inform(to_stop="Malostranské náměstí")&inform(from_stop="Poliklinika Barrandov")

2013-06-24-09-16-20.742444-CEST  DM-5       : DEBUG      
    Context Resolution - Dialogue Act: hello()&inform(to_stop="Malostranské náměstí")&inform(from_stop="Poliklinika Barrandov")

2013-06-24-09-16-20.746995-CEST  DM-5       : DEBUG      
    DDDState - Dialogue state content:
    
    lda = hello
    from_stop = Poliklinika Barrandov
    to_stop = Malostranské náměstí
    
    
    
    

2013-06-24-09-16-20.751269-CEST  DM-5       : DEBUG      
    DDDState
    
    Requested slots:
    {}
    Confirmed slots:
    {}
    Non-informed slots:
    {u'to_stop': u'Malostransk\xe9 n\xe1m\u011bst\xed', u'from_stop': u'Poliklinika Barrandov'}

2013-06-24-09-16-21.094468-CEST  DM-5       : DEBUG      
    DM Output
    ------------------------------------------------------------
    iconfirm(to_stop="Malostranské náměstí")&iconfirm(from_stop="Poliklinika Barrandov")&inform(found_directions="true")&inform(alternative="1")&inform(vehicle="TRAM")&inform(line="20")&inform(go_at="09:19")&inform(enter_at="Poliklinika Barrandov")&inform(headsign="Divoká Šárka")&inform(exit_at="Malostranské náměstí")
    

2013-06-24-09-16-21.125152-CEST  MainProcess : INFO       
    #3696   Time: 2013-06-24-09-16-21.119802-CEST From: DM         To: HUB        Command: dm_da_generated() 

2013-06-24-09-16-21.251888-CEST  NLG-6      : DEBUG      
    NLG Output
    ------------------------------------------------------------
    Do zastávky Malostranské náměstí. Ze zastávky Poliklinika Barrandov. Našla jsem následující spojení. Možnost první. Jeďte tramvají číslo 20 v 09:19 ze zastávky Poliklinika Barrandov směrem Divoká Šárka. Vystupte na zastávce Malostranské náměstí.
    

2013-06-24-09-16-21.269424-CEST  MainProcess : INFO       
    #3706   Time: 2013-06-24-09-16-21.265575-CEST From: NLG        To: HUB        Command: nlg_text_generated() 

2013-06-24-09-16-21.276613-CEST  MainProcess : INFO       
    #3708   Time: 2013-06-24-09-16-21.271000-CEST From: TTS        To: HUB        Command: tts_start(user_id="None",text="Do zastávky Malostranské náměstí. Ze zastávky Poliklinika Barrandov. Našla jsem následující spojení. Možnost první. Jeďte tramvají číslo 20 v 09:19 ze zastávky Poliklinika Barrandov směrem Divoká Šárka. Vystupte na zastávce Malostranské náměstí.") 

2013-06-24-09-16-21.295816-CEST  MainProcess : INFO       
    #3710   Time: 2013-06-24-09-16-21.274056-CEST From: VoipIO     To: HUB        Command: play_utterance_start(user_id="None",fname="tts-2013-06-24-09-16-21.266171.wav") 

2013-06-24-09-16-23.744106-CEST  MainProcess : INFO       
    #5225   Time: 2013-06-24-09-16-23.728834-CEST From: TTS        To: HUB        Command: tts_end(user_id="None",text="Do zastávky Malostranské náměstí. Ze zastávky Poliklinika Barrandov. Našla jsem následující spojení. Možnost první. Jeďte tramvají číslo 20 v 09:19 ze zastávky Poliklinika Barrandov směrem Divoká Šárka. Vystupte na zastávce Malostranské náměstí.",fname="tts-2013-06-24-09-16-21.266171.wav",log="true") 

2013-06-24-09-16-42.927820-CEST  MainProcess : INFO       
    #6418   Time: 2013-06-24-09-16-42.813926-CEST From: VoipIO     To: HUB        Command: play_utterance_end(user_id="None",fname="tts-2013-06-24-09-16-21.266171.wav) 

2013-06-24-09-16-47.313059-CEST  MainProcess : INFO       
    #6700   Time: 2013-06-24-09-16-47.307591-CEST From: VAD        To: HUB        Command: speech_start(fname="vad-2013-06-24-09-16-47.279731.wav") 

2013-06-24-09-16-47.317683-CEST  ASR-3      : DEBUG      
    ASR: speech_start()

2013-06-24-09-16-47.322326-CEST  MainProcess : INFO       
    #6701   Time: 2013-06-24-09-16-47.309427-CEST From: ASR        To: HUB        Command: asr_start() 

2013-06-24-09-16-48.309577-CEST  ASR-3      : DEBUG      
    ASR: speech_end()

2013-06-24-09-16-48.314269-CEST  MainProcess : INFO       
    #6767   Time: 2013-06-24-09-16-48.305666-CEST From: VAD        To: HUB        Command: speech_end(fname="vad-2013-06-24-09-16-47.279731.wav") 

2013-06-24-09-16-48.765433-CEST  ASR-3      : DEBUG      
    ASR Hypothesis
    ------------------------------------------------------------
    0.541 odkud to jede
    0.083 odkud jede
    0.075 odkud pojede
    0.067 pojede
    0.058 odkud to jde
    0.050 od kud to jede
    0.042 pokud to jede
    0.033 pokud to jde
    0.025 od kud to jde
    0.017 odkud se jede
    0.008 pokud se jede
    

2013-06-24-09-16-48.786951-CEST  MainProcess : INFO       
    #6796   Time: 2013-06-24-09-16-48.781527-CEST From: ASR        To: HUB        Command: asr_end() 

2013-06-24-09-16-49.519974-CEST  SLU-4      : DEBUG      
    SLU Hypothesis
    ------------------------------------------------------------
    0.666 request(from_stop)
    0.334 other()
    

2013-06-24-09-16-49.544207-CEST  MainProcess : INFO       
    #6846   Time: 2013-06-24-09-16-49.539954-CEST From: SLU        To: HUB        Command: slu_parsed() 

2013-06-24-09-16-49.548749-CEST  DM-5       : DEBUG      
    DDDState Dialogue Act in: request(from_stop)

2013-06-24-09-16-49.552707-CEST  DM-5       : DEBUG      
    Context Resolution - Dialogue Act: request(from_stop)

2013-06-24-09-16-49.557857-CEST  DM-5       : DEBUG      
    DDDState - Dialogue state content:
    
    lda = none
    alternative = none
    from_stop = Poliklinika Barrandov
    route_alternative = 0
    time = none
    to_stop = Malostranské náměstí
    
    rh_alternative = system-informed
    rh_enter_at = system-informed
    rh_exit_at = system-informed
    rh_found_directions = system-informed
    rh_from_stop = user-requested
    rh_go_at = system-informed
    rh_headsign = system-informed
    rh_line = system-informed
    rh_to_stop = system-informed
    rh_vehicle = system-informed
    
    ch_alternative = system-informed
    ch_enter_at = system-informed
    ch_exit_at = system-informed
    ch_found_directions = system-informed
    ch_from_stop = system-informed
    ch_go_at = system-informed
    ch_headsign = system-informed
    ch_line = system-informed
    ch_to_stop = system-informed
    ch_vehicle = system-informed
    
    sh_alternative = system-informed
    sh_enter_at = system-informed
    sh_exit_at = system-informed
    sh_found_directions = system-informed
    sh_from_stop = system-informed
    sh_go_at = system-informed
    sh_headsign = system-informed
    sh_line = system-informed
    sh_to_stop = system-informed
    sh_vehicle = system-informed
    

2013-06-24-09-16-49.562760-CEST  DM-5       : DEBUG      
    DDDState
    
    Requested slots:
    {u'from_stop': u'Poliklinika Barrandov'}
    Confirmed slots:
    {}
    Non-informed slots:
    {u'route_alternative': 0}

2013-06-24-09-16-49.567326-CEST  DM-5       : DEBUG      
    DM Output
    ------------------------------------------------------------
    inform(from_stop="Poliklinika Barrandov")&inform(vehicle="TRAM")&inform(line="20")&inform(headsign="Divoká Šárka")
    

2013-06-24-09-16-49.606148-CEST  MainProcess : INFO       
    #6852   Time: 2013-06-24-09-16-49.601975-CEST From: DM         To: HUB        Command: dm_da_generated() 

2013-06-24-09-16-49.613791-CEST  NLG-6      : DEBUG      
    NLG Output
    ------------------------------------------------------------
    Ze zastávky Poliklinika Barrandov. Jeďte tramvají číslo 20 směrem Divoká Šárka.
    

2013-06-24-09-16-49.636936-CEST  MainProcess : INFO       
    #6855   Time: 2013-06-24-09-16-49.632095-CEST From: NLG        To: HUB        Command: nlg_text_generated() 

2013-06-24-09-16-49.644658-CEST  MainProcess : INFO       
    #6860   Time: 2013-06-24-09-16-49.638271-CEST From: TTS        To: HUB        Command: tts_start(user_id="None",text="Ze zastávky Poliklinika Barrandov. Jeďte tramvají číslo 20 směrem Divoká Šárka.") 

2013-06-24-09-16-49.665727-CEST  MainProcess : INFO       
    #6862   Time: 2013-06-24-09-16-49.641563-CEST From: VoipIO     To: HUB        Command: play_utterance_start(user_id="None",fname="tts-2013-06-24-09-16-49.634288.wav") 

2013-06-24-09-16-49.748277-CEST  MainProcess : INFO       
    #7293   Time: 2013-06-24-09-16-49.741841-CEST From: TTS        To: HUB        Command: tts_end(user_id="None",text="Ze zastávky Poliklinika Barrandov. Jeďte tramvají číslo 20 směrem Divoká Šárka.",fname="tts-2013-06-24-09-16-49.634288.wav",log="true") 

2013-06-24-09-16-56.496205-CEST  MainProcess : INFO       
    #7674   Time: 2013-06-24-09-16-55.831084-CEST From: VoipIO     To: HUB        Command: play_utterance_end(user_id="None",fname="tts-2013-06-24-09-16-49.634288.wav) 

2013-06-24-09-16-58.002512-CEST  MainProcess : INFO       
    #7812   Time: 2013-06-24-09-16-57.997271-CEST From: VAD        To: HUB        Command: speech_start(fname="vad-2013-06-24-09-16-57.962656.wav") 

2013-06-24-09-16-58.007230-CEST  ASR-3      : DEBUG      
    ASR: speech_start()

2013-06-24-09-16-58.012033-CEST  MainProcess : INFO       
    #7813   Time: 2013-06-24-09-16-57.998958-CEST From: ASR        To: HUB        Command: asr_start() 

2013-06-24-09-16-58.684432-CEST  MainProcess : INFO       
    #7859   Time: 2013-06-24-09-16-58.679981-CEST From: VAD        To: HUB        Command: speech_end(fname="vad-2013-06-24-09-16-57.962656.wav") 

2013-06-24-09-16-58.688940-CEST  ASR-3      : DEBUG      
    ASR: speech_end()

2013-06-24-09-16-59.090137-CEST  ASR-3      : DEBUG      
    ASR Hypothesis
    ------------------------------------------------------------
    0.729 kam to jede
    0.090 kam to jde
    0.072 kam pojede
    0.054 kam pojedeme
    0.036 kam pojedem
    0.018 tam pojede
    0.000 __other__
    

2013-06-24-09-16-59.121708-CEST  MainProcess : INFO       
    #7888   Time: 2013-06-24-09-16-59.116261-CEST From: ASR        To: HUB        Command: asr_end() 

2013-06-24-09-16-59.522779-CEST  SLU-4      : DEBUG      
    SLU Hypothesis
    ------------------------------------------------------------
    0.838 request(to_stop)
    0.162 other()
    

2013-06-24-09-16-59.548684-CEST  MainProcess : INFO       
    #7914   Time: 2013-06-24-09-16-59.544833-CEST From: SLU        To: HUB        Command: slu_parsed() 

2013-06-24-09-16-59.553478-CEST  DM-5       : DEBUG      
    DDDState Dialogue Act in: request(to_stop)

2013-06-24-09-16-59.558335-CEST  DM-5       : DEBUG      
    Context Resolution - Dialogue Act: request(to_stop)

2013-06-24-09-16-59.564600-CEST  DM-5       : DEBUG      
    DDDState - Dialogue state content:
    
    lda = none
    alternative = none
    from_stop = Poliklinika Barrandov
    route_alternative = 0
    time = none
    to_stop = Malostranské náměstí
    
    rh_alternative = system-informed
    rh_enter_at = system-informed
    rh_exit_at = system-informed
    rh_found_directions = system-informed
    rh_from_stop = system-informed
    rh_go_at = system-informed
    rh_headsign = system-informed
    rh_line = system-informed
    rh_to_stop = user-requested
    rh_vehicle = system-informed
    
    ch_alternative = system-informed
    ch_enter_at = system-informed
    ch_exit_at = system-informed
    ch_found_directions = system-informed
    ch_from_stop = system-informed
    ch_go_at = system-informed
    ch_headsign = system-informed
    ch_line = system-informed
    ch_to_stop = system-informed
    ch_vehicle = system-informed
    
    sh_alternative = system-informed
    sh_enter_at = system-informed
    sh_exit_at = system-informed
    sh_found_directions = system-informed
    sh_from_stop = system-informed
    sh_go_at = system-informed
    sh_headsign = system-informed
    sh_line = system-informed
    sh_to_stop = system-informed
    sh_vehicle = system-informed
    

2013-06-24-09-16-59.570236-CEST  DM-5       : DEBUG      
    DDDState
    
    Requested slots:
    {u'to_stop': u'Malostransk\xe9 n\xe1m\u011bst\xed'}
    Confirmed slots:
    {}
    Non-informed slots:
    {u'route_alternative': 0}

2013-06-24-09-16-59.575592-CEST  DM-5       : DEBUG      
    DM Output
    ------------------------------------------------------------
    inform(to_stop="Malostranské náměstí")&inform(arrive_at="09:44")
    

2013-06-24-09-16-59.641380-CEST  MainProcess : INFO       
    #7924   Time: 2013-06-24-09-16-59.637029-CEST From: DM         To: HUB        Command: dm_da_generated() 

2013-06-24-09-16-59.646503-CEST  NLG-6      : DEBUG      
    NLG Output
    ------------------------------------------------------------
    Do zastávky Malostranské náměstí. Budete tam v 09:44 .
    

2013-06-24-09-16-59.677812-CEST  MainProcess : INFO       
    #7926   Time: 2013-06-24-09-16-59.673513-CEST From: NLG        To: HUB        Command: nlg_text_generated() 

2013-06-24-09-16-59.685563-CEST  MainProcess : INFO       
    #7929   Time: 2013-06-24-09-16-59.679476-CEST From: TTS        To: HUB        Command: tts_start(user_id="None",text="Do zastávky Malostranské náměstí. Budete tam v 09:44 .") 

2013-06-24-09-16-59.711394-CEST  MainProcess : INFO       
    #7932   Time: 2013-06-24-09-16-59.682780-CEST From: VoipIO     To: HUB        Command: play_utterance_start(user_id="None",fname="tts-2013-06-24-09-16-59.675502.wav") 

2013-06-24-09-17-00.715250-CEST  MainProcess : INFO       
    #8411   Time: 2013-06-24-09-17-00.706932-CEST From: TTS        To: HUB        Command: tts_end(user_id="None",text="Do zastávky Malostranské náměstí. Budete tam v 09:44 .",fname="tts-2013-06-24-09-16-59.675502.wav",log="true") 

2013-06-24-09-17-06.351637-CEST  MainProcess : INFO       
    #8754   Time: 2013-06-24-09-17-06.179367-CEST From: VoipIO     To: HUB        Command: play_utterance_end(user_id="None",fname="tts-2013-06-24-09-16-59.675502.wav) 

2013-06-24-09-17-09.926305-CEST  MainProcess : INFO       
    #8990   Time: 2013-06-24-09-17-09.921055-CEST From: VAD        To: HUB        Command: speech_start(fname="vad-2013-06-24-09-17-09.880997.wav") 

2013-06-24-09-17-09.931084-CEST  ASR-3      : DEBUG      
    ASR: speech_start()

2013-06-24-09-17-09.935539-CEST  MainProcess : INFO       
    #8991   Time: 2013-06-24-09-17-09.922669-CEST From: ASR        To: HUB        Command: asr_start() 

2013-06-24-09-17-11.126454-CEST  ASR-3      : DEBUG      
    ASR: speech_end()

2013-06-24-09-17-11.131398-CEST  MainProcess : INFO       
    #9067   Time: 2013-06-24-09-17-11.122296-CEST From: VAD        To: HUB        Command: speech_end(fname="vad-2013-06-24-09-17-09.880997.wav") 

2013-06-24-09-17-11.648162-CEST  ASR-3      : DEBUG      
    ASR Hypothesis
    ------------------------------------------------------------
    0.552 kolik má přestupu
    0.045 kolik má přestupku
    0.042 kolik máte stupňů
    0.040 kolik má přestupků
    0.038 kolik má přestupů
    0.035 kolik ma přestupu
    0.033 kolik ma přestupku
    0.031 kolik má přestávku
    0.028 kolik má přístupu
    0.026 kolik ma přestupků
    0.024 kolik ma přestupů
    0.021 kolik máte přestávku
    0.019 kolik mám přestávku
    0.017 kolik ma přístupu
    0.014 kolik mám přestupu
    0.012 kolik mám přestupku
    0.009 kolik to má přestávku
    0.007 kolik máš přestupu
    0.005 kolik máš přestupku
    0.002 kolik mas přestupu
    0.000 __other__
    

2013-06-24-09-17-11.679424-CEST  MainProcess : INFO       
    #9104   Time: 2013-06-24-09-17-11.673587-CEST From: ASR        To: HUB        Command: asr_end() 

2013-06-24-09-17-12.793116-CEST  SLU-4      : DEBUG      
    SLU Hypothesis
    ------------------------------------------------------------
    0.875 request(num_transfers)
    0.125 other()
    

2013-06-24-09-17-12.813308-CEST  MainProcess : INFO       
    #9178   Time: 2013-06-24-09-17-12.808439-CEST From: SLU        To: HUB        Command: slu_parsed() 

2013-06-24-09-17-12.817116-CEST  DM-5       : DEBUG      
    DDDState Dialogue Act in: request(num_transfers)

2013-06-24-09-17-12.820660-CEST  DM-5       : DEBUG      
    Context Resolution - Dialogue Act: request(num_transfers)

2013-06-24-09-17-12.824517-CEST  DM-5       : DEBUG      
    DDDState - Dialogue state content:
    
    lda = none
    alternative = none
    from_stop = Poliklinika Barrandov
    route_alternative = 0
    time = none
    to_stop = Malostranské náměstí
    
    rh_alternative = system-informed
    rh_arrive_at = system-informed
    rh_enter_at = system-informed
    rh_exit_at = system-informed
    rh_found_directions = system-informed
    rh_from_stop = system-informed
    rh_go_at = system-informed
    rh_headsign = system-informed
    rh_line = system-informed
    rh_num_transfers = user-requested
    rh_to_stop = system-informed
    rh_vehicle = system-informed
    
    ch_alternative = system-informed
    ch_arrive_at = system-informed
    ch_enter_at = system-informed
    ch_exit_at = system-informed
    ch_found_directions = system-informed
    ch_from_stop = system-informed
    ch_go_at = system-informed
    ch_headsign = system-informed
    ch_line = system-informed
    ch_to_stop = system-informed
    ch_vehicle = system-informed
    
    sh_alternative = system-informed
    sh_arrive_at = system-informed
    sh_enter_at = system-informed
    sh_exit_at = system-informed
    sh_found_directions = system-informed
    sh_from_stop = system-informed
    sh_go_at = system-informed
    sh_headsign = system-informed
    sh_line = system-informed
    sh_to_stop = system-informed
    sh_vehicle = system-informed
    

2013-06-24-09-17-12.828118-CEST  DM-5       : DEBUG      
    DDDState
    
    Requested slots:
    {u'num_transfers': u'none'}
    Confirmed slots:
    {}
    Non-informed slots:
    {u'route_alternative': 0}

2013-06-24-09-17-12.832017-CEST  DM-5       : DEBUG      
    DM Output
    ------------------------------------------------------------
    inform(num_transfers="0")
    

2013-06-24-09-17-12.862642-CEST  NLG-6      : DEBUG      
    NLG Output
    ------------------------------------------------------------
    Na dané trase není žádný přestup.
    

2013-06-24-09-17-12.870633-CEST  MainProcess : INFO       
    #9180   Time: 2013-06-24-09-17-12.859679-CEST From: DM         To: HUB        Command: dm_da_generated() 

2013-06-24-09-17-12.882037-CEST  MainProcess : INFO       
    #9186   Time: 2013-06-24-09-17-12.877862-CEST From: NLG        To: HUB        Command: nlg_text_generated() 

2013-06-24-09-17-12.885454-CEST  MainProcess : INFO       
    #9188   Time: 2013-06-24-09-17-12.878949-CEST From: TTS        To: HUB        Command: tts_start(user_id="None",text="Na dané trase není žádný přestup.") 

2013-06-24-09-17-12.901475-CEST  MainProcess : INFO       
    #9190   Time: 2013-06-24-09-17-12.880514-CEST From: VoipIO     To: HUB        Command: play_utterance_start(user_id="None",fname="tts-2013-06-24-09-17-12.878859.wav") 

2013-06-24-09-17-12.933032-CEST  MainProcess : INFO       
    #9377   Time: 2013-06-24-09-17-12.928822-CEST From: TTS        To: HUB        Command: tts_end(user_id="None",text="Na dané trase není žádný přestup.",fname="tts-2013-06-24-09-17-12.878859.wav",log="true") 

2013-06-24-09-17-15.829635-CEST  MainProcess : INFO       
    #9561   Time: 2013-06-24-09-17-15.823175-CEST From: VoipIO     To: HUB        Command: play_utterance_end(user_id="None",fname="tts-2013-06-24-09-17-12.878859.wav) 

2013-06-24-09-17-20.073789-CEST  MainProcess : INFO       
    #9827   Time: 2013-06-24-09-17-20.068991-CEST From: VAD        To: HUB        Command: speech_start(fname="vad-2013-06-24-09-17-19.991961.wav") 

2013-06-24-09-17-20.078129-CEST  ASR-3      : DEBUG      
    ASR: speech_start()

2013-06-24-09-17-20.082916-CEST  MainProcess : INFO       
    #9828   Time: 2013-06-24-09-17-20.070304-CEST From: ASR        To: HUB        Command: asr_start() 

2013-06-24-09-17-21.728958-CEST  MainProcess : INFO       
    #9934   Time: 2013-06-24-09-17-21.724321-CEST From: VAD        To: HUB        Command: speech_end(fname="vad-2013-06-24-09-17-19.991961.wav") 

2013-06-24-09-17-21.733827-CEST  ASR-3      : DEBUG      
    ASR: speech_end()

2013-06-24-09-17-22.372172-CEST  ASR-3      : DEBUG      
    ASR Hypothesis
    ------------------------------------------------------------
    0.916 je výchozí stanice anděl
    0.015 co je výchozí stanice anděl
    0.014 je výchozí stanice a anděl
    0.012 je výchozí stanice anděl i
    0.011 je výchozí stanice anděl a
    0.009 je východ stanice anděl
    0.008 co je výchozí stanice a anděl
    0.006 co je výchozí stanice anděl i
    0.005 co je výchozí stanice anděl a
    0.003 je výchozí stanica anděl
    0.002 je výchozí stanici a anděl
    0.000 __other__
    

2013-06-24-09-17-22.415663-CEST  MainProcess : INFO       
    #9979   Time: 2013-06-24-09-17-22.411009-CEST From: ASR        To: HUB        Command: asr_end() 

2013-06-24-09-17-23.099126-CEST  SLU-4      : DEBUG      
    SLU Hypothesis
    ------------------------------------------------------------
    0.968 inform(from_stop="Anděl")
    0.032 inform(="Anděl")
    

2013-06-24-09-17-23.153165-CEST  MainProcess : INFO       
    #10025  Time: 2013-06-24-09-17-23.147514-CEST From: SLU        To: HUB        Command: slu_parsed() 

2013-06-24-09-17-23.157231-CEST  DM-5       : DEBUG      
    DDDState Dialogue Act in: inform(from_stop="Anděl")

2013-06-24-09-17-23.161281-CEST  DM-5       : DEBUG      
    Context Resolution - Dialogue Act: inform(from_stop="Anděl")

2013-06-24-09-17-23.166385-CEST  DM-5       : DEBUG      
    DDDState - Dialogue state content:
    
    lda = none
    alternative = none
    from_stop = Anděl
    route_alternative = 0
    time = none
    to_stop = Malostranské náměstí
    
    rh_alternative = system-informed
    rh_arrive_at = system-informed
    rh_enter_at = system-informed
    rh_exit_at = system-informed
    rh_found_directions = system-informed
    rh_from_stop = system-informed
    rh_go_at = system-informed
    rh_headsign = system-informed
    rh_line = system-informed
    rh_num_transfers = system-informed
    rh_to_stop = system-informed
    rh_vehicle = system-informed
    
    ch_alternative = system-informed
    ch_arrive_at = system-informed
    ch_enter_at = system-informed
    ch_exit_at = system-informed
    ch_found_directions = system-informed
    ch_from_stop = system-informed
    ch_go_at = system-informed
    ch_headsign = system-informed
    ch_line = system-informed
    ch_num_transfers = system-informed
    ch_to_stop = system-informed
    ch_vehicle = system-informed
    
    sh_alternative = system-informed
    sh_arrive_at = system-informed
    sh_enter_at = system-informed
    sh_exit_at = system-informed
    sh_found_directions = system-informed
    sh_from_stop = system-informed
    sh_go_at = system-informed
    sh_headsign = system-informed
    sh_line = system-informed
    sh_num_transfers = system-informed
    sh_to_stop = system-informed
    sh_vehicle = system-informed
    

2013-06-24-09-17-23.172333-CEST  DM-5       : DEBUG      
    DDDState
    
    Requested slots:
    {}
    Confirmed slots:
    {}
    Non-informed slots:
    {u'route_alternative': 0}

2013-06-24-09-17-23.347761-CEST  DM-5       : DEBUG      
    DM Output
    ------------------------------------------------------------
    inform(found_directions="true")&inform(alternative="1")&inform(vehicle="TRAM")&inform(line="12")&inform(go_at="09:21")&inform(enter_at="Anděl")&inform(headsign="Palmovka")&inform(exit_at="Malostranské náměstí")
    

2013-06-24-09-17-23.427808-CEST  MainProcess : INFO       
    #10045  Time: 2013-06-24-09-17-23.423730-CEST From: DM         To: HUB        Command: dm_da_generated() 

2013-06-24-09-17-23.463986-CEST  NLG-6      : DEBUG      
    NLG Output
    ------------------------------------------------------------
    Našla jsem následující spojení. Možnost první. Jeďte tramvají číslo 12 v 09:21 ze zastávky Anděl směrem Palmovka. Vystupte na zastávce Malostranské náměstí.
    

2013-06-24-09-17-23.503008-CEST  MainProcess : INFO       
    #10053  Time: 2013-06-24-09-17-23.496403-CEST From: NLG        To: HUB        Command: nlg_text_generated() 

2013-06-24-09-17-23.508721-CEST  MainProcess : INFO       
    #10055  Time: 2013-06-24-09-17-23.497226-CEST From: TTS        To: HUB        Command: tts_start(user_id="None",text="Našla jsem následující spojení. Možnost první. Jeďte tramvají číslo 12 v 09:21 ze zastávky Anděl směrem Palmovka. Vystupte na zastávce Malostranské náměstí.") 

2013-06-24-09-17-23.548021-CEST  MainProcess : INFO       
    #10057  Time: 2013-06-24-09-17-23.500425-CEST From: VoipIO     To: HUB        Command: play_utterance_start(user_id="None",fname="tts-2013-06-24-09-17-23.497111.wav") 

2013-06-24-09-17-25.102624-CEST  MainProcess : INFO       
    #11080  Time: 2013-06-24-09-17-25.091873-CEST From: TTS        To: HUB        Command: tts_end(user_id="None",text="Našla jsem následující spojení. Možnost první. Jeďte tramvají číslo 12 v 09:21 ze zastávky Anděl směrem Palmovka. Vystupte na zastávce Malostranské náměstí.",fname="tts-2013-06-24-09-17-23.497111.wav",log="true") 

2013-06-24-09-17-36.140303-CEST  VoipIO-1   : INFO       
    09:17:36.136    pjsua_acc.c  ....<sip:800899998@vystadial.ms.mff.cuni.cz>: registration success, status=200 (OK), will re-register in 300 seconds
    

2013-06-24-09-17-38.225707-CEST  MainProcess : INFO       
    #11884  Time: 2013-06-24-09-17-37.895416-CEST From: VoipIO     To: HUB        Command: play_utterance_end(user_id="None",fname="tts-2013-06-24-09-17-23.497111.wav) 

2013-06-24-09-17-40.396677-CEST  MainProcess : INFO       
    #12042  Time: 2013-06-24-09-17-40.391230-CEST From: VAD        To: HUB        Command: speech_start(fname="vad-2013-06-24-09-17-40.330941.wav") 

2013-06-24-09-17-40.402106-CEST  ASR-3      : DEBUG      
    ASR: speech_start()

2013-06-24-09-17-40.407218-CEST  MainProcess : INFO       
    #12043  Time: 2013-06-24-09-17-40.393201-CEST From: ASR        To: HUB        Command: asr_start() 

2013-06-24-09-17-42.031147-CEST  ASR-3      : DEBUG      
    ASR: speech_end()

2013-06-24-09-17-42.036846-CEST  MainProcess : INFO       
    #12145  Time: 2013-06-24-09-17-42.025958-CEST From: VAD        To: HUB        Command: speech_end(fname="vad-2013-06-24-09-17-40.330941.wav") 

2013-06-24-09-17-42.661360-CEST  ASR-3      : DEBUG      
    ASR Hypothesis
    ------------------------------------------------------------
    0.775 jirkov poliklinika barrandov
    0.112 jirkov poliklinika barandov
    0.075 jirkov poliklinika barrandov i
    0.037 jirkov poliklinika barandov i
    0.000 __other__
    

2013-06-24-09-17-42.699431-CEST  MainProcess : INFO       
    #12190  Time: 2013-06-24-09-17-42.694677-CEST From: ASR        To: HUB        Command: asr_end() 

2013-06-24-09-17-42.984423-CEST  SLU-4      : DEBUG      
    SLU Hypothesis
    ------------------------------------------------------------
    0.850 inform(="Poliklinika Barrandov")
    0.150 other()
    

2013-06-24-09-17-43.024527-CEST  MainProcess : INFO       
    #12212  Time: 2013-06-24-09-17-43.020494-CEST From: SLU        To: HUB        Command: slu_parsed() 

2013-06-24-09-17-43.029564-CEST  DM-5       : DEBUG      
    DDDState Dialogue Act in: inform(="Poliklinika Barrandov")

2013-06-24-09-17-43.034575-CEST  DM-5       : DEBUG      
    Context Resolution - Dialogue Act: inform(="Poliklinika Barrandov")

2013-06-24-09-17-43.040207-CEST  DM-5       : DEBUG      
    DDDState - Dialogue state content:
    
    lda = none
    alternative = none
    from_stop = Anděl
    route_alternative = 0
    time = none
    to_stop = Malostranské náměstí
    
    rh_alternative = system-informed
    rh_arrive_at = system-informed
    rh_enter_at = system-informed
    rh_exit_at = system-informed
    rh_found_directions = system-informed
    rh_from_stop = system-informed
    rh_go_at = system-informed
    rh_headsign = system-informed
    rh_line = system-informed
    rh_num_transfers = system-informed
    rh_to_stop = system-informed
    rh_vehicle = system-informed
    
    ch_alternative = system-informed
    ch_arrive_at = system-informed
    ch_enter_at = system-informed
    ch_exit_at = system-informed
    ch_found_directions = system-informed
    ch_from_stop = system-informed
    ch_go_at = system-informed
    ch_headsign = system-informed
    ch_line = system-informed
    ch_num_transfers = system-informed
    ch_to_stop = system-informed
    ch_vehicle = system-informed
    
    sh_alternative = system-informed
    sh_arrive_at = system-informed
    sh_enter_at = system-informed
    sh_exit_at = system-informed
    sh_found_directions = system-informed
    sh_from_stop = system-informed
    sh_go_at = system-informed
    sh_headsign = system-informed
    sh_line = system-informed
    sh_num_transfers = system-informed
    sh_to_stop = system-informed
    sh_vehicle = system-informed
    

2013-06-24-09-17-43.045349-CEST  DM-5       : DEBUG      
    DDDState
    
    Requested slots:
    {}
    Confirmed slots:
    {}
    Non-informed slots:
    {u'route_alternative': 0}

2013-06-24-09-17-43.248802-CEST  DM-5       : DEBUG      
    DM Output
    ------------------------------------------------------------
    inform(found_directions="true")&inform(alternative="1")&inform(vehicle="TRAM")&inform(line="12")&inform(go_at="09:21")&inform(enter_at="Anděl")&inform(headsign="Palmovka")&inform(exit_at="Malostranské náměstí")
    

2013-06-24-09-17-43.320386-CEST  MainProcess : INFO       
    #12230  Time: 2013-06-24-09-17-43.316385-CEST From: DM         To: HUB        Command: dm_da_generated() 

2013-06-24-09-17-43.395786-CEST  NLG-6      : DEBUG      
    NLG Output
    ------------------------------------------------------------
    Našla jsem následující spojení. Možnost první. Jeďte tramvají číslo 12 v 09:21 ze zastávky Anděl směrem Palmovka. Vystupte na zastávce Malostranské náměstí.
    

2013-06-24-09-17-43.436459-CEST  MainProcess : INFO       
    #12240  Time: 2013-06-24-09-17-43.430402-CEST From: NLG        To: HUB        Command: nlg_text_generated() 

2013-06-24-09-17-43.442938-CEST  MainProcess : INFO       
    #12242  Time: 2013-06-24-09-17-43.432482-CEST From: TTS        To: HUB        Command: tts_start(user_id="None",text="Našla jsem následující spojení. Možnost první. Jeďte tramvají číslo 12 v 09:21 ze zastávky Anděl směrem Palmovka. Vystupte na zastávce Malostranské náměstí.") 

2013-06-24-09-17-43.485511-CEST  MainProcess : INFO       
    #12244  Time: 2013-06-24-09-17-43.436327-CEST From: VoipIO     To: HUB        Command: play_utterance_start(user_id="None",fname="tts-2013-06-24-09-17-43.432315.wav") 

2013-06-24-09-17-43.659248-CEST  MainProcess : INFO       
    #13182  Time: 2013-06-24-09-17-43.646648-CEST From: TTS        To: HUB        Command: tts_end(user_id="None",text="Našla jsem následující spojení. Možnost první. Jeďte tramvají číslo 12 v 09:21 ze zastávky Anděl směrem Palmovka. Vystupte na zastávce Malostranské náměstí.",fname="tts-2013-06-24-09-17-43.432315.wav",log="true") 

2013-06-24-09-17-56.617559-CEST  MainProcess : INFO       
    #13996  Time: 2013-06-24-09-17-56.612435-CEST From: VAD        To: HUB        Command: speech_start(fname="vad-2013-06-24-09-17-56.544356.wav") 

2013-06-24-09-17-56.622488-CEST  ASR-3      : DEBUG      
    ASR: speech_start()

2013-06-24-09-17-56.659805-CEST  MainProcess : INFO       
    #13997  Time: 2013-06-24-09-17-56.614382-CEST From: ASR        To: HUB        Command: asr_start() 

2013-06-24-09-17-56.664741-CEST  NLG-6      : DEBUG      
    #14002  Time: 2013-06-24-09-17-56.654934-CEST From: HUB        To: NLG        Command: flush() 

2013-06-24-09-17-56.670982-CEST  MainProcess : INFO       
    #14003  Time: 2013-06-24-09-17-56.666087-CEST From: NLG        To: HUB        Command: flushed() 

2013-06-24-09-17-56.678206-CEST  TTS-7      : DEBUG      
    #14004  Time: 2013-06-24-09-17-56.672376-CEST From: HUB        To: TTS        Command: flush() 

2013-06-24-09-17-56.684791-CEST  MainProcess : INFO       
    #14005  Time: 2013-06-24-09-17-56.679547-CEST From: TTS        To: HUB        Command: flushed() 

2013-06-24-09-17-56.689774-CEST  VoipIO-1   : DEBUG      
    #14006  Time: 2013-06-24-09-17-56.686164-CEST From: HUB        To: VIO        Command: flush_out() 

2013-06-24-09-17-56.696128-CEST  MainProcess : INFO       
    #14007  Time: 2013-06-24-09-17-56.692391-CEST From: VoipIO     To: HUB        Command: flushed_out() 

2013-06-24-09-17-57.202918-CEST  ASR-3      : DEBUG      
    ASR: speech_end()

2013-06-24-09-17-57.208398-CEST  MainProcess : INFO       
    #14041  Time: 2013-06-24-09-17-57.198379-CEST From: VAD        To: HUB        Command: speech_end(fname="vad-2013-06-24-09-17-56.544356.wav") 

2013-06-24-09-17-57.464591-CEST  ASR-3      : DEBUG      
    ASR Hypothesis
    ------------------------------------------------------------
    1.000 __other__
    

2013-06-24-09-17-57.521353-CEST  SLU-4      : DEBUG      
    SLU Hypothesis
    ------------------------------------------------------------
    1.000 other()
    

2013-06-24-09-17-57.526953-CEST  MainProcess : INFO       
    #14062  Time: 2013-06-24-09-17-57.516413-CEST From: ASR        To: HUB        Command: asr_end() 

2013-06-24-09-17-57.567644-CEST  MainProcess : INFO       
    #14068  Time: 2013-06-24-09-17-57.562406-CEST From: SLU        To: HUB        Command: slu_parsed() 

2013-06-24-09-17-57.572340-CEST  DM-5       : DEBUG      
    DDDState Dialogue Act in: other()

2013-06-24-09-17-57.576894-CEST  DM-5       : DEBUG      
    Context Resolution - Dialogue Act: other()

2013-06-24-09-17-57.582294-CEST  DM-5       : DEBUG      
    DDDState - Dialogue state content:
    
    lda = other
    alternative = none
    from_stop = Anděl
    route_alternative = 0
    time = none
    to_stop = Malostranské náměstí
    
    rh_alternative = system-informed
    rh_arrive_at = system-informed
    rh_enter_at = system-informed
    rh_exit_at = system-informed
    rh_found_directions = system-informed
    rh_from_stop = system-informed
    rh_go_at = system-informed
    rh_headsign = system-informed
    rh_line = system-informed
    rh_num_transfers = system-informed
    rh_to_stop = system-informed
    rh_vehicle = system-informed
    
    ch_alternative = system-informed
    ch_arrive_at = system-informed
    ch_enter_at = system-informed
    ch_exit_at = system-informed
    ch_found_directions = system-informed
    ch_from_stop = system-informed
    ch_go_at = system-informed
    ch_headsign = system-informed
    ch_line = system-informed
    ch_num_transfers = system-informed
    ch_to_stop = system-informed
    ch_vehicle = system-informed
    
    sh_alternative = system-informed
    sh_arrive_at = system-informed
    sh_enter_at = system-informed
    sh_exit_at = system-informed
    sh_found_directions = system-informed
    sh_from_stop = system-informed
    sh_go_at = system-informed
    sh_headsign = system-informed
    sh_line = system-informed
    sh_num_transfers = system-informed
    sh_to_stop = system-informed
    sh_vehicle = system-informed
    

2013-06-24-09-17-57.587490-CEST  DM-5       : DEBUG      
    DDDState
    
    Requested slots:
    {}
    Confirmed slots:
    {}
    Non-informed slots:
    {u'route_alternative': 0}

2013-06-24-09-17-57.592603-CEST  DM-5       : DEBUG      
    DM Output
    ------------------------------------------------------------
    notunderstood()&help(inform="hangup")
    

2013-06-24-09-17-57.738801-CEST  MainProcess : INFO       
    #14082  Time: 2013-06-24-09-17-57.735178-CEST From: DM         To: HUB        Command: dm_da_generated() 

2013-06-24-09-17-57.743306-CEST  NLG-6      : DEBUG      
    NLG Output
    ------------------------------------------------------------
    Promiňte, nerozuměla jsem. Můžete to zopakovat? Hovor můžete kdykoli ukončit tím, že se rozloučíte.
    

2013-06-24-09-17-57.783730-CEST  MainProcess : INFO       
    #14084  Time: 2013-06-24-09-17-57.779929-CEST From: NLG        To: HUB        Command: nlg_text_generated() 

2013-06-24-09-17-57.791559-CEST  MainProcess : INFO       
    #14086  Time: 2013-06-24-09-17-57.785262-CEST From: TTS        To: HUB        Command: tts_start(user_id="None",text="Promiňte, nerozuměla jsem. Můžete to zopakovat? Hovor můžete kdykoli ukončit tím, že se rozloučíte.") 

2013-06-24-09-17-57.841360-CEST  MainProcess : INFO       
    #14088  Time: 2013-06-24-09-17-57.787655-CEST From: VoipIO     To: HUB        Command: play_utterance_start(user_id="None",fname="tts-2013-06-24-09-17-57.781585.wav") 

2013-06-24-09-17-58.010620-CEST  MainProcess : INFO       
    #14646  Time: 2013-06-24-09-17-58.002122-CEST From: TTS        To: HUB        Command: tts_end(user_id="None",text="Promiňte, nerozuměla jsem. Můžete to zopakovat? Hovor můžete kdykoli ukončit tím, že se rozloučíte.",fname="tts-2013-06-24-09-17-57.781585.wav",log="true") 

2013-06-24-09-18-06.450134-CEST  MainProcess : INFO       
    #15151  Time: 2013-06-24-09-18-06.054525-CEST From: VoipIO     To: HUB        Command: play_utterance_end(user_id="None",fname="tts-2013-06-24-09-17-57.781585.wav) 

2013-06-24-09-18-08.004471-CEST  MainProcess : INFO       
    #15273  Time: 2013-06-24-09-18-08.000538-CEST From: VAD        To: HUB        Command: speech_start(fname="vad-2013-06-24-09-18-07.926094.wav") 

2013-06-24-09-18-08.008844-CEST  ASR-3      : DEBUG      
    ASR: speech_start()

2013-06-24-09-18-08.013480-CEST  MainProcess : INFO       
    #15274  Time: 2013-06-24-09-18-08.001529-CEST From: ASR        To: HUB        Command: asr_start() 

2013-06-24-09-18-08.846382-CEST  ASR-3      : DEBUG      
    ASR: speech_end()

2013-06-24-09-18-08.850932-CEST  MainProcess : INFO       
    #15328  Time: 2013-06-24-09-18-08.841247-CEST From: VAD        To: HUB        Command: speech_end(fname="vad-2013-06-24-09-18-07.926094.wav") 

2013-06-24-09-18-09.200721-CEST  ASR-3      : DEBUG      
    ASR Hypothesis
    ------------------------------------------------------------
    0.386 nashledanou
    0.205 na shledanou
    0.164 naschledanou
    0.123 na hledanou
    0.082 nashledanou a
    0.041 na shledanou a
    0.000 __other__
    

2013-06-24-09-18-09.316911-CEST  MainProcess : INFO       
    #15358  Time: 2013-06-24-09-18-09.312313-CEST From: ASR        To: HUB        Command: asr_end() 

2013-06-24-09-18-09.717610-CEST  SLU-4      : DEBUG      
    SLU Hypothesis
    ------------------------------------------------------------
    1.000 bye()
    

2013-06-24-09-18-09.768383-CEST  DM-5       : DEBUG      
    DDDState Dialogue Act in: bye()

2013-06-24-09-18-09.772840-CEST  MainProcess : INFO       
    #15390  Time: 2013-06-24-09-18-09.763728-CEST From: SLU        To: HUB        Command: slu_parsed() 

2013-06-24-09-18-09.776984-CEST  DM-5       : DEBUG      
    Context Resolution - Dialogue Act: bye()

2013-06-24-09-18-09.781719-CEST  DM-5       : DEBUG      
    DDDState - Dialogue state content:
    
    lda = bye
    alternative = none
    from_stop = Anděl
    route_alternative = 0
    time = none
    to_stop = Malostranské náměstí
    
    rh_alternative = system-informed
    rh_arrive_at = system-informed
    rh_enter_at = system-informed
    rh_exit_at = system-informed
    rh_found_directions = system-informed
    rh_from_stop = system-informed
    rh_go_at = system-informed
    rh_headsign = system-informed
    rh_line = system-informed
    rh_num_transfers = system-informed
    rh_to_stop = system-informed
    rh_vehicle = system-informed
    
    ch_alternative = system-informed
    ch_arrive_at = system-informed
    ch_enter_at = system-informed
    ch_exit_at = system-informed
    ch_found_directions = system-informed
    ch_from_stop = system-informed
    ch_go_at = system-informed
    ch_headsign = system-informed
    ch_line = system-informed
    ch_num_transfers = system-informed
    ch_to_stop = system-informed
    ch_vehicle = system-informed
    
    sh_alternative = system-informed
    sh_arrive_at = system-informed
    sh_enter_at = system-informed
    sh_exit_at = system-informed
    sh_found_directions = system-informed
    sh_from_stop = system-informed
    sh_go_at = system-informed
    sh_headsign = system-informed
    sh_line = system-informed
    sh_num_transfers = system-informed
    sh_to_stop = system-informed
    sh_vehicle = system-informed
    

2013-06-24-09-18-09.786361-CEST  DM-5       : DEBUG      
    DDDState
    
    Requested slots:
    {}
    Confirmed slots:
    {}
    Non-informed slots:
    {u'route_alternative': 0}

2013-06-24-09-18-09.790583-CEST  DM-5       : DEBUG      
    DM Output
    ------------------------------------------------------------
    bye()
    

2013-06-24-09-18-09.875359-CEST  NLG-6      : DEBUG      
    NLG Output
    ------------------------------------------------------------
    Na shledanou.
    

2013-06-24-09-18-09.879960-CEST  MainProcess : INFO       
    #15397  Time: 2013-06-24-09-18-09.870968-CEST From: DM         To: HUB        Command: dm_da_generated() 

2013-06-24-09-18-09.888540-CEST  MainProcess : INFO       
    #15399  Time: 2013-06-24-09-18-09.871426-CEST From: DM         To: HUB        Command: hangup() 

2013-06-24-09-18-09.928409-CEST  MainProcess : INFO       
    #15404  Time: 2013-06-24-09-18-09.923704-CEST From: NLG        To: HUB        Command: nlg_text_generated() 

2013-06-24-09-18-09.933032-CEST  MainProcess : INFO       
    #15406  Time: 2013-06-24-09-18-09.924637-CEST From: TTS        To: HUB        Command: tts_start(user_id="None",text="Na shledanou.") 

2013-06-24-09-18-09.961201-CEST  MainProcess : INFO       
    #15498  Time: 2013-06-24-09-18-09.956777-CEST From: TTS        To: HUB        Command: tts_end(user_id="None",text="Na shledanou.",fname="tts-2013-06-24-09-18-09.924490.wav",log="true") 

2013-06-24-09-18-09.986606-CEST  MainProcess : INFO       
    #15408  Time: 2013-06-24-09-18-09.927711-CEST From: VoipIO     To: HUB        Command: play_utterance_start(user_id="None",fname="tts-2013-06-24-09-18-09.924490.wav") 

2013-06-24-09-18-11.375981-CEST  MainProcess : INFO       
    #15547  Time: 2013-06-24-09-18-10.711387-CEST From: VoipIO     To: HUB        Command: play_utterance_end(user_id="None",fname="tts-2013-06-24-09-18-09.924490.wav) 

2013-06-24-09-18-13.383605-CEST  VoipIO-1   : DEBUG      
    #15716  Time: 2013-06-24-09-18-13.379224-CEST From: HUB        To: VoipIO     Command: hangup() 

2013-06-24-09-18-13.387664-CEST  VoipIO-1   : DEBUG      
    Hangup the call

2013-06-24-09-18-13.447616-CEST  VoipIO-1   : DEBUG      
    CallCallback::on_state : Call with "777805048" <sip:777805048@195.113.20.160> is DISCONNCTD last code = 603 ()

2013-06-24-09-18-13.615788-CEST  VoipIO-1   : DEBUG      
    VoipIO::on_call_disconnected

2013-06-24-09-18-13.621223-CEST  MainProcess : INFO       
    #15721  Time: 2013-06-24-09-18-13.617111-CEST From: VoipIO     To: HUB        Command: call_disconnected(remote_uri="777805048") 

