2013-08-21-09-02-34.813162-CEST  VoipIO-1   : DEBUG      
    CallCallback::on_state : Call with "777320731" <sip:777320731@195.113.20.160> is CONNECTING last code = 200 (OK)

2013-08-21-09-02-34.817466-CEST  VoipIO-1   : DEBUG      
    VoipIO::on_call_connecting

2013-08-21-09-02-34.823375-CEST  VoipIO-1   : DEBUG      
    CallCallback::on_state : Call with "777320731" <sip:777320731@195.113.20.160> is CONFIRMED last code = 200 (OK)

2013-08-21-09-02-34.846099-CEST  MainProcess : SYSTEM-LOG 
    config = { 'ASR': { 'Google': { 'debug': False, 'language': 'cs', 'maxresults': 20},
               'Julius': { 'adinnetport': 5530,
                           'binary': '/usr/local/bin/julius',
                           'debug': False,
                           'hostname': 'localhost',
                           'jconf': { '-adport': '5530',
                                      '-b': '1000',
                                      '-b2': '100',
                                      '-cmnload': 'cmn.param',
                                      '-cmnmapweight': '200',
                                      '-cmnsave': 'cmn.param',
                                      '-confnet': '',
                                      '-fallback1pass': '',
                                      '-gprune': 'safe',
                                      '-h': '/mnt/h/jurcicek/vystadial-git/alex/resources/asr/voip_en/hmmdefs',
                                      '-hlist': '/mnt/h/jurcicek/vystadial-git/alex/resources/asr/voip_en/tiedlist',
                                      '-htkconf': '/mnt/h/jurcicek/vystadial-git/alex/resources/asr/voip_en/config',
                                      '-input': 'adinnet',
                                      '-iwsp': '',
                                      '-iwsppenalty': '0.0',
                                      '-lmp': '15.0 0.0',
                                      '-lmp2': '15.0 0.0',
                                      '-mapunk': 'UM',
                                      '-module': '10500',
                                      '-n': '50',
                                      '-nlr': '/mnt/h/jurcicek/vystadial-git/alex/resources/lm/caminfo/julius_arpa_bigram',
                                      '-no_ccd': '',
                                      '-nrl': '/mnt/h/jurcicek/vystadial-git/alex/resources/lm/caminfo/julius_arpa_rev_bigram',
                                      '-silhead': '<s>',
                                      '-siltail': '</s>',
                                      '-spmodel': 'sp',
                                      '-tmix': '4',
                                      '-v': '/mnt/h/jurcicek/vystadial-git/alex/resources/lm/caminfo/julius_dict'},
                           'jconffile': 'julius.jconf',
                           'killall': False,
                           'logfile': 'julius.log',
                           'msg_timeout': 0.3,
                           'pidfile': 'julius.pid',
                           'reuse_server': False,
                           'serverport': 10500,
                           'start_max_wait_time': 15,
                           'start_wait_time': 0.5,
                           'timeout': 2.0},
               'Kaldi': { 'LM_scale': -6666.66,
                          'hypothesis_type': 'nblist',
                          'lat_depth': 666666,
                          'model': 'TODO_path_to_model'},
               'debug': True,
               'type': 'Google'},
      'AlexOnTheBus': { 'max_turns': 120},
      'Analytics': Analytics(account_id='UA-41905278-1', domain_name='cuni.cz'),
      'Audio': { 'sample_rate': 16000, 'samples_per_frame': 256},
      'AudioIO': { 'debug': True, 'output_dir': './aio_call_log', 'play_buffer_size': 1024},
      'DM': { 'PUfalRuleDM': { 'code_submit_url': None,
                               'db_cfg': '/mnt/h/jurcicek/vystadial-git/alex/resources/../applications/CamInfoRest/cued_data/CIRdbase_V7_noloc.txt',
                               'ontology': '/mnt/h/jurcicek/vystadial-git/alex/resources/../applications/CamInfoRest/ontology.cfg',
                               'provide_code': False},
              'UfalRuleDM': { 'code_submit_url': None,
                              'db_cfg': '/mnt/h/jurcicek/vystadial-git/alex/resources/../applications/CamInfoRest/cued_data/CIRdbase_V7_noloc.txt',
                              'ontology': '/mnt/h/jurcicek/vystadial-git/alex/resources/../applications/CamInfoRest/ontology.cfg',
                              'provide_code': False},
              'basic': { 'debug': True, 'silence_timeout': 10.0},
              'debug': True,
              'dialogue_policy': { 'type': <class 'alex.applications.AlexOnTheBus.aotb_hdc_policy.AOTBHDCPolicy'>},
              'dialogue_state': { 'type': <class 'alex.components.dm.dddstate.DeterministicDiscriminativeDialogueState'>},
              'input_timeout': 3.0,
              'ontology': '/mnt/h/jurcicek/vystadial-git/alex/applications/AlexOnTheBus/data/ontology.py',
              'type': 'basic'},
      'General': { 'debug': False, 'include': ['/mnt/h/jurcicek/vystadial-git/alex/resources/private/default.cfg']},
      'Hub': { 'history_file': 'hub_history_hub.txt', 'history_length': 1000, 'main_loop_sleep_time': 0.002},
      'Logging': { 'excepthook': ExceptionHook(
            ExceptionHook
              Hook Type: log
              Hook Logger: SystemLogger(output_dir=./call_logs, stdout_log_level='DEBUG', stdout=True, file_log_level='DEBUG')),
                   'session_logger': SessionLogger(),
                   'system_logger': SystemLogger(output_dir=/net/projects/vystadial/data/call-logs/2013-05-30-alex-aotb-prototype/new, stdout_log_level='DEBUG', stdout=True, file_log_level='DEBUG'),
                   'system_name': u'Alex On The Bus - Live',
                   'version': u'1.0'},
      'NLG': { 'Template': { 'model': '/mnt/h/jurcicek/vystadial-git/alex/applications/AlexOnTheBus/nlg_templates.cfg'},
               'debug': True,
               'type': 'Template'},
      'SHub': { 'history_file': 'hub_history_shub.txt', 'history_length': 1000},
      'SLU': { 'cl-tracing': { 'cldb_fname': '/mnt/h/jurcicek/vystadial-git/alex/applications/CamInfoRest/data/database.py',
                               'do_preprocessing': True,
                               'features_type': ('ngram', 'ab_ngram'),
                               'testing': { 'max_examples': None,
                                            'min_perc': 80,
                                            'model_fname': '/mnt/h/jurcicek/vystadial-git/alex/applications/CamInfoRest/models/130516_minf60-minfc35-mind60.slu_model.gz',
                                            'renormalise': True,
                                            'threshold': None,
                                            'vanilla': True},
                               'training': { 'abstractions': ('abstract',), 'models_dir': 'models'}},
               'debug': True,
               'type': <class 'alex.applications.AlexOnTheBus.aotb_slu.AOTBSLU'>,
               <class 'alex.applications.AlexOnTheBus.aotb_slu.AOTBSLU'>: { 'cldb_fname': '/mnt/h/jurcicek/vystadial-git/alex/applications/AlexOnTheBus/data/database.py',
                                                                            'preprocessing_cls': <class 'alex.applications.AlexOnTheBus.aotb_preprocessing.AOTBSLUPreprocessing'>,
                                                                            'training': { 'models_dir': 'models'}}},
      'THub': { 'history_file': 'hub_history_thub.txt', 'history_length': 1000},
      'TTS': { 'Flite': { 'debug': False,
                          'preprocessing': '/mnt/h/jurcicek/vystadial-git/alex/resources/tts/prep_flite_en.cfg',
                          'voice': 'kal16'},
               'Google': { 'debug': False,
                           'language': 'en',
                           'preprocessing': '/mnt/h/jurcicek/vystadial-git/alex/resources/tts/prep_google_en.cfg'},
               'SpeechTech': { 'debug': True,
                               'login': 'filipjurcicek',
    # this line was removed since it included a password
                               'preprocessing': '/mnt/h/jurcicek/vystadial-git/alex/resources/tts/prep_speechtech_cs.cfg',
                               'voice': 'Iva210'},
               'VoiceRSS': { 'api_key': '3b6a9fca5d724b1c8ac34691586cdda1'},
               'VoiceRss': { 'language': 'en-gb',
                             'preprocessing': '/mnt/h/jurcicek/vystadial-git/alex/resources/tts/prep_voicerss_en.cfg'},
               'debug': True,
               'in_between_segments_silence': 0.1,
               'type': 'SpeechTech'},
      'VAD': { 'debug': False,
               'decision_frames_sil': 25,
               'decision_frames_speech': 10,
               'decision_non_speech_threshold': 0.2,
               'decision_speech_threshold': 0.7,
               'gmm': { 'ceplifter': 22,
                        'enormalise': True,
                        'filter_length': 5,
                        'frameshift': 160,
                        'framesize': 512,
                        'frontend': 'MFCC',
                        'hifreq': 3800,
                        'lofreq': 125,
                        'numceps': 12,
                        'numchans': 26,
                        'preemcoef': 0.97,
                        'sil_model': '/mnt/h/jurcicek/vystadial-git/alex/resources/vad/voip_en/vad_sil_sds_mfcc_m064_f100000.gmm',
                        'speech_model': '/mnt/h/jurcicek/vystadial-git/alex/resources/vad/voip_en/vad_speech_sds_mfcc_m064_f100000.gmm',
                        'useacc': True,
                        'usec0': False,
                        'usecmn': False,
                        'usedelta': True,
                        'usehamming': True,
                        'usepower': True,
                        'zmeansource': True},
               'power': { 'adaptation_frames': 30, 'threshold': 70, 'threshold_multiplier': 1.0},
               'speech_buffer_frames': 20,
               'type': 'gmm'},
      'VoipHub': { 'blacklist_for': 7200,
                   'call_db': u'/net/projects/vystadial/data/call-logs/2013-05-30-alex-aotb-prototype/new/call_db.pckl',
                   'hard_time_limit': 360,
                   'hard_turn_limit': 120,
                   'history_length': 1000,
                   'last_period_max_num_calls': 20,
                   'last_period_max_total_time': 1800,
                   'limit_reached_message': u'D\u011bkujeme za zavol\xe1n\xed, ale u\u017e jste volali hodn\u011b. Pros\xedm zavolejte pozd\u011bji. Na shledanou.',
                   'period': 172800,
                   'pid_file': u'/net/projects/vystadial/data/call-logs/2013-05-30-alex-aotb-prototype/new/vhub_live.pid',
                   'wait_time_before_calling_back': 10},
      'VoipIO': { 'allowed_hosts': '',
                  'allowed_phone_numbers': '(^[234567])',
                  'allowed_users': '(^[234567])',
                  'debug': True,
                  'domain': 'vystadial.ms.mff.cuni.cz',
                  'forbidden_hosts': '',
                  'forbidden_phone_number': '(^112$|^150$|^155$|^156$|^158$)',
                  'forbidden_users': '(^112$|^150$|^155$|^156$|^158$)',
    # this line was removed since it included a password
                  'pjsip_log_level': 3,
                  'reject_calls': False,
                  'user': '800899998'},
      'WebHub': { 'port': 8000},
      'corpustools': { 'get_jasr_confnets': { 'frame_size': 256, 'rt_ratio': 0.2}}}

2013-08-21-09-02-34.872395-CEST  VoipIO-1   : DEBUG      
    VoipIO::on_call_confirmed

2013-08-21-09-02-34.918479-CEST  MainProcess : INFO       
    #2      Time: 2013-08-21-09-02-34.818838-CEST From: VoipIO     To: HUB        Command: call_connecting(remote_uri="777320731") 

2013-08-21-09-02-34.928230-CEST  MainProcess : INFO       
    #3      Time: 2013-08-21-09-02-34.873639-CEST From: VoipIO     To: HUB        Command: call_confirmed(remote_uri="777320731") 

2013-08-21-09-02-34.975092-CEST  MainProcess : INFO       
    
    ========================================================================================================================
    Incoming call from :          777320731
    ------------------------------------------------------------------------------------------------------------------------
    Total calls:                  3
    Total time (min):             9.0
    Last period total calls:      1
    Last period total time (min): 1.4
    ------------------------------------------------------------------------------------------------------------------------
    CALL ACCEPTED
    ========================================================================================================================
    

2013-08-21-09-02-34.981419-CEST  DM-5       : DEBUG      
    #7      Time: 2013-08-21-09-02-34.971305-CEST From: HUB        To: DM         Command: new_dialogue() 

2013-08-21-09-02-35.012074-CEST  DM-5       : DEBUG      
    DM Output
    ------------------------------------------------------------
    hello()
    

2013-08-21-09-02-35.025197-CEST  MainProcess : INFO       
    #12     Time: 2013-08-21-09-02-35.020752-CEST From: DM         To: HUB        DA: hello() 

2013-08-21-09-02-35.034955-CEST  NLG-6      : DEBUG      
    #13     Time: 2013-08-21-09-02-35.028034-CEST From: HUB        To: NLG        DA: hello() 

2013-08-21-09-02-35.039683-CEST  NLG-6      : DEBUG      
    NLG Output
    ------------------------------------------------------------
    Dobrý den, dovolali jste se na informace o veřejné dopravě v Praze. Tato experimentální služba je poskytována laboratoří výzkumu hlasových dialogových systémů na Ústavu Formální a Aplikované Lingvistiky na Karlově Univerzitě. Hovor je nahráván. Více informací o této službě je na internetu. Jak Vám mohu pomoci. Můžete například říct chtěl bych jet z Malostranského náměstí na Žižkov.
    

2013-08-21-09-02-35.061836-CEST  MainProcess : INFO       
    #15     Time: 2013-08-21-09-02-35.056125-CEST From: NLG        To: HUB        Command: nlg_text_generated() 

2013-08-21-09-02-35.066769-CEST  MainProcess : INFO       
    #18     Time: 2013-08-21-09-02-35.057526-CEST From: TTS        To: HUB        Command: tts_start(user_id="None",text="Dobrý den, dovolali jste se na informace o veřejné dopravě v Praze. Tato experimentální služba je poskytována laboratoří výzkumu hlasových dialogových systémů na Ústavu Formální a Aplikované Lingvistiky na Karlově Univerzitě. Hovor je nahráván. Více informací o této službě je na internetu. Jak Vám mohu pomoci. Můžete například říct chtěl bych jet z Malostranského náměstí na Žižkov.") 

2013-08-21-09-02-35.201851-CEST  MainProcess : INFO       
    #22     Time: 2013-08-21-09-02-35.063478-CEST From: VoipIO     To: HUB        Command: play_utterance_start(user_id="None",fname="tts-2013-08-21-09-02-35.056950.wav") 

2013-08-21-09-02-35.578926-CEST  MainProcess : INFO       
    #1811   Time: 2013-08-21-09-02-35.569726-CEST From: TTS        To: HUB        Command: tts_end(user_id="None",text="Dobrý den, dovolali jste se na informace o veřejné dopravě v Praze. Tato experimentální služba je poskytována laboratoří výzkumu hlasových dialogových systémů na Ústavu Formální a Aplikované Lingvistiky na Karlově Univerzitě. Hovor je nahráván. Více informací o této službě je na internetu. Jak Vám mohu pomoci. Můžete například říct chtěl bych jet z Malostranského náměstí na Žižkov.",fname="tts-2013-08-21-09-02-35.056950.wav",log="true") 

2013-08-21-09-02-36.247126-CEST  MainProcess : INFO       
    #1856   Time: 2013-08-21-09-02-36.242628-CEST From: VAD        To: HUB        Command: speech_start(fname="vad-2013-08-21-09-02-36.218399.wav") 

2013-08-21-09-02-36.252473-CEST  ASR-3      : DEBUG      
    ASR: speech_start(fname="vad-2013-08-21-09-02-36.218399.wav")

2013-08-21-09-02-36.257337-CEST  MainProcess : INFO       
    #1857   Time: 2013-08-21-09-02-36.244495-CEST From: ASR        To: HUB        Command: asr_start(fname="vad-2013-08-21-09-02-36.218399.wav") 

2013-08-21-09-02-36.567336-CEST  ASR-3      : DEBUG      
    ASR: speech_end(fname="vad-2013-08-21-09-02-36.218399.wav")

2013-08-21-09-02-36.571839-CEST  MainProcess : INFO       
    #1879   Time: 2013-08-21-09-02-36.563678-CEST From: VAD        To: HUB        Command: speech_end(fname="vad-2013-08-21-09-02-36.218399.wav") 

2013-08-21-09-02-36.761920-CEST  ASR-3      : DEBUG      
    ASR Hypothesis
    ------------------------------------------------------------
    1.000 __silence__
    0.000 __other__
    

2013-08-21-09-02-36.782980-CEST  MainProcess : INFO       
    #1892   Time: 2013-08-21-09-02-36.778689-CEST From: ASR        To: HUB        Command: asr_end(fname="vad-2013-08-21-09-02-36.218399.wav") 

2013-08-21-09-02-36.788603-CEST  SLU-4      : DEBUG      
    SLU Hypothesis
    ------------------------------------------------------------
    1.000 silence()
    

2013-08-21-09-02-36.813797-CEST  MainProcess : INFO       
    #1898   Time: 2013-08-21-09-02-36.809790-CEST From: SLU        To: HUB        Command: slu_parsed(fname="vad-2013-08-21-09-02-36.218399.wav") 

2013-08-21-09-02-36.818222-CEST  DM-5       : DEBUG      
    DDDState Dialogue Act in: silence()

2013-08-21-09-02-36.822563-CEST  DM-5       : DEBUG      
    Context Resolution - Dialogue Act: silence()

2013-08-21-09-02-36.826379-CEST  DM-5       : DEBUG      
    DDDState - Dialogue state content:
    
    ludait = silence
    silence_time = 0.0
    
    
    
    

2013-08-21-09-02-36.830243-CEST  DM-5       : DEBUG      
    DDDState - Dialogue state update
    
    Requested slots:
    {}
    Confirmed slots:
    {}
    Non-informed slots:
    {u'silence_time': 0.0}

2013-08-21-09-02-36.852288-CEST  DM-5       : DEBUG      
    DM Output
    ------------------------------------------------------------
    silence()
    

2013-08-21-09-02-36.866772-CEST  MainProcess : INFO       
    #1904   Time: 2013-08-21-09-02-36.862542-CEST From: DM         To: HUB        DA: silence() 

2013-08-21-09-02-48.551413-CEST  ASR-3      : DEBUG      
    ASR: speech_start(fname="vad-2013-08-21-09-02-48.526111.wav")

2013-08-21-09-02-48.556243-CEST  MainProcess : INFO       
    #2634   Time: 2013-08-21-09-02-48.546176-CEST From: VAD        To: HUB        Command: speech_start(fname="vad-2013-08-21-09-02-48.526111.wav") 

2013-08-21-09-02-48.562540-CEST  MainProcess : INFO       
    #2635   Time: 2013-08-21-09-02-48.547726-CEST From: ASR        To: HUB        Command: asr_start(fname="vad-2013-08-21-09-02-48.526111.wav") 

2013-08-21-09-02-49.115249-CEST  ASR-3      : DEBUG      
    ASR: speech_end(fname="vad-2013-08-21-09-02-48.526111.wav")

2013-08-21-09-02-49.119632-CEST  MainProcess : INFO       
    #2673   Time: 2013-08-21-09-02-49.111433-CEST From: VAD        To: HUB        Command: speech_end(fname="vad-2013-08-21-09-02-48.526111.wav") 

2013-08-21-09-02-49.720185-CEST  ASR-3      : DEBUG      
    ASR Hypothesis
    ------------------------------------------------------------
    1.000 __silence__
    0.000 __other__
    

2013-08-21-09-02-49.740635-CEST  MainProcess : INFO       
    #2714   Time: 2013-08-21-09-02-49.735184-CEST From: ASR        To: HUB        Command: asr_end(fname="vad-2013-08-21-09-02-48.526111.wav") 

2013-08-21-09-02-49.745503-CEST  SLU-4      : DEBUG      
    SLU Hypothesis
    ------------------------------------------------------------
    1.000 silence()
    

2013-08-21-09-02-49.764075-CEST  MainProcess : INFO       
    #2716   Time: 2013-08-21-09-02-49.758729-CEST From: SLU        To: HUB        Command: slu_parsed(fname="vad-2013-08-21-09-02-48.526111.wav") 

2013-08-21-09-02-49.768776-CEST  DM-5       : DEBUG      
    DDDState Dialogue Act in: silence()

2013-08-21-09-02-49.773112-CEST  DM-5       : DEBUG      
    Context Resolution - Dialogue Act: silence()

2013-08-21-09-02-49.779021-CEST  DM-5       : DEBUG      
    DDDState - Dialogue state content:
    
    ludait = silence
    silence_time = 0.0
    
    
    
    

2013-08-21-09-02-49.783338-CEST  DM-5       : DEBUG      
    DDDState - Dialogue state update
    
    Requested slots:
    {}
    Confirmed slots:
    {}
    Non-informed slots:
    {u'silence_time': 0.0}

2013-08-21-09-02-49.809361-CEST  DM-5       : DEBUG      
    DM Output
    ------------------------------------------------------------
    silence()
    

2013-08-21-09-02-49.825544-CEST  MainProcess : INFO       
    #2722   Time: 2013-08-21-09-02-49.821618-CEST From: DM         To: HUB        DA: silence() 

2013-08-21-09-02-52.647634-CEST  VoipIO-1   : INFO       
    09:02:52.644    pjsua_acc.c  ....<sip:800899998@vystadial.ms.mff.cuni.cz>: registration success, status=200 (OK), will re-register in 300 seconds
    

2013-08-21-09-03-03.168064-CEST  MainProcess : INFO       
    #3537   Time: 2013-08-21-09-03-02.835539-CEST From: VoipIO     To: HUB        Command: play_utterance_end(user_id="None",fname="tts-2013-08-21-09-02-35.056950.wav) 

2013-08-21-09-03-05.233894-CEST  ASR-3      : DEBUG      
    ASR: speech_start(fname="vad-2013-08-21-09-03-05.205085.wav")

2013-08-21-09-03-05.237971-CEST  MainProcess : INFO       
    #3689   Time: 2013-08-21-09-03-05.230249-CEST From: VAD        To: HUB        Command: speech_start(fname="vad-2013-08-21-09-03-05.205085.wav") 

2013-08-21-09-03-05.244737-CEST  MainProcess : INFO       
    #3690   Time: 2013-08-21-09-03-05.230685-CEST From: ASR        To: HUB        Command: asr_start(fname="vad-2013-08-21-09-03-05.205085.wav") 

2013-08-21-09-03-07.467041-CEST  ASR-3      : DEBUG      
    ASR: speech_end(fname="vad-2013-08-21-09-03-05.205085.wav")

2013-08-21-09-03-07.471599-CEST  MainProcess : INFO       
    #3832   Time: 2013-08-21-09-03-07.463280-CEST From: VAD        To: HUB        Command: speech_end(fname="vad-2013-08-21-09-03-05.205085.wav") 

2013-08-21-09-03-08.302878-CEST  ASR-3      : DEBUG      
    ASR Hypothesis
    ------------------------------------------------------------
    0.542 chtěl bych jet mikulově na háje
    0.051 chtěl bych jet mikulov in a jája
    0.048 chtěl bych jedl mikulově na háje
    0.045 chtěl bych jet mikulov in a háj
    0.042 chtěl bych jedno mikulově na háje
    0.039 chtěl bych jet mikulov in a háje
    0.036 chtěl bych jed mikulově na háje
    0.033 chtěl bych jet mikulovice
    0.030 chtěl bych jeden mikulově na háje
    0.027 chtěl bych jet mikulov vinařská je
    0.024 chtěl bych jed mikulov in a jája
    0.021 chtěl bych jedl mikulov in a jája
    0.018 chtěl bych jet mikulov je na háje
    0.015 chtěl bych jedno mikulov in a jája
    0.012 chtěl bych jet mikulovice na háje
    0.009 chtěl bych mikulov in a jája
    0.006 chtěl bych jed mikulov in a háj
    0.003 chtěl bych jed mikulov in a háje
    

2013-08-21-09-03-08.324272-CEST  MainProcess : INFO       
    #3885   Time: 2013-08-21-09-03-08.319467-CEST From: ASR        To: HUB        Command: asr_end(fname="vad-2013-08-21-09-03-05.205085.wav") 

2013-08-21-09-03-09.610975-CEST  SLU-4      : DEBUG      
    SLU Hypothesis
    ------------------------------------------------------------
    0.728 inform(to_stop="Háje")
    0.716 inform(from_stop="Mikulova")
    0.239 inform(="Mikulova")
    0.042 inform(="Háje")
    0.033 other()
    

2013-08-21-09-03-09.627414-CEST  MainProcess : INFO       
    #3971   Time: 2013-08-21-09-03-09.623367-CEST From: SLU        To: HUB        Command: slu_parsed(fname="vad-2013-08-21-09-03-05.205085.wav") 

2013-08-21-09-03-09.630514-CEST  DM-5       : DEBUG      
    DDDState Dialogue Act in: inform(to_stop="Háje")&inform(from_stop="Mikulova")

2013-08-21-09-03-09.634820-CEST  DM-5       : DEBUG      
    Context Resolution - Dialogue Act: inform(to_stop="Háje")&inform(from_stop="Mikulova")

2013-08-21-09-03-09.638241-CEST  DM-5       : DEBUG      
    DDDState - Dialogue state content:
    
    ludait = none
    from_stop = Mikulova
    silence_time = 0.0
    to_stop = Háje
    
    
    
    

2013-08-21-09-03-09.641483-CEST  DM-5       : DEBUG      
    DDDState - Dialogue state update
    
    Requested slots:
    {}
    Confirmed slots:
    {}
    Non-informed slots:
    {u'to_stop': u'H\xe1je', u'silence_time': 0.0, u'from_stop': u'Mikulova'}

2013-08-21-09-03-09.939208-CEST  DM-5       : DEBUG      
    DM Output
    ------------------------------------------------------------
    iconfirm(to_stop="Háje")&iconfirm(from_stop="Mikulova")&inform(found_directions="true")&inform(alternative="1")&inform(vehicle="SUBWAY")&inform(line="C")&inform(go_at="09:10")&inform(enter_at="Opatov")&inform(headsign="Háje")&inform(exit_at="Háje")
    

2013-08-21-09-03-09.957209-CEST  MainProcess : INFO       
    #3993   Time: 2013-08-21-09-03-09.952513-CEST From: DM         To: HUB        DA: iconfirm(to_stop="Háje")&iconfirm(from_stop="Mikulova")&inform(found_directions="true")&inform(alternative="1")&inform(vehicle="SUBWAY")&inform(line="C")&inform(go_at="09:10")&inform(enter_at="Opatov")&inform(headsign="Háje")&inform(exit_at="Háje") 

2013-08-21-09-03-09.964037-CEST  NLG-6      : DEBUG      
    #3994   Time: 2013-08-21-09-03-09.959591-CEST From: HUB        To: NLG        DA: iconfirm(to_stop="Háje")&iconfirm(from_stop="Mikulova")&inform(found_directions="true")&inform(alternative="1")&inform(vehicle="SUBWAY")&inform(line="C")&inform(go_at="09:10")&inform(enter_at="Opatov")&inform(headsign="Háje")&inform(exit_at="Háje") 

2013-08-21-09-03-10.029568-CEST  NLG-6      : DEBUG      
    NLG Output
    ------------------------------------------------------------
    Chcete jet do zastávky Háje. Chcete jet ze zastávky Mikulova. Našla jsem následující spojení. Možnost první. Jeďte metrem C v 09:10 ze zastávky Opatov směrem Háje. Vystupte na zastávce Háje.
    

2013-08-21-09-03-10.045596-CEST  MainProcess : INFO       
    #3999   Time: 2013-08-21-09-03-10.041398-CEST From: NLG        To: HUB        Command: nlg_text_generated() 

2013-08-21-09-03-10.049024-CEST  MainProcess : INFO       
    #4001   Time: 2013-08-21-09-03-10.042130-CEST From: TTS        To: HUB        Command: tts_start(user_id="None",text="Chcete jet do zastávky Háje. Chcete jet ze zastávky Mikulova. Našla jsem následující spojení. Možnost první. Jeďte metrem C v 09:10 ze zastávky Opatov směrem Háje. Vystupte na zastávce Háje.") 

2013-08-21-09-03-10.066848-CEST  MainProcess : INFO       
    #4003   Time: 2013-08-21-09-03-10.044124-CEST From: VoipIO     To: HUB        Command: play_utterance_start(user_id="None",fname="tts-2013-08-21-09-03-10.042022.wav") 

2013-08-21-09-03-13.141672-CEST  MainProcess : INFO       
    #5195   Time: 2013-08-21-09-03-13.133750-CEST From: TTS        To: HUB        Command: tts_end(user_id="None",text="Chcete jet do zastávky Háje. Chcete jet ze zastávky Mikulova. Našla jsem následující spojení. Možnost první. Jeďte metrem C v 09:10 ze zastávky Opatov směrem Háje. Vystupte na zastávce Háje.",fname="tts-2013-08-21-09-03-10.042022.wav",log="true") 

2013-08-21-09-03-26.657285-CEST  MainProcess : INFO       
    #5996   Time: 2013-08-21-09-03-25.882147-CEST From: VoipIO     To: HUB        Command: play_utterance_end(user_id="None",fname="tts-2013-08-21-09-03-10.042022.wav) 

2013-08-21-09-03-29.665371-CEST  DM-5       : DEBUG      
    #6233   Time: 2013-08-21-09-03-29.659310-CEST From: HUB        To: DM         Command: timeout(silence_time="3.001") 

2013-08-21-09-03-29.669758-CEST  DM-5       : DEBUG      
    DDDState Dialogue Act in: silence(time="3.001")

2013-08-21-09-03-29.673893-CEST  DM-5       : DEBUG      
    Context Resolution - Dialogue Act: silence(time="3.001")

2013-08-21-09-03-29.678916-CEST  DM-5       : DEBUG      
    DDDState - Dialogue state content:
    
    ludait = silence
    alternative = none
    from_stop = Mikulova
    route_alternative = 0
    silence_time = 3.001
    time = none
    to_stop = Háje
    
    rh_alternative = system-informed
    rh_enter_at = system-informed
    rh_exit_at = system-informed
    rh_found_directions = system-informed
    rh_from_stop = system-informed
    rh_go_at = system-informed
    rh_headsign = system-informed
    rh_line = system-informed
    rh_to_stop = system-informed
    rh_vehicle = system-informed
    
    ch_alternative = system-informed
    ch_enter_at = system-informed
    ch_exit_at = system-informed
    ch_found_directions = system-informed
    ch_from_stop = system-informed
    ch_go_at = system-informed
    ch_headsign = system-informed
    ch_line = system-informed
    ch_to_stop = system-informed
    ch_vehicle = system-informed
    
    sh_alternative = system-informed
    sh_enter_at = system-informed
    sh_exit_at = system-informed
    sh_found_directions = system-informed
    sh_from_stop = system-informed
    sh_go_at = system-informed
    sh_headsign = system-informed
    sh_line = system-informed
    sh_to_stop = system-informed
    sh_vehicle = system-informed
    

2013-08-21-09-03-29.683384-CEST  DM-5       : DEBUG      
    DDDState - Dialogue state update
    
    Requested slots:
    {}
    Confirmed slots:
    {}
    Non-informed slots:
    {u'route_alternative': 0, u'silence_time': 3.001}

2013-08-21-09-03-29.687712-CEST  DM-5       : DEBUG      
    DM Output
    ------------------------------------------------------------
    silence()
    

2013-08-21-09-03-29.730831-CEST  MainProcess : INFO       
    #6238   Time: 2013-08-21-09-03-29.726493-CEST From: DM         To: HUB        DA: silence() 

2013-08-21-09-03-30.098565-CEST  ASR-3      : DEBUG      
    ASR: speech_start(fname="vad-2013-08-21-09-03-30.052607.wav")

2013-08-21-09-03-30.103661-CEST  MainProcess : INFO       
    #6260   Time: 2013-08-21-09-03-30.093844-CEST From: VAD        To: HUB        Command: speech_start(fname="vad-2013-08-21-09-03-30.052607.wav") 

2013-08-21-09-03-30.110444-CEST  MainProcess : INFO       
    #6262   Time: 2013-08-21-09-03-30.094571-CEST From: ASR        To: HUB        Command: asr_start(fname="vad-2013-08-21-09-03-30.052607.wav") 

2013-08-21-09-03-31.219122-CEST  ASR-3      : DEBUG      
    ASR: speech_end(fname="vad-2013-08-21-09-03-30.052607.wav")

2013-08-21-09-03-31.224799-CEST  MainProcess : INFO       
    #6335   Time: 2013-08-21-09-03-31.215345-CEST From: VAD        To: HUB        Command: speech_end(fname="vad-2013-08-21-09-03-30.052607.wav") 

2013-08-21-09-03-31.656216-CEST  ASR-3      : DEBUG      
    ASR Hypothesis
    ------------------------------------------------------------
    0.621 špatně
    0.126 špatně a
    0.101 špatně i
    0.076 špatně se
    0.051 ve špatně a
    0.025 ve špatně i
    0.000 __other__
    

2013-08-21-09-03-31.684926-CEST  MainProcess : INFO       
    #6364   Time: 2013-08-21-09-03-31.680939-CEST From: ASR        To: HUB        Command: asr_end(fname="vad-2013-08-21-09-03-30.052607.wav") 

2013-08-21-09-03-32.103410-CEST  SLU-4      : DEBUG      
    SLU Hypothesis
    ------------------------------------------------------------
    1.000 other()
    

2013-08-21-09-03-32.133149-CEST  MainProcess : INFO       
    #6394   Time: 2013-08-21-09-03-32.128853-CEST From: SLU        To: HUB        Command: slu_parsed(fname="vad-2013-08-21-09-03-30.052607.wav") 

2013-08-21-09-03-32.137561-CEST  DM-5       : DEBUG      
    DDDState Dialogue Act in: other()

2013-08-21-09-03-32.142199-CEST  DM-5       : DEBUG      
    Context Resolution - Dialogue Act: other()

2013-08-21-09-03-32.147169-CEST  DM-5       : DEBUG      
    DDDState - Dialogue state content:
    
    ludait = other
    alternative = none
    from_stop = Mikulova
    route_alternative = 0
    silence_time = 0.0
    time = none
    to_stop = Háje
    
    rh_alternative = system-informed
    rh_enter_at = system-informed
    rh_exit_at = system-informed
    rh_found_directions = system-informed
    rh_from_stop = system-informed
    rh_go_at = system-informed
    rh_headsign = system-informed
    rh_line = system-informed
    rh_to_stop = system-informed
    rh_vehicle = system-informed
    
    ch_alternative = system-informed
    ch_enter_at = system-informed
    ch_exit_at = system-informed
    ch_found_directions = system-informed
    ch_from_stop = system-informed
    ch_go_at = system-informed
    ch_headsign = system-informed
    ch_line = system-informed
    ch_to_stop = system-informed
    ch_vehicle = system-informed
    
    sh_alternative = system-informed
    sh_enter_at = system-informed
    sh_exit_at = system-informed
    sh_found_directions = system-informed
    sh_from_stop = system-informed
    sh_go_at = system-informed
    sh_headsign = system-informed
    sh_line = system-informed
    sh_to_stop = system-informed
    sh_vehicle = system-informed
    

2013-08-21-09-03-32.152169-CEST  DM-5       : DEBUG      
    DDDState - Dialogue state update
    
    Requested slots:
    {}
    Confirmed slots:
    {}
    Non-informed slots:
    {u'route_alternative': 0, u'silence_time': 0.0}

2013-08-21-09-03-32.204123-CEST  DM-5       : DEBUG      
    DM Output
    ------------------------------------------------------------
    notunderstood()
    

2013-08-21-09-03-32.290158-CEST  MainProcess : INFO       
    #6408   Time: 2013-08-21-09-03-32.284747-CEST From: DM         To: HUB        DA: notunderstood() 

2013-08-21-09-03-32.296641-CEST  NLG-6      : DEBUG      
    #6409   Time: 2013-08-21-09-03-32.292878-CEST From: HUB        To: NLG        DA: notunderstood() 

2013-08-21-09-03-32.301037-CEST  NLG-6      : DEBUG      
    NLG Output
    ------------------------------------------------------------
    Nerozuměla jsem.
    

2013-08-21-09-03-32.332403-CEST  MainProcess : INFO       
    #6410   Time: 2013-08-21-09-03-32.327059-CEST From: NLG        To: HUB        Command: nlg_text_generated() 

2013-08-21-09-03-32.337006-CEST  MainProcess : INFO       
    #6412   Time: 2013-08-21-09-03-32.328158-CEST From: TTS        To: HUB        Command: tts_start(user_id="None",text="Nerozuměla jsem.") 

2013-08-21-09-03-32.368315-CEST  MainProcess : INFO       
    #6414   Time: 2013-08-21-09-03-32.330984-CEST From: VoipIO     To: HUB        Command: play_utterance_start(user_id="None",fname="tts-2013-08-21-09-03-32.327952.wav") 

2013-08-21-09-03-32.404942-CEST  MainProcess : INFO       
    #6520   Time: 2013-08-21-09-03-32.400655-CEST From: TTS        To: HUB        Command: tts_end(user_id="None",text="Nerozuměla jsem.",fname="tts-2013-08-21-09-03-32.327952.wav",log="true") 

2013-08-21-09-03-33.953189-CEST  MainProcess : INFO       
    #6596   Time: 2013-08-21-09-03-33.562055-CEST From: VoipIO     To: HUB        Command: play_utterance_end(user_id="None",fname="tts-2013-08-21-09-03-32.327952.wav) 

2013-08-21-09-03-34.906967-CEST  ASR-3      : DEBUG      
    ASR: speech_start(fname="vad-2013-08-21-09-03-34.842635.wav")

2013-08-21-09-03-34.911954-CEST  MainProcess : INFO       
    #6682   Time: 2013-08-21-09-03-34.902500-CEST From: VAD        To: HUB        Command: speech_start(fname="vad-2013-08-21-09-03-34.842635.wav") 

2013-08-21-09-03-34.918075-CEST  MainProcess : INFO       
    #6683   Time: 2013-08-21-09-03-34.903043-CEST From: ASR        To: HUB        Command: asr_start(fname="vad-2013-08-21-09-03-34.842635.wav") 

2013-08-21-09-03-35.385784-CEST  MainProcess : INFO       
    #6713   Time: 2013-08-21-09-03-35.380865-CEST From: VAD        To: HUB        Command: speech_end(fname="vad-2013-08-21-09-03-34.842635.wav") 

2013-08-21-09-03-35.390627-CEST  ASR-3      : DEBUG      
    ASR: speech_end(fname="vad-2013-08-21-09-03-34.842635.wav")

2013-08-21-09-03-35.668382-CEST  ASR-3      : DEBUG      
    ASR Hypothesis
    ------------------------------------------------------------
    1.000 __silence__
    0.000 __other__
    

2013-08-21-09-03-35.721227-CEST  MainProcess : INFO       
    #6734   Time: 2013-08-21-09-03-35.716551-CEST From: ASR        To: HUB        Command: asr_end(fname="vad-2013-08-21-09-03-34.842635.wav") 

2013-08-21-09-03-35.725182-CEST  SLU-4      : DEBUG      
    SLU Hypothesis
    ------------------------------------------------------------
    1.000 silence()
    

2013-08-21-09-03-35.764368-CEST  MainProcess : INFO       
    #6740   Time: 2013-08-21-09-03-35.760085-CEST From: SLU        To: HUB        Command: slu_parsed(fname="vad-2013-08-21-09-03-34.842635.wav") 

2013-08-21-09-03-35.768946-CEST  DM-5       : DEBUG      
    DDDState Dialogue Act in: silence()

2013-08-21-09-03-35.773282-CEST  DM-5       : DEBUG      
    Context Resolution - Dialogue Act: silence()

2013-08-21-09-03-35.777801-CEST  DM-5       : DEBUG      
    DDDState - Dialogue state content:
    
    ludait = silence
    alternative = none
    from_stop = Mikulova
    route_alternative = 0
    silence_time = 0.0
    time = none
    to_stop = Háje
    
    rh_alternative = system-informed
    rh_enter_at = system-informed
    rh_exit_at = system-informed
    rh_found_directions = system-informed
    rh_from_stop = system-informed
    rh_go_at = system-informed
    rh_headsign = system-informed
    rh_line = system-informed
    rh_to_stop = system-informed
    rh_vehicle = system-informed
    
    ch_alternative = system-informed
    ch_enter_at = system-informed
    ch_exit_at = system-informed
    ch_found_directions = system-informed
    ch_from_stop = system-informed
    ch_go_at = system-informed
    ch_headsign = system-informed
    ch_line = system-informed
    ch_to_stop = system-informed
    ch_vehicle = system-informed
    
    sh_alternative = system-informed
    sh_enter_at = system-informed
    sh_exit_at = system-informed
    sh_found_directions = system-informed
    sh_from_stop = system-informed
    sh_go_at = system-informed
    sh_headsign = system-informed
    sh_line = system-informed
    sh_to_stop = system-informed
    sh_vehicle = system-informed
    

2013-08-21-09-03-35.782531-CEST  DM-5       : DEBUG      
    DDDState - Dialogue state update
    
    Requested slots:
    {}
    Confirmed slots:
    {}
    Non-informed slots:
    {u'route_alternative': 0, u'silence_time': 0.0}

2013-08-21-09-03-35.848494-CEST  DM-5       : DEBUG      
    DM Output
    ------------------------------------------------------------
    silence()
    

2013-08-21-09-03-35.891764-CEST  MainProcess : INFO       
    #6750   Time: 2013-08-21-09-03-35.887038-CEST From: DM         To: HUB        DA: silence() 

2013-08-21-09-03-36.214108-CEST  ASR-3      : DEBUG      
    ASR: speech_start(fname="vad-2013-08-21-09-03-36.134794.wav")

2013-08-21-09-03-36.219713-CEST  MainProcess : INFO       
    #6772   Time: 2013-08-21-09-03-36.209880-CEST From: VAD        To: HUB        Command: speech_start(fname="vad-2013-08-21-09-03-36.134794.wav") 

2013-08-21-09-03-36.225808-CEST  MainProcess : INFO       
    #6773   Time: 2013-08-21-09-03-36.210502-CEST From: ASR        To: HUB        Command: asr_start(fname="vad-2013-08-21-09-03-36.134794.wav") 

2013-08-21-09-03-37.002980-CEST  ASR-3      : DEBUG      
    ASR: speech_end(fname="vad-2013-08-21-09-03-36.134794.wav")

2013-08-21-09-03-37.007926-CEST  MainProcess : INFO       
    #6823   Time: 2013-08-21-09-03-36.998529-CEST From: VAD        To: HUB        Command: speech_end(fname="vad-2013-08-21-09-03-36.134794.wav") 

2013-08-21-09-03-37.286441-CEST  ASR-3      : DEBUG      
    ASR Hypothesis
    ------------------------------------------------------------
    0.857 další
    0.057 další vtip
    0.043 delší
    0.029 další tip
    0.014 další a
    0.000 __other__
    

2013-08-21-09-03-37.342969-CEST  MainProcess : INFO       
    #6848   Time: 2013-08-21-09-03-37.338741-CEST From: ASR        To: HUB        Command: asr_end(fname="vad-2013-08-21-09-03-36.134794.wav") 

2013-08-21-09-03-37.682924-CEST  SLU-4      : DEBUG      
    SLU Hypothesis
    ------------------------------------------------------------
    0.957 reqalts()
    0.043 other()
    

2013-08-21-09-03-37.742718-CEST  MainProcess : INFO       
    #6874   Time: 2013-08-21-09-03-37.737330-CEST From: SLU        To: HUB        Command: slu_parsed(fname="vad-2013-08-21-09-03-36.134794.wav") 

2013-08-21-09-03-37.747327-CEST  DM-5       : DEBUG      
    DDDState Dialogue Act in: reqalts()

2013-08-21-09-03-37.752546-CEST  DM-5       : DEBUG      
    Context Resolution - Dialogue Act: reqalts()

2013-08-21-09-03-37.757478-CEST  DM-5       : DEBUG      
    DDDState - Dialogue state content:
    
    ludait = reqalts
    alternative = none
    from_stop = Mikulova
    route_alternative = 0
    silence_time = 0.0
    time = none
    to_stop = Háje
    
    rh_alternative = system-informed
    rh_enter_at = system-informed
    rh_exit_at = system-informed
    rh_found_directions = system-informed
    rh_from_stop = system-informed
    rh_go_at = system-informed
    rh_headsign = system-informed
    rh_line = system-informed
    rh_to_stop = system-informed
    rh_vehicle = system-informed
    
    ch_alternative = system-informed
    ch_enter_at = system-informed
    ch_exit_at = system-informed
    ch_found_directions = system-informed
    ch_from_stop = system-informed
    ch_go_at = system-informed
    ch_headsign = system-informed
    ch_line = system-informed
    ch_to_stop = system-informed
    ch_vehicle = system-informed
    
    sh_alternative = system-informed
    sh_enter_at = system-informed
    sh_exit_at = system-informed
    sh_found_directions = system-informed
    sh_from_stop = system-informed
    sh_go_at = system-informed
    sh_headsign = system-informed
    sh_line = system-informed
    sh_to_stop = system-informed
    sh_vehicle = system-informed
    

2013-08-21-09-03-37.762129-CEST  DM-5       : DEBUG      
    DDDState - Dialogue state update
    
    Requested slots:
    {}
    Confirmed slots:
    {}
    Non-informed slots:
    {u'route_alternative': 0, u'silence_time': 0.0}

2013-08-21-09-03-38.046175-CEST  DM-5       : DEBUG      
    DM Output
    ------------------------------------------------------------
    inform(found_directions="true")&inform(alternative="2")&inform(vehicle="SUBWAY")&inform(line="C")&inform(go_at="09:13")&inform(enter_at="Opatov")&inform(headsign="Háje")&inform(exit_at="Háje")
    

2013-08-21-09-03-38.104943-CEST  MainProcess : INFO       
    #6898   Time: 2013-08-21-09-03-38.098050-CEST From: DM         To: HUB        DA: inform(found_directions="true")&inform(alternative="2")&inform(vehicle="SUBWAY")&inform(line="C")&inform(go_at="09:13")&inform(enter_at="Opatov")&inform(headsign="Háje")&inform(exit_at="Háje") 

2013-08-21-09-03-38.114827-CEST  NLG-6      : DEBUG      
    #6901   Time: 2013-08-21-09-03-38.108240-CEST From: HUB        To: NLG        DA: inform(found_directions="true")&inform(alternative="2")&inform(vehicle="SUBWAY")&inform(line="C")&inform(go_at="09:13")&inform(enter_at="Opatov")&inform(headsign="Háje")&inform(exit_at="Háje") 

2013-08-21-09-03-38.194526-CEST  NLG-6      : DEBUG      
    NLG Output
    ------------------------------------------------------------
    Našla jsem následující spojení. Možnost druhá. Jeďte metrem C v 09:13 ze zastávky Opatov směrem Háje. Vystupte na zastávce Háje.
    

2013-08-21-09-03-38.249199-CEST  MainProcess : INFO       
    #6910   Time: 2013-08-21-09-03-38.244514-CEST From: NLG        To: HUB        Command: nlg_text_generated() 

2013-08-21-09-03-38.256944-CEST  MainProcess : INFO       
    #6912   Time: 2013-08-21-09-03-38.250642-CEST From: TTS        To: HUB        Command: tts_start(user_id="None",text="Našla jsem následující spojení. Možnost druhá. Jeďte metrem C v 09:13 ze zastávky Opatov směrem Háje. Vystupte na zastávce Háje.") 

2013-08-21-09-03-38.364045-CEST  MainProcess : INFO       
    #6914   Time: 2013-08-21-09-03-38.254201-CEST From: VoipIO     To: HUB        Command: play_utterance_start(user_id="None",fname="tts-2013-08-21-09-03-38.246806.wav") 

2013-08-21-09-03-39.694933-CEST  MainProcess : INFO       
    #7729   Time: 2013-08-21-09-03-39.686921-CEST From: TTS        To: HUB        Command: tts_end(user_id="None",text="Našla jsem následující spojení. Možnost druhá. Jeďte metrem C v 09:13 ze zastávky Opatov směrem Háje. Vystupte na zastávce Háje.",fname="tts-2013-08-21-09-03-38.246806.wav",log="true") 

2013-08-21-09-03-49.890415-CEST  MainProcess : INFO       
    #8330   Time: 2013-08-21-09-03-49.281883-CEST From: VoipIO     To: HUB        Command: play_utterance_end(user_id="None",fname="tts-2013-08-21-09-03-38.246806.wav) 

2013-08-21-09-03-50.699704-CEST  MainProcess : INFO       
    #8420   Time: 2013-08-21-09-03-50.696010-CEST From: VAD        To: HUB        Command: speech_start(fname="vad-2013-08-21-09-03-50.606015.wav") 

2013-08-21-09-03-50.704029-CEST  ASR-3      : DEBUG      
    ASR: speech_start(fname="vad-2013-08-21-09-03-50.606015.wav")

2013-08-21-09-03-50.708900-CEST  MainProcess : INFO       
    #8421   Time: 2013-08-21-09-03-50.697313-CEST From: ASR        To: HUB        Command: asr_start(fname="vad-2013-08-21-09-03-50.606015.wav") 

2013-08-21-09-03-51.164274-CEST  ASR-3      : DEBUG      
    ASR: speech_end(fname="vad-2013-08-21-09-03-50.606015.wav")

2013-08-21-09-03-51.168956-CEST  MainProcess : INFO       
    #8455   Time: 2013-08-21-09-03-51.159736-CEST From: VAD        To: HUB        Command: speech_end(fname="vad-2013-08-21-09-03-50.606015.wav") 

2013-08-21-09-03-51.348328-CEST  ASR-3      : DEBUG      
    ASR Hypothesis
    ------------------------------------------------------------
    1.000 __silence__
    0.000 __other__
    

2013-08-21-09-03-51.410679-CEST  SLU-4      : DEBUG      
    SLU Hypothesis
    ------------------------------------------------------------
    1.000 silence()
    

2013-08-21-09-03-51.415214-CEST  MainProcess : INFO       
    #8469   Time: 2013-08-21-09-03-51.405694-CEST From: ASR        To: HUB        Command: asr_end(fname="vad-2013-08-21-09-03-50.606015.wav") 

2013-08-21-09-03-51.460167-CEST  DM-5       : DEBUG      
    DDDState Dialogue Act in: silence()

2013-08-21-09-03-51.464185-CEST  MainProcess : INFO       
    #8474   Time: 2013-08-21-09-03-51.456360-CEST From: SLU        To: HUB        Command: slu_parsed(fname="vad-2013-08-21-09-03-50.606015.wav") 

2013-08-21-09-03-51.467950-CEST  DM-5       : DEBUG      
    Context Resolution - Dialogue Act: silence()

2013-08-21-09-03-51.472472-CEST  DM-5       : DEBUG      
    DDDState - Dialogue state content:
    
    ludait = silence
    alternative = none
    from_stop = Mikulova
    route_alternative = 1
    silence_time = 0.0
    time = none
    to_stop = Háje
    
    rh_alternative = system-informed
    rh_enter_at = system-informed
    rh_exit_at = system-informed
    rh_found_directions = system-informed
    rh_from_stop = system-informed
    rh_go_at = system-informed
    rh_headsign = system-informed
    rh_line = system-informed
    rh_to_stop = system-informed
    rh_vehicle = system-informed
    
    ch_alternative = system-informed
    ch_enter_at = system-informed
    ch_exit_at = system-informed
    ch_found_directions = system-informed
    ch_from_stop = system-informed
    ch_go_at = system-informed
    ch_headsign = system-informed
    ch_line = system-informed
    ch_to_stop = system-informed
    ch_vehicle = system-informed
    
    sh_alternative = system-informed
    sh_enter_at = system-informed
    sh_exit_at = system-informed
    sh_found_directions = system-informed
    sh_from_stop = system-informed
    sh_go_at = system-informed
    sh_headsign = system-informed
    sh_line = system-informed
    sh_to_stop = system-informed
    sh_vehicle = system-informed
    

2013-08-21-09-03-51.477116-CEST  DM-5       : DEBUG      
    DDDState - Dialogue state update
    
    Requested slots:
    {}
    Confirmed slots:
    {}
    Non-informed slots:
    {u'route_alternative': 1, u'silence_time': 0.0}

2013-08-21-09-03-51.579787-CEST  DM-5       : DEBUG      
    DM Output
    ------------------------------------------------------------
    silence()
    

2013-08-21-09-03-51.638135-CEST  MainProcess : INFO       
    #8488   Time: 2013-08-21-09-03-51.634137-CEST From: DM         To: HUB        DA: silence() 

2013-08-21-09-03-52.184022-CEST  ASR-3      : DEBUG      
    ASR: speech_start(fname="vad-2013-08-21-09-03-52.072686.wav")

2013-08-21-09-03-52.188724-CEST  MainProcess : INFO       
    #8525   Time: 2013-08-21-09-03-52.179656-CEST From: VAD        To: HUB        Command: speech_start(fname="vad-2013-08-21-09-03-52.072686.wav") 

2013-08-21-09-03-52.194945-CEST  MainProcess : INFO       
    #8526   Time: 2013-08-21-09-03-52.180468-CEST From: ASR        To: HUB        Command: asr_start(fname="vad-2013-08-21-09-03-52.072686.wav") 

2013-08-21-09-03-53.413527-CEST  MainProcess : INFO       
    #8605   Time: 2013-08-21-09-03-53.408419-CEST From: VAD        To: HUB        Command: speech_end(fname="vad-2013-08-21-09-03-52.072686.wav") 

2013-08-21-09-03-53.418232-CEST  ASR-3      : DEBUG      
    ASR: speech_end(fname="vad-2013-08-21-09-03-52.072686.wav")

2013-08-21-09-03-54.016721-CEST  ASR-3      : DEBUG      
    ASR Hypothesis
    ------------------------------------------------------------
    0.828 nový spoj
    0.049 nový pokoj
    0.041 nový stroj
    0.033 nový ahoj
    0.025 knovíz ahoj
    0.016 noví ahoj
    0.008 now i ahoj
    0.000 __other__
    

2013-08-21-09-03-54.166136-CEST  MainProcess : INFO       
    #8651   Time: 2013-08-21-09-03-54.160209-CEST From: ASR        To: HUB        Command: asr_end(fname="vad-2013-08-21-09-03-52.072686.wav") 

2013-08-21-09-03-54.673296-CEST  SLU-4      : DEBUG      
    SLU Hypothesis
    ------------------------------------------------------------
    0.918 other()
    0.082 hello()
    

2013-08-21-09-03-54.741928-CEST  MainProcess : INFO       
    #8689   Time: 2013-08-21-09-03-54.736044-CEST From: SLU        To: HUB        Command: slu_parsed(fname="vad-2013-08-21-09-03-52.072686.wav") 

2013-08-21-09-03-54.746361-CEST  DM-5       : DEBUG      
    DDDState Dialogue Act in: other()

2013-08-21-09-03-54.751313-CEST  DM-5       : DEBUG      
    Context Resolution - Dialogue Act: other()

2013-08-21-09-03-54.756613-CEST  DM-5       : DEBUG      
    DDDState - Dialogue state content:
    
    ludait = other
    alternative = none
    from_stop = Mikulova
    route_alternative = 1
    silence_time = 0.0
    time = none
    to_stop = Háje
    
    rh_alternative = system-informed
    rh_enter_at = system-informed
    rh_exit_at = system-informed
    rh_found_directions = system-informed
    rh_from_stop = system-informed
    rh_go_at = system-informed
    rh_headsign = system-informed
    rh_line = system-informed
    rh_to_stop = system-informed
    rh_vehicle = system-informed
    
    ch_alternative = system-informed
    ch_enter_at = system-informed
    ch_exit_at = system-informed
    ch_found_directions = system-informed
    ch_from_stop = system-informed
    ch_go_at = system-informed
    ch_headsign = system-informed
    ch_line = system-informed
    ch_to_stop = system-informed
    ch_vehicle = system-informed
    
    sh_alternative = system-informed
    sh_enter_at = system-informed
    sh_exit_at = system-informed
    sh_found_directions = system-informed
    sh_from_stop = system-informed
    sh_go_at = system-informed
    sh_headsign = system-informed
    sh_line = system-informed
    sh_to_stop = system-informed
    sh_vehicle = system-informed
    

2013-08-21-09-03-54.761819-CEST  DM-5       : DEBUG      
    DDDState - Dialogue state update
    
    Requested slots:
    {}
    Confirmed slots:
    {}
    Non-informed slots:
    {u'route_alternative': 1, u'silence_time': 0.0}

2013-08-21-09-03-54.882713-CEST  DM-5       : DEBUG      
    DM Output
    ------------------------------------------------------------
    notunderstood()&help(inform="alternative_next")
    

2013-08-21-09-03-54.962266-CEST  MainProcess : INFO       
    #8706   Time: 2013-08-21-09-03-54.957447-CEST From: DM         To: HUB        DA: notunderstood()&help(inform="alternative_next") 

2013-08-21-09-03-54.968078-CEST  NLG-6      : DEBUG      
    #8707   Time: 2013-08-21-09-03-54.964394-CEST From: HUB        To: NLG        DA: notunderstood()&help(inform="alternative_next") 

2013-08-21-09-03-54.973182-CEST  NLG-6      : DEBUG      
    NLG Output
    ------------------------------------------------------------
    Promiňte, nerozuměla jsem. Pokud chcete zjistit následující spoj, potom mě můžete požádat o další spoj.
    

2013-08-21-09-03-55.105113-CEST  MainProcess : INFO       
    #8716   Time: 2013-08-21-09-03-55.100162-CEST From: NLG        To: HUB        Command: nlg_text_generated() 

2013-08-21-09-03-55.111569-CEST  MainProcess : INFO       
    #8718   Time: 2013-08-21-09-03-55.106410-CEST From: TTS        To: HUB        Command: tts_start(user_id="None",text="Promiňte, nerozuměla jsem. Pokud chcete zjistit následující spoj, potom mě můžete požádat o další spoj.") 

2013-08-21-09-03-55.175196-CEST  MainProcess : INFO       
    #8720   Time: 2013-08-21-09-03-55.108598-CEST From: VoipIO     To: HUB        Command: play_utterance_start(user_id="None",fname="tts-2013-08-21-09-03-55.102440.wav") 

2013-08-21-09-03-55.262406-CEST  MainProcess : INFO       
    #9251   Time: 2013-08-21-09-03-55.254816-CEST From: TTS        To: HUB        Command: tts_end(user_id="None",text="Promiňte, nerozuměla jsem. Pokud chcete zjistit následující spoj, potom mě můžete požádat o další spoj.",fname="tts-2013-08-21-09-03-55.102440.wav",log="true") 

2013-08-21-09-04-03.457995-CEST  MainProcess : INFO       
    #9721   Time: 2013-08-21-09-04-02.790539-CEST From: VoipIO     To: HUB        Command: play_utterance_end(user_id="None",fname="tts-2013-08-21-09-03-55.102440.wav) 

2013-08-21-09-04-06.465268-CEST  DM-5       : DEBUG      
    #9954   Time: 2013-08-21-09-04-06.460018-CEST From: HUB        To: DM         Command: timeout(silence_time="3.001") 

2013-08-21-09-04-06.469320-CEST  DM-5       : DEBUG      
    DDDState Dialogue Act in: silence(time="3.001")

2013-08-21-09-04-06.473192-CEST  DM-5       : DEBUG      
    Context Resolution - Dialogue Act: silence(time="3.001")

2013-08-21-09-04-06.477897-CEST  DM-5       : DEBUG      
    DDDState - Dialogue state content:
    
    ludait = silence
    alternative = none
    from_stop = Mikulova
    route_alternative = 1
    silence_time = 3.001
    time = none
    to_stop = Háje
    
    rh_alternative = system-informed
    rh_enter_at = system-informed
    rh_exit_at = system-informed
    rh_found_directions = system-informed
    rh_from_stop = system-informed
    rh_go_at = system-informed
    rh_headsign = system-informed
    rh_line = system-informed
    rh_to_stop = system-informed
    rh_vehicle = system-informed
    
    ch_alternative = system-informed
    ch_enter_at = system-informed
    ch_exit_at = system-informed
    ch_found_directions = system-informed
    ch_from_stop = system-informed
    ch_go_at = system-informed
    ch_headsign = system-informed
    ch_line = system-informed
    ch_to_stop = system-informed
    ch_vehicle = system-informed
    
    sh_alternative = system-informed
    sh_enter_at = system-informed
    sh_exit_at = system-informed
    sh_found_directions = system-informed
    sh_from_stop = system-informed
    sh_go_at = system-informed
    sh_headsign = system-informed
    sh_line = system-informed
    sh_to_stop = system-informed
    sh_vehicle = system-informed
    

2013-08-21-09-04-06.482511-CEST  DM-5       : DEBUG      
    DDDState - Dialogue state update
    
    Requested slots:
    {}
    Confirmed slots:
    {}
    Non-informed slots:
    {u'route_alternative': 1, u'silence_time': 3.001}

2013-08-21-09-04-06.486781-CEST  DM-5       : DEBUG      
    DM Output
    ------------------------------------------------------------
    silence()
    

2013-08-21-09-04-06.613666-CEST  MainProcess : INFO       
    #9963   Time: 2013-08-21-09-04-06.609074-CEST From: DM         To: HUB        DA: silence() 

2013-08-21-09-04-06.863692-CEST  ASR-3      : DEBUG      
    ASR: speech_start(fname="vad-2013-08-21-09-04-06.734204.wav")

2013-08-21-09-04-06.868218-CEST  MainProcess : INFO       
    #9981   Time: 2013-08-21-09-04-06.858935-CEST From: VAD        To: HUB        Command: speech_start(fname="vad-2013-08-21-09-04-06.734204.wav") 

2013-08-21-09-04-06.875404-CEST  MainProcess : INFO       
    #9982   Time: 2013-08-21-09-04-06.860578-CEST From: ASR        To: HUB        Command: asr_start(fname="vad-2013-08-21-09-04-06.734204.wav") 

2013-08-21-09-04-08.310063-CEST  MainProcess : INFO       
    #10074  Time: 2013-08-21-09-04-08.306013-CEST From: VAD        To: HUB        Command: speech_end(fname="vad-2013-08-21-09-04-06.734204.wav") 

2013-08-21-09-04-08.314658-CEST  ASR-3      : DEBUG      
    ASR: speech_end(fname="vad-2013-08-21-09-04-06.734204.wav")

2013-08-21-09-04-08.926213-CEST  ASR-3      : DEBUG      
    ASR Hypothesis
    ------------------------------------------------------------
    1.000 __silence__
    0.000 __other__
    

2013-08-21-09-04-09.014737-CEST  MainProcess : INFO       
    #10119  Time: 2013-08-21-09-04-09.009570-CEST From: ASR        To: HUB        Command: asr_end(fname="vad-2013-08-21-09-04-06.734204.wav") 

2013-08-21-09-04-09.019069-CEST  SLU-4      : DEBUG      
    SLU Hypothesis
    ------------------------------------------------------------
    1.000 silence()
    

2013-08-21-09-04-09.107437-CEST  MainProcess : INFO       
    #10127  Time: 2013-08-21-09-04-09.103805-CEST From: SLU        To: HUB        Command: slu_parsed(fname="vad-2013-08-21-09-04-06.734204.wav") 

2013-08-21-09-04-09.111464-CEST  DM-5       : DEBUG      
    DDDState Dialogue Act in: silence()

2013-08-21-09-04-09.116356-CEST  DM-5       : DEBUG      
    Context Resolution - Dialogue Act: silence()

2013-08-21-09-04-09.120535-CEST  DM-5       : DEBUG      
    DDDState - Dialogue state content:
    
    ludait = silence
    alternative = none
    from_stop = Mikulova
    route_alternative = 1
    silence_time = 0.0
    time = none
    to_stop = Háje
    
    rh_alternative = system-informed
    rh_enter_at = system-informed
    rh_exit_at = system-informed
    rh_found_directions = system-informed
    rh_from_stop = system-informed
    rh_go_at = system-informed
    rh_headsign = system-informed
    rh_line = system-informed
    rh_to_stop = system-informed
    rh_vehicle = system-informed
    
    ch_alternative = system-informed
    ch_enter_at = system-informed
    ch_exit_at = system-informed
    ch_found_directions = system-informed
    ch_from_stop = system-informed
    ch_go_at = system-informed
    ch_headsign = system-informed
    ch_line = system-informed
    ch_to_stop = system-informed
    ch_vehicle = system-informed
    
    sh_alternative = system-informed
    sh_enter_at = system-informed
    sh_exit_at = system-informed
    sh_found_directions = system-informed
    sh_from_stop = system-informed
    sh_go_at = system-informed
    sh_headsign = system-informed
    sh_line = system-informed
    sh_to_stop = system-informed
    sh_vehicle = system-informed
    

2013-08-21-09-04-09.124610-CEST  DM-5       : DEBUG      
    DDDState - Dialogue state update
    
    Requested slots:
    {}
    Confirmed slots:
    {}
    Non-informed slots:
    {u'route_alternative': 1, u'silence_time': 0.0}

2013-08-21-09-04-09.328832-CEST  DM-5       : DEBUG      
    DM Output
    ------------------------------------------------------------
    silence()
    

2013-08-21-09-04-09.430196-CEST  MainProcess : INFO       
    #10149  Time: 2013-08-21-09-04-09.424920-CEST From: DM         To: HUB        DA: silence() 

2013-08-21-09-04-09.751870-CEST  MainProcess : INFO       
    #10171  Time: 2013-08-21-09-04-09.747766-CEST From: VAD        To: HUB        Command: speech_start(fname="vad-2013-08-21-09-04-09.606424.wav") 

2013-08-21-09-04-09.756578-CEST  ASR-3      : DEBUG      
    ASR: speech_start(fname="vad-2013-08-21-09-04-09.606424.wav")

2013-08-21-09-04-09.761714-CEST  MainProcess : INFO       
    #10172  Time: 2013-08-21-09-04-09.748709-CEST From: ASR        To: HUB        Command: asr_start(fname="vad-2013-08-21-09-04-09.606424.wav") 

2013-08-21-09-04-11.479324-CEST  ASR-3      : DEBUG      
    ASR: speech_end(fname="vad-2013-08-21-09-04-09.606424.wav")

2013-08-21-09-04-11.483863-CEST  MainProcess : INFO       
    #10282  Time: 2013-08-21-09-04-11.475653-CEST From: VAD        To: HUB        Command: speech_end(fname="vad-2013-08-21-09-04-09.606424.wav") 

2013-08-21-09-04-12.301566-CEST  ASR-3      : DEBUG      
    ASR Hypothesis
    ------------------------------------------------------------
    0.522 nový spoj
    0.074 ahoj nový spoj
    0.067 rod nový spoj
    0.061 nový sport
    0.055 ror nový spoj
    0.049 v nový spoj
    0.043 ahoj nový sport
    0.037 nový stroj
    0.031 rod nový sport
    0.025 root nový spoj
    0.018 rock nový spoj
    0.012 ahoj nový stroj
    0.006 a nový spoj
    0.000 __other__
    

2013-08-21-09-04-12.384219-CEST  MainProcess : INFO       
    #10339  Time: 2013-08-21-09-04-12.380095-CEST From: ASR        To: HUB        Command: asr_end(fname="vad-2013-08-21-09-04-09.606424.wav") 

2013-08-21-09-04-13.240944-CEST  SLU-4      : DEBUG      
    SLU Hypothesis
    ------------------------------------------------------------
    0.871 other()
    0.129 hello()
    

2013-08-21-09-04-13.325669-CEST  MainProcess : INFO       
    #10401  Time: 2013-08-21-09-04-13.320066-CEST From: SLU        To: HUB        Command: slu_parsed(fname="vad-2013-08-21-09-04-09.606424.wav") 

2013-08-21-09-04-13.329411-CEST  DM-5       : DEBUG      
    DDDState Dialogue Act in: other()

2013-08-21-09-04-13.333652-CEST  DM-5       : DEBUG      
    Context Resolution - Dialogue Act: other()

2013-08-21-09-04-13.338414-CEST  DM-5       : DEBUG      
    DDDState - Dialogue state content:
    
    ludait = other
    alternative = none
    from_stop = Mikulova
    route_alternative = 1
    silence_time = 0.0
    time = none
    to_stop = Háje
    
    rh_alternative = system-informed
    rh_enter_at = system-informed
    rh_exit_at = system-informed
    rh_found_directions = system-informed
    rh_from_stop = system-informed
    rh_go_at = system-informed
    rh_headsign = system-informed
    rh_line = system-informed
    rh_to_stop = system-informed
    rh_vehicle = system-informed
    
    ch_alternative = system-informed
    ch_enter_at = system-informed
    ch_exit_at = system-informed
    ch_found_directions = system-informed
    ch_from_stop = system-informed
    ch_go_at = system-informed
    ch_headsign = system-informed
    ch_line = system-informed
    ch_to_stop = system-informed
    ch_vehicle = system-informed
    
    sh_alternative = system-informed
    sh_enter_at = system-informed
    sh_exit_at = system-informed
    sh_found_directions = system-informed
    sh_from_stop = system-informed
    sh_go_at = system-informed
    sh_headsign = system-informed
    sh_line = system-informed
    sh_to_stop = system-informed
    sh_vehicle = system-informed
    

2013-08-21-09-04-13.342672-CEST  DM-5       : DEBUG      
    DDDState - Dialogue state update
    
    Requested slots:
    {}
    Confirmed slots:
    {}
    Non-informed slots:
    {u'route_alternative': 1, u'silence_time': 0.0}

2013-08-21-09-04-13.578619-CEST  DM-5       : DEBUG      
    DM Output
    ------------------------------------------------------------
    notunderstood()&help(inform="alternative_prev")
    

2013-08-21-09-04-13.660090-CEST  MainProcess : INFO       
    #10423  Time: 2013-08-21-09-04-13.655517-CEST From: DM         To: HUB        DA: notunderstood()&help(inform="alternative_prev") 

2013-08-21-09-04-13.669533-CEST  NLG-6      : DEBUG      
    #10424  Time: 2013-08-21-09-04-13.663270-CEST From: HUB        To: NLG        DA: notunderstood()&help(inform="alternative_prev") 

2013-08-21-09-04-13.674682-CEST  NLG-6      : DEBUG      
    NLG Output
    ------------------------------------------------------------
    Nerozuměla jsem. Ještě jednou prosím. Můžete mě požádat o předchozí spoj.
    

2013-08-21-09-04-13.762524-CEST  MainProcess : INFO       
    #10433  Time: 2013-08-21-09-04-13.757015-CEST From: NLG        To: HUB        Command: nlg_text_generated() 

2013-08-21-09-04-13.767318-CEST  MainProcess : INFO       
    #10435  Time: 2013-08-21-09-04-13.758626-CEST From: TTS        To: HUB        Command: tts_start(user_id="None",text="Nerozuměla jsem. Ještě jednou prosím. Můžete mě požádat o předchozí spoj.") 

2013-08-21-09-04-13.857015-CEST  MainProcess : INFO       
    #10437  Time: 2013-08-21-09-04-13.761302-CEST From: VoipIO     To: HUB        Command: play_utterance_start(user_id="None",fname="tts-2013-08-21-09-04-13.758470.wav") 

2013-08-21-09-04-13.926467-CEST  MainProcess : INFO       
    #10830  Time: 2013-08-21-09-04-13.921073-CEST From: TTS        To: HUB        Command: tts_end(user_id="None",text="Nerozuměla jsem. Ještě jednou prosím. Můžete mě požádat o předchozí spoj.",fname="tts-2013-08-21-09-04-13.758470.wav",log="true") 

2013-08-21-09-04-14.244345-CEST  MainProcess : INFO       
    #10852  Time: 2013-08-21-09-04-14.239456-CEST From: VAD        To: HUB        Command: speech_start(fname="vad-2013-08-21-09-04-14.077542.wav") 

2013-08-21-09-04-14.248942-CEST  ASR-3      : DEBUG      
    ASR: speech_start(fname="vad-2013-08-21-09-04-14.077542.wav")

2013-08-21-09-04-14.254334-CEST  MainProcess : INFO       
    #10853  Time: 2013-08-21-09-04-14.241432-CEST From: ASR        To: HUB        Command: asr_start(fname="vad-2013-08-21-09-04-14.077542.wav") 

2013-08-21-09-04-15.238786-CEST  ASR-3      : DEBUG      
    ASR: speech_end(fname="vad-2013-08-21-09-04-14.077542.wav")

2013-08-21-09-04-15.243339-CEST  MainProcess : INFO       
    #10919  Time: 2013-08-21-09-04-15.234918-CEST From: VAD        To: HUB        Command: speech_end(fname="vad-2013-08-21-09-04-14.077542.wav") 

2013-08-21-09-04-15.800638-CEST  ASR-3      : DEBUG      
    ASR Hypothesis
    ------------------------------------------------------------
    0.269 ze zastávky
    0.162 zastávka
    0.142 zastávky
    0.122 zastávku
    0.102 za zastávkou
    0.081 zastávka i
    0.061 ze zastávky i
    0.041 zastávku i
    0.020 zastávky i
    0.000 __other__
    

2013-08-21-09-04-15.912064-CEST  MainProcess : INFO       
    #10960  Time: 2013-08-21-09-04-15.907350-CEST From: ASR        To: HUB        Command: asr_end(fname="vad-2013-08-21-09-04-14.077542.wav") 

2013-08-21-09-04-16.540870-CEST  SLU-4      : DEBUG      
    SLU Hypothesis
    ------------------------------------------------------------
    1.000 other()
    

2013-08-21-09-04-16.653645-CEST  MainProcess : INFO       
    #11010  Time: 2013-08-21-09-04-16.649839-CEST From: SLU        To: HUB        Command: slu_parsed(fname="vad-2013-08-21-09-04-14.077542.wav") 

2013-08-21-09-04-16.657977-CEST  DM-5       : DEBUG      
    DDDState Dialogue Act in: other()

2013-08-21-09-04-16.661884-CEST  DM-5       : DEBUG      
    Context Resolution - Dialogue Act: other()

2013-08-21-09-04-16.666671-CEST  DM-5       : DEBUG      
    DDDState - Dialogue state content:
    
    ludait = other
    alternative = none
    from_stop = Mikulova
    route_alternative = 1
    silence_time = 0.0
    time = none
    to_stop = Háje
    
    rh_alternative = system-informed
    rh_enter_at = system-informed
    rh_exit_at = system-informed
    rh_found_directions = system-informed
    rh_from_stop = system-informed
    rh_go_at = system-informed
    rh_headsign = system-informed
    rh_line = system-informed
    rh_to_stop = system-informed
    rh_vehicle = system-informed
    
    ch_alternative = system-informed
    ch_enter_at = system-informed
    ch_exit_at = system-informed
    ch_found_directions = system-informed
    ch_from_stop = system-informed
    ch_go_at = system-informed
    ch_headsign = system-informed
    ch_line = system-informed
    ch_to_stop = system-informed
    ch_vehicle = system-informed
    
    sh_alternative = system-informed
    sh_enter_at = system-informed
    sh_exit_at = system-informed
    sh_found_directions = system-informed
    sh_from_stop = system-informed
    sh_go_at = system-informed
    sh_headsign = system-informed
    sh_line = system-informed
    sh_to_stop = system-informed
    sh_vehicle = system-informed
    

2013-08-21-09-04-16.671344-CEST  DM-5       : DEBUG      
    DDDState - Dialogue state update
    
    Requested slots:
    {}
    Confirmed slots:
    {}
    Non-informed slots:
    {u'route_alternative': 1, u'silence_time': 0.0}

2013-08-21-09-04-16.834108-CEST  DM-5       : DEBUG      
    DM Output
    ------------------------------------------------------------
    notunderstood()&help(inform="alternative_last")
    

2013-08-21-09-04-16.920278-CEST  MainProcess : INFO       
    #11028  Time: 2013-08-21-09-04-16.915955-CEST From: DM         To: HUB        DA: notunderstood()&help(inform="alternative_last") 

2013-08-21-09-04-17.071059-CEST  NLG-6      : DEBUG      
    #11037  Time: 2013-08-21-09-04-17.067267-CEST From: HUB        To: NLG        Command: flush() 

2013-08-21-09-04-17.076979-CEST  MainProcess : INFO       
    #11039  Time: 2013-08-21-09-04-17.072423-CEST From: NLG        To: HUB        Command: flushed() 

2013-08-21-09-04-17.081872-CEST  TTS-7      : DEBUG      
    #11043  Time: 2013-08-21-09-04-17.078165-CEST From: HUB        To: TTS        Command: flush() 

2013-08-21-09-04-17.087517-CEST  MainProcess : INFO       
    #11044  Time: 2013-08-21-09-04-17.083033-CEST From: TTS        To: HUB        Command: flushed() 

2013-08-21-09-04-17.093788-CEST  VoipIO-1   : DEBUG      
    #11045  Time: 2013-08-21-09-04-17.088703-CEST From: HUB        To: VIO        Command: flush_out() 

2013-08-21-09-04-17.100031-CEST  MainProcess : INFO       
    #11046  Time: 2013-08-21-09-04-17.095087-CEST From: VoipIO     To: HUB        Command: flushed_out() 

2013-08-21-09-04-17.104842-CEST  NLG-6      : DEBUG      
    #11047  Time: 2013-08-21-09-04-17.101109-CEST From: HUB        To: NLG        DA: notunderstood()&help(inform="alternative_last") 

2013-08-21-09-04-17.109337-CEST  NLG-6      : DEBUG      
    NLG Output
    ------------------------------------------------------------
    Promiňte, nerozuměla jsem. Můžete to zopakovat? Pokud chcete zopakovat nabídnutý spoj, tak si o to řekněte.
    

2013-08-21-09-04-17.197339-CEST  MainProcess : INFO       
    #11052  Time: 2013-08-21-09-04-17.193452-CEST From: NLG        To: HUB        Command: nlg_text_generated() 

2013-08-21-09-04-17.204133-CEST  MainProcess : INFO       
    #11055  Time: 2013-08-21-09-04-17.198550-CEST From: TTS        To: HUB        Command: tts_start(user_id="None",text="Promiňte, nerozuměla jsem. Můžete to zopakovat? Pokud chcete zopakovat nabídnutý spoj, tak si o to řekněte.") 

2013-08-21-09-04-17.292673-CEST  MainProcess : INFO       
    #11057  Time: 2013-08-21-09-04-17.200589-CEST From: VoipIO     To: HUB        Command: play_utterance_start(user_id="None",fname="tts-2013-08-21-09-04-17.194470.wav") 

2013-08-21-09-04-17.439289-CEST  MainProcess : INFO       
    #11603  Time: 2013-08-21-09-04-17.432474-CEST From: TTS        To: HUB        Command: tts_end(user_id="None",text="Promiňte, nerozuměla jsem. Můžete to zopakovat? Pokud chcete zopakovat nabídnutý spoj, tak si o to řekněte.",fname="tts-2013-08-21-09-04-17.194470.wav",log="true") 

2013-08-21-09-04-20.547018-CEST  MainProcess : INFO       
    #11801  Time: 2013-08-21-09-04-20.541716-CEST From: VAD        To: HUB        Command: speech_start(fname="vad-2013-08-21-09-04-20.279647.wav") 

2013-08-21-09-04-20.551588-CEST  ASR-3      : DEBUG      
    ASR: speech_start(fname="vad-2013-08-21-09-04-20.279647.wav")

2013-08-21-09-04-20.556801-CEST  MainProcess : INFO       
    #11802  Time: 2013-08-21-09-04-20.543477-CEST From: ASR        To: HUB        Command: asr_start(fname="vad-2013-08-21-09-04-20.279647.wav") 

2013-08-21-09-04-20.926284-CEST  ASR-3      : DEBUG      
    ASR: speech_end(fname="vad-2013-08-21-09-04-20.279647.wav")

2013-08-21-09-04-20.930592-CEST  MainProcess : INFO       
    #11828  Time: 2013-08-21-09-04-20.922782-CEST From: VAD        To: HUB        Command: speech_end(fname="vad-2013-08-21-09-04-20.279647.wav") 

2013-08-21-09-04-21.139933-CEST  ASR-3      : DEBUG      
    ASR Hypothesis
    ------------------------------------------------------------
    1.000 __silence__
    0.000 __other__
    

2013-08-21-09-04-21.251137-CEST  MainProcess : INFO       
    #11849  Time: 2013-08-21-09-04-21.246124-CEST From: ASR        To: HUB        Command: asr_end(fname="vad-2013-08-21-09-04-20.279647.wav") 

2013-08-21-09-04-21.255811-CEST  SLU-4      : DEBUG      
    SLU Hypothesis
    ------------------------------------------------------------
    1.000 silence()
    

2013-08-21-09-04-21.391055-CEST  MainProcess : INFO       
    #11859  Time: 2013-08-21-09-04-21.386498-CEST From: SLU        To: HUB        Command: slu_parsed(fname="vad-2013-08-21-09-04-20.279647.wav") 

2013-08-21-09-04-21.395926-CEST  DM-5       : DEBUG      
    DDDState Dialogue Act in: silence()

2013-08-21-09-04-21.401116-CEST  DM-5       : DEBUG      
    Context Resolution - Dialogue Act: silence()

2013-08-21-09-04-21.406206-CEST  DM-5       : DEBUG      
    DDDState - Dialogue state content:
    
    ludait = silence
    alternative = none
    from_stop = Mikulova
    route_alternative = 1
    silence_time = 0.0
    time = none
    to_stop = Háje
    
    rh_alternative = system-informed
    rh_enter_at = system-informed
    rh_exit_at = system-informed
    rh_found_directions = system-informed
    rh_from_stop = system-informed
    rh_go_at = system-informed
    rh_headsign = system-informed
    rh_line = system-informed
    rh_to_stop = system-informed
    rh_vehicle = system-informed
    
    ch_alternative = system-informed
    ch_enter_at = system-informed
    ch_exit_at = system-informed
    ch_found_directions = system-informed
    ch_from_stop = system-informed
    ch_go_at = system-informed
    ch_headsign = system-informed
    ch_line = system-informed
    ch_to_stop = system-informed
    ch_vehicle = system-informed
    
    sh_alternative = system-informed
    sh_enter_at = system-informed
    sh_exit_at = system-informed
    sh_found_directions = system-informed
    sh_from_stop = system-informed
    sh_go_at = system-informed
    sh_headsign = system-informed
    sh_line = system-informed
    sh_to_stop = system-informed
    sh_vehicle = system-informed
    

2013-08-21-09-04-21.410608-CEST  DM-5       : DEBUG      
    DDDState - Dialogue state update
    
    Requested slots:
    {}
    Confirmed slots:
    {}
    Non-informed slots:
    {u'route_alternative': 1, u'silence_time': 0.0}

2013-08-21-09-04-21.663517-CEST  DM-5       : DEBUG      
    DM Output
    ------------------------------------------------------------
    silence()
    

2013-08-21-09-04-21.787035-CEST  MainProcess : INFO       
    #11885  Time: 2013-08-21-09-04-21.782191-CEST From: DM         To: HUB        DA: silence() 

2013-08-21-09-04-23.039957-CEST  MainProcess : INFO       
    #11967  Time: 2013-08-21-09-04-23.035579-CEST From: VAD        To: HUB        Command: speech_start(fname="vad-2013-08-21-09-04-22.856653.wav") 

2013-08-21-09-04-23.045592-CEST  ASR-3      : DEBUG      
    ASR: speech_start(fname="vad-2013-08-21-09-04-22.856653.wav")

2013-08-21-09-04-23.050261-CEST  MainProcess : INFO       
    #11968  Time: 2013-08-21-09-04-23.037232-CEST From: ASR        To: HUB        Command: asr_start(fname="vad-2013-08-21-09-04-22.856653.wav") 

2013-08-21-09-04-24.537911-CEST  ASR-3      : DEBUG      
    ASR: speech_end(fname="vad-2013-08-21-09-04-22.856653.wav")

2013-08-21-09-04-24.542469-CEST  MainProcess : INFO       
    #12062  Time: 2013-08-21-09-04-24.534290-CEST From: VAD        To: HUB        Command: speech_end(fname="vad-2013-08-21-09-04-22.856653.wav") 

2013-08-21-09-04-25.219445-CEST  ASR-3      : DEBUG      
    ASR Hypothesis
    ------------------------------------------------------------
    0.414 kurva
    0.078 kukulova
    0.073 kulová
    0.067 kukulová
    0.061 kulhavá
    0.056 park kurva
    0.050 park kukulova
    0.045 bar kurva
    0.039 pár kurva
    0.033 bar kukulova
    0.028 sparta kurva
    0.022 star kurva
    0.017 pár kukulova
    0.011 park kulová
    0.006 sparta kukulova
    0.000 __other__
    

2013-08-21-09-04-25.326174-CEST  MainProcess : INFO       
    #12111  Time: 2013-08-21-09-04-25.321017-CEST From: ASR        To: HUB        Command: asr_end(fname="vad-2013-08-21-09-04-22.856653.wav") 

2013-08-21-09-04-25.729480-CEST  MainProcess : INFO       
    #12125  Time: 2013-08-21-09-04-25.501380-CEST From: VoipIO     To: HUB        Command: play_utterance_end(user_id="None",fname="tts-2013-08-21-09-04-17.194470.wav) 

2013-08-21-09-04-26.252321-CEST  SLU-4      : DEBUG      
    SLU Hypothesis
    ------------------------------------------------------------
    0.967 other()
    0.033 inform(="Sparta")
    

2013-08-21-09-04-26.308554-CEST  DM-5       : DEBUG      
    DDDState Dialogue Act in: other()

2013-08-21-09-04-26.312542-CEST  MainProcess : INFO       
    #12178  Time: 2013-08-21-09-04-26.304162-CEST From: SLU        To: HUB        Command: slu_parsed(fname="vad-2013-08-21-09-04-22.856653.wav") 

2013-08-21-09-04-26.315981-CEST  DM-5       : DEBUG      
    Context Resolution - Dialogue Act: other()

2013-08-21-09-04-26.319541-CEST  DM-5       : DEBUG      
    DDDState - Dialogue state content:
    
    ludait = other
    alternative = none
    from_stop = Mikulova
    route_alternative = 1
    silence_time = 0.0
    time = none
    to_stop = Háje
    
    rh_alternative = system-informed
    rh_enter_at = system-informed
    rh_exit_at = system-informed
    rh_found_directions = system-informed
    rh_from_stop = system-informed
    rh_go_at = system-informed
    rh_headsign = system-informed
    rh_line = system-informed
    rh_to_stop = system-informed
    rh_vehicle = system-informed
    
    ch_alternative = system-informed
    ch_enter_at = system-informed
    ch_exit_at = system-informed
    ch_found_directions = system-informed
    ch_from_stop = system-informed
    ch_go_at = system-informed
    ch_headsign = system-informed
    ch_line = system-informed
    ch_to_stop = system-informed
    ch_vehicle = system-informed
    
    sh_alternative = system-informed
    sh_enter_at = system-informed
    sh_exit_at = system-informed
    sh_found_directions = system-informed
    sh_from_stop = system-informed
    sh_go_at = system-informed
    sh_headsign = system-informed
    sh_line = system-informed
    sh_to_stop = system-informed
    sh_vehicle = system-informed
    

2013-08-21-09-04-26.323189-CEST  DM-5       : DEBUG      
    DDDState - Dialogue state update
    
    Requested slots:
    {}
    Confirmed slots:
    {}
    Non-informed slots:
    {u'route_alternative': 1, u'silence_time': 0.0}

2013-08-21-09-04-26.426867-CEST  DM-5       : DEBUG      
    DM Output
    ------------------------------------------------------------
    notunderstood()
    

2013-08-21-09-04-26.555693-CEST  MainProcess : INFO       
    #12196  Time: 2013-08-21-09-04-26.552189-CEST From: DM         To: HUB        DA: notunderstood() 

2013-08-21-09-04-26.561020-CEST  NLG-6      : DEBUG      
    #12197  Time: 2013-08-21-09-04-26.557922-CEST From: HUB        To: NLG        DA: notunderstood() 

2013-08-21-09-04-26.564166-CEST  NLG-6      : DEBUG      
    NLG Output
    ------------------------------------------------------------
    Nerozuměla jsem. Ještě jednou prosím.
    

2013-08-21-09-04-26.635082-CEST  MainProcess : INFO       
    #12202  Time: 2013-08-21-09-04-26.630338-CEST From: NLG        To: HUB        Command: nlg_text_generated() 

2013-08-21-09-04-26.640089-CEST  MainProcess : INFO       
    #12204  Time: 2013-08-21-09-04-26.630821-CEST From: TTS        To: HUB        Command: tts_start(user_id="None",text="Nerozuměla jsem. Ještě jednou prosím.") 

2013-08-21-09-04-26.754092-CEST  MainProcess : INFO       
    #12206  Time: 2013-08-21-09-04-26.632143-CEST From: VoipIO     To: HUB        Command: play_utterance_start(user_id="None",fname="tts-2013-08-21-09-04-26.630623.wav") 

2013-08-21-09-04-26.761558-CEST  MainProcess : INFO       
    #12421  Time: 2013-08-21-09-04-26.756254-CEST From: TTS        To: HUB        Command: tts_end(user_id="None",text="Nerozuměla jsem. Ještě jednou prosím.",fname="tts-2013-08-21-09-04-26.630623.wav",log="true") 

2013-08-21-09-04-27.022782-CEST  ASR-3      : DEBUG      
    ASR: speech_start(fname="vad-2013-08-21-09-04-26.807558.wav")

2013-08-21-09-04-27.027414-CEST  MainProcess : INFO       
    #12444  Time: 2013-08-21-09-04-27.018072-CEST From: VAD        To: HUB        Command: speech_start(fname="vad-2013-08-21-09-04-26.807558.wav") 

2013-08-21-09-04-27.034294-CEST  MainProcess : INFO       
    #12445  Time: 2013-08-21-09-04-27.019400-CEST From: ASR        To: HUB        Command: asr_start(fname="vad-2013-08-21-09-04-26.807558.wav") 

2013-08-21-09-04-28.016674-CEST  MainProcess : INFO       
    #12507  Time: 2013-08-21-09-04-28.012413-CEST From: VAD        To: HUB        Command: speech_end(fname="vad-2013-08-21-09-04-26.807558.wav") 

2013-08-21-09-04-28.021292-CEST  ASR-3      : DEBUG      
    ASR: speech_end(fname="vad-2013-08-21-09-04-26.807558.wav")

2013-08-21-09-04-28.694660-CEST  ASR-3      : DEBUG      
    ASR Hypothesis
    ------------------------------------------------------------
    0.825 zastávky
    0.039 zastávka
    0.034 zastávky a
    0.029 za statky
    0.024 zastávky v
    0.019 zastávka v
    0.015 zastávka a
    0.010 za statky a
    0.005 za statky v
    0.000 __other__
    

2013-08-21-09-04-28.813885-CEST  MainProcess : INFO       
    #12560  Time: 2013-08-21-09-04-28.808763-CEST From: ASR        To: HUB        Command: asr_end(fname="vad-2013-08-21-09-04-26.807558.wav") 

2013-08-21-09-04-29.491300-CEST  SLU-4      : DEBUG      
    SLU Hypothesis
    ------------------------------------------------------------
    1.000 other()
    

2013-08-21-09-04-29.649249-CEST  MainProcess : INFO       
    #12614  Time: 2013-08-21-09-04-29.644457-CEST From: SLU        To: HUB        Command: slu_parsed(fname="vad-2013-08-21-09-04-26.807558.wav") 

2013-08-21-09-04-29.654293-CEST  DM-5       : DEBUG      
    DDDState Dialogue Act in: other()

2013-08-21-09-04-29.659540-CEST  DM-5       : DEBUG      
    Context Resolution - Dialogue Act: other()

2013-08-21-09-04-29.664819-CEST  DM-5       : DEBUG      
    DDDState - Dialogue state content:
    
    ludait = other
    alternative = none
    from_stop = Mikulova
    route_alternative = 1
    silence_time = 0.0
    time = none
    to_stop = Háje
    
    rh_alternative = system-informed
    rh_enter_at = system-informed
    rh_exit_at = system-informed
    rh_found_directions = system-informed
    rh_from_stop = system-informed
    rh_go_at = system-informed
    rh_headsign = system-informed
    rh_line = system-informed
    rh_to_stop = system-informed
    rh_vehicle = system-informed
    
    ch_alternative = system-informed
    ch_enter_at = system-informed
    ch_exit_at = system-informed
    ch_found_directions = system-informed
    ch_from_stop = system-informed
    ch_go_at = system-informed
    ch_headsign = system-informed
    ch_line = system-informed
    ch_to_stop = system-informed
    ch_vehicle = system-informed
    
    sh_alternative = system-informed
    sh_enter_at = system-informed
    sh_exit_at = system-informed
    sh_found_directions = system-informed
    sh_from_stop = system-informed
    sh_go_at = system-informed
    sh_headsign = system-informed
    sh_line = system-informed
    sh_to_stop = system-informed
    sh_vehicle = system-informed
    

2013-08-21-09-04-29.669526-CEST  DM-5       : DEBUG      
    DDDState - Dialogue state update
    
    Requested slots:
    {}
    Confirmed slots:
    {}
    Non-informed slots:
    {u'route_alternative': 1, u'silence_time': 0.0}

2013-08-21-09-04-29.882108-CEST  DM-5       : DEBUG      
    DM Output
    ------------------------------------------------------------
    notunderstood()&help(inform="alternative_last")
    

2013-08-21-09-04-29.992800-CEST  MainProcess : INFO       
    #12637  Time: 2013-08-21-09-04-29.987668-CEST From: DM         To: HUB        DA: notunderstood()&help(inform="alternative_last") 

2013-08-21-09-04-30.116751-CEST  NLG-6      : DEBUG      
    #12646  Time: 2013-08-21-09-04-30.112246-CEST From: HUB        To: NLG        Command: flush() 

2013-08-21-09-04-30.121789-CEST  MainProcess : INFO       
    #12647  Time: 2013-08-21-09-04-30.117882-CEST From: NLG        To: HUB        Command: flushed() 

2013-08-21-09-04-30.126733-CEST  TTS-7      : DEBUG      
    #12648  Time: 2013-08-21-09-04-30.123004-CEST From: HUB        To: TTS        Command: flush() 

2013-08-21-09-04-30.132297-CEST  MainProcess : INFO       
    #12651  Time: 2013-08-21-09-04-30.128141-CEST From: TTS        To: HUB        Command: flushed() 

2013-08-21-09-04-30.137742-CEST  VoipIO-1   : DEBUG      
    #12654  Time: 2013-08-21-09-04-30.133483-CEST From: HUB        To: VIO        Command: flush_out() 

2013-08-21-09-04-30.142705-CEST  MainProcess : INFO       
    #12655  Time: 2013-08-21-09-04-30.138982-CEST From: VoipIO     To: HUB        Command: flushed_out() 

2013-08-21-09-04-30.148362-CEST  NLG-6      : DEBUG      
    #12656  Time: 2013-08-21-09-04-30.143947-CEST From: HUB        To: NLG        DA: notunderstood()&help(inform="alternative_last") 

2013-08-21-09-04-30.152918-CEST  MainProcess : INFO       
    #12620  Time: 2013-08-21-09-04-29.697810-CEST From: VoipIO     To: HUB        Command: play_utterance_end(user_id="None",fname="tts-2013-08-21-09-04-26.630623.wav) 

2013-08-21-09-04-30.156937-CEST  NLG-6      : DEBUG      
    NLG Output
    ------------------------------------------------------------
    Nerozuměla jsem. Můžete mě požádat o zopakování posledního nabídnutého spojení.
    

2013-08-21-09-04-30.261564-CEST  MainProcess : INFO       
    #12663  Time: 2013-08-21-09-04-30.256516-CEST From: NLG        To: HUB        Command: nlg_text_generated() 

2013-08-21-09-04-30.268252-CEST  MainProcess : INFO       
    #12667  Time: 2013-08-21-09-04-30.262884-CEST From: TTS        To: HUB        Command: tts_start(user_id="None",text="Nerozuměla jsem. Můžete mě požádat o zopakování posledního nabídnutého spojení.") 

2013-08-21-09-04-30.388584-CEST  MainProcess : INFO       
    #12669  Time: 2013-08-21-09-04-30.266168-CEST From: VoipIO     To: HUB        Command: play_utterance_start(user_id="None",fname="tts-2013-08-21-09-04-30.258502.wav") 

2013-08-21-09-04-30.406561-CEST  MainProcess : INFO       
    #13086  Time: 2013-08-21-09-04-30.401065-CEST From: TTS        To: HUB        Command: tts_end(user_id="None",text="Nerozuměla jsem. Můžete mě požádat o zopakování posledního nabídnutého spojení.",fname="tts-2013-08-21-09-04-30.258502.wav",log="true") 

2013-08-21-09-04-36.868547-CEST  MainProcess : INFO       
    #13470  Time: 2013-08-21-09-04-36.529048-CEST From: VoipIO     To: HUB        Command: play_utterance_end(user_id="None",fname="tts-2013-08-21-09-04-30.258502.wav) 

2013-08-21-09-04-39.759709-CEST  ASR-3      : DEBUG      
    ASR: speech_start(fname="vad-2013-08-21-09-04-39.422030.wav")

2013-08-21-09-04-39.764644-CEST  MainProcess : INFO       
    #13675  Time: 2013-08-21-09-04-39.754453-CEST From: VAD        To: HUB        Command: speech_start(fname="vad-2013-08-21-09-04-39.422030.wav") 

2013-08-21-09-04-39.771020-CEST  MainProcess : INFO       
    #13676  Time: 2013-08-21-09-04-39.754988-CEST From: ASR        To: HUB        Command: asr_start(fname="vad-2013-08-21-09-04-39.422030.wav") 

2013-08-21-09-04-40.205974-CEST  ASR-3      : DEBUG      
    ASR: speech_end(fname="vad-2013-08-21-09-04-39.422030.wav")

2013-08-21-09-04-40.210773-CEST  MainProcess : INFO       
    #13706  Time: 2013-08-21-09-04-40.201188-CEST From: VAD        To: HUB        Command: speech_end(fname="vad-2013-08-21-09-04-39.422030.wav") 

2013-08-21-09-04-40.469643-CEST  ASR-3      : DEBUG      
    ASR Hypothesis
    ------------------------------------------------------------
    0.854 konec
    0.037 one
    0.031 kone
    0.026 konec i
    0.021 konec a
    0.016 one i
    0.010 kone i
    0.005 one a
    0.000 __other__
    

2013-08-21-09-04-40.606113-CEST  MainProcess : INFO       
    #13731  Time: 2013-08-21-09-04-40.601581-CEST From: ASR        To: HUB        Command: asr_end(fname="vad-2013-08-21-09-04-39.422030.wav") 

2013-08-21-09-04-41.161436-CEST  SLU-4      : DEBUG      
    SLU Hypothesis
    ------------------------------------------------------------
    0.901 bye()
    0.099 other()
    

2013-08-21-09-04-41.232810-CEST  MainProcess : INFO       
    #13773  Time: 2013-08-21-09-04-41.227843-CEST From: SLU        To: HUB        Command: slu_parsed(fname="vad-2013-08-21-09-04-39.422030.wav") 

2013-08-21-09-04-41.236897-CEST  DM-5       : DEBUG      
    DDDState Dialogue Act in: bye()

2013-08-21-09-04-41.240579-CEST  DM-5       : DEBUG      
    Context Resolution - Dialogue Act: bye()

2013-08-21-09-04-41.244185-CEST  DM-5       : DEBUG      
    DDDState - Dialogue state content:
    
    ludait = bye
    alternative = none
    from_stop = Mikulova
    route_alternative = 1
    silence_time = 0.0
    time = none
    to_stop = Háje
    
    rh_alternative = system-informed
    rh_enter_at = system-informed
    rh_exit_at = system-informed
    rh_found_directions = system-informed
    rh_from_stop = system-informed
    rh_go_at = system-informed
    rh_headsign = system-informed
    rh_line = system-informed
    rh_to_stop = system-informed
    rh_vehicle = system-informed
    
    ch_alternative = system-informed
    ch_enter_at = system-informed
    ch_exit_at = system-informed
    ch_found_directions = system-informed
    ch_from_stop = system-informed
    ch_go_at = system-informed
    ch_headsign = system-informed
    ch_line = system-informed
    ch_to_stop = system-informed
    ch_vehicle = system-informed
    
    sh_alternative = system-informed
    sh_enter_at = system-informed
    sh_exit_at = system-informed
    sh_found_directions = system-informed
    sh_from_stop = system-informed
    sh_go_at = system-informed
    sh_headsign = system-informed
    sh_line = system-informed
    sh_to_stop = system-informed
    sh_vehicle = system-informed
    

2013-08-21-09-04-41.247406-CEST  DM-5       : DEBUG      
    DDDState - Dialogue state update
    
    Requested slots:
    {}
    Confirmed slots:
    {}
    Non-informed slots:
    {u'route_alternative': 1, u'silence_time': 0.0}

2013-08-21-09-04-41.382317-CEST  DM-5       : DEBUG      
    DM Output
    ------------------------------------------------------------
    bye()
    

2013-08-21-09-04-41.453475-CEST  MainProcess : INFO       
    #13787  Time: 2013-08-21-09-04-41.448928-CEST From: DM         To: HUB        DA: bye() 

2013-08-21-09-04-41.459946-CEST  NLG-6      : DEBUG      
    #13790  Time: 2013-08-21-09-04-41.455182-CEST From: HUB        To: NLG        DA: bye() 

2013-08-21-09-04-41.463355-CEST  MainProcess : INFO       
    #13788  Time: 2013-08-21-09-04-41.449064-CEST From: DM         To: HUB        Command: hangup() 

2013-08-21-09-04-41.466725-CEST  NLG-6      : DEBUG      
    NLG Output
    ------------------------------------------------------------
    Na shledanou.
    

2013-08-21-09-04-41.535740-CEST  MainProcess : INFO       
    #13798  Time: 2013-08-21-09-04-41.531831-CEST From: NLG        To: HUB        Command: nlg_text_generated() 

2013-08-21-09-04-41.541196-CEST  MainProcess : INFO       
    #13800  Time: 2013-08-21-09-04-41.536834-CEST From: TTS        To: HUB        Command: tts_start(user_id="None",text="Na shledanou.") 

2013-08-21-09-04-41.562874-CEST  MainProcess : INFO       
    #13883  Time: 2013-08-21-09-04-41.559616-CEST From: TTS        To: HUB        Command: tts_end(user_id="None",text="Na shledanou.",fname="tts-2013-08-21-09-04-41.533867.wav",log="true") 

2013-08-21-09-04-41.605482-CEST  MainProcess : INFO       
    #13802  Time: 2013-08-21-09-04-41.538389-CEST From: VoipIO     To: HUB        Command: play_utterance_start(user_id="None",fname="tts-2013-08-21-09-04-41.533867.wav") 

2013-08-21-09-04-42.945137-CEST  MainProcess : INFO       
    #13936  Time: 2013-08-21-09-04-42.388521-CEST From: VoipIO     To: HUB        Command: play_utterance_end(user_id="None",fname="tts-2013-08-21-09-04-41.533867.wav) 

2013-08-21-09-04-44.950950-CEST  VoipIO-1   : DEBUG      
    #14097  Time: 2013-08-21-09-04-44.946991-CEST From: HUB        To: VoipIO     Command: hangup() 

2013-08-21-09-04-44.955249-CEST  VoipIO-1   : DEBUG      
    Hangup the call

2013-08-21-09-04-44.997396-CEST  VoipIO-1   : DEBUG      
    CallCallback::on_state : Call with "777320731" <sip:777320731@195.113.20.160> is DISCONNCTD last code = 603 ()

2013-08-21-09-04-45.254806-CEST  VoipIO-1   : DEBUG      
    VoipIO::on_call_disconnected

2013-08-21-09-04-45.259961-CEST  MainProcess : INFO       
    #14102  Time: 2013-08-21-09-04-45.256027-CEST From: VoipIO     To: HUB        Command: call_disconnected(remote_uri="777320731") 

