2013-08-19-17-54-53.458054-CEST  VoipIO-1   : DEBUG      
    CallCallback::on_state : Call with "777722783" <sip:777722783@195.113.20.160> is CONNECTING last code = 200 (OK)

2013-08-19-17-54-53.462067-CEST  VoipIO-1   : DEBUG      
    VoipIO::on_call_connecting

2013-08-19-17-54-53.466658-CEST  VoipIO-1   : DEBUG      
    CallCallback::on_state : Call with "777722783" <sip:777722783@195.113.20.160> is CONFIRMED last code = 200 (OK)

2013-08-19-17-54-53.502320-CEST  MainProcess : SYSTEM-LOG 
    config = { 'ASR': { 'Google': { 'debug': False, 'language': 'cs', 'maxresults': 20},
               'Julius': { 'adinnetport': 5530,
                           'binary': '/usr/local/bin/julius',
                           'debug': False,
                           'hostname': 'localhost',
                           'jconf': { '-adport': '5530',
                                      '-b': '1000',
                                      '-b2': '100',
                                      '-cmnload': 'cmn.param',
                                      '-cmnmapweight': '200',
                                      '-cmnsave': 'cmn.param',
                                      '-confnet': '',
                                      '-fallback1pass': '',
                                      '-gprune': 'safe',
                                      '-h': '/mnt/h/jurcicek/vystadial-git/alex/resources/asr/voip_en/hmmdefs',
                                      '-hlist': '/mnt/h/jurcicek/vystadial-git/alex/resources/asr/voip_en/tiedlist',
                                      '-htkconf': '/mnt/h/jurcicek/vystadial-git/alex/resources/asr/voip_en/config',
                                      '-input': 'adinnet',
                                      '-iwsp': '',
                                      '-iwsppenalty': '0.0',
                                      '-lmp': '15.0 0.0',
                                      '-lmp2': '15.0 0.0',
                                      '-mapunk': 'UM',
                                      '-module': '10500',
                                      '-n': '50',
                                      '-nlr': '/mnt/h/jurcicek/vystadial-git/alex/resources/lm/caminfo/julius_arpa_bigram',
                                      '-no_ccd': '',
                                      '-nrl': '/mnt/h/jurcicek/vystadial-git/alex/resources/lm/caminfo/julius_arpa_rev_bigram',
                                      '-silhead': '<s>',
                                      '-siltail': '</s>',
                                      '-spmodel': 'sp',
                                      '-tmix': '4',
                                      '-v': '/mnt/h/jurcicek/vystadial-git/alex/resources/lm/caminfo/julius_dict'},
                           'jconffile': 'julius.jconf',
                           'killall': False,
                           'logfile': 'julius.log',
                           'msg_timeout': 0.3,
                           'pidfile': 'julius.pid',
                           'reuse_server': False,
                           'serverport': 10500,
                           'start_max_wait_time': 15,
                           'start_wait_time': 0.5,
                           'timeout': 2.0},
               'Kaldi': { 'LM_scale': -6666.66,
                          'hypothesis_type': 'nblist',
                          'lat_depth': 666666,
                          'model': 'TODO_path_to_model'},
               'debug': True,
               'type': 'Google'},
      'AlexOnTheBus': { 'max_turns': 120},
      'Analytics': Analytics(account_id='UA-41905278-1', domain_name='cuni.cz'),
      'Audio': { 'sample_rate': 16000, 'samples_per_frame': 256},
      'AudioIO': { 'debug': True, 'output_dir': './aio_call_log', 'play_buffer_size': 1024},
      'DM': { 'PUfalRuleDM': { 'code_submit_url': None,
                               'db_cfg': '/mnt/h/jurcicek/vystadial-git/alex/resources/../applications/CamInfoRest/cued_data/CIRdbase_V7_noloc.txt',
                               'ontology': '/mnt/h/jurcicek/vystadial-git/alex/resources/../applications/CamInfoRest/ontology.cfg',
                               'provide_code': False},
              'UfalRuleDM': { 'code_submit_url': None,
                              'db_cfg': '/mnt/h/jurcicek/vystadial-git/alex/resources/../applications/CamInfoRest/cued_data/CIRdbase_V7_noloc.txt',
                              'ontology': '/mnt/h/jurcicek/vystadial-git/alex/resources/../applications/CamInfoRest/ontology.cfg',
                              'provide_code': False},
              'basic': { 'debug': True, 'silence_timeout': 10.0},
              'debug': True,
              'dialogue_policy': { 'type': <class 'alex.applications.AlexOnTheBus.aotb_hdc_policy.AOTBHDCPolicy'>},
              'dialogue_state': { 'type': <class 'alex.components.dm.dddstate.DeterministicDiscriminativeDialogueState'>},
              'input_timeout': 3.0,
              'ontology': '/mnt/h/jurcicek/vystadial-git/alex/applications/AlexOnTheBus/data/ontology.py',
              'type': 'basic'},
      'General': { 'debug': False, 'include': ['/mnt/h/jurcicek/vystadial-git/alex/resources/private/default.cfg']},
      'Hub': { 'history_file': 'hub_history_hub.txt', 'history_length': 1000, 'main_loop_sleep_time': 0.002},
      'Logging': { 'excepthook': ExceptionHook(
            ExceptionHook
              Hook Type: log
              Hook Logger: SystemLogger(output_dir=./call_logs, stdout_log_level='DEBUG', stdout=True, file_log_level='DEBUG')),
                   'session_logger': SessionLogger(),
                   'system_logger': SystemLogger(output_dir=/net/projects/vystadial/data/call-logs/2013-05-30-alex-aotb-prototype/new, stdout_log_level='DEBUG', stdout=True, file_log_level='DEBUG'),
                   'system_name': u'Alex On The Bus - Live',
                   'version': u'1.0'},
      'NLG': { 'Template': { 'model': '/mnt/h/jurcicek/vystadial-git/alex/applications/AlexOnTheBus/nlg_templates.cfg'},
               'debug': True,
               'type': 'Template'},
      'SHub': { 'history_file': 'hub_history_shub.txt', 'history_length': 1000},
      'SLU': { 'cl-tracing': { 'cldb_fname': '/mnt/h/jurcicek/vystadial-git/alex/applications/CamInfoRest/data/database.py',
                               'do_preprocessing': True,
                               'features_type': ('ngram', 'ab_ngram'),
                               'testing': { 'max_examples': None,
                                            'min_perc': 80,
                                            'model_fname': '/mnt/h/jurcicek/vystadial-git/alex/applications/CamInfoRest/models/130516_minf60-minfc35-mind60.slu_model.gz',
                                            'renormalise': True,
                                            'threshold': None,
                                            'vanilla': True},
                               'training': { 'abstractions': ('abstract',), 'models_dir': 'models'}},
               'debug': True,
               'type': <class 'alex.applications.AlexOnTheBus.aotb_slu.AOTBSLU'>,
               <class 'alex.applications.AlexOnTheBus.aotb_slu.AOTBSLU'>: { 'cldb_fname': '/mnt/h/jurcicek/vystadial-git/alex/applications/AlexOnTheBus/data/database.py',
                                                                            'preprocessing_cls': <class 'alex.applications.AlexOnTheBus.aotb_preprocessing.AOTBSLUPreprocessing'>,
                                                                            'training': { 'models_dir': 'models'}}},
      'THub': { 'history_file': 'hub_history_thub.txt', 'history_length': 1000},
      'TTS': { 'Flite': { 'debug': False,
                          'preprocessing': '/mnt/h/jurcicek/vystadial-git/alex/resources/tts/prep_flite_en.cfg',
                          'voice': 'kal16'},
               'Google': { 'debug': False,
                           'language': 'en',
                           'preprocessing': '/mnt/h/jurcicek/vystadial-git/alex/resources/tts/prep_google_en.cfg'},
               'SpeechTech': { 'debug': True,
                               'login': 'filipjurcicek',
    # this line was removed since it included a password
                               'preprocessing': '/mnt/h/jurcicek/vystadial-git/alex/resources/tts/prep_speechtech_cs.cfg',
                               'voice': 'Iva210'},
               'VoiceRSS': { 'api_key': '3b6a9fca5d724b1c8ac34691586cdda1'},
               'VoiceRss': { 'language': 'en-gb',
                             'preprocessing': '/mnt/h/jurcicek/vystadial-git/alex/resources/tts/prep_voicerss_en.cfg'},
               'debug': True,
               'in_between_segments_silence': 0.1,
               'type': 'SpeechTech'},
      'VAD': { 'debug': False,
               'decision_frames_sil': 25,
               'decision_frames_speech': 10,
               'decision_non_speech_threshold': 0.2,
               'decision_speech_threshold': 0.7,
               'gmm': { 'ceplifter': 22,
                        'enormalise': True,
                        'filter_length': 5,
                        'frameshift': 160,
                        'framesize': 512,
                        'frontend': 'MFCC',
                        'hifreq': 3800,
                        'lofreq': 125,
                        'numceps': 12,
                        'numchans': 26,
                        'preemcoef': 0.97,
                        'sil_model': '/mnt/h/jurcicek/vystadial-git/alex/resources/vad/voip_en/vad_sil_sds_mfcc_m064_f100000.gmm',
                        'speech_model': '/mnt/h/jurcicek/vystadial-git/alex/resources/vad/voip_en/vad_speech_sds_mfcc_m064_f100000.gmm',
                        'useacc': True,
                        'usec0': False,
                        'usecmn': False,
                        'usedelta': True,
                        'usehamming': True,
                        'usepower': True,
                        'zmeansource': True},
               'power': { 'adaptation_frames': 30, 'threshold': 70, 'threshold_multiplier': 1.0},
               'speech_buffer_frames': 20,
               'type': 'gmm'},
      'VoipHub': { 'blacklist_for': 7200,
                   'call_db': u'/net/projects/vystadial/data/call-logs/2013-05-30-alex-aotb-prototype/new/call_db.pckl',
                   'hard_time_limit': 360,
                   'hard_turn_limit': 120,
                   'history_length': 1000,
                   'last_period_max_num_calls': 20,
                   'last_period_max_total_time': 1800,
                   'limit_reached_message': u'D\u011bkujeme za zavol\xe1n\xed, ale u\u017e jste volali hodn\u011b. Pros\xedm zavolejte pozd\u011bji. Na shledanou.',
                   'period': 172800,
                   'pid_file': u'/net/projects/vystadial/data/call-logs/2013-05-30-alex-aotb-prototype/new/vhub_live.pid',
                   'wait_time_before_calling_back': 10},
      'VoipIO': { 'allowed_hosts': '',
                  'allowed_phone_numbers': '(^[234567])',
                  'allowed_users': '(^[234567])',
                  'debug': True,
                  'domain': 'vystadial.ms.mff.cuni.cz',
                  'forbidden_hosts': '',
                  'forbidden_phone_number': '(^112$|^150$|^155$|^156$|^158$)',
                  'forbidden_users': '(^112$|^150$|^155$|^156$|^158$)',
    # this line was removed since it included a password
                  'pjsip_log_level': 3,
                  'reject_calls': False,
                  'user': '800899998'},
      'WebHub': { 'port': 8000},
      'corpustools': { 'get_jasr_confnets': { 'frame_size': 256, 'rt_ratio': 0.2}}}

2013-08-19-17-54-53.568643-CEST  VoipIO-1   : DEBUG      
    VoipIO::on_call_confirmed

2013-08-19-17-54-53.586345-CEST  MainProcess : INFO       
    #2      Time: 2013-08-19-17-54-53.463175-CEST From: VoipIO     To: HUB        Command: call_connecting(remote_uri="777722783") 

2013-08-19-17-54-53.594314-CEST  MainProcess : INFO       
    #3      Time: 2013-08-19-17-54-53.569928-CEST From: VoipIO     To: HUB        Command: call_confirmed(remote_uri="777722783") 

2013-08-19-17-54-53.601971-CEST  MainProcess : INFO       
    
    ========================================================================================================================
    Incoming call from :          777722783
    ------------------------------------------------------------------------------------------------------------------------
    Total calls:                  9
    Total time (min):             16.6
    Last period total calls:      0
    Last period total time (min): 0.0
    ------------------------------------------------------------------------------------------------------------------------
    CALL ACCEPTED
    ========================================================================================================================
    

2013-08-19-17-54-53.607372-CEST  DM-5       : DEBUG      
    #4      Time: 2013-08-19-17-54-53.598824-CEST From: HUB        To: DM         Command: new_dialogue() 

2013-08-19-17-54-53.633297-CEST  DM-5       : DEBUG      
    DM Output
    ------------------------------------------------------------
    hello()
    

2013-08-19-17-54-53.645181-CEST  MainProcess : INFO       
    #8      Time: 2013-08-19-17-54-53.640186-CEST From: DM         To: HUB        DA: hello() 

2013-08-19-17-54-53.655508-CEST  NLG-6      : DEBUG      
    #9      Time: 2013-08-19-17-54-53.648122-CEST From: HUB        To: NLG        DA: hello() 

2013-08-19-17-54-53.660132-CEST  NLG-6      : DEBUG      
    NLG Output
    ------------------------------------------------------------
    Dobrý den, dovolali jste se na informace o veřejné dopravě v Praze. Hovor je nahráván. Více informací o této službě je na internetu. Jak Vám mohu pomoci. Můžete například říct ze zastávky Anděl na Zvonařku.
    

2013-08-19-17-54-53.681405-CEST  MainProcess : INFO       
    #10     Time: 2013-08-19-17-54-53.676385-CEST From: NLG        To: HUB        Command: nlg_text_generated() 

2013-08-19-17-54-53.687685-CEST  MainProcess : INFO       
    #12     Time: 2013-08-19-17-54-53.682804-CEST From: TTS        To: HUB        Command: tts_start(user_id="None",text="Dobrý den, dovolali jste se na informace o veřejné dopravě v Praze. Hovor je nahráván. Více informací o této službě je na internetu. Jak Vám mohu pomoci. Můžete například říct ze zastávky Anděl na Zvonařku.") 

2013-08-19-17-54-53.777968-CEST  MainProcess : INFO       
    #14     Time: 2013-08-19-17-54-53.688430-CEST From: VoipIO     To: HUB        Command: play_utterance_start(user_id="None",fname="tts-2013-08-19-17-54-53.679058.wav") 

2013-08-19-17-54-54.039364-CEST  MainProcess : INFO       
    #1022   Time: 2013-08-19-17-54-54.028845-CEST From: TTS        To: HUB        Command: tts_end(user_id="None",text="Dobrý den, dovolali jste se na informace o veřejné dopravě v Praze. Hovor je nahráván. Více informací o této službě je na internetu. Jak Vám mohu pomoci. Můžete například říct ze zastávky Anděl na Zvonařku.",fname="tts-2013-08-19-17-54-53.679058.wav",log="true") 

2013-08-19-17-55-09.458983-CEST  MainProcess : INFO       
    #1967   Time: 2013-08-19-17-55-09.173499-CEST From: VoipIO     To: HUB        Command: play_utterance_end(user_id="None",fname="tts-2013-08-19-17-54-53.679058.wav) 

2013-08-19-17-55-11.850177-CEST  MainProcess : INFO       
    #2137   Time: 2013-08-19-17-55-11.845860-CEST From: VAD        To: HUB        Command: speech_start(fname="vad-2013-08-19-17-55-11.822011.wav") 

2013-08-19-17-55-11.855714-CEST  ASR-3      : DEBUG      
    ASR: speech_start(fname="vad-2013-08-19-17-55-11.822011.wav")

2013-08-19-17-55-11.860177-CEST  MainProcess : INFO       
    #2138   Time: 2013-08-19-17-55-11.847207-CEST From: ASR        To: HUB        Command: asr_start(fname="vad-2013-08-19-17-55-11.822011.wav") 

2013-08-19-17-55-17.018269-CEST  ASR-3      : DEBUG      
    ASR: speech_end(fname="vad-2013-08-19-17-55-11.822011.wav")

2013-08-19-17-55-17.023322-CEST  MainProcess : INFO       
    #2464   Time: 2013-08-19-17-55-17.013230-CEST From: VAD        To: HUB        Command: speech_end(fname="vad-2013-08-19-17-55-11.822011.wav") 

2013-08-19-17-55-18.096104-CEST  ASR-3      : DEBUG      
    ASR Hypothesis
    ------------------------------------------------------------
    0.861 zastávky nádraží holešovice zastávky českolipská
    0.028 zastávka nádraží holešovice zastávky českolipská
    0.025 zastávky nádraží holešovice zastávka českolipská
    0.022 zastávky na nádraží holešovice zastávky českolipská
    0.018 zastávky nádraží holešovice zastávky českodubská
    0.015 zastávky nádraží holešovice zastávky českolipsko
    0.012 zastávky nádraží holešovice zastávky česko lipská
    0.009 zastávky u nádraží holešovice zastávky českolipská
    0.006 zastávky nádraží holešovice a zastávky českolipská
    0.003 zastávky nádraží holešovice zastavte českolipská
    0.000 __other__
    

2013-08-19-17-55-18.125207-CEST  MainProcess : INFO       
    #2533   Time: 2013-08-19-17-55-18.119357-CEST From: ASR        To: HUB        Command: asr_end(fname="vad-2013-08-19-17-55-11.822011.wav") 

2013-08-19-17-55-19.198176-CEST  SLU-4      : DEBUG      
    SLU Hypothesis
    ------------------------------------------------------------
    0.978 inform(="Nádraží Holešovice")
    0.954 inform(="Českolipská")
    0.022 inform(to_stop="Nádraží Holešovice")
    

2013-08-19-17-55-19.222178-CEST  MainProcess : INFO       
    #2603   Time: 2013-08-19-17-55-19.218002-CEST From: SLU        To: HUB        Command: slu_parsed(fname="vad-2013-08-19-17-55-11.822011.wav") 

2013-08-19-17-55-19.226346-CEST  DM-5       : DEBUG      
    DDDState Dialogue Act in: inform(="Nádraží Holešovice")&inform(="Českolipská")

2013-08-19-17-55-19.231778-CEST  DM-5       : DEBUG      
    Context Resolution - Dialogue Act: inform(="Nádraží Holešovice")&inform(="Českolipská")

2013-08-19-17-55-19.235839-CEST  DM-5       : DEBUG      
    DDDState - Dialogue state content:
    
    ludait = none
    silence_time = 0.0
    
    
    
    

2013-08-19-17-55-19.239746-CEST  DM-5       : DEBUG      
    DDDState - Dialogue state update
    
    Requested slots:
    {}
    Confirmed slots:
    {}
    Non-informed slots:
    {u'silence_time': 0.0}

2013-08-19-17-55-19.259968-CEST  DM-5       : DEBUG      
    DM Output
    ------------------------------------------------------------
    request(from_stop)
    

2013-08-19-17-55-19.274386-CEST  MainProcess : INFO       
    #2609   Time: 2013-08-19-17-55-19.270732-CEST From: DM         To: HUB        DA: request(from_stop) 

2013-08-19-17-55-19.282431-CEST  NLG-6      : DEBUG      
    #2610   Time: 2013-08-19-17-55-19.276945-CEST From: HUB        To: NLG        DA: request(from_stop) 

2013-08-19-17-55-19.286462-CEST  NLG-6      : DEBUG      
    NLG Output
    ------------------------------------------------------------
    Jaká je Vaše výchozí zastávka?
    

2013-08-19-17-55-19.306528-CEST  MainProcess : INFO       
    #2615   Time: 2013-08-19-17-55-19.302479-CEST From: NLG        To: HUB        Command: nlg_text_generated() 

2013-08-19-17-55-19.313906-CEST  MainProcess : INFO       
    #2617   Time: 2013-08-19-17-55-19.308063-CEST From: TTS        To: HUB        Command: tts_start(user_id="None",text="Jaká je Vaše výchozí zastávka?") 

2013-08-19-17-55-19.330983-CEST  MainProcess : INFO       
    #2619   Time: 2013-08-19-17-55-19.309974-CEST From: VoipIO     To: HUB        Command: play_utterance_start(user_id="None",fname="tts-2013-08-19-17-55-19.304123.wav") 

2013-08-19-17-55-19.388739-CEST  MainProcess : INFO       
    #2784   Time: 2013-08-19-17-55-19.383213-CEST From: TTS        To: HUB        Command: tts_end(user_id="None",text="Jaká je Vaše výchozí zastávka?",fname="tts-2013-08-19-17-55-19.304123.wav",log="true") 

2013-08-19-17-55-21.872722-CEST  MainProcess : INFO       
    #2897   Time: 2013-08-19-17-55-21.208888-CEST From: VoipIO     To: HUB        Command: play_utterance_end(user_id="None",fname="tts-2013-08-19-17-55-19.304123.wav) 

2013-08-19-17-55-24.010869-CEST  MainProcess : INFO       
    #3075   Time: 2013-08-19-17-55-24.006345-CEST From: VAD        To: HUB        Command: speech_start(fname="vad-2013-08-19-17-55-23.980041.wav") 

2013-08-19-17-55-24.015568-CEST  ASR-3      : DEBUG      
    ASR: speech_start(fname="vad-2013-08-19-17-55-23.980041.wav")

2013-08-19-17-55-24.021809-CEST  MainProcess : INFO       
    #3076   Time: 2013-08-19-17-55-24.007664-CEST From: ASR        To: HUB        Command: asr_start(fname="vad-2013-08-19-17-55-23.980041.wav") 

2013-08-19-17-55-26.746751-CEST  MainProcess : INFO       
    #3250   Time: 2013-08-19-17-55-26.742191-CEST From: VAD        To: HUB        Command: speech_end(fname="vad-2013-08-19-17-55-23.980041.wav") 

2013-08-19-17-55-26.750869-CEST  ASR-3      : DEBUG      
    ASR: speech_end(fname="vad-2013-08-19-17-55-23.980041.wav")

2013-08-19-17-55-27.511724-CEST  ASR-3      : DEBUG      
    ASR Hypothesis
    ------------------------------------------------------------
    0.933 nádraží holešovice
    0.027 nádraží holešovice bus
    0.020 nádraží holešovice youtube
    0.013 nádraží holešovice lukáš
    0.007 nádraží holešovice lutz
    0.000 __other__
    

2013-08-19-17-55-27.532653-CEST  MainProcess : INFO       
    #3299   Time: 2013-08-19-17-55-27.527649-CEST From: ASR        To: HUB        Command: asr_end(fname="vad-2013-08-19-17-55-23.980041.wav") 

2013-08-19-17-55-27.857913-CEST  SLU-4      : DEBUG      
    SLU Hypothesis
    ------------------------------------------------------------
    1.000 inform(="Nádraží Holešovice")
    

2013-08-19-17-55-27.878614-CEST  MainProcess : INFO       
    #3323   Time: 2013-08-19-17-55-27.874419-CEST From: SLU        To: HUB        Command: slu_parsed(fname="vad-2013-08-19-17-55-23.980041.wav") 

2013-08-19-17-55-27.882991-CEST  DM-5       : DEBUG      
    DDDState Dialogue Act in: inform(="Nádraží Holešovice")

2013-08-19-17-55-27.887285-CEST  DM-5       : DEBUG      
    Context Resolution - Dialogue Act: inform(from_stop="Nádraží Holešovice")&inform(="Nádraží Holešovice")

2013-08-19-17-55-27.891498-CEST  DM-5       : DEBUG      
    DDDState - Dialogue state content:
    
    ludait = none
    alternative = none
    from_centre = none
    from_stop = Nádraží Holešovice
    silence_time = 0.0
    time = none
    to_centre = none
    to_stop = none
    
    
    
    

2013-08-19-17-55-27.895303-CEST  DM-5       : DEBUG      
    DDDState - Dialogue state update
    
    Requested slots:
    {}
    Confirmed slots:
    {}
    Non-informed slots:
    {u'silence_time': 0.0, u'from_stop': u'N\xe1dra\u017e\xed Hole\u0161ovice'}

2013-08-19-17-55-27.930477-CEST  DM-5       : DEBUG      
    DM Output
    ------------------------------------------------------------
    iconfirm(from_stop="Nádraží Holešovice")&request(to_stop)
    

2013-08-19-17-55-27.951252-CEST  MainProcess : INFO       
    #3331   Time: 2013-08-19-17-55-27.947343-CEST From: DM         To: HUB        DA: iconfirm(from_stop="Nádraží Holešovice")&request(to_stop) 

2013-08-19-17-55-27.959611-CEST  NLG-6      : DEBUG      
    #3332   Time: 2013-08-19-17-55-27.953718-CEST From: HUB        To: NLG        DA: iconfirm(from_stop="Nádraží Holešovice")&request(to_stop) 

2013-08-19-17-55-27.965236-CEST  NLG-6      : DEBUG      
    NLG Output
    ------------------------------------------------------------
    Ze zastávky Nádraží Holešovice. Do jaké zastávky chcete jet?
    

2013-08-19-17-55-27.989019-CEST  MainProcess : INFO       
    #3333   Time: 2013-08-19-17-55-27.984299-CEST From: NLG        To: HUB        Command: nlg_text_generated() 

2013-08-19-17-55-27.995558-CEST  MainProcess : INFO       
    #3335   Time: 2013-08-19-17-55-27.990347-CEST From: TTS        To: HUB        Command: tts_start(user_id="None",text="Ze zastávky Nádraží Holešovice. Do jaké zastávky chcete jet?") 

2013-08-19-17-55-28.019976-CEST  MainProcess : INFO       
    #3337   Time: 2013-08-19-17-55-27.993486-CEST From: VoipIO     To: HUB        Command: play_utterance_start(user_id="None",fname="tts-2013-08-19-17-55-27.986762.wav") 

2013-08-19-17-55-28.137275-CEST  MainProcess : INFO       
    #3664   Time: 2013-08-19-17-55-28.130937-CEST From: TTS        To: HUB        Command: tts_end(user_id="None",text="Ze zastávky Nádraží Holešovice. Do jaké zastávky chcete jet?",fname="tts-2013-08-19-17-55-27.986762.wav",log="true") 

2013-08-19-17-55-33.138894-CEST  MainProcess : INFO       
    #3940   Time: 2013-08-19-17-55-32.524957-CEST From: VoipIO     To: HUB        Command: play_utterance_end(user_id="None",fname="tts-2013-08-19-17-55-27.986762.wav) 

2013-08-19-17-55-34.638053-CEST  MainProcess : INFO       
    #4074   Time: 2013-08-19-17-55-34.633897-CEST From: VAD        To: HUB        Command: speech_start(fname="vad-2013-08-19-17-55-34.596518.wav") 

2013-08-19-17-55-34.642701-CEST  ASR-3      : DEBUG      
    ASR: speech_start(fname="vad-2013-08-19-17-55-34.596518.wav")

2013-08-19-17-55-34.647332-CEST  MainProcess : INFO       
    #4075   Time: 2013-08-19-17-55-34.634951-CEST From: ASR        To: HUB        Command: asr_start(fname="vad-2013-08-19-17-55-34.596518.wav") 

2013-08-19-17-55-35.990183-CEST  MainProcess : INFO       
    #4161   Time: 2013-08-19-17-55-35.986624-CEST From: VAD        To: HUB        Command: speech_end(fname="vad-2013-08-19-17-55-34.596518.wav") 

2013-08-19-17-55-35.994204-CEST  ASR-3      : DEBUG      
    ASR: speech_end(fname="vad-2013-08-19-17-55-34.596518.wav")

2013-08-19-17-55-36.409954-CEST  ASR-3      : DEBUG      
    ASR Hypothesis
    ------------------------------------------------------------
    0.863 českolipská
    0.025 českolipská a
    0.022 českodubská
    0.020 českolipská i
    0.017 českolipská praha
    0.015 českodubská a
    0.012 českodubská i
    0.010 česko lipská i
    0.007 česko lipská a
    0.005 českolipská a i
    0.002 českolipská a a
    0.000 __other__
    

2013-08-19-17-55-36.435143-CEST  MainProcess : INFO       
    #4190   Time: 2013-08-19-17-55-36.430678-CEST From: ASR        To: HUB        Command: asr_end(fname="vad-2013-08-19-17-55-34.596518.wav") 

2013-08-19-17-55-37.140543-CEST  SLU-4      : DEBUG      
    SLU Hypothesis
    ------------------------------------------------------------
    0.933 inform(="Českolipská")
    0.067 other()
    

2013-08-19-17-55-37.156682-CEST  MainProcess : INFO       
    #4237   Time: 2013-08-19-17-55-37.153266-CEST From: SLU        To: HUB        Command: slu_parsed(fname="vad-2013-08-19-17-55-34.596518.wav") 

2013-08-19-17-55-37.160174-CEST  DM-5       : DEBUG      
    DDDState Dialogue Act in: inform(="Českolipská")

2013-08-19-17-55-37.163403-CEST  DM-5       : DEBUG      
    Context Resolution - Dialogue Act: inform(to_stop="Českolipská")&inform(="Českolipská")

2013-08-19-17-55-37.166219-CEST  DM-5       : DEBUG      
    DDDState - Dialogue state content:
    
    ludait = none
    alternative = none
    from_centre = none
    from_stop = Nádraží Holešovice
    silence_time = 0.0
    time = none
    to_centre = none
    to_stop = Českolipská
    
    rh_from_stop = system-informed
    
    ch_from_stop = system-informed
    
    sh_from_stop = system-informed
    

2013-08-19-17-55-37.169532-CEST  DM-5       : DEBUG      
    DDDState - Dialogue state update
    
    Requested slots:
    {}
    Confirmed slots:
    {}
    Non-informed slots:
    {u'to_stop': u'\u010ceskolipsk\xe1', u'silence_time': 0.0}

2013-08-19-17-55-37.512948-CEST  DM-5       : DEBUG      
    DM Output
    ------------------------------------------------------------
    iconfirm(to_stop="Českolipská")&inform(found_directions="true")&inform(alternative="1")&inform(vehicle="BUS")&inform(line="201")&inform(go_at="05:58")&inform(enter_at="Nádraží Holešovice")&inform(headsign="Bakovská")&inform(exit_at="Českolipská")
    

2013-08-19-17-55-37.528284-CEST  MainProcess : INFO       
    #4262   Time: 2013-08-19-17-55-37.525287-CEST From: DM         To: HUB        DA: iconfirm(to_stop="Českolipská")&inform(found_directions="true")&inform(alternative="1")&inform(vehicle="BUS")&inform(line="201")&inform(go_at="05:58")&inform(enter_at="Nádraží Holešovice")&inform(headsign="Bakovská")&inform(exit_at="Českolipská") 

2013-08-19-17-55-37.534919-CEST  NLG-6      : DEBUG      
    #4263   Time: 2013-08-19-17-55-37.530975-CEST From: HUB        To: NLG        DA: iconfirm(to_stop="Českolipská")&inform(found_directions="true")&inform(alternative="1")&inform(vehicle="BUS")&inform(line="201")&inform(go_at="05:58")&inform(enter_at="Nádraží Holešovice")&inform(headsign="Bakovská")&inform(exit_at="Českolipská") 

2013-08-19-17-55-37.602241-CEST  NLG-6      : DEBUG      
    NLG Output
    ------------------------------------------------------------
    Do zastávky Českolipská. Našla jsem následující spojení. Možnost první. Jeďte autobusem číslo 201 v 05:58 ze zastávky Nádraží Holešovice směrem Bakovská. Vystupte na zastávce Českolipská.
    

2013-08-19-17-55-37.641457-CEST  MainProcess : INFO       
    #4272   Time: 2013-08-19-17-55-37.637170-CEST From: NLG        To: HUB        Command: nlg_text_generated() 

2013-08-19-17-55-37.648558-CEST  MainProcess : INFO       
    #4274   Time: 2013-08-19-17-55-37.642753-CEST From: TTS        To: HUB        Command: tts_start(user_id="None",text="Do zastávky Českolipská. Našla jsem následující spojení. Možnost první. Jeďte autobusem číslo 201 v 05:58 ze zastávky Nádraží Holešovice směrem Bakovská. Vystupte na zastávce Českolipská.") 

2013-08-19-17-55-37.676143-CEST  MainProcess : INFO       
    #4276   Time: 2013-08-19-17-55-37.646376-CEST From: VoipIO     To: HUB        Command: play_utterance_start(user_id="None",fname="tts-2013-08-19-17-55-37.638686.wav") 

2013-08-19-17-55-40.090353-CEST  MainProcess : INFO       
    #5531   Time: 2013-08-19-17-55-40.080597-CEST From: TTS        To: HUB        Command: tts_end(user_id="None",text="Do zastávky Českolipská. Našla jsem následující spojení. Možnost první. Jeďte autobusem číslo 201 v 05:58 ze zastávky Nádraží Holešovice směrem Bakovská. Vystupte na zastávce Českolipská.",fname="tts-2013-08-19-17-55-37.638686.wav",log="true") 

2013-08-19-17-55-55.286158-CEST  MainProcess : INFO       
    #6436   Time: 2013-08-19-17-55-54.556580-CEST From: VoipIO     To: HUB        Command: play_utterance_end(user_id="None",fname="tts-2013-08-19-17-55-37.638686.wav) 

2013-08-19-17-55-58.291568-CEST  DM-5       : DEBUG      
    #6673   Time: 2013-08-19-17-55-58.287492-CEST From: HUB        To: DM         Command: timeout(silence_time="3.000") 

2013-08-19-17-55-58.295940-CEST  DM-5       : DEBUG      
    DDDState Dialogue Act in: silence(time="3.000")

2013-08-19-17-55-58.299821-CEST  DM-5       : DEBUG      
    Context Resolution - Dialogue Act: silence(time="3.000")

2013-08-19-17-55-58.304875-CEST  DM-5       : DEBUG      
    DDDState - Dialogue state content:
    
    ludait = silence
    alternative = none
    from_centre = none
    from_stop = Nádraží Holešovice
    route_alternative = 0
    silence_time = 3.0
    time = none
    to_centre = none
    to_stop = Českolipská
    
    rh_alternative = system-informed
    rh_enter_at = system-informed
    rh_exit_at = system-informed
    rh_found_directions = system-informed
    rh_from_stop = system-informed
    rh_go_at = system-informed
    rh_headsign = system-informed
    rh_line = system-informed
    rh_to_stop = system-informed
    rh_vehicle = system-informed
    
    ch_alternative = system-informed
    ch_enter_at = system-informed
    ch_exit_at = system-informed
    ch_found_directions = system-informed
    ch_from_stop = system-informed
    ch_go_at = system-informed
    ch_headsign = system-informed
    ch_line = system-informed
    ch_to_stop = system-informed
    ch_vehicle = system-informed
    
    sh_alternative = system-informed
    sh_enter_at = system-informed
    sh_exit_at = system-informed
    sh_found_directions = system-informed
    sh_from_stop = system-informed
    sh_go_at = system-informed
    sh_headsign = system-informed
    sh_line = system-informed
    sh_to_stop = system-informed
    sh_vehicle = system-informed
    

2013-08-19-17-55-58.309170-CEST  DM-5       : DEBUG      
    DDDState - Dialogue state update
    
    Requested slots:
    {}
    Confirmed slots:
    {}
    Non-informed slots:
    {u'route_alternative': 0, u'silence_time': 3.0}

2013-08-19-17-55-58.313194-CEST  DM-5       : DEBUG      
    DM Output
    ------------------------------------------------------------
    silence()
    

2013-08-19-17-55-58.364873-CEST  MainProcess : INFO       
    #6678   Time: 2013-08-19-17-55-58.360186-CEST From: DM         To: HUB        DA: silence() 

2013-08-19-17-55-59.768920-CEST  ASR-3      : DEBUG      
    ASR: speech_start(fname="vad-2013-08-19-17-55-59.711954.wav")

2013-08-19-17-55-59.774220-CEST  MainProcess : INFO       
    #6768   Time: 2013-08-19-17-55-59.764812-CEST From: VAD        To: HUB        Command: speech_start(fname="vad-2013-08-19-17-55-59.711954.wav") 

2013-08-19-17-55-59.782125-CEST  MainProcess : INFO       
    #6769   Time: 2013-08-19-17-55-59.765231-CEST From: ASR        To: HUB        Command: asr_start(fname="vad-2013-08-19-17-55-59.711954.wav") 

2013-08-19-17-56-02.218072-CEST  ASR-3      : DEBUG      
    ASR: speech_end(fname="vad-2013-08-19-17-55-59.711954.wav")

2013-08-19-17-56-02.222489-CEST  MainProcess : INFO       
    #6923   Time: 2013-08-19-17-56-02.214001-CEST From: VAD        To: HUB        Command: speech_end(fname="vad-2013-08-19-17-55-59.711954.wav") 

2013-08-19-17-56-03.121225-CEST  ASR-3      : DEBUG      
    ASR Hypothesis
    ------------------------------------------------------------
    0.569 a druhá možnost další možnost
    0.096 druhá možnost další možnost
    0.084 a druhá možnost možnost
    0.072 a druhá možnost další možnosti
    0.060 a druhá možnost je další možnost
    0.048 druhá možnost možnost
    0.036 a druhá možnost další možností
    0.024 a druhá možnosť další možnost
    0.012 druhá možnost další možnosti
    0.000 __other__
    

2013-08-19-17-56-03.160763-CEST  MainProcess : INFO       
    #6984   Time: 2013-08-19-17-56-03.156124-CEST From: ASR        To: HUB        Command: asr_end(fname="vad-2013-08-19-17-55-59.711954.wav") 

2013-08-19-17-56-03.779596-CEST  SLU-4      : DEBUG      
    SLU Hypothesis
    ------------------------------------------------------------
    0.868 inform(alternative="next")
    0.132 other()
    

2013-08-19-17-56-03.827139-CEST  MainProcess : INFO       
    #7026   Time: 2013-08-19-17-56-03.822626-CEST From: SLU        To: HUB        Command: slu_parsed(fname="vad-2013-08-19-17-55-59.711954.wav") 

2013-08-19-17-56-03.831187-CEST  DM-5       : DEBUG      
    DDDState Dialogue Act in: inform(alternative="next")

2013-08-19-17-56-03.835819-CEST  DM-5       : DEBUG      
    Context Resolution - Dialogue Act: inform(alternative="next")

2013-08-19-17-56-03.840880-CEST  DM-5       : DEBUG      
    DDDState - Dialogue state content:
    
    ludait = none
    alternative = next
    from_centre = none
    from_stop = Nádraží Holešovice
    route_alternative = 0
    silence_time = 0.0
    time = none
    to_centre = none
    to_stop = Českolipská
    
    rh_alternative = system-informed
    rh_enter_at = system-informed
    rh_exit_at = system-informed
    rh_found_directions = system-informed
    rh_from_stop = system-informed
    rh_go_at = system-informed
    rh_headsign = system-informed
    rh_line = system-informed
    rh_to_stop = system-informed
    rh_vehicle = system-informed
    
    ch_alternative = system-informed
    ch_enter_at = system-informed
    ch_exit_at = system-informed
    ch_found_directions = system-informed
    ch_from_stop = system-informed
    ch_go_at = system-informed
    ch_headsign = system-informed
    ch_line = system-informed
    ch_to_stop = system-informed
    ch_vehicle = system-informed
    
    sh_alternative = system-informed
    sh_enter_at = system-informed
    sh_exit_at = system-informed
    sh_found_directions = system-informed
    sh_from_stop = system-informed
    sh_go_at = system-informed
    sh_headsign = system-informed
    sh_line = system-informed
    sh_to_stop = system-informed
    sh_vehicle = system-informed
    

2013-08-19-17-56-03.846413-CEST  DM-5       : DEBUG      
    DDDState - Dialogue state update
    
    Requested slots:
    {}
    Confirmed slots:
    {}
    Non-informed slots:
    {u'route_alternative': 0, u'silence_time': 0.0}

2013-08-19-17-56-04.282778-CEST  DM-5       : DEBUG      
    DM Output
    ------------------------------------------------------------
    inform(found_directions="next")&inform(alternative="2")&inform(vehicle="SUBWAY")&inform(line="C")&inform(go_at="05:56")&inform(enter_at="Nádraží Holešovice")&inform(headsign="Letňany")&inform(exit_at="Střížkov")&inform(transfer="true")&inform(vehicle="BUS")&inform(line="201")&inform(go_at="06:11")&inform(enter_at="Střížkov")&inform(headsign="Bakovská")&inform(exit_at="Českolipská")
    

2013-08-19-17-56-04.335771-CEST  MainProcess : INFO       
    #7060   Time: 2013-08-19-17-56-04.330098-CEST From: DM         To: HUB        DA: inform(found_directions="next")&inform(alternative="2")&inform(vehicle="SUBWAY")&inform(line="C")&inform(go_at="05:56")&inform(enter_at="Nádraží Holešovice")&inform(headsign="Letňany")&inform(exit_at="Střížkov")&inform(transfer="true")&inform(vehicle="BUS")&inform(line="201")&inform(go_at="06:11")&inform(enter_at="Střížkov")&inform(headsign="Bakovská")&inform(exit_at="Českolipská") 

2013-08-19-17-56-04.346127-CEST  NLG-6      : DEBUG      
    #7061   Time: 2013-08-19-17-56-04.339602-CEST From: HUB        To: NLG        DA: inform(found_directions="next")&inform(alternative="2")&inform(vehicle="SUBWAY")&inform(line="C")&inform(go_at="05:56")&inform(enter_at="Nádraží Holešovice")&inform(headsign="Letňany")&inform(exit_at="Střížkov")&inform(transfer="true")&inform(vehicle="BUS")&inform(line="201")&inform(go_at="06:11")&inform(enter_at="Střížkov")&inform(headsign="Bakovská")&inform(exit_at="Českolipská") 

2013-08-19-17-56-04.718460-CEST  NLG-6      : DEBUG      
    NLG Output
    ------------------------------------------------------------
    Následující spojení. Možnost druhá. Jeďte metrem C v 05:56 ze zastávky Nádraží Holešovice směrem Letňany. Vystupte na zastávce Střížkov. A pak přestupte. Jeďte autobusem číslo 201 v 06:11 ze zastávky Střížkov směrem Bakovská. Vystupte na zastávce Českolipská.
    

2013-08-19-17-56-04.753188-CEST  MainProcess : INFO       
    #7090   Time: 2013-08-19-17-56-04.749370-CEST From: NLG        To: HUB        Command: nlg_text_generated() 

2013-08-19-17-56-04.759804-CEST  MainProcess : INFO       
    #7092   Time: 2013-08-19-17-56-04.754624-CEST From: TTS        To: HUB        Command: tts_start(user_id="None",text="Následující spojení. Možnost druhá. Jeďte metrem C v 05:56 ze zastávky Nádraží Holešovice směrem Letňany. Vystupte na zastávce Střížkov. A pak přestupte. Jeďte autobusem číslo 201 v 06:11 ze zastávky Střížkov směrem Bakovská. Vystupte na zastávce Českolipská.") 

2013-08-19-17-56-04.803797-CEST  MainProcess : INFO       
    #7094   Time: 2013-08-19-17-56-04.758317-CEST From: VoipIO     To: HUB        Command: play_utterance_start(user_id="None",fname="tts-2013-08-19-17-56-04.751719.wav") 

2013-08-19-17-56-07.921049-CEST  MainProcess : INFO       
    #8785   Time: 2013-08-19-17-56-07.908259-CEST From: TTS        To: HUB        Command: tts_end(user_id="None",text="Následující spojení. Možnost druhá. Jeďte metrem C v 05:56 ze zastávky Nádraží Holešovice směrem Letňany. Vystupte na zastávce Střížkov. A pak přestupte. Jeďte autobusem číslo 201 v 06:11 ze zastávky Střížkov směrem Bakovská. Vystupte na zastávce Českolipská.",fname="tts-2013-08-19-17-56-04.751719.wav",log="true") 

2013-08-19-17-56-28.629891-CEST  MainProcess : INFO       
    #10026  Time: 2013-08-19-17-56-27.739338-CEST From: VoipIO     To: HUB        Command: play_utterance_end(user_id="None",fname="tts-2013-08-19-17-56-04.751719.wav) 

2013-08-19-17-56-31.513684-CEST  MainProcess : INFO       
    #10264  Time: 2013-08-19-17-56-31.508196-CEST From: VAD        To: HUB        Command: speech_start(fname="vad-2013-08-19-17-56-31.382515.wav") 

2013-08-19-17-56-31.518346-CEST  ASR-3      : DEBUG      
    ASR: speech_start(fname="vad-2013-08-19-17-56-31.382515.wav")

2013-08-19-17-56-31.523873-CEST  MainProcess : INFO       
    #10265  Time: 2013-08-19-17-56-31.509990-CEST From: ASR        To: HUB        Command: asr_start(fname="vad-2013-08-19-17-56-31.382515.wav") 

2013-08-19-17-56-32.127837-CEST  MainProcess : INFO       
    #10303  Time: 2013-08-19-17-56-32.123142-CEST From: VAD        To: HUB        Command: speech_end(fname="vad-2013-08-19-17-56-31.382515.wav") 

2013-08-19-17-56-32.132188-CEST  ASR-3      : DEBUG      
    ASR: speech_end(fname="vad-2013-08-19-17-56-31.382515.wav")

2013-08-19-17-56-32.437678-CEST  ASR-3      : DEBUG      
    ASR Hypothesis
    ------------------------------------------------------------
    0.825 děkuji
    0.070 děkuj
    0.052 děkuju
    0.035 děkuji ti
    0.017 děkuji a
    0.000 __other__
    

2013-08-19-17-56-32.493621-CEST  MainProcess : INFO       
    #10328  Time: 2013-08-19-17-56-32.488472-CEST From: ASR        To: HUB        Command: asr_end(fname="vad-2013-08-19-17-56-31.382515.wav") 

2013-08-19-17-56-32.877191-CEST  SLU-4      : DEBUG      
    SLU Hypothesis
    ------------------------------------------------------------
    0.930 thankyou()
    0.070 other()
    

2013-08-19-17-56-32.930585-CEST  MainProcess : INFO       
    #10358  Time: 2013-08-19-17-56-32.925289-CEST From: SLU        To: HUB        Command: slu_parsed(fname="vad-2013-08-19-17-56-31.382515.wav") 

2013-08-19-17-56-32.935319-CEST  DM-5       : DEBUG      
    DDDState Dialogue Act in: thankyou()

2013-08-19-17-56-32.940177-CEST  DM-5       : DEBUG      
    Context Resolution - Dialogue Act: thankyou()

2013-08-19-17-56-32.945205-CEST  DM-5       : DEBUG      
    DDDState - Dialogue state content:
    
    ludait = thankyou
    alternative = none
    from_centre = none
    from_stop = Nádraží Holešovice
    route_alternative = 1
    silence_time = 0.0
    time = none
    to_centre = none
    to_stop = Českolipská
    
    rh_alternative = system-informed
    rh_enter_at = system-informed
    rh_exit_at = system-informed
    rh_found_directions = system-informed
    rh_from_stop = system-informed
    rh_go_at = system-informed
    rh_headsign = system-informed
    rh_line = system-informed
    rh_to_stop = system-informed
    rh_transfer = system-informed
    rh_vehicle = system-informed
    
    ch_alternative = system-informed
    ch_enter_at = system-informed
    ch_exit_at = system-informed
    ch_found_directions = system-informed
    ch_from_stop = system-informed
    ch_go_at = system-informed
    ch_headsign = system-informed
    ch_line = system-informed
    ch_to_stop = system-informed
    ch_transfer = system-informed
    ch_vehicle = system-informed
    
    sh_alternative = system-informed
    sh_enter_at = system-informed
    sh_exit_at = system-informed
    sh_found_directions = system-informed
    sh_from_stop = system-informed
    sh_go_at = system-informed
    sh_headsign = system-informed
    sh_line = system-informed
    sh_to_stop = system-informed
    sh_transfer = system-informed
    sh_vehicle = system-informed
    

2013-08-19-17-56-32.949512-CEST  DM-5       : DEBUG      
    DDDState - Dialogue state update
    
    Requested slots:
    {}
    Confirmed slots:
    {}
    Non-informed slots:
    {u'route_alternative': 1, u'silence_time': 0.0}

2013-08-19-17-56-33.032842-CEST  DM-5       : DEBUG      
    DM Output
    ------------------------------------------------------------
    inform(cordiality="true")&hello()
    

2013-08-19-17-56-33.081876-CEST  MainProcess : INFO       
    #10368  Time: 2013-08-19-17-56-33.078284-CEST From: DM         To: HUB        DA: inform(cordiality="true")&hello() 

2013-08-19-17-56-33.087956-CEST  NLG-6      : DEBUG      
    #10369  Time: 2013-08-19-17-56-33.084218-CEST From: HUB        To: NLG        DA: inform(cordiality="true")&hello() 

2013-08-19-17-56-33.091842-CEST  NLG-6      : DEBUG      
    NLG Output
    ------------------------------------------------------------
    Nemáte zač. S čím Vám mohu ještě pomoci.
    

2013-08-19-17-56-33.138143-CEST  MainProcess : INFO       
    #10374  Time: 2013-08-19-17-56-33.133519-CEST From: NLG        To: HUB        Command: nlg_text_generated() 

2013-08-19-17-56-33.144585-CEST  MainProcess : INFO       
    #10376  Time: 2013-08-19-17-56-33.139474-CEST From: TTS        To: HUB        Command: tts_start(user_id="None",text="Nemáte zač. S čím Vám mohu ještě pomoci.") 

2013-08-19-17-56-33.208914-CEST  MainProcess : INFO       
    #10378  Time: 2013-08-19-17-56-33.141748-CEST From: VoipIO     To: HUB        Command: play_utterance_start(user_id="None",fname="tts-2013-08-19-17-56-33.135642.wav") 

2013-08-19-17-56-33.277369-CEST  MainProcess : INFO       
    #10606  Time: 2013-08-19-17-56-33.272521-CEST From: TTS        To: HUB        Command: tts_end(user_id="None",text="Nemáte zač. S čím Vám mohu ještě pomoci.",fname="tts-2013-08-19-17-56-33.135642.wav",log="true") 

2013-08-19-17-56-36.691299-CEST  MainProcess : INFO       
    #10801  Time: 2013-08-19-17-56-36.357432-CEST From: VoipIO     To: HUB        Command: play_utterance_end(user_id="None",fname="tts-2013-08-19-17-56-33.135642.wav) 

2013-08-19-17-56-38.560224-CEST  MainProcess : INFO       
    #10941  Time: 2013-08-19-17-56-38.555737-CEST From: VAD        To: HUB        Command: speech_start(fname="vad-2013-08-19-17-56-38.466854.wav") 

2013-08-19-17-56-38.565094-CEST  ASR-3      : DEBUG      
    ASR: speech_start(fname="vad-2013-08-19-17-56-38.466854.wav")

2013-08-19-17-56-38.569567-CEST  MainProcess : INFO       
    #10942  Time: 2013-08-19-17-56-38.557853-CEST From: ASR        To: HUB        Command: asr_start(fname="vad-2013-08-19-17-56-38.466854.wav") 

2013-08-19-17-56-39.433796-CEST  MainProcess : INFO       
    #10999  Time: 2013-08-19-17-56-39.428911-CEST From: VAD        To: HUB        Command: speech_end(fname="vad-2013-08-19-17-56-38.466854.wav") 

2013-08-19-17-56-39.438201-CEST  ASR-3      : DEBUG      
    ASR: speech_end(fname="vad-2013-08-19-17-56-38.466854.wav")

2013-08-19-17-56-39.860401-CEST  ASR-3      : DEBUG      
    ASR Hypothesis
    ------------------------------------------------------------
    0.862 děkuji konec
    0.023 děkuji konečný
    0.021 děkuji konec i
    0.019 děkuji konečně
    0.017 děkuju konec
    0.015 děkuj konec
    0.013 jakub konec
    0.010 děkuju konečně
    0.008 děkuji konečný i
    0.006 jak konec
    0.004 děkuji konečně i
    0.002 děkuju konec i
    0.000 __other__
    

2013-08-19-17-56-39.930196-CEST  MainProcess : INFO       
    #11029  Time: 2013-08-19-17-56-39.924834-CEST From: ASR        To: HUB        Command: asr_end(fname="vad-2013-08-19-17-56-38.466854.wav") 

2013-08-19-17-56-40.684809-CEST  SLU-4      : DEBUG      
    SLU Hypothesis
    ------------------------------------------------------------
    0.966 thankyou()
    0.935 bye()
    

2013-08-19-17-56-40.723456-CEST  MainProcess : INFO       
    #11083  Time: 2013-08-19-17-56-40.720116-CEST From: SLU        To: HUB        Command: slu_parsed(fname="vad-2013-08-19-17-56-38.466854.wav") 

2013-08-19-17-56-40.726917-CEST  DM-5       : DEBUG      
    DDDState Dialogue Act in: thankyou()&bye()

2013-08-19-17-56-40.730705-CEST  DM-5       : DEBUG      
    Context Resolution - Dialogue Act: thankyou()&bye()

2013-08-19-17-56-40.734806-CEST  DM-5       : DEBUG      
    DDDState - Dialogue state content:
    
    ludait = bye
    alternative = none
    from_centre = none
    from_stop = Nádraží Holešovice
    route_alternative = 1
    silence_time = 0.0
    time = none
    to_centre = none
    to_stop = Českolipská
    
    rh_alternative = system-informed
    rh_cordiality = system-informed
    rh_enter_at = system-informed
    rh_exit_at = system-informed
    rh_found_directions = system-informed
    rh_from_stop = system-informed
    rh_go_at = system-informed
    rh_headsign = system-informed
    rh_line = system-informed
    rh_to_stop = system-informed
    rh_transfer = system-informed
    rh_vehicle = system-informed
    
    ch_alternative = system-informed
    ch_cordiality = system-informed
    ch_enter_at = system-informed
    ch_exit_at = system-informed
    ch_found_directions = system-informed
    ch_from_stop = system-informed
    ch_go_at = system-informed
    ch_headsign = system-informed
    ch_line = system-informed
    ch_to_stop = system-informed
    ch_transfer = system-informed
    ch_vehicle = system-informed
    
    sh_alternative = system-informed
    sh_cordiality = system-informed
    sh_enter_at = system-informed
    sh_exit_at = system-informed
    sh_found_directions = system-informed
    sh_from_stop = system-informed
    sh_go_at = system-informed
    sh_headsign = system-informed
    sh_line = system-informed
    sh_to_stop = system-informed
    sh_transfer = system-informed
    sh_vehicle = system-informed
    

2013-08-19-17-56-40.738627-CEST  DM-5       : DEBUG      
    DDDState - Dialogue state update
    
    Requested slots:
    {}
    Confirmed slots:
    {}
    Non-informed slots:
    {u'route_alternative': 1, u'silence_time': 0.0}

2013-08-19-17-56-40.795142-CEST  DM-5       : DEBUG      
    DM Output
    ------------------------------------------------------------
    bye()
    

2013-08-19-17-56-40.824807-CEST  MainProcess : INFO       
    #11089  Time: 2013-08-19-17-56-40.820816-CEST From: DM         To: HUB        DA: bye() 

2013-08-19-17-56-40.830637-CEST  NLG-6      : DEBUG      
    #11091  Time: 2013-08-19-17-56-40.827351-CEST From: HUB        To: NLG        DA: bye() 

2013-08-19-17-56-40.833805-CEST  MainProcess : INFO       
    #11090  Time: 2013-08-19-17-56-40.820931-CEST From: DM         To: HUB        Command: hangup() 

2013-08-19-17-56-40.836424-CEST  NLG-6      : DEBUG      
    NLG Output
    ------------------------------------------------------------
    Děkujeme za zavolání. Na shledanou.
    

2013-08-19-17-56-40.900157-CEST  MainProcess : INFO       
    #11097  Time: 2013-08-19-17-56-40.897191-CEST From: NLG        To: HUB        Command: nlg_text_generated() 

2013-08-19-17-56-40.905274-CEST  MainProcess : INFO       
    #11101  Time: 2013-08-19-17-56-40.901089-CEST From: TTS        To: HUB        Command: tts_start(user_id="None",text="Děkujeme za zavolání. Na shledanou.") 

2013-08-19-17-56-40.974619-CEST  MainProcess : INFO       
    #11104  Time: 2013-08-19-17-56-40.904094-CEST From: VoipIO     To: HUB        Command: play_utterance_start(user_id="None",fname="tts-2013-08-19-17-56-40.898466.wav") 

2013-08-19-17-56-40.998870-CEST  MainProcess : INFO       
    #11308  Time: 2013-08-19-17-56-40.994244-CEST From: TTS        To: HUB        Command: tts_end(user_id="None",text="Děkujeme za zavolání. Na shledanou.",fname="tts-2013-08-19-17-56-40.898466.wav",log="true") 

2013-08-19-17-56-43.106311-CEST  VoipIO-1   : DEBUG      
    CallCallback::on_state : Call with "777722783" <sip:777722783@195.113.20.160> is DISCONNCTD last code = 200 (Normal call clearing)

2013-08-19-17-56-43.228095-CEST  VoipIO-1   : DEBUG      
    VoipIO::on_call_disconnected

2013-08-19-17-56-43.233396-CEST  MainProcess : INFO       
    #11441  Time: 2013-08-19-17-56-43.229341-CEST From: VoipIO     To: HUB        Command: call_disconnected(remote_uri="777722783") 

