2013-07-17-08-24-55.031271-CEST  VoipIO-1   : DEBUG      
    CallCallback::on_state : Call with "776627836" <sip:776627836@195.113.20.160> is CONNECTING last code = 200 (OK)

2013-07-17-08-24-55.036389-CEST  VoipIO-1   : DEBUG      
    VoipIO::on_call_connecting

2013-07-17-08-24-55.041464-CEST  VoipIO-1   : DEBUG      
    CallCallback::on_state : Call with "776627836" <sip:776627836@195.113.20.160> is CONFIRMED last code = 200 (OK)

2013-07-17-08-24-55.060257-CEST  MainProcess : SYSTEM-LOG 
    config = { 'ASR': { 'Google': { 'debug': False, 'language': 'cs', 'maxresults': 20},
               'Julius': { 'adinnetport': 5530,
                           'binary': '/usr/local/bin/julius',
                           'debug': False,
                           'hostname': 'localhost',
                           'jconf': { '-adport': '5530',
                                      '-b': '1000',
                                      '-b2': '100',
                                      '-cmnload': 'cmn.param',
                                      '-cmnmapweight': '200',
                                      '-cmnsave': 'cmn.param',
                                      '-confnet': '',
                                      '-fallback1pass': '',
                                      '-gprune': 'safe',
                                      '-h': '/mnt/h/jurcicek/vystadial-git/alex/resources/asr/voip_en/hmmdefs',
                                      '-hlist': '/mnt/h/jurcicek/vystadial-git/alex/resources/asr/voip_en/tiedlist',
                                      '-htkconf': '/mnt/h/jurcicek/vystadial-git/alex/resources/asr/voip_en/config',
                                      '-input': 'adinnet',
                                      '-iwsp': '',
                                      '-iwsppenalty': '0.0',
                                      '-lmp': '15.0 0.0',
                                      '-lmp2': '15.0 0.0',
                                      '-mapunk': 'UM',
                                      '-module': '10500',
                                      '-n': '50',
                                      '-nlr': '/mnt/h/jurcicek/vystadial-git/alex/resources/lm/caminfo/julius_arpa_bigram',
                                      '-no_ccd': '',
                                      '-nrl': '/mnt/h/jurcicek/vystadial-git/alex/resources/lm/caminfo/julius_arpa_rev_bigram',
                                      '-silhead': '<s>',
                                      '-siltail': '</s>',
                                      '-spmodel': 'sp',
                                      '-tmix': '4',
                                      '-v': '/mnt/h/jurcicek/vystadial-git/alex/resources/lm/caminfo/julius_dict'},
                           'jconffile': 'julius.jconf',
                           'killall': False,
                           'logfile': 'julius.log',
                           'msg_timeout': 0.3,
                           'pidfile': 'julius.pid',
                           'reuse_server': False,
                           'serverport': 10500,
                           'start_max_wait_time': 15,
                           'start_wait_time': 0.5,
                           'timeout': 2.0},
               'Kaldi': { 'LM_scale': -6666.66,
                          'hypothesis_type': 'nblist',
                          'lat_depth': 666666,
                          'model': 'TODO_path_to_model'},
               'debug': True,
               'type': 'Google'},
      'AlexOnTheBus': { 'max_turns': 120},
      'Analytics': Analytics(account_id='UA-41905278-1', domain_name='cuni.cz'),
      'Audio': { 'sample_rate': 16000, 'samples_per_frame': 256},
      'AudioIO': { 'debug': True, 'output_dir': './aio_call_log', 'play_buffer_size': 1024},
      'DM': { 'PUfalRuleDM': { 'code_submit_url': None,
                               'db_cfg': '/mnt/h/jurcicek/vystadial-git/alex/resources/../applications/CamInfoRest/cued_data/CIRdbase_V7_noloc.txt',
                               'ontology': '/mnt/h/jurcicek/vystadial-git/alex/resources/../applications/CamInfoRest/ontology.cfg',
                               'provide_code': False},
              'UfalRuleDM': { 'code_submit_url': None,
                              'db_cfg': '/mnt/h/jurcicek/vystadial-git/alex/resources/../applications/CamInfoRest/cued_data/CIRdbase_V7_noloc.txt',
                              'ontology': '/mnt/h/jurcicek/vystadial-git/alex/resources/../applications/CamInfoRest/ontology.cfg',
                              'provide_code': False},
              'basic': { 'debug': True, 'silence_timeout': 10.0},
              'debug': True,
              'dialogue_policy': { 'type': <class 'alex.applications.AlexOnTheBus.aotb_hdc_policy.AOTBHDCPolicy'>},
              'dialogue_state': { 'type': <class 'alex.components.dm.dddstate.DeterministicDiscriminativeDialogueState'>},
              'input_timeout': 3.0,
              'ontology': '/mnt/h/jurcicek/vystadial-git/alex/applications/AlexOnTheBus/data/ontology.py',
              'type': 'basic'},
      'General': { 'debug': False, 'include': ['/mnt/h/jurcicek/vystadial-git/alex/resources/private/default.cfg']},
      'Hub': { 'history_file': 'hub_history_hub.txt', 'history_length': 1000, 'main_loop_sleep_time': 0.002},
      'Logging': { 'excepthook': ExceptionHook(
            ExceptionHook
              Hook Type: log
              Hook Logger: SystemLogger(output_dir=./call_logs, stdout_log_level='DEBUG', stdout=True, file_log_level='DEBUG')),
                   'session_logger': SessionLogger(),
                   'system_logger': SystemLogger(output_dir=/net/projects/vystadial/data/call-logs/2013-05-30-alex-aotb-prototype/new, stdout_log_level='DEBUG', stdout=True, file_log_level='DEBUG'),
                   'system_name': u'Alex On The Bus - Live',
                   'version': u'1.0'},
      'NLG': { 'Template': { 'model': '/mnt/h/jurcicek/vystadial-git/alex/applications/AlexOnTheBus/nlg_templates.cfg'},
               'debug': True,
               'type': 'Template'},
      'SHub': { 'history_file': 'hub_history_shub.txt', 'history_length': 1000},
      'SLU': { 'cl-tracing': { 'cldb_fname': '/mnt/h/jurcicek/vystadial-git/alex/applications/CamInfoRest/data/database.py',
                               'do_preprocessing': True,
                               'features_type': ('ngram', 'ab_ngram'),
                               'testing': { 'max_examples': None,
                                            'min_perc': 80,
                                            'model_fname': '/mnt/h/jurcicek/vystadial-git/alex/applications/CamInfoRest/models/130516_minf60-minfc35-mind60.slu_model.gz',
                                            'renormalise': True,
                                            'threshold': None,
                                            'vanilla': True},
                               'training': { 'abstractions': ('abstract',), 'models_dir': 'models'}},
               'debug': True,
               'type': <class 'alex.applications.AlexOnTheBus.aotb_slu.AOTBSLU'>,
               <class 'alex.applications.AlexOnTheBus.aotb_slu.AOTBSLU'>: { 'cldb_fname': '/mnt/h/jurcicek/vystadial-git/alex/applications/AlexOnTheBus/data/database.py',
                                                                            'preprocessing_cls': <class 'alex.applications.AlexOnTheBus.aotb_preprocessing.AOTBSLUPreprocessing'>,
                                                                            'training': { 'models_dir': 'models'}}},
      'THub': { 'history_file': 'hub_history_thub.txt', 'history_length': 1000},
      'TTS': { 'Flite': { 'debug': False,
                          'preprocessing': '/mnt/h/jurcicek/vystadial-git/alex/resources/tts/prep_flite_en.cfg',
                          'voice': 'kal16'},
               'Google': { 'debug': False,
                           'language': 'en',
                           'preprocessing': '/mnt/h/jurcicek/vystadial-git/alex/resources/tts/prep_google_en.cfg'},
               'SpeechTech': { 'debug': True,
                               'login': 'filipjurcicek',
    # this line was removed since it included a password
                               'preprocessing': '/mnt/h/jurcicek/vystadial-git/alex/resources/tts/prep_speechtech_cs.cfg',
                               'voice': 'Iva210'},
               'VoiceRSS': { 'api_key': '3b6a9fca5d724b1c8ac34691586cdda1'},
               'VoiceRss': { 'language': 'en-gb',
                             'preprocessing': '/mnt/h/jurcicek/vystadial-git/alex/resources/tts/prep_voicerss_en.cfg'},
               'debug': True,
               'in_between_segments_silence': 0.1,
               'type': 'SpeechTech'},
      'VAD': { 'debug': False,
               'decision_frames_sil': 25,
               'decision_frames_speech': 10,
               'decision_non_speech_threshold': 0.2,
               'decision_speech_threshold': 0.7,
               'gmm': { 'ceplifter': 22,
                        'enormalise': True,
                        'filter_length': 5,
                        'frameshift': 160,
                        'framesize': 512,
                        'frontend': 'MFCC',
                        'hifreq': 3800,
                        'lofreq': 125,
                        'numceps': 12,
                        'numchans': 26,
                        'preemcoef': 0.97,
                        'sil_model': '/mnt/h/jurcicek/vystadial-git/alex/resources/vad/voip_en/vad_sil_sds_mfcc_m064_f100000.gmm',
                        'speech_model': '/mnt/h/jurcicek/vystadial-git/alex/resources/vad/voip_en/vad_speech_sds_mfcc_m064_f100000.gmm',
                        'useacc': True,
                        'usec0': False,
                        'usecmn': False,
                        'usedelta': True,
                        'usehamming': True,
                        'usepower': True,
                        'zmeansource': True},
               'power': { 'adaptation_frames': 30, 'threshold': 70, 'threshold_multiplier': 1.0},
               'speech_buffer_frames': 20,
               'type': 'gmm'},
      'VoipHub': { 'blacklist_for': 7200,
                   'call_db': u'/net/projects/vystadial/data/call-logs/2013-05-30-alex-aotb-prototype/new/call_db.pckl',
                   'hard_time_limit': 360,
                   'hard_turn_limit': 120,
                   'history_length': 1000,
                   'last_period_max_num_calls': 20,
                   'last_period_max_total_time': 1800,
                   'limit_reached_message': u'D\u011bkujeme za zavol\xe1n\xed, ale u\u017e jste volali hodn\u011b. Pros\xedm zavolejte pozd\u011bji. Na shledanou.',
                   'period': 172800,
                   'pid_file': u'/net/projects/vystadial/data/call-logs/2013-05-30-alex-aotb-prototype/new/vhub_live.pid',
                   'wait_time_before_calling_back': 10},
      'VoipIO': { 'allowed_hosts': '',
                  'allowed_phone_numbers': '(^[234567])',
                  'allowed_users': '(^[234567])',
                  'debug': True,
                  'domain': 'vystadial.ms.mff.cuni.cz',
                  'forbidden_hosts': '',
                  'forbidden_phone_number': '(^112$|^150$|^155$|^156$|^158$)',
                  'forbidden_users': '(^112$|^150$|^155$|^156$|^158$)',
    # this line was removed since it included a password
                  'pjsip_log_level': 3,
                  'reject_calls': False,
                  'user': '800899998'},
      'WebHub': { 'port': 8000},
      'corpustools': { 'get_jasr_confnets': { 'frame_size': 256, 'rt_ratio': 0.2}}}

2013-07-17-08-24-55.084308-CEST  VoipIO-1   : DEBUG      
    VoipIO::on_call_confirmed

2013-07-17-08-24-55.126461-CEST  MainProcess : INFO       
    #80168  Time: 2013-07-17-08-24-55.037754-CEST From: VoipIO     To: HUB        Command: call_connecting(remote_uri="776627836") 

2013-07-17-08-24-55.134707-CEST  MainProcess : INFO       
    #80169  Time: 2013-07-17-08-24-55.085795-CEST From: VoipIO     To: HUB        Command: call_confirmed(remote_uri="776627836") 

2013-07-17-08-24-55.158812-CEST  MainProcess : INFO       
    
    ========================================================================================================================
    Incoming call from :          776627836
    ------------------------------------------------------------------------------------------------------------------------
    Total calls:                  0
    Total time (min):             0.0
    Last period total calls:      0
    Last period total time (min): 0.0
    ------------------------------------------------------------------------------------------------------------------------
    CALL ACCEPTED
    ========================================================================================================================
    

2013-07-17-08-24-55.163621-CEST  DM-5       : DEBUG      
    #80173  Time: 2013-07-17-08-24-55.155464-CEST From: HUB        To: DM         Command: new_dialogue() 

2013-07-17-08-24-55.180613-CEST  DM-5       : DEBUG      
    DM Output
    ------------------------------------------------------------
    hello()
    

2013-07-17-08-24-55.192173-CEST  MainProcess : INFO       
    #80178  Time: 2013-07-17-08-24-55.187356-CEST From: DM         To: HUB        DA: hello() 

2013-07-17-08-24-55.200741-CEST  NLG-6      : DEBUG      
    #80179  Time: 2013-07-17-08-24-55.194759-CEST From: HUB        To: NLG        DA: hello() 

2013-07-17-08-24-55.205167-CEST  NLG-6      : DEBUG      
    NLG Output
    ------------------------------------------------------------
    Dobrý den. Tato experimentální služba je poskytována laboratoří výzkumu hlasových dialogových systémů na Ústavu Formální a Aplikované Lingvistiky na Karlově Univerzitě. Hovor je nahráván. Více informací o této službě je na internetu. Jak Vám mohu pomoci. Můžete například říct chtěl bych jet ze zastávky poliklinika Barrandov .
    

2013-07-17-08-24-55.218094-CEST  MainProcess : INFO       
    #80180  Time: 2013-07-17-08-24-55.212652-CEST From: NLG        To: HUB        Command: nlg_text_generated() 

2013-07-17-08-24-55.223517-CEST  MainProcess : INFO       
    #80182  Time: 2013-07-17-08-24-55.214853-CEST From: TTS        To: HUB        Command: tts_start(user_id="None",text="Dobrý den. Tato experimentální služba je poskytována laboratoří výzkumu hlasových dialogových systémů na Ústavu Formální a Aplikované Lingvistiky na Karlově Univerzitě. Hovor je nahráván. Více informací o této službě je na internetu. Jak Vám mohu pomoci. Můžete například říct chtěl bych jet ze zastávky poliklinika Barrandov .") 

2013-07-17-08-24-55.241792-CEST  MainProcess : INFO       
    #80184  Time: 2013-07-17-08-24-55.219480-CEST From: VoipIO     To: HUB        Command: play_utterance_start(user_id="None",fname="tts-2013-07-17-08-24-55.214620.wav") 

2013-07-17-08-24-55.772468-CEST  MainProcess : INFO       
    #81725  Time: 2013-07-17-08-24-55.763638-CEST From: TTS        To: HUB        Command: tts_end(user_id="None",text="Dobrý den. Tato experimentální služba je poskytována laboratoří výzkumu hlasových dialogových systémů na Ústavu Formální a Aplikované Lingvistiky na Karlově Univerzitě. Hovor je nahráván. Více informací o této službě je na internetu. Jak Vám mohu pomoci. Můžete například říct chtěl bych jet ze zastávky poliklinika Barrandov .",fname="tts-2013-07-17-08-24-55.214620.wav",log="true") 

2013-07-17-08-25-19.249179-CEST  MainProcess : INFO       
    #83170  Time: 2013-07-17-08-25-18.863572-CEST From: VoipIO     To: HUB        Command: play_utterance_end(user_id="None",fname="tts-2013-07-17-08-24-55.214620.wav) 

2013-07-17-08-25-22.223718-CEST  MainProcess : INFO       
    #83380  Time: 2013-07-17-08-25-22.217487-CEST From: VAD        To: HUB        Command: speech_start(fname="vad-2013-07-17-08-25-22.201781.wav") 

2013-07-17-08-25-22.228773-CEST  ASR-3      : DEBUG      
    ASR: speech_start(fname="vad-2013-07-17-08-25-22.201781.wav")

2013-07-17-08-25-22.233666-CEST  MainProcess : INFO       
    #83381  Time: 2013-07-17-08-25-22.219621-CEST From: ASR        To: HUB        Command: asr_start(fname="vad-2013-07-17-08-25-22.201781.wav") 

2013-07-17-08-25-24.204068-CEST  MainProcess : INFO       
    #83507  Time: 2013-07-17-08-25-24.199343-CEST From: VAD        To: HUB        Command: speech_end(fname="vad-2013-07-17-08-25-22.201781.wav") 

2013-07-17-08-25-24.208572-CEST  ASR-3      : DEBUG      
    ASR: speech_end(fname="vad-2013-07-17-08-25-22.201781.wav")

2013-07-17-08-25-24.788011-CEST  ASR-3      : DEBUG      
    ASR Hypothesis
    ------------------------------------------------------------
    0.665 chtěl bych je do stávky kobylisy
    0.033 chtěl bych jet do stávky kobylisy
    0.032 chtěl bych tě do stávky kobylisy
    0.030 chtěl bych do stávky kobylisy
    0.028 chtěl bych jedno stávky kobylisy
    0.026 chtěl bych se dostat kobylisy
    0.025 chtěl bych jít do stávky kobylisy
    0.023 chtěl bych stávky kobylisy
    0.021 chtěl bych jeden stávky kobylisy
    0.019 chtěl bych zůstat kobylisy
    0.018 chtěl bych zastavit kobylisy
    0.016 chtěl bych je do stávky kobylisy i
    0.014 chtěl bich stávky kobylisy
    0.012 chtěl bych tě stávky kobylisy
    0.011 chtěl bych jet do stávky kobylisy i
    0.009 chtěl bych je do stávky kobylisy a
    0.007 chtěl bych tě do stávky kobylisy i
    0.005 chtěl bych je do stávky kobylisy v
    0.004 chtěl bych je do stávky kobylisy e
    0.002 chtěl bych do stávky kobylisy i
    0.000 __other__
    

2013-07-17-08-25-24.810359-CEST  MainProcess : INFO       
    #83547  Time: 2013-07-17-08-25-24.805979-CEST From: ASR        To: HUB        Command: asr_end(fname="vad-2013-07-17-08-25-22.201781.wav") 

2013-07-17-08-25-25.751970-CEST  SLU-4      : DEBUG      
    SLU Hypothesis
    ------------------------------------------------------------
    0.838 inform(to_stop="Kobylisy")
    0.162 inform(="Kobylisy")
    

2013-07-17-08-25-25.763377-CEST  MainProcess : INFO       
    #83607  Time: 2013-07-17-08-25-25.760118-CEST From: SLU        To: HUB        Command: slu_parsed(fname="vad-2013-07-17-08-25-22.201781.wav") 

2013-07-17-08-25-25.767216-CEST  DM-5       : DEBUG      
    DDDState Dialogue Act in: inform(to_stop="Kobylisy")

2013-07-17-08-25-25.770788-CEST  DM-5       : DEBUG      
    Context Resolution - Dialogue Act: inform(to_stop="Kobylisy")

2013-07-17-08-25-25.774245-CEST  DM-5       : DEBUG      
    DDDState - Dialogue state content:
    
    ludait = none
    silence_time = 0.0
    to_stop = Kobylisy
    
    
    
    

2013-07-17-08-25-25.777709-CEST  DM-5       : DEBUG      
    DDDState - Dialogue state update
    
    Requested slots:
    {}
    Confirmed slots:
    {}
    Non-informed slots:
    {u'to_stop': u'Kobylisy', u'silence_time': 0.0}

2013-07-17-08-25-25.802015-CEST  DM-5       : DEBUG      
    DM Output
    ------------------------------------------------------------
    iconfirm(to_stop="Kobylisy")&request(from_stop)
    

2013-07-17-08-25-25.813225-CEST  MainProcess : INFO       
    #83612  Time: 2013-07-17-08-25-25.810184-CEST From: DM         To: HUB        DA: iconfirm(to_stop="Kobylisy")&request(from_stop) 

2013-07-17-08-25-25.821154-CEST  NLG-6      : DEBUG      
    #83613  Time: 2013-07-17-08-25-25.815919-CEST From: HUB        To: NLG        DA: iconfirm(to_stop="Kobylisy")&request(from_stop) 

2013-07-17-08-25-25.825061-CEST  NLG-6      : DEBUG      
    NLG Output
    ------------------------------------------------------------
    Do zastávky Kobylisy. Z jaké zastávky chcete jet?
    

2013-07-17-08-25-25.837406-CEST  MainProcess : INFO       
    #83618  Time: 2013-07-17-08-25-25.833597-CEST From: NLG        To: HUB        Command: nlg_text_generated() 

2013-07-17-08-25-25.841077-CEST  MainProcess : INFO       
    #83620  Time: 2013-07-17-08-25-25.834155-CEST From: TTS        To: HUB        Command: tts_start(user_id="None",text="Do zastávky Kobylisy. Z jaké zastávky chcete jet?") 

2013-07-17-08-25-25.853042-CEST  MainProcess : INFO       
    #83622  Time: 2013-07-17-08-25-25.836017-CEST From: VoipIO     To: HUB        Command: play_utterance_start(user_id="None",fname="tts-2013-07-17-08-25-25.833963.wav") 

2013-07-17-08-25-26.958720-CEST  MainProcess : INFO       
    #83961  Time: 2013-07-17-08-25-26.952356-CEST From: TTS        To: HUB        Command: tts_end(user_id="None",text="Do zastávky Kobylisy. Z jaké zastávky chcete jet?",fname="tts-2013-07-17-08-25-25.833963.wav",log="true") 

2013-07-17-08-25-31.154800-CEST  MainProcess : INFO       
    #84194  Time: 2013-07-17-08-25-30.664826-CEST From: VoipIO     To: HUB        Command: play_utterance_end(user_id="None",fname="tts-2013-07-17-08-25-25.833963.wav) 

2013-07-17-08-25-32.667319-CEST  MainProcess : INFO       
    #84320  Time: 2013-07-17-08-25-32.661527-CEST From: VAD        To: HUB        Command: speech_start(fname="vad-2013-07-17-08-25-32.628717.wav") 

2013-07-17-08-25-32.672695-CEST  ASR-3      : DEBUG      
    ASR: speech_start(fname="vad-2013-07-17-08-25-32.628717.wav")

2013-07-17-08-25-32.677526-CEST  MainProcess : INFO       
    #84321  Time: 2013-07-17-08-25-32.663440-CEST From: ASR        To: HUB        Command: asr_start(fname="vad-2013-07-17-08-25-32.628717.wav") 

2013-07-17-08-25-34.087222-CEST  ASR-3      : DEBUG      
    ASR: speech_end(fname="vad-2013-07-17-08-25-32.628717.wav")

2013-07-17-08-25-34.092450-CEST  MainProcess : INFO       
    #84412  Time: 2013-07-17-08-25-34.083073-CEST From: VAD        To: HUB        Command: speech_end(fname="vad-2013-07-17-08-25-32.628717.wav") 

2013-07-17-08-25-34.679891-CEST  ASR-3      : DEBUG      
    ASR Hypothesis
    ------------------------------------------------------------
    0.676 zastávky florenc
    0.050 florenc
    0.046 zastávky florenci
    0.041 zastávky lorenc
    0.037 zastávky florencie
    0.033 lopatky florenc
    0.029 zastávka florenc
    0.025 lorenc
    0.021 zopa florenc
    0.017 taky florenc
    0.012 zastávky v florenc
    0.008 ropa florenc
    0.004 florencie
    0.000 __other__
    

2013-07-17-08-25-34.704347-CEST  MainProcess : INFO       
    #84452  Time: 2013-07-17-08-25-34.698347-CEST From: ASR        To: HUB        Command: asr_end(fname="vad-2013-07-17-08-25-32.628717.wav") 

2013-07-17-08-25-35.442600-CEST  SLU-4      : DEBUG      
    SLU Hypothesis
    ------------------------------------------------------------
    0.892 inform(="Florenc")
    0.108 other()
    

2013-07-17-08-25-35.466049-CEST  MainProcess : INFO       
    #84502  Time: 2013-07-17-08-25-35.461969-CEST From: SLU        To: HUB        Command: slu_parsed(fname="vad-2013-07-17-08-25-32.628717.wav") 

2013-07-17-08-25-35.470499-CEST  DM-5       : DEBUG      
    DDDState Dialogue Act in: inform(="Florenc")

2013-07-17-08-25-35.475465-CEST  DM-5       : DEBUG      
    Context Resolution - Dialogue Act: inform(from_stop="Florenc")&inform(="Florenc")

2013-07-17-08-25-35.479910-CEST  DM-5       : DEBUG      
    DDDState - Dialogue state content:
    
    ludait = none
    alternative = none
    from_centre = none
    from_stop = Florenc
    silence_time = 0.0
    to_stop = Kobylisy
    
    rh_to_stop = system-informed
    
    ch_to_stop = system-informed
    
    sh_to_stop = system-informed
    

2013-07-17-08-25-35.484780-CEST  DM-5       : DEBUG      
    DDDState - Dialogue state update
    
    Requested slots:
    {}
    Confirmed slots:
    {}
    Non-informed slots:
    {u'silence_time': 0.0, u'from_stop': u'Florenc'}

2013-07-17-08-25-35.917410-CEST  DM-5       : DEBUG      
    DM Output
    ------------------------------------------------------------
    iconfirm(from_stop="Florenc")&inform(found_directions="true")&inform(alternative="1")&inform(vehicle="SUBWAY")&inform(line="C")&inform(go_at="08:26")&inform(enter_at="Florenc - C")&inform(headsign="Letňany")&inform(exit_at="Kobylisy")
    

2013-07-17-08-25-35.942778-CEST  MainProcess : INFO       
    #84533  Time: 2013-07-17-08-25-35.937186-CEST From: DM         To: HUB        DA: iconfirm(from_stop="Florenc")&inform(found_directions="true")&inform(alternative="1")&inform(vehicle="SUBWAY")&inform(line="C")&inform(go_at="08:26")&inform(enter_at="Florenc - C")&inform(headsign="Letňany")&inform(exit_at="Kobylisy") 

2013-07-17-08-25-35.951300-CEST  NLG-6      : DEBUG      
    #84536  Time: 2013-07-17-08-25-35.945191-CEST From: HUB        To: NLG        DA: iconfirm(from_stop="Florenc")&inform(found_directions="true")&inform(alternative="1")&inform(vehicle="SUBWAY")&inform(line="C")&inform(go_at="08:26")&inform(enter_at="Florenc - C")&inform(headsign="Letňany")&inform(exit_at="Kobylisy") 

2013-07-17-08-25-36.050706-CEST  NLG-6      : DEBUG      
    NLG Output
    ------------------------------------------------------------
    Chcete jet ze zastávky Florenc. Našla jsem následující spojení. Možnost první. Jeďte metrem C v 08:26 ze zastávky Florenc - C směrem Letňany. Vystupte na zastávce Kobylisy.
    

2013-07-17-08-25-36.076784-CEST  MainProcess : INFO       
    #84544  Time: 2013-07-17-08-25-36.071355-CEST From: NLG        To: HUB        Command: nlg_text_generated() 

2013-07-17-08-25-36.083968-CEST  MainProcess : INFO       
    #84548  Time: 2013-07-17-08-25-36.078391-CEST From: TTS        To: HUB        Command: tts_start(user_id="None",text="Chcete jet ze zastávky Florenc. Našla jsem následující spojení. Možnost první. Jeďte metrem C v 08:26 ze zastávky Florenc - C směrem Letňany. Vystupte na zastávce Kobylisy.") 

2013-07-17-08-25-36.113135-CEST  MainProcess : INFO       
    #84550  Time: 2013-07-17-08-25-36.081346-CEST From: VoipIO     To: HUB        Command: play_utterance_start(user_id="None",fname="tts-2013-07-17-08-25-36.073462.wav") 

2013-07-17-08-25-39.970818-CEST  MainProcess : INFO       
    #85760  Time: 2013-07-17-08-25-39.957067-CEST From: TTS        To: HUB        Command: tts_end(user_id="None",text="Chcete jet ze zastávky Florenc. Našla jsem následující spojení. Možnost první. Jeďte metrem C v 08:26 ze zastávky Florenc - C směrem Letňany. Vystupte na zastávce Kobylisy.",fname="tts-2013-07-17-08-25-36.073462.wav",log="true") 

2013-07-17-08-25-52.465192-CEST  MainProcess : INFO       
    #86509  Time: 2013-07-17-08-25-51.917564-CEST From: VoipIO     To: HUB        Command: play_utterance_end(user_id="None",fname="tts-2013-07-17-08-25-36.073462.wav) 

2013-07-17-08-25-55.472631-CEST  DM-5       : DEBUG      
    #86734  Time: 2013-07-17-08-25-55.466845-CEST From: HUB        To: DM         Command: timeout(silence_time="3.000") 

2013-07-17-08-25-55.477186-CEST  DM-5       : DEBUG      
    DDDState Dialogue Act in: silence(time="3.000")

2013-07-17-08-25-55.481708-CEST  DM-5       : DEBUG      
    Context Resolution - Dialogue Act: silence(time="3.000")

2013-07-17-08-25-55.486668-CEST  DM-5       : DEBUG      
    DDDState - Dialogue state content:
    
    ludait = silence
    alternative = none
    from_centre = none
    from_stop = Florenc
    route_alternative = 0
    silence_time = 3.0
    time = none
    to_stop = Kobylisy
    
    rh_alternative = system-informed
    rh_enter_at = system-informed
    rh_exit_at = system-informed
    rh_found_directions = system-informed
    rh_from_stop = system-informed
    rh_go_at = system-informed
    rh_headsign = system-informed
    rh_line = system-informed
    rh_to_stop = system-informed
    rh_vehicle = system-informed
    
    ch_alternative = system-informed
    ch_enter_at = system-informed
    ch_exit_at = system-informed
    ch_found_directions = system-informed
    ch_from_stop = system-informed
    ch_go_at = system-informed
    ch_headsign = system-informed
    ch_line = system-informed
    ch_to_stop = system-informed
    ch_vehicle = system-informed
    
    sh_alternative = system-informed
    sh_enter_at = system-informed
    sh_exit_at = system-informed
    sh_found_directions = system-informed
    sh_from_stop = system-informed
    sh_go_at = system-informed
    sh_headsign = system-informed
    sh_line = system-informed
    sh_to_stop = system-informed
    sh_vehicle = system-informed
    

2013-07-17-08-25-55.491514-CEST  DM-5       : DEBUG      
    DDDState - Dialogue state update
    
    Requested slots:
    {}
    Confirmed slots:
    {}
    Non-informed slots:
    {u'route_alternative': 0, u'silence_time': 3.0}

2013-07-17-08-25-55.496074-CEST  DM-5       : DEBUG      
    DM Output
    ------------------------------------------------------------
    silence()
    

2013-07-17-08-25-55.544459-CEST  MainProcess : INFO       
    #86739  Time: 2013-07-17-08-25-55.540255-CEST From: DM         To: HUB        DA: silence() 

2013-07-17-08-25-55.949331-CEST  ASR-3      : DEBUG      
    ASR: speech_start(fname="vad-2013-07-17-08-25-55.904965.wav")

2013-07-17-08-25-55.954375-CEST  MainProcess : INFO       
    #86765  Time: 2013-07-17-08-25-55.944885-CEST From: VAD        To: HUB        Command: speech_start(fname="vad-2013-07-17-08-25-55.904965.wav") 

2013-07-17-08-25-55.961941-CEST  MainProcess : INFO       
    #86766  Time: 2013-07-17-08-25-55.945372-CEST From: ASR        To: HUB        Command: asr_start(fname="vad-2013-07-17-08-25-55.904965.wav") 

2013-07-17-08-25-57.747505-CEST  ASR-3      : DEBUG      
    ASR: speech_end(fname="vad-2013-07-17-08-25-55.904965.wav")

2013-07-17-08-25-57.752844-CEST  MainProcess : INFO       
    #86880  Time: 2013-07-17-08-25-57.743498-CEST From: VAD        To: HUB        Command: speech_end(fname="vad-2013-07-17-08-25-55.904965.wav") 

2013-07-17-08-25-58.392587-CEST  ASR-3      : DEBUG      
    ASR Hypothesis
    ------------------------------------------------------------
    0.746 další prosím
    0.064 ahoj další prosím
    0.054 prosím
    0.045 číslo prosím
    0.036 ahoj prosím
    0.027 další prosím tě
    0.018 ahoj číslo prosím
    0.009 ah další prosím
    0.000 __other__
    

2013-07-17-08-25-58.430469-CEST  MainProcess : INFO       
    #86925  Time: 2013-07-17-08-25-58.425675-CEST From: ASR        To: HUB        Command: asr_end(fname="vad-2013-07-17-08-25-55.904965.wav") 

2013-07-17-08-25-59.079909-CEST  SLU-4      : DEBUG      
    SLU Hypothesis
    ------------------------------------------------------------
    0.846 reqalts()
    0.118 hello()
    0.100 other()
    

2013-07-17-08-25-59.112648-CEST  MainProcess : INFO       
    #86969  Time: 2013-07-17-08-25-59.106939-CEST From: SLU        To: HUB        Command: slu_parsed(fname="vad-2013-07-17-08-25-55.904965.wav") 

2013-07-17-08-25-59.117675-CEST  DM-5       : DEBUG      
    DDDState Dialogue Act in: reqalts()

2013-07-17-08-25-59.123100-CEST  DM-5       : DEBUG      
    Context Resolution - Dialogue Act: reqalts()

2013-07-17-08-25-59.128171-CEST  DM-5       : DEBUG      
    DDDState - Dialogue state content:
    
    ludait = reqalts
    alternative = none
    from_centre = none
    from_stop = Florenc
    route_alternative = 0
    silence_time = 0.0
    time = none
    to_stop = Kobylisy
    
    rh_alternative = system-informed
    rh_enter_at = system-informed
    rh_exit_at = system-informed
    rh_found_directions = system-informed
    rh_from_stop = system-informed
    rh_go_at = system-informed
    rh_headsign = system-informed
    rh_line = system-informed
    rh_to_stop = system-informed
    rh_vehicle = system-informed
    
    ch_alternative = system-informed
    ch_enter_at = system-informed
    ch_exit_at = system-informed
    ch_found_directions = system-informed
    ch_from_stop = system-informed
    ch_go_at = system-informed
    ch_headsign = system-informed
    ch_line = system-informed
    ch_to_stop = system-informed
    ch_vehicle = system-informed
    
    sh_alternative = system-informed
    sh_enter_at = system-informed
    sh_exit_at = system-informed
    sh_found_directions = system-informed
    sh_from_stop = system-informed
    sh_go_at = system-informed
    sh_headsign = system-informed
    sh_line = system-informed
    sh_to_stop = system-informed
    sh_vehicle = system-informed
    

2013-07-17-08-25-59.134253-CEST  DM-5       : DEBUG      
    DDDState - Dialogue state update
    
    Requested slots:
    {}
    Confirmed slots:
    {}
    Non-informed slots:
    {u'route_alternative': 0, u'silence_time': 0.0}

2013-07-17-08-25-59.408515-CEST  DM-5       : DEBUG      
    DM Output
    ------------------------------------------------------------
    inform(found_directions="true")&inform(alternative="2")&inform(vehicle="SUBWAY")&inform(line="C")&inform(go_at="08:30")&inform(enter_at="Florenc - C")&inform(headsign="Ládví")&inform(exit_at="Kobylisy")
    

2013-07-17-08-25-59.449972-CEST  MainProcess : INFO       
    #86993  Time: 2013-07-17-08-25-59.443532-CEST From: DM         To: HUB        DA: inform(found_directions="true")&inform(alternative="2")&inform(vehicle="SUBWAY")&inform(line="C")&inform(go_at="08:30")&inform(enter_at="Florenc - C")&inform(headsign="Ládví")&inform(exit_at="Kobylisy") 

2013-07-17-08-25-59.457793-CEST  NLG-6      : DEBUG      
    #86994  Time: 2013-07-17-08-25-59.452834-CEST From: HUB        To: NLG        DA: inform(found_directions="true")&inform(alternative="2")&inform(vehicle="SUBWAY")&inform(line="C")&inform(go_at="08:30")&inform(enter_at="Florenc - C")&inform(headsign="Ládví")&inform(exit_at="Kobylisy") 

2013-07-17-08-25-59.537658-CEST  NLG-6      : DEBUG      
    NLG Output
    ------------------------------------------------------------
    Našla jsem následující spojení. Možnost druhá. Jeďte metrem C v 08:30 ze zastávky Florenc - C směrem Ládví. Vystupte na zastávce Kobylisy.
    

2013-07-17-08-25-59.571210-CEST  MainProcess : INFO       
    #87003  Time: 2013-07-17-08-25-59.567234-CEST From: NLG        To: HUB        Command: nlg_text_generated() 

2013-07-17-08-25-59.578088-CEST  MainProcess : INFO       
    #87005  Time: 2013-07-17-08-25-59.572663-CEST From: TTS        To: HUB        Command: tts_start(user_id="None",text="Našla jsem následující spojení. Možnost druhá. Jeďte metrem C v 08:30 ze zastávky Florenc - C směrem Ládví. Vystupte na zastávce Kobylisy.") 

2013-07-17-08-25-59.622233-CEST  MainProcess : INFO       
    #87007  Time: 2013-07-17-08-25-59.576289-CEST From: VoipIO     To: HUB        Command: play_utterance_start(user_id="None",fname="tts-2013-07-17-08-25-59.569297.wav") 

2013-07-17-08-26-00.972473-CEST  MainProcess : INFO       
    #87891  Time: 2013-07-17-08-26-00.962151-CEST From: TTS        To: HUB        Command: tts_end(user_id="None",text="Našla jsem následující spojení. Možnost druhá. Jeďte metrem C v 08:30 ze zastávky Florenc - C směrem Ládví. Vystupte na zastávce Kobylisy.",fname="tts-2013-07-17-08-25-59.569297.wav",log="true") 

2013-07-17-08-26-12.310487-CEST  MainProcess : INFO       
    #88603  Time: 2013-07-17-08-26-12.302697-CEST From: VoipIO     To: HUB        Command: play_utterance_end(user_id="None",fname="tts-2013-07-17-08-25-59.569297.wav) 

2013-07-17-08-26-14.301464-CEST  MainProcess : INFO       
    #88729  Time: 2013-07-17-08-26-14.296548-CEST From: VAD        To: HUB        Command: speech_start(fname="vad-2013-07-17-08-26-14.231874.wav") 

2013-07-17-08-26-14.306691-CEST  ASR-3      : DEBUG      
    ASR: speech_start(fname="vad-2013-07-17-08-26-14.231874.wav")

2013-07-17-08-26-14.311804-CEST  MainProcess : INFO       
    #88730  Time: 2013-07-17-08-26-14.298691-CEST From: ASR        To: HUB        Command: asr_start(fname="vad-2013-07-17-08-26-14.231874.wav") 

2013-07-17-08-26-15.426456-CEST  ASR-3      : DEBUG      
    ASR: speech_end(fname="vad-2013-07-17-08-26-14.231874.wav")

2013-07-17-08-26-15.431500-CEST  MainProcess : INFO       
    #88801  Time: 2013-07-17-08-26-15.422039-CEST From: VAD        To: HUB        Command: speech_end(fname="vad-2013-07-17-08-26-14.231874.wav") 

2013-07-17-08-26-16.011307-CEST  ASR-3      : DEBUG      
    ASR Hypothesis
    ------------------------------------------------------------
    1.000 __silence__
    0.000 __other__
    

2013-07-17-08-26-16.059081-CEST  MainProcess : INFO       
    #88841  Time: 2013-07-17-08-26-16.054174-CEST From: ASR        To: HUB        Command: asr_end(fname="vad-2013-07-17-08-26-14.231874.wav") 

2013-07-17-08-26-16.063870-CEST  SLU-4      : DEBUG      
    SLU Hypothesis
    ------------------------------------------------------------
    1.000 silence()
    

2013-07-17-08-26-16.117088-CEST  DM-5       : DEBUG      
    DDDState Dialogue Act in: silence()

2013-07-17-08-26-16.121811-CEST  MainProcess : INFO       
    #88847  Time: 2013-07-17-08-26-16.112243-CEST From: SLU        To: HUB        Command: slu_parsed(fname="vad-2013-07-17-08-26-14.231874.wav") 

2013-07-17-08-26-16.126073-CEST  DM-5       : DEBUG      
    Context Resolution - Dialogue Act: silence()

2013-07-17-08-26-16.131830-CEST  DM-5       : DEBUG      
    DDDState - Dialogue state content:
    
    ludait = silence
    alternative = none
    from_centre = none
    from_stop = Florenc
    route_alternative = 1
    silence_time = 0.0
    time = none
    to_stop = Kobylisy
    
    rh_alternative = system-informed
    rh_enter_at = system-informed
    rh_exit_at = system-informed
    rh_found_directions = system-informed
    rh_from_stop = system-informed
    rh_go_at = system-informed
    rh_headsign = system-informed
    rh_line = system-informed
    rh_to_stop = system-informed
    rh_vehicle = system-informed
    
    ch_alternative = system-informed
    ch_enter_at = system-informed
    ch_exit_at = system-informed
    ch_found_directions = system-informed
    ch_from_stop = system-informed
    ch_go_at = system-informed
    ch_headsign = system-informed
    ch_line = system-informed
    ch_to_stop = system-informed
    ch_vehicle = system-informed
    
    sh_alternative = system-informed
    sh_enter_at = system-informed
    sh_exit_at = system-informed
    sh_found_directions = system-informed
    sh_from_stop = system-informed
    sh_go_at = system-informed
    sh_headsign = system-informed
    sh_line = system-informed
    sh_to_stop = system-informed
    sh_vehicle = system-informed
    

2013-07-17-08-26-16.137584-CEST  DM-5       : DEBUG      
    DDDState - Dialogue state update
    
    Requested slots:
    {}
    Confirmed slots:
    {}
    Non-informed slots:
    {u'route_alternative': 1, u'silence_time': 0.0}

2013-07-17-08-26-16.226810-CEST  DM-5       : DEBUG      
    DM Output
    ------------------------------------------------------------
    silence()
    

2013-07-17-08-26-16.282367-CEST  MainProcess : INFO       
    #88861  Time: 2013-07-17-08-26-16.277989-CEST From: DM         To: HUB        DA: silence() 

2013-07-17-08-26-18.439747-CEST  DM-5       : DEBUG      
    #88996  Time: 2013-07-17-08-26-18.433885-CEST From: HUB        To: DM         Command: timeout(silence_time="3.001") 

2013-07-17-08-26-18.445007-CEST  DM-5       : DEBUG      
    DDDState Dialogue Act in: silence(time="3.001")

2013-07-17-08-26-18.450402-CEST  DM-5       : DEBUG      
    Context Resolution - Dialogue Act: silence(time="3.001")

2013-07-17-08-26-18.456096-CEST  DM-5       : DEBUG      
    DDDState - Dialogue state content:
    
    ludait = silence
    alternative = none
    from_centre = none
    from_stop = Florenc
    route_alternative = 1
    silence_time = 3.001
    time = none
    to_stop = Kobylisy
    
    rh_alternative = system-informed
    rh_enter_at = system-informed
    rh_exit_at = system-informed
    rh_found_directions = system-informed
    rh_from_stop = system-informed
    rh_go_at = system-informed
    rh_headsign = system-informed
    rh_line = system-informed
    rh_to_stop = system-informed
    rh_vehicle = system-informed
    
    ch_alternative = system-informed
    ch_enter_at = system-informed
    ch_exit_at = system-informed
    ch_found_directions = system-informed
    ch_from_stop = system-informed
    ch_go_at = system-informed
    ch_headsign = system-informed
    ch_line = system-informed
    ch_to_stop = system-informed
    ch_vehicle = system-informed
    
    sh_alternative = system-informed
    sh_enter_at = system-informed
    sh_exit_at = system-informed
    sh_found_directions = system-informed
    sh_from_stop = system-informed
    sh_go_at = system-informed
    sh_headsign = system-informed
    sh_line = system-informed
    sh_to_stop = system-informed
    sh_vehicle = system-informed
    

2013-07-17-08-26-18.462027-CEST  DM-5       : DEBUG      
    DDDState - Dialogue state update
    
    Requested slots:
    {}
    Confirmed slots:
    {}
    Non-informed slots:
    {u'route_alternative': 1, u'silence_time': 3.001}

2013-07-17-08-26-18.467311-CEST  DM-5       : DEBUG      
    DM Output
    ------------------------------------------------------------
    silence()
    

2013-07-17-08-26-18.567879-CEST  MainProcess : INFO       
    #89005  Time: 2013-07-17-08-26-18.562496-CEST From: DM         To: HUB        DA: silence() 

2013-07-17-08-26-21.442475-CEST  DM-5       : DEBUG      
    #89184  Time: 2013-07-17-08-26-21.435622-CEST From: HUB        To: DM         Command: timeout(silence_time="6.003") 

2013-07-17-08-26-21.447126-CEST  DM-5       : DEBUG      
    DDDState Dialogue Act in: silence(time="6.003")

2013-07-17-08-26-21.451592-CEST  DM-5       : DEBUG      
    Context Resolution - Dialogue Act: silence(time="6.003")

2013-07-17-08-26-21.456802-CEST  DM-5       : DEBUG      
    DDDState - Dialogue state content:
    
    ludait = silence
    alternative = none
    from_centre = none
    from_stop = Florenc
    route_alternative = 1
    silence_time = 6.003
    time = none
    to_stop = Kobylisy
    
    rh_alternative = system-informed
    rh_enter_at = system-informed
    rh_exit_at = system-informed
    rh_found_directions = system-informed
    rh_from_stop = system-informed
    rh_go_at = system-informed
    rh_headsign = system-informed
    rh_line = system-informed
    rh_to_stop = system-informed
    rh_vehicle = system-informed
    
    ch_alternative = system-informed
    ch_enter_at = system-informed
    ch_exit_at = system-informed
    ch_found_directions = system-informed
    ch_from_stop = system-informed
    ch_go_at = system-informed
    ch_headsign = system-informed
    ch_line = system-informed
    ch_to_stop = system-informed
    ch_vehicle = system-informed
    
    sh_alternative = system-informed
    sh_enter_at = system-informed
    sh_exit_at = system-informed
    sh_found_directions = system-informed
    sh_from_stop = system-informed
    sh_go_at = system-informed
    sh_headsign = system-informed
    sh_line = system-informed
    sh_to_stop = system-informed
    sh_vehicle = system-informed
    

2013-07-17-08-26-21.461439-CEST  DM-5       : DEBUG      
    DDDState - Dialogue state update
    
    Requested slots:
    {}
    Confirmed slots:
    {}
    Non-informed slots:
    {u'route_alternative': 1, u'silence_time': 6.003}

2013-07-17-08-26-21.465996-CEST  DM-5       : DEBUG      
    DM Output
    ------------------------------------------------------------
    silence()
    

2013-07-17-08-26-21.548591-CEST  MainProcess : INFO       
    #89193  Time: 2013-07-17-08-26-21.544353-CEST From: DM         To: HUB        DA: silence() 

2013-07-17-08-26-23.796051-CEST  VoipIO-1   : DEBUG      
    CallCallback::on_state : Call with "776627836" <sip:776627836@195.113.20.160> is DISCONNCTD last code = 200 (Normal call clearing)

2013-07-17-08-26-23.901653-CEST  VoipIO-1   : DEBUG      
    VoipIO::on_call_disconnected

2013-07-17-08-26-23.907113-CEST  MainProcess : INFO       
    #89334  Time: 2013-07-17-08-26-23.902803-CEST From: VoipIO     To: HUB        Command: call_disconnected(remote_uri="776627836") 

