2013-06-15-13-08-46.938787-CEST  VoipIO-1   : DEBUG      
    CallCallback::on_media_state : Media is now active

2013-06-15-13-08-46.945957-CEST  VoipIO-1   : DEBUG      
    CallCallback::on_state : Call with "777805048" <sip:777805048@195.113.20.160> is CONNECTING last code = 200 (OK)

2013-06-15-13-08-46.949821-CEST  MainProcess : SYSTEM-LOG 
    config = { 'ASR': { 'Google': { 'debug': False, 'language': 'cs', 'maxresults': 20},
               'Julius': { 'adinnetport': 5530,
                           'binary': '/usr/local/bin/julius',
                           'debug': False,
                           'hostname': 'localhost',
                           'jconf': { '-adport': '5530',
                                      '-b': '1000',
                                      '-b2': '100',
                                      '-cmnload': 'cmn.param',
                                      '-cmnmapweight': '200',
                                      '-cmnsave': 'cmn.param',
                                      '-confnet': '',
                                      '-fallback1pass': '',
                                      '-gprune': 'safe',
                                      '-h': '/mnt/h/jurcicek/vystadial-git/alex/resources/asr/voip_en/hmmdefs',
                                      '-hlist': '/mnt/h/jurcicek/vystadial-git/alex/resources/asr/voip_en/tiedlist',
                                      '-htkconf': '/mnt/h/jurcicek/vystadial-git/alex/resources/asr/voip_en/config',
                                      '-input': 'adinnet',
                                      '-iwsp': '',
                                      '-iwsppenalty': '0.0',
                                      '-lmp': '15.0 0.0',
                                      '-lmp2': '15.0 0.0',
                                      '-mapunk': 'UM',
                                      '-module': '10500',
                                      '-n': '50',
                                      '-nlr': '/mnt/h/jurcicek/vystadial-git/alex/resources/lm/caminfo/julius_arpa_bigram',
                                      '-no_ccd': '',
                                      '-nrl': '/mnt/h/jurcicek/vystadial-git/alex/resources/lm/caminfo/julius_arpa_rev_bigram',
                                      '-silhead': '<s>',
                                      '-siltail': '</s>',
                                      '-spmodel': 'sp',
                                      '-tmix': '4',
                                      '-v': '/mnt/h/jurcicek/vystadial-git/alex/resources/lm/caminfo/julius_dict'},
                           'jconffile': 'julius.jconf',
                           'killall': False,
                           'logfile': 'julius.log',
                           'msg_timeout': 0.3,
                           'pidfile': 'julius.pid',
                           'reuse_server': False,
                           'serverport': 10500,
                           'start_max_wait_time': 15,
                           'start_wait_time': 0.5,
                           'timeout': 2.0},
               'debug': True,
               'type': 'Google'},
      'AlexOnTheBus': { 'max_turns': 30},
      'Audio': { 'sample_rate': 16000, 'samples_per_frame': 256},
      'AudioIO': { 'debug': True, 'output_dir': './aio_call_log', 'play_buffer_size': 1024},
      'DM': { 'PUfalRuleDM': { 'code_submit_url': None,
                               'db_cfg': '/mnt/h/jurcicek/vystadial-git/alex/resources/../applications/CamInfoRest/cued_data/CIRdbase_V7_noloc.txt',
                               'ontology': '/mnt/h/jurcicek/vystadial-git/alex/resources/../applications/CamInfoRest/ontology.cfg',
                               'provide_code': False},
              'UfalRuleDM': { 'code_submit_url': None,
                              'db_cfg': '/mnt/h/jurcicek/vystadial-git/alex/resources/../applications/CamInfoRest/cued_data/CIRdbase_V7_noloc.txt',
                              'ontology': '/mnt/h/jurcicek/vystadial-git/alex/resources/../applications/CamInfoRest/ontology.cfg',
                              'provide_code': False},
              'basic': { 'debug': True},
              'debug': True,
              'dialogue_policy': { 'type': <class 'alex.applications.AlexOnTheBus.aotb_hdc_policy.AOTBHDCPolicy'>},
              'dialogue_state': { 'type': <class 'alex.components.dm.dddstate.DeterministicDiscriminativeDialogueState'>},
              'ontology': '/mnt/h/jurcicek/vystadial-git/alex/applications/AlexOnTheBus/data/ontology.py',
              'type': 'basic'},
      'General': { 'include': ['/mnt/h/jurcicek/vystadial-git/alex/resources/private/default.cfg']},
      'Hub': { 'history_file': 'hub_history_hub.txt', 'history_length': 1000, 'main_loop_sleep_time': 0.005},
      'Logging': { 'session_logger': SessionLogger(),
                   'system_logger': SystemLogger(stdout_log_level='ERROR', stdout=True, file_log_level='ERROR', output_dir=/net/projects/vystadial/data/call-logs/2013-05-30-alex-aotb-prototype),
                   'system_name': 'Alex On The Bus - Live',
                   'version': '1.0'},
      'NLG': { 'Template': { 'model': '/mnt/h/jurcicek/vystadial-git/alex/applications/AlexOnTheBus/nlg_templates.cfg'},
               'debug': True,
               'type': 'Template'},
      'SHub': { 'history_file': 'hub_history_shub.txt', 'history_length': 1000},
      'SLU': { 'cl-tracing': { 'cldb_fname': '/mnt/h/jurcicek/vystadial-git/alex/resources/../applications/CamInfoRest/data/database.py',
                               'do_preprocessing': True,
                               'features_type': ('ngram',),
                               'testing': { 'max_examples': None,
                                            'min_perc': 80,
                                            'model_fname': '/mnt/h/jurcicek/vystadial-git/alex/resources/../applications/CamInfoRest/models/130516_minf60-minfc35-mind60.slu_model.gz',
                                            'renormalise': True,
                                            'threshold': None,
                                            'vanilla': True},
                               'training': { 'models_dir': 'models'}},
               'debug': True,
               'type': <class 'alex.applications.AlexOnTheBus.aotb_slu.AOTBSLU'>,
               <class 'alex.applications.AlexOnTheBus.aotb_slu.AOTBSLU'>: { 'cldb_fname': '/mnt/h/jurcicek/vystadial-git/alex/applications/AlexOnTheBus/data/database.py',
                                                                            'preprocessing_cls': <class 'alex.applications.AlexOnTheBus.aotb_preprocessing.AOTBSLUPreprocessing'>,
                                                                            'training': { 'models_dir': 'models'}}},
      'THub': { 'history_file': 'hub_history_thub.txt', 'history_length': 1000},
      'TTS': { 'Flite': { 'debug': False, 'voice': 'kal16'},
               'Google': { 'debug': False, 'language': 'en'},
               'SpeechTech': { 'debug': True,
                               'login': 'filipjurcicek',
    # this line was removed since it included a password
                               'voice': 'Iva210'},
               'VoiceRSS': { 'api_key': '3b6a9fca5d724b1c8ac34691586cdda1', 'language': 'en-gb'},
               'debug': True,
               'type': 'SpeechTech'},
      'VAD': { 'debug': False,
               'decision_frames_sil': 25,
               'decision_frames_speech': 10,
               'decision_non_speech_threshold': 0.2,
               'decision_speech_threshold': 0.7,
               'gmm': { 'ceplifter': 22,
                        'enormalise': True,
                        'filter_length': 5,
                        'frameshift': 160,
                        'framesize': 512,
                        'frontend': 'MFCC',
                        'hifreq': 3800,
                        'lofreq': 125,
                        'numceps': 12,
                        'numchans': 26,
                        'preemcoef': 0.97,
                        'sil_model': '/mnt/h/jurcicek/vystadial-git/alex/resources/vad/voip_en/vad_sil_sds_mfcc_m064_f100000.gmm',
                        'speech_model': '/mnt/h/jurcicek/vystadial-git/alex/resources/vad/voip_en/vad_speech_sds_mfcc_m064_f100000.gmm',
                        'useacc': True,
                        'usec0': False,
                        'usecmn': False,
                        'usedelta': True,
                        'usehamming': True,
                        'usepower': True,
                        'zmeansource': True},
               'power': { 'adaptation_frames': 30, 'threshold': 70, 'threshold_multiplier': 1.0},
               'speech_buffer_frames': 20,
               'type': 'gmm'},
      'VoipHub': { 'hard_time_limit': 360,
                   'hard_turn_limit': 40,
                   'history_length': 1000,
                   'wait_time_before_calling_back': 10},
      'VoipIO': { 'allowed_hosts': '',
                  'allowed_phone_numbers': '(^[234567])',
                  'allowed_users': '(^[234567])',
                  'debug': True,
                  'domain': 'vystadial.ms.mff.cuni.cz',
                  'forbidden_hosts': '',
                  'forbidden_phone_number': '(^112$|^150$|^155$|^156$|^158$)',
                  'forbidden_users': '(^112$|^150$|^155$|^156$|^158$)',
    # this line was removed since it included a password
                  'pjsip_log_level': 3,
                  'reject_calls': False,
                  'user': '800899998'},
      'WebHub': { 'port': 8000}}
    

2013-06-15-13-08-46.958056-CEST  VoipIO-1   : DEBUG      
    VoipIO::on_call_connecting

2013-06-15-13-08-46.965952-CEST  MainProcess : INFO       
    From: VoipIO     To: HUB        Command: incoming_call(remote_uri="777805048") 

2013-06-15-13-08-46.973938-CEST  VoipIO-1   : DEBUG      
    CallCallback::on_state : Call with "777805048" <sip:777805048@195.113.20.160> is CONFIRMED last code = 200 (OK)

2013-06-15-13-08-47.025554-CEST  VoipIO-1   : DEBUG      
    VoipIO::on_call_confirmed

2013-06-15-13-08-47.047646-CEST  MainProcess : INFO       
    From: VoipIO     To: HUB        Command: call_connecting(remote_uri="777805048") 

2013-06-15-13-08-47.060575-CEST  MainProcess : INFO       
    From: VoipIO     To: HUB        Command: call_confirmed(remote_uri="777805048") 

2013-06-15-13-08-47.072166-CEST  DM-5       : DEBUG      
    From: HUB        To: DM         Command: new_dialogue() 

2013-06-15-13-08-47.079555-CEST  DM-5       : DEBUG      
    DM Output
    ------------------------------------------------------------
    hello()
    

2013-06-15-13-08-47.104137-CEST  MainProcess : INFO       
    From: DM         To: HUB        Command: dm_da_generated() 

2013-06-15-13-08-47.111153-CEST  NLG-6      : DEBUG      
    NLG Output
    ------------------------------------------------------------
    Dobrý den. Hovor je nahráván. Více informací o této službě je na internetu. Jak Vám mohu pomoci. 
    

2013-06-15-13-08-47.133649-CEST  MainProcess : INFO       
    From: NLG        To: HUB        Command: nlg_text_generated() 

2013-06-15-13-08-47.141111-CEST  MainProcess : INFO       
    From: TTS        To: HUB        Command: tts_start(user_id="None",text="Dobrý den. Hovor je nahráván. Více informací o této službě je na internetu. Jak Vám mohu pomoci. ") 

2013-06-15-13-08-47.155735-CEST  MainProcess : INFO       
    From: VoipIO     To: HUB        Command: play_utterance_start(user_id="None",fname="tts-2013-06-15-13-08-47.122157.wav") 

2013-06-15-13-08-47.763766-CEST  MainProcess : INFO       
    From: TTS        To: HUB        Command: tts_end(user_id="None",text="Dobrý den. Hovor je nahráván. Více informací o této službě je na internetu. Jak Vám mohu pomoci. ",fname="tts-2013-06-15-13-08-47.122157.wav") 

2013-06-15-13-08-57.217903-CEST  MainProcess : INFO       
    From: VoipIO     To: HUB        Command: play_utterance_end(user_id="None",fname="tts-2013-06-15-13-08-47.122157.wav) 

2013-06-15-13-08-58.005259-CEST  ASR-3      : DEBUG      
    ASR: speech_start()

2013-06-15-13-08-58.012007-CEST  MainProcess : INFO       
    From: VAD        To: HUB        Command: speech_start(fname="vad-2013-06-15-13-08-57.981180.wav") 

2013-06-15-13-08-58.019619-CEST  MainProcess : INFO       
    From: ASR        To: HUB        Command: asr_start() 

2013-06-15-13-08-58.887575-CEST  MainProcess : INFO       
    From: VAD        To: HUB        Command: speech_end(fname="vad-2013-06-15-13-08-57.981180.wav") 

2013-06-15-13-08-58.894190-CEST  ASR-3      : DEBUG      
    ASR: speech_end()

2013-06-15-13-08-59.456480-CEST  ASR-3      : DEBUG      
    ASR Hypothesis
    ------------------------------------------------------------
    0.386 nashledanou
    0.153 na shledanou
    0.132 naschledanou
    0.110 nashledanou a
    0.088 na hledanou
    0.066 na shledanou a
    0.044 naschledanou a
    0.022 na hledanou a
    0.000 __other__
    

2013-06-15-13-08-59.476095-CEST  MainProcess : INFO       
    From: ASR        To: HUB        Command: asr_end() 

2013-06-15-13-08-59.812207-CEST  SLU-4      : DEBUG      
    SLU Hypothesis
    ------------------------------------------------------------
    0.825 bye()
    0.175 other()
    

2013-06-15-13-08-59.831081-CEST  MainProcess : INFO       
    From: SLU        To: HUB        Command: slu_parsed() 

2013-06-15-13-08-59.838871-CEST  DM-5       : DEBUG      
    DDDState Dialogue Act in: bye()

2013-06-15-13-08-59.846073-CEST  DM-5       : DEBUG      
    Context Resolution - Dialogue Act: bye()

2013-06-15-13-08-59.854214-CEST  DM-5       : DEBUG      
    DDDState - Dialogue state content:
    
    lda = bye
    
    
    
    

2013-06-15-13-08-59.862052-CEST  DM-5       : DEBUG      
    DDDState
    
    Requested slots:
    {}
    Confirmed slots:
    {}
    Non-informed slots:
    {}

2013-06-15-13-08-59.869683-CEST  DM-5       : DEBUG      
    DM Output
    ------------------------------------------------------------
    bye()
    

2013-06-15-13-08-59.900299-CEST  MainProcess : INFO       
    From: DM         To: HUB        Command: dm_da_generated() 

2013-06-15-13-08-59.907755-CEST  NLG-6      : DEBUG      
    NLG Output
    ------------------------------------------------------------
    Děkujeme za zavolání. Na shledanou.
    

2013-06-15-13-08-59.915923-CEST  MainProcess : INFO       
    From: DM         To: HUB        Command: hangup() 

2013-06-15-13-08-59.935286-CEST  MainProcess : INFO       
    From: NLG        To: HUB        Command: nlg_text_generated() 

2013-06-15-13-08-59.943781-CEST  MainProcess : INFO       
    From: TTS        To: HUB        Command: tts_start(user_id="None",text="Děkujeme za zavolání. Na shledanou.") 

2013-06-15-13-08-59.959019-CEST  MainProcess : INFO       
    From: VoipIO     To: HUB        Command: play_utterance_start(user_id="None",fname="tts-2013-06-15-13-08-59.920638.wav") 

2013-06-15-13-08-59.981258-CEST  MainProcess : INFO       
    From: TTS        To: HUB        Command: tts_end(user_id="None",text="Děkujeme za zavolání. Na shledanou.",fname="tts-2013-06-15-13-08-59.920638.wav") 

2013-06-15-13-09-04.199152-CEST  MainProcess : INFO       
    From: VoipIO     To: HUB        Command: play_utterance_end(user_id="None",fname="tts-2013-06-15-13-08-59.920638.wav) 

2013-06-15-13-09-06.217241-CEST  VoipIO-1   : DEBUG      
    From: HUB        To: VoipIO     Command: hangup() 

2013-06-15-13-09-06.224990-CEST  VoipIO-1   : DEBUG      
    Hangup the call

2013-06-15-13-09-06.271215-CEST  VoipIO-1   : DEBUG      
    CallCallback::on_state : Call with "777805048" <sip:777805048@195.113.20.160> is DISCONNCTD last code = 603 ()

2013-06-15-13-09-06.409214-CEST  VoipIO-1   : DEBUG      
    VoipIO::on_call_disconnected

2013-06-15-13-09-06.418946-CEST  MainProcess : INFO       
    From: VoipIO     To: HUB        Command: call_disconnected(remote_uri="777805048") 

2013-06-15-13-09-06.426685-CEST  TTS-7      : DEBUG      
    From: HUB        To: TTS        Command: flush() 

2013-06-15-13-09-06.434080-CEST  DM-5       : DEBUG      
    From: HUB        To: DM         Command: flush() 

2013-06-15-13-09-06.441566-CEST  NLG-6      : DEBUG      
    From: HUB        To: NLG        Command: flush() 

2013-06-15-13-09-06.449192-CEST  ASR-3      : DEBUG      
    From: HUB        To: ASR        Command: flush() 

2013-06-15-13-09-06.456079-CEST  SLU-4      : DEBUG      
    From: HUB        To: SLU        Command: flush() 

2013-06-15-13-09-06.463551-CEST  VoipIO-1   : DEBUG      
    From: HUB        To: VoipIO     Command: flush() 

2013-06-15-13-09-06.471300-CEST  DM-5       : DEBUG      
    From: HUB        To: DM         Command: end_dialogue() 

