2013-06-18-09-00-37.971724-CEST  VoipIO-1   : DEBUG      
    CallCallback::on_media_state : Media is now active

2013-06-18-09-00-37.979291-CEST  VoipIO-1   : DEBUG      
    CallCallback::on_state : Call with "777805048" <sip:777805048@195.113.20.160> is CONNECTING last code = 200 (OK)

2013-06-18-09-00-37.983414-CEST  MainProcess : SYSTEM-LOG 
    config = { 'ASR': { 'Google': { 'debug': False, 'language': 'cs', 'maxresults': 20},
               'Julius': { 'adinnetport': 5530,
                           'binary': '/usr/local/bin/julius',
                           'debug': False,
                           'hostname': 'localhost',
                           'jconf': { '-adport': '5530',
                                      '-b': '1000',
                                      '-b2': '100',
                                      '-cmnload': 'cmn.param',
                                      '-cmnmapweight': '200',
                                      '-cmnsave': 'cmn.param',
                                      '-confnet': '',
                                      '-fallback1pass': '',
                                      '-gprune': 'safe',
                                      '-h': '/mnt/h/jurcicek/vystadial-git/alex/resources/asr/voip_en/hmmdefs',
                                      '-hlist': '/mnt/h/jurcicek/vystadial-git/alex/resources/asr/voip_en/tiedlist',
                                      '-htkconf': '/mnt/h/jurcicek/vystadial-git/alex/resources/asr/voip_en/config',
                                      '-input': 'adinnet',
                                      '-iwsp': '',
                                      '-iwsppenalty': '0.0',
                                      '-lmp': '15.0 0.0',
                                      '-lmp2': '15.0 0.0',
                                      '-mapunk': 'UM',
                                      '-module': '10500',
                                      '-n': '50',
                                      '-nlr': '/mnt/h/jurcicek/vystadial-git/alex/resources/lm/caminfo/julius_arpa_bigram',
                                      '-no_ccd': '',
                                      '-nrl': '/mnt/h/jurcicek/vystadial-git/alex/resources/lm/caminfo/julius_arpa_rev_bigram',
                                      '-silhead': '<s>',
                                      '-siltail': '</s>',
                                      '-spmodel': 'sp',
                                      '-tmix': '4',
                                      '-v': '/mnt/h/jurcicek/vystadial-git/alex/resources/lm/caminfo/julius_dict'},
                           'jconffile': 'julius.jconf',
                           'killall': False,
                           'logfile': 'julius.log',
                           'msg_timeout': 0.3,
                           'pidfile': 'julius.pid',
                           'reuse_server': False,
                           'serverport': 10500,
                           'start_max_wait_time': 15,
                           'start_wait_time': 0.5,
                           'timeout': 2.0},
               'debug': True,
               'type': 'Google'},
      'AlexOnTheBus': { 'max_turns': 30},
      'Audio': { 'sample_rate': 16000, 'samples_per_frame': 256},
      'AudioIO': { 'debug': True, 'output_dir': './aio_call_log', 'play_buffer_size': 1024},
      'DM': { 'PUfalRuleDM': { 'code_submit_url': None,
                               'db_cfg': '/mnt/h/jurcicek/vystadial-git/alex/resources/../applications/CamInfoRest/cued_data/CIRdbase_V7_noloc.txt',
                               'ontology': '/mnt/h/jurcicek/vystadial-git/alex/resources/../applications/CamInfoRest/ontology.cfg',
                               'provide_code': False},
              'UfalRuleDM': { 'code_submit_url': None,
                              'db_cfg': '/mnt/h/jurcicek/vystadial-git/alex/resources/../applications/CamInfoRest/cued_data/CIRdbase_V7_noloc.txt',
                              'ontology': '/mnt/h/jurcicek/vystadial-git/alex/resources/../applications/CamInfoRest/ontology.cfg',
                              'provide_code': False},
              'basic': { 'debug': True},
              'debug': True,
              'dialogue_policy': { 'type': <class 'alex.applications.AlexOnTheBus.aotb_hdc_policy.AOTBHDCPolicy'>},
              'dialogue_state': { 'type': <class 'alex.components.dm.dddstate.DeterministicDiscriminativeDialogueState'>},
              'ontology': '/mnt/h/jurcicek/vystadial-git/alex/applications/AlexOnTheBus/data/ontology.py',
              'type': 'basic'},
      'General': { 'include': ['/mnt/h/jurcicek/vystadial-git/alex/resources/private/default.cfg']},
      'Hub': { 'history_file': 'hub_history_hub.txt', 'history_length': 1000, 'main_loop_sleep_time': 0.005},
      'Logging': { 'session_logger': SessionLogger(),
                   'system_logger': SystemLogger(stdout_log_level='ERROR', stdout=True, file_log_level='ERROR', output_dir=/net/projects/vystadial/data/call-logs/2013-05-30-alex-aotb-prototype),
                   'system_name': 'Alex On The Bus - Live',
                   'version': '1.0'},
      'NLG': { 'Template': { 'model': '/mnt/h/jurcicek/vystadial-git/alex/applications/AlexOnTheBus/nlg_templates.cfg'},
               'debug': True,
               'type': 'Template'},
      'SHub': { 'history_file': 'hub_history_shub.txt', 'history_length': 1000},
      'SLU': { 'cl-tracing': { 'cldb_fname': '/mnt/h/jurcicek/vystadial-git/alex/resources/../applications/CamInfoRest/data/database.py',
                               'do_preprocessing': True,
                               'features_type': ('ngram',),
                               'testing': { 'max_examples': None,
                                            'min_perc': 80,
                                            'model_fname': '/mnt/h/jurcicek/vystadial-git/alex/resources/../applications/CamInfoRest/models/130516_minf60-minfc35-mind60.slu_model.gz',
                                            'renormalise': True,
                                            'threshold': None,
                                            'vanilla': True},
                               'training': { 'models_dir': 'models'}},
               'debug': True,
               'type': <class 'alex.applications.AlexOnTheBus.aotb_slu.AOTBSLU'>,
               <class 'alex.applications.AlexOnTheBus.aotb_slu.AOTBSLU'>: { 'cldb_fname': '/mnt/h/jurcicek/vystadial-git/alex/applications/AlexOnTheBus/data/database.py',
                                                                            'preprocessing_cls': <class 'alex.applications.AlexOnTheBus.aotb_preprocessing.AOTBSLUPreprocessing'>,
                                                                            'training': { 'models_dir': 'models'}}},
      'THub': { 'history_file': 'hub_history_thub.txt', 'history_length': 1000},
      'TTS': { 'Flite': { 'debug': False,
                          'preprocessing': '/mnt/h/jurcicek/vystadial-git/alex/resources/tts/prep_flite_en.cfg',
                          'voice': 'kal16'},
               'Google': { 'debug': False,
                           'language': 'en',
                           'preprocessing': '/mnt/h/jurcicek/vystadial-git/alex/resources/tts/prep_google_en.cfg'},
               'SpeechTech': { 'debug': True,
                               'login': 'filipjurcicek',
    # this line was removed since it included a password
                               'preprocessing': '/mnt/h/jurcicek/vystadial-git/alex/resources/tts/prep_speechtech_cs.cfg',
                               'voice': 'Iva210'},
               'VoiceRSS': { 'api_key': '3b6a9fca5d724b1c8ac34691586cdda1'},
               'VoiceRss': { 'language': 'en-gb',
                             'preprocessing': '/mnt/h/jurcicek/vystadial-git/alex/resources/tts/prep_voicerss_en.cfg'},
               'debug': True,
               'type': 'SpeechTech'},
      'VAD': { 'debug': False,
               'decision_frames_sil': 25,
               'decision_frames_speech': 10,
               'decision_non_speech_threshold': 0.2,
               'decision_speech_threshold': 0.7,
               'gmm': { 'ceplifter': 22,
                        'enormalise': True,
                        'filter_length': 5,
                        'frameshift': 160,
                        'framesize': 512,
                        'frontend': 'MFCC',
                        'hifreq': 3800,
                        'lofreq': 125,
                        'numceps': 12,
                        'numchans': 26,
                        'preemcoef': 0.97,
                        'sil_model': '/mnt/h/jurcicek/vystadial-git/alex/resources/vad/voip_en/vad_sil_sds_mfcc_m064_f100000.gmm',
                        'speech_model': '/mnt/h/jurcicek/vystadial-git/alex/resources/vad/voip_en/vad_speech_sds_mfcc_m064_f100000.gmm',
                        'useacc': True,
                        'usec0': False,
                        'usecmn': False,
                        'usedelta': True,
                        'usehamming': True,
                        'usepower': True,
                        'zmeansource': True},
               'power': { 'adaptation_frames': 30, 'threshold': 70, 'threshold_multiplier': 1.0},
               'speech_buffer_frames': 20,
               'type': 'gmm'},
      'VoipHub': { 'blacklist_for': 7200,
                   'call_db': '/mnt/h/jurcicek/vystadial-git/alex/applications/AlexOnTheBus/call_db.pckl',
                   'hard_time_limit': 360,
                   'hard_turn_limit': 40,
                   'history_length': 1000,
                   'last_period_max_num_calls': 100,
                   'last_period_max_total_time': 1800,
                   'limit_reached_message': u'D\u011bkujeme za zavol\xe1n\xed, ale u\u017e jste volali hodn\u011b. Pros\xedm zavolejte pozd\u011bji. Na shledanou.',
                   'period': 172800,
                   'wait_time_before_calling_back': 10},
      'VoipIO': { 'allowed_hosts': '',
                  'allowed_phone_numbers': '(^[234567])',
                  'allowed_users': '(^[234567])',
                  'debug': True,
                  'domain': 'vystadial.ms.mff.cuni.cz',
                  'forbidden_hosts': '',
                  'forbidden_phone_number': '(^112$|^150$|^155$|^156$|^158$)',
                  'forbidden_users': '(^112$|^150$|^155$|^156$|^158$)',
    # this line was removed since it included a password
                  'pjsip_log_level': 3,
                  'reject_calls': False,
                  'user': '800899998'},
      'WebHub': { 'port': 8000}}
    

2013-06-18-09-00-37.992078-CEST  VoipIO-1   : DEBUG      
    VoipIO::on_call_connecting

2013-06-18-09-00-38.000152-CEST  MainProcess : INFO       
    From: VoipIO     To: HUB        Command: incoming_call(remote_uri="777805048") 

2013-06-18-09-00-38.007687-CEST  VoipIO-1   : DEBUG      
    CallCallback::on_state : Call with "777805048" <sip:777805048@195.113.20.160> is CONFIRMED last code = 200 (OK)

2013-06-18-09-00-38.043199-CEST  VoipIO-1   : DEBUG      
    VoipIO::on_call_confirmed

2013-06-18-09-00-38.085131-CEST  MainProcess : INFO       
    From: VoipIO     To: HUB        Command: call_connecting(remote_uri="777805048") 

2013-06-18-09-00-38.098950-CEST  MainProcess : INFO       
    From: VoipIO     To: HUB        Command: call_confirmed(remote_uri="777805048") 

2013-06-18-09-00-38.107581-CEST  MainProcess : INFO       
    
    ========================================================================================================================
    Incoming call from :          777805048
    ------------------------------------------------------------------------------------------------------------------------
    Total calls:                  4
    Total time (min):             7.8
    Last period total calls:      4
    Last period total time (min): 7.8
    ------------------------------------------------------------------------------------------------------------------------
    CALL ACCEPTED
    ========================================================================================================================
    

2013-06-18-09-00-38.116016-CEST  DM-5       : DEBUG      
    From: HUB        To: DM         Command: new_dialogue() 

2013-06-18-09-00-38.124192-CEST  DM-5       : DEBUG      
    DM Output
    ------------------------------------------------------------
    hello()
    

2013-06-18-09-00-38.159798-CEST  MainProcess : INFO       
    From: DM         To: HUB        Command: dm_da_generated() 

2013-06-18-09-00-38.168824-CEST  NLG-6      : DEBUG      
    NLG Output
    ------------------------------------------------------------
    Dobrý den, dovolali jste se na informace o veřejné dopravě v Praze. Hovor je nahráván. Více informací o této službě je na internetu. Jak Vám mohu pomoci. 
    

2013-06-18-09-00-38.199600-CEST  MainProcess : INFO       
    From: NLG        To: HUB        Command: nlg_text_generated() 

2013-06-18-09-00-38.206850-CEST  MainProcess : INFO       
    From: TTS        To: HUB        Command: tts_start(user_id="None",text="Dobrý den, dovolali jste se na informace o veřejné dopravě v Praze. Hovor je nahráván. Více informací o této službě je na internetu. Jak Vám mohu pomoci. ") 

2013-06-18-09-00-38.329286-CEST  MainProcess : INFO       
    From: VoipIO     To: HUB        Command: play_utterance_start(user_id="None",fname="tts-2013-06-18-09-00-38.188357.wav") 

2013-06-18-09-00-38.383422-CEST  MainProcess : INFO       
    From: TTS        To: HUB        Command: tts_end(user_id="None",text="Dobrý den, dovolali jste se na informace o veřejné dopravě v Praze. Hovor je nahráván. Více informací o této službě je na internetu. Jak Vám mohu pomoci. ",fname="tts-2013-06-18-09-00-38.188357.wav") 

2013-06-18-09-00-52.141625-CEST  MainProcess : INFO       
    From: VoipIO     To: HUB        Command: play_utterance_end(user_id="None",fname="tts-2013-06-18-09-00-38.188357.wav) 

2013-06-18-09-00-53.514141-CEST  MainProcess : INFO       
    From: VAD        To: HUB        Command: speech_start(fname="vad-2013-06-18-09-00-53.479890.wav") 

2013-06-18-09-00-53.521583-CEST  MainProcess : INFO       
    From: ASR        To: HUB        Command: asr_start() 

2013-06-18-09-00-53.529635-CEST  ASR-3      : DEBUG      
    ASR: speech_start()

2013-06-18-09-00-54.904772-CEST  ASR-3      : DEBUG      
    ASR: speech_end()

2013-06-18-09-00-54.911890-CEST  MainProcess : INFO       
    From: VAD        To: HUB        Command: speech_end(fname="vad-2013-06-18-09-00-53.479890.wav") 

2013-06-18-09-00-55.434006-CEST  ASR-3      : DEBUG      
    ASR Hypothesis
    ------------------------------------------------------------
    0.769 chtěl bych začít dělat
    0.023 chtěl bych zájem dělat
    0.022 chtěl bych za ní dělat
    0.021 chtěl bych zajela
    0.019 chtěl bych zapomněla
    0.018 chtěl bych za ní děláš
    0.017 chtěl bych za ní dělá
    0.016 chtěl bych jak začít dělat
    0.015 chtěl bych za děláš
    0.013 chtěl bych jen za ní dělat
    0.012 chtěl bych jet za děláš
    0.011 chtěl bych jen za děláš
    0.010 chtěl bych jít za děláš
    0.009 chtěl bych vza děláš
    0.007 chtěl bych jen za ní děláš
    0.006 chtěl bych tě za děláš
    0.005 chtěl bych jen za ní dělá
    0.004 chtěla bych zájem dělat
    0.002 chtěla bych za ní dělat
    0.001 chtěl bych zadní děláš
    0.000 __other__
    

2013-06-18-09-00-55.463765-CEST  MainProcess : INFO       
    From: ASR        To: HUB        Command: asr_end() 

2013-06-18-09-00-56.746537-CEST  SLU-4      : DEBUG      
    SLU Hypothesis
    ------------------------------------------------------------
    1.000 other()
    

2013-06-18-09-00-56.778800-CEST  MainProcess : INFO       
    From: SLU        To: HUB        Command: slu_parsed() 

2013-06-18-09-00-56.786979-CEST  DM-5       : DEBUG      
    DDDState Dialogue Act in: other()

2013-06-18-09-00-56.795139-CEST  DM-5       : DEBUG      
    Context Resolution - Dialogue Act: other()

2013-06-18-09-00-56.803558-CEST  DM-5       : DEBUG      
    DDDState - Dialogue state content:
    
    lda = None
    
    
    
    

2013-06-18-09-00-56.811401-CEST  DM-5       : DEBUG      
    DDDState
    
    Requested slots:
    {}
    Confirmed slots:
    {}
    Non-informed slots:
    {}

2013-06-18-09-00-56.819479-CEST  DM-5       : DEBUG      
    DM Output
    ------------------------------------------------------------
    request(from_stop)
    

2013-06-18-09-00-56.892586-CEST  NLG-6      : DEBUG      
    NLG Output
    ------------------------------------------------------------
    Odkud chcete jet?
    

2013-06-18-09-00-56.901455-CEST  MainProcess : INFO       
    From: DM         To: HUB        Command: dm_da_generated() 

2013-06-18-09-00-56.922573-CEST  MainProcess : INFO       
    From: NLG        To: HUB        Command: nlg_text_generated() 

2013-06-18-09-00-56.930565-CEST  MainProcess : INFO       
    From: TTS        To: HUB        Command: tts_start(user_id="None",text="Odkud chcete jet?") 

2013-06-18-09-00-56.948573-CEST  MainProcess : INFO       
    From: VoipIO     To: HUB        Command: play_utterance_start(user_id="None",fname="tts-2013-06-18-09-00-56.907073.wav") 

2013-06-18-09-00-56.956118-CEST  MainProcess : INFO       
    From: TTS        To: HUB        Command: tts_end(user_id="None",text="Odkud chcete jet?",fname="tts-2013-06-18-09-00-56.907073.wav") 

2013-06-18-09-00-59.184782-CEST  MainProcess : INFO       
    From: VoipIO     To: HUB        Command: play_utterance_end(user_id="None",fname="tts-2013-06-18-09-00-56.907073.wav) 

2013-06-18-09-00-59.645599-CEST  MainProcess : INFO       
    From: VAD        To: HUB        Command: speech_start(fname="vad-2013-06-18-09-00-59.613582.wav") 

2013-06-18-09-00-59.653167-CEST  ASR-3      : DEBUG      
    ASR: speech_start()

2013-06-18-09-00-59.661817-CEST  MainProcess : INFO       
    From: ASR        To: HUB        Command: asr_start() 

2013-06-18-09-01-00.601493-CEST  ASR-3      : DEBUG      
    ASR: speech_end()

2013-06-18-09-01-00.608834-CEST  MainProcess : INFO       
    From: VAD        To: HUB        Command: speech_end(fname="vad-2013-06-18-09-00-59.613582.wav") 

2013-06-18-09-01-01.053918-CEST  ASR-3      : DEBUG      
    ASR Hypothesis
    ------------------------------------------------------------
    0.550 za anděla
    0.082 na anděla
    0.074 anděla
    0.065 na anděla a
    0.057 z anděla
    0.049 za anděla a
    0.041 za anděla i
    0.033 na anděla i
    0.025 zoo anděla
    0.016 v anděla
    0.008 ze anděla
    0.000 __other__
    

2013-06-18-09-01-01.079185-CEST  MainProcess : INFO       
    From: ASR        To: HUB        Command: asr_end() 

2013-06-18-09-01-01.564961-CEST  SLU-4      : DEBUG      
    SLU Hypothesis
    ------------------------------------------------------------
    0.706 inform(from_stop="Anděl")
    0.180 inform(to_stop="Anděl")
    0.115 inform(="Anděl")
    

2013-06-18-09-01-01.589438-CEST  MainProcess : INFO       
    From: SLU        To: HUB        Command: slu_parsed() 

2013-06-18-09-01-01.596817-CEST  DM-5       : DEBUG      
    DDDState Dialogue Act in: inform(from_stop="Anděl")

2013-06-18-09-01-01.604204-CEST  DM-5       : DEBUG      
    Context Resolution - Dialogue Act: inform(from_stop="Anděl")

2013-06-18-09-01-01.612310-CEST  DM-5       : DEBUG      
    DDDState - Dialogue state content:
    
    lda = None
    from_centre = None
    from_stop = Anděl
    time = None
    to_centre = None
    to_stop = None
    
    
    
    

2013-06-18-09-01-01.619963-CEST  DM-5       : DEBUG      
    DDDState
    
    Requested slots:
    {}
    Confirmed slots:
    {}
    Non-informed slots:
    {u'from_stop': u'And\u011bl'}

2013-06-18-09-01-01.627269-CEST  DM-5       : DEBUG      
    DM Output
    ------------------------------------------------------------
    iconfirm(from_stop="Anděl")&request(to_stop)
    

2013-06-18-09-01-01.663698-CEST  MainProcess : INFO       
    From: DM         To: HUB        Command: dm_da_generated() 

2013-06-18-09-01-01.670380-CEST  NLG-6      : DEBUG      
    NLG Output
    ------------------------------------------------------------
    Dobře, ze zastávky Anděl. Do jaké zastávky chcete jet?
    

2013-06-18-09-01-01.697652-CEST  MainProcess : INFO       
    From: NLG        To: HUB        Command: nlg_text_generated() 

2013-06-18-09-01-01.705178-CEST  MainProcess : INFO       
    From: TTS        To: HUB        Command: tts_start(user_id="None",text="Dobře, ze zastávky Anděl. Do jaké zastávky chcete jet?") 

2013-06-18-09-01-01.726191-CEST  MainProcess : INFO       
    From: VoipIO     To: HUB        Command: play_utterance_start(user_id="None",fname="tts-2013-06-18-09-01-01.687046.wav") 

2013-06-18-09-01-01.805855-CEST  MainProcess : INFO       
    From: TTS        To: HUB        Command: tts_end(user_id="None",text="Dobře, ze zastávky Anděl. Do jaké zastávky chcete jet?",fname="tts-2013-06-18-09-01-01.687046.wav") 

2013-06-18-09-01-07.694702-CEST  MainProcess : INFO       
    From: VoipIO     To: HUB        Command: play_utterance_end(user_id="None",fname="tts-2013-06-18-09-01-01.687046.wav) 

2013-06-18-09-01-08.241612-CEST  MainProcess : INFO       
    From: VAD        To: HUB        Command: speech_start(fname="vad-2013-06-18-09-01-08.200312.wav") 

2013-06-18-09-01-08.249269-CEST  ASR-3      : DEBUG      
    ASR: speech_start()

2013-06-18-09-01-08.256831-CEST  MainProcess : INFO       
    From: ASR        To: HUB        Command: asr_start() 

2013-06-18-09-01-09.879418-CEST  ASR-3      : DEBUG      
    ASR: speech_end()

2013-06-18-09-01-09.887279-CEST  MainProcess : INFO       
    From: VAD        To: HUB        Command: speech_end(fname="vad-2013-06-18-09-01-08.200312.wav") 

2013-06-18-09-01-10.265650-CEST  ASR-3      : DEBUG      
    ASR Hypothesis
    ------------------------------------------------------------
    0.763 na malostranské náměstí
    0.059 na malostranském náměstí
    0.051 malostranské náměstí
    0.042 na malostranské náměstí i
    0.034 na malostranské náměstí a
    0.025 malostranské náměstí i
    0.017 malostranské náměstí a
    0.008 na malostranském náměstí i
    0.000 __other__
    

2013-06-18-09-01-10.289883-CEST  MainProcess : INFO       
    From: ASR        To: HUB        Command: asr_end() 

2013-06-18-09-01-10.606292-CEST  SLU-4      : DEBUG      
    SLU Hypothesis
    ------------------------------------------------------------
    0.839 inform(to_stop="Malostranské náměstí")
    0.093 inform(="Malostranské náměstí")
    0.068 other()
    

2013-06-18-09-01-10.632172-CEST  DM-5       : DEBUG      
    DDDState Dialogue Act in: inform(to_stop="Malostranské náměstí")

2013-06-18-09-01-10.639964-CEST  MainProcess : INFO       
    From: SLU        To: HUB        Command: slu_parsed() 

2013-06-18-09-01-10.647525-CEST  DM-5       : DEBUG      
    Context Resolution - Dialogue Act: inform(to_stop="Malostranské náměstí")

2013-06-18-09-01-10.655633-CEST  DM-5       : DEBUG      
    DDDState - Dialogue state content:
    
    lda = None
    from_centre = None
    from_stop = Anděl
    time = None
    to_centre = None
    to_stop = Malostranské náměstí
    
    rh_from_stop = system-informed
    
    ch_from_stop = system-informed
    
    sh_from_stop = system-informed
    

2013-06-18-09-01-10.663768-CEST  DM-5       : DEBUG      
    DDDState
    
    Requested slots:
    {}
    Confirmed slots:
    {}
    Non-informed slots:
    {u'to_stop': u'Malostransk\xe9 n\xe1m\u011bst\xed'}

2013-06-18-09-01-10.976166-CEST  DM-5       : DEBUG      
    DM Output
    ------------------------------------------------------------
    iconfirm(to_stop="Malostranské náměstí")&inform(alternatives="4")&inform(alternative="1")&inform(vehicle="TRAM")&inform(line="12")&inform(go_at="09:01")&inform(enter_at="Anděl")&inform(headsign="Palmovka")&inform(exit_at="Malostranské náměstí")
    

2013-06-18-09-01-11.022404-CEST  MainProcess : INFO       
    From: DM         To: HUB        Command: dm_da_generated() 

2013-06-18-09-01-11.073068-CEST  NLG-6      : DEBUG      
    NLG Output
    ------------------------------------------------------------
    Do zastávky Malostranské náměstí. Našla jsem čtyři cesty. Možnost první. Jeďte tramvají číslo 12 v 09:01 ze zastávky Anděl směrem Palmovka. Vystupte na zastávce Malostranské náměstí.
    

2013-06-18-09-01-11.101502-CEST  MainProcess : INFO       
    From: NLG        To: HUB        Command: nlg_text_generated() 

2013-06-18-09-01-11.109513-CEST  MainProcess : INFO       
    From: TTS        To: HUB        Command: tts_start(user_id="None",text="Do zastávky Malostranské náměstí. Našla jsem čtyři cesty. Možnost první. Jeďte tramvají číslo 12 v 09:01 ze zastávky Anděl směrem Palmovka. Vystupte na zastávce Malostranské náměstí.") 

2013-06-18-09-01-11.135077-CEST  MainProcess : INFO       
    From: VoipIO     To: HUB        Command: play_utterance_start(user_id="None",fname="tts-2013-06-18-09-01-11.095180.wav") 

2013-06-18-09-01-12.535805-CEST  MainProcess : INFO       
    From: TTS        To: HUB        Command: tts_end(user_id="None",text="Do zastávky Malostranské náměstí. Našla jsem čtyři cesty. Možnost první. Jeďte tramvají číslo 12 v 09:01 ze zastávky Anděl směrem Palmovka. Vystupte na zastávce Malostranské náměstí.",fname="tts-2013-06-18-09-01-11.095180.wav") 

2013-06-18-09-01-30.006638-CEST  ASR-3      : DEBUG      
    ASR: speech_start()

2013-06-18-09-01-30.013263-CEST  MainProcess : INFO       
    From: VAD        To: HUB        Command: speech_start(fname="vad-2013-06-18-09-01-29.961563.wav") 

2013-06-18-09-01-30.037398-CEST  MainProcess : INFO       
    From: ASR        To: HUB        Command: asr_start() 

2013-06-18-09-01-30.044817-CEST  VoipIO-1   : DEBUG      
    From: HUB        To: VIO        Command: flush_out() 

2013-06-18-09-01-30.052713-CEST  MainProcess : INFO       
    From: VoipIO     To: HUB        Command: play_utterance_end(user_id="None",fname="tts-2013-06-18-09-01-11.095180.wav) 

2013-06-18-09-01-30.359537-CEST  ASR-3      : DEBUG      
    ASR: speech_end()

2013-06-18-09-01-30.366837-CEST  MainProcess : INFO       
    From: VAD        To: HUB        Command: speech_end(fname="vad-2013-06-18-09-01-29.961563.wav") 

2013-06-18-09-01-30.670548-CEST  ASR-3      : DEBUG      
    ASR Hypothesis
    ------------------------------------------------------------
    1.000 __other__
    

2013-06-18-09-01-30.698087-CEST  MainProcess : INFO       
    From: ASR        To: HUB        Command: asr_end() 

2013-06-18-09-01-30.706100-CEST  SLU-4      : DEBUG      
    SLU Hypothesis
    ------------------------------------------------------------
    1.000 other()
    

2013-06-18-09-01-30.736428-CEST  MainProcess : INFO       
    From: SLU        To: HUB        Command: slu_parsed() 

2013-06-18-09-01-30.744512-CEST  DM-5       : DEBUG      
    DDDState Dialogue Act in: other()

2013-06-18-09-01-30.752208-CEST  DM-5       : DEBUG      
    Context Resolution - Dialogue Act: other()

2013-06-18-09-01-30.760978-CEST  DM-5       : DEBUG      
    DDDState - Dialogue state content:
    
    lda = None
    from_centre = None
    from_stop = Anděl
    route_alternative = 0
    time = None
    to_centre = None
    to_stop = Malostranské náměstí
    
    rh_alternative = system-informed
    rh_alternatives = system-informed
    rh_enter_at = system-informed
    rh_exit_at = system-informed
    rh_from_stop = system-informed
    rh_go_at = system-informed
    rh_headsign = system-informed
    rh_line = system-informed
    rh_to_stop = system-informed
    rh_vehicle = system-informed
    
    ch_alternative = system-informed
    ch_alternatives = system-informed
    ch_enter_at = system-informed
    ch_exit_at = system-informed
    ch_from_stop = system-informed
    ch_go_at = system-informed
    ch_headsign = system-informed
    ch_line = system-informed
    ch_to_stop = system-informed
    ch_vehicle = system-informed
    
    sh_alternative = system-informed
    sh_alternatives = system-informed
    sh_enter_at = system-informed
    sh_exit_at = system-informed
    sh_from_stop = system-informed
    sh_go_at = system-informed
    sh_headsign = system-informed
    sh_line = system-informed
    sh_to_stop = system-informed
    sh_vehicle = system-informed
    

2013-06-18-09-01-30.769246-CEST  DM-5       : DEBUG      
    DDDState
    
    Requested slots:
    {}
    Confirmed slots:
    {}
    Non-informed slots:
    {u'route_alternative': 0}

2013-06-18-09-01-30.903306-CEST  DM-5       : DEBUG      
    DM Output
    ------------------------------------------------------------
    inform(alternatives="4")&inform(alternative="1")&inform(vehicle="TRAM")&inform(line="12")&inform(go_at="09:01")&inform(enter_at="Anděl")&inform(headsign="Palmovka")&inform(exit_at="Malostranské náměstí")
    

2013-06-18-09-01-30.950064-CEST  MainProcess : INFO       
    From: DM         To: HUB        Command: dm_da_generated() 

2013-06-18-09-01-30.985738-CEST  NLG-6      : DEBUG      
    NLG Output
    ------------------------------------------------------------
    Našla jsem čtyři cesty. Možnost první. Jeďte tramvají číslo 12 v 09:01 ze zastávky Anděl směrem Palmovka. Vystupte na zastávce Malostranské náměstí.
    

2013-06-18-09-01-31.023574-CEST  MainProcess : INFO       
    From: NLG        To: HUB        Command: nlg_text_generated() 

2013-06-18-09-01-31.031111-CEST  MainProcess : INFO       
    From: TTS        To: HUB        Command: tts_start(user_id="None",text="Našla jsem čtyři cesty. Možnost první. Jeďte tramvají číslo 12 v 09:01 ze zastávky Anděl směrem Palmovka. Vystupte na zastávce Malostranské náměstí.") 

2013-06-18-09-01-31.058828-CEST  MainProcess : INFO       
    From: VoipIO     To: HUB        Command: play_utterance_start(user_id="None",fname="tts-2013-06-18-09-01-31.006816.wav") 

2013-06-18-09-01-31.209872-CEST  MainProcess : INFO       
    From: TTS        To: HUB        Command: tts_end(user_id="None",text="Našla jsem čtyři cesty. Možnost první. Jeďte tramvají číslo 12 v 09:01 ze zastávky Anděl směrem Palmovka. Vystupte na zastávce Malostranské náměstí.",fname="tts-2013-06-18-09-01-31.006816.wav") 

2013-06-18-09-01-31.483465-CEST  ASR-3      : DEBUG      
    ASR: speech_start()

2013-06-18-09-01-31.490792-CEST  MainProcess : INFO       
    From: VAD        To: HUB        Command: speech_start(fname="vad-2013-06-18-09-01-31.433711.wav") 

2013-06-18-09-01-31.517497-CEST  MainProcess : INFO       
    From: ASR        To: HUB        Command: asr_start() 

2013-06-18-09-01-31.524435-CEST  VoipIO-1   : DEBUG      
    From: HUB        To: VIO        Command: flush_out() 

2013-06-18-09-01-32.671950-CEST  MainProcess : INFO       
    From: VAD        To: HUB        Command: speech_end(fname="vad-2013-06-18-09-01-31.433711.wav") 

2013-06-18-09-01-32.679249-CEST  ASR-3      : DEBUG      
    ASR: speech_end()

2013-06-18-09-01-33.235657-CEST  ASR-3      : DEBUG      
    ASR Hypothesis
    ------------------------------------------------------------
    0.574 kolik přestupků
    0.066 kolik přestupů
    0.060 kolik přeskoků
    0.055 kolín
    0.049 kolik
    0.044 kolik překlepů
    0.038 kolik roků
    0.033 v kolik přestupků
    0.027 v kolik přestupů
    0.022 v kolik přeskoků
    0.016 v kolik
    0.011 v kolik překlepů
    0.005 v kolik roků
    0.000 __other__
    

2013-06-18-09-01-33.269448-CEST  MainProcess : INFO       
    From: ASR        To: HUB        Command: asr_end() 

2013-06-18-09-01-33.342930-CEST  MainProcess : INFO       
    From: VAD        To: HUB        Command: speech_start(fname="vad-2013-06-18-09-01-33.294712.wav") 

2013-06-18-09-01-33.350076-CEST  MainProcess : INFO       
    From: ASR        To: HUB        Command: asr_start() 

2013-06-18-09-01-33.356841-CEST  ASR-3      : DEBUG      
    ASR: speech_start()

2013-06-18-09-01-33.834209-CEST  SLU-4      : DEBUG      
    SLU Hypothesis
    ------------------------------------------------------------
    0.907 other()
    0.093 request(num_transfers)
    

2013-06-18-09-01-33.873619-CEST  MainProcess : INFO       
    From: VAD        To: HUB        Command: speech_end(fname="vad-2013-06-18-09-01-33.294712.wav") 

2013-06-18-09-01-33.881297-CEST  ASR-3      : DEBUG      
    ASR: speech_end()

2013-06-18-09-01-33.900512-CEST  DM-5       : DEBUG      
    DDDState Dialogue Act in: other()

2013-06-18-09-01-33.908388-CEST  MainProcess : INFO       
    From: SLU        To: HUB        Command: slu_parsed() 

2013-06-18-09-01-33.915496-CEST  DM-5       : DEBUG      
    Context Resolution - Dialogue Act: other()

2013-06-18-09-01-33.923639-CEST  DM-5       : DEBUG      
    DDDState - Dialogue state content:
    
    lda = None
    from_centre = None
    from_stop = Anděl
    route_alternative = 0
    time = None
    to_centre = None
    to_stop = Malostranské náměstí
    
    rh_alternative = system-informed
    rh_alternatives = system-informed
    rh_enter_at = system-informed
    rh_exit_at = system-informed
    rh_from_stop = system-informed
    rh_go_at = system-informed
    rh_headsign = system-informed
    rh_line = system-informed
    rh_to_stop = system-informed
    rh_vehicle = system-informed
    
    ch_alternative = system-informed
    ch_alternatives = system-informed
    ch_enter_at = system-informed
    ch_exit_at = system-informed
    ch_from_stop = system-informed
    ch_go_at = system-informed
    ch_headsign = system-informed
    ch_line = system-informed
    ch_to_stop = system-informed
    ch_vehicle = system-informed
    
    sh_alternative = system-informed
    sh_alternatives = system-informed
    sh_enter_at = system-informed
    sh_exit_at = system-informed
    sh_from_stop = system-informed
    sh_go_at = system-informed
    sh_headsign = system-informed
    sh_line = system-informed
    sh_to_stop = system-informed
    sh_vehicle = system-informed
    

2013-06-18-09-01-33.931486-CEST  DM-5       : DEBUG      
    DDDState
    
    Requested slots:
    {}
    Confirmed slots:
    {}
    Non-informed slots:
    {u'route_alternative': 0}

2013-06-18-09-01-34.133374-CEST  DM-5       : DEBUG      
    DM Output
    ------------------------------------------------------------
    inform(alternatives="4")&inform(alternative="1")&inform(vehicle="TRAM")&inform(line="12")&inform(go_at="09:01")&inform(enter_at="Anděl")&inform(headsign="Palmovka")&inform(exit_at="Malostranské náměstí")
    

2013-06-18-09-01-34.233755-CEST  ASR-3      : DEBUG      
    ASR Hypothesis
    ------------------------------------------------------------
    1.000 __other__
    

2013-06-18-09-01-34.242737-CEST  MainProcess : INFO       
    From: DM         To: HUB        Command: dm_da_generated() 

2013-06-18-09-01-34.265066-CEST  MainProcess : INFO       
    From: ASR        To: HUB        Command: asr_end() 

2013-06-18-09-01-34.272883-CEST  SLU-4      : DEBUG      
    SLU Hypothesis
    ------------------------------------------------------------
    1.000 other()
    

2013-06-18-09-01-34.283849-CEST  NLG-6      : DEBUG      
    NLG Output
    ------------------------------------------------------------
    Našla jsem čtyři cesty. Možnost první. Jeďte tramvají číslo 12 v 09:01 ze zastávky Anděl směrem Palmovka. Vystupte na zastávce Malostranské náměstí.
    

2013-06-18-09-01-34.307390-CEST  DM-5       : DEBUG      
    DDDState Dialogue Act in: other()

2013-06-18-09-01-34.314046-CEST  MainProcess : INFO       
    From: SLU        To: HUB        Command: slu_parsed() 

2013-06-18-09-01-34.322304-CEST  DM-5       : DEBUG      
    Context Resolution - Dialogue Act: other()

2013-06-18-09-01-34.339015-CEST  DM-5       : DEBUG      
    DDDState - Dialogue state content:
    
    lda = None
    from_centre = None
    from_stop = Anděl
    route_alternative = 0
    time = None
    to_centre = None
    to_stop = Malostranské náměstí
    
    rh_alternative = system-informed
    rh_alternatives = system-informed
    rh_enter_at = system-informed
    rh_exit_at = system-informed
    rh_from_stop = system-informed
    rh_go_at = system-informed
    rh_headsign = system-informed
    rh_line = system-informed
    rh_to_stop = system-informed
    rh_vehicle = system-informed
    
    ch_alternative = system-informed
    ch_alternatives = system-informed
    ch_enter_at = system-informed
    ch_exit_at = system-informed
    ch_from_stop = system-informed
    ch_go_at = system-informed
    ch_headsign = system-informed
    ch_line = system-informed
    ch_to_stop = system-informed
    ch_vehicle = system-informed
    
    sh_alternative = system-informed
    sh_alternatives = system-informed
    sh_enter_at = system-informed
    sh_exit_at = system-informed
    sh_from_stop = system-informed
    sh_go_at = system-informed
    sh_headsign = system-informed
    sh_line = system-informed
    sh_to_stop = system-informed
    sh_vehicle = system-informed
    

2013-06-18-09-01-34.348527-CEST  MainProcess : INFO       
    From: NLG        To: HUB        Command: nlg_text_generated() 

2013-06-18-09-01-34.355592-CEST  DM-5       : DEBUG      
    DDDState
    
    Requested slots:
    {}
    Confirmed slots:
    {}
    Non-informed slots:
    {u'route_alternative': 0}

2013-06-18-09-01-34.364445-CEST  MainProcess : INFO       
    From: TTS        To: HUB        Command: tts_start(user_id="None",text="Našla jsem čtyři cesty. Možnost první. Jeďte tramvají číslo 12 v 09:01 ze zastávky Anděl směrem Palmovka. Vystupte na zastávce Malostranské náměstí.") 

2013-06-18-09-01-34.382767-CEST  MainProcess : INFO       
    From: VoipIO     To: HUB        Command: play_utterance_start(user_id="None",fname="tts-2013-06-18-09-01-34.322514.wav") 

2013-06-18-09-01-34.534480-CEST  MainProcess : INFO       
    From: TTS        To: HUB        Command: tts_end(user_id="None",text="Našla jsem čtyři cesty. Možnost první. Jeďte tramvají číslo 12 v 09:01 ze zastávky Anděl směrem Palmovka. Vystupte na zastávce Malostranské náměstí.",fname="tts-2013-06-18-09-01-34.322514.wav") 

2013-06-18-09-01-36.793432-CEST  MainProcess : INFO       
    From: VAD        To: HUB        Command: speech_start(fname="vad-2013-06-18-09-01-36.742679.wav") 

2013-06-18-09-01-36.802636-CEST  ASR-3      : DEBUG      
    ASR: speech_start()

2013-06-18-09-01-36.827771-CEST  MainProcess : INFO       
    From: ASR        To: HUB        Command: asr_start() 

2013-06-18-09-01-36.836090-CEST  VoipIO-1   : DEBUG      
    From: HUB        To: VIO        Command: flush_out() 

2013-06-18-09-01-37.919344-CEST  ASR-3      : DEBUG      
    ASR: speech_end()

2013-06-18-09-01-37.926177-CEST  MainProcess : INFO       
    From: VAD        To: HUB        Command: speech_end(fname="vad-2013-06-18-09-01-36.742679.wav") 

2013-06-18-09-01-38.499913-CEST  ASR-3      : DEBUG      
    ASR Hypothesis
    ------------------------------------------------------------
    0.377 kolik je tam přestupku
    0.073 kolik přestupů
    0.069 kolik přestupků
    0.064 kolik je tam přestupu
    0.060 kolik je tam stupňů
    0.055 kolik je tam přestupků
    0.050 kolik přestupku
    0.046 kolik je tam sestupu
    0.041 kolik přestupu
    0.037 kolik je stupňů
    0.032 kolik je přestupku
    0.027 přestupku
    0.023 kolik je přestupu
    0.018 kolik je přestupků
    0.014 přestupu
    0.009 přestupků
    0.005 kolik je ta sestupu
    0.000 __other__
    

2013-06-18-09-01-38.536074-CEST  MainProcess : INFO       
    From: ASR        To: HUB        Command: asr_end() 

2013-06-18-09-01-39.278681-CEST  SLU-4      : DEBUG      
    SLU Hypothesis
    ------------------------------------------------------------
    0.629 request(num_transfers)
    0.371 other()
    

2013-06-18-09-01-39.316435-CEST  MainProcess : INFO       
    From: SLU        To: HUB        Command: slu_parsed() 

2013-06-18-09-01-44.992802-CEST  ASR-3      : DEBUG      
    ASR: speech_start()

2013-06-18-09-01-45.000708-CEST  MainProcess : INFO       
    From: VAD        To: HUB        Command: speech_start(fname="vad-2013-06-18-09-01-44.930749.wav") 

2013-06-18-09-01-45.009650-CEST  MainProcess : INFO       
    From: ASR        To: HUB        Command: asr_start() 

2013-06-18-09-01-46.195990-CEST  MainProcess : INFO       
    From: VAD        To: HUB        Command: speech_end(fname="vad-2013-06-18-09-01-44.930749.wav") 

2013-06-18-09-01-46.204668-CEST  ASR-3      : DEBUG      
    ASR: speech_end()

2013-06-18-09-01-46.882411-CEST  ASR-3      : DEBUG      
    ASR Hypothesis
    ------------------------------------------------------------
    0.704 kolik je tam přestupu
    0.030 kolik je tam přestupku
    0.028 kolik je ta přestupu
    0.027 kolik je tam sestupu
    0.025 kolik je tam stupňů
    0.023 kolik je tam přestupům
    0.022 kolik je tam přestupů
    0.020 kolik je tam přestupků
    0.019 kolik je ta přestupku
    0.017 kolik přestupků
    0.016 kolik je ta přestupům
    0.014 kolik je ta přestupů
    0.012 kolik je ta přestupků
    0.011 kolik je ta sestupu
    0.009 kolik je stupňů
    0.008 kolik je to sestupu
    0.006 v kolik je tam přestupu
    0.005 kolik je tak sestupu
    0.003 v kolik je tam přestupku
    0.002 kolik je pán sestupu
    0.000 __other__
    

2013-06-18-09-01-46.970644-CEST  MainProcess : INFO       
    From: ASR        To: HUB        Command: asr_end() 

2013-06-18-09-01-47.844957-CEST  SLU-4      : DEBUG      
    SLU Hypothesis
    ------------------------------------------------------------
    0.878 other()
    0.122 request(num_transfers)
    

2013-06-18-09-01-47.889393-CEST  MainProcess : INFO       
    From: SLU        To: HUB        Command: slu_parsed() 

2013-06-18-09-01-53.404030-CEST  ASR-3      : DEBUG      
    ASR: speech_start()

2013-06-18-09-01-53.411767-CEST  MainProcess : INFO       
    From: VAD        To: HUB        Command: speech_start(fname="vad-2013-06-18-09-01-53.188702.wav") 

2013-06-18-09-01-53.419897-CEST  MainProcess : INFO       
    From: ASR        To: HUB        Command: asr_start() 

2013-06-18-09-01-55.919293-CEST  MainProcess : INFO       
    From: VAD        To: HUB        Command: speech_end(fname="vad-2013-06-18-09-01-53.188702.wav") 

2013-06-18-09-01-55.928883-CEST  ASR-3      : DEBUG      
    ASR: speech_end()

2013-06-18-09-01-56.447855-CEST  MainProcess : INFO       
    From: VAD        To: HUB        Command: speech_start(fname="vad-2013-06-18-09-01-56.380313.wav") 

2013-06-18-09-01-56.872444-CEST  ASR-3      : DEBUG      
    ASR Hypothesis
    ------------------------------------------------------------
    0.758 halo
    0.097 alo
    0.073 halo reach
    0.048 halo halo
    0.024 haló
    0.000 __other__
    

2013-06-18-09-01-56.910132-CEST  ASR-3      : DEBUG      
    ASR: speech_start()

2013-06-18-09-01-56.918666-CEST  MainProcess : INFO       
    From: ASR        To: HUB        Command: asr_end() 

2013-06-18-09-01-56.932041-CEST  MainProcess : INFO       
    From: ASR        To: HUB        Command: asr_start() 

2013-06-18-09-01-57.131993-CEST  SLU-4      : DEBUG      
    SLU Hypothesis
    ------------------------------------------------------------
    1.000 other()
    

2013-06-18-09-01-57.171520-CEST  MainProcess : INFO       
    From: SLU        To: HUB        Command: slu_parsed() 

2013-06-18-09-01-57.518925-CEST  MainProcess : INFO       
    From: VAD        To: HUB        Command: speech_end(fname="vad-2013-06-18-09-01-56.380313.wav") 

2013-06-18-09-01-57.527381-CEST  ASR-3      : DEBUG      
    ASR: speech_end()

2013-06-18-09-01-58.125772-CEST  ASR-3      : DEBUG      
    ASR Hypothesis
    ------------------------------------------------------------
    1.000 __other__
    

2013-06-18-09-01-58.170775-CEST  MainProcess : INFO       
    From: ASR        To: HUB        Command: asr_end() 

2013-06-18-09-01-58.179215-CEST  SLU-4      : DEBUG      
    SLU Hypothesis
    ------------------------------------------------------------
    1.000 other()
    

2013-06-18-09-01-58.225888-CEST  MainProcess : INFO       
    From: SLU        To: HUB        Command: slu_parsed() 

2013-06-18-09-02-01.712705-CEST  MainProcess : INFO       
    From: VAD        To: HUB        Command: speech_start(fname="vad-2013-06-18-09-02-01.643925.wav") 

2013-06-18-09-02-01.719975-CEST  ASR-3      : DEBUG      
    ASR: speech_start()

2013-06-18-09-02-01.727795-CEST  MainProcess : INFO       
    From: ASR        To: HUB        Command: asr_start() 

2013-06-18-09-02-02.505673-CEST  ASR-3      : DEBUG      
    ASR: speech_end()

2013-06-18-09-02-02.513709-CEST  MainProcess : INFO       
    From: VAD        To: HUB        Command: speech_end(fname="vad-2013-06-18-09-02-01.643925.wav") 

2013-06-18-09-02-02.940900-CEST  ASR-3      : DEBUG      
    ASR Hypothesis
    ------------------------------------------------------------
    0.562 kam pojede
    0.175 kam to jede
    0.131 kam pojedeme
    0.088 tam pojede
    0.044 auto jede
    0.000 __other__
    

2013-06-18-09-02-02.985641-CEST  MainProcess : INFO       
    From: ASR        To: HUB        Command: asr_end() 

2013-06-18-09-02-03.202379-CEST  SLU-4      : DEBUG      
    SLU Hypothesis
    ------------------------------------------------------------
    0.737 request(to_stop)
    0.263 other()
    

2013-06-18-09-02-03.246223-CEST  MainProcess : INFO       
    From: SLU        To: HUB        Command: slu_parsed() 

2013-06-18-09-02-04.136025-CEST  ASR-3      : DEBUG      
    ASR: speech_start()

2013-06-18-09-02-04.144065-CEST  MainProcess : INFO       
    From: VAD        To: HUB        Command: speech_start(fname="vad-2013-06-18-09-02-04.063274.wav") 

2013-06-18-09-02-04.151158-CEST  MainProcess : INFO       
    From: ASR        To: HUB        Command: asr_start() 

2013-06-18-09-02-05.751211-CEST  VoipIO-1   : DEBUG      
    CallCallback::on_state : Call with "777805048" <sip:777805048@195.113.20.160> is DISCONNCTD last code = 200 (Normal call clearing)

2013-06-18-09-02-05.933448-CEST  VoipIO-1   : DEBUG      
    VoipIO::on_call_disconnected

2013-06-18-09-02-05.943724-CEST  MainProcess : INFO       
    From: VoipIO     To: HUB        Command: call_disconnected(remote_uri="777805048") 

2013-06-18-09-02-05.952498-CEST  TTS-7      : DEBUG      
    From: HUB        To: TTS        Command: flush() 

2013-06-18-09-02-05.960559-CEST  ASR-3      : DEBUG      
    From: HUB        To: ASR        Command: flush() 

2013-06-18-09-02-05.968825-CEST  SLU-4      : DEBUG      
    From: HUB        To: SLU        Command: flush() 

2013-06-18-09-02-05.977293-CEST  VoipIO-1   : DEBUG      
    From: HUB        To: VoipIO     Command: flush() 

2013-06-18-09-02-05.985200-CEST  NLG-6      : DEBUG      
    From: HUB        To: NLG        Command: flush() 

