2013-06-18-19-58-58.993817-CEST  VoipIO-1   : DEBUG      
    CallCallback::on_media_state : Media is now active

2013-06-18-19-58-59.002376-CEST  VoipIO-1   : DEBUG      
    CallCallback::on_state : Call with "777805048" <sip:777805048@195.113.20.160> is CONNECTING last code = 200 (OK)

2013-06-18-19-58-59.006673-CEST  MainProcess : SYSTEM-LOG 
    config = { 'ASR': { 'Google': { 'debug': False, 'language': 'cs', 'maxresults': 20},
               'Julius': { 'adinnetport': 5530,
                           'binary': '/usr/local/bin/julius',
                           'debug': False,
                           'hostname': 'localhost',
                           'jconf': { '-adport': '5530',
                                      '-b': '1000',
                                      '-b2': '100',
                                      '-cmnload': 'cmn.param',
                                      '-cmnmapweight': '200',
                                      '-cmnsave': 'cmn.param',
                                      '-confnet': '',
                                      '-fallback1pass': '',
                                      '-gprune': 'safe',
                                      '-h': '/mnt/h/jurcicek/vystadial-git/alex/resources/asr/voip_en/hmmdefs',
                                      '-hlist': '/mnt/h/jurcicek/vystadial-git/alex/resources/asr/voip_en/tiedlist',
                                      '-htkconf': '/mnt/h/jurcicek/vystadial-git/alex/resources/asr/voip_en/config',
                                      '-input': 'adinnet',
                                      '-iwsp': '',
                                      '-iwsppenalty': '0.0',
                                      '-lmp': '15.0 0.0',
                                      '-lmp2': '15.0 0.0',
                                      '-mapunk': 'UM',
                                      '-module': '10500',
                                      '-n': '50',
                                      '-nlr': '/mnt/h/jurcicek/vystadial-git/alex/resources/lm/caminfo/julius_arpa_bigram',
                                      '-no_ccd': '',
                                      '-nrl': '/mnt/h/jurcicek/vystadial-git/alex/resources/lm/caminfo/julius_arpa_rev_bigram',
                                      '-silhead': '<s>',
                                      '-siltail': '</s>',
                                      '-spmodel': 'sp',
                                      '-tmix': '4',
                                      '-v': '/mnt/h/jurcicek/vystadial-git/alex/resources/lm/caminfo/julius_dict'},
                           'jconffile': 'julius.jconf',
                           'killall': False,
                           'logfile': 'julius.log',
                           'msg_timeout': 0.3,
                           'pidfile': 'julius.pid',
                           'reuse_server': False,
                           'serverport': 10500,
                           'start_max_wait_time': 15,
                           'start_wait_time': 0.5,
                           'timeout': 2.0},
               'debug': True,
               'type': 'Google'},
      'AlexOnTheBus': { 'max_turns': 30},
      'Audio': { 'sample_rate': 16000, 'samples_per_frame': 256},
      'AudioIO': { 'debug': True, 'output_dir': './aio_call_log', 'play_buffer_size': 1024},
      'DM': { 'PUfalRuleDM': { 'code_submit_url': None,
                               'db_cfg': '/mnt/h/jurcicek/vystadial-git/alex/resources/../applications/CamInfoRest/cued_data/CIRdbase_V7_noloc.txt',
                               'ontology': '/mnt/h/jurcicek/vystadial-git/alex/resources/../applications/CamInfoRest/ontology.cfg',
                               'provide_code': False},
              'UfalRuleDM': { 'code_submit_url': None,
                              'db_cfg': '/mnt/h/jurcicek/vystadial-git/alex/resources/../applications/CamInfoRest/cued_data/CIRdbase_V7_noloc.txt',
                              'ontology': '/mnt/h/jurcicek/vystadial-git/alex/resources/../applications/CamInfoRest/ontology.cfg',
                              'provide_code': False},
              'basic': { 'debug': True},
              'debug': True,
              'dialogue_policy': { 'type': <class 'alex.applications.AlexOnTheBus.aotb_hdc_policy.AOTBHDCPolicy'>},
              'dialogue_state': { 'type': <class 'alex.components.dm.dddstate.DeterministicDiscriminativeDialogueState'>},
              'ontology': '/mnt/h/jurcicek/vystadial-git/alex/applications/AlexOnTheBus/data/ontology.py',
              'type': 'basic'},
      'General': { 'include': ['/mnt/h/jurcicek/vystadial-git/alex/resources/private/default.cfg']},
      'Hub': { 'history_file': 'hub_history_hub.txt', 'history_length': 1000, 'main_loop_sleep_time': 0.005},
      'Logging': { 'session_logger': SessionLogger(),
                   'system_logger': SystemLogger(stdout_log_level='ERROR', stdout=True, file_log_level='ERROR', output_dir=/net/projects/vystadial/data/call-logs/2013-05-30-alex-aotb-prototype),
                   'system_name': 'Alex On The Bus - Live',
                   'version': '1.0'},
      'NLG': { 'Template': { 'model': '/mnt/h/jurcicek/vystadial-git/alex/applications/AlexOnTheBus/nlg_templates.cfg'},
               'debug': True,
               'type': 'Template'},
      'SHub': { 'history_file': 'hub_history_shub.txt', 'history_length': 1000},
      'SLU': { 'cl-tracing': { 'cldb_fname': '/mnt/h/jurcicek/vystadial-git/alex/resources/../applications/CamInfoRest/data/database.py',
                               'do_preprocessing': True,
                               'features_type': ('ngram',),
                               'testing': { 'max_examples': None,
                                            'min_perc': 80,
                                            'model_fname': '/mnt/h/jurcicek/vystadial-git/alex/resources/../applications/CamInfoRest/models/130516_minf60-minfc35-mind60.slu_model.gz',
                                            'renormalise': True,
                                            'threshold': None,
                                            'vanilla': True},
                               'training': { 'models_dir': 'models'}},
               'debug': True,
               'type': <class 'alex.applications.AlexOnTheBus.aotb_slu.AOTBSLU'>,
               <class 'alex.applications.AlexOnTheBus.aotb_slu.AOTBSLU'>: { 'cldb_fname': '/mnt/h/jurcicek/vystadial-git/alex/applications/AlexOnTheBus/data/database.py',
                                                                            'preprocessing_cls': <class 'alex.applications.AlexOnTheBus.aotb_preprocessing.AOTBSLUPreprocessing'>,
                                                                            'training': { 'models_dir': 'models'}}},
      'THub': { 'history_file': 'hub_history_thub.txt', 'history_length': 1000},
      'TTS': { 'Flite': { 'debug': False,
                          'preprocessing': '/mnt/h/jurcicek/vystadial-git/alex/resources/tts/prep_flite_en.cfg',
                          'voice': 'kal16'},
               'Google': { 'debug': False,
                           'language': 'en',
                           'preprocessing': '/mnt/h/jurcicek/vystadial-git/alex/resources/tts/prep_google_en.cfg'},
               'SpeechTech': { 'debug': True,
                               'login': 'filipjurcicek',
    # this line was removed since it included a password
                               'preprocessing': '/mnt/h/jurcicek/vystadial-git/alex/resources/tts/prep_speechtech_cs.cfg',
                               'voice': 'Iva210'},
               'VoiceRSS': { 'api_key': '3b6a9fca5d724b1c8ac34691586cdda1'},
               'VoiceRss': { 'language': 'en-gb',
                             'preprocessing': '/mnt/h/jurcicek/vystadial-git/alex/resources/tts/prep_voicerss_en.cfg'},
               'debug': True,
               'type': 'SpeechTech'},
      'VAD': { 'debug': False,
               'decision_frames_sil': 25,
               'decision_frames_speech': 10,
               'decision_non_speech_threshold': 0.2,
               'decision_speech_threshold': 0.7,
               'gmm': { 'ceplifter': 22,
                        'enormalise': True,
                        'filter_length': 5,
                        'frameshift': 160,
                        'framesize': 512,
                        'frontend': 'MFCC',
                        'hifreq': 3800,
                        'lofreq': 125,
                        'numceps': 12,
                        'numchans': 26,
                        'preemcoef': 0.97,
                        'sil_model': '/mnt/h/jurcicek/vystadial-git/alex/resources/vad/voip_en/vad_sil_sds_mfcc_m064_f100000.gmm',
                        'speech_model': '/mnt/h/jurcicek/vystadial-git/alex/resources/vad/voip_en/vad_speech_sds_mfcc_m064_f100000.gmm',
                        'useacc': True,
                        'usec0': False,
                        'usecmn': False,
                        'usedelta': True,
                        'usehamming': True,
                        'usepower': True,
                        'zmeansource': True},
               'power': { 'adaptation_frames': 30, 'threshold': 70, 'threshold_multiplier': 1.0},
               'speech_buffer_frames': 20,
               'type': 'gmm'},
      'VoipHub': { 'blacklist_for': 7200,
                   'call_db': '/net/projects/vystadial/data/call-logs/2013-05-30-alex-aotb-prototype/call_db.pckl',
                   'hard_time_limit': 360,
                   'hard_turn_limit': 40,
                   'history_length': 1000,
                   'last_period_max_num_calls': 100,
                   'last_period_max_total_time': 1800,
                   'limit_reached_message': u'D\u011bkujeme za zavol\xe1n\xed, ale u\u017e jste volali hodn\u011b. Pros\xedm zavolejte pozd\u011bji. Na shledanou.',
                   'period': 172800,
                   'wait_time_before_calling_back': 10},
      'VoipIO': { 'allowed_hosts': '',
                  'allowed_phone_numbers': '(^[234567])',
                  'allowed_users': '(^[234567])',
                  'debug': True,
                  'domain': 'vystadial.ms.mff.cuni.cz',
                  'forbidden_hosts': '',
                  'forbidden_phone_number': '(^112$|^150$|^155$|^156$|^158$)',
                  'forbidden_users': '(^112$|^150$|^155$|^156$|^158$)',
    # this line was removed since it included a password
                  'pjsip_log_level': 3,
                  'reject_calls': False,
                  'user': '800899998'},
      'WebHub': { 'port': 8000}}
    

2013-06-18-19-58-59.017399-CEST  MainProcess : INFO       
    From: VoipIO     To: HUB        Command: incoming_call(remote_uri="777805048") 

2013-06-18-19-58-59.024841-CEST  VoipIO-1   : DEBUG      
    VoipIO::on_call_connecting

2013-06-18-19-58-59.033776-CEST  VoipIO-1   : DEBUG      
    CallCallback::on_state : Call with "777805048" <sip:777805048@195.113.20.160> is CONFIRMED last code = 200 (OK)

2013-06-18-19-58-59.082630-CEST  VoipIO-1   : DEBUG      
    VoipIO::on_call_confirmed

2013-06-18-19-58-59.101772-CEST  MainProcess : INFO       
    From: VoipIO     To: HUB        Command: call_connecting(remote_uri="777805048") 

2013-06-18-19-58-59.116596-CEST  MainProcess : INFO       
    From: VoipIO     To: HUB        Command: call_confirmed(remote_uri="777805048") 

2013-06-18-19-58-59.129716-CEST  MainProcess : INFO       
    
    ========================================================================================================================
    Incoming call from :          777805048
    ------------------------------------------------------------------------------------------------------------------------
    Total calls:                  10
    Total time (min):             18.1
    Last period total calls:      10
    Last period total time (min): 18.1
    ------------------------------------------------------------------------------------------------------------------------
    CALL ACCEPTED
    ========================================================================================================================
    

2013-06-18-19-58-59.138352-CEST  DM-5       : DEBUG      
    From: HUB        To: DM         Command: new_dialogue() 

2013-06-18-19-58-59.147332-CEST  DM-5       : DEBUG      
    DM Output
    ------------------------------------------------------------
    hello()
    

2013-06-18-19-58-59.184984-CEST  MainProcess : INFO       
    From: DM         To: HUB        Command: dm_da_generated() 

2013-06-18-19-58-59.194019-CEST  NLG-6      : DEBUG      
    NLG Output
    ------------------------------------------------------------
    Dobrý den. Hovor je nahráván. Více informací o této službě je na internetu. Jak Vám mohu pomoci. 
    

2013-06-18-19-58-59.231908-CEST  MainProcess : INFO       
    From: NLG        To: HUB        Command: nlg_text_generated() 

2013-06-18-19-58-59.246517-CEST  MainProcess : INFO       
    From: TTS        To: HUB        Command: tts_start(user_id="None",text="Dobrý den. Hovor je nahráván. Více informací o této službě je na internetu. Jak Vám mohu pomoci. ") 

2013-06-18-19-58-59.285846-CEST  MainProcess : INFO       
    From: VoipIO     To: HUB        Command: play_utterance_start(user_id="None",fname="tts-2013-06-18-19-58-59.213776.wav") 

2013-06-18-19-58-59.347056-CEST  MainProcess : INFO       
    From: TTS        To: HUB        Command: tts_end(user_id="None",text="Dobrý den. Hovor je nahráván. Více informací o této službě je na internetu. Jak Vám mohu pomoci. ",fname="tts-2013-06-18-19-58-59.213776.wav") 

2013-06-18-19-59-09.267712-CEST  MainProcess : INFO       
    From: VoipIO     To: HUB        Command: play_utterance_end(user_id="None",fname="tts-2013-06-18-19-58-59.213776.wav) 

2013-06-18-19-59-11.215616-CEST  MainProcess : INFO       
    From: VAD        To: HUB        Command: speech_start(fname="vad-2013-06-18-19-59-11.175999.wav") 

2013-06-18-19-59-11.223969-CEST  MainProcess : INFO       
    From: ASR        To: HUB        Command: asr_start() 

2013-06-18-19-59-11.232012-CEST  ASR-3      : DEBUG      
    ASR: speech_start()

2013-06-18-19-59-12.599012-CEST  MainProcess : INFO       
    From: VAD        To: HUB        Command: speech_end(fname="vad-2013-06-18-19-59-11.175999.wav") 

2013-06-18-19-59-12.607222-CEST  ASR-3      : DEBUG      
    ASR: speech_end()

2013-06-18-19-59-13.239461-CEST  ASR-3      : DEBUG      
    ASR Hypothesis
    ------------------------------------------------------------
    0.736 chtěl bych 1 2
    0.041 chtěl bych 1 2 3
    0.037 chtěl bych jet na vršku
    0.034 chtěl bych 1 12
    0.031 chtěl bych 1 2 tsi
    0.027 chtěl bych jed na vršku
    0.024 chtěl bych jít na vršku
    0.020 chtěl bych na vršku
    0.017 chtěl bych být na vršku
    0.014 chtěl bych si 1 2
    0.010 chtěl bych si 1 2 3
    0.007 chtěl bych si 1 12
    0.003 chtěl bych si 1 2 tsi
    0.000 __other__
    

2013-06-18-19-59-13.270066-CEST  MainProcess : INFO       
    From: ASR        To: HUB        Command: asr_end() 

2013-06-18-19-59-14.277829-CEST  SLU-4      : DEBUG      
    SLU Hypothesis
    ------------------------------------------------------------
    1.000 other()
    

2013-06-18-19-59-14.305900-CEST  DM-5       : DEBUG      
    DDDState Dialogue Act in: other()

2013-06-18-19-59-14.314178-CEST  MainProcess : INFO       
    From: SLU        To: HUB        Command: slu_parsed() 

2013-06-18-19-59-14.322793-CEST  DM-5       : DEBUG      
    Context Resolution - Dialogue Act: other()

2013-06-18-19-59-14.332134-CEST  DM-5       : DEBUG      
    DDDState - Dialogue state content:
    
    lda = None
    
    
    
    

2013-06-18-19-59-14.340983-CEST  DM-5       : DEBUG      
    DDDState
    
    Requested slots:
    {}
    Confirmed slots:
    {}
    Non-informed slots:
    {}

2013-06-18-19-59-14.349346-CEST  DM-5       : DEBUG      
    DM Output
    ------------------------------------------------------------
    request(from_stop)
    

2013-06-18-19-59-14.382273-CEST  NLG-6      : DEBUG      
    NLG Output
    ------------------------------------------------------------
    Z jaké zastávky chcete jet?
    

2013-06-18-19-59-14.391346-CEST  MainProcess : INFO       
    From: DM         To: HUB        Command: dm_da_generated() 

2013-06-18-19-59-14.413431-CEST  MainProcess : INFO       
    From: NLG        To: HUB        Command: nlg_text_generated() 

2013-06-18-19-59-14.420404-CEST  MainProcess : INFO       
    From: TTS        To: HUB        Command: tts_start(user_id="None",text="Z jaké zastávky chcete jet?") 

2013-06-18-19-59-14.471927-CEST  MainProcess : INFO       
    From: VoipIO     To: HUB        Command: play_utterance_start(user_id="None",fname="tts-2013-06-18-19-59-14.396688.wav") 

2013-06-18-19-59-14.480479-CEST  MainProcess : INFO       
    From: TTS        To: HUB        Command: tts_end(user_id="None",text="Z jaké zastávky chcete jet?",fname="tts-2013-06-18-19-59-14.396688.wav") 

2013-06-18-19-59-17.399567-CEST  MainProcess : INFO       
    From: VoipIO     To: HUB        Command: play_utterance_end(user_id="None",fname="tts-2013-06-18-19-59-14.396688.wav) 

2013-06-18-19-59-18.638364-CEST  MainProcess : INFO       
    From: VAD        To: HUB        Command: speech_start(fname="vad-2013-06-18-19-59-18.605129.wav") 

2013-06-18-19-59-18.646463-CEST  ASR-3      : DEBUG      
    ASR: speech_start()

2013-06-18-19-59-18.654398-CEST  MainProcess : INFO       
    From: ASR        To: HUB        Command: asr_start() 

2013-06-18-19-59-20.091868-CEST  ASR-3      : DEBUG      
    ASR: speech_end()

2013-06-18-19-59-20.099503-CEST  MainProcess : INFO       
    From: VAD        To: HUB        Command: speech_end(fname="vad-2013-06-18-19-59-18.605129.wav") 

2013-06-18-19-59-20.599055-CEST  ASR-3      : DEBUG      
    ASR Hypothesis
    ------------------------------------------------------------
    0.514 ze poliklinika barrandov
    0.061 za poliklinika barrandov
    0.057 z poliklinika barrandov
    0.053 ze poliklinika barandov
    0.049 za poliklinika barandov
    0.045 z poliklinika barandov
    0.041 lze poliklinika barrandov
    0.036 lze poliklinika barandov
    0.032 sz poliklinika barrandov
    0.028 sz poliklinika barandov
    0.024 ze poliklinika barrandov i
    0.020 ze poliklinika brno
    0.016 ze poliklinika brandýs
    0.012 za poliklinika barrandov i
    0.008 za poliklinika brno
    0.004 z poliklinika barrandov i
    0.000 __other__
    

2013-06-18-19-59-20.623136-CEST  MainProcess : INFO       
    From: ASR        To: HUB        Command: asr_end() 

2013-06-18-19-59-21.366812-CEST  SLU-4      : DEBUG      
    SLU Hypothesis
    ------------------------------------------------------------
    0.672 inform(from_stop="Poliklinika Barrandov")
    0.255 other()
    0.073 inform(="Poliklinika Barrandov")
    

2013-06-18-19-59-21.390924-CEST  MainProcess : INFO       
    From: SLU        To: HUB        Command: slu_parsed() 

2013-06-18-19-59-21.399043-CEST  DM-5       : DEBUG      
    DDDState Dialogue Act in: inform(from_stop="Poliklinika Barrandov")

2013-06-18-19-59-21.407557-CEST  DM-5       : DEBUG      
    Context Resolution - Dialogue Act: inform(from_stop="Poliklinika Barrandov")

2013-06-18-19-59-21.416542-CEST  DM-5       : DEBUG      
    DDDState - Dialogue state content:
    
    lda = None
    from_centre = None
    from_stop = Poliklinika Barrandov
    time = None
    to_centre = None
    to_stop = None
    
    
    
    

2013-06-18-19-59-21.424988-CEST  DM-5       : DEBUG      
    DDDState
    
    Requested slots:
    {}
    Confirmed slots:
    {}
    Non-informed slots:
    {u'from_stop': u'Poliklinika Barrandov'}

2013-06-18-19-59-21.432784-CEST  DM-5       : DEBUG      
    DM Output
    ------------------------------------------------------------
    iconfirm(from_stop="Poliklinika Barrandov")&request(time)
    

2013-06-18-19-59-21.471214-CEST  MainProcess : INFO       
    From: DM         To: HUB        Command: dm_da_generated() 

2013-06-18-19-59-21.479813-CEST  NLG-6      : DEBUG      
    NLG Output
    ------------------------------------------------------------
    Dobře, ze zastávky Poliklinika Barrandov. Kdy chcete jet?
    

2013-06-18-19-59-21.506485-CEST  MainProcess : INFO       
    From: NLG        To: HUB        Command: nlg_text_generated() 

2013-06-18-19-59-21.515253-CEST  MainProcess : INFO       
    From: TTS        To: HUB        Command: tts_start(user_id="None",text="Dobře, ze zastávky Poliklinika Barrandov. Kdy chcete jet?") 

2013-06-18-19-59-21.528883-CEST  MainProcess : INFO       
    From: VoipIO     To: HUB        Command: play_utterance_start(user_id="None",fname="tts-2013-06-18-19-59-21.496354.wav") 

2013-06-18-19-59-22.323636-CEST  MainProcess : INFO       
    From: TTS        To: HUB        Command: tts_end(user_id="None",text="Dobře, ze zastávky Poliklinika Barrandov. Kdy chcete jet?",fname="tts-2013-06-18-19-59-21.496354.wav") 

2013-06-18-19-59-28.146972-CEST  MainProcess : INFO       
    From: VoipIO     To: HUB        Command: play_utterance_end(user_id="None",fname="tts-2013-06-18-19-59-21.496354.wav) 

2013-06-18-19-59-28.881824-CEST  MainProcess : INFO       
    From: VAD        To: HUB        Command: speech_start(fname="vad-2013-06-18-19-59-28.842333.wav") 

2013-06-18-19-59-28.890709-CEST  ASR-3      : DEBUG      
    ASR: speech_start()

2013-06-18-19-59-28.898584-CEST  MainProcess : INFO       
    From: ASR        To: HUB        Command: asr_start() 

2013-06-18-19-59-29.506904-CEST  ASR-3      : DEBUG      
    ASR: speech_end()

2013-06-18-19-59-29.515293-CEST  MainProcess : INFO       
    From: VAD        To: HUB        Command: speech_end(fname="vad-2013-06-18-19-59-28.842333.wav") 

2013-06-18-19-59-29.892864-CEST  ASR-3      : DEBUG      
    ASR Hypothesis
    ------------------------------------------------------------
    0.426 nyní
    0.230 není
    0.172 mini
    0.115 hliník
    0.057 ní
    0.000 __other__
    

2013-06-18-19-59-29.919974-CEST  MainProcess : INFO       
    From: ASR        To: HUB        Command: asr_end() 

2013-06-18-19-59-30.133805-CEST  SLU-4      : DEBUG      
    SLU Hypothesis
    ------------------------------------------------------------
    1.000 other()
    

2013-06-18-19-59-30.161286-CEST  DM-5       : DEBUG      
    DDDState Dialogue Act in: other()

2013-06-18-19-59-30.169256-CEST  MainProcess : INFO       
    From: SLU        To: HUB        Command: slu_parsed() 

2013-06-18-19-59-30.177416-CEST  DM-5       : DEBUG      
    Context Resolution - Dialogue Act: other()

2013-06-18-19-59-30.185281-CEST  DM-5       : DEBUG      
    DDDState - Dialogue state content:
    
    lda = None
    from_centre = None
    from_stop = Poliklinika Barrandov
    time = None
    to_centre = None
    to_stop = None
    
    rh_from_stop = system-informed
    
    ch_from_stop = system-informed
    
    sh_from_stop = system-informed
    

2013-06-18-19-59-30.193373-CEST  DM-5       : DEBUG      
    DDDState
    
    Requested slots:
    {}
    Confirmed slots:
    {}
    Non-informed slots:
    {}

2013-06-18-19-59-30.201368-CEST  DM-5       : DEBUG      
    DM Output
    ------------------------------------------------------------
    request(to_stop)
    

2013-06-18-19-59-30.247731-CEST  NLG-6      : DEBUG      
    NLG Output
    ------------------------------------------------------------
    Do jaké zastávky chcete jet?
    

2013-06-18-19-59-30.256360-CEST  MainProcess : INFO       
    From: DM         To: HUB        Command: dm_da_generated() 

2013-06-18-19-59-30.275464-CEST  MainProcess : INFO       
    From: NLG        To: HUB        Command: nlg_text_generated() 

2013-06-18-19-59-30.282849-CEST  MainProcess : INFO       
    From: TTS        To: HUB        Command: tts_start(user_id="None",text="Do jaké zastávky chcete jet?") 

2013-06-18-19-59-30.306819-CEST  MainProcess : INFO       
    From: VoipIO     To: HUB        Command: play_utterance_start(user_id="None",fname="tts-2013-06-18-19-59-30.266135.wav") 

2013-06-18-19-59-30.331474-CEST  MainProcess : INFO       
    From: TTS        To: HUB        Command: tts_end(user_id="None",text="Do jaké zastávky chcete jet?",fname="tts-2013-06-18-19-59-30.266135.wav") 

2013-06-18-19-59-33.331042-CEST  MainProcess : INFO       
    From: VoipIO     To: HUB        Command: play_utterance_end(user_id="None",fname="tts-2013-06-18-19-59-30.266135.wav) 

2013-06-18-19-59-33.926117-CEST  MainProcess : INFO       
    From: VAD        To: HUB        Command: speech_start(fname="vad-2013-06-18-19-59-33.887518.wav") 

2013-06-18-19-59-33.933916-CEST  MainProcess : INFO       
    From: ASR        To: HUB        Command: asr_start() 

2013-06-18-19-59-33.941896-CEST  ASR-3      : DEBUG      
    ASR: speech_start()

2013-06-18-19-59-34.885807-CEST  MainProcess : INFO       
    From: VAD        To: HUB        Command: speech_end(fname="vad-2013-06-18-19-59-33.887518.wav") 

2013-06-18-19-59-34.893547-CEST  ASR-3      : DEBUG      
    ASR: speech_end()

2013-06-18-19-59-35.244432-CEST  ASR-3      : DEBUG      
    ASR Hypothesis
    ------------------------------------------------------------
    0.786 na zvonařce
    0.048 na zvonařka
    0.042 na zvonařkou
    0.036 na zvonařky
    0.030 na zvonařce i
    0.024 jana zvonařka
    0.018 jana zvonařkou
    0.012 jana zvonařky
    0.006 na zvonařka i
    0.000 __other__
    

2013-06-18-19-59-35.273217-CEST  MainProcess : INFO       
    From: ASR        To: HUB        Command: asr_end() 

2013-06-18-19-59-35.702508-CEST  SLU-4      : DEBUG      
    SLU Hypothesis
    ------------------------------------------------------------
    0.946 inform(to_stop="Zvonařka")
    0.054 inform(="Zvonařka")
    

2013-06-18-19-59-35.731420-CEST  MainProcess : INFO       
    From: SLU        To: HUB        Command: slu_parsed() 

2013-06-18-19-59-35.739736-CEST  DM-5       : DEBUG      
    DDDState Dialogue Act in: inform(to_stop="Zvonařka")

2013-06-18-19-59-35.747671-CEST  DM-5       : DEBUG      
    Context Resolution - Dialogue Act: inform(to_stop="Zvonařka")

2013-06-18-19-59-35.755074-CEST  DM-5       : DEBUG      
    DDDState - Dialogue state content:
    
    lda = None
    from_centre = None
    from_stop = Poliklinika Barrandov
    time = None
    to_centre = None
    to_stop = Zvonařka
    
    rh_from_stop = system-informed
    
    ch_from_stop = system-informed
    
    sh_from_stop = system-informed
    

2013-06-18-19-59-35.762499-CEST  DM-5       : DEBUG      
    DDDState
    
    Requested slots:
    {}
    Confirmed slots:
    {}
    Non-informed slots:
    {u'to_stop': u'Zvona\u0159ka'}

2013-06-18-19-59-36.156419-CEST  DM-5       : DEBUG      
    DM Output
    ------------------------------------------------------------
    iconfirm(to_stop="Zvonařka")&inform(alternatives="4")&inform(alternative="1")&inform(vehicle="TRAM")&inform(line="20")&inform(go_at="08:02")&inform(enter_at="Poliklinika Barrandov")&inform(headsign="Divoká Šárka")&inform(exit_at="Újezd")&inform(transfer="true")&inform(vehicle="TRAM")&inform(line="22")&inform(go_at="08:28")&inform(enter_at="Újezd")&inform(headsign="Nádraží Hostivař")&inform(exit_at="Bruselská")
    

2013-06-18-19-59-36.201255-CEST  MainProcess : INFO       
    From: DM         To: HUB        Command: dm_da_generated() 

2013-06-18-19-59-36.420462-CEST  NLG-6      : DEBUG      
    NLG Output
    ------------------------------------------------------------
    Do zastávky Zvonařka. Našla jsem čtyři cesty. Možnost první. Jeďte tramvají číslo 20 v 08:02 ze zastávky Poliklinika Barrandov směrem Divoká Šárka. Vystupte na zastávce Újezd. A pak přestupte. Jeďte tramvají číslo 22 v 08:28 ze zastávky Újezd směrem Nádraží Hostivař. Vystupte na zastávce Bruselská.
    

2013-06-18-19-59-36.449000-CEST  MainProcess : INFO       
    From: NLG        To: HUB        Command: nlg_text_generated() 

2013-06-18-19-59-36.458308-CEST  MainProcess : INFO       
    From: TTS        To: HUB        Command: tts_start(user_id="None",text="Do zastávky Zvonařka. Našla jsem čtyři cesty. Možnost první. Jeďte tramvají číslo 20 v 08:02 ze zastávky Poliklinika Barrandov směrem Divoká Šárka. Vystupte na zastávce Újezd. A pak přestupte. Jeďte tramvají číslo 22 v 08:28 ze zastávky Újezd směrem Nádraží Hostivař. Vystupte na zastávce Bruselská.") 

2013-06-18-19-59-36.486154-CEST  MainProcess : INFO       
    From: VoipIO     To: HUB        Command: play_utterance_start(user_id="None",fname="tts-2013-06-18-19-59-36.441221.wav") 

2013-06-18-19-59-39.869047-CEST  MainProcess : INFO       
    From: TTS        To: HUB        Command: tts_end(user_id="None",text="Do zastávky Zvonařka. Našla jsem čtyři cesty. Možnost první. Jeďte tramvají číslo 20 v 08:02 ze zastávky Poliklinika Barrandov směrem Divoká Šárka. Vystupte na zastávce Újezd. A pak přestupte. Jeďte tramvají číslo 22 v 08:28 ze zastávky Újezd směrem Nádraží Hostivař. Vystupte na zastávce Bruselská.",fname="tts-2013-06-18-19-59-36.441221.wav") 

2013-06-18-19-59-52.688476-CEST  MainProcess : INFO       
    From: VAD        To: HUB        Command: speech_start(fname="vad-2013-06-18-19-59-52.641093.wav") 

2013-06-18-19-59-52.697810-CEST  ASR-3      : DEBUG      
    ASR: speech_start()

2013-06-18-19-59-52.714968-CEST  MainProcess : INFO       
    From: ASR        To: HUB        Command: asr_start() 

2013-06-18-19-59-52.722001-CEST  VoipIO-1   : DEBUG      
    From: HUB        To: VIO        Command: flush_out() 

2013-06-18-19-59-53.765616-CEST  ASR-3      : DEBUG      
    ASR: speech_end()

2013-06-18-19-59-53.773528-CEST  MainProcess : INFO       
    From: VAD        To: HUB        Command: speech_end(fname="vad-2013-06-18-19-59-52.641093.wav") 

2013-06-18-19-59-54.241563-CEST  ASR-3      : DEBUG      
    ASR Hypothesis
    ------------------------------------------------------------
    0.638 kolik je stupňů
    0.091 kolik máte stupňů
    0.078 kolik stupňů
    0.065 kolik má přestupný
    0.052 kolik je vstup
    0.039 kolik je vstupný
    0.026 v kolik stupňů
    0.013 kolik je má přestupný
    0.000 __other__
    

2013-06-18-19-59-54.274951-CEST  MainProcess : INFO       
    From: ASR        To: HUB        Command: asr_end() 

2013-06-18-19-59-54.660357-CEST  SLU-4      : DEBUG      
    SLU Hypothesis
    ------------------------------------------------------------
    0.832 request(num_transfers)
    0.168 other()
    

2013-06-18-19-59-54.692108-CEST  MainProcess : INFO       
    From: SLU        To: HUB        Command: slu_parsed() 

2013-06-18-19-59-54.699070-CEST  DM-5       : DEBUG      
    DDDState Dialogue Act in: request(num_transfers)

2013-06-18-19-59-54.707490-CEST  DM-5       : DEBUG      
    Context Resolution - Dialogue Act: request(num_transfers)

2013-06-18-19-59-54.717071-CEST  DM-5       : DEBUG      
    DDDState - Dialogue state content:
    
    lda = None
    from_centre = None
    from_stop = Poliklinika Barrandov
    route_alternative = 0
    time = None
    to_centre = None
    to_stop = Zvonařka
    
    rh_alternative = system-informed
    rh_alternatives = system-informed
    rh_enter_at = system-informed
    rh_exit_at = system-informed
    rh_from_stop = system-informed
    rh_go_at = system-informed
    rh_headsign = system-informed
    rh_line = system-informed
    rh_num_transfers = user-requested
    rh_to_stop = system-informed
    rh_transfer = system-informed
    rh_vehicle = system-informed
    
    ch_alternative = system-informed
    ch_alternatives = system-informed
    ch_enter_at = system-informed
    ch_exit_at = system-informed
    ch_from_stop = system-informed
    ch_go_at = system-informed
    ch_headsign = system-informed
    ch_line = system-informed
    ch_to_stop = system-informed
    ch_transfer = system-informed
    ch_vehicle = system-informed
    
    sh_alternative = system-informed
    sh_alternatives = system-informed
    sh_enter_at = system-informed
    sh_exit_at = system-informed
    sh_from_stop = system-informed
    sh_go_at = system-informed
    sh_headsign = system-informed
    sh_line = system-informed
    sh_to_stop = system-informed
    sh_transfer = system-informed
    sh_vehicle = system-informed
    

2013-06-18-19-59-54.725818-CEST  DM-5       : DEBUG      
    DDDState
    
    Requested slots:
    {u'num_transfers': u'None'}
    Confirmed slots:
    {}
    Non-informed slots:
    {u'route_alternative': 0}

2013-06-18-19-59-54.734813-CEST  DM-5       : DEBUG      
    DM Output
    ------------------------------------------------------------
    inform(num_transfers="1")
    

2013-06-18-19-59-54.833195-CEST  MainProcess : INFO       
    From: DM         To: HUB        Command: dm_da_generated() 

2013-06-18-19-59-54.841310-CEST  NLG-6      : DEBUG      
    NLG Output
    ------------------------------------------------------------
    Na dané trase je jeden přestup.
    

2013-06-18-19-59-54.873077-CEST  MainProcess : INFO       
    From: NLG        To: HUB        Command: nlg_text_generated() 

2013-06-18-19-59-54.880079-CEST  MainProcess : INFO       
    From: TTS        To: HUB        Command: tts_start(user_id="None",text="Na dané trase je jeden přestup.") 

2013-06-18-19-59-54.903299-CEST  MainProcess : INFO       
    From: VoipIO     To: HUB        Command: play_utterance_start(user_id="None",fname="tts-2013-06-18-19-59-54.863859.wav") 

2013-06-18-19-59-55.618801-CEST  MainProcess : INFO       
    From: TTS        To: HUB        Command: tts_end(user_id="None",text="Na dané trase je jeden přestup.",fname="tts-2013-06-18-19-59-54.863859.wav") 

2013-06-18-19-59-58.548893-CEST  MainProcess : INFO       
    From: VoipIO     To: HUB        Command: play_utterance_end(user_id="None",fname="tts-2013-06-18-19-59-54.863859.wav) 

2013-06-18-19-59-59.609283-CEST  MainProcess : INFO       
    From: VAD        To: HUB        Command: speech_start(fname="vad-2013-06-18-19-59-59.557407.wav") 

2013-06-18-19-59-59.615124-CEST  MainProcess : INFO       
    From: ASR        To: HUB        Command: asr_start() 

2013-06-18-19-59-59.621710-CEST  ASR-3      : DEBUG      
    ASR: speech_start()

2013-06-18-20-00-00.656251-CEST  ASR-3      : DEBUG      
    ASR: speech_end()

2013-06-18-20-00-00.663687-CEST  MainProcess : INFO       
    From: VAD        To: HUB        Command: speech_end(fname="vad-2013-06-18-19-59-59.557407.wav") 

2013-06-18-20-00-01.104083-CEST  ASR-3      : DEBUG      
    ASR Hypothesis
    ------------------------------------------------------------
    0.658 odkud jede
    0.038 odkud pojede
    0.036 odkud to jede
    0.034 odkud vede
    0.031 odkud to jde
    0.029 od kud to jede
    0.027 pojede
    0.025 od kotva jede
    0.022 odkud se jede
    0.020 odkup to jede
    0.018 pokud to jede
    0.016 od kud to jde
    0.013 odkup jede
    0.011 odkup a jede
    0.009 od kud jede
    0.007 odkup to jde
    0.004 pokud to jde
    0.002 pokud se jede
    0.000 __other__
    

2013-06-18-20-00-01.133872-CEST  MainProcess : INFO       
    From: ASR        To: HUB        Command: asr_end() 

2013-06-18-20-00-01.983729-CEST  SLU-4      : DEBUG      
    SLU Hypothesis
    ------------------------------------------------------------
    0.897 other()
    0.103 request(from_stop)
    

2013-06-18-20-00-02.016971-CEST  MainProcess : INFO       
    From: SLU        To: HUB        Command: slu_parsed() 

2013-06-18-20-00-02.024458-CEST  DM-5       : DEBUG      
    DDDState Dialogue Act in: other()

2013-06-18-20-00-02.032544-CEST  DM-5       : DEBUG      
    Context Resolution - Dialogue Act: other()

2013-06-18-20-00-02.041372-CEST  DM-5       : DEBUG      
    DDDState - Dialogue state content:
    
    lda = None
    from_centre = None
    from_stop = Poliklinika Barrandov
    route_alternative = 0
    time = None
    to_centre = None
    to_stop = Zvonařka
    
    rh_alternative = system-informed
    rh_alternatives = system-informed
    rh_enter_at = system-informed
    rh_exit_at = system-informed
    rh_from_stop = system-informed
    rh_go_at = system-informed
    rh_headsign = system-informed
    rh_line = system-informed
    rh_num_transfers = system-informed
    rh_to_stop = system-informed
    rh_transfer = system-informed
    rh_vehicle = system-informed
    
    ch_alternative = system-informed
    ch_alternatives = system-informed
    ch_enter_at = system-informed
    ch_exit_at = system-informed
    ch_from_stop = system-informed
    ch_go_at = system-informed
    ch_headsign = system-informed
    ch_line = system-informed
    ch_num_transfers = system-informed
    ch_to_stop = system-informed
    ch_transfer = system-informed
    ch_vehicle = system-informed
    
    sh_alternative = system-informed
    sh_alternatives = system-informed
    sh_enter_at = system-informed
    sh_exit_at = system-informed
    sh_from_stop = system-informed
    sh_go_at = system-informed
    sh_headsign = system-informed
    sh_line = system-informed
    sh_num_transfers = system-informed
    sh_to_stop = system-informed
    sh_transfer = system-informed
    sh_vehicle = system-informed
    

2013-06-18-20-00-02.050071-CEST  DM-5       : DEBUG      
    DDDState
    
    Requested slots:
    {}
    Confirmed slots:
    {}
    Non-informed slots:
    {u'route_alternative': 0}

2013-06-18-20-00-02.254163-CEST  DM-5       : DEBUG      
    DM Output
    ------------------------------------------------------------
    inform(alternatives="4")&inform(alternative="1")&inform(vehicle="TRAM")&inform(line="20")&inform(go_at="08:02")&inform(enter_at="Poliklinika Barrandov")&inform(headsign="Divoká Šárka")&inform(exit_at="Újezd")&inform(transfer="true")&inform(vehicle="TRAM")&inform(line="22")&inform(go_at="08:28")&inform(enter_at="Újezd")&inform(headsign="Nádraží Hostivař")&inform(exit_at="Bruselská")
    

2013-06-18-20-00-02.312006-CEST  MainProcess : INFO       
    From: DM         To: HUB        Command: dm_da_generated() 

2013-06-18-20-00-02.491143-CEST  NLG-6      : DEBUG      
    NLG Output
    ------------------------------------------------------------
    Našla jsem čtyři cesty. Možnost první. Jeďte tramvají číslo 20 v 08:02 ze zastávky Poliklinika Barrandov směrem Divoká Šárka. Vystupte na zastávce Újezd. A pak přestupte. Jeďte tramvají číslo 22 v 08:28 ze zastávky Újezd směrem Nádraží Hostivař. Vystupte na zastávce Bruselská.
    

2013-06-18-20-00-02.534756-CEST  MainProcess : INFO       
    From: NLG        To: HUB        Command: nlg_text_generated() 

2013-06-18-20-00-02.542276-CEST  MainProcess : INFO       
    From: TTS        To: HUB        Command: tts_start(user_id="None",text="Našla jsem čtyři cesty. Možnost první. Jeďte tramvají číslo 20 v 08:02 ze zastávky Poliklinika Barrandov směrem Divoká Šárka. Vystupte na zastávce Újezd. A pak přestupte. Jeďte tramvají číslo 22 v 08:28 ze zastávky Újezd směrem Nádraží Hostivař. Vystupte na zastávce Bruselská.") 

2013-06-18-20-00-02.576589-CEST  MainProcess : INFO       
    From: VoipIO     To: HUB        Command: play_utterance_start(user_id="None",fname="tts-2013-06-18-20-00-02.516738.wav") 

2013-06-18-20-00-02.937145-CEST  MainProcess : INFO       
    From: TTS        To: HUB        Command: tts_end(user_id="None",text="Našla jsem čtyři cesty. Možnost první. Jeďte tramvají číslo 20 v 08:02 ze zastávky Poliklinika Barrandov směrem Divoká Šárka. Vystupte na zastávce Újezd. A pak přestupte. Jeďte tramvají číslo 22 v 08:28 ze zastávky Újezd směrem Nádraží Hostivař. Vystupte na zastávce Bruselská.",fname="tts-2013-06-18-20-00-02.516738.wav") 

2013-06-18-20-00-05.365561-CEST  ASR-3      : DEBUG      
    ASR: speech_start()

2013-06-18-20-00-05.372536-CEST  MainProcess : INFO       
    From: VAD        To: HUB        Command: speech_start(fname="vad-2013-06-18-20-00-05.312228.wav") 

2013-06-18-20-00-05.403119-CEST  MainProcess : INFO       
    From: ASR        To: HUB        Command: asr_start() 

2013-06-18-20-00-05.411211-CEST  VoipIO-1   : DEBUG      
    From: HUB        To: VIO        Command: flush_out() 

2013-06-18-20-00-06.760376-CEST  ASR-3      : DEBUG      
    ASR: speech_end()

2013-06-18-20-00-06.767853-CEST  MainProcess : INFO       
    From: VAD        To: HUB        Command: speech_end(fname="vad-2013-06-18-20-00-05.312228.wav") 

2013-06-18-20-00-07.361105-CEST  ASR-3      : DEBUG      
    ASR Hypothesis
    ------------------------------------------------------------
    0.482 jaké zastávky
    0.130 jak se dostat
    0.111 jak se stát
    0.093 jak dostat
    0.074 jak zastavit
    0.056 jaké zastavit
    0.037 jaké stát
    0.019 jak na stát
    0.000 __other__
    

2013-06-18-20-00-07.393416-CEST  MainProcess : INFO       
    From: ASR        To: HUB        Command: asr_end() 

2013-06-18-20-00-07.770717-CEST  SLU-4      : DEBUG      
    SLU Hypothesis
    ------------------------------------------------------------
    1.000 other()
    

2013-06-18-20-00-07.805379-CEST  MainProcess : INFO       
    From: SLU        To: HUB        Command: slu_parsed() 

2013-06-18-20-00-07.812819-CEST  DM-5       : DEBUG      
    DDDState Dialogue Act in: other()

2013-06-18-20-00-07.820318-CEST  DM-5       : DEBUG      
    Context Resolution - Dialogue Act: other()

2013-06-18-20-00-07.829257-CEST  DM-5       : DEBUG      
    DDDState - Dialogue state content:
    
    lda = None
    from_centre = None
    from_stop = Poliklinika Barrandov
    route_alternative = 0
    time = None
    to_centre = None
    to_stop = Zvonařka
    
    rh_alternative = system-informed
    rh_alternatives = system-informed
    rh_enter_at = system-informed
    rh_exit_at = system-informed
    rh_from_stop = system-informed
    rh_go_at = system-informed
    rh_headsign = system-informed
    rh_line = system-informed
    rh_num_transfers = system-informed
    rh_to_stop = system-informed
    rh_transfer = system-informed
    rh_vehicle = system-informed
    
    ch_alternative = system-informed
    ch_alternatives = system-informed
    ch_enter_at = system-informed
    ch_exit_at = system-informed
    ch_from_stop = system-informed
    ch_go_at = system-informed
    ch_headsign = system-informed
    ch_line = system-informed
    ch_num_transfers = system-informed
    ch_to_stop = system-informed
    ch_transfer = system-informed
    ch_vehicle = system-informed
    
    sh_alternative = system-informed
    sh_alternatives = system-informed
    sh_enter_at = system-informed
    sh_exit_at = system-informed
    sh_from_stop = system-informed
    sh_go_at = system-informed
    sh_headsign = system-informed
    sh_line = system-informed
    sh_num_transfers = system-informed
    sh_to_stop = system-informed
    sh_transfer = system-informed
    sh_vehicle = system-informed
    

2013-06-18-20-00-07.837920-CEST  DM-5       : DEBUG      
    DDDState
    
    Requested slots:
    {}
    Confirmed slots:
    {}
    Non-informed slots:
    {u'route_alternative': 0}

2013-06-18-20-00-08.231167-CEST  DM-5       : DEBUG      
    DM Output
    ------------------------------------------------------------
    inform(alternatives="4")&inform(alternative="1")&inform(vehicle="TRAM")&inform(line="20")&inform(go_at="08:02")&inform(enter_at="Poliklinika Barrandov")&inform(headsign="Divoká Šárka")&inform(exit_at="Újezd")&inform(transfer="true")&inform(vehicle="TRAM")&inform(line="22")&inform(go_at="08:28")&inform(enter_at="Újezd")&inform(headsign="Nádraží Hostivař")&inform(exit_at="Bruselská")
    

2013-06-18-20-00-08.290046-CEST  MainProcess : INFO       
    From: DM         To: HUB        Command: dm_da_generated() 

2013-06-18-20-00-08.515952-CEST  NLG-6      : DEBUG      
    NLG Output
    ------------------------------------------------------------
    Našla jsem čtyři cesty. Možnost první. Jeďte tramvají číslo 20 v 08:02 ze zastávky Poliklinika Barrandov směrem Divoká Šárka. Vystupte na zastávce Újezd. A pak přestupte. Jeďte tramvají číslo 22 v 08:28 ze zastávky Újezd směrem Nádraží Hostivař. Vystupte na zastávce Bruselská.
    

2013-06-18-20-00-08.563518-CEST  MainProcess : INFO       
    From: NLG        To: HUB        Command: nlg_text_generated() 

2013-06-18-20-00-08.570806-CEST  MainProcess : INFO       
    From: TTS        To: HUB        Command: tts_start(user_id="None",text="Našla jsem čtyři cesty. Možnost první. Jeďte tramvají číslo 20 v 08:02 ze zastávky Poliklinika Barrandov směrem Divoká Šárka. Vystupte na zastávce Újezd. A pak přestupte. Jeďte tramvají číslo 22 v 08:28 ze zastávky Újezd směrem Nádraží Hostivař. Vystupte na zastávce Bruselská.") 

2013-06-18-20-00-08.821408-CEST  MainProcess : INFO       
    From: VoipIO     To: HUB        Command: play_utterance_start(user_id="None",fname="tts-2013-06-18-20-00-08.543400.wav") 

2013-06-18-20-00-09.141748-CEST  MainProcess : INFO       
    From: TTS        To: HUB        Command: tts_end(user_id="None",text="Našla jsem čtyři cesty. Možnost první. Jeďte tramvají číslo 20 v 08:02 ze zastávky Poliklinika Barrandov směrem Divoká Šárka. Vystupte na zastávce Újezd. A pak přestupte. Jeďte tramvají číslo 22 v 08:28 ze zastávky Újezd směrem Nádraží Hostivař. Vystupte na zastávce Bruselská.",fname="tts-2013-06-18-20-00-08.543400.wav") 

2013-06-18-20-00-11.194768-CEST  ASR-3      : DEBUG      
    ASR: speech_start()

2013-06-18-20-00-11.202384-CEST  MainProcess : INFO       
    From: VAD        To: HUB        Command: speech_start(fname="vad-2013-06-18-20-00-11.134008.wav") 

2013-06-18-20-00-11.238807-CEST  MainProcess : INFO       
    From: ASR        To: HUB        Command: asr_start() 

2013-06-18-20-00-11.246667-CEST  VoipIO-1   : DEBUG      
    From: HUB        To: VIO        Command: flush_out() 

2013-06-18-20-00-13.292464-CEST  MainProcess : INFO       
    From: VAD        To: HUB        Command: speech_end(fname="vad-2013-06-18-20-00-11.134008.wav") 

2013-06-18-20-00-13.300674-CEST  ASR-3      : DEBUG      
    ASR: speech_end()

2013-06-18-20-00-14.171820-CEST  ASR-3      : DEBUG      
    ASR Hypothesis
    ------------------------------------------------------------
    0.740 z jaké zastávky to jede
    0.037 v jaké zastávky to jede
    0.034 za jaké zastávky to jede
    0.031 z jaké zastávky pojede
    0.029 jaké zastávky to jede
    0.026 ze jaké zastávky to jede
    0.023 z jaké zastávky to je de
    0.020 z jaké zastávky dojede
    0.017 z jaké zastávky to je
    0.014 v jaké zastávky pojede
    0.011 ve jaké zastávky to jede
    0.009 za jaké zastávky pojede
    0.006 we jaké zastávky to jede
    0.003 v jaké zastávky to je de
    0.000 __other__
    

2013-06-18-20-00-14.257741-CEST  MainProcess : INFO       
    From: ASR        To: HUB        Command: asr_end() 

2013-06-18-20-00-14.930734-CEST  SLU-4      : DEBUG      
    SLU Hypothesis
    ------------------------------------------------------------
    0.766 request(from_stop)
    0.234 other()
    

2013-06-18-20-00-14.973083-CEST  MainProcess : INFO       
    From: SLU        To: HUB        Command: slu_parsed() 

2013-06-18-20-00-14.979664-CEST  DM-5       : DEBUG      
    DDDState Dialogue Act in: request(from_stop)

2013-06-18-20-00-14.987040-CEST  DM-5       : DEBUG      
    Context Resolution - Dialogue Act: request(from_stop)

2013-06-18-20-00-14.995363-CEST  DM-5       : DEBUG      
    DDDState - Dialogue state content:
    
    lda = None
    from_centre = None
    from_stop = Poliklinika Barrandov
    route_alternative = 0
    time = None
    to_centre = None
    to_stop = Zvonařka
    
    rh_alternative = system-informed
    rh_alternatives = system-informed
    rh_enter_at = system-informed
    rh_exit_at = system-informed
    rh_from_stop = user-requested
    rh_go_at = system-informed
    rh_headsign = system-informed
    rh_line = system-informed
    rh_num_transfers = system-informed
    rh_to_stop = system-informed
    rh_transfer = system-informed
    rh_vehicle = system-informed
    
    ch_alternative = system-informed
    ch_alternatives = system-informed
    ch_enter_at = system-informed
    ch_exit_at = system-informed
    ch_from_stop = system-informed
    ch_go_at = system-informed
    ch_headsign = system-informed
    ch_line = system-informed
    ch_num_transfers = system-informed
    ch_to_stop = system-informed
    ch_transfer = system-informed
    ch_vehicle = system-informed
    
    sh_alternative = system-informed
    sh_alternatives = system-informed
    sh_enter_at = system-informed
    sh_exit_at = system-informed
    sh_from_stop = system-informed
    sh_go_at = system-informed
    sh_headsign = system-informed
    sh_line = system-informed
    sh_num_transfers = system-informed
    sh_to_stop = system-informed
    sh_transfer = system-informed
    sh_vehicle = system-informed
    

2013-06-18-20-00-15.003565-CEST  DM-5       : DEBUG      
    DDDState
    
    Requested slots:
    {u'from_stop': u'Poliklinika Barrandov'}
    Confirmed slots:
    {}
    Non-informed slots:
    {u'route_alternative': 0}

2013-06-18-20-00-15.011984-CEST  DM-5       : DEBUG      
    DM Output
    ------------------------------------------------------------
    inform(from_stop="Poliklinika Barrandov")&inform(vehicle="TRAM")&inform(line="20")&inform(headsign="Divoká Šárka")
    

2013-06-18-20-00-15.083519-CEST  MainProcess : INFO       
    From: DM         To: HUB        Command: dm_da_generated() 

2013-06-18-20-00-15.091807-CEST  NLG-6      : DEBUG      
    NLG Output
    ------------------------------------------------------------
    Ze zastávky Poliklinika Barrandov. Jeďte tramvají číslo 20 směrem Divoká Šárka.
    

2013-06-18-20-00-15.132501-CEST  MainProcess : INFO       
    From: NLG        To: HUB        Command: nlg_text_generated() 

2013-06-18-20-00-15.142123-CEST  MainProcess : INFO       
    From: TTS        To: HUB        Command: tts_start(user_id="None",text="Ze zastávky Poliklinika Barrandov. Jeďte tramvají číslo 20 směrem Divoká Šárka.") 

2013-06-18-20-00-15.174779-CEST  MainProcess : INFO       
    From: VoipIO     To: HUB        Command: play_utterance_start(user_id="None",fname="tts-2013-06-18-20-00-15.124226.wav") 

2013-06-18-20-00-15.731537-CEST  MainProcess : INFO       
    From: TTS        To: HUB        Command: tts_end(user_id="None",text="Ze zastávky Poliklinika Barrandov. Jeďte tramvají číslo 20 směrem Divoká Šárka.",fname="tts-2013-06-18-20-00-15.124226.wav") 

2013-06-18-20-00-20.034065-CEST  ASR-3      : DEBUG      
    ASR: speech_start()

2013-06-18-20-00-20.040016-CEST  MainProcess : INFO       
    From: VAD        To: HUB        Command: speech_start(fname="vad-2013-06-18-20-00-19.966051.wav") 

2013-06-18-20-00-20.076128-CEST  MainProcess : INFO       
    From: ASR        To: HUB        Command: asr_start() 

2013-06-18-20-00-20.084179-CEST  VoipIO-1   : DEBUG      
    From: HUB        To: VIO        Command: flush_out() 

2013-06-18-20-00-22.575441-CEST  MainProcess : INFO       
    From: VAD        To: HUB        Command: speech_end(fname="vad-2013-06-18-20-00-19.966051.wav") 

2013-06-18-20-00-22.582337-CEST  ASR-3      : DEBUG      
    ASR: speech_end()

2013-06-18-20-00-23.639349-CEST  ASR-3      : DEBUG      
    ASR Hypothesis
    ------------------------------------------------------------
    0.497 jakou zastávku to jede
    0.091 jakou zastávku to tě
    0.082 jakou zastávku toč
    0.073 jakou zastávku tak tě
    0.064 jakou zastávkou to jede
    0.055 jakou zastávkou to tě
    0.046 jakou zastávku to
    0.037 jakou zastávku to jde
    0.027 jakou zastávku proč tě
    0.018 tak jakou zastávku to jede
    0.009 tak jakou zastávku to tě
    0.000 __other__
    

2013-06-18-20-00-23.679120-CEST  MainProcess : INFO       
    From: ASR        To: HUB        Command: asr_end() 

2013-06-18-20-00-24.194846-CEST  SLU-4      : DEBUG      
    SLU Hypothesis
    ------------------------------------------------------------
    1.000 other()
    

2013-06-18-20-00-24.234334-CEST  MainProcess : INFO       
    From: SLU        To: HUB        Command: slu_parsed() 

2013-06-18-20-00-24.242276-CEST  DM-5       : DEBUG      
    DDDState Dialogue Act in: other()

2013-06-18-20-00-24.250934-CEST  DM-5       : DEBUG      
    Context Resolution - Dialogue Act: other()

2013-06-18-20-00-24.259092-CEST  DM-5       : DEBUG      
    DDDState - Dialogue state content:
    
    lda = None
    from_centre = None
    from_stop = Poliklinika Barrandov
    route_alternative = 0
    time = None
    to_centre = None
    to_stop = Zvonařka
    
    rh_alternative = system-informed
    rh_alternatives = system-informed
    rh_enter_at = system-informed
    rh_exit_at = system-informed
    rh_from_stop = system-informed
    rh_go_at = system-informed
    rh_headsign = system-informed
    rh_line = system-informed
    rh_num_transfers = system-informed
    rh_to_stop = system-informed
    rh_transfer = system-informed
    rh_vehicle = system-informed
    
    ch_alternative = system-informed
    ch_alternatives = system-informed
    ch_enter_at = system-informed
    ch_exit_at = system-informed
    ch_from_stop = system-informed
    ch_go_at = system-informed
    ch_headsign = system-informed
    ch_line = system-informed
    ch_num_transfers = system-informed
    ch_to_stop = system-informed
    ch_transfer = system-informed
    ch_vehicle = system-informed
    
    sh_alternative = system-informed
    sh_alternatives = system-informed
    sh_enter_at = system-informed
    sh_exit_at = system-informed
    sh_from_stop = system-informed
    sh_go_at = system-informed
    sh_headsign = system-informed
    sh_line = system-informed
    sh_num_transfers = system-informed
    sh_to_stop = system-informed
    sh_transfer = system-informed
    sh_vehicle = system-informed
    

2013-06-18-20-00-24.266574-CEST  DM-5       : DEBUG      
    DDDState
    
    Requested slots:
    {}
    Confirmed slots:
    {}
    Non-informed slots:
    {u'route_alternative': 0}

2013-06-18-20-00-24.419184-CEST  DM-5       : DEBUG      
    DM Output
    ------------------------------------------------------------
    inform(alternatives="4")&inform(alternative="1")&inform(vehicle="TRAM")&inform(line="20")&inform(go_at="08:02")&inform(enter_at="Poliklinika Barrandov")&inform(headsign="Divoká Šárka")&inform(exit_at="Újezd")&inform(transfer="true")&inform(vehicle="TRAM")&inform(line="22")&inform(go_at="08:28")&inform(enter_at="Újezd")&inform(headsign="Nádraží Hostivař")&inform(exit_at="Bruselská")
    

2013-06-18-20-00-24.493891-CEST  MainProcess : INFO       
    From: DM         To: HUB        Command: dm_da_generated() 

2013-06-18-20-00-24.674055-CEST  NLG-6      : DEBUG      
    NLG Output
    ------------------------------------------------------------
    Našla jsem čtyři cesty. Možnost první. Jeďte tramvají číslo 20 v 08:02 ze zastávky Poliklinika Barrandov směrem Divoká Šárka. Vystupte na zastávce Újezd. A pak přestupte. Jeďte tramvají číslo 22 v 08:28 ze zastávky Újezd směrem Nádraží Hostivař. Vystupte na zastávce Bruselská.
    

2013-06-18-20-00-24.726307-CEST  MainProcess : INFO       
    From: NLG        To: HUB        Command: nlg_text_generated() 

2013-06-18-20-00-24.734040-CEST  MainProcess : INFO       
    From: TTS        To: HUB        Command: tts_start(user_id="None",text="Našla jsem čtyři cesty. Možnost první. Jeďte tramvají číslo 20 v 08:02 ze zastávky Poliklinika Barrandov směrem Divoká Šárka. Vystupte na zastávce Újezd. A pak přestupte. Jeďte tramvají číslo 22 v 08:28 ze zastávky Újezd směrem Nádraží Hostivař. Vystupte na zastávce Bruselská.") 

2013-06-18-20-00-24.772310-CEST  MainProcess : INFO       
    From: VoipIO     To: HUB        Command: play_utterance_start(user_id="None",fname="tts-2013-06-18-20-00-24.707282.wav") 

2013-06-18-20-00-25.083066-CEST  MainProcess : INFO       
    From: TTS        To: HUB        Command: tts_end(user_id="None",text="Našla jsem čtyři cesty. Možnost první. Jeďte tramvají číslo 20 v 08:02 ze zastávky Poliklinika Barrandov směrem Divoká Šárka. Vystupte na zastávce Újezd. A pak přestupte. Jeďte tramvají číslo 22 v 08:28 ze zastávky Újezd směrem Nádraží Hostivař. Vystupte na zastávce Bruselská.",fname="tts-2013-06-18-20-00-24.707282.wav") 

2013-06-18-20-00-27.728098-CEST  MainProcess : INFO       
    From: VAD        To: HUB        Command: speech_start(fname="vad-2013-06-18-20-00-27.657757.wav") 

2013-06-18-20-00-27.737725-CEST  ASR-3      : DEBUG      
    ASR: speech_start()

2013-06-18-20-00-27.813847-CEST  MainProcess : INFO       
    From: ASR        To: HUB        Command: asr_start() 

2013-06-18-20-00-27.821680-CEST  VoipIO-1   : DEBUG      
    From: HUB        To: VIO        Command: flush_out() 

2013-06-18-20-00-30.390773-CEST  ASR-3      : DEBUG      
    ASR: speech_end()

2013-06-18-20-00-30.398407-CEST  MainProcess : INFO       
    From: VAD        To: HUB        Command: speech_end(fname="vad-2013-06-18-20-00-27.657757.wav") 

2013-06-18-20-00-31.089664-CEST  ASR-3      : DEBUG      
    ASR Hypothesis
    ------------------------------------------------------------
    0.841 na jakou zastávku to jede
    0.035 na jakou zastávku a to jede
    0.031 na jakou zastávku to je de
    0.027 na jakou za stávku to jede
    0.022 na jakou zastávku to jede a
    0.018 na jakou zastávku to je d
    0.013 na jakou zastávku u to jede
    0.009 na jakou zakázku to jede
    0.004 na nějakou zastávku to jede
    0.000 __other__
    

2013-06-18-20-00-31.135145-CEST  MainProcess : INFO       
    From: ASR        To: HUB        Command: asr_end() 

2013-06-18-20-00-31.560147-CEST  SLU-4      : DEBUG      
    SLU Hypothesis
    ------------------------------------------------------------
    1.000 other()
    

2013-06-18-20-00-31.603760-CEST  MainProcess : INFO       
    From: SLU        To: HUB        Command: slu_parsed() 

2013-06-18-20-00-31.612244-CEST  DM-5       : DEBUG      
    DDDState Dialogue Act in: other()

2013-06-18-20-00-31.619383-CEST  DM-5       : DEBUG      
    Context Resolution - Dialogue Act: other()

2013-06-18-20-00-31.626447-CEST  DM-5       : DEBUG      
    DDDState - Dialogue state content:
    
    lda = None
    from_centre = None
    from_stop = Poliklinika Barrandov
    route_alternative = 0
    time = None
    to_centre = None
    to_stop = Zvonařka
    
    rh_alternative = system-informed
    rh_alternatives = system-informed
    rh_enter_at = system-informed
    rh_exit_at = system-informed
    rh_from_stop = system-informed
    rh_go_at = system-informed
    rh_headsign = system-informed
    rh_line = system-informed
    rh_num_transfers = system-informed
    rh_to_stop = system-informed
    rh_transfer = system-informed
    rh_vehicle = system-informed
    
    ch_alternative = system-informed
    ch_alternatives = system-informed
    ch_enter_at = system-informed
    ch_exit_at = system-informed
    ch_from_stop = system-informed
    ch_go_at = system-informed
    ch_headsign = system-informed
    ch_line = system-informed
    ch_num_transfers = system-informed
    ch_to_stop = system-informed
    ch_transfer = system-informed
    ch_vehicle = system-informed
    
    sh_alternative = system-informed
    sh_alternatives = system-informed
    sh_enter_at = system-informed
    sh_exit_at = system-informed
    sh_from_stop = system-informed
    sh_go_at = system-informed
    sh_headsign = system-informed
    sh_line = system-informed
    sh_num_transfers = system-informed
    sh_to_stop = system-informed
    sh_transfer = system-informed
    sh_vehicle = system-informed
    

2013-06-18-20-00-31.634450-CEST  DM-5       : DEBUG      
    DDDState
    
    Requested slots:
    {}
    Confirmed slots:
    {}
    Non-informed slots:
    {u'route_alternative': 0}

2013-06-18-20-00-31.809761-CEST  DM-5       : DEBUG      
    DM Output
    ------------------------------------------------------------
    inform(alternatives="4")&inform(alternative="1")&inform(vehicle="TRAM")&inform(line="20")&inform(go_at="08:02")&inform(enter_at="Poliklinika Barrandov")&inform(headsign="Divoká Šárka")&inform(exit_at="Újezd")&inform(transfer="true")&inform(vehicle="TRAM")&inform(line="22")&inform(go_at="08:28")&inform(enter_at="Újezd")&inform(headsign="Nádraží Hostivař")&inform(exit_at="Bruselská")
    

2013-06-18-20-00-31.889172-CEST  MainProcess : INFO       
    From: DM         To: HUB        Command: dm_da_generated() 

2013-06-18-20-00-32.070563-CEST  NLG-6      : DEBUG      
    NLG Output
    ------------------------------------------------------------
    Našla jsem čtyři cesty. Možnost první. Jeďte tramvají číslo 20 v 08:02 ze zastávky Poliklinika Barrandov směrem Divoká Šárka. Vystupte na zastávce Újezd. A pak přestupte. Jeďte tramvají číslo 22 v 08:28 ze zastávky Újezd směrem Nádraží Hostivař. Vystupte na zastávce Bruselská.
    

2013-06-18-20-00-32.119681-CEST  MainProcess : INFO       
    From: NLG        To: HUB        Command: nlg_text_generated() 

2013-06-18-20-00-32.130362-CEST  MainProcess : INFO       
    From: TTS        To: HUB        Command: tts_start(user_id="None",text="Našla jsem čtyři cesty. Možnost první. Jeďte tramvají číslo 20 v 08:02 ze zastávky Poliklinika Barrandov směrem Divoká Šárka. Vystupte na zastávce Újezd. A pak přestupte. Jeďte tramvají číslo 22 v 08:28 ze zastávky Újezd směrem Nádraží Hostivař. Vystupte na zastávce Bruselská.") 

2013-06-18-20-00-32.174386-CEST  MainProcess : INFO       
    From: VoipIO     To: HUB        Command: play_utterance_start(user_id="None",fname="tts-2013-06-18-20-00-32.104200.wav") 

2013-06-18-20-00-32.494629-CEST  MainProcess : INFO       
    From: TTS        To: HUB        Command: tts_end(user_id="None",text="Našla jsem čtyři cesty. Možnost první. Jeďte tramvají číslo 20 v 08:02 ze zastávky Poliklinika Barrandov směrem Divoká Šárka. Vystupte na zastávce Újezd. A pak přestupte. Jeďte tramvají číslo 22 v 08:28 ze zastávky Újezd směrem Nádraží Hostivař. Vystupte na zastávce Bruselská.",fname="tts-2013-06-18-20-00-32.104200.wav") 

2013-06-18-20-00-34.709185-CEST  MainProcess : INFO       
    From: VAD        To: HUB        Command: speech_start(fname="vad-2013-06-18-20-00-34.631605.wav") 

2013-06-18-20-00-34.720176-CEST  ASR-3      : DEBUG      
    ASR: speech_start()

2013-06-18-20-00-34.750211-CEST  MainProcess : INFO       
    From: ASR        To: HUB        Command: asr_start() 

2013-06-18-20-00-34.758514-CEST  VoipIO-1   : DEBUG      
    From: HUB        To: VIO        Command: flush_out() 

2013-06-18-20-00-35.250316-CEST  ASR-3      : DEBUG      
    ASR: speech_end()

2013-06-18-20-00-35.258171-CEST  MainProcess : INFO       
    From: VAD        To: HUB        Command: speech_end(fname="vad-2013-06-18-20-00-34.631605.wav") 

2013-06-18-20-00-35.577413-CEST  ASR-3      : DEBUG      
    ASR Hypothesis
    ------------------------------------------------------------
    0.774 děkuji
    0.090 děkuju
    0.068 jakub
    0.045 děkuj
    0.023 jako
    0.000 __other__
    

2013-06-18-20-00-35.621318-CEST  MainProcess : INFO       
    From: ASR        To: HUB        Command: asr_end() 

2013-06-18-20-00-35.855242-CEST  SLU-4      : DEBUG      
    SLU Hypothesis
    ------------------------------------------------------------
    0.864 thankyou()
    0.136 other()
    

2013-06-18-20-00-35.900974-CEST  MainProcess : INFO       
    From: SLU        To: HUB        Command: slu_parsed() 

2013-06-18-20-00-35.909161-CEST  DM-5       : DEBUG      
    DDDState Dialogue Act in: thankyou()

2013-06-18-20-00-35.916562-CEST  DM-5       : DEBUG      
    Context Resolution - Dialogue Act: thankyou()

2013-06-18-20-00-35.925328-CEST  DM-5       : DEBUG      
    DDDState - Dialogue state content:
    
    lda = thankyou
    from_centre = None
    from_stop = Poliklinika Barrandov
    route_alternative = 0
    time = None
    to_centre = None
    to_stop = Zvonařka
    
    rh_alternative = system-informed
    rh_alternatives = system-informed
    rh_enter_at = system-informed
    rh_exit_at = system-informed
    rh_from_stop = system-informed
    rh_go_at = system-informed
    rh_headsign = system-informed
    rh_line = system-informed
    rh_num_transfers = system-informed
    rh_to_stop = system-informed
    rh_transfer = system-informed
    rh_vehicle = system-informed
    
    ch_alternative = system-informed
    ch_alternatives = system-informed
    ch_enter_at = system-informed
    ch_exit_at = system-informed
    ch_from_stop = system-informed
    ch_go_at = system-informed
    ch_headsign = system-informed
    ch_line = system-informed
    ch_num_transfers = system-informed
    ch_to_stop = system-informed
    ch_transfer = system-informed
    ch_vehicle = system-informed
    
    sh_alternative = system-informed
    sh_alternatives = system-informed
    sh_enter_at = system-informed
    sh_exit_at = system-informed
    sh_from_stop = system-informed
    sh_go_at = system-informed
    sh_headsign = system-informed
    sh_line = system-informed
    sh_num_transfers = system-informed
    sh_to_stop = system-informed
    sh_transfer = system-informed
    sh_vehicle = system-informed
    

2013-06-18-20-00-35.934355-CEST  DM-5       : DEBUG      
    DDDState
    
    Requested slots:
    {}
    Confirmed slots:
    {}
    Non-informed slots:
    {u'route_alternative': 0}

2013-06-18-20-00-35.942537-CEST  DM-5       : DEBUG      
    DM Output
    ------------------------------------------------------------
    inform(cordiality="true")&hello()
    

2013-06-18-20-00-36.023049-CEST  NLG-6      : DEBUG      
    NLG Output
    ------------------------------------------------------------
    Nemáte zač. S čím Vám mohu ještě pomoci.
    

2013-06-18-20-00-36.033468-CEST  MainProcess : INFO       
    From: DM         To: HUB        Command: dm_da_generated() 

2013-06-18-20-00-36.079507-CEST  MainProcess : INFO       
    From: NLG        To: HUB        Command: nlg_text_generated() 

2013-06-18-20-00-36.096602-CEST  MainProcess : INFO       
    From: TTS        To: HUB        Command: tts_start(user_id="None",text="Nemáte zač. S čím Vám mohu ještě pomoci.") 

2013-06-18-20-00-36.141524-CEST  MainProcess : INFO       
    From: VoipIO     To: HUB        Command: play_utterance_start(user_id="None",fname="tts-2013-06-18-20-00-36.062509.wav") 

2013-06-18-20-00-36.150107-CEST  MainProcess : INFO       
    From: TTS        To: HUB        Command: tts_end(user_id="None",text="Nemáte zač. S čím Vám mohu ještě pomoci.",fname="tts-2013-06-18-20-00-36.062509.wav") 

2013-06-18-20-00-40.659544-CEST  MainProcess : INFO       
    From: VoipIO     To: HUB        Command: play_utterance_end(user_id="None",fname="tts-2013-06-18-20-00-36.062509.wav) 

2013-06-18-20-00-42.006775-CEST  ASR-3      : DEBUG      
    ASR: speech_start()

2013-06-18-20-00-42.014328-CEST  MainProcess : INFO       
    From: VAD        To: HUB        Command: speech_start(fname="vad-2013-06-18-20-00-41.927057.wav") 

2013-06-18-20-00-42.021481-CEST  MainProcess : INFO       
    From: ASR        To: HUB        Command: asr_start() 

2013-06-18-20-00-42.861540-CEST  ASR-3      : DEBUG      
    ASR: speech_end()

2013-06-18-20-00-42.868760-CEST  MainProcess : INFO       
    From: VAD        To: HUB        Command: speech_end(fname="vad-2013-06-18-20-00-41.927057.wav") 

2013-06-18-20-00-43.224734-CEST  ASR-3      : DEBUG      
    ASR Hypothesis
    ------------------------------------------------------------
    0.378 nashledanou
    0.156 na shledanou
    0.133 na hledanou
    0.111 naschledanou
    0.089 nashledanou a
    0.067 na shledanou a
    0.044 na hledanou a
    0.022 naschledanou a
    0.000 __other__
    

2013-06-18-20-00-43.272674-CEST  MainProcess : INFO       
    From: ASR        To: HUB        Command: asr_end() 

2013-06-18-20-00-43.655004-CEST  SLU-4      : DEBUG      
    SLU Hypothesis
    ------------------------------------------------------------
    1.000 bye()
    

2013-06-18-20-00-43.703712-CEST  DM-5       : DEBUG      
    DDDState Dialogue Act in: bye()

2013-06-18-20-00-43.712047-CEST  MainProcess : INFO       
    From: SLU        To: HUB        Command: slu_parsed() 

2013-06-18-20-00-43.719453-CEST  DM-5       : DEBUG      
    Context Resolution - Dialogue Act: bye()

2013-06-18-20-00-43.728962-CEST  DM-5       : DEBUG      
    DDDState - Dialogue state content:
    
    lda = bye
    from_centre = None
    from_stop = Poliklinika Barrandov
    route_alternative = 0
    time = None
    to_centre = None
    to_stop = Zvonařka
    
    rh_alternative = system-informed
    rh_alternatives = system-informed
    rh_cordiality = system-informed
    rh_enter_at = system-informed
    rh_exit_at = system-informed
    rh_from_stop = system-informed
    rh_go_at = system-informed
    rh_headsign = system-informed
    rh_line = system-informed
    rh_num_transfers = system-informed
    rh_to_stop = system-informed
    rh_transfer = system-informed
    rh_vehicle = system-informed
    
    ch_alternative = system-informed
    ch_alternatives = system-informed
    ch_cordiality = system-informed
    ch_enter_at = system-informed
    ch_exit_at = system-informed
    ch_from_stop = system-informed
    ch_go_at = system-informed
    ch_headsign = system-informed
    ch_line = system-informed
    ch_num_transfers = system-informed
    ch_to_stop = system-informed
    ch_transfer = system-informed
    ch_vehicle = system-informed
    
    sh_alternative = system-informed
    sh_alternatives = system-informed
    sh_cordiality = system-informed
    sh_enter_at = system-informed
    sh_exit_at = system-informed
    sh_from_stop = system-informed
    sh_go_at = system-informed
    sh_headsign = system-informed
    sh_line = system-informed
    sh_num_transfers = system-informed
    sh_to_stop = system-informed
    sh_transfer = system-informed
    sh_vehicle = system-informed
    

2013-06-18-20-00-43.737354-CEST  DM-5       : DEBUG      
    DDDState
    
    Requested slots:
    {}
    Confirmed slots:
    {}
    Non-informed slots:
    {u'route_alternative': 0}

2013-06-18-20-00-43.746253-CEST  DM-5       : DEBUG      
    DM Output
    ------------------------------------------------------------
    bye()
    

2013-06-18-20-00-43.831246-CEST  NLG-6      : DEBUG      
    NLG Output
    ------------------------------------------------------------
    Na shledanou.
    

2013-06-18-20-00-43.841492-CEST  MainProcess : INFO       
    From: DM         To: HUB        Command: dm_da_generated() 

2013-06-18-20-00-43.853896-CEST  MainProcess : INFO       
    From: DM         To: HUB        Command: hangup() 

2013-06-18-20-00-43.885173-CEST  MainProcess : INFO       
    From: NLG        To: HUB        Command: nlg_text_generated() 

2013-06-18-20-00-43.896925-CEST  MainProcess : INFO       
    From: TTS        To: HUB        Command: tts_start(user_id="None",text="Na shledanou.") 

2013-06-18-20-00-43.909049-CEST  MainProcess : INFO       
    From: TTS        To: HUB        Command: tts_end(user_id="None",text="Na shledanou.",fname="tts-2013-06-18-20-00-43.870838.wav") 

2013-06-18-20-00-43.932332-CEST  MainProcess : INFO       
    From: VoipIO     To: HUB        Command: play_utterance_start(user_id="None",fname="tts-2013-06-18-20-00-43.870838.wav") 

2013-06-18-20-00-45.778388-CEST  MainProcess : INFO       
    From: VoipIO     To: HUB        Command: play_utterance_end(user_id="None",fname="tts-2013-06-18-20-00-43.870838.wav) 

2013-06-18-20-00-47.788981-CEST  VoipIO-1   : DEBUG      
    From: HUB        To: VoipIO     Command: hangup() 

2013-06-18-20-00-47.797323-CEST  VoipIO-1   : DEBUG      
    Hangup the call

2013-06-18-20-00-47.864195-CEST  VoipIO-1   : DEBUG      
    CallCallback::on_state : Call with "777805048" <sip:777805048@195.113.20.160> is DISCONNCTD last code = 603 ()

2013-06-18-20-00-48.067975-CEST  VoipIO-1   : DEBUG      
    VoipIO::on_call_disconnected

2013-06-18-20-00-48.081382-CEST  MainProcess : INFO       
    From: VoipIO     To: HUB        Command: call_disconnected(remote_uri="777805048") 

2013-06-18-20-00-48.090465-CEST  TTS-7      : DEBUG      
    From: HUB        To: TTS        Command: flush() 

2013-06-18-20-00-48.099043-CEST  VoipIO-1   : DEBUG      
    From: HUB        To: VoipIO     Command: flush() 

2013-06-18-20-00-48.107587-CEST  DM-5       : DEBUG      
    From: HUB        To: DM         Command: flush() 

2013-06-18-20-00-48.116179-CEST  ASR-3      : DEBUG      
    From: HUB        To: ASR        Command: flush() 

2013-06-18-20-00-48.125048-CEST  SLU-4      : DEBUG      
    From: HUB        To: SLU        Command: flush() 

2013-06-18-20-00-48.133463-CEST  NLG-6      : DEBUG      
    From: HUB        To: NLG        Command: flush() 

2013-06-18-20-00-48.141813-CEST  DM-5       : DEBUG      
    From: HUB        To: DM         Command: end_dialogue() 

