2013-07-21-21-14-52.541811-CEST  VoipIO-1   : DEBUG      
    CallCallback::on_state : Call with "777722783" <sip:777722783@195.113.20.160> is CONNECTING last code = 200 (OK)

2013-07-21-21-14-52.546955-CEST  VoipIO-1   : DEBUG      
    VoipIO::on_call_connecting

2013-07-21-21-14-52.552778-CEST  VoipIO-1   : DEBUG      
    CallCallback::on_state : Call with "777722783" <sip:777722783@195.113.20.160> is CONFIRMED last code = 200 (OK)

2013-07-21-21-14-52.574581-CEST  MainProcess : SYSTEM-LOG 
    config = { 'ASR': { 'Google': { 'debug': False, 'language': 'cs', 'maxresults': 20},
               'Julius': { 'adinnetport': 5530,
                           'binary': '/usr/local/bin/julius',
                           'debug': False,
                           'hostname': 'localhost',
                           'jconf': { '-adport': '5530',
                                      '-b': '1000',
                                      '-b2': '100',
                                      '-cmnload': 'cmn.param',
                                      '-cmnmapweight': '200',
                                      '-cmnsave': 'cmn.param',
                                      '-confnet': '',
                                      '-fallback1pass': '',
                                      '-gprune': 'safe',
                                      '-h': '/mnt/h/jurcicek/vystadial-git/alex/resources/asr/voip_en/hmmdefs',
                                      '-hlist': '/mnt/h/jurcicek/vystadial-git/alex/resources/asr/voip_en/tiedlist',
                                      '-htkconf': '/mnt/h/jurcicek/vystadial-git/alex/resources/asr/voip_en/config',
                                      '-input': 'adinnet',
                                      '-iwsp': '',
                                      '-iwsppenalty': '0.0',
                                      '-lmp': '15.0 0.0',
                                      '-lmp2': '15.0 0.0',
                                      '-mapunk': 'UM',
                                      '-module': '10500',
                                      '-n': '50',
                                      '-nlr': '/mnt/h/jurcicek/vystadial-git/alex/resources/lm/caminfo/julius_arpa_bigram',
                                      '-no_ccd': '',
                                      '-nrl': '/mnt/h/jurcicek/vystadial-git/alex/resources/lm/caminfo/julius_arpa_rev_bigram',
                                      '-silhead': '<s>',
                                      '-siltail': '</s>',
                                      '-spmodel': 'sp',
                                      '-tmix': '4',
                                      '-v': '/mnt/h/jurcicek/vystadial-git/alex/resources/lm/caminfo/julius_dict'},
                           'jconffile': 'julius.jconf',
                           'killall': False,
                           'logfile': 'julius.log',
                           'msg_timeout': 0.3,
                           'pidfile': 'julius.pid',
                           'reuse_server': False,
                           'serverport': 10500,
                           'start_max_wait_time': 15,
                           'start_wait_time': 0.5,
                           'timeout': 2.0},
               'Kaldi': { 'LM_scale': -6666.66,
                          'hypothesis_type': 'nblist',
                          'lat_depth': 666666,
                          'model': 'TODO_path_to_model'},
               'debug': True,
               'type': 'Google'},
      'AlexOnTheBus': { 'max_turns': 120},
      'Analytics': Analytics(account_id='UA-41905278-1', domain_name='cuni.cz'),
      'Audio': { 'sample_rate': 16000, 'samples_per_frame': 256},
      'AudioIO': { 'debug': True, 'output_dir': './aio_call_log', 'play_buffer_size': 1024},
      'DM': { 'PUfalRuleDM': { 'code_submit_url': None,
                               'db_cfg': '/mnt/h/jurcicek/vystadial-git/alex/resources/../applications/CamInfoRest/cued_data/CIRdbase_V7_noloc.txt',
                               'ontology': '/mnt/h/jurcicek/vystadial-git/alex/resources/../applications/CamInfoRest/ontology.cfg',
                               'provide_code': False},
              'UfalRuleDM': { 'code_submit_url': None,
                              'db_cfg': '/mnt/h/jurcicek/vystadial-git/alex/resources/../applications/CamInfoRest/cued_data/CIRdbase_V7_noloc.txt',
                              'ontology': '/mnt/h/jurcicek/vystadial-git/alex/resources/../applications/CamInfoRest/ontology.cfg',
                              'provide_code': False},
              'basic': { 'debug': True, 'silence_timeout': 10.0},
              'debug': True,
              'dialogue_policy': { 'type': <class 'alex.applications.AlexOnTheBus.aotb_hdc_policy.AOTBHDCPolicy'>},
              'dialogue_state': { 'type': <class 'alex.components.dm.dddstate.DeterministicDiscriminativeDialogueState'>},
              'input_timeout': 3.0,
              'ontology': '/mnt/h/jurcicek/vystadial-git/alex/applications/AlexOnTheBus/data/ontology.py',
              'type': 'basic'},
      'General': { 'debug': False, 'include': ['/mnt/h/jurcicek/vystadial-git/alex/resources/private/default.cfg']},
      'Hub': { 'history_file': 'hub_history_hub.txt', 'history_length': 1000, 'main_loop_sleep_time': 0.002},
      'Logging': { 'excepthook': ExceptionHook(
            ExceptionHook
              Hook Type: log
              Hook Logger: SystemLogger(output_dir=./call_logs, stdout_log_level='DEBUG', stdout=True, file_log_level='DEBUG')),
                   'session_logger': SessionLogger(),
                   'system_logger': SystemLogger(output_dir=/net/projects/vystadial/data/call-logs/2013-05-30-alex-aotb-prototype/new, stdout_log_level='DEBUG', stdout=True, file_log_level='DEBUG'),
                   'system_name': u'Alex On The Bus - Live',
                   'version': u'1.0'},
      'NLG': { 'Template': { 'model': '/mnt/h/jurcicek/vystadial-git/alex/applications/AlexOnTheBus/nlg_templates.cfg'},
               'debug': True,
               'type': 'Template'},
      'SHub': { 'history_file': 'hub_history_shub.txt', 'history_length': 1000},
      'SLU': { 'cl-tracing': { 'cldb_fname': '/mnt/h/jurcicek/vystadial-git/alex/applications/CamInfoRest/data/database.py',
                               'do_preprocessing': True,
                               'features_type': ('ngram', 'ab_ngram'),
                               'testing': { 'max_examples': None,
                                            'min_perc': 80,
                                            'model_fname': '/mnt/h/jurcicek/vystadial-git/alex/applications/CamInfoRest/models/130516_minf60-minfc35-mind60.slu_model.gz',
                                            'renormalise': True,
                                            'threshold': None,
                                            'vanilla': True},
                               'training': { 'abstractions': ('abstract',), 'models_dir': 'models'}},
               'debug': True,
               'type': <class 'alex.applications.AlexOnTheBus.aotb_slu.AOTBSLU'>,
               <class 'alex.applications.AlexOnTheBus.aotb_slu.AOTBSLU'>: { 'cldb_fname': '/mnt/h/jurcicek/vystadial-git/alex/applications/AlexOnTheBus/data/database.py',
                                                                            'preprocessing_cls': <class 'alex.applications.AlexOnTheBus.aotb_preprocessing.AOTBSLUPreprocessing'>,
                                                                            'training': { 'models_dir': 'models'}}},
      'THub': { 'history_file': 'hub_history_thub.txt', 'history_length': 1000},
      'TTS': { 'Flite': { 'debug': False,
                          'preprocessing': '/mnt/h/jurcicek/vystadial-git/alex/resources/tts/prep_flite_en.cfg',
                          'voice': 'kal16'},
               'Google': { 'debug': False,
                           'language': 'en',
                           'preprocessing': '/mnt/h/jurcicek/vystadial-git/alex/resources/tts/prep_google_en.cfg'},
               'SpeechTech': { 'debug': True,
                               'login': 'filipjurcicek',
    # this line was removed since it included a password
                               'preprocessing': '/mnt/h/jurcicek/vystadial-git/alex/resources/tts/prep_speechtech_cs.cfg',
                               'voice': 'Iva210'},
               'VoiceRSS': { 'api_key': '3b6a9fca5d724b1c8ac34691586cdda1'},
               'VoiceRss': { 'language': 'en-gb',
                             'preprocessing': '/mnt/h/jurcicek/vystadial-git/alex/resources/tts/prep_voicerss_en.cfg'},
               'debug': True,
               'in_between_segments_silence': 0.1,
               'type': 'SpeechTech'},
      'VAD': { 'debug': False,
               'decision_frames_sil': 25,
               'decision_frames_speech': 10,
               'decision_non_speech_threshold': 0.2,
               'decision_speech_threshold': 0.7,
               'gmm': { 'ceplifter': 22,
                        'enormalise': True,
                        'filter_length': 5,
                        'frameshift': 160,
                        'framesize': 512,
                        'frontend': 'MFCC',
                        'hifreq': 3800,
                        'lofreq': 125,
                        'numceps': 12,
                        'numchans': 26,
                        'preemcoef': 0.97,
                        'sil_model': '/mnt/h/jurcicek/vystadial-git/alex/resources/vad/voip_en/vad_sil_sds_mfcc_m064_f100000.gmm',
                        'speech_model': '/mnt/h/jurcicek/vystadial-git/alex/resources/vad/voip_en/vad_speech_sds_mfcc_m064_f100000.gmm',
                        'useacc': True,
                        'usec0': False,
                        'usecmn': False,
                        'usedelta': True,
                        'usehamming': True,
                        'usepower': True,
                        'zmeansource': True},
               'power': { 'adaptation_frames': 30, 'threshold': 70, 'threshold_multiplier': 1.0},
               'speech_buffer_frames': 20,
               'type': 'gmm'},
      'VoipHub': { 'blacklist_for': 7200,
                   'call_db': u'/net/projects/vystadial/data/call-logs/2013-05-30-alex-aotb-prototype/new/call_db.pckl',
                   'hard_time_limit': 360,
                   'hard_turn_limit': 120,
                   'history_length': 1000,
                   'last_period_max_num_calls': 20,
                   'last_period_max_total_time': 1800,
                   'limit_reached_message': u'D\u011bkujeme za zavol\xe1n\xed, ale u\u017e jste volali hodn\u011b. Pros\xedm zavolejte pozd\u011bji. Na shledanou.',
                   'period': 172800,
                   'pid_file': u'/net/projects/vystadial/data/call-logs/2013-05-30-alex-aotb-prototype/new/vhub_live.pid',
                   'wait_time_before_calling_back': 10},
      'VoipIO': { 'allowed_hosts': '',
                  'allowed_phone_numbers': '(^[234567])',
                  'allowed_users': '(^[234567])',
                  'debug': True,
                  'domain': 'vystadial.ms.mff.cuni.cz',
                  'forbidden_hosts': '',
                  'forbidden_phone_number': '(^112$|^150$|^155$|^156$|^158$)',
                  'forbidden_users': '(^112$|^150$|^155$|^156$|^158$)',
    # this line was removed since it included a password
                  'pjsip_log_level': 3,
                  'reject_calls': False,
                  'user': '800899998'},
      'WebHub': { 'port': 8000},
      'corpustools': { 'get_jasr_confnets': { 'frame_size': 256, 'rt_ratio': 0.2}}}

2013-07-21-21-14-52.594181-CEST  VoipIO-1   : DEBUG      
    VoipIO::on_call_confirmed

2013-07-21-21-14-52.639111-CEST  MainProcess : INFO       
    #181013 Time: 2013-07-21-21-14-52.548464-CEST From: VoipIO     To: HUB        Command: call_connecting(remote_uri="777722783") 

2013-07-21-21-14-52.648133-CEST  MainProcess : INFO       
    #181014 Time: 2013-07-21-21-14-52.595614-CEST From: VoipIO     To: HUB        Command: call_confirmed(remote_uri="777722783") 

2013-07-21-21-14-52.655784-CEST  MainProcess : INFO       
    
    ========================================================================================================================
    Incoming call from :          777722783
    ------------------------------------------------------------------------------------------------------------------------
    Total calls:                  8
    Total time (min):             15.1
    Last period total calls:      1
    Last period total time (min): 0.5
    ------------------------------------------------------------------------------------------------------------------------
    CALL ACCEPTED
    ========================================================================================================================
    

2013-07-21-21-14-52.664861-CEST  DM-5       : DEBUG      
    #181015 Time: 2013-07-21-21-14-52.652447-CEST From: HUB        To: DM         Command: new_dialogue() 

2013-07-21-21-14-52.681549-CEST  DM-5       : DEBUG      
    DM Output
    ------------------------------------------------------------
    hello()
    

2013-07-21-21-14-52.692912-CEST  MainProcess : INFO       
    #181018 Time: 2013-07-21-21-14-52.688987-CEST From: DM         To: HUB        DA: hello() 

2013-07-21-21-14-52.700884-CEST  NLG-6      : DEBUG      
    #181019 Time: 2013-07-21-21-14-52.695566-CEST From: HUB        To: NLG        DA: hello() 

2013-07-21-21-14-52.705611-CEST  NLG-6      : DEBUG      
    NLG Output
    ------------------------------------------------------------
    Dobrý den. Tato experimentální služba je poskytována laboratoří výzkumu hlasových dialogových systémů na Ústavu Formální a Aplikované Lingvistiky na Karlově Univerzitě. Hovor je nahráván. Více informací o této službě je na internetu. Jak Vám mohu pomoci. Můžete například říct ze zastávky poliklinika Barrandov na Zličín.
    

2013-07-21-21-14-52.716978-CEST  MainProcess : INFO       
    #181021 Time: 2013-07-21-21-14-52.713354-CEST From: NLG        To: HUB        Command: nlg_text_generated() 

2013-07-21-21-14-52.723995-CEST  MainProcess : INFO       
    #181023 Time: 2013-07-21-21-14-52.718489-CEST From: TTS        To: HUB        Command: tts_start(user_id="None",text="Dobrý den. Tato experimentální služba je poskytována laboratoří výzkumu hlasových dialogových systémů na Ústavu Formální a Aplikované Lingvistiky na Karlově Univerzitě. Hovor je nahráván. Více informací o této službě je na internetu. Jak Vám mohu pomoci. Můžete například říct ze zastávky poliklinika Barrandov na Zličín.") 

2013-07-21-21-14-52.763020-CEST  MainProcess : INFO       
    #181026 Time: 2013-07-21-21-14-52.734658-CEST From: VoipIO     To: HUB        Command: play_utterance_start(user_id="None",fname="tts-2013-07-21-21-14-52.715328.wav") 

2013-07-21-21-14-53.242008-CEST  MainProcess : INFO       
    #182546 Time: 2013-07-21-21-14-53.221884-CEST From: TTS        To: HUB        Command: tts_end(user_id="None",text="Dobrý den. Tato experimentální služba je poskytována laboratoří výzkumu hlasových dialogových systémů na Ústavu Formální a Aplikované Lingvistiky na Karlově Univerzitě. Hovor je nahráván. Více informací o této službě je na internetu. Jak Vám mohu pomoci. Můžete například říct ze zastávky poliklinika Barrandov na Zličín.",fname="tts-2013-07-21-21-14-52.715328.wav",log="true") 

2013-07-21-21-15-16.558763-CEST  MainProcess : INFO       
    #183998 Time: 2013-07-21-21-15-16.423461-CEST From: VoipIO     To: HUB        Command: play_utterance_end(user_id="None",fname="tts-2013-07-21-21-14-52.715328.wav) 

2013-07-21-21-15-18.251171-CEST  ASR-3      : DEBUG      
    ASR: speech_start(fname="vad-2013-07-21-21-15-18.231158.wav")

2013-07-21-21-15-18.256195-CEST  MainProcess : INFO       
    #184114 Time: 2013-07-21-21-15-18.246897-CEST From: VAD        To: HUB        Command: speech_start(fname="vad-2013-07-21-21-15-18.231158.wav") 

2013-07-21-21-15-18.263540-CEST  MainProcess : INFO       
    #184115 Time: 2013-07-21-21-15-18.247476-CEST From: ASR        To: HUB        Command: asr_start(fname="vad-2013-07-21-21-15-18.231158.wav") 

2013-07-21-21-15-24.471283-CEST  MainProcess : INFO       
    #184505 Time: 2013-07-21-21-15-24.464127-CEST From: VAD        To: HUB        Command: speech_end(fname="vad-2013-07-21-21-15-18.231158.wav") 

2013-07-21-21-15-24.476272-CEST  ASR-3      : DEBUG      
    ASR: speech_end(fname="vad-2013-07-21-21-15-18.231158.wav")

2013-07-21-21-15-25.579798-CEST  ASR-3      : DEBUG      
    ASR Hypothesis
    ------------------------------------------------------------
    0.814 zastávky nádraží holešovice na českolipsku
    0.093 zastávky nádraží holešovice se na českolipsku
    0.062 zastávky na nádraží holešovice na českolipsku
    0.031 zastávky nádraží holešovice na českolipsku i
    0.000 __other__
    

2013-07-21-21-15-25.594150-CEST  MainProcess : INFO       
    #184576 Time: 2013-07-21-21-15-25.589721-CEST From: ASR        To: HUB        Command: asr_end(fname="vad-2013-07-21-21-15-18.231158.wav") 

2013-07-21-21-15-25.905131-CEST  SLU-4      : DEBUG      
    SLU Hypothesis
    ------------------------------------------------------------
    1.000 inform(to_stop="Českolipská")
    0.938 inform(from_stop="Nádraží Holešovice")
    0.062 inform(to_stop="Nádraží Holešovice")
    

2013-07-21-21-15-25.923547-CEST  MainProcess : INFO       
    #184599 Time: 2013-07-21-21-15-25.918052-CEST From: SLU        To: HUB        Command: slu_parsed(fname="vad-2013-07-21-21-15-18.231158.wav") 

2013-07-21-21-15-25.928099-CEST  DM-5       : DEBUG      
    DDDState Dialogue Act in: inform(to_stop="Českolipská")&inform(from_stop="Nádraží Holešovice")

2013-07-21-21-15-25.932213-CEST  DM-5       : DEBUG      
    Context Resolution - Dialogue Act: inform(to_stop="Českolipská")&inform(from_stop="Nádraží Holešovice")

2013-07-21-21-15-25.936282-CEST  DM-5       : DEBUG      
    DDDState - Dialogue state content:
    
    ludait = none
    from_stop = Nádraží Holešovice
    silence_time = 0.0
    to_stop = Českolipská
    
    
    
    

2013-07-21-21-15-25.940196-CEST  DM-5       : DEBUG      
    DDDState - Dialogue state update
    
    Requested slots:
    {}
    Confirmed slots:
    {}
    Non-informed slots:
    {u'to_stop': u'\u010ceskolipsk\xe1', u'silence_time': 0.0, u'from_stop': u'N\xe1dra\u017e\xed Hole\u0161ovice'}

2013-07-21-21-15-26.191028-CEST  DM-5       : DEBUG      
    DM Output
    ------------------------------------------------------------
    iconfirm(to_stop="Českolipská")&iconfirm(from_stop="Nádraží Holešovice")&inform(found_directions="true")&inform(alternative="1")&inform(vehicle="BUS")&inform(line="201")&inform(go_at="09:33")&inform(enter_at="Nádraží Holešovice")&inform(headsign="Bakovská")&inform(exit_at="Českolipská")
    

2013-07-21-21-15-26.210366-CEST  MainProcess : INFO       
    #184618 Time: 2013-07-21-21-15-26.203897-CEST From: DM         To: HUB        DA: iconfirm(to_stop="Českolipská")&iconfirm(from_stop="Nádraží Holešovice")&inform(found_directions="true")&inform(alternative="1")&inform(vehicle="BUS")&inform(line="201")&inform(go_at="09:33")&inform(enter_at="Nádraží Holešovice")&inform(headsign="Bakovská")&inform(exit_at="Českolipská") 

2013-07-21-21-15-26.218696-CEST  NLG-6      : DEBUG      
    #184620 Time: 2013-07-21-21-15-26.213354-CEST From: HUB        To: NLG        DA: iconfirm(to_stop="Českolipská")&iconfirm(from_stop="Nádraží Holešovice")&inform(found_directions="true")&inform(alternative="1")&inform(vehicle="BUS")&inform(line="201")&inform(go_at="09:33")&inform(enter_at="Nádraží Holešovice")&inform(headsign="Bakovská")&inform(exit_at="Českolipská") 

2013-07-21-21-15-26.352216-CEST  NLG-6      : DEBUG      
    NLG Output
    ------------------------------------------------------------
    Do zastávky Českolipská. Dobře, ze zastávky Nádraží Holešovice. Našla jsem následující spojení. Možnost první. Jeďte autobusem číslo 201 v 09:33 ze zastávky Nádraží Holešovice směrem Bakovská. Vystupte na zastávce Českolipská.
    

2013-07-21-21-15-26.370523-CEST  MainProcess : INFO       
    #184631 Time: 2013-07-21-21-15-26.365735-CEST From: NLG        To: HUB        Command: nlg_text_generated() 

2013-07-21-21-15-26.377780-CEST  MainProcess : INFO       
    #184633 Time: 2013-07-21-21-15-26.372285-CEST From: TTS        To: HUB        Command: tts_start(user_id="None",text="Do zastávky Českolipská. Dobře, ze zastávky Nádraží Holešovice. Našla jsem následující spojení. Možnost první. Jeďte autobusem číslo 201 v 09:33 ze zastávky Nádraží Holešovice směrem Bakovská. Vystupte na zastávce Českolipská.") 

2013-07-21-21-15-26.410821-CEST  MainProcess : INFO       
    #184636 Time: 2013-07-21-21-15-26.376062-CEST From: VoipIO     To: HUB        Command: play_utterance_start(user_id="None",fname="tts-2013-07-21-21-15-26.367224.wav") 

2013-07-21-21-15-27.953273-CEST  MainProcess : INFO       
    #186028 Time: 2013-07-21-21-15-27.941395-CEST From: TTS        To: HUB        Command: tts_end(user_id="None",text="Do zastávky Českolipská. Dobře, ze zastávky Nádraží Holešovice. Našla jsem následující spojení. Možnost první. Jeďte autobusem číslo 201 v 09:33 ze zastávky Nádraží Holešovice směrem Bakovská. Vystupte na zastávce Českolipská.",fname="tts-2013-07-21-21-15-26.367224.wav",log="true") 

2013-07-21-21-15-47.154289-CEST  MainProcess : INFO       
    #187219 Time: 2013-07-21-21-15-46.966581-CEST From: VoipIO     To: HUB        Command: play_utterance_end(user_id="None",fname="tts-2013-07-21-21-15-26.367224.wav) 

2013-07-21-21-15-50.162356-CEST  DM-5       : DEBUG      
    #187419 Time: 2013-07-21-21-15-50.156063-CEST From: HUB        To: DM         Command: timeout(silence_time="3.000") 

2013-07-21-21-15-50.166950-CEST  DM-5       : DEBUG      
    DDDState Dialogue Act in: silence(time="3.000")

2013-07-21-21-15-50.171540-CEST  DM-5       : DEBUG      
    Context Resolution - Dialogue Act: silence(time="3.000")

2013-07-21-21-15-50.176631-CEST  DM-5       : DEBUG      
    DDDState - Dialogue state content:
    
    ludait = silence
    alternative = none
    from_stop = Nádraží Holešovice
    route_alternative = 0
    silence_time = 3.0
    time = none
    to_stop = Českolipská
    
    rh_alternative = system-informed
    rh_enter_at = system-informed
    rh_exit_at = system-informed
    rh_found_directions = system-informed
    rh_from_stop = system-informed
    rh_go_at = system-informed
    rh_headsign = system-informed
    rh_line = system-informed
    rh_to_stop = system-informed
    rh_vehicle = system-informed
    
    ch_alternative = system-informed
    ch_enter_at = system-informed
    ch_exit_at = system-informed
    ch_found_directions = system-informed
    ch_from_stop = system-informed
    ch_go_at = system-informed
    ch_headsign = system-informed
    ch_line = system-informed
    ch_to_stop = system-informed
    ch_vehicle = system-informed
    
    sh_alternative = system-informed
    sh_enter_at = system-informed
    sh_exit_at = system-informed
    sh_found_directions = system-informed
    sh_from_stop = system-informed
    sh_go_at = system-informed
    sh_headsign = system-informed
    sh_line = system-informed
    sh_to_stop = system-informed
    sh_vehicle = system-informed
    

2013-07-21-21-15-50.181473-CEST  DM-5       : DEBUG      
    DDDState - Dialogue state update
    
    Requested slots:
    {}
    Confirmed slots:
    {}
    Non-informed slots:
    {u'route_alternative': 0, u'silence_time': 3.0}

2013-07-21-21-15-50.185617-CEST  DM-5       : DEBUG      
    DM Output
    ------------------------------------------------------------
    silence()
    

2013-07-21-21-15-50.215161-CEST  MainProcess : INFO       
    #187423 Time: 2013-07-21-21-15-50.210823-CEST From: DM         To: HUB        DA: silence() 

2013-07-21-21-15-51.303229-CEST  ASR-3      : DEBUG      
    ASR: speech_start(fname="vad-2013-07-21-21-15-51.271462.wav")

2013-07-21-21-15-51.308541-CEST  MainProcess : INFO       
    #187493 Time: 2013-07-21-21-15-51.297853-CEST From: VAD        To: HUB        Command: speech_start(fname="vad-2013-07-21-21-15-51.271462.wav") 

2013-07-21-21-15-51.315663-CEST  MainProcess : INFO       
    #187494 Time: 2013-07-21-21-15-51.299496-CEST From: ASR        To: HUB        Command: asr_start(fname="vad-2013-07-21-21-15-51.271462.wav") 

2013-07-21-21-15-52.894683-CEST  MainProcess : INFO       
    #187595 Time: 2013-07-21-21-15-52.890229-CEST From: VAD        To: HUB        Command: speech_end(fname="vad-2013-07-21-21-15-51.271462.wav") 

2013-07-21-21-15-52.899893-CEST  ASR-3      : DEBUG      
    ASR: speech_end(fname="vad-2013-07-21-21-15-51.271462.wav")

2013-07-21-21-15-53.501171-CEST  ASR-3      : DEBUG      
    ASR Hypothesis
    ------------------------------------------------------------
    0.905 následující spojení
    0.027 následující spojení s
    0.023 následující spojení i
    0.018 následující spojení a
    0.014 následují tě spojení
    0.009 následují spojení
    0.005 následuj spojení
    0.000 __other__
    

2013-07-21-21-15-53.527351-CEST  MainProcess : INFO       
    #187636 Time: 2013-07-21-21-15-53.521857-CEST From: ASR        To: HUB        Command: asr_end(fname="vad-2013-07-21-21-15-51.271462.wav") 

2013-07-21-21-15-54.005997-CEST  SLU-4      : DEBUG      
    SLU Hypothesis
    ------------------------------------------------------------
    0.973 inform(alternative="next")
    0.027 other()
    

2013-07-21-21-15-54.029234-CEST  MainProcess : INFO       
    #187670 Time: 2013-07-21-21-15-54.023986-CEST From: SLU        To: HUB        Command: slu_parsed(fname="vad-2013-07-21-21-15-51.271462.wav") 

2013-07-21-21-15-54.034595-CEST  DM-5       : DEBUG      
    DDDState Dialogue Act in: inform(alternative="next")

2013-07-21-21-15-54.039442-CEST  DM-5       : DEBUG      
    Context Resolution - Dialogue Act: inform(alternative="next")

2013-07-21-21-15-54.044369-CEST  DM-5       : DEBUG      
    DDDState - Dialogue state content:
    
    ludait = none
    alternative = next
    from_stop = Nádraží Holešovice
    route_alternative = 0
    silence_time = 0.0
    time = none
    to_stop = Českolipská
    
    rh_alternative = system-informed
    rh_enter_at = system-informed
    rh_exit_at = system-informed
    rh_found_directions = system-informed
    rh_from_stop = system-informed
    rh_go_at = system-informed
    rh_headsign = system-informed
    rh_line = system-informed
    rh_to_stop = system-informed
    rh_vehicle = system-informed
    
    ch_alternative = system-informed
    ch_enter_at = system-informed
    ch_exit_at = system-informed
    ch_found_directions = system-informed
    ch_from_stop = system-informed
    ch_go_at = system-informed
    ch_headsign = system-informed
    ch_line = system-informed
    ch_to_stop = system-informed
    ch_vehicle = system-informed
    
    sh_alternative = system-informed
    sh_enter_at = system-informed
    sh_exit_at = system-informed
    sh_found_directions = system-informed
    sh_from_stop = system-informed
    sh_go_at = system-informed
    sh_headsign = system-informed
    sh_line = system-informed
    sh_to_stop = system-informed
    sh_vehicle = system-informed
    

2013-07-21-21-15-54.049361-CEST  DM-5       : DEBUG      
    DDDState - Dialogue state update
    
    Requested slots:
    {}
    Confirmed slots:
    {}
    Non-informed slots:
    {u'route_alternative': 0, u'silence_time': 0.0}

2013-07-21-21-15-54.401817-CEST  DM-5       : DEBUG      
    DM Output
    ------------------------------------------------------------
    inform(found_directions="next")&inform(alternative="2")&inform(vehicle="SUBWAY")&inform(line="C")&inform(go_at="09:23")&inform(enter_at="Nádraží Holešovice")&inform(headsign="Letňany")&inform(exit_at="Střížkov")
    

2013-07-21-21-15-54.439705-CEST  MainProcess : INFO       
    #187697 Time: 2013-07-21-21-15-54.433837-CEST From: DM         To: HUB        DA: inform(found_directions="next")&inform(alternative="2")&inform(vehicle="SUBWAY")&inform(line="C")&inform(go_at="09:23")&inform(enter_at="Nádraží Holešovice")&inform(headsign="Letňany")&inform(exit_at="Střížkov") 

2013-07-21-21-15-54.449896-CEST  NLG-6      : DEBUG      
    #187698 Time: 2013-07-21-21-15-54.443288-CEST From: HUB        To: NLG        DA: inform(found_directions="next")&inform(alternative="2")&inform(vehicle="SUBWAY")&inform(line="C")&inform(go_at="09:23")&inform(enter_at="Nádraží Holešovice")&inform(headsign="Letňany")&inform(exit_at="Střížkov") 

2013-07-21-21-15-54.527337-CEST  NLG-6      : DEBUG      
    NLG Output
    ------------------------------------------------------------
    Následující spojení. Možnost druhá. Jeďte metrem C v 09:23 ze zastávky Nádraží Holešovice směrem Letňany. Vystupte na zastávce Střížkov.
    

2013-07-21-21-15-54.552319-CEST  MainProcess : INFO       
    #187706 Time: 2013-07-21-21-15-54.548780-CEST From: NLG        To: HUB        Command: nlg_text_generated() 

2013-07-21-21-15-54.558957-CEST  MainProcess : INFO       
    #187708 Time: 2013-07-21-21-15-54.553644-CEST From: TTS        To: HUB        Command: tts_start(user_id="None",text="Následující spojení. Možnost druhá. Jeďte metrem C v 09:23 ze zastávky Nádraží Holešovice směrem Letňany. Vystupte na zastávce Střížkov.") 

2013-07-21-21-15-54.604311-CEST  MainProcess : INFO       
    #187711 Time: 2013-07-21-21-15-54.560416-CEST From: VoipIO     To: HUB        Command: play_utterance_start(user_id="None",fname="tts-2013-07-21-21-15-54.551013.wav") 

2013-07-21-21-15-56.273174-CEST  MainProcess : INFO       
    #188582 Time: 2013-07-21-21-15-56.260734-CEST From: TTS        To: HUB        Command: tts_end(user_id="None",text="Následující spojení. Možnost druhá. Jeďte metrem C v 09:23 ze zastávky Nádraží Holešovice směrem Letňany. Vystupte na zastávce Střížkov.",fname="tts-2013-07-21-21-15-54.551013.wav",log="true") 

2013-07-21-21-16-06.788903-CEST  MainProcess : INFO       
    #189239 Time: 2013-07-21-21-16-06.744510-CEST From: VoipIO     To: HUB        Command: play_utterance_end(user_id="None",fname="tts-2013-07-21-21-15-54.551013.wav) 

2013-07-21-21-16-09.796690-CEST  DM-5       : DEBUG      
    #189430 Time: 2013-07-21-21-16-09.790464-CEST From: HUB        To: DM         Command: timeout(silence_time="3.000") 

2013-07-21-21-16-09.801358-CEST  DM-5       : DEBUG      
    DDDState Dialogue Act in: silence(time="3.000")

2013-07-21-21-16-09.806015-CEST  DM-5       : DEBUG      
    Context Resolution - Dialogue Act: silence(time="3.000")

2013-07-21-21-16-09.810960-CEST  DM-5       : DEBUG      
    DDDState - Dialogue state content:
    
    ludait = silence
    alternative = none
    from_stop = Nádraží Holešovice
    route_alternative = 1
    silence_time = 3.0
    time = none
    to_stop = Českolipská
    
    rh_alternative = system-informed
    rh_enter_at = system-informed
    rh_exit_at = system-informed
    rh_found_directions = system-informed
    rh_from_stop = system-informed
    rh_go_at = system-informed
    rh_headsign = system-informed
    rh_line = system-informed
    rh_to_stop = system-informed
    rh_vehicle = system-informed
    
    ch_alternative = system-informed
    ch_enter_at = system-informed
    ch_exit_at = system-informed
    ch_found_directions = system-informed
    ch_from_stop = system-informed
    ch_go_at = system-informed
    ch_headsign = system-informed
    ch_line = system-informed
    ch_to_stop = system-informed
    ch_vehicle = system-informed
    
    sh_alternative = system-informed
    sh_enter_at = system-informed
    sh_exit_at = system-informed
    sh_found_directions = system-informed
    sh_from_stop = system-informed
    sh_go_at = system-informed
    sh_headsign = system-informed
    sh_line = system-informed
    sh_to_stop = system-informed
    sh_vehicle = system-informed
    

2013-07-21-21-16-09.815328-CEST  DM-5       : DEBUG      
    DDDState - Dialogue state update
    
    Requested slots:
    {}
    Confirmed slots:
    {}
    Non-informed slots:
    {u'route_alternative': 1, u'silence_time': 3.0}

2013-07-21-21-16-09.819977-CEST  DM-5       : DEBUG      
    DM Output
    ------------------------------------------------------------
    silence()
    

2013-07-21-21-16-09.959469-CEST  MainProcess : INFO       
    #189440 Time: 2013-07-21-21-16-09.955341-CEST From: DM         To: HUB        DA: silence() 

2013-07-21-21-16-11.236551-CEST  MainProcess : INFO       
    #189523 Time: 2013-07-21-21-16-11.232308-CEST From: VAD        To: HUB        Command: speech_start(fname="vad-2013-07-21-21-16-11.182746.wav") 

2013-07-21-21-16-11.241557-CEST  ASR-3      : DEBUG      
    ASR: speech_start(fname="vad-2013-07-21-21-16-11.182746.wav")

2013-07-21-21-16-11.246510-CEST  MainProcess : INFO       
    #189524 Time: 2013-07-21-21-16-11.233749-CEST From: ASR        To: HUB        Command: asr_start(fname="vad-2013-07-21-21-16-11.182746.wav") 

2013-07-21-21-16-12.342437-CEST  MainProcess : INFO       
    #189595 Time: 2013-07-21-21-16-12.337817-CEST From: VAD        To: HUB        Command: speech_end(fname="vad-2013-07-21-21-16-11.182746.wav") 

2013-07-21-21-16-12.347588-CEST  ASR-3      : DEBUG      
    ASR: speech_end(fname="vad-2013-07-21-21-16-11.182746.wav")

2013-07-21-21-16-12.810511-CEST  ASR-3      : DEBUG      
    ASR Hypothesis
    ------------------------------------------------------------
    0.533 děkuji nastanou
    0.085 děkuji nashledanou
    0.076 děkuji na slano
    0.068 děkuji nastaveno
    0.059 děkuji nasa
    0.051 děkuju na slano
    0.042 děkuj na slano
    0.034 ďekuji na slano
    0.025 děkuju nasa
    0.017 děkuje na slano
    0.008 děkuj nasa
    0.000 __other__
    

2013-07-21-21-16-12.853377-CEST  MainProcess : INFO       
    #189628 Time: 2013-07-21-21-16-12.848902-CEST From: ASR        To: HUB        Command: asr_end(fname="vad-2013-07-21-21-16-11.182746.wav") 

2013-07-21-21-16-13.641195-CEST  SLU-4      : DEBUG      
    SLU Hypothesis
    ------------------------------------------------------------
    0.898 thankyou()
    0.102 other()
    0.085 bye()
    

2013-07-21-21-16-13.676946-CEST  MainProcess : INFO       
    #189682 Time: 2013-07-21-21-16-13.671791-CEST From: SLU        To: HUB        Command: slu_parsed(fname="vad-2013-07-21-21-16-11.182746.wav") 

2013-07-21-21-16-13.680781-CEST  DM-5       : DEBUG      
    DDDState Dialogue Act in: thankyou()

2013-07-21-21-16-13.685365-CEST  DM-5       : DEBUG      
    Context Resolution - Dialogue Act: thankyou()

2013-07-21-21-16-13.690282-CEST  DM-5       : DEBUG      
    DDDState - Dialogue state content:
    
    ludait = thankyou
    alternative = none
    from_stop = Nádraží Holešovice
    route_alternative = 1
    silence_time = 0.0
    time = none
    to_stop = Českolipská
    
    rh_alternative = system-informed
    rh_enter_at = system-informed
    rh_exit_at = system-informed
    rh_found_directions = system-informed
    rh_from_stop = system-informed
    rh_go_at = system-informed
    rh_headsign = system-informed
    rh_line = system-informed
    rh_to_stop = system-informed
    rh_vehicle = system-informed
    
    ch_alternative = system-informed
    ch_enter_at = system-informed
    ch_exit_at = system-informed
    ch_found_directions = system-informed
    ch_from_stop = system-informed
    ch_go_at = system-informed
    ch_headsign = system-informed
    ch_line = system-informed
    ch_to_stop = system-informed
    ch_vehicle = system-informed
    
    sh_alternative = system-informed
    sh_enter_at = system-informed
    sh_exit_at = system-informed
    sh_found_directions = system-informed
    sh_from_stop = system-informed
    sh_go_at = system-informed
    sh_headsign = system-informed
    sh_line = system-informed
    sh_to_stop = system-informed
    sh_vehicle = system-informed
    

2013-07-21-21-16-13.695811-CEST  DM-5       : DEBUG      
    DDDState - Dialogue state update
    
    Requested slots:
    {}
    Confirmed slots:
    {}
    Non-informed slots:
    {u'route_alternative': 1, u'silence_time': 0.0}

2013-07-21-21-16-13.764788-CEST  DM-5       : DEBUG      
    DM Output
    ------------------------------------------------------------
    inform(cordiality="true")&hello()
    

2013-07-21-21-16-13.816054-CEST  MainProcess : INFO       
    #189692 Time: 2013-07-21-21-16-13.810557-CEST From: DM         To: HUB        DA: inform(cordiality="true")&hello() 

2013-07-21-21-16-13.824369-CEST  NLG-6      : DEBUG      
    #189693 Time: 2013-07-21-21-16-13.818761-CEST From: HUB        To: NLG        DA: inform(cordiality="true")&hello() 

2013-07-21-21-16-13.828854-CEST  NLG-6      : DEBUG      
    NLG Output
    ------------------------------------------------------------
    Nemáte zač. S čím Vám mohu ještě pomoci.
    

2013-07-21-21-16-13.864861-CEST  MainProcess : INFO       
    #189697 Time: 2013-07-21-21-16-13.861208-CEST From: NLG        To: HUB        Command: nlg_text_generated() 

2013-07-21-21-16-13.871854-CEST  MainProcess : INFO       
    #189700 Time: 2013-07-21-21-16-13.866424-CEST From: TTS        To: HUB        Command: tts_start(user_id="None",text="Nemáte zač. S čím Vám mohu ještě pomoci.") 

2013-07-21-21-16-13.926082-CEST  MainProcess : INFO       
    #189702 Time: 2013-07-21-21-16-13.869575-CEST From: VoipIO     To: HUB        Command: play_utterance_start(user_id="None",fname="tts-2013-07-21-21-16-13.863164.wav") 

2013-07-21-21-16-13.982005-CEST  MainProcess : INFO       
    #189926 Time: 2013-07-21-21-16-13.976523-CEST From: TTS        To: HUB        Command: tts_end(user_id="None",text="Nemáte zač. S čím Vám mohu ještě pomoci.",fname="tts-2013-07-21-21-16-13.863164.wav",log="true") 

2013-07-21-21-16-14.087691-CEST  ASR-3      : DEBUG      
    ASR: speech_start(fname="vad-2013-07-21-21-16-14.014993.wav")

2013-07-21-21-16-14.092914-CEST  MainProcess : INFO       
    #189936 Time: 2013-07-21-21-16-14.081900-CEST From: VAD        To: HUB        Command: speech_start(fname="vad-2013-07-21-21-16-14.014993.wav") 

2013-07-21-21-16-14.100409-CEST  MainProcess : INFO       
    #189937 Time: 2013-07-21-21-16-14.083466-CEST From: ASR        To: HUB        Command: asr_start(fname="vad-2013-07-21-21-16-14.014993.wav") 

2013-07-21-21-16-14.722673-CEST  MainProcess : INFO       
    #189980 Time: 2013-07-21-21-16-14.717538-CEST From: VAD        To: HUB        Command: speech_end(fname="vad-2013-07-21-21-16-14.014993.wav") 

2013-07-21-21-16-14.727882-CEST  ASR-3      : DEBUG      
    ASR: speech_end(fname="vad-2013-07-21-21-16-14.014993.wav")

2013-07-21-21-16-14.950231-CEST  ASR-3      : DEBUG      
    ASR Hypothesis
    ------------------------------------------------------------
    1.000 __silence__
    0.000 __other__
    

2013-07-21-21-16-15.010143-CEST  MainProcess : INFO       
    #189999 Time: 2013-07-21-21-16-15.005331-CEST From: ASR        To: HUB        Command: asr_end(fname="vad-2013-07-21-21-16-14.014993.wav") 

2013-07-21-21-16-15.015423-CEST  SLU-4      : DEBUG      
    SLU Hypothesis
    ------------------------------------------------------------
    1.000 silence()
    

2013-07-21-21-16-15.062963-CEST  MainProcess : INFO       
    #190003 Time: 2013-07-21-21-16-15.057756-CEST From: SLU        To: HUB        Command: slu_parsed(fname="vad-2013-07-21-21-16-14.014993.wav") 

2013-07-21-21-16-15.067940-CEST  DM-5       : DEBUG      
    DDDState Dialogue Act in: silence()

2013-07-21-21-16-15.073254-CEST  DM-5       : DEBUG      
    Context Resolution - Dialogue Act: silence()

2013-07-21-21-16-15.078692-CEST  DM-5       : DEBUG      
    DDDState - Dialogue state content:
    
    ludait = silence
    alternative = none
    from_stop = Nádraží Holešovice
    route_alternative = 1
    silence_time = 0.0
    time = none
    to_stop = Českolipská
    
    rh_alternative = system-informed
    rh_cordiality = system-informed
    rh_enter_at = system-informed
    rh_exit_at = system-informed
    rh_found_directions = system-informed
    rh_from_stop = system-informed
    rh_go_at = system-informed
    rh_headsign = system-informed
    rh_line = system-informed
    rh_to_stop = system-informed
    rh_vehicle = system-informed
    
    ch_alternative = system-informed
    ch_cordiality = system-informed
    ch_enter_at = system-informed
    ch_exit_at = system-informed
    ch_found_directions = system-informed
    ch_from_stop = system-informed
    ch_go_at = system-informed
    ch_headsign = system-informed
    ch_line = system-informed
    ch_to_stop = system-informed
    ch_vehicle = system-informed
    
    sh_alternative = system-informed
    sh_cordiality = system-informed
    sh_enter_at = system-informed
    sh_exit_at = system-informed
    sh_found_directions = system-informed
    sh_from_stop = system-informed
    sh_go_at = system-informed
    sh_headsign = system-informed
    sh_line = system-informed
    sh_to_stop = system-informed
    sh_vehicle = system-informed
    

2013-07-21-21-16-15.084870-CEST  DM-5       : DEBUG      
    DDDState - Dialogue state update
    
    Requested slots:
    {}
    Confirmed slots:
    {}
    Non-informed slots:
    {u'route_alternative': 1, u'silence_time': 0.0}

2013-07-21-21-16-15.195467-CEST  DM-5       : DEBUG      
    DM Output
    ------------------------------------------------------------
    silence()
    

2013-07-21-21-16-15.256850-CEST  MainProcess : INFO       
    #190018 Time: 2013-07-21-21-16-15.252295-CEST From: DM         To: HUB        DA: silence() 

2013-07-21-21-16-15.734057-CEST  MainProcess : INFO       
    #190050 Time: 2013-07-21-21-16-15.729494-CEST From: VAD        To: HUB        Command: speech_start(fname="vad-2013-07-21-21-16-15.645490.wav") 

2013-07-21-21-16-15.739505-CEST  ASR-3      : DEBUG      
    ASR: speech_start(fname="vad-2013-07-21-21-16-15.645490.wav")

2013-07-21-21-16-15.744692-CEST  MainProcess : INFO       
    #190051 Time: 2013-07-21-21-16-15.731331-CEST From: ASR        To: HUB        Command: asr_start(fname="vad-2013-07-21-21-16-15.645490.wav") 

2013-07-21-21-16-16.365098-CEST  ASR-3      : DEBUG      
    ASR: speech_end(fname="vad-2013-07-21-21-16-15.645490.wav")

2013-07-21-21-16-16.370638-CEST  MainProcess : INFO       
    #190093 Time: 2013-07-21-21-16-16.360223-CEST From: VAD        To: HUB        Command: speech_end(fname="vad-2013-07-21-21-16-15.645490.wav") 

2013-07-21-21-16-16.792822-CEST  ASR-3      : DEBUG      
    ASR Hypothesis
    ------------------------------------------------------------
    1.000 __silence__
    0.000 __other__
    

2013-07-21-21-16-16.854513-CEST  MainProcess : INFO       
    #190124 Time: 2013-07-21-21-16-16.850126-CEST From: ASR        To: HUB        Command: asr_end(fname="vad-2013-07-21-21-16-15.645490.wav") 

2013-07-21-21-16-16.859138-CEST  SLU-4      : DEBUG      
    SLU Hypothesis
    ------------------------------------------------------------
    1.000 silence()
    

2013-07-21-21-16-16.898635-CEST  VoipIO-1   : DEBUG      
    CallCallback::on_state : Call with "777722783" <sip:777722783@195.113.20.160> is DISCONNCTD last code = 200 (Normal call clearing)

2013-07-21-21-16-16.913965-CEST  DM-5       : DEBUG      
    DDDState Dialogue Act in: silence()

2013-07-21-21-16-16.919083-CEST  MainProcess : INFO       
    #190129 Time: 2013-07-21-21-16-16.909163-CEST From: SLU        To: HUB        Command: slu_parsed(fname="vad-2013-07-21-21-16-15.645490.wav") 

2013-07-21-21-16-16.923782-CEST  DM-5       : DEBUG      
    Context Resolution - Dialogue Act: silence()

2013-07-21-21-16-16.928797-CEST  DM-5       : DEBUG      
    DDDState - Dialogue state content:
    
    ludait = silence
    alternative = none
    from_stop = Nádraží Holešovice
    route_alternative = 1
    silence_time = 0.0
    time = none
    to_stop = Českolipská
    
    rh_alternative = system-informed
    rh_cordiality = system-informed
    rh_enter_at = system-informed
    rh_exit_at = system-informed
    rh_found_directions = system-informed
    rh_from_stop = system-informed
    rh_go_at = system-informed
    rh_headsign = system-informed
    rh_line = system-informed
    rh_to_stop = system-informed
    rh_vehicle = system-informed
    
    ch_alternative = system-informed
    ch_cordiality = system-informed
    ch_enter_at = system-informed
    ch_exit_at = system-informed
    ch_found_directions = system-informed
    ch_from_stop = system-informed
    ch_go_at = system-informed
    ch_headsign = system-informed
    ch_line = system-informed
    ch_to_stop = system-informed
    ch_vehicle = system-informed
    
    sh_alternative = system-informed
    sh_cordiality = system-informed
    sh_enter_at = system-informed
    sh_exit_at = system-informed
    sh_found_directions = system-informed
    sh_from_stop = system-informed
    sh_go_at = system-informed
    sh_headsign = system-informed
    sh_line = system-informed
    sh_to_stop = system-informed
    sh_vehicle = system-informed
    

2013-07-21-21-16-16.933651-CEST  DM-5       : DEBUG      
    DDDState - Dialogue state update
    
    Requested slots:
    {}
    Confirmed slots:
    {}
    Non-informed slots:
    {u'route_alternative': 1, u'silence_time': 0.0}

2013-07-21-21-16-17.065355-CEST  VoipIO-1   : DEBUG      
    VoipIO::on_call_disconnected

2013-07-21-21-16-17.072629-CEST  MainProcess : INFO       
    #190131 Time: 2013-07-21-21-16-17.066902-CEST From: VoipIO     To: HUB        Command: call_disconnected(remote_uri="777722783") 

