2013-07-12-07-57-06.557072-CEST  VoipIO-1   : DEBUG      
    CallCallback::on_state : Call with "606068911" <sip:606068911@195.113.20.160> is CONNECTING last code = 200 (OK)

2013-07-12-07-57-06.562214-CEST  VoipIO-1   : DEBUG      
    VoipIO::on_call_connecting

2013-07-12-07-57-06.567930-CEST  VoipIO-1   : DEBUG      
    CallCallback::on_state : Call with "606068911" <sip:606068911@195.113.20.160> is CONFIRMED last code = 200 (OK)

2013-07-12-07-57-06.590094-CEST  MainProcess : SYSTEM-LOG 
    config = { 'ASR': { 'Google': { 'debug': False, 'language': 'cs', 'maxresults': 20},
               'Julius': { 'adinnetport': 5530,
                           'binary': '/usr/local/bin/julius',
                           'debug': False,
                           'hostname': 'localhost',
                           'jconf': { '-adport': '5530',
                                      '-b': '1000',
                                      '-b2': '100',
                                      '-cmnload': 'cmn.param',
                                      '-cmnmapweight': '200',
                                      '-cmnsave': 'cmn.param',
                                      '-confnet': '',
                                      '-fallback1pass': '',
                                      '-gprune': 'safe',
                                      '-h': '/mnt/h/jurcicek/vystadial-git/alex/resources/asr/voip_en/hmmdefs',
                                      '-hlist': '/mnt/h/jurcicek/vystadial-git/alex/resources/asr/voip_en/tiedlist',
                                      '-htkconf': '/mnt/h/jurcicek/vystadial-git/alex/resources/asr/voip_en/config',
                                      '-input': 'adinnet',
                                      '-iwsp': '',
                                      '-iwsppenalty': '0.0',
                                      '-lmp': '15.0 0.0',
                                      '-lmp2': '15.0 0.0',
                                      '-mapunk': 'UM',
                                      '-module': '10500',
                                      '-n': '50',
                                      '-nlr': '/mnt/h/jurcicek/vystadial-git/alex/resources/lm/caminfo/julius_arpa_bigram',
                                      '-no_ccd': '',
                                      '-nrl': '/mnt/h/jurcicek/vystadial-git/alex/resources/lm/caminfo/julius_arpa_rev_bigram',
                                      '-silhead': '<s>',
                                      '-siltail': '</s>',
                                      '-spmodel': 'sp',
                                      '-tmix': '4',
                                      '-v': '/mnt/h/jurcicek/vystadial-git/alex/resources/lm/caminfo/julius_dict'},
                           'jconffile': 'julius.jconf',
                           'killall': False,
                           'logfile': 'julius.log',
                           'msg_timeout': 0.3,
                           'pidfile': 'julius.pid',
                           'reuse_server': False,
                           'serverport': 10500,
                           'start_max_wait_time': 15,
                           'start_wait_time': 0.5,
                           'timeout': 2.0},
               'Kaldi': { 'LM_scale': -6666.66,
                          'hypothesis_type': 'nblist',
                          'lat_depth': 666666,
                          'model': 'TODO_path_to_model'},
               'debug': True,
               'type': 'Google'},
      'AlexOnTheBus': { 'max_turns': 120},
      'Analytics': Analytics(account_id='UA-41905278-1', domain_name='cuni.cz'),
      'Audio': { 'sample_rate': 16000, 'samples_per_frame': 256},
      'AudioIO': { 'debug': True, 'output_dir': './aio_call_log', 'play_buffer_size': 1024},
      'DM': { 'PUfalRuleDM': { 'code_submit_url': None,
                               'db_cfg': '/mnt/h/jurcicek/vystadial-git/alex/resources/../applications/CamInfoRest/cued_data/CIRdbase_V7_noloc.txt',
                               'ontology': '/mnt/h/jurcicek/vystadial-git/alex/resources/../applications/CamInfoRest/ontology.cfg',
                               'provide_code': False},
              'UfalRuleDM': { 'code_submit_url': None,
                              'db_cfg': '/mnt/h/jurcicek/vystadial-git/alex/resources/../applications/CamInfoRest/cued_data/CIRdbase_V7_noloc.txt',
                              'ontology': '/mnt/h/jurcicek/vystadial-git/alex/resources/../applications/CamInfoRest/ontology.cfg',
                              'provide_code': False},
              'basic': { 'debug': True, 'silence_timeout': 10.0},
              'debug': True,
              'dialogue_policy': { 'type': <class 'alex.applications.AlexOnTheBus.aotb_hdc_policy.AOTBHDCPolicy'>},
              'dialogue_state': { 'type': <class 'alex.components.dm.dddstate.DeterministicDiscriminativeDialogueState'>},
              'input_timeout': 3.0,
              'ontology': '/mnt/h/jurcicek/vystadial-git/alex/applications/AlexOnTheBus/data/ontology.py',
              'type': 'basic'},
      'General': { 'debug': False, 'include': ['/mnt/h/jurcicek/vystadial-git/alex/resources/private/default.cfg']},
      'Hub': { 'history_file': 'hub_history_hub.txt', 'history_length': 1000, 'main_loop_sleep_time': 0.002},
      'Logging': { 'excepthook': ExceptionHook(
            ExceptionHook
              Hook Type: log
              Hook Logger: SystemLogger(output_dir=./call_logs, stdout_log_level='DEBUG', stdout=True, file_log_level='DEBUG')),
                   'session_logger': SessionLogger(),
                   'system_logger': SystemLogger(output_dir=/net/projects/vystadial/data/call-logs/2013-05-30-alex-aotb-prototype/new, stdout_log_level='DEBUG', stdout=True, file_log_level='DEBUG'),
                   'system_name': u'Alex On The Bus - Live',
                   'version': u'1.0'},
      'NLG': { 'Template': { 'model': '/mnt/h/jurcicek/vystadial-git/alex/applications/AlexOnTheBus/nlg_templates.cfg'},
               'debug': True,
               'type': 'Template'},
      'SHub': { 'history_file': 'hub_history_shub.txt', 'history_length': 1000},
      'SLU': { 'cl-tracing': { 'cldb_fname': '/mnt/h/jurcicek/vystadial-git/alex/applications/CamInfoRest/data/database.py',
                               'do_preprocessing': True,
                               'features_type': ('ngram', 'ab_ngram'),
                               'testing': { 'max_examples': None,
                                            'min_perc': 80,
                                            'model_fname': '/mnt/h/jurcicek/vystadial-git/alex/applications/CamInfoRest/models/130516_minf60-minfc35-mind60.slu_model.gz',
                                            'renormalise': True,
                                            'threshold': None,
                                            'vanilla': True},
                               'training': { 'abstractions': ('abstract',), 'models_dir': 'models'}},
               'debug': True,
               'type': <class 'alex.applications.AlexOnTheBus.aotb_slu.AOTBSLU'>,
               <class 'alex.applications.AlexOnTheBus.aotb_slu.AOTBSLU'>: { 'cldb_fname': '/mnt/h/jurcicek/vystadial-git/alex/applications/AlexOnTheBus/data/database.py',
                                                                            'preprocessing_cls': <class 'alex.applications.AlexOnTheBus.aotb_preprocessing.AOTBSLUPreprocessing'>,
                                                                            'training': { 'models_dir': 'models'}}},
      'THub': { 'history_file': 'hub_history_thub.txt', 'history_length': 1000},
      'TTS': { 'Flite': { 'debug': False,
                          'preprocessing': '/mnt/h/jurcicek/vystadial-git/alex/resources/tts/prep_flite_en.cfg',
                          'voice': 'kal16'},
               'Google': { 'debug': False,
                           'language': 'en',
                           'preprocessing': '/mnt/h/jurcicek/vystadial-git/alex/resources/tts/prep_google_en.cfg'},
               'SpeechTech': { 'debug': True,
                               'login': 'filipjurcicek',
    # this line was removed since it included a password
                               'preprocessing': '/mnt/h/jurcicek/vystadial-git/alex/resources/tts/prep_speechtech_cs.cfg',
                               'voice': 'Iva210'},
               'VoiceRSS': { 'api_key': '3b6a9fca5d724b1c8ac34691586cdda1'},
               'VoiceRss': { 'language': 'en-gb',
                             'preprocessing': '/mnt/h/jurcicek/vystadial-git/alex/resources/tts/prep_voicerss_en.cfg'},
               'debug': True,
               'in_between_segments_silence': 0.1,
               'type': 'SpeechTech'},
      'VAD': { 'debug': False,
               'decision_frames_sil': 25,
               'decision_frames_speech': 10,
               'decision_non_speech_threshold': 0.2,
               'decision_speech_threshold': 0.7,
               'gmm': { 'ceplifter': 22,
                        'enormalise': True,
                        'filter_length': 5,
                        'frameshift': 160,
                        'framesize': 512,
                        'frontend': 'MFCC',
                        'hifreq': 3800,
                        'lofreq': 125,
                        'numceps': 12,
                        'numchans': 26,
                        'preemcoef': 0.97,
                        'sil_model': '/mnt/h/jurcicek/vystadial-git/alex/resources/vad/voip_en/vad_sil_sds_mfcc_m064_f100000.gmm',
                        'speech_model': '/mnt/h/jurcicek/vystadial-git/alex/resources/vad/voip_en/vad_speech_sds_mfcc_m064_f100000.gmm',
                        'useacc': True,
                        'usec0': False,
                        'usecmn': False,
                        'usedelta': True,
                        'usehamming': True,
                        'usepower': True,
                        'zmeansource': True},
               'power': { 'adaptation_frames': 30, 'threshold': 70, 'threshold_multiplier': 1.0},
               'speech_buffer_frames': 20,
               'type': 'gmm'},
      'VoipHub': { 'blacklist_for': 7200,
                   'call_db': u'/net/projects/vystadial/data/call-logs/2013-05-30-alex-aotb-prototype/new/call_db.pckl',
                   'hard_time_limit': 360,
                   'hard_turn_limit': 120,
                   'history_length': 1000,
                   'last_period_max_num_calls': 20,
                   'last_period_max_total_time': 1800,
                   'limit_reached_message': u'D\u011bkujeme za zavol\xe1n\xed, ale u\u017e jste volali hodn\u011b. Pros\xedm zavolejte pozd\u011bji. Na shledanou.',
                   'period': 172800,
                   'pid_file': u'/net/projects/vystadial/data/call-logs/2013-05-30-alex-aotb-prototype/new/vhub_live.pid',
                   'wait_time_before_calling_back': 10},
      'VoipIO': { 'allowed_hosts': '',
                  'allowed_phone_numbers': '(^[234567])',
                  'allowed_users': '(^[234567])',
                  'debug': True,
                  'domain': 'vystadial.ms.mff.cuni.cz',
                  'forbidden_hosts': '',
                  'forbidden_phone_number': '(^112$|^150$|^155$|^156$|^158$)',
                  'forbidden_users': '(^112$|^150$|^155$|^156$|^158$)',
    # this line was removed since it included a password
                  'pjsip_log_level': 3,
                  'reject_calls': False,
                  'user': '800899998'},
      'WebHub': { 'port': 8000},
      'corpustools': { 'get_jasr_confnets': { 'frame_size': 256, 'rt_ratio': 0.2}}}

2013-07-12-07-57-06.614061-CEST  VoipIO-1   : DEBUG      
    VoipIO::on_call_confirmed

2013-07-12-07-57-06.653838-CEST  MainProcess : INFO       
    #345830 Time: 2013-07-12-07-57-06.563564-CEST From: VoipIO     To: HUB        Command: call_connecting(remote_uri="606068911") 

2013-07-12-07-57-06.662783-CEST  MainProcess : INFO       
    #345831 Time: 2013-07-12-07-57-06.615663-CEST From: VoipIO     To: HUB        Command: call_confirmed(remote_uri="606068911") 

2013-07-12-07-57-06.670254-CEST  MainProcess : INFO       
    
    ========================================================================================================================
    Incoming call from :          606068911
    ------------------------------------------------------------------------------------------------------------------------
    Total calls:                  0
    Total time (min):             0.0
    Last period total calls:      0
    Last period total time (min): 0.0
    ------------------------------------------------------------------------------------------------------------------------
    CALL ACCEPTED
    ========================================================================================================================
    

2013-07-12-07-57-06.676611-CEST  DM-5       : DEBUG      
    #345832 Time: 2013-07-12-07-57-06.666821-CEST From: HUB        To: DM         Command: new_dialogue() 

2013-07-12-07-57-06.698066-CEST  DM-5       : DEBUG      
    DM Output
    ------------------------------------------------------------
    hello()
    

2013-07-12-07-57-06.711827-CEST  MainProcess : INFO       
    #345834 Time: 2013-07-12-07-57-06.705447-CEST From: DM         To: HUB        DA: hello() 

2013-07-12-07-57-06.719717-CEST  NLG-6      : DEBUG      
    #345835 Time: 2013-07-12-07-57-06.714566-CEST From: HUB        To: NLG        DA: hello() 

2013-07-12-07-57-06.724493-CEST  NLG-6      : DEBUG      
    NLG Output
    ------------------------------------------------------------
    Dobrý den. Hovor je nahráván. Více informací o této službě je na internetu. Jak Vám mohu pomoci. 
    

2013-07-12-07-57-06.737483-CEST  MainProcess : INFO       
    #345837 Time: 2013-07-12-07-57-06.732601-CEST From: NLG        To: HUB        Command: nlg_text_generated() 

2013-07-12-07-57-06.744173-CEST  MainProcess : INFO       
    #345839 Time: 2013-07-12-07-57-06.738867-CEST From: TTS        To: HUB        Command: tts_start(user_id="None",text="Dobrý den. Hovor je nahráván. Více informací o této službě je na internetu. Jak Vám mohu pomoci. ") 

2013-07-12-07-57-06.805031-CEST  MainProcess : INFO       
    #345842 Time: 2013-07-12-07-57-06.760086-CEST From: VoipIO     To: HUB        Command: play_utterance_start(user_id="None",fname="tts-2013-07-12-07-57-06.734919.wav") 

2013-07-12-07-57-07.015675-CEST  MainProcess : INFO       
    #346348 Time: 2013-07-12-07-57-07.007652-CEST From: TTS        To: HUB        Command: tts_end(user_id="None",text="Dobrý den. Hovor je nahráván. Více informací o této službě je na internetu. Jak Vám mohu pomoci. ",fname="tts-2013-07-12-07-57-06.734919.wav",log="true") 

2013-07-12-07-57-18.050383-CEST  MainProcess : INFO       
    #346841 Time: 2013-07-12-07-57-18.025282-CEST From: VoipIO     To: HUB        Command: play_utterance_end(user_id="None",fname="tts-2013-07-12-07-57-06.734919.wav) 

2013-07-12-07-57-21.055221-CEST  DM-5       : DEBUG      
    #346975 Time: 2013-07-12-07-57-21.051650-CEST From: HUB        To: DM         Command: timeout(silence_time="3.000") 

2013-07-12-07-57-21.058941-CEST  DM-5       : DEBUG      
    DDDState Dialogue Act in: silence(time="3.000")

2013-07-12-07-57-21.062648-CEST  DM-5       : DEBUG      
    Context Resolution - Dialogue Act: silence(time="3.000")

2013-07-12-07-57-21.066649-CEST  DM-5       : DEBUG      
    DDDState - Dialogue state content:
    
    ludait = silence
    silence_time = 3.0
    
    
    
    

2013-07-12-07-57-21.070609-CEST  DM-5       : DEBUG      
    DDDState - Dialogue state update
    
    Requested slots:
    {}
    Confirmed slots:
    {}
    Non-informed slots:
    {u'silence_time': 3.0}

2013-07-12-07-57-21.073870-CEST  DM-5       : DEBUG      
    DM Output
    ------------------------------------------------------------
    silence()
    

2013-07-12-07-57-21.088623-CEST  MainProcess : INFO       
    #346978 Time: 2013-07-12-07-57-21.085223-CEST From: DM         To: HUB        DA: silence() 

2013-07-12-07-57-21.772281-CEST  MainProcess : INFO       
    #347013 Time: 2013-07-12-07-57-21.767996-CEST From: VAD        To: HUB        Command: speech_start(fname="vad-2013-07-12-07-57-21.755713.wav") 

2013-07-12-07-57-21.775879-CEST  ASR-3      : DEBUG      
    ASR: speech_start(fname="vad-2013-07-12-07-57-21.755713.wav")

2013-07-12-07-57-21.779679-CEST  MainProcess : INFO       
    #347014 Time: 2013-07-12-07-57-21.770128-CEST From: ASR        To: HUB        Command: asr_start(fname="vad-2013-07-12-07-57-21.755713.wav") 

2013-07-12-07-57-23.432557-CEST  MainProcess : INFO       
    #347099 Time: 2013-07-12-07-57-23.429176-CEST From: VAD        To: HUB        Command: speech_end(fname="vad-2013-07-12-07-57-21.755713.wav") 

2013-07-12-07-57-23.436154-CEST  ASR-3      : DEBUG      
    ASR: speech_end(fname="vad-2013-07-12-07-57-21.755713.wav")

2013-07-12-07-57-23.986818-CEST  ASR-3      : DEBUG      
    ASR Hypothesis
    ------------------------------------------------------------
    0.453 muzeum
    0.219 youtube
    0.164 film
    0.109 dům
    0.055 neum
    0.000 __other__
    

2013-07-12-07-57-23.999748-CEST  MainProcess : INFO       
    #347128 Time: 2013-07-12-07-57-23.994863-CEST From: ASR        To: HUB        Command: asr_end(fname="vad-2013-07-12-07-57-21.755713.wav") 

2013-07-12-07-57-24.319438-CEST  SLU-4      : DEBUG      
    SLU Hypothesis
    ------------------------------------------------------------
    0.547 other()
    0.453 inform(="Muzeum")
    

2013-07-12-07-57-24.331342-CEST  MainProcess : INFO       
    #347147 Time: 2013-07-12-07-57-24.327253-CEST From: SLU        To: HUB        Command: slu_parsed(fname="vad-2013-07-12-07-57-21.755713.wav") 

2013-07-12-07-57-24.335063-CEST  DM-5       : DEBUG      
    DDDState Dialogue Act in: other()

2013-07-12-07-57-24.338430-CEST  DM-5       : DEBUG      
    Context Resolution - Dialogue Act: other()

2013-07-12-07-57-24.342200-CEST  DM-5       : DEBUG      
    DDDState - Dialogue state content:
    
    ludait = other
    silence_time = 0.0
    
    
    
    

2013-07-12-07-57-24.345731-CEST  DM-5       : DEBUG      
    DDDState - Dialogue state update
    
    Requested slots:
    {}
    Confirmed slots:
    {}
    Non-informed slots:
    {u'silence_time': 0.0}

2013-07-12-07-57-24.365926-CEST  DM-5       : DEBUG      
    DM Output
    ------------------------------------------------------------
    notunderstood()&help(repeat)
    

2013-07-12-07-57-24.379841-CEST  MainProcess : INFO       
    #347151 Time: 2013-07-12-07-57-24.374668-CEST From: DM         To: HUB        DA: notunderstood()&help(repeat) 

2013-07-12-07-57-24.387078-CEST  NLG-6      : DEBUG      
    #347152 Time: 2013-07-12-07-57-24.382280-CEST From: HUB        To: NLG        DA: notunderstood()&help(repeat) 

2013-07-12-07-57-24.390725-CEST  NLG-6      : DEBUG      
    NLG Output
    ------------------------------------------------------------
    Nerozuměla jsem. Můžete mě požádat o zopakování poslední věty.
    

2013-07-12-07-57-24.402917-CEST  MainProcess : INFO       
    #347154 Time: 2013-07-12-07-57-24.398368-CEST From: NLG        To: HUB        Command: nlg_text_generated() 

2013-07-12-07-57-24.408599-CEST  MainProcess : INFO       
    #347156 Time: 2013-07-12-07-57-24.404084-CEST From: TTS        To: HUB        Command: tts_start(user_id="None",text="Nerozuměla jsem. Můžete mě požádat o zopakování poslední věty.") 

2013-07-12-07-57-24.459024-CEST  MainProcess : INFO       
    #347159 Time: 2013-07-12-07-57-24.407651-CEST From: VoipIO     To: HUB        Command: play_utterance_start(user_id="None",fname="tts-2013-07-12-07-57-24.400712.wav") 

2013-07-12-07-57-24.507395-CEST  MainProcess : INFO       
    #347492 Time: 2013-07-12-07-57-24.501938-CEST From: TTS        To: HUB        Command: tts_end(user_id="None",text="Nerozuměla jsem. Můžete mě požádat o zopakování poslední věty.",fname="tts-2013-07-12-07-57-24.400712.wav",log="true") 

2013-07-12-07-57-31.082944-CEST  MainProcess : INFO       
    #347819 Time: 2013-07-12-07-57-31.057234-CEST From: VoipIO     To: HUB        Command: play_utterance_end(user_id="None",fname="tts-2013-07-12-07-57-24.400712.wav) 

2013-07-12-07-57-34.089505-CEST  DM-5       : DEBUG      
    #347971 Time: 2013-07-12-07-57-34.084236-CEST From: HUB        To: DM         Command: timeout(silence_time="3.000") 

2013-07-12-07-57-34.093008-CEST  DM-5       : DEBUG      
    DDDState Dialogue Act in: silence(time="3.000")

2013-07-12-07-57-34.096286-CEST  DM-5       : DEBUG      
    Context Resolution - Dialogue Act: silence(time="3.000")

2013-07-12-07-57-34.099761-CEST  DM-5       : DEBUG      
    DDDState - Dialogue state content:
    
    ludait = silence
    alternative = none
    route_alternative = none
    silence_time = 3.0
    
    
    
    

2013-07-12-07-57-34.103172-CEST  DM-5       : DEBUG      
    DDDState - Dialogue state update
    
    Requested slots:
    {}
    Confirmed slots:
    {}
    Non-informed slots:
    {u'silence_time': 3.0}

2013-07-12-07-57-34.106426-CEST  DM-5       : DEBUG      
    DM Output
    ------------------------------------------------------------
    silence()
    

2013-07-12-07-57-34.127302-CEST  MainProcess : INFO       
    #347974 Time: 2013-07-12-07-57-34.122615-CEST From: DM         To: HUB        DA: silence() 

2013-07-12-07-57-34.958737-CEST  MainProcess : INFO       
    #348017 Time: 2013-07-12-07-57-34.954724-CEST From: VAD        To: HUB        Command: speech_start(fname="vad-2013-07-12-07-57-34.940512.wav") 

2013-07-12-07-57-34.963192-CEST  ASR-3      : DEBUG      
    ASR: speech_start(fname="vad-2013-07-12-07-57-34.940512.wav")

2013-07-12-07-57-34.967558-CEST  MainProcess : INFO       
    #348019 Time: 2013-07-12-07-57-34.955889-CEST From: ASR        To: HUB        Command: asr_start(fname="vad-2013-07-12-07-57-34.940512.wav") 

2013-07-12-07-57-36.530079-CEST  ASR-3      : DEBUG      
    ASR: speech_end(fname="vad-2013-07-12-07-57-34.940512.wav")

2013-07-12-07-57-36.533873-CEST  MainProcess : INFO       
    #348099 Time: 2013-07-12-07-57-36.526407-CEST From: VAD        To: HUB        Command: speech_end(fname="vad-2013-07-12-07-57-34.940512.wav") 

2013-07-12-07-57-36.845674-CEST  ASR-3      : DEBUG      
    ASR Hypothesis
    ------------------------------------------------------------
    1.000 __silence__
    0.000 __other__
    

2013-07-12-07-57-36.858090-CEST  MainProcess : INFO       
    #348116 Time: 2013-07-12-07-57-36.855156-CEST From: ASR        To: HUB        Command: asr_end(fname="vad-2013-07-12-07-57-34.940512.wav") 

2013-07-12-07-57-36.861535-CEST  SLU-4      : DEBUG      
    SLU Hypothesis
    ------------------------------------------------------------
    1.000 silence()
    

2013-07-12-07-57-36.876434-CEST  MainProcess : INFO       
    #348119 Time: 2013-07-12-07-57-36.872962-CEST From: SLU        To: HUB        Command: slu_parsed(fname="vad-2013-07-12-07-57-34.940512.wav") 

2013-07-12-07-57-36.880161-CEST  DM-5       : DEBUG      
    DDDState Dialogue Act in: silence()

2013-07-12-07-57-36.883750-CEST  DM-5       : DEBUG      
    Context Resolution - Dialogue Act: silence()

2013-07-12-07-57-36.887410-CEST  DM-5       : DEBUG      
    DDDState - Dialogue state content:
    
    ludait = silence
    alternative = none
    route_alternative = none
    silence_time = 0.0
    
    
    
    

2013-07-12-07-57-36.890636-CEST  DM-5       : DEBUG      
    DDDState - Dialogue state update
    
    Requested slots:
    {}
    Confirmed slots:
    {}
    Non-informed slots:
    {u'silence_time': 0.0}

2013-07-12-07-57-36.910888-CEST  DM-5       : DEBUG      
    DM Output
    ------------------------------------------------------------
    silence()
    

2013-07-12-07-57-36.923825-CEST  MainProcess : INFO       
    #348123 Time: 2013-07-12-07-57-36.919698-CEST From: DM         To: HUB        DA: silence() 

2013-07-12-07-57-39.540166-CEST  DM-5       : DEBUG      
    #348256 Time: 2013-07-12-07-57-39.535940-CEST From: HUB        To: DM         Command: timeout(silence_time="3.001") 

2013-07-12-07-57-39.543966-CEST  DM-5       : DEBUG      
    DDDState Dialogue Act in: silence(time="3.001")

2013-07-12-07-57-39.547128-CEST  DM-5       : DEBUG      
    Context Resolution - Dialogue Act: silence(time="3.001")

2013-07-12-07-57-39.550099-CEST  DM-5       : DEBUG      
    DDDState - Dialogue state content:
    
    ludait = silence
    alternative = none
    route_alternative = none
    silence_time = 3.001
    
    
    
    

2013-07-12-07-57-39.553585-CEST  DM-5       : DEBUG      
    DDDState - Dialogue state update
    
    Requested slots:
    {}
    Confirmed slots:
    {}
    Non-informed slots:
    {u'silence_time': 3.001}

2013-07-12-07-57-39.556717-CEST  DM-5       : DEBUG      
    DM Output
    ------------------------------------------------------------
    silence()
    

2013-07-12-07-57-39.579870-CEST  MainProcess : INFO       
    #348259 Time: 2013-07-12-07-57-39.575684-CEST From: DM         To: HUB        DA: silence() 

2013-07-12-07-57-42.541325-CEST  DM-5       : DEBUG      
    #348408 Time: 2013-07-12-07-57-42.536250-CEST From: HUB        To: DM         Command: timeout(silence_time="6.001") 

2013-07-12-07-57-42.545176-CEST  DM-5       : DEBUG      
    DDDState Dialogue Act in: silence(time="6.001")

2013-07-12-07-57-42.548217-CEST  DM-5       : DEBUG      
    Context Resolution - Dialogue Act: silence(time="6.001")

2013-07-12-07-57-42.551709-CEST  DM-5       : DEBUG      
    DDDState - Dialogue state content:
    
    ludait = silence
    alternative = none
    route_alternative = none
    silence_time = 6.001
    
    
    
    

2013-07-12-07-57-42.555192-CEST  DM-5       : DEBUG      
    DDDState - Dialogue state update
    
    Requested slots:
    {}
    Confirmed slots:
    {}
    Non-informed slots:
    {u'silence_time': 6.001}

2013-07-12-07-57-42.558723-CEST  DM-5       : DEBUG      
    DM Output
    ------------------------------------------------------------
    silence()
    

2013-07-12-07-57-42.584355-CEST  MainProcess : INFO       
    #348411 Time: 2013-07-12-07-57-42.579202-CEST From: DM         To: HUB        DA: silence() 

2013-07-12-07-57-45.542478-CEST  DM-5       : DEBUG      
    #348545 Time: 2013-07-12-07-57-45.537777-CEST From: HUB        To: DM         Command: timeout(silence_time="9.003") 

2013-07-12-07-57-45.545486-CEST  DM-5       : DEBUG      
    DDDState Dialogue Act in: silence(time="9.003")

2013-07-12-07-57-45.548725-CEST  DM-5       : DEBUG      
    Context Resolution - Dialogue Act: silence(time="9.003")

2013-07-12-07-57-45.551921-CEST  DM-5       : DEBUG      
    DDDState - Dialogue state content:
    
    ludait = silence
    alternative = none
    route_alternative = none
    silence_time = 9.003
    
    
    
    

2013-07-12-07-57-45.555076-CEST  DM-5       : DEBUG      
    DDDState - Dialogue state update
    
    Requested slots:
    {}
    Confirmed slots:
    {}
    Non-informed slots:
    {u'silence_time': 9.003}

2013-07-12-07-57-45.558283-CEST  DM-5       : DEBUG      
    DM Output
    ------------------------------------------------------------
    silence()
    

2013-07-12-07-57-45.580274-CEST  MainProcess : INFO       
    #348548 Time: 2013-07-12-07-57-45.576634-CEST From: DM         To: HUB        DA: silence() 

2013-07-12-07-57-48.545448-CEST  DM-5       : DEBUG      
    #348696 Time: 2013-07-12-07-57-48.539946-CEST From: HUB        To: DM         Command: timeout(silence_time="12.005") 

2013-07-12-07-57-48.550125-CEST  DM-5       : DEBUG      
    DDDState Dialogue Act in: silence(time="12.005")

2013-07-12-07-57-48.554443-CEST  DM-5       : DEBUG      
    Context Resolution - Dialogue Act: silence(time="12.005")

2013-07-12-07-57-48.558844-CEST  DM-5       : DEBUG      
    DDDState - Dialogue state content:
    
    ludait = silence
    alternative = none
    route_alternative = none
    silence_time = 12.005
    
    
    
    

2013-07-12-07-57-48.562936-CEST  DM-5       : DEBUG      
    DDDState - Dialogue state update
    
    Requested slots:
    {}
    Confirmed slots:
    {}
    Non-informed slots:
    {u'silence_time': 12.005}

2013-07-12-07-57-48.566976-CEST  DM-5       : DEBUG      
    DM Output
    ------------------------------------------------------------
    inform(silence_timeout="true")
    

2013-07-12-07-57-48.603484-CEST  MainProcess : INFO       
    #348700 Time: 2013-07-12-07-57-48.599128-CEST From: DM         To: HUB        DA: inform(silence_timeout="true") 

2013-07-12-07-57-48.611607-CEST  NLG-6      : DEBUG      
    #348701 Time: 2013-07-12-07-57-48.606431-CEST From: HUB        To: NLG        DA: inform(silence_timeout="true") 

2013-07-12-07-57-48.616267-CEST  NLG-6      : DEBUG      
    NLG Output
    ------------------------------------------------------------
    Haló, slyšíme se?
    

2013-07-12-07-57-48.637852-CEST  MainProcess : INFO       
    #348703 Time: 2013-07-12-07-57-48.632074-CEST From: NLG        To: HUB        Command: nlg_text_generated() 

2013-07-12-07-57-48.641722-CEST  MainProcess : INFO       
    #348705 Time: 2013-07-12-07-57-48.634228-CEST From: TTS        To: HUB        Command: tts_start(user_id="None",text="Haló, slyšíme se?") 

2013-07-12-07-57-48.694251-CEST  MainProcess : INFO       
    #348708 Time: 2013-07-12-07-57-48.647077-CEST From: VoipIO     To: HUB        Command: play_utterance_start(user_id="None",fname="tts-2013-07-12-07-57-48.634030.wav") 

2013-07-12-07-57-48.727454-CEST  MainProcess : INFO       
    #348825 Time: 2013-07-12-07-57-48.721732-CEST From: TTS        To: HUB        Command: tts_end(user_id="None",text="Haló, slyšíme se?",fname="tts-2013-07-12-07-57-48.634030.wav",log="true") 

2013-07-12-07-57-51.676886-CEST  MainProcess : INFO       
    #348939 Time: 2013-07-12-07-57-51.648030-CEST From: VoipIO     To: HUB        Command: play_utterance_end(user_id="None",fname="tts-2013-07-12-07-57-48.634030.wav) 

2013-07-12-07-57-54.039086-CEST  MainProcess : INFO       
    #349054 Time: 2013-07-12-07-57-54.034561-CEST From: VAD        To: HUB        Command: speech_start(fname="vad-2013-07-12-07-57-54.016002.wav") 

2013-07-12-07-57-54.043839-CEST  ASR-3      : DEBUG      
    ASR: speech_start(fname="vad-2013-07-12-07-57-54.016002.wav")

2013-07-12-07-57-54.047772-CEST  MainProcess : INFO       
    #349055 Time: 2013-07-12-07-57-54.036307-CEST From: ASR        To: HUB        Command: asr_start(fname="vad-2013-07-12-07-57-54.016002.wav") 

2013-07-12-07-57-57.380250-CEST  MainProcess : INFO       
    #349202 Time: 2013-07-12-07-57-57.376502-CEST From: VAD        To: HUB        Command: speech_end(fname="vad-2013-07-12-07-57-54.016002.wav") 

2013-07-12-07-57-57.383970-CEST  ASR-3      : DEBUG      
    ASR: speech_end(fname="vad-2013-07-12-07-57-54.016002.wav")

2013-07-12-07-57-57.790747-CEST  ASR-3      : DEBUG      
    ASR Hypothesis
    ------------------------------------------------------------
    1.000 __silence__
    0.000 __other__
    

2013-07-12-07-57-57.806064-CEST  MainProcess : INFO       
    #349224 Time: 2013-07-12-07-57-57.801224-CEST From: ASR        To: HUB        Command: asr_end(fname="vad-2013-07-12-07-57-54.016002.wav") 

2013-07-12-07-57-57.809580-CEST  SLU-4      : DEBUG      
    SLU Hypothesis
    ------------------------------------------------------------
    1.000 silence()
    

2013-07-12-07-57-57.824204-CEST  MainProcess : INFO       
    #349227 Time: 2013-07-12-07-57-57.820478-CEST From: SLU        To: HUB        Command: slu_parsed(fname="vad-2013-07-12-07-57-54.016002.wav") 

2013-07-12-07-57-57.827999-CEST  DM-5       : DEBUG      
    DDDState Dialogue Act in: silence()

2013-07-12-07-57-57.831748-CEST  DM-5       : DEBUG      
    Context Resolution - Dialogue Act: silence()

2013-07-12-07-57-57.834703-CEST  DM-5       : DEBUG      
    DDDState - Dialogue state content:
    
    ludait = silence
    alternative = none
    route_alternative = none
    silence_time = 0.0
    
    rh_silence_timeout = system-informed
    
    ch_silence_timeout = system-informed
    
    sh_silence_timeout = system-informed
    

2013-07-12-07-57-57.837507-CEST  DM-5       : DEBUG      
    DDDState - Dialogue state update
    
    Requested slots:
    {}
    Confirmed slots:
    {}
    Non-informed slots:
    {u'silence_time': 0.0}

2013-07-12-07-57-57.859841-CEST  DM-5       : DEBUG      
    DM Output
    ------------------------------------------------------------
    silence()
    

2013-07-12-07-57-57.877192-CEST  MainProcess : INFO       
    #349231 Time: 2013-07-12-07-57-57.873713-CEST From: DM         To: HUB        DA: silence() 

2013-07-12-07-58-00.387362-CEST  DM-5       : DEBUG      
    #349358 Time: 2013-07-12-07-58-00.383052-CEST From: HUB        To: DM         Command: timeout(silence_time="3.002") 

2013-07-12-07-58-00.390919-CEST  DM-5       : DEBUG      
    DDDState Dialogue Act in: silence(time="3.002")

2013-07-12-07-58-00.394556-CEST  DM-5       : DEBUG      
    Context Resolution - Dialogue Act: silence(time="3.002")

2013-07-12-07-58-00.398269-CEST  DM-5       : DEBUG      
    DDDState - Dialogue state content:
    
    ludait = silence
    alternative = none
    route_alternative = none
    silence_time = 3.002
    
    rh_silence_timeout = system-informed
    
    ch_silence_timeout = system-informed
    
    sh_silence_timeout = system-informed
    

2013-07-12-07-58-00.401848-CEST  DM-5       : DEBUG      
    DDDState - Dialogue state update
    
    Requested slots:
    {}
    Confirmed slots:
    {}
    Non-informed slots:
    {u'silence_time': 3.002}

2013-07-12-07-58-00.405311-CEST  DM-5       : DEBUG      
    DM Output
    ------------------------------------------------------------
    silence()
    

2013-07-12-07-58-00.430804-CEST  MainProcess : INFO       
    #349361 Time: 2013-07-12-07-58-00.427428-CEST From: DM         To: HUB        DA: silence() 

2013-07-12-07-58-03.389144-CEST  DM-5       : DEBUG      
    #349487 Time: 2013-07-12-07-58-03.384078-CEST From: HUB        To: DM         Command: timeout(silence_time="6.003") 

2013-07-12-07-58-03.393909-CEST  DM-5       : DEBUG      
    DDDState Dialogue Act in: silence(time="6.003")

2013-07-12-07-58-03.398275-CEST  DM-5       : DEBUG      
    Context Resolution - Dialogue Act: silence(time="6.003")

2013-07-12-07-58-03.402607-CEST  DM-5       : DEBUG      
    DDDState - Dialogue state content:
    
    ludait = silence
    alternative = none
    route_alternative = none
    silence_time = 6.003
    
    rh_silence_timeout = system-informed
    
    ch_silence_timeout = system-informed
    
    sh_silence_timeout = system-informed
    

2013-07-12-07-58-03.407044-CEST  DM-5       : DEBUG      
    DDDState - Dialogue state update
    
    Requested slots:
    {}
    Confirmed slots:
    {}
    Non-informed slots:
    {u'silence_time': 6.003}

2013-07-12-07-58-03.411456-CEST  DM-5       : DEBUG      
    DM Output
    ------------------------------------------------------------
    silence()
    

2013-07-12-07-58-03.451104-CEST  MainProcess : INFO       
    #349490 Time: 2013-07-12-07-58-03.445936-CEST From: DM         To: HUB        DA: silence() 

2013-07-12-07-58-06.390640-CEST  DM-5       : DEBUG      
    #349626 Time: 2013-07-12-07-58-06.385766-CEST From: HUB        To: DM         Command: timeout(silence_time="9.004") 

2013-07-12-07-58-06.394047-CEST  DM-5       : DEBUG      
    DDDState Dialogue Act in: silence(time="9.004")

2013-07-12-07-58-06.397100-CEST  DM-5       : DEBUG      
    Context Resolution - Dialogue Act: silence(time="9.004")

2013-07-12-07-58-06.400584-CEST  DM-5       : DEBUG      
    DDDState - Dialogue state content:
    
    ludait = silence
    alternative = none
    route_alternative = none
    silence_time = 9.004
    
    rh_silence_timeout = system-informed
    
    ch_silence_timeout = system-informed
    
    sh_silence_timeout = system-informed
    

2013-07-12-07-58-06.403948-CEST  DM-5       : DEBUG      
    DDDState - Dialogue state update
    
    Requested slots:
    {}
    Confirmed slots:
    {}
    Non-informed slots:
    {u'silence_time': 9.004}

2013-07-12-07-58-06.407332-CEST  DM-5       : DEBUG      
    DM Output
    ------------------------------------------------------------
    silence()
    

2013-07-12-07-58-06.437172-CEST  MainProcess : INFO       
    #349630 Time: 2013-07-12-07-58-06.432801-CEST From: DM         To: HUB        DA: silence() 

2013-07-12-07-58-09.392703-CEST  DM-5       : DEBUG      
    #349763 Time: 2013-07-12-07-58-09.386363-CEST From: HUB        To: DM         Command: timeout(silence_time="12.005") 

2013-07-12-07-58-09.396746-CEST  DM-5       : DEBUG      
    DDDState Dialogue Act in: silence(time="12.005")

2013-07-12-07-58-09.400586-CEST  DM-5       : DEBUG      
    Context Resolution - Dialogue Act: silence(time="12.005")

2013-07-12-07-58-09.404504-CEST  DM-5       : DEBUG      
    DDDState - Dialogue state content:
    
    ludait = silence
    alternative = none
    route_alternative = none
    silence_time = 12.005
    
    rh_silence_timeout = system-informed
    
    ch_silence_timeout = system-informed
    
    sh_silence_timeout = system-informed
    

2013-07-12-07-58-09.408331-CEST  DM-5       : DEBUG      
    DDDState - Dialogue state update
    
    Requested slots:
    {}
    Confirmed slots:
    {}
    Non-informed slots:
    {u'silence_time': 12.005}

2013-07-12-07-58-09.412018-CEST  DM-5       : DEBUG      
    DM Output
    ------------------------------------------------------------
    inform(silence_timeout="true")
    

2013-07-12-07-58-09.441550-CEST  MainProcess : INFO       
    #349766 Time: 2013-07-12-07-58-09.436796-CEST From: DM         To: HUB        DA: inform(silence_timeout="true") 

2013-07-12-07-58-09.448279-CEST  NLG-6      : DEBUG      
    #349767 Time: 2013-07-12-07-58-09.443055-CEST From: HUB        To: NLG        DA: inform(silence_timeout="true") 

2013-07-12-07-58-09.452073-CEST  NLG-6      : DEBUG      
    NLG Output
    ------------------------------------------------------------
    Haló, mohu Vám s něčím pomoci?
    

2013-07-12-07-58-09.469084-CEST  MainProcess : INFO       
    #349769 Time: 2013-07-12-07-58-09.464794-CEST From: NLG        To: HUB        Command: nlg_text_generated() 

2013-07-12-07-58-09.475037-CEST  MainProcess : INFO       
    #349772 Time: 2013-07-12-07-58-09.470436-CEST From: TTS        To: HUB        Command: tts_start(user_id="None",text="Haló, mohu Vám s něčím pomoci?") 

2013-07-12-07-58-09.531040-CEST  MainProcess : INFO       
    #349775 Time: 2013-07-12-07-58-09.489373-CEST From: VoipIO     To: HUB        Command: play_utterance_start(user_id="None",fname="tts-2013-07-12-07-58-09.466153.wav") 

2013-07-12-07-58-09.559405-CEST  MainProcess : INFO       
    #349954 Time: 2013-07-12-07-58-09.554139-CEST From: TTS        To: HUB        Command: tts_end(user_id="None",text="Haló, mohu Vám s něčím pomoci?",fname="tts-2013-07-12-07-58-09.466153.wav",log="true") 

2013-07-12-07-58-13.731389-CEST  MainProcess : INFO       
    #350132 Time: 2013-07-12-07-58-13.707399-CEST From: VoipIO     To: HUB        Command: play_utterance_end(user_id="None",fname="tts-2013-07-12-07-58-09.466153.wav) 

2013-07-12-07-58-16.739302-CEST  DM-5       : DEBUG      
    #350283 Time: 2013-07-12-07-58-16.733950-CEST From: HUB        To: DM         Command: timeout(silence_time="3.001") 

2013-07-12-07-58-16.742583-CEST  DM-5       : DEBUG      
    DDDState Dialogue Act in: silence(time="3.001")

2013-07-12-07-58-16.746051-CEST  DM-5       : DEBUG      
    Context Resolution - Dialogue Act: silence(time="3.001")

2013-07-12-07-58-16.749320-CEST  DM-5       : DEBUG      
    DDDState - Dialogue state content:
    
    ludait = silence
    alternative = none
    route_alternative = none
    silence_time = 3.001
    
    rh_silence_timeout = system-informed
    
    ch_silence_timeout = system-informed
    
    sh_silence_timeout = system-informed
    

2013-07-12-07-58-16.752067-CEST  DM-5       : DEBUG      
    DDDState - Dialogue state update
    
    Requested slots:
    {}
    Confirmed slots:
    {}
    Non-informed slots:
    {u'silence_time': 3.001}

2013-07-12-07-58-16.755422-CEST  DM-5       : DEBUG      
    DM Output
    ------------------------------------------------------------
    silence()
    

2013-07-12-07-58-16.784274-CEST  MainProcess : INFO       
    #350287 Time: 2013-07-12-07-58-16.781873-CEST From: DM         To: HUB        DA: silence() 

2013-07-12-07-58-16.819206-CEST  MainProcess : INFO       
    #350290 Time: 2013-07-12-07-58-16.813304-CEST From: VAD        To: HUB        Command: speech_start(fname="vad-2013-07-12-07-58-16.787257.wav") 

2013-07-12-07-58-16.823286-CEST  ASR-3      : DEBUG      
    ASR: speech_start(fname="vad-2013-07-12-07-58-16.787257.wav")

2013-07-12-07-58-16.828905-CEST  MainProcess : INFO       
    #350291 Time: 2013-07-12-07-58-16.815269-CEST From: ASR        To: HUB        Command: asr_start(fname="vad-2013-07-12-07-58-16.787257.wav") 

2013-07-12-07-58-19.795769-CEST  MainProcess : INFO       
    #350430 Time: 2013-07-12-07-58-19.792198-CEST From: VAD        To: HUB        Command: speech_end(fname="vad-2013-07-12-07-58-16.787257.wav") 

2013-07-12-07-58-19.799947-CEST  ASR-3      : DEBUG      
    ASR: speech_end(fname="vad-2013-07-12-07-58-16.787257.wav")

2013-07-12-07-58-20.258348-CEST  ASR-3      : DEBUG      
    ASR Hypothesis
    ------------------------------------------------------------
    1.000 __silence__
    0.000 __other__
    

2013-07-12-07-58-20.290086-CEST  MainProcess : INFO       
    #350449 Time: 2013-07-12-07-58-20.284871-CEST From: ASR        To: HUB        Command: asr_end(fname="vad-2013-07-12-07-58-16.787257.wav") 

2013-07-12-07-58-20.294845-CEST  SLU-4      : DEBUG      
    SLU Hypothesis
    ------------------------------------------------------------
    1.000 silence()
    

2013-07-12-07-58-20.329201-CEST  MainProcess : INFO       
    #350453 Time: 2013-07-12-07-58-20.323365-CEST From: SLU        To: HUB        Command: slu_parsed(fname="vad-2013-07-12-07-58-16.787257.wav") 

2013-07-12-07-58-20.333921-CEST  DM-5       : DEBUG      
    DDDState Dialogue Act in: silence()

2013-07-12-07-58-20.338655-CEST  DM-5       : DEBUG      
    Context Resolution - Dialogue Act: silence()

2013-07-12-07-58-20.343239-CEST  DM-5       : DEBUG      
    DDDState - Dialogue state content:
    
    ludait = silence
    alternative = none
    route_alternative = none
    silence_time = 0.0
    
    rh_silence_timeout = system-informed
    
    ch_silence_timeout = system-informed
    
    sh_silence_timeout = system-informed
    

2013-07-12-07-58-20.347606-CEST  DM-5       : DEBUG      
    DDDState - Dialogue state update
    
    Requested slots:
    {}
    Confirmed slots:
    {}
    Non-informed slots:
    {u'silence_time': 0.0}

2013-07-12-07-58-20.408121-CEST  DM-5       : DEBUG      
    DM Output
    ------------------------------------------------------------
    silence()
    

2013-07-12-07-58-20.436443-CEST  MainProcess : INFO       
    #350459 Time: 2013-07-12-07-58-20.431407-CEST From: DM         To: HUB        DA: silence() 

2013-07-12-07-58-22.497680-CEST  VoipIO-1   : DEBUG      
    CallCallback::on_state : Call with "606068911" <sip:606068911@195.113.20.160> is DISCONNCTD last code = 200 (Normal call clearing)

2013-07-12-07-58-22.533580-CEST  VoipIO-1   : DEBUG      
    VoipIO::on_call_disconnected

2013-07-12-07-58-22.539136-CEST  MainProcess : INFO       
    #350550 Time: 2013-07-12-07-58-22.534573-CEST From: VoipIO     To: HUB        Command: call_disconnected(remote_uri="606068911") 

