2013-07-09-15-56-04.314158-CEST  VoipIO-1   : DEBUG      
    CallCallback::on_state : Call with "777722783" <sip:777722783@195.113.20.160> is CONNECTING last code = 200 (OK)

2013-07-09-15-56-04.318626-CEST  VoipIO-1   : DEBUG      
    VoipIO::on_call_connecting

2013-07-09-15-56-04.324073-CEST  VoipIO-1   : DEBUG      
    CallCallback::on_state : Call with "777722783" <sip:777722783@195.113.20.160> is CONFIRMED last code = 200 (OK)

2013-07-09-15-56-04.348599-CEST  MainProcess : SYSTEM-LOG 
    config = { 'ASR': { 'Google': { 'debug': False, 'language': 'cs', 'maxresults': 20},
               'Julius': { 'adinnetport': 5530,
                           'binary': '/usr/local/bin/julius',
                           'debug': False,
                           'hostname': 'localhost',
                           'jconf': { '-adport': '5530',
                                      '-b': '1000',
                                      '-b2': '100',
                                      '-cmnload': 'cmn.param',
                                      '-cmnmapweight': '200',
                                      '-cmnsave': 'cmn.param',
                                      '-confnet': '',
                                      '-fallback1pass': '',
                                      '-gprune': 'safe',
                                      '-h': '/mnt/h/jurcicek/vystadial-git/alex/resources/asr/voip_en/hmmdefs',
                                      '-hlist': '/mnt/h/jurcicek/vystadial-git/alex/resources/asr/voip_en/tiedlist',
                                      '-htkconf': '/mnt/h/jurcicek/vystadial-git/alex/resources/asr/voip_en/config',
                                      '-input': 'adinnet',
                                      '-iwsp': '',
                                      '-iwsppenalty': '0.0',
                                      '-lmp': '15.0 0.0',
                                      '-lmp2': '15.0 0.0',
                                      '-mapunk': 'UM',
                                      '-module': '10500',
                                      '-n': '50',
                                      '-nlr': '/mnt/h/jurcicek/vystadial-git/alex/resources/lm/caminfo/julius_arpa_bigram',
                                      '-no_ccd': '',
                                      '-nrl': '/mnt/h/jurcicek/vystadial-git/alex/resources/lm/caminfo/julius_arpa_rev_bigram',
                                      '-silhead': '<s>',
                                      '-siltail': '</s>',
                                      '-spmodel': 'sp',
                                      '-tmix': '4',
                                      '-v': '/mnt/h/jurcicek/vystadial-git/alex/resources/lm/caminfo/julius_dict'},
                           'jconffile': 'julius.jconf',
                           'killall': False,
                           'logfile': 'julius.log',
                           'msg_timeout': 0.3,
                           'pidfile': 'julius.pid',
                           'reuse_server': False,
                           'serverport': 10500,
                           'start_max_wait_time': 15,
                           'start_wait_time': 0.5,
                           'timeout': 2.0},
               'Kaldi': { 'LM_scale': -6666.66,
                          'hypothesis_type': 'nblist',
                          'lat_depth': 666666,
                          'model': 'TODO_path_to_model'},
               'debug': True,
               'type': 'Google'},
      'AlexOnTheBus': { 'max_turns': 30},
      'Analytics': Analytics(account_id='UA-41905278-1', domain_name='cuni.cz'),
      'Audio': { 'sample_rate': 16000, 'samples_per_frame': 256},
      'AudioIO': { 'debug': True, 'output_dir': './aio_call_log', 'play_buffer_size': 1024},
      'DM': { 'PUfalRuleDM': { 'code_submit_url': None,
                               'db_cfg': '/mnt/h/jurcicek/vystadial-git/alex/resources/../applications/CamInfoRest/cued_data/CIRdbase_V7_noloc.txt',
                               'ontology': '/mnt/h/jurcicek/vystadial-git/alex/resources/../applications/CamInfoRest/ontology.cfg',
                               'provide_code': False},
              'UfalRuleDM': { 'code_submit_url': None,
                              'db_cfg': '/mnt/h/jurcicek/vystadial-git/alex/resources/../applications/CamInfoRest/cued_data/CIRdbase_V7_noloc.txt',
                              'ontology': '/mnt/h/jurcicek/vystadial-git/alex/resources/../applications/CamInfoRest/ontology.cfg',
                              'provide_code': False},
              'basic': { 'debug': True},
              'debug': True,
              'dialogue_policy': { 'type': <class 'alex.applications.AlexOnTheBus.aotb_hdc_policy.AOTBHDCPolicy'>},
              'dialogue_state': { 'type': <class 'alex.components.dm.dddstate.DeterministicDiscriminativeDialogueState'>},
              'ontology': '/mnt/h/jurcicek/vystadial-git/alex/applications/AlexOnTheBus/data/ontology.py',
              'type': 'basic'},
      'General': { 'debug': False, 'include': ['/mnt/h/jurcicek/vystadial-git/alex/resources/private/default.cfg']},
      'Hub': { 'history_file': 'hub_history_hub.txt', 'history_length': 1000, 'main_loop_sleep_time': 0.002},
      'Logging': { 'excepthook': <alex.utils.excepthook.ExceptionHook object at 0x23e6710>,
                   'session_logger': SessionLogger(),
                   'system_logger': SystemLogger(output_dir=/net/projects/vystadial/data/call-logs/2013-05-30-alex-aotb-prototype/new, stdout_log_level='DEBUG', stdout=True, file_log_level='DEBUG'),
                   'system_name': u'Alex On The Bus - Live',
                   'version': u'1.0'},
      'NLG': { 'Template': { 'model': '/mnt/h/jurcicek/vystadial-git/alex/applications/AlexOnTheBus/nlg_templates.cfg'},
               'debug': True,
               'type': 'Template'},
      'SHub': { 'history_file': 'hub_history_shub.txt', 'history_length': 1000},
      'SLU': { 'cl-tracing': { 'cldb_fname': '/mnt/h/jurcicek/vystadial-git/alex/applications/CamInfoRest/data/database.py',
                               'do_preprocessing': True,
                               'features_type': ('ngram', 'ab_ngram'),
                               'testing': { 'max_examples': None,
                                            'min_perc': 80,
                                            'model_fname': '/mnt/h/jurcicek/vystadial-git/alex/applications/CamInfoRest/models/130516_minf60-minfc35-mind60.slu_model.gz',
                                            'renormalise': True,
                                            'threshold': None,
                                            'vanilla': True},
                               'training': { 'abstractions': ('abstract',), 'models_dir': 'models'}},
               'debug': True,
               'type': <class 'alex.applications.AlexOnTheBus.aotb_slu.AOTBSLU'>,
               <class 'alex.applications.AlexOnTheBus.aotb_slu.AOTBSLU'>: { 'cldb_fname': '/mnt/h/jurcicek/vystadial-git/alex/applications/AlexOnTheBus/data/database.py',
                                                                            'preprocessing_cls': <class 'alex.applications.AlexOnTheBus.aotb_preprocessing.AOTBSLUPreprocessing'>,
                                                                            'training': { 'models_dir': 'models'}}},
      'THub': { 'history_file': 'hub_history_thub.txt', 'history_length': 1000},
      'TTS': { 'Flite': { 'debug': False,
                          'preprocessing': '/mnt/h/jurcicek/vystadial-git/alex/resources/tts/prep_flite_en.cfg',
                          'voice': 'kal16'},
               'Google': { 'debug': False,
                           'language': 'en',
                           'preprocessing': '/mnt/h/jurcicek/vystadial-git/alex/resources/tts/prep_google_en.cfg'},
               'SpeechTech': { 'debug': True,
                               'login': 'filipjurcicek',
    # this line was removed since it included a password
                               'preprocessing': '/mnt/h/jurcicek/vystadial-git/alex/resources/tts/prep_speechtech_cs.cfg',
                               'voice': 'Iva210'},
               'VoiceRSS': { 'api_key': '3b6a9fca5d724b1c8ac34691586cdda1'},
               'VoiceRss': { 'language': 'en-gb',
                             'preprocessing': '/mnt/h/jurcicek/vystadial-git/alex/resources/tts/prep_voicerss_en.cfg'},
               'debug': True,
               'final_silence_removal_proportion': 0.8,
               'type': 'SpeechTech'},
      'VAD': { 'debug': False,
               'decision_frames_sil': 25,
               'decision_frames_speech': 10,
               'decision_non_speech_threshold': 0.2,
               'decision_speech_threshold': 0.7,
               'gmm': { 'ceplifter': 22,
                        'enormalise': True,
                        'filter_length': 5,
                        'frameshift': 160,
                        'framesize': 512,
                        'frontend': 'MFCC',
                        'hifreq': 3800,
                        'lofreq': 125,
                        'numceps': 12,
                        'numchans': 26,
                        'preemcoef': 0.97,
                        'sil_model': '/mnt/h/jurcicek/vystadial-git/alex/resources/vad/voip_en/vad_sil_sds_mfcc_m064_f100000.gmm',
                        'speech_model': '/mnt/h/jurcicek/vystadial-git/alex/resources/vad/voip_en/vad_speech_sds_mfcc_m064_f100000.gmm',
                        'useacc': True,
                        'usec0': False,
                        'usecmn': False,
                        'usedelta': True,
                        'usehamming': True,
                        'usepower': True,
                        'zmeansource': True},
               'power': { 'adaptation_frames': 30, 'threshold': 70, 'threshold_multiplier': 1.0},
               'speech_buffer_frames': 20,
               'type': 'gmm'},
      'VoipHub': { 'blacklist_for': 7200,
                   'call_db': u'/net/projects/vystadial/data/call-logs/2013-05-30-alex-aotb-prototype/new/call_db.pckl',
                   'hard_time_limit': 360,
                   'hard_turn_limit': 40,
                   'history_length': 1000,
                   'last_period_max_num_calls': 20,
                   'last_period_max_total_time': 1800,
                   'limit_reached_message': u'D\u011bkujeme za zavol\xe1n\xed, ale u\u017e jste volali hodn\u011b. Pros\xedm zavolejte pozd\u011bji. Na shledanou.',
                   'period': 172800,
                   'pid_file': u'/net/projects/vystadial/data/call-logs/2013-05-30-alex-aotb-prototype/new/vhub_live.pid',
                   'wait_time_before_calling_back': 10},
      'VoipIO': { 'allowed_hosts': '',
                  'allowed_phone_numbers': '(^[234567])',
                  'allowed_users': '(^[234567])',
                  'debug': True,
                  'domain': 'vystadial.ms.mff.cuni.cz',
                  'forbidden_hosts': '',
                  'forbidden_phone_number': '(^112$|^150$|^155$|^156$|^158$)',
                  'forbidden_users': '(^112$|^150$|^155$|^156$|^158$)',
    # this line was removed since it included a password
                  'pjsip_log_level': 3,
                  'reject_calls': False,
                  'user': '800899998'},
      'WebHub': { 'port': 8000},
      'corpustools': { 'get_jasr_confnets': { 'frame_size': 256, 'rt_ratio': 0.2}}}
    

2013-07-09-15-56-04.373378-CEST  VoipIO-1   : DEBUG      
    VoipIO::on_call_confirmed

2013-07-09-15-56-04.419854-CEST  MainProcess : INFO       
    #2      Time: 2013-07-09-15-56-04.319998-CEST From: VoipIO     To: HUB        Command: call_connecting(remote_uri="777722783") 

2013-07-09-15-56-04.429747-CEST  MainProcess : INFO       
    #3      Time: 2013-07-09-15-56-04.374694-CEST From: VoipIO     To: HUB        Command: call_confirmed(remote_uri="777722783") 

2013-07-09-15-56-04.436094-CEST  MainProcess : INFO       
    
    ========================================================================================================================
    Incoming call from :          777722783
    ------------------------------------------------------------------------------------------------------------------------
    Total calls:                  4
    Total time (min):             6.6
    Last period total calls:      0
    Last period total time (min): 0.0
    ------------------------------------------------------------------------------------------------------------------------
    CALL ACCEPTED
    ========================================================================================================================
    

2013-07-09-15-56-04.442194-CEST  DM-5       : DEBUG      
    #7      Time: 2013-07-09-15-56-04.433031-CEST From: HUB        To: DM         Command: new_dialogue() 

2013-07-09-15-56-04.446864-CEST  DM-5       : DEBUG      
    DM Output
    ------------------------------------------------------------
    hello()
    

2013-07-09-15-56-04.472911-CEST  MainProcess : INFO       
    #9      Time: 2013-07-09-15-56-04.469798-CEST From: DM         To: HUB        Command: dm_da_generated() 

2013-07-09-15-56-04.478083-CEST  NLG-6      : DEBUG      
    NLG Output
    ------------------------------------------------------------
    Dobrý den. Hovor je nahráván. Více informací o této službě je na internetu. Jak Vám mohu pomoci. 
    

2013-07-09-15-56-04.496302-CEST  MainProcess : INFO       
    #11     Time: 2013-07-09-15-56-04.492377-CEST From: NLG        To: HUB        Command: nlg_text_generated() 

2013-07-09-15-56-04.502758-CEST  MainProcess : INFO       
    #15     Time: 2013-07-09-15-56-04.497738-CEST From: TTS        To: HUB        Command: tts_start(user_id="None",text="Dobrý den. Hovor je nahráván. Více informací o této službě je na internetu. Jak Vám mohu pomoci. ") 

2013-07-09-15-56-04.574989-CEST  MainProcess : INFO       
    #18     Time: 2013-07-09-15-56-04.502531-CEST From: VoipIO     To: HUB        Command: play_utterance_start(user_id="None",fname="tts-2013-07-09-15-56-04.494709.wav") 

2013-07-09-15-56-04.682492-CEST  MainProcess : INFO       
    #562    Time: 2013-07-09-15-56-04.674605-CEST From: TTS        To: HUB        Command: tts_end(user_id="None",text="Dobrý den. Hovor je nahráván. Více informací o této službě je na internetu. Jak Vám mohu pomoci. ",fname="tts-2013-07-09-15-56-04.494709.wav",log="true") 

2013-07-09-15-56-13.023395-CEST  MainProcess : INFO       
    #1067   Time: 2013-07-09-15-56-12.740371-CEST From: VoipIO     To: HUB        Command: play_utterance_end(user_id="None",fname="tts-2013-07-09-15-56-04.494709.wav) 

2013-07-09-15-56-14.598493-CEST  ASR-3      : DEBUG      
    ASR: speech_start()

2013-07-09-15-56-14.602725-CEST  MainProcess : INFO       
    #1185   Time: 2013-07-09-15-56-14.593419-CEST From: VAD        To: HUB        Command: speech_start(fname="vad-2013-07-09-15-56-14.568988.wav") 

2013-07-09-15-56-14.608497-CEST  MainProcess : INFO       
    #1186   Time: 2013-07-09-15-56-14.593978-CEST From: ASR        To: HUB        Command: asr_start() 

2013-07-09-15-56-19.881894-CEST  MainProcess : INFO       
    #1520   Time: 2013-07-09-15-56-19.877066-CEST From: VAD        To: HUB        Command: speech_end(fname="vad-2013-07-09-15-56-14.568988.wav") 

2013-07-09-15-56-19.886972-CEST  ASR-3      : DEBUG      
    ASR: speech_end()

2013-07-09-15-56-20.887890-CEST  ASR-3      : DEBUG      
    ASR Hypothesis
    ------------------------------------------------------------
    0.756 chtěl bych jet do zastávky nádraží holešovice do zastávky českolipská
    0.029 chtěl bych něco zastávky nádraží holešovice do zastávky českolipská
    0.027 chtěl bych jet zastávky nádraží holešovice do zastávky českolipská
    0.025 chtěl bych jít do zastávky nádraží holešovice do zastávky českolipská
    0.023 chtěl bych je do zastávky nádraží holešovice do zastávky českolipská
    0.021 chtěl bych do zastávky nádraží holešovice do zastávky českolipská
    0.020 chtěl bych tě do zastávky nádraží holešovice do zastávky českolipská
    0.018 chtěl bych jet do zastávky nádraží holešovice do zastávky českolipská praha
    0.016 chtěl bych něco zastávky nádraží holešovice do zastávky českolipská praha
    0.014 chtěl bych jet do zastávky nádraží holešovice do zastávky českolipsko
    0.013 chtěl bych jet do zastávky nádraží holešovice do zastávky českolipsku
    0.011 chtěl bych jet do zastávky na nádraží holešovice do zastávky českolipská
    0.009 chtěl bych něco zastávky nádraží holešovice do zastávky českolipsko
    0.007 chtěl bych jet zastávky nádraží holešovice do zastávky českolipská praha
    0.005 chtěl bych jít do zastávky nádraží holešovice do zastávky českolipská praha
    0.004 chtěl bych je do zastávky nádraží holešovice do zastávky českolipská praha
    0.002 chtěl bych něco zastávky nádraží holešovice do zastávky českolipsku
    0.000 __other__
    

2013-07-09-15-56-20.915739-CEST  MainProcess : INFO       
    #1585   Time: 2013-07-09-15-56-20.910533-CEST From: ASR        To: HUB        Command: asr_end() 

2013-07-09-15-56-22.188955-CEST  SLU-4      : DEBUG      
    SLU Hypothesis
    ------------------------------------------------------------
    0.977 inform(to_stop="Českolipská")
    0.910 inform(to_stop="Nádraží Holešovice")
    0.090 inform(from_stop="Nádraží Holešovice")
    

2013-07-09-15-56-22.205243-CEST  MainProcess : INFO       
    #1667   Time: 2013-07-09-15-56-22.201813-CEST From: SLU        To: HUB        Command: slu_parsed() 

2013-07-09-15-56-22.209582-CEST  DM-5       : DEBUG      
    DDDState Dialogue Act in: inform(to_stop="Českolipská")&inform(to_stop="Nádraží Holešovice")

2013-07-09-15-56-22.213777-CEST  DM-5       : DEBUG      
    Context Resolution - Dialogue Act: inform(to_stop="Českolipská")&inform(to_stop="Nádraží Holešovice")

2013-07-09-15-56-22.218269-CEST  DM-5       : DEBUG      
    DDDState - Dialogue state content:
    
    lda = none
    to_stop = Nádraží Holešovice
    
    
    
    

2013-07-09-15-56-22.222243-CEST  DM-5       : DEBUG      
    DDDState
    
    Requested slots:
    {}
    Confirmed slots:
    {}
    Non-informed slots:
    {u'to_stop': u'N\xe1dra\u017e\xed Hole\u0161ovice'}

2013-07-09-15-56-22.226144-CEST  DM-5       : DEBUG      
    DM Output
    ------------------------------------------------------------
    iconfirm(to_stop="Nádraží Holešovice")&request(from_stop)
    

2013-07-09-15-56-22.255802-CEST  MainProcess : INFO       
    #1673   Time: 2013-07-09-15-56-22.252009-CEST From: DM         To: HUB        Command: dm_da_generated() 

2013-07-09-15-56-22.259935-CEST  NLG-6      : DEBUG      
    NLG Output
    ------------------------------------------------------------
    Do zastávky Nádraží Holešovice. Jaká je Vaše výchozí zastávka?
    

2013-07-09-15-56-22.278236-CEST  MainProcess : INFO       
    #1675   Time: 2013-07-09-15-56-22.274810-CEST From: NLG        To: HUB        Command: nlg_text_generated() 

2013-07-09-15-56-22.284984-CEST  MainProcess : INFO       
    #1677   Time: 2013-07-09-15-56-22.279583-CEST From: TTS        To: HUB        Command: tts_start(user_id="None",text="Do zastávky Nádraží Holešovice. Jaká je Vaše výchozí zastávka?") 

2013-07-09-15-56-22.302186-CEST  MainProcess : INFO       
    #1679   Time: 2013-07-09-15-56-22.281483-CEST From: VoipIO     To: HUB        Command: play_utterance_start(user_id="None",fname="tts-2013-07-09-15-56-22.277034.wav") 

2013-07-09-15-56-23.110496-CEST  MainProcess : INFO       
    #2079   Time: 2013-07-09-15-56-23.103650-CEST From: TTS        To: HUB        Command: tts_end(user_id="None",text="Do zastávky Nádraží Holešovice. Jaká je Vaše výchozí zastávka?",fname="tts-2013-07-09-15-56-22.277034.wav",log="true") 

2013-07-09-15-56-23.414528-CEST  ASR-3      : DEBUG      
    ASR: speech_start()

2013-07-09-15-56-23.419365-CEST  MainProcess : INFO       
    #2101   Time: 2013-07-09-15-56-23.409799-CEST From: VAD        To: HUB        Command: speech_start(fname="vad-2013-07-09-15-56-23.382606.wav") 

2013-07-09-15-56-23.444389-CEST  NLG-6      : DEBUG      
    #2105   Time: 2013-07-09-15-56-23.439698-CEST From: HUB        To: NLG        Command: flush() 

2013-07-09-15-56-23.449871-CEST  MainProcess : INFO       
    #2102   Time: 2013-07-09-15-56-23.410866-CEST From: ASR        To: HUB        Command: asr_start() 

2013-07-09-15-56-23.454788-CEST  MainProcess : INFO       
    #2108   Time: 2013-07-09-15-56-23.446004-CEST From: NLG        To: HUB        Command: flushed() 

2013-07-09-15-56-23.461442-CEST  TTS-7      : DEBUG      
    #2109   Time: 2013-07-09-15-56-23.456251-CEST From: HUB        To: TTS        Command: flush() 

2013-07-09-15-56-23.468908-CEST  MainProcess : INFO       
    #2110   Time: 2013-07-09-15-56-23.462910-CEST From: TTS        To: HUB        Command: flushed() 

2013-07-09-15-56-23.476477-CEST  VoipIO-1   : DEBUG      
    #2111   Time: 2013-07-09-15-56-23.470522-CEST From: HUB        To: VIO        Command: flush_out() 

2013-07-09-15-56-23.483279-CEST  MainProcess : INFO       
    #2112   Time: 2013-07-09-15-56-23.478563-CEST From: VoipIO     To: HUB        Command: flushed_out() 

2013-07-09-15-56-23.740277-CEST  ASR-3      : DEBUG      
    ASR: speech_end()

2013-07-09-15-56-23.744840-CEST  MainProcess : INFO       
    #2130   Time: 2013-07-09-15-56-23.736836-CEST From: VAD        To: HUB        Command: speech_end(fname="vad-2013-07-09-15-56-23.382606.wav") 

2013-07-09-15-56-23.956384-CEST  ASR-3      : DEBUG      
    ASR Hypothesis
    ------------------------------------------------------------
    1.000 __other__
    

2013-07-09-15-56-23.983227-CEST  MainProcess : INFO       
    #2147   Time: 2013-07-09-15-56-23.978131-CEST From: ASR        To: HUB        Command: asr_end() 

2013-07-09-15-56-23.987879-CEST  SLU-4      : DEBUG      
    SLU Hypothesis
    ------------------------------------------------------------
    1.000 other()
    

2013-07-09-15-56-24.009157-CEST  MainProcess : INFO       
    #2149   Time: 2013-07-09-15-56-24.003983-CEST From: SLU        To: HUB        Command: slu_parsed() 

2013-07-09-15-56-24.013609-CEST  DM-5       : DEBUG      
    DDDState Dialogue Act in: other()

2013-07-09-15-56-24.018213-CEST  DM-5       : DEBUG      
    Context Resolution - Dialogue Act: other()

2013-07-09-15-56-24.023315-CEST  DM-5       : DEBUG      
    DDDState - Dialogue state content:
    
    lda = other
    alternative = none
    from_centre = none
    from_stop = none
    to_stop = Nádraží Holešovice
    
    rh_to_stop = system-informed
    
    ch_to_stop = system-informed
    
    sh_to_stop = system-informed
    

2013-07-09-15-56-24.028169-CEST  DM-5       : DEBUG      
    DDDState
    
    Requested slots:
    {}
    Confirmed slots:
    {}
    Non-informed slots:
    {}

2013-07-09-15-56-24.032926-CEST  DM-5       : DEBUG      
    DM Output
    ------------------------------------------------------------
    notunderstood()&help(inform="from_stop")
    

2013-07-09-15-56-24.076429-CEST  MainProcess : INFO       
    #2155   Time: 2013-07-09-15-56-24.071035-CEST From: DM         To: HUB        Command: dm_da_generated() 

2013-07-09-15-56-24.080928-CEST  NLG-6      : DEBUG      
    NLG Output
    ------------------------------------------------------------
    Promiňte, nerozuměla jsem. Můžete například říct ze zastávky poliklinika Barrandov.
    

2013-07-09-15-56-24.103512-CEST  MainProcess : INFO       
    #2161   Time: 2013-07-09-15-56-24.098386-CEST From: NLG        To: HUB        Command: nlg_text_generated() 

2013-07-09-15-56-24.111044-CEST  MainProcess : INFO       
    #2163   Time: 2013-07-09-15-56-24.104972-CEST From: TTS        To: HUB        Command: tts_start(user_id="None",text="Promiňte, nerozuměla jsem. Můžete například říct ze zastávky poliklinika Barrandov.") 

2013-07-09-15-56-24.132516-CEST  MainProcess : INFO       
    #2165   Time: 2013-07-09-15-56-24.108349-CEST From: VoipIO     To: HUB        Command: play_utterance_start(user_id="None",fname="tts-2013-07-09-15-56-24.100225.wav") 

2013-07-09-15-56-24.229435-CEST  MainProcess : INFO       
    #2590   Time: 2013-07-09-15-56-24.223511-CEST From: TTS        To: HUB        Command: tts_end(user_id="None",text="Promiňte, nerozuměla jsem. Můžete například říct ze zastávky poliklinika Barrandov.",fname="tts-2013-07-09-15-56-24.100225.wav",log="true") 

2013-07-09-15-56-30.753951-CEST  MainProcess : INFO       
    #2971   Time: 2013-07-09-15-56-30.299650-CEST From: VoipIO     To: HUB        Command: play_utterance_end(user_id="None",fname="tts-2013-07-09-15-56-24.100225.wav) 

2013-07-09-15-56-32.628701-CEST  MainProcess : INFO       
    #3117   Time: 2013-07-09-15-56-32.624077-CEST From: VAD        To: HUB        Command: speech_start(fname="vad-2013-07-09-15-56-32.592510.wav") 

2013-07-09-15-56-32.633182-CEST  ASR-3      : DEBUG      
    ASR: speech_start()

2013-07-09-15-56-32.637613-CEST  MainProcess : INFO       
    #3118   Time: 2013-07-09-15-56-32.625673-CEST From: ASR        To: HUB        Command: asr_start() 

2013-07-09-15-56-36.585397-CEST  MainProcess : INFO       
    #3368   Time: 2013-07-09-15-56-36.580905-CEST From: VAD        To: HUB        Command: speech_end(fname="vad-2013-07-09-15-56-32.592510.wav") 

2013-07-09-15-56-36.589727-CEST  ASR-3      : DEBUG      
    ASR: speech_end()

2013-07-09-15-56-37.531229-CEST  ASR-3      : DEBUG      
    ASR Hypothesis
    ------------------------------------------------------------
    0.812 nechci jet do zastávky nádraží holešovice
    0.042 nechci jít do zastávky nádraží holešovice
    0.037 nechci do zastávky nádraží holešovice
    0.031 nechci jet do zastávky nádraží holešovic
    0.026 nechci jezdit do zastávky nádraží holešovice
    0.021 dnes přijet do zastávky nádraží holešovice
    0.016 nechci jet do zastávky na nádraží holešovice
    0.010 ne přijet do zastávky nádraží holešovice
    0.005 nechci jet do zastávky nádraží holešovice a
    0.000 __other__
    

2013-07-09-15-56-37.563877-CEST  MainProcess : INFO       
    #3429   Time: 2013-07-09-15-56-37.558579-CEST From: ASR        To: HUB        Command: asr_end() 

2013-07-09-15-56-38.190390-CEST  SLU-4      : DEBUG      
    SLU Hypothesis
    ------------------------------------------------------------
    1.000 inform(to_stop="Nádraží Holešovice")
    0.010 negate()
    

2013-07-09-15-56-38.212919-CEST  MainProcess : INFO       
    #3471   Time: 2013-07-09-15-56-38.209351-CEST From: SLU        To: HUB        Command: slu_parsed() 

2013-07-09-15-56-38.217025-CEST  DM-5       : DEBUG      
    DDDState Dialogue Act in: inform(to_stop="Nádraží Holešovice")

2013-07-09-15-56-38.220736-CEST  DM-5       : DEBUG      
    Context Resolution - Dialogue Act: inform(to_stop="Nádraží Holešovice")

2013-07-09-15-56-38.224292-CEST  DM-5       : DEBUG      
    DDDState - Dialogue state content:
    
    lda = none
    alternative = none
    from_centre = none
    from_stop = none
    route_alternative = none
    to_stop = Nádraží Holešovice
    
    rh_to_stop = system-informed
    
    ch_to_stop = system-informed
    
    sh_to_stop = system-informed
    

2013-07-09-15-56-38.227992-CEST  DM-5       : DEBUG      
    DDDState
    
    Requested slots:
    {}
    Confirmed slots:
    {}
    Non-informed slots:
    {}

2013-07-09-15-56-38.231601-CEST  DM-5       : DEBUG      
    DM Output
    ------------------------------------------------------------
    request(from_stop)
    

2013-07-09-15-56-38.277741-CEST  MainProcess : INFO       
    #3477   Time: 2013-07-09-15-56-38.273527-CEST From: DM         To: HUB        Command: dm_da_generated() 

2013-07-09-15-56-38.281868-CEST  NLG-6      : DEBUG      
    NLG Output
    ------------------------------------------------------------
    Z jaké zastávky chcete jet?
    

2013-07-09-15-56-38.301799-CEST  MainProcess : INFO       
    #3483   Time: 2013-07-09-15-56-38.298604-CEST From: NLG        To: HUB        Command: nlg_text_generated() 

2013-07-09-15-56-38.307583-CEST  MainProcess : INFO       
    #3485   Time: 2013-07-09-15-56-38.302971-CEST From: TTS        To: HUB        Command: tts_start(user_id="None",text="Z jaké zastávky chcete jet?") 

2013-07-09-15-56-38.328375-CEST  MainProcess : INFO       
    #3487   Time: 2013-07-09-15-56-38.305363-CEST From: VoipIO     To: HUB        Command: play_utterance_start(user_id="None",fname="tts-2013-07-09-15-56-38.300476.wav") 

2013-07-09-15-56-38.370725-CEST  MainProcess : INFO       
    #3654   Time: 2013-07-09-15-56-38.366295-CEST From: TTS        To: HUB        Command: tts_end(user_id="None",text="Z jaké zastávky chcete jet?",fname="tts-2013-07-09-15-56-38.300476.wav",log="true") 

2013-07-09-15-56-40.927038-CEST  MainProcess : INFO       
    #3759   Time: 2013-07-09-15-56-40.036072-CEST From: VoipIO     To: HUB        Command: play_utterance_end(user_id="None",fname="tts-2013-07-09-15-56-38.300476.wav) 

2013-07-09-15-56-42.561321-CEST  ASR-3      : DEBUG      
    ASR: speech_start()

2013-07-09-15-56-42.565430-CEST  MainProcess : INFO       
    #3917   Time: 2013-07-09-15-56-42.557779-CEST From: VAD        To: HUB        Command: speech_start(fname="vad-2013-07-09-15-56-42.511726.wav") 

2013-07-09-15-56-42.571512-CEST  MainProcess : INFO       
    #3918   Time: 2013-07-09-15-56-42.558217-CEST From: ASR        To: HUB        Command: asr_start() 

2013-07-09-15-56-45.806930-CEST  ASR-3      : DEBUG      
    ASR: speech_end()

2013-07-09-15-56-45.811681-CEST  MainProcess : INFO       
    #4124   Time: 2013-07-09-15-56-45.803024-CEST From: VAD        To: HUB        Command: speech_end(fname="vad-2013-07-09-15-56-42.511726.wav") 

2013-07-09-15-56-46.597720-CEST  MainProcess : INFO       
    #4174   Time: 2013-07-09-15-56-46.593788-CEST From: VAD        To: HUB        Command: speech_start(fname="vad-2013-07-09-15-56-46.553164.wav") 

2013-07-09-15-56-46.641075-CEST  ASR-3      : DEBUG      
    ASR Hypothesis
    ------------------------------------------------------------
    0.718 ze zastávky nádraží holešovice
    0.063 zastávky nádraží holešovice
    0.055 ze zastávky u nádraží holešovice
    0.047 ze zastávky na nádraží holešovice
    0.039 ze zastávky nádraží holešovice i
    0.031 ze zastávky nádraží holešovice a
    0.023 zastávky u nádraží holešovice
    0.016 ze zastávky nádraží holešovice e
    0.008 zastávky na nádraží holešovice
    0.000 __other__
    

2013-07-09-15-56-46.679453-CEST  MainProcess : INFO       
    #4182   Time: 2013-07-09-15-56-46.675667-CEST From: ASR        To: HUB        Command: asr_end() 

2013-07-09-15-56-46.683553-CEST  ASR-3      : DEBUG      
    ASR: speech_start()

2013-07-09-15-56-46.687619-CEST  MainProcess : INFO       
    #4185   Time: 2013-07-09-15-56-46.678993-CEST From: ASR        To: HUB        Command: asr_start() 

2013-07-09-15-56-47.210483-CEST  ASR-3      : DEBUG      
    ASR: speech_end()

2013-07-09-15-56-47.214760-CEST  MainProcess : INFO       
    #4219   Time: 2013-07-09-15-56-47.206594-CEST From: VAD        To: HUB        Command: speech_end(fname="vad-2013-07-09-15-56-46.553164.wav") 

2013-07-09-15-56-47.258130-CEST  SLU-4      : DEBUG      
    SLU Hypothesis
    ------------------------------------------------------------
    0.804 inform(from_stop="Nádraží Holešovice")
    0.141 inform(="Nádraží Holešovice")
    0.055 inform(to_stop="Nádraží Holešovice")
    

2013-07-09-15-56-47.300435-CEST  MainProcess : INFO       
    #4224   Time: 2013-07-09-15-56-47.295362-CEST From: SLU        To: HUB        Command: slu_parsed() 

2013-07-09-15-56-47.304592-CEST  DM-5       : DEBUG      
    DDDState Dialogue Act in: inform(from_stop="Nádraží Holešovice")

2013-07-09-15-56-47.308736-CEST  DM-5       : DEBUG      
    Context Resolution - Dialogue Act: inform(from_stop="Nádraží Holešovice")

2013-07-09-15-56-47.313658-CEST  DM-5       : DEBUG      
    DDDState - Dialogue state content:
    
    lda = none
    alternative = none
    from_centre = none
    from_stop = Nádraží Holešovice
    route_alternative = none
    to_stop = Nádraží Holešovice
    
    rh_to_stop = system-informed
    
    ch_to_stop = system-informed
    
    sh_to_stop = system-informed
    

2013-07-09-15-56-47.318287-CEST  DM-5       : DEBUG      
    DDDState
    
    Requested slots:
    {}
    Confirmed slots:
    {}
    Non-informed slots:
    {u'from_stop': u'N\xe1dra\u017e\xed Hole\u0161ovice'}

2013-07-09-15-56-47.324231-CEST  DM-5       : DEBUG      
    DM Output
    ------------------------------------------------------------
    iconfirm(from_stop="Nádraží Holešovice")&apology()&inform(stops_conflict="thesame")&inform(from_stop="Nádraží Holešovice")&inform(to_stop="Nádraží Holešovice")
    

2013-07-09-15-56-47.455666-CEST  MainProcess : INFO       
    #4238   Time: 2013-07-09-15-56-47.451406-CEST From: DM         To: HUB        Command: dm_da_generated() 

2013-07-09-15-56-47.471006-CEST  NLG-6      : DEBUG      
    NLG Output
    ------------------------------------------------------------
    Dobře, ze zastávky Nádraží Holešovice. Promiňte. Je mi líto, ale asi jsem Vám špatně rozuměla. Jméno výchozí tak i cílové zastávky je stejné. Ze zastávky Nádraží Holešovice. Do zastávky Nádraží Holešovice.
    

2013-07-09-15-56-47.503052-CEST  MainProcess : INFO       
    #4240   Time: 2013-07-09-15-56-47.498377-CEST From: NLG        To: HUB        Command: nlg_text_generated() 

2013-07-09-15-56-47.510769-CEST  MainProcess : INFO       
    #4244   Time: 2013-07-09-15-56-47.504407-CEST From: TTS        To: HUB        Command: tts_start(user_id="None",text="Dobře, ze zastávky Nádraží Holešovice. Promiňte. Je mi líto, ale asi jsem Vám špatně rozuměla. Jméno výchozí tak i cílové zastávky je stejné. Ze zastávky Nádraží Holešovice. Do zastávky Nádraží Holešovice.") 

2013-07-09-15-56-47.541170-CEST  ASR-3      : DEBUG      
    ASR Hypothesis
    ------------------------------------------------------------
    1.000 __other__
    

2013-07-09-15-56-47.545599-CEST  MainProcess : INFO       
    #4247   Time: 2013-07-09-15-56-47.509340-CEST From: VoipIO     To: HUB        Command: play_utterance_start(user_id="None",fname="tts-2013-07-09-15-56-47.500310.wav") 

2013-07-09-15-56-47.574382-CEST  MainProcess : INFO       
    #4252   Time: 2013-07-09-15-56-47.570009-CEST From: ASR        To: HUB        Command: asr_end() 

2013-07-09-15-56-47.578331-CEST  SLU-4      : DEBUG      
    SLU Hypothesis
    ------------------------------------------------------------
    1.000 other()
    

2013-07-09-15-56-47.610246-CEST  MainProcess : INFO       
    #4255   Time: 2013-07-09-15-56-47.606650-CEST From: SLU        To: HUB        Command: slu_parsed() 

2013-07-09-15-56-47.614152-CEST  DM-5       : DEBUG      
    DDDState Dialogue Act in: other()

2013-07-09-15-56-47.618021-CEST  DM-5       : DEBUG      
    Context Resolution - Dialogue Act: other()

2013-07-09-15-56-47.622336-CEST  DM-5       : DEBUG      
    DDDState - Dialogue state content:
    
    lda = other
    alternative = none
    from_centre = none
    from_stop = Nádraží Holešovice
    route_alternative = none
    to_stop = Nádraží Holešovice
    
    rh_from_stop = system-informed
    rh_stops_conflict = system-informed
    rh_to_stop = system-informed
    
    ch_from_stop = system-informed
    ch_stops_conflict = system-informed
    ch_to_stop = system-informed
    
    sh_from_stop = system-informed
    sh_stops_conflict = system-informed
    sh_to_stop = system-informed
    

2013-07-09-15-56-47.627102-CEST  DM-5       : DEBUG      
    DDDState
    
    Requested slots:
    {}
    Confirmed slots:
    {}
    Non-informed slots:
    {}

2013-07-09-15-56-47.631625-CEST  DM-5       : DEBUG      
    DM Output
    ------------------------------------------------------------
    notunderstood()&help(repeat)
    

2013-07-09-15-56-47.690507-CEST  MainProcess : INFO       
    #4261   Time: 2013-07-09-15-56-47.686628-CEST From: DM         To: HUB        Command: dm_da_generated() 

2013-07-09-15-56-47.694629-CEST  NLG-6      : DEBUG      
    NLG Output
    ------------------------------------------------------------
    Promiňte, nerozuměla jsem. Můžete mě požádat o zopakování poslední věty.
    

2013-07-09-15-56-47.727451-CEST  MainProcess : INFO       
    #4267   Time: 2013-07-09-15-56-47.724226-CEST From: NLG        To: HUB        Command: nlg_text_generated() 

2013-07-09-15-56-48.589244-CEST  MainProcess : INFO       
    #5428   Time: 2013-07-09-15-56-48.579154-CEST From: TTS        To: HUB        Command: tts_end(user_id="None",text="Dobře, ze zastávky Nádraží Holešovice. Promiňte. Je mi líto, ale asi jsem Vám špatně rozuměla. Jméno výchozí tak i cílové zastávky je stejné. Ze zastávky Nádraží Holešovice. Do zastávky Nádraží Holešovice.",fname="tts-2013-07-09-15-56-47.500310.wav",log="true") 

2013-07-09-15-56-48.598731-CEST  MainProcess : INFO       
    #5432   Time: 2013-07-09-15-56-48.592237-CEST From: TTS        To: HUB        Command: tts_start(user_id="None",text="Promiňte, nerozuměla jsem. Můžete mě požádat o zopakování poslední věty.") 

2013-07-09-15-56-48.709518-CEST  MainProcess : INFO       
    #5837   Time: 2013-07-09-15-56-48.703657-CEST From: TTS        To: HUB        Command: tts_end(user_id="None",text="Promiňte, nerozuměla jsem. Můžete mě požádat o zopakování poslední věty.",fname="tts-2013-07-09-15-56-48.592082.wav",log="true") 

2013-07-09-15-57-05.887177-CEST  MainProcess : INFO       
    #6902   Time: 2013-07-09-15-57-05.712733-CEST From: VoipIO     To: HUB        Command: play_utterance_end(user_id="None",fname="tts-2013-07-09-15-56-47.500310.wav) 

2013-07-09-15-57-05.893981-CEST  MainProcess : INFO       
    #6903   Time: 2013-07-09-15-57-05.715403-CEST From: VoipIO     To: HUB        Command: play_utterance_start(user_id="None",fname="tts-2013-07-09-15-56-48.592082.wav") 

2013-07-09-15-57-11.885221-CEST  MainProcess : INFO       
    #7290   Time: 2013-07-09-15-57-11.881145-CEST From: VAD        To: HUB        Command: speech_start(fname="vad-2013-07-09-15-57-11.764849.wav") 

2013-07-09-15-57-11.890223-CEST  ASR-3      : DEBUG      
    ASR: speech_start()

2013-07-09-15-57-11.924033-CEST  MainProcess : INFO       
    #7291   Time: 2013-07-09-15-57-11.882281-CEST From: ASR        To: HUB        Command: asr_start() 

2013-07-09-15-57-11.929127-CEST  NLG-6      : DEBUG      
    #7296   Time: 2013-07-09-15-57-11.917055-CEST From: HUB        To: NLG        Command: flush() 

2013-07-09-15-57-11.935739-CEST  MainProcess : INFO       
    #7297   Time: 2013-07-09-15-57-11.930613-CEST From: NLG        To: HUB        Command: flushed() 

2013-07-09-15-57-11.941515-CEST  TTS-7      : DEBUG      
    #7298   Time: 2013-07-09-15-57-11.937270-CEST From: HUB        To: TTS        Command: flush() 

2013-07-09-15-57-11.947391-CEST  MainProcess : INFO       
    #7299   Time: 2013-07-09-15-57-11.942922-CEST From: TTS        To: HUB        Command: flushed() 

2013-07-09-15-57-11.954276-CEST  VoipIO-1   : DEBUG      
    #7301   Time: 2013-07-09-15-57-11.948738-CEST From: HUB        To: VIO        Command: flush_out() 

2013-07-09-15-57-11.960825-CEST  MainProcess : INFO       
    #7302   Time: 2013-07-09-15-57-11.955716-CEST From: VoipIO     To: HUB        Command: flushed_out() 

2013-07-09-15-57-11.967883-CEST  MainProcess : INFO       
    #7288   Time: 2013-07-09-15-57-11.880476-CEST From: VoipIO     To: HUB        Command: play_utterance_end(user_id="None",fname="tts-2013-07-09-15-56-48.592082.wav) 

2013-07-09-15-57-13.348466-CEST  ASR-3      : DEBUG      
    ASR: speech_end()

2013-07-09-15-57-13.353572-CEST  MainProcess : INFO       
    #7391   Time: 2013-07-09-15-57-13.344106-CEST From: VAD        To: HUB        Command: speech_end(fname="vad-2013-07-09-15-57-11.764849.wav") 

2013-07-09-15-57-13.690746-CEST  ASR-3      : DEBUG      
    ASR Hypothesis
    ------------------------------------------------------------
    1.000 __other__
    

2013-07-09-15-57-13.738041-CEST  MainProcess : INFO       
    #7416   Time: 2013-07-09-15-57-13.733615-CEST From: ASR        To: HUB        Command: asr_end() 

2013-07-09-15-57-13.743082-CEST  SLU-4      : DEBUG      
    SLU Hypothesis
    ------------------------------------------------------------
    1.000 other()
    

2013-07-09-15-57-13.796529-CEST  ASR-3      : DEBUG      
    ASR: speech_start()

2013-07-09-15-57-13.800956-CEST  MainProcess : INFO       
    #7423   Time: 2013-07-09-15-57-13.792541-CEST From: VAD        To: HUB        Command: speech_start(fname="vad-2013-07-09-15-57-13.719213.wav") 

2013-07-09-15-57-13.806650-CEST  MainProcess : INFO       
    #7424   Time: 2013-07-09-15-57-13.793380-CEST From: ASR        To: HUB        Command: asr_start() 

2013-07-09-15-57-13.832602-CEST  MainProcess : INFO       
    #7429   Time: 2013-07-09-15-57-13.827770-CEST From: SLU        To: HUB        Command: slu_parsed() 

2013-07-09-15-57-13.837518-CEST  DM-5       : DEBUG      
    DDDState Dialogue Act in: other()

2013-07-09-15-57-13.841856-CEST  DM-5       : DEBUG      
    Context Resolution - Dialogue Act: other()

2013-07-09-15-57-13.846672-CEST  DM-5       : DEBUG      
    DDDState - Dialogue state content:
    
    lda = other
    alternative = none
    from_centre = none
    from_stop = Nádraží Holešovice
    route_alternative = none
    to_stop = Nádraží Holešovice
    
    rh_from_stop = system-informed
    rh_stops_conflict = system-informed
    rh_to_stop = system-informed
    
    ch_from_stop = system-informed
    ch_stops_conflict = system-informed
    ch_to_stop = system-informed
    
    sh_from_stop = system-informed
    sh_stops_conflict = system-informed
    sh_to_stop = system-informed
    

2013-07-09-15-57-13.851399-CEST  DM-5       : DEBUG      
    DDDState
    
    Requested slots:
    {}
    Confirmed slots:
    {}
    Non-informed slots:
    {}

2013-07-09-15-57-13.856303-CEST  DM-5       : DEBUG      
    DM Output
    ------------------------------------------------------------
    notunderstood()&help(inform="time")
    

2013-07-09-15-57-13.919409-CEST  MainProcess : INFO       
    #7435   Time: 2013-07-09-15-57-13.915231-CEST From: DM         To: HUB        Command: dm_da_generated() 

2013-07-09-15-57-13.923887-CEST  NLG-6      : DEBUG      
    NLG Output
    ------------------------------------------------------------
    Nerozuměla jsem. Můžete například říct v kolik hodin chcete jet.
    

2013-07-09-15-57-13.974413-CEST  MainProcess : INFO       
    #7441   Time: 2013-07-09-15-57-13.969889-CEST From: NLG        To: HUB        Command: nlg_text_generated() 

2013-07-09-15-57-13.981838-CEST  MainProcess : INFO       
    #7443   Time: 2013-07-09-15-57-13.975987-CEST From: TTS        To: HUB        Command: tts_start(user_id="None",text="Nerozuměla jsem. Můžete například říct v kolik hodin chcete jet.") 

2013-07-09-15-57-14.021032-CEST  MainProcess : INFO       
    #7445   Time: 2013-07-09-15-57-13.978192-CEST From: VoipIO     To: HUB        Command: play_utterance_start(user_id="None",fname="tts-2013-07-09-15-57-13.970947.wav") 

2013-07-09-15-57-14.086542-CEST  MainProcess : INFO       
    #7786   Time: 2013-07-09-15-57-14.080183-CEST From: TTS        To: HUB        Command: tts_end(user_id="None",text="Nerozuměla jsem. Můžete například říct v kolik hodin chcete jet.",fname="tts-2013-07-09-15-57-13.970947.wav",log="true") 

2013-07-09-15-57-16.730287-CEST  ASR-3      : DEBUG      
    ASR: speech_end()

2013-07-09-15-57-16.735090-CEST  MainProcess : INFO       
    #7952   Time: 2013-07-09-15-57-16.725849-CEST From: VAD        To: HUB        Command: speech_end(fname="vad-2013-07-09-15-57-13.719213.wav") 

2013-07-09-15-57-17.715927-CEST  ASR-3      : DEBUG      
    ASR Hypothesis
    ------------------------------------------------------------
    0.377 si jet
    0.125 3 5
    0.111 si vidět
    0.097 tři dět
    0.083 3 9
    0.069 jsi jet
    0.055 dět
    0.042 jet
    0.028 3 jet
    0.014 3 dět
    0.000 __other__
    

2013-07-09-15-57-17.808087-CEST  MainProcess : INFO       
    #8021   Time: 2013-07-09-15-57-17.802792-CEST From: ASR        To: HUB        Command: asr_end() 

2013-07-09-15-57-18.490713-CEST  SLU-4      : DEBUG      
    SLU Hypothesis
    ------------------------------------------------------------
    1.000 other()
    

2013-07-09-15-57-18.529093-CEST  MainProcess : INFO       
    #8067   Time: 2013-07-09-15-57-18.523998-CEST From: SLU        To: HUB        Command: slu_parsed() 

2013-07-09-15-57-18.533447-CEST  DM-5       : DEBUG      
    DDDState Dialogue Act in: other()

2013-07-09-15-57-18.537633-CEST  DM-5       : DEBUG      
    Context Resolution - Dialogue Act: other()

2013-07-09-15-57-18.542086-CEST  DM-5       : DEBUG      
    DDDState - Dialogue state content:
    
    lda = other
    alternative = none
    from_centre = none
    from_stop = Nádraží Holešovice
    route_alternative = none
    to_stop = Nádraží Holešovice
    
    rh_from_stop = system-informed
    rh_stops_conflict = system-informed
    rh_to_stop = system-informed
    
    ch_from_stop = system-informed
    ch_stops_conflict = system-informed
    ch_to_stop = system-informed
    
    sh_from_stop = system-informed
    sh_stops_conflict = system-informed
    sh_to_stop = system-informed
    

2013-07-09-15-57-18.546165-CEST  DM-5       : DEBUG      
    DDDState
    
    Requested slots:
    {}
    Confirmed slots:
    {}
    Non-informed slots:
    {}

2013-07-09-15-57-18.551144-CEST  DM-5       : DEBUG      
    DM Output
    ------------------------------------------------------------
    notunderstood()
    

2013-07-09-15-57-18.624384-CEST  NLG-6      : DEBUG      
    NLG Output
    ------------------------------------------------------------
    Nerozuměla jsem.
    

2013-07-09-15-57-18.628882-CEST  MainProcess : INFO       
    #8077   Time: 2013-07-09-15-57-18.620470-CEST From: DM         To: HUB        Command: dm_da_generated() 

2013-07-09-15-57-18.661722-CEST  MainProcess : INFO       
    #8079   Time: 2013-07-09-15-57-18.658114-CEST From: NLG        To: HUB        Command: nlg_text_generated() 

2013-07-09-15-57-18.668543-CEST  MainProcess : INFO       
    #8081   Time: 2013-07-09-15-57-18.663294-CEST From: TTS        To: HUB        Command: tts_start(user_id="None",text="Nerozuměla jsem.") 

2013-07-09-15-57-18.695398-CEST  MainProcess : INFO       
    #8197   Time: 2013-07-09-15-57-18.690476-CEST From: TTS        To: HUB        Command: tts_end(user_id="None",text="Nerozuměla jsem.",fname="tts-2013-07-09-15-57-18.659077.wav",log="true") 

2013-07-09-15-57-19.327051-CEST  MainProcess : INFO       
    #8226   Time: 2013-07-09-15-57-19.153410-CEST From: VoipIO     To: HUB        Command: play_utterance_end(user_id="None",fname="tts-2013-07-09-15-57-13.970947.wav) 

2013-07-09-15-57-19.333891-CEST  MainProcess : INFO       
    #8227   Time: 2013-07-09-15-57-19.156050-CEST From: VoipIO     To: HUB        Command: play_utterance_start(user_id="None",fname="tts-2013-07-09-15-57-18.659077.wav") 

2013-07-09-15-57-21.055947-CEST  MainProcess : INFO       
    #8298   Time: 2013-07-09-15-57-20.271795-CEST From: VoipIO     To: HUB        Command: play_utterance_end(user_id="None",fname="tts-2013-07-09-15-57-18.659077.wav) 

2013-07-09-15-57-21.896139-CEST  ASR-3      : DEBUG      
    ASR: speech_start()

2013-07-09-15-57-21.900761-CEST  MainProcess : INFO       
    #8402   Time: 2013-07-09-15-57-21.890307-CEST From: VAD        To: HUB        Command: speech_start(fname="vad-2013-07-09-15-57-21.818421.wav") 

2013-07-09-15-57-21.907534-CEST  MainProcess : INFO       
    #8403   Time: 2013-07-09-15-57-21.892286-CEST From: ASR        To: HUB        Command: asr_start() 

2013-07-09-15-57-25.454309-CEST  MainProcess : INFO       
    #8625   Time: 2013-07-09-15-57-25.449441-CEST From: VAD        To: HUB        Command: speech_end(fname="vad-2013-07-09-15-57-21.818421.wav") 

2013-07-09-15-57-25.458664-CEST  ASR-3      : DEBUG      
    ASR: speech_end()

2013-07-09-15-57-26.672214-CEST  ASR-3      : DEBUG      
    ASR Hypothesis
    ------------------------------------------------------------
    0.181 nechci jet nejbližším spojen
    0.082 now přijet nejbližším spojen
    0.078 nové přijet nejbližším spojen
    0.073 nechci jet nejbližší pojem
    0.069 now přijet nejbližší pojem
    0.065 nové přijet nejbližší pojem
    0.060 nov přijet nejbližším spojen
    0.056 nechci jet nejbližší spoj m
    0.052 nov přijet nejbližší pojem
    0.047 noc je nejbližší pojem
    0.043 nechci jet nejbližší spojen
    0.039 now přijet nejbližší spoj m
    0.034 noc je nejbližší spoj m
    0.030 now přijet nejbližší spojen
    0.026 nové přijet nejbližší spoj m
    0.022 nové přijet nejbližší spojen
    0.017 nechci jet nejbližší spoj n
    0.013 nechci jet nejbližším pojem
    0.009 now přijet nejbližší spoj n
    0.004 no včera nejbližším spojen
    0.000 __other__
    

2013-07-09-15-57-26.714198-CEST  MainProcess : INFO       
    #8706   Time: 2013-07-09-15-57-26.708512-CEST From: ASR        To: HUB        Command: asr_end() 

2013-07-09-15-57-27.660374-CEST  SLU-4      : DEBUG      
    SLU Hypothesis
    ------------------------------------------------------------
    1.000 other()
    

2013-07-09-15-57-27.683649-CEST  MainProcess : INFO       
    #8768   Time: 2013-07-09-15-57-27.680581-CEST From: SLU        To: HUB        Command: slu_parsed() 

2013-07-09-15-57-27.687331-CEST  DM-5       : DEBUG      
    DDDState Dialogue Act in: other()

2013-07-09-15-57-27.690504-CEST  DM-5       : DEBUG      
    Context Resolution - Dialogue Act: other()

2013-07-09-15-57-27.694197-CEST  DM-5       : DEBUG      
    DDDState - Dialogue state content:
    
    lda = other
    alternative = none
    from_centre = none
    from_stop = Nádraží Holešovice
    route_alternative = none
    to_stop = Nádraží Holešovice
    
    rh_from_stop = system-informed
    rh_stops_conflict = system-informed
    rh_to_stop = system-informed
    
    ch_from_stop = system-informed
    ch_stops_conflict = system-informed
    ch_to_stop = system-informed
    
    sh_from_stop = system-informed
    sh_stops_conflict = system-informed
    sh_to_stop = system-informed
    

2013-07-09-15-57-27.697536-CEST  DM-5       : DEBUG      
    DDDState
    
    Requested slots:
    {}
    Confirmed slots:
    {}
    Non-informed slots:
    {}

2013-07-09-15-57-27.701043-CEST  DM-5       : DEBUG      
    DM Output
    ------------------------------------------------------------
    notunderstood()
    

2013-07-09-15-57-27.741396-CEST  MainProcess : INFO       
    #8774   Time: 2013-07-09-15-57-27.738812-CEST From: DM         To: HUB        Command: dm_da_generated() 

2013-07-09-15-57-27.744774-CEST  NLG-6      : DEBUG      
    NLG Output
    ------------------------------------------------------------
    Promiňte, nerozuměla jsem.
    

2013-07-09-15-57-27.769252-CEST  MainProcess : INFO       
    #8780   Time: 2013-07-09-15-57-27.764444-CEST From: NLG        To: HUB        Command: nlg_text_generated() 

2013-07-09-15-57-27.772530-CEST  MainProcess : INFO       
    #8782   Time: 2013-07-09-15-57-27.764847-CEST From: TTS        To: HUB        Command: tts_start(user_id="None",text="Promiňte, nerozuměla jsem.") 

2013-07-09-15-57-27.828919-CEST  MainProcess : INFO       
    #8784   Time: 2013-07-09-15-57-27.766234-CEST From: VoipIO     To: HUB        Command: play_utterance_start(user_id="None",fname="tts-2013-07-09-15-57-27.764742.wav") 

2013-07-09-15-57-27.832246-CEST  MainProcess : INFO       
    #8947   Time: 2013-07-09-15-57-27.826243-CEST From: TTS        To: HUB        Command: tts_end(user_id="None",text="Promiňte, nerozuměla jsem.",fname="tts-2013-07-09-15-57-27.764742.wav",log="true") 

2013-07-09-15-57-30.335335-CEST  MainProcess : INFO       
    #9086   Time: 2013-07-09-15-57-30.054292-CEST From: VoipIO     To: HUB        Command: play_utterance_end(user_id="None",fname="tts-2013-07-09-15-57-27.764742.wav) 

2013-07-09-15-57-34.524796-CEST  ASR-3      : DEBUG      
    ASR: speech_start()

2013-07-09-15-57-34.530148-CEST  MainProcess : INFO       
    #9368   Time: 2013-07-09-15-57-34.519982-CEST From: VAD        To: HUB        Command: speech_start(fname="vad-2013-07-09-15-57-34.439899.wav") 

2013-07-09-15-57-34.536721-CEST  MainProcess : INFO       
    #9369   Time: 2013-07-09-15-57-34.521180-CEST From: ASR        To: HUB        Command: asr_start() 

2013-07-09-15-57-38.873872-CEST  ASR-3      : DEBUG      
    ASR: speech_end()

2013-07-09-15-57-38.878814-CEST  MainProcess : INFO       
    #9643   Time: 2013-07-09-15-57-38.868898-CEST From: VAD        To: HUB        Command: speech_end(fname="vad-2013-07-09-15-57-34.439899.wav") 

2013-07-09-15-57-39.696378-CEST  MainProcess : INFO       
    #9697   Time: 2013-07-09-15-57-39.691113-CEST From: VAD        To: HUB        Command: speech_start(fname="vad-2013-07-09-15-57-39.614320.wav") 

2013-07-09-15-57-39.969673-CEST  ASR-3      : DEBUG      
    ASR Hypothesis
    ------------------------------------------------------------
    0.729 no přijet zastávky nádraží holešovice
    0.034 noc přijet zastávky nádraží holešovice
    0.032 nový přijet zastávky nádraží holešovice
    0.029 nové přijet zastávky nádraží holešovice
    0.027 now přijet zastávky nádraží holešovice
    0.025 no přijet do zastávky nádraží holešovice
    0.023 no přijet ze zastávky nádraží holešovice
    0.020 no přijet za zastávky nádraží holešovice
    0.018 no přijet zastávky na nádraží holešovice
    0.016 přijet zastávky nádraží holešovice
    0.014 noc přijet do zastávky nádraží holešovice
    0.011 noc přijet ze zastávky nádraží holešovice
    0.009 nový přijet do zastávky nádraží holešovice
    0.007 nový přijet ze zastávky nádraží holešovice
    0.005 nové přijet do zastávky nádraží holešovice
    0.002 nové přijet ze zastávky nádraží holešovice
    0.000 __other__
    

2013-07-09-15-57-40.038166-CEST  MainProcess : INFO       
    #9718   Time: 2013-07-09-15-57-40.034016-CEST From: ASR        To: HUB        Command: asr_end() 

2013-07-09-15-57-40.042122-CEST  ASR-3      : DEBUG      
    ASR: speech_start()

2013-07-09-15-57-40.046295-CEST  MainProcess : INFO       
    #9720   Time: 2013-07-09-15-57-40.037239-CEST From: ASR        To: HUB        Command: asr_start() 

2013-07-09-15-57-40.954037-CEST  SLU-4      : DEBUG      
    SLU Hypothesis
    ------------------------------------------------------------
    0.867 inform(="Nádraží Holešovice")
    0.070 inform(to_stop="Nádraží Holešovice")
    0.063 inform(from_stop="Nádraží Holešovice")
    

2013-07-09-15-57-41.012066-CEST  MainProcess : INFO       
    #9783   Time: 2013-07-09-15-57-41.007005-CEST From: SLU        To: HUB        Command: slu_parsed() 

2013-07-09-15-57-41.016212-CEST  DM-5       : DEBUG      
    DDDState Dialogue Act in: inform(="Nádraží Holešovice")

2013-07-09-15-57-41.020220-CEST  DM-5       : DEBUG      
    Context Resolution - Dialogue Act: inform(="Nádraží Holešovice")

2013-07-09-15-57-41.024315-CEST  DM-5       : DEBUG      
    DDDState - Dialogue state content:
    
    lda = none
    alternative = none
    from_centre = none
    from_stop = Nádraží Holešovice
    route_alternative = none
    to_stop = Nádraží Holešovice
    
    rh_from_stop = system-informed
    rh_stops_conflict = system-informed
    rh_to_stop = system-informed
    
    ch_from_stop = system-informed
    ch_stops_conflict = system-informed
    ch_to_stop = system-informed
    
    sh_from_stop = system-informed
    sh_stops_conflict = system-informed
    sh_to_stop = system-informed
    

2013-07-09-15-57-41.028824-CEST  DM-5       : DEBUG      
    DDDState
    
    Requested slots:
    {}
    Confirmed slots:
    {}
    Non-informed slots:
    {}

2013-07-09-15-57-41.033731-CEST  DM-5       : DEBUG      
    DM Output
    ------------------------------------------------------------
    apology()&inform(stops_conflict="thesame")&inform(from_stop="Nádraží Holešovice")&inform(to_stop="Nádraží Holešovice")
    

2013-07-09-15-57-41.129242-CEST  MainProcess : INFO       
    #9791   Time: 2013-07-09-15-57-41.123377-CEST From: DM         To: HUB        Command: dm_da_generated() 

2013-07-09-15-57-41.133909-CEST  NLG-6      : DEBUG      
    NLG Output
    ------------------------------------------------------------
    Něco tady mám špatně. Předpokládám, že nechcete jet ze zastávky Nádraží Holešovice do zastávky Nádraží Holešovice.
    

2013-07-09-15-57-41.240848-CEST  MainProcess : INFO       
    #9801   Time: 2013-07-09-15-57-41.237062-CEST From: NLG        To: HUB        Command: nlg_text_generated() 

2013-07-09-15-57-41.247678-CEST  MainProcess : INFO       
    #9803   Time: 2013-07-09-15-57-41.242413-CEST From: TTS        To: HUB        Command: tts_start(user_id="None",text="Něco tady mám špatně. Předpokládám, že nechcete jet ze zastávky Nádraží Holešovice do zastávky Nádraží Holešovice.") 

2013-07-09-15-57-41.309714-CEST  MainProcess : INFO       
    #9805   Time: 2013-07-09-15-57-41.245904-CEST From: VoipIO     To: HUB        Command: play_utterance_start(user_id="None",fname="tts-2013-07-09-15-57-41.238175.wav") 

2013-07-09-15-57-41.437899-CEST  MainProcess : INFO       
    #10367  Time: 2013-07-09-15-57-41.430736-CEST From: TTS        To: HUB        Command: tts_end(user_id="None",text="Něco tady mám špatně. Předpokládám, že nechcete jet ze zastávky Nádraží Holešovice do zastávky Nádraží Holešovice.",fname="tts-2013-07-09-15-57-41.238175.wav",log="true") 

2013-07-09-15-57-41.515561-CEST  ASR-3      : DEBUG      
    ASR: speech_end()

2013-07-09-15-57-41.521283-CEST  MainProcess : INFO       
    #10373  Time: 2013-07-09-15-57-41.510744-CEST From: VAD        To: HUB        Command: speech_end(fname="vad-2013-07-09-15-57-39.614320.wav") 

2013-07-09-15-57-42.064610-CEST  MainProcess : INFO       
    #10411  Time: 2013-07-09-15-57-42.060423-CEST From: VAD        To: HUB        Command: speech_start(fname="vad-2013-07-09-15-57-41.973829.wav") 

2013-07-09-15-57-42.119377-CEST  NLG-6      : DEBUG      
    #10416  Time: 2013-07-09-15-57-42.114116-CEST From: HUB        To: NLG        Command: flush() 

2013-07-09-15-57-42.125665-CEST  MainProcess : INFO       
    #10417  Time: 2013-07-09-15-57-42.120526-CEST From: NLG        To: HUB        Command: flushed() 

2013-07-09-15-57-42.132617-CEST  TTS-7      : DEBUG      
    #10418  Time: 2013-07-09-15-57-42.126998-CEST From: HUB        To: TTS        Command: flush() 

2013-07-09-15-57-42.139326-CEST  MainProcess : INFO       
    #10419  Time: 2013-07-09-15-57-42.134242-CEST From: TTS        To: HUB        Command: flushed() 

2013-07-09-15-57-42.147075-CEST  VoipIO-1   : DEBUG      
    #10420  Time: 2013-07-09-15-57-42.140771-CEST From: HUB        To: VIO        Command: flush_out() 

2013-07-09-15-57-42.153056-CEST  MainProcess : INFO       
    #10421  Time: 2013-07-09-15-57-42.148967-CEST From: VoipIO     To: HUB        Command: flushed_out() 

2013-07-09-15-57-42.295667-CEST  ASR-3      : DEBUG      
    ASR Hypothesis
    ------------------------------------------------------------
    0.896 do zastávky
    0.023 do zastávky a
    0.020 do zastávky ti
    0.017 do zastávky i
    0.014 to zas tak ti
    0.012 do zastávka ti
    0.009 kdo zastává ti
    0.006 to zastávka ti
    0.003 to zas ta ti
    0.000 __other__
    

2013-07-09-15-57-42.350961-CEST  MainProcess : INFO       
    #10434  Time: 2013-07-09-15-57-42.345968-CEST From: ASR        To: HUB        Command: asr_end() 

2013-07-09-15-57-42.355199-CEST  ASR-3      : DEBUG      
    ASR: speech_start()

2013-07-09-15-57-42.358995-CEST  MainProcess : INFO       
    #10437  Time: 2013-07-09-15-57-42.348980-CEST From: ASR        To: HUB        Command: asr_start() 

2013-07-09-15-57-42.974311-CEST  SLU-4      : DEBUG      
    SLU Hypothesis
    ------------------------------------------------------------
    1.000 other()
    

2013-07-09-15-57-43.024772-CEST  MainProcess : INFO       
    #10481  Time: 2013-07-09-15-57-43.021606-CEST From: SLU        To: HUB        Command: slu_parsed() 

2013-07-09-15-57-43.029031-CEST  DM-5       : DEBUG      
    DDDState Dialogue Act in: other()

2013-07-09-15-57-43.032932-CEST  DM-5       : DEBUG      
    Context Resolution - Dialogue Act: other()

2013-07-09-15-57-43.037507-CEST  DM-5       : DEBUG      
    DDDState - Dialogue state content:
    
    lda = other
    alternative = none
    from_centre = none
    from_stop = Nádraží Holešovice
    route_alternative = none
    to_stop = Nádraží Holešovice
    
    rh_from_stop = system-informed
    rh_stops_conflict = system-informed
    rh_to_stop = system-informed
    
    ch_from_stop = system-informed
    ch_stops_conflict = system-informed
    ch_to_stop = system-informed
    
    sh_from_stop = system-informed
    sh_stops_conflict = system-informed
    sh_to_stop = system-informed
    

2013-07-09-15-57-43.041783-CEST  DM-5       : DEBUG      
    DDDState
    
    Requested slots:
    {}
    Confirmed slots:
    {}
    Non-informed slots:
    {}

2013-07-09-15-57-43.046011-CEST  DM-5       : DEBUG      
    DM Output
    ------------------------------------------------------------
    notunderstood()
    

2013-07-09-15-57-43.148927-CEST  MainProcess : INFO       
    #10491  Time: 2013-07-09-15-57-43.144920-CEST From: DM         To: HUB        Command: dm_da_generated() 

2013-07-09-15-57-43.153361-CEST  NLG-6      : DEBUG      
    NLG Output
    ------------------------------------------------------------
    Nerozuměla jsem.
    

2013-07-09-15-57-43.199508-CEST  ASR-3      : DEBUG      
    ASR: speech_end()

2013-07-09-15-57-43.204024-CEST  MainProcess : INFO       
    #10498  Time: 2013-07-09-15-57-43.195406-CEST From: VAD        To: HUB        Command: speech_end(fname="vad-2013-07-09-15-57-41.973829.wav") 

2013-07-09-15-57-43.246846-CEST  MainProcess : INFO       
    #10499  Time: 2013-07-09-15-57-43.240798-CEST From: NLG        To: HUB        Command: nlg_text_generated() 

2013-07-09-15-57-43.252205-CEST  MainProcess : INFO       
    #10501  Time: 2013-07-09-15-57-43.242259-CEST From: TTS        To: HUB        Command: tts_start(user_id="None",text="Nerozuměla jsem.") 

2013-07-09-15-57-43.310283-CEST  MainProcess : INFO       
    #10503  Time: 2013-07-09-15-57-43.244599-CEST From: VoipIO     To: HUB        Command: play_utterance_start(user_id="None",fname="tts-2013-07-09-15-57-43.242065.wav") 

2013-07-09-15-57-43.314831-CEST  MainProcess : INFO       
    #10615  Time: 2013-07-09-15-57-43.306175-CEST From: TTS        To: HUB        Command: tts_end(user_id="None",text="Nerozuměla jsem.",fname="tts-2013-07-09-15-57-43.242065.wav",log="true") 

2013-07-09-15-57-43.609971-CEST  ASR-3      : DEBUG      
    ASR Hypothesis
    ------------------------------------------------------------
    0.612 českolipská
    0.155 česká ulička
    0.116 českolipsko
    0.078 českodubská
    0.039 česko lipská
    0.000 __other__
    

2013-07-09-15-57-43.673102-CEST  MainProcess : INFO       
    #10643  Time: 2013-07-09-15-57-43.667553-CEST From: ASR        To: HUB        Command: asr_end() 

2013-07-09-15-57-44.009788-CEST  SLU-4      : DEBUG      
    SLU Hypothesis
    ------------------------------------------------------------
    0.612 inform(="Českolipská")
    0.388 other()
    

2013-07-09-15-57-44.069805-CEST  DM-5       : DEBUG      
    DDDState Dialogue Act in: inform(="Českolipská")

2013-07-09-15-57-44.074765-CEST  MainProcess : INFO       
    #10669  Time: 2013-07-09-15-57-44.064753-CEST From: SLU        To: HUB        Command: slu_parsed() 

2013-07-09-15-57-44.079584-CEST  DM-5       : DEBUG      
    Context Resolution - Dialogue Act: inform(="Českolipská")

2013-07-09-15-57-44.084202-CEST  DM-5       : DEBUG      
    DDDState - Dialogue state content:
    
    lda = none
    alternative = none
    from_centre = none
    from_stop = Nádraží Holešovice
    route_alternative = none
    to_stop = Nádraží Holešovice
    
    rh_from_stop = system-informed
    rh_stops_conflict = system-informed
    rh_to_stop = system-informed
    
    ch_from_stop = system-informed
    ch_stops_conflict = system-informed
    ch_to_stop = system-informed
    
    sh_from_stop = system-informed
    sh_stops_conflict = system-informed
    sh_to_stop = system-informed
    

2013-07-09-15-57-44.089051-CEST  DM-5       : DEBUG      
    DDDState
    
    Requested slots:
    {}
    Confirmed slots:
    {}
    Non-informed slots:
    {}

2013-07-09-15-57-44.094780-CEST  DM-5       : DEBUG      
    DM Output
    ------------------------------------------------------------
    apology()&inform(stops_conflict="thesame")&inform(from_stop="Nádraží Holešovice")&inform(to_stop="Nádraží Holešovice")
    

2013-07-09-15-57-44.205043-CEST  MainProcess : INFO       
    #10679  Time: 2013-07-09-15-57-44.200159-CEST From: DM         To: HUB        Command: dm_da_generated() 

2013-07-09-15-57-44.211172-CEST  NLG-6      : DEBUG      
    NLG Output
    ------------------------------------------------------------
    Něco tady mám špatně. Předpokládám, že nechcete jet ze stanice Nádraží Holešovice do stanice Nádraží Holešovice.
    

2013-07-09-15-57-44.272611-CEST  MainProcess : INFO       
    #10685  Time: 2013-07-09-15-57-44.267759-CEST From: NLG        To: HUB        Command: nlg_text_generated() 

2013-07-09-15-57-44.279809-CEST  MainProcess : INFO       
    #10690  Time: 2013-07-09-15-57-44.274327-CEST From: TTS        To: HUB        Command: tts_start(user_id="None",text="Něco tady mám špatně. Předpokládám, že nechcete jet ze stanice Nádraží Holešovice do stanice Nádraží Holešovice.") 

2013-07-09-15-57-44.506812-CEST  MainProcess : INFO       
    #11241  Time: 2013-07-09-15-57-44.499475-CEST From: TTS        To: HUB        Command: tts_end(user_id="None",text="Něco tady mám špatně. Předpokládám, že nechcete jet ze stanice Nádraží Holešovice do stanice Nádraží Holešovice.",fname="tts-2013-07-09-15-57-44.269449.wav",log="true") 

2013-07-09-15-57-44.990365-CEST  MainProcess : INFO       
    #10822  Time: 2013-07-09-15-57-44.389885-CEST From: VoipIO     To: HUB        Command: play_utterance_end(user_id="None",fname="tts-2013-07-09-15-57-43.242065.wav) 

2013-07-09-15-57-44.996652-CEST  MainProcess : INFO       
    #10823  Time: 2013-07-09-15-57-44.392471-CEST From: VoipIO     To: HUB        Command: play_utterance_start(user_id="None",fname="tts-2013-07-09-15-57-44.269449.wav") 

2013-07-09-15-57-49.762168-CEST  MainProcess : INFO       
    #11571  Time: 2013-07-09-15-57-49.757908-CEST From: VAD        To: HUB        Command: speech_start(fname="vad-2013-07-09-15-57-49.653394.wav") 

2013-07-09-15-57-49.767407-CEST  ASR-3      : DEBUG      
    ASR: speech_start()

2013-07-09-15-57-49.824852-CEST  NLG-6      : DEBUG      
    #11577  Time: 2013-07-09-15-57-49.820494-CEST From: HUB        To: NLG        Command: flush() 

2013-07-09-15-57-49.829563-CEST  MainProcess : INFO       
    #11572  Time: 2013-07-09-15-57-49.759052-CEST From: ASR        To: HUB        Command: asr_start() 

2013-07-09-15-57-49.834269-CEST  MainProcess : INFO       
    #11578  Time: 2013-07-09-15-57-49.826357-CEST From: NLG        To: HUB        Command: flushed() 

2013-07-09-15-57-49.840607-CEST  TTS-7      : DEBUG      
    #11580  Time: 2013-07-09-15-57-49.835614-CEST From: HUB        To: TTS        Command: flush() 

2013-07-09-15-57-49.847874-CEST  MainProcess : INFO       
    #11583  Time: 2013-07-09-15-57-49.842139-CEST From: TTS        To: HUB        Command: flushed() 

2013-07-09-15-57-49.853113-CEST  VoipIO-1   : DEBUG      
    #11585  Time: 2013-07-09-15-57-49.849221-CEST From: HUB        To: VIO        Command: flush_out() 

2013-07-09-15-57-49.859336-CEST  MainProcess : INFO       
    #11586  Time: 2013-07-09-15-57-49.854754-CEST From: VoipIO     To: HUB        Command: flushed_out() 

2013-07-09-15-57-50.367067-CEST  ASR-3      : DEBUG      
    ASR: speech_end()

2013-07-09-15-57-50.371782-CEST  MainProcess : INFO       
    #11620  Time: 2013-07-09-15-57-50.362213-CEST From: VAD        To: HUB        Command: speech_end(fname="vad-2013-07-09-15-57-49.653394.wav") 

2013-07-09-15-57-50.630058-CEST  ASR-3      : DEBUG      
    ASR Hypothesis
    ------------------------------------------------------------
    1.000 __other__
    

2013-07-09-15-57-50.691454-CEST  MainProcess : INFO       
    #11641  Time: 2013-07-09-15-57-50.687473-CEST From: ASR        To: HUB        Command: asr_end() 

2013-07-09-15-57-50.695844-CEST  SLU-4      : DEBUG      
    SLU Hypothesis
    ------------------------------------------------------------
    1.000 other()
    

2013-07-09-15-57-50.752845-CEST  DM-5       : DEBUG      
    DDDState Dialogue Act in: other()

2013-07-09-15-57-50.757050-CEST  MainProcess : INFO       
    #11647  Time: 2013-07-09-15-57-50.748467-CEST From: SLU        To: HUB        Command: slu_parsed() 

2013-07-09-15-57-50.761016-CEST  DM-5       : DEBUG      
    Context Resolution - Dialogue Act: other()

2013-07-09-15-57-50.764976-CEST  DM-5       : DEBUG      
    DDDState - Dialogue state content:
    
    lda = other
    alternative = none
    from_centre = none
    from_stop = Nádraží Holešovice
    route_alternative = none
    to_stop = Nádraží Holešovice
    
    rh_from_stop = system-informed
    rh_stops_conflict = system-informed
    rh_to_stop = system-informed
    
    ch_from_stop = system-informed
    ch_stops_conflict = system-informed
    ch_to_stop = system-informed
    
    sh_from_stop = system-informed
    sh_stops_conflict = system-informed
    sh_to_stop = system-informed
    

2013-07-09-15-57-50.769415-CEST  DM-5       : DEBUG      
    DDDState
    
    Requested slots:
    {}
    Confirmed slots:
    {}
    Non-informed slots:
    {}

2013-07-09-15-57-50.773658-CEST  DM-5       : DEBUG      
    DM Output
    ------------------------------------------------------------
    notunderstood()&help(repeat)
    

2013-07-09-15-57-50.890341-CEST  MainProcess : INFO       
    #11657  Time: 2013-07-09-15-57-50.886215-CEST From: DM         To: HUB        Command: dm_da_generated() 

2013-07-09-15-57-50.894485-CEST  NLG-6      : DEBUG      
    NLG Output
    ------------------------------------------------------------
    Nerozuměla jsem. Ještě jednou prosím. Můžete mě požádat o zopakování poslední věty.
    

2013-07-09-15-57-50.958068-CEST  MainProcess : INFO       
    #11663  Time: 2013-07-09-15-57-50.952716-CEST From: NLG        To: HUB        Command: nlg_text_generated() 

2013-07-09-15-57-50.963229-CEST  MainProcess : INFO       
    #11665  Time: 2013-07-09-15-57-50.953436-CEST From: TTS        To: HUB        Command: tts_start(user_id="None",text="Nerozuměla jsem. Ještě jednou prosím. Můžete mě požádat o zopakování poslední věty.") 

2013-07-09-15-57-51.024893-CEST  MainProcess : INFO       
    #11667  Time: 2013-07-09-15-57-50.955547-CEST From: VoipIO     To: HUB        Command: play_utterance_start(user_id="None",fname="tts-2013-07-09-15-57-50.953252.wav") 

2013-07-09-15-57-51.126570-CEST  MainProcess : INFO       
    #12146  Time: 2013-07-09-15-57-51.119812-CEST From: TTS        To: HUB        Command: tts_end(user_id="None",text="Nerozuměla jsem. Ještě jednou prosím. Můžete mě požádat o zopakování poslední věty.",fname="tts-2013-07-09-15-57-50.953252.wav",log="true") 

2013-07-09-15-57-58.496988-CEST  MainProcess : INFO       
    #12590  Time: 2013-07-09-15-57-58.210668-CEST From: VoipIO     To: HUB        Command: play_utterance_end(user_id="None",fname="tts-2013-07-09-15-57-50.953252.wav) 

2013-07-09-15-58-00.079822-CEST  ASR-3      : DEBUG      
    ASR: speech_start()

2013-07-09-15-58-00.084155-CEST  MainProcess : INFO       
    #12708  Time: 2013-07-09-15-58-00.074620-CEST From: VAD        To: HUB        Command: speech_start(fname="vad-2013-07-09-15-57-59.966809.wav") 

2013-07-09-15-58-00.089892-CEST  MainProcess : INFO       
    #12710  Time: 2013-07-09-15-58-00.076560-CEST From: ASR        To: HUB        Command: asr_start() 

2013-07-09-15-58-05.399376-CEST  MainProcess : INFO       
    #13046  Time: 2013-07-09-15-58-05.394089-CEST From: VAD        To: HUB        Command: speech_end(fname="vad-2013-07-09-15-57-59.966809.wav") 

2013-07-09-15-58-05.403887-CEST  ASR-3      : DEBUG      
    ASR: speech_end()

2013-07-09-15-58-06.790466-CEST  ASR-3      : DEBUG      
    ASR Hypothesis
    ------------------------------------------------------------
    0.776 nechci jet přes zastávky nádraží holešovice
    0.056 nah přijet přes zastávky nádraží holešovice
    0.048 nechci jet přes zastávky nádraží holešovic
    0.040 nechci jet přes zastávky nádraží holešovice czech
    0.032 nechceš jet přes zastávky nádraží holešovice
    0.024 nechci je to přes zastávky nádraží holešovice
    0.016 nechce jet přes zastávky nádraží holešovice
    0.008 nechci jet přes zastávky na nádraží holešovice
    0.000 __other__
    

2013-07-09-15-58-06.855099-CEST  MainProcess : INFO       
    #13136  Time: 2013-07-09-15-58-06.851106-CEST From: ASR        To: HUB        Command: asr_end() 

2013-07-09-15-58-07.448546-CEST  SLU-4      : DEBUG      
    SLU Hypothesis
    ------------------------------------------------------------
    0.992 inform(="Nádraží Holešovice")
    0.008 inform(to_stop="Nádraží Holešovice")
    

2013-07-09-15-58-07.517521-CEST  MainProcess : INFO       
    #13182  Time: 2013-07-09-15-58-07.512347-CEST From: SLU        To: HUB        Command: slu_parsed() 

2013-07-09-15-58-07.521970-CEST  DM-5       : DEBUG      
    DDDState Dialogue Act in: inform(="Nádraží Holešovice")

2013-07-09-15-58-07.526060-CEST  DM-5       : DEBUG      
    Context Resolution - Dialogue Act: inform(="Nádraží Holešovice")

2013-07-09-15-58-07.530375-CEST  DM-5       : DEBUG      
    DDDState - Dialogue state content:
    
    lda = none
    alternative = none
    from_centre = none
    from_stop = Nádraží Holešovice
    route_alternative = none
    to_stop = Nádraží Holešovice
    
    rh_from_stop = system-informed
    rh_stops_conflict = system-informed
    rh_to_stop = system-informed
    
    ch_from_stop = system-informed
    ch_stops_conflict = system-informed
    ch_to_stop = system-informed
    
    sh_from_stop = system-informed
    sh_stops_conflict = system-informed
    sh_to_stop = system-informed
    

2013-07-09-15-58-07.534820-CEST  DM-5       : DEBUG      
    DDDState
    
    Requested slots:
    {}
    Confirmed slots:
    {}
    Non-informed slots:
    {}

2013-07-09-15-58-07.539879-CEST  DM-5       : DEBUG      
    DM Output
    ------------------------------------------------------------
    apology()&inform(stops_conflict="thesame")&inform(from_stop="Nádraží Holešovice")&inform(to_stop="Nádraží Holešovice")
    

2013-07-09-15-58-07.666088-CEST  MainProcess : INFO       
    #13192  Time: 2013-07-09-15-58-07.659822-CEST From: DM         To: HUB        Command: dm_da_generated() 

2013-07-09-15-58-07.672500-CEST  NLG-6      : DEBUG      
    NLG Output
    ------------------------------------------------------------
    Je mi líto, ale asi jsem Vám špatně rozuměla. Předpokládám, že nechcete jet ze zastávky Nádraží Holešovice do zastávky Nádraží Holešovice.
    

2013-07-09-15-58-07.738827-CEST  MainProcess : INFO       
    #13198  Time: 2013-07-09-15-58-07.731794-CEST From: NLG        To: HUB        Command: nlg_text_generated() 

2013-07-09-15-58-07.744113-CEST  MainProcess : INFO       
    #13200  Time: 2013-07-09-15-58-07.732393-CEST From: TTS        To: HUB        Command: tts_start(user_id="None",text="Je mi líto, ale asi jsem Vám špatně rozuměla. Předpokládám, že nechcete jet ze zastávky Nádraží Holešovice do zastávky Nádraží Holešovice.") 

2013-07-09-15-58-07.815495-CEST  MainProcess : INFO       
    #13202  Time: 2013-07-09-15-58-07.735729-CEST From: VoipIO     To: HUB        Command: play_utterance_start(user_id="None",fname="tts-2013-07-09-15-58-07.732241.wav") 

2013-07-09-15-58-07.909736-CEST  MainProcess : INFO       
    #13863  Time: 2013-07-09-15-58-07.901687-CEST From: TTS        To: HUB        Command: tts_end(user_id="None",text="Je mi líto, ale asi jsem Vám špatně rozuměla. Předpokládám, že nechcete jet ze zastávky Nádraží Holešovice do zastávky Nádraží Holešovice.",fname="tts-2013-07-09-15-58-07.732241.wav",log="true") 

2013-07-09-15-58-09.936099-CEST  VoipIO-1   : DEBUG      
    CallCallback::on_state : Call with "777722783" <sip:777722783@195.113.20.160> is DISCONNCTD last code = 200 (Normal call clearing)

2013-07-09-15-58-10.073692-CEST  VoipIO-1   : DEBUG      
    VoipIO::on_call_disconnected

2013-07-09-15-58-10.080388-CEST  MainProcess : INFO       
    #13989  Time: 2013-07-09-15-58-10.074834-CEST From: VoipIO     To: HUB        Command: call_disconnected(remote_uri="777722783") 

