2013-06-27-15-40-33.703448-CEST  VoipIO-1   : DEBUG      
    CallCallback::on_state : Call with "605179476" <sip:605179476@195.113.20.160> is CONNECTING last code = 200 (OK)

2013-06-27-15-40-33.708300-CEST  VoipIO-1   : DEBUG      
    VoipIO::on_call_connecting

2013-06-27-15-40-33.713734-CEST  VoipIO-1   : DEBUG      
    CallCallback::on_state : Call with "605179476" <sip:605179476@195.113.20.160> is CONFIRMED last code = 200 (OK)

2013-06-27-15-40-33.737901-CEST  MainProcess : SYSTEM-LOG 
    config = { 'ASR': { 'Google': { 'debug': False, 'language': 'cs', 'maxresults': 20},
               'Julius': { 'adinnetport': 5530,
                           'binary': '/usr/local/bin/julius',
                           'debug': False,
                           'hostname': 'localhost',
                           'jconf': { '-adport': '5530',
                                      '-b': '1000',
                                      '-b2': '100',
                                      '-cmnload': 'cmn.param',
                                      '-cmnmapweight': '200',
                                      '-cmnsave': 'cmn.param',
                                      '-confnet': '',
                                      '-fallback1pass': '',
                                      '-gprune': 'safe',
                                      '-h': '/mnt/h/jurcicek/vystadial-git/alex/resources/asr/voip_en/hmmdefs',
                                      '-hlist': '/mnt/h/jurcicek/vystadial-git/alex/resources/asr/voip_en/tiedlist',
                                      '-htkconf': '/mnt/h/jurcicek/vystadial-git/alex/resources/asr/voip_en/config',
                                      '-input': 'adinnet',
                                      '-iwsp': '',
                                      '-iwsppenalty': '0.0',
                                      '-lmp': '15.0 0.0',
                                      '-lmp2': '15.0 0.0',
                                      '-mapunk': 'UM',
                                      '-module': '10500',
                                      '-n': '50',
                                      '-nlr': '/mnt/h/jurcicek/vystadial-git/alex/resources/lm/caminfo/julius_arpa_bigram',
                                      '-no_ccd': '',
                                      '-nrl': '/mnt/h/jurcicek/vystadial-git/alex/resources/lm/caminfo/julius_arpa_rev_bigram',
                                      '-silhead': '<s>',
                                      '-siltail': '</s>',
                                      '-spmodel': 'sp',
                                      '-tmix': '4',
                                      '-v': '/mnt/h/jurcicek/vystadial-git/alex/resources/lm/caminfo/julius_dict'},
                           'jconffile': 'julius.jconf',
                           'killall': False,
                           'logfile': 'julius.log',
                           'msg_timeout': 0.3,
                           'pidfile': 'julius.pid',
                           'reuse_server': False,
                           'serverport': 10500,
                           'start_max_wait_time': 15,
                           'start_wait_time': 0.5,
                           'timeout': 2.0},
               'Kaldi': { 'LM_scale': -6666.66,
                          'hypothesis_type': 'nblist',
                          'lat_depth': 666666,
                          'model': 'TODO_path_to_model'},
               'debug': True,
               'type': 'Google'},
      'AlexOnTheBus': { 'max_turns': 30},
      'Analytics': Analytics(account_id='UA-41905278-1', domain_name='cuni.cz'),
      'Audio': { 'sample_rate': 16000, 'samples_per_frame': 256},
      'AudioIO': { 'debug': True, 'output_dir': './aio_call_log', 'play_buffer_size': 1024},
      'DM': { 'PUfalRuleDM': { 'code_submit_url': None,
                               'db_cfg': '/mnt/h/jurcicek/vystadial-git/alex/resources/../applications/CamInfoRest/cued_data/CIRdbase_V7_noloc.txt',
                               'ontology': '/mnt/h/jurcicek/vystadial-git/alex/resources/../applications/CamInfoRest/ontology.cfg',
                               'provide_code': False},
              'UfalRuleDM': { 'code_submit_url': None,
                              'db_cfg': '/mnt/h/jurcicek/vystadial-git/alex/resources/../applications/CamInfoRest/cued_data/CIRdbase_V7_noloc.txt',
                              'ontology': '/mnt/h/jurcicek/vystadial-git/alex/resources/../applications/CamInfoRest/ontology.cfg',
                              'provide_code': False},
              'basic': { 'debug': True},
              'debug': True,
              'dialogue_policy': { 'type': <class 'alex.applications.AlexOnTheBus.aotb_hdc_policy.AOTBHDCPolicy'>},
              'dialogue_state': { 'type': <class 'alex.components.dm.dddstate.DeterministicDiscriminativeDialogueState'>},
              'ontology': '/mnt/h/jurcicek/vystadial-git/alex/applications/AlexOnTheBus/data/ontology.py',
              'type': 'basic'},
      'General': { 'debug': False, 'include': ['/mnt/h/jurcicek/vystadial-git/alex/resources/private/default.cfg']},
      'Hub': { 'history_file': 'hub_history_hub.txt', 'history_length': 1000, 'main_loop_sleep_time': 0.002},
      'Logging': { 'session_logger': SessionLogger(),
                   'system_logger': SystemLogger(output_dir=/net/projects/vystadial/data/call-logs/2013-05-30-alex-aotb-prototype/new, stdout_log_level='DEBUG', stdout=True, file_log_level='DEBUG'),
                   'system_name': u'Alex On The Bus - Live',
                   'version': u'1.0'},
      'NLG': { 'Template': { 'model': '/mnt/h/jurcicek/vystadial-git/alex/applications/AlexOnTheBus/nlg_templates.cfg'},
               'debug': True,
               'type': 'Template'},
      'SHub': { 'history_file': 'hub_history_shub.txt', 'history_length': 1000},
      'SLU': { 'cl-tracing': { 'cldb_fname': '/mnt/h/jurcicek/vystadial-git/alex/applications/CamInfoRest/data/database.py',
                               'do_preprocessing': True,
                               'features_type': ('ngram',),
                               'testing': { 'max_examples': None,
                                            'min_perc': 80,
                                            'model_fname': '/mnt/h/jurcicek/vystadial-git/alex/applications/CamInfoRest/models/130516_minf60-minfc35-mind60.slu_model.gz',
                                            'renormalise': True,
                                            'threshold': None,
                                            'vanilla': True},
                               'training': { 'models_dir': 'models'}},
               'debug': True,
               'type': <class 'alex.applications.AlexOnTheBus.aotb_slu.AOTBSLU'>,
               <class 'alex.applications.AlexOnTheBus.aotb_slu.AOTBSLU'>: { 'cldb_fname': '/mnt/h/jurcicek/vystadial-git/alex/applications/AlexOnTheBus/data/database.py',
                                                                            'preprocessing_cls': <class 'alex.applications.AlexOnTheBus.aotb_preprocessing.AOTBSLUPreprocessing'>,
                                                                            'training': { 'models_dir': 'models'}}},
      'THub': { 'history_file': 'hub_history_thub.txt', 'history_length': 1000},
      'TTS': { 'Flite': { 'debug': False,
                          'preprocessing': '/mnt/h/jurcicek/vystadial-git/alex/resources/tts/prep_flite_en.cfg',
                          'voice': 'kal16'},
               'Google': { 'debug': False,
                           'language': 'en',
                           'preprocessing': '/mnt/h/jurcicek/vystadial-git/alex/resources/tts/prep_google_en.cfg'},
               'SpeechTech': { 'debug': True,
                               'login': 'filipjurcicek',
    # this line was removed since it included a password
                               'preprocessing': '/mnt/h/jurcicek/vystadial-git/alex/resources/tts/prep_speechtech_cs.cfg',
                               'voice': 'Iva210'},
               'VoiceRSS': { 'api_key': '3b6a9fca5d724b1c8ac34691586cdda1'},
               'VoiceRss': { 'language': 'en-gb',
                             'preprocessing': '/mnt/h/jurcicek/vystadial-git/alex/resources/tts/prep_voicerss_en.cfg'},
               'debug': True,
               'final_silence_removal_proportion': 0.8,
               'type': 'SpeechTech'},
      'VAD': { 'debug': False,
               'decision_frames_sil': 25,
               'decision_frames_speech': 10,
               'decision_non_speech_threshold': 0.2,
               'decision_speech_threshold': 0.7,
               'gmm': { 'ceplifter': 22,
                        'enormalise': True,
                        'filter_length': 5,
                        'frameshift': 160,
                        'framesize': 512,
                        'frontend': 'MFCC',
                        'hifreq': 3800,
                        'lofreq': 125,
                        'numceps': 12,
                        'numchans': 26,
                        'preemcoef': 0.97,
                        'sil_model': '/mnt/h/jurcicek/vystadial-git/alex/resources/vad/voip_en/vad_sil_sds_mfcc_m064_f100000.gmm',
                        'speech_model': '/mnt/h/jurcicek/vystadial-git/alex/resources/vad/voip_en/vad_speech_sds_mfcc_m064_f100000.gmm',
                        'useacc': True,
                        'usec0': False,
                        'usecmn': False,
                        'usedelta': True,
                        'usehamming': True,
                        'usepower': True,
                        'zmeansource': True},
               'power': { 'adaptation_frames': 30, 'threshold': 70, 'threshold_multiplier': 1.0},
               'speech_buffer_frames': 20,
               'type': 'gmm'},
      'VoipHub': { 'blacklist_for': 7200,
                   'call_db': u'/net/projects/vystadial/data/call-logs/2013-05-30-alex-aotb-prototype/new/call_db.pckl',
                   'hard_time_limit': 360,
                   'hard_turn_limit': 40,
                   'history_length': 1000,
                   'last_period_max_num_calls': 20,
                   'last_period_max_total_time': 1800,
                   'limit_reached_message': u'D\u011bkujeme za zavol\xe1n\xed, ale u\u017e jste volali hodn\u011b. Pros\xedm zavolejte pozd\u011bji. Na shledanou.',
                   'period': 172800,
                   'pid_file': u'/net/projects/vystadial/data/call-logs/2013-05-30-alex-aotb-prototype/new/vhub_live.pid',
                   'wait_time_before_calling_back': 10},
      'VoipIO': { 'allowed_hosts': '',
                  'allowed_phone_numbers': '(^[234567])',
                  'allowed_users': '(^[234567])',
                  'debug': True,
                  'domain': 'vystadial.ms.mff.cuni.cz',
                  'forbidden_hosts': '',
                  'forbidden_phone_number': '(^112$|^150$|^155$|^156$|^158$)',
                  'forbidden_users': '(^112$|^150$|^155$|^156$|^158$)',
    # this line was removed since it included a password
                  'pjsip_log_level': 3,
                  'reject_calls': False,
                  'user': '800899998'},
      'WebHub': { 'port': 8000},
      'corpustools': { 'get_jasr_confnets': { 'frame_size': 256, 'rt_ratio': 0.2}}}
    

2013-06-27-15-40-33.762783-CEST  VoipIO-1   : DEBUG      
    VoipIO::on_call_confirmed

2013-06-27-15-40-33.826896-CEST  MainProcess : INFO       
    #2      Time: 2013-06-27-15-40-33.709629-CEST From: VoipIO     To: HUB        Command: call_connecting(remote_uri="605179476") 

2013-06-27-15-40-33.841387-CEST  MainProcess : INFO       
    #3      Time: 2013-06-27-15-40-33.764235-CEST From: VoipIO     To: HUB        Command: call_confirmed(remote_uri="605179476") 

2013-06-27-15-40-33.857446-CEST  MainProcess : INFO       
    
    ========================================================================================================================
    Incoming call from :          605179476
    ------------------------------------------------------------------------------------------------------------------------
    Total calls:                  0
    Total time (min):             0.0
    Last period total calls:      0
    Last period total time (min): 0.0
    ------------------------------------------------------------------------------------------------------------------------
    CALL ACCEPTED
    ========================================================================================================================
    

2013-06-27-15-40-33.870910-CEST  DM-5       : DEBUG      
    #7      Time: 2013-06-27-15-40-33.849289-CEST From: HUB        To: DM         Command: new_dialogue() 

2013-06-27-15-40-33.882328-CEST  DM-5       : DEBUG      
    DM Output
    ------------------------------------------------------------
    hello()
    

2013-06-27-15-40-33.912215-CEST  MainProcess : INFO       
    #13     Time: 2013-06-27-15-40-33.907414-CEST From: DM         To: HUB        Command: dm_da_generated() 

2013-06-27-15-40-33.917884-CEST  NLG-6      : DEBUG      
    NLG Output
    ------------------------------------------------------------
    Dobrý den. Tato experimentální služba je poskytována laboratoří výzkumu hlasových dialogových systémů na Ústavu Formální a Aplikované Lingvistiky na Karlově Univerzitě. Hovor je nahráván. Více informací o této službě je na internetu. Jak Vám mohu pomoci. Můžete například říct chtěla bych jet ze zastávky poliklinika Barandov .
    

2013-06-27-15-40-33.939348-CEST  MainProcess : INFO       
    #14     Time: 2013-06-27-15-40-33.933619-CEST From: NLG        To: HUB        Command: nlg_text_generated() 

2013-06-27-15-40-33.944559-CEST  MainProcess : INFO       
    #16     Time: 2013-06-27-15-40-33.935702-CEST From: TTS        To: HUB        Command: tts_start(user_id="None",text="Dobrý den. Tato experimentální služba je poskytována laboratoří výzkumu hlasových dialogových systémů na Ústavu Formální a Aplikované Lingvistiky na Karlově Univerzitě. Hovor je nahráván. Více informací o této službě je na internetu. Jak Vám mohu pomoci. Můžete například říct chtěla bych jet ze zastávky poliklinika Barandov .") 

2013-06-27-15-40-34.045349-CEST  MainProcess : INFO       
    #18     Time: 2013-06-27-15-40-33.940619-CEST From: VoipIO     To: HUB        Command: play_utterance_start(user_id="None",fname="tts-2013-06-27-15-40-33.935171.wav") 

2013-06-27-15-40-34.745202-CEST  MainProcess : INFO       
    #1619   Time: 2013-06-27-15-40-34.739668-CEST From: TTS        To: HUB        Command: tts_end(user_id="None",text="Dobrý den. Tato experimentální služba je poskytována laboratoří výzkumu hlasových dialogových systémů na Ústavu Formální a Aplikované Lingvistiky na Karlově Univerzitě. Hovor je nahráván. Více informací o této službě je na internetu. Jak Vám mohu pomoci. Můžete například říct chtěla bych jet ze zastávky poliklinika Barandov .",fname="tts-2013-06-27-15-40-33.935171.wav",log="true") 

2013-06-27-15-40-58.675275-CEST  MainProcess : INFO       
    #3108   Time: 2013-06-27-15-40-58.554289-CEST From: VoipIO     To: HUB        Command: play_utterance_end(user_id="None",fname="tts-2013-06-27-15-40-33.935171.wav) 

2013-06-27-15-41-02.690278-CEST  MainProcess : INFO       
    #3366   Time: 2013-06-27-15-41-02.681383-CEST From: VAD        To: HUB        Command: speech_start(fname="vad-2013-06-27-15-41-02.654320.wav") 

2013-06-27-15-41-02.701518-CEST  ASR-3      : DEBUG      
    ASR: speech_start()

2013-06-27-15-41-02.711392-CEST  MainProcess : INFO       
    #3367   Time: 2013-06-27-15-41-02.682399-CEST From: ASR        To: HUB        Command: asr_start() 

2013-06-27-15-41-03.107644-CEST  ASR-3      : DEBUG      
    ASR: speech_end()

2013-06-27-15-41-03.112972-CEST  MainProcess : INFO       
    #3397   Time: 2013-06-27-15-41-03.102875-CEST From: VAD        To: HUB        Command: speech_end(fname="vad-2013-06-27-15-41-02.654320.wav") 

2013-06-27-15-41-03.312030-CEST  MainProcess : INFO       
    #3411   Time: 2013-06-27-15-41-03.306097-CEST From: VAD        To: HUB        Command: speech_start(fname="vad-2013-06-27-15-41-03.290319.wav") 

2013-06-27-15-41-03.361362-CEST  ASR-3      : DEBUG      
    ASR Hypothesis
    ------------------------------------------------------------
    1.000 __other__
    

2013-06-27-15-41-03.380496-CEST  MainProcess : INFO       
    #3416   Time: 2013-06-27-15-41-03.376351-CEST From: ASR        To: HUB        Command: asr_end() 

2013-06-27-15-41-03.385013-CEST  ASR-3      : DEBUG      
    ASR: speech_start()

2013-06-27-15-41-03.390431-CEST  SLU-4      : DEBUG      
    SLU Hypothesis
    ------------------------------------------------------------
    1.000 other()
    

2013-06-27-15-41-03.395341-CEST  MainProcess : INFO       
    #3418   Time: 2013-06-27-15-41-03.379108-CEST From: ASR        To: HUB        Command: asr_start() 

2013-06-27-15-41-03.412639-CEST  MainProcess : INFO       
    #3423   Time: 2013-06-27-15-41-03.408283-CEST From: SLU        To: HUB        Command: slu_parsed() 

2013-06-27-15-41-03.417210-CEST  DM-5       : DEBUG      
    DDDState Dialogue Act in: other()

2013-06-27-15-41-03.421837-CEST  DM-5       : DEBUG      
    Context Resolution - Dialogue Act: other()

2013-06-27-15-41-03.426403-CEST  DM-5       : DEBUG      
    DDDState - Dialogue state content:
    
    lda = other
    
    
    
    

2013-06-27-15-41-03.430834-CEST  DM-5       : DEBUG      
    DDDState
    
    Requested slots:
    {}
    Confirmed slots:
    {}
    Non-informed slots:
    {}

2013-06-27-15-41-03.435305-CEST  DM-5       : DEBUG      
    DM Output
    ------------------------------------------------------------
    notunderstood()&help(repeat)
    

2013-06-27-15-41-03.476572-CEST  MainProcess : INFO       
    #3429   Time: 2013-06-27-15-41-03.472198-CEST From: DM         To: HUB        Command: dm_da_generated() 

2013-06-27-15-41-03.481359-CEST  NLG-6      : DEBUG      
    NLG Output
    ------------------------------------------------------------
    Nerozuměla jsem. Můžete to zopakovat? Můžete mě požádat o zopakování poslední věty.
    

2013-06-27-15-41-03.497284-CEST  MainProcess : INFO       
    #3431   Time: 2013-06-27-15-41-03.492726-CEST From: NLG        To: HUB        Command: nlg_text_generated() 

2013-06-27-15-41-03.502168-CEST  MainProcess : INFO       
    #3433   Time: 2013-06-27-15-41-03.494219-CEST From: TTS        To: HUB        Command: tts_start(user_id="None",text="Nerozuměla jsem. Můžete to zopakovat? Můžete mě požádat o zopakování poslední věty.") 

2013-06-27-15-41-03.515381-CEST  MainProcess : INFO       
    #3435   Time: 2013-06-27-15-41-03.497024-CEST From: VoipIO     To: HUB        Command: play_utterance_start(user_id="None",fname="tts-2013-06-27-15-41-03.493992.wav") 

2013-06-27-15-41-03.929577-CEST  MainProcess : INFO       
    #3930   Time: 2013-06-27-15-41-03.919174-CEST From: TTS        To: HUB        Command: tts_end(user_id="None",text="Nerozuměla jsem. Můžete to zopakovat? Můžete mě požádat o zopakování poslední věty.",fname="tts-2013-06-27-15-41-03.493992.wav",log="true") 

2013-06-27-15-41-05.142122-CEST  ASR-3      : DEBUG      
    ASR: speech_end()

2013-06-27-15-41-05.148741-CEST  MainProcess : INFO       
    #4008   Time: 2013-06-27-15-41-05.137094-CEST From: VAD        To: HUB        Command: speech_end(fname="vad-2013-06-27-15-41-03.290319.wav") 

2013-06-27-15-41-05.658303-CEST  ASR-3      : DEBUG      
    ASR Hypothesis
    ------------------------------------------------------------
    0.844 zastávky dejvická
    0.039 zastávka dejvická
    0.033 zastávky dejvická a
    0.028 zastávky dejvická i
    0.022 zastávky dejvická 3
    0.017 zastávka dejvická a
    0.011 zastávka dejvická i
    0.006 zastávka dejvická 3
    0.000 __other__
    

2013-06-27-15-41-05.679434-CEST  MainProcess : INFO       
    #4041   Time: 2013-06-27-15-41-05.675031-CEST From: ASR        To: HUB        Command: asr_end() 

2013-06-27-15-41-06.526545-CEST  SLU-4      : DEBUG      
    SLU Hypothesis
    ------------------------------------------------------------
    1.000 inform(="Dejvická")
    

2013-06-27-15-41-06.542398-CEST  MainProcess : INFO       
    #4099   Time: 2013-06-27-15-41-06.537202-CEST From: SLU        To: HUB        Command: slu_parsed() 

2013-06-27-15-41-06.546300-CEST  DM-5       : DEBUG      
    DDDState Dialogue Act in: inform(="Dejvická")

2013-06-27-15-41-06.550177-CEST  DM-5       : DEBUG      
    Context Resolution - Dialogue Act: inform(="Dejvická")

2013-06-27-15-41-06.554497-CEST  DM-5       : DEBUG      
    DDDState - Dialogue state content:
    
    lda = none
    alternative = none
    route_alternative = none
    
    
    
    

2013-06-27-15-41-06.558230-CEST  DM-5       : DEBUG      
    DDDState
    
    Requested slots:
    {}
    Confirmed slots:
    {}
    Non-informed slots:
    {}

2013-06-27-15-41-06.561911-CEST  DM-5       : DEBUG      
    DM Output
    ------------------------------------------------------------
    confirm(to_centre="true")
    

2013-06-27-15-41-06.585271-CEST  MainProcess : INFO       
    #4101   Time: 2013-06-27-15-41-06.581438-CEST From: DM         To: HUB        Command: dm_da_generated() 

2013-06-27-15-41-06.588710-CEST  NLG-6      : DEBUG      
    NLG Output
    ------------------------------------------------------------
    Jedete do centra?
    

2013-06-27-15-41-06.602669-CEST  MainProcess : INFO       
    #4107   Time: 2013-06-27-15-41-06.600041-CEST From: NLG        To: HUB        Command: nlg_text_generated() 

2013-06-27-15-41-06.608288-CEST  MainProcess : INFO       
    #4109   Time: 2013-06-27-15-41-06.603899-CEST From: TTS        To: HUB        Command: tts_start(user_id="None",text="Jedete do centra?") 

2013-06-27-15-41-06.631364-CEST  MainProcess : INFO       
    #4212   Time: 2013-06-27-15-41-06.627323-CEST From: TTS        To: HUB        Command: tts_end(user_id="None",text="Jedete do centra?",fname="tts-2013-06-27-15-41-06.601086.wav",log="true") 

2013-06-27-15-41-11.090464-CEST  MainProcess : INFO       
    #4473   Time: 2013-06-27-15-41-10.809569-CEST From: VoipIO     To: HUB        Command: play_utterance_end(user_id="None",fname="tts-2013-06-27-15-41-03.493992.wav) 

2013-06-27-15-41-11.097592-CEST  MainProcess : INFO       
    #4474   Time: 2013-06-27-15-41-10.812164-CEST From: VoipIO     To: HUB        Command: play_utterance_start(user_id="None",fname="tts-2013-06-27-15-41-06.601086.wav") 

2013-06-27-15-41-12.691126-CEST  MainProcess : INFO       
    #4547   Time: 2013-06-27-15-41-11.911289-CEST From: VoipIO     To: HUB        Command: play_utterance_end(user_id="None",fname="tts-2013-06-27-15-41-06.601086.wav) 

2013-06-27-15-41-16.507345-CEST  ASR-3      : DEBUG      
    ASR: speech_start()

2013-06-27-15-41-16.513373-CEST  MainProcess : INFO       
    #4833   Time: 2013-06-27-15-41-16.503485-CEST From: VAD        To: HUB        Command: speech_start(fname="vad-2013-06-27-15-41-16.470518.wav") 

2013-06-27-15-41-16.519738-CEST  MainProcess : INFO       
    #4834   Time: 2013-06-27-15-41-16.503687-CEST From: ASR        To: HUB        Command: asr_start() 

2013-06-27-15-41-17.139579-CEST  MainProcess : INFO       
    #4876   Time: 2013-06-27-15-41-17.130484-CEST From: VAD        To: HUB        Command: speech_end(fname="vad-2013-06-27-15-41-16.470518.wav") 

2013-06-27-15-41-17.150248-CEST  ASR-3      : DEBUG      
    ASR: speech_end()

2013-06-27-15-41-17.497905-CEST  ASR-3      : DEBUG      
    ASR Hypothesis
    ------------------------------------------------------------
    0.799 ano
    0.081 hovno
    0.060 anno
    0.040 ráno
    0.020 ano ne
    0.000 __other__
    

2013-06-27-15-41-17.519113-CEST  MainProcess : INFO       
    #4901   Time: 2013-06-27-15-41-17.514076-CEST From: ASR        To: HUB        Command: asr_end() 

2013-06-27-15-41-17.834663-CEST  SLU-4      : DEBUG      
    SLU Hypothesis
    ------------------------------------------------------------
    0.819 affirm()
    0.181 other()
    0.020 negate()
    

2013-06-27-15-41-17.858888-CEST  MainProcess : INFO       
    #4924   Time: 2013-06-27-15-41-17.855398-CEST From: SLU        To: HUB        Command: slu_parsed() 

2013-06-27-15-41-17.863811-CEST  DM-5       : DEBUG      
    DDDState Dialogue Act in: affirm()

2013-06-27-15-41-17.868110-CEST  DM-5       : DEBUG      
    Context Resolution - Dialogue Act: inform(to_centre="true")&affirm()

2013-06-27-15-41-17.872715-CEST  DM-5       : DEBUG      
    DDDState - Dialogue state content:
    
    lda = none
    alternative = none
    from_centre = none
    from_stop = none
    route_alternative = none
    time = none
    to_centre = true
    to_stop = none
    
    
    
    

2013-06-27-15-41-17.877420-CEST  DM-5       : DEBUG      
    DDDState
    
    Requested slots:
    {}
    Confirmed slots:
    {}
    Non-informed slots:
    {u'to_centre': u'true'}

2013-06-27-15-41-17.882574-CEST  DM-5       : DEBUG      
    DM Output
    ------------------------------------------------------------
    iconfirm(to_centre="true")&request(from_stop)&request(to_stop)
    

2013-06-27-15-41-17.922681-CEST  NLG-6      : DEBUG      
    NLG Output
    ------------------------------------------------------------
    Do centra. Jaká je Vaše výchozí zastávka? Do jaké zastávky chcete jet?
    

2013-06-27-15-41-17.928245-CEST  MainProcess : INFO       
    #4929   Time: 2013-06-27-15-41-17.917318-CEST From: DM         To: HUB        Command: dm_da_generated() 

2013-06-27-15-41-17.946775-CEST  MainProcess : INFO       
    #4935   Time: 2013-06-27-15-41-17.942610-CEST From: NLG        To: HUB        Command: nlg_text_generated() 

2013-06-27-15-41-17.953829-CEST  MainProcess : INFO       
    #4937   Time: 2013-06-27-15-41-17.948306-CEST From: TTS        To: HUB        Command: tts_start(user_id="None",text="Do centra. Jaká je Vaše výchozí zastávka? Do jaké zastávky chcete jet?") 

2013-06-27-15-41-17.979671-CEST  MainProcess : INFO       
    #4939   Time: 2013-06-27-15-41-17.950825-CEST From: VoipIO     To: HUB        Command: play_utterance_start(user_id="None",fname="tts-2013-06-27-15-41-17.944728.wav") 

2013-06-27-15-41-18.120099-CEST  MainProcess : INFO       
    #5349   Time: 2013-06-27-15-41-18.111617-CEST From: TTS        To: HUB        Command: tts_end(user_id="None",text="Do centra. Jaká je Vaše výchozí zastávka? Do jaké zastávky chcete jet?",fname="tts-2013-06-27-15-41-17.944728.wav",log="true") 

2013-06-27-15-41-23.241425-CEST  MainProcess : INFO       
    #5673   Time: 2013-06-27-15-41-23.236240-CEST From: VAD        To: HUB        Command: speech_start(fname="vad-2013-06-27-15-41-23.191574.wav") 

2013-06-27-15-41-23.246510-CEST  ASR-3      : DEBUG      
    ASR: speech_start()

2013-06-27-15-41-23.273742-CEST  MainProcess : INFO       
    #5675   Time: 2013-06-27-15-41-23.237586-CEST From: ASR        To: HUB        Command: asr_start() 

2013-06-27-15-41-23.279467-CEST  NLG-6      : DEBUG      
    #5677   Time: 2013-06-27-15-41-23.267649-CEST From: HUB        To: NLG        Command: flush() 

2013-06-27-15-41-23.287862-CEST  MainProcess : INFO       
    #5678   Time: 2013-06-27-15-41-23.281075-CEST From: NLG        To: HUB        Command: flushed() 

2013-06-27-15-41-23.295042-CEST  TTS-7      : DEBUG      
    #5679   Time: 2013-06-27-15-41-23.289522-CEST From: HUB        To: TTS        Command: flush() 

2013-06-27-15-41-23.303226-CEST  MainProcess : INFO       
    #5682   Time: 2013-06-27-15-41-23.296592-CEST From: TTS        To: HUB        Command: flushed() 

2013-06-27-15-41-23.309645-CEST  VoipIO-1   : DEBUG      
    #5685   Time: 2013-06-27-15-41-23.304690-CEST From: HUB        To: VIO        Command: flush_out() 

2013-06-27-15-41-23.315007-CEST  MainProcess : INFO       
    #5686   Time: 2013-06-27-15-41-23.311043-CEST From: VoipIO     To: HUB        Command: flushed_out() 

2013-06-27-15-41-23.738053-CEST  ASR-3      : DEBUG      
    ASR: speech_end()

2013-06-27-15-41-23.743001-CEST  MainProcess : INFO       
    #5712   Time: 2013-06-27-15-41-23.734283-CEST From: VAD        To: HUB        Command: speech_end(fname="vad-2013-06-27-15-41-23.191574.wav") 

2013-06-27-15-41-23.975071-CEST  ASR-3      : DEBUG      
    ASR Hypothesis
    ------------------------------------------------------------
    1.000 __other__
    

2013-06-27-15-41-24.011212-CEST  MainProcess : INFO       
    #5731   Time: 2013-06-27-15-41-24.001343-CEST From: ASR        To: HUB        Command: asr_end() 

2013-06-27-15-41-24.023407-CEST  SLU-4      : DEBUG      
    SLU Hypothesis
    ------------------------------------------------------------
    1.000 other()
    

2013-06-27-15-41-24.052172-CEST  MainProcess : INFO       
    #5735   Time: 2013-06-27-15-41-24.047408-CEST From: SLU        To: HUB        Command: slu_parsed() 

2013-06-27-15-41-24.057266-CEST  DM-5       : DEBUG      
    DDDState Dialogue Act in: other()

2013-06-27-15-41-24.061991-CEST  DM-5       : DEBUG      
    Context Resolution - Dialogue Act: other()

2013-06-27-15-41-24.067557-CEST  DM-5       : DEBUG      
    DDDState - Dialogue state content:
    
    lda = other
    alternative = none
    from_centre = none
    from_stop = none
    route_alternative = none
    time = none
    to_centre = true
    to_stop = none
    
    rh_to_centre = system-informed
    
    ch_to_centre = system-informed
    
    sh_to_centre = system-informed
    

2013-06-27-15-41-24.072628-CEST  DM-5       : DEBUG      
    DDDState
    
    Requested slots:
    {}
    Confirmed slots:
    {}
    Non-informed slots:
    {}

2013-06-27-15-41-24.078604-CEST  DM-5       : DEBUG      
    DM Output
    ------------------------------------------------------------
    notunderstood()&help(inform="from_stop")
    

2013-06-27-15-41-24.127900-CEST  MainProcess : INFO       
    #5741   Time: 2013-06-27-15-41-24.123273-CEST From: DM         To: HUB        Command: dm_da_generated() 

2013-06-27-15-41-24.132700-CEST  NLG-6      : DEBUG      
    NLG Output
    ------------------------------------------------------------
    Promiňte, nerozuměla jsem. Můžete to zopakovat? Můžete například říct z Anděla.
    

2013-06-27-15-41-24.159707-CEST  MainProcess : INFO       
    #5747   Time: 2013-06-27-15-41-24.154218-CEST From: NLG        To: HUB        Command: nlg_text_generated() 

2013-06-27-15-41-24.167514-CEST  MainProcess : INFO       
    #5749   Time: 2013-06-27-15-41-24.161210-CEST From: TTS        To: HUB        Command: tts_start(user_id="None",text="Promiňte, nerozuměla jsem. Můžete to zopakovat? Můžete například říct z Anděla.") 

2013-06-27-15-41-24.197528-CEST  MainProcess : INFO       
    #5751   Time: 2013-06-27-15-41-24.164006-CEST From: VoipIO     To: HUB        Command: play_utterance_start(user_id="None",fname="tts-2013-06-27-15-41-24.156133.wav") 

2013-06-27-15-41-24.324229-CEST  MainProcess : INFO       
    #6206   Time: 2013-06-27-15-41-24.315505-CEST From: TTS        To: HUB        Command: tts_end(user_id="None",text="Promiňte, nerozuměla jsem. Můžete to zopakovat? Můžete například říct z Anděla.",fname="tts-2013-06-27-15-41-24.156133.wav",log="true") 

2013-06-27-15-41-25.591923-CEST  ASR-3      : DEBUG      
    ASR: speech_start()

2013-06-27-15-41-25.596973-CEST  MainProcess : INFO       
    #6288   Time: 2013-06-27-15-41-25.587526-CEST From: VAD        To: HUB        Command: speech_start(fname="vad-2013-06-27-15-41-25.547993.wav") 

2013-06-27-15-41-25.634333-CEST  NLG-6      : DEBUG      
    #6294   Time: 2013-06-27-15-41-25.629058-CEST From: HUB        To: NLG        Command: flush() 

2013-06-27-15-41-25.641274-CEST  MainProcess : INFO       
    #6289   Time: 2013-06-27-15-41-25.588045-CEST From: ASR        To: HUB        Command: asr_start() 

2013-06-27-15-41-25.646559-CEST  MainProcess : INFO       
    #6295   Time: 2013-06-27-15-41-25.636610-CEST From: NLG        To: HUB        Command: flushed() 

2013-06-27-15-41-25.653802-CEST  TTS-7      : DEBUG      
    #6296   Time: 2013-06-27-15-41-25.647844-CEST From: HUB        To: TTS        Command: flush() 

2013-06-27-15-41-25.660341-CEST  MainProcess : INFO       
    #6297   Time: 2013-06-27-15-41-25.655129-CEST From: TTS        To: HUB        Command: flushed() 

2013-06-27-15-41-25.666087-CEST  VoipIO-1   : DEBUG      
    #6298   Time: 2013-06-27-15-41-25.661785-CEST From: HUB        To: VIO        Command: flush_out() 

2013-06-27-15-41-25.672020-CEST  MainProcess : INFO       
    #6299   Time: 2013-06-27-15-41-25.667645-CEST From: VoipIO     To: HUB        Command: flushed_out() 

2013-06-27-15-41-25.955990-CEST  MainProcess : INFO       
    #6321   Time: 2013-06-27-15-41-25.952194-CEST From: VAD        To: HUB        Command: speech_end(fname="vad-2013-06-27-15-41-25.547993.wav") 

2013-06-27-15-41-25.960372-CEST  ASR-3      : DEBUG      
    ASR: speech_end()

2013-06-27-15-41-26.402396-CEST  ASR-3      : DEBUG      
    ASR Hypothesis
    ------------------------------------------------------------
    1.000 __other__
    

2013-06-27-15-41-26.430022-CEST  MainProcess : INFO       
    #6350   Time: 2013-06-27-15-41-26.425023-CEST From: ASR        To: HUB        Command: asr_end() 

2013-06-27-15-41-26.434512-CEST  SLU-4      : DEBUG      
    SLU Hypothesis
    ------------------------------------------------------------
    1.000 other()
    

2013-06-27-15-41-26.471085-CEST  MainProcess : INFO       
    #6356   Time: 2013-06-27-15-41-26.466692-CEST From: SLU        To: HUB        Command: slu_parsed() 

2013-06-27-15-41-26.476344-CEST  DM-5       : DEBUG      
    DDDState Dialogue Act in: other()

2013-06-27-15-41-26.481226-CEST  DM-5       : DEBUG      
    Context Resolution - Dialogue Act: other()

2013-06-27-15-41-26.486065-CEST  DM-5       : DEBUG      
    DDDState - Dialogue state content:
    
    lda = other
    alternative = none
    from_centre = none
    from_stop = none
    route_alternative = none
    time = none
    to_centre = true
    to_stop = none
    
    rh_to_centre = system-informed
    
    ch_to_centre = system-informed
    
    sh_to_centre = system-informed
    

2013-06-27-15-41-26.490578-CEST  DM-5       : DEBUG      
    DDDState
    
    Requested slots:
    {}
    Confirmed slots:
    {}
    Non-informed slots:
    {}

2013-06-27-15-41-26.495252-CEST  DM-5       : DEBUG      
    DM Output
    ------------------------------------------------------------
    notunderstood()&help(inform="from_stop")
    

2013-06-27-15-41-26.550216-CEST  MainProcess : INFO       
    #6362   Time: 2013-06-27-15-41-26.544993-CEST From: DM         To: HUB        Command: dm_da_generated() 

2013-06-27-15-41-26.554707-CEST  NLG-6      : DEBUG      
    NLG Output
    ------------------------------------------------------------
    Nerozuměla jsem. Můžete to zopakovat? Můžete například říct z Anděla.
    

2013-06-27-15-41-26.582573-CEST  MainProcess : INFO       
    #6368   Time: 2013-06-27-15-41-26.578432-CEST From: NLG        To: HUB        Command: nlg_text_generated() 

2013-06-27-15-41-26.590651-CEST  MainProcess : INFO       
    #6370   Time: 2013-06-27-15-41-26.584073-CEST From: TTS        To: HUB        Command: tts_start(user_id="None",text="Nerozuměla jsem. Můžete to zopakovat? Můžete například říct z Anděla.") 

2013-06-27-15-41-26.621399-CEST  MainProcess : INFO       
    #6372   Time: 2013-06-27-15-41-26.587134-CEST From: VoipIO     To: HUB        Command: play_utterance_start(user_id="None",fname="tts-2013-06-27-15-41-26.580246.wav") 

2013-06-27-15-41-26.691625-CEST  MainProcess : INFO       
    #6773   Time: 2013-06-27-15-41-26.684675-CEST From: TTS        To: HUB        Command: tts_end(user_id="None",text="Nerozuměla jsem. Můžete to zopakovat? Můžete například říct z Anděla.",fname="tts-2013-06-27-15-41-26.580246.wav",log="true") 

2013-06-27-15-41-32.850540-CEST  MainProcess : INFO       
    #7154   Time: 2013-06-27-15-41-32.739794-CEST From: VoipIO     To: HUB        Command: play_utterance_end(user_id="None",fname="tts-2013-06-27-15-41-26.580246.wav) 

2013-06-27-15-41-36.494932-CEST  MainProcess : INFO       
    #7392   Time: 2013-06-27-15-41-36.489859-CEST From: VAD        To: HUB        Command: speech_start(fname="vad-2013-06-27-15-41-36.439597.wav") 

2013-06-27-15-41-36.500375-CEST  ASR-3      : DEBUG      
    ASR: speech_start()

2013-06-27-15-41-36.505402-CEST  MainProcess : INFO       
    #7393   Time: 2013-06-27-15-41-36.491764-CEST From: ASR        To: HUB        Command: asr_start() 

2013-06-27-15-41-37.298512-CEST  ASR-3      : DEBUG      
    ASR: speech_end()

2013-06-27-15-41-37.303681-CEST  MainProcess : INFO       
    #7443   Time: 2013-06-27-15-41-37.293012-CEST From: VAD        To: HUB        Command: speech_end(fname="vad-2013-06-27-15-41-36.439597.wav") 

2013-06-27-15-41-37.710853-CEST  ASR-3      : DEBUG      
    ASR Hypothesis
    ------------------------------------------------------------
    0.700 dejvická
    0.120 typická
    0.090 spiritka
    0.060 ivetka
    0.030 dejvická a
    0.000 __other__
    

2013-06-27-15-41-37.748286-CEST  MainProcess : INFO       
    #7472   Time: 2013-06-27-15-41-37.742738-CEST From: ASR        To: HUB        Command: asr_end() 

2013-06-27-15-41-38.067193-CEST  SLU-4      : DEBUG      
    SLU Hypothesis
    ------------------------------------------------------------
    0.730 inform(="Dejvická")
    0.180 other()
    0.090 inform(="Spiritka")
    

2013-06-27-15-41-38.099071-CEST  MainProcess : INFO       
    #7498   Time: 2013-06-27-15-41-38.093900-CEST From: SLU        To: HUB        Command: slu_parsed() 

2013-06-27-15-41-38.103986-CEST  DM-5       : DEBUG      
    DDDState Dialogue Act in: inform(="Dejvická")

2013-06-27-15-41-38.108586-CEST  DM-5       : DEBUG      
    Context Resolution - Dialogue Act: inform(="Dejvická")

2013-06-27-15-41-38.113537-CEST  DM-5       : DEBUG      
    DDDState - Dialogue state content:
    
    lda = none
    alternative = none
    from_centre = none
    from_stop = none
    route_alternative = none
    time = none
    to_centre = true
    to_stop = none
    
    rh_to_centre = system-informed
    
    ch_to_centre = system-informed
    
    sh_to_centre = system-informed
    

2013-06-27-15-41-38.118208-CEST  DM-5       : DEBUG      
    DDDState
    
    Requested slots:
    {}
    Confirmed slots:
    {}
    Non-informed slots:
    {}

2013-06-27-15-41-38.122840-CEST  DM-5       : DEBUG      
    DM Output
    ------------------------------------------------------------
    request(from_stop)
    

2013-06-27-15-41-38.185498-CEST  MainProcess : INFO       
    #7504   Time: 2013-06-27-15-41-38.180345-CEST From: DM         To: HUB        Command: dm_da_generated() 

2013-06-27-15-41-38.191024-CEST  NLG-6      : DEBUG      
    NLG Output
    ------------------------------------------------------------
    Odkud chcete jet?
    

2013-06-27-15-41-38.228634-CEST  MainProcess : INFO       
    #7510   Time: 2013-06-27-15-41-38.222930-CEST From: NLG        To: HUB        Command: nlg_text_generated() 

2013-06-27-15-41-38.232963-CEST  MainProcess : INFO       
    #7512   Time: 2013-06-27-15-41-38.224500-CEST From: TTS        To: HUB        Command: tts_start(user_id="None",text="Odkud chcete jet?") 

2013-06-27-15-41-38.264864-CEST  MainProcess : INFO       
    #7514   Time: 2013-06-27-15-41-38.225681-CEST From: VoipIO     To: HUB        Command: play_utterance_start(user_id="None",fname="tts-2013-06-27-15-41-38.224286.wav") 

2013-06-27-15-41-38.310777-CEST  MainProcess : INFO       
    #7634   Time: 2013-06-27-15-41-38.304746-CEST From: TTS        To: HUB        Command: tts_end(user_id="None",text="Odkud chcete jet?",fname="tts-2013-06-27-15-41-38.224286.wav",log="true") 

2013-06-27-15-41-40.146145-CEST  MainProcess : INFO       
    #7699   Time: 2013-06-27-15-41-39.311801-CEST From: VoipIO     To: HUB        Command: play_utterance_end(user_id="None",fname="tts-2013-06-27-15-41-38.224286.wav) 

2013-06-27-15-41-43.409213-CEST  ASR-3      : DEBUG      
    ASR: speech_start()

2013-06-27-15-41-43.414516-CEST  MainProcess : INFO       
    #7957   Time: 2013-06-27-15-41-43.403402-CEST From: VAD        To: HUB        Command: speech_start(fname="vad-2013-06-27-15-41-43.350454.wav") 

2013-06-27-15-41-43.421439-CEST  MainProcess : INFO       
    #7958   Time: 2013-06-27-15-41-43.404919-CEST From: ASR        To: HUB        Command: asr_start() 

2013-06-27-15-41-44.351269-CEST  ASR-3      : DEBUG      
    ASR: speech_end()

2013-06-27-15-41-44.356455-CEST  MainProcess : INFO       
    #8016   Time: 2013-06-27-15-41-44.345857-CEST From: VAD        To: HUB        Command: speech_end(fname="vad-2013-06-27-15-41-43.350454.wav") 

2013-06-27-15-41-44.722171-CEST  ASR-3      : DEBUG      
    ASR Hypothesis
    ------------------------------------------------------------
    0.816 dejvická
    0.046 indická
    0.039 lidická
    0.033 dejvická a
    0.026 dejvická i
    0.020 indická i
    0.013 lidická i
    0.007 dejvická a i
    

2013-06-27-15-41-44.764127-CEST  MainProcess : INFO       
    #8045   Time: 2013-06-27-15-41-44.760213-CEST From: ASR        To: HUB        Command: asr_end() 

2013-06-27-15-41-45.279640-CEST  SLU-4      : DEBUG      
    SLU Hypothesis
    ------------------------------------------------------------
    0.882 inform(="Dejvická")
    0.118 other()
    

2013-06-27-15-41-45.315217-CEST  MainProcess : INFO       
    #8079   Time: 2013-06-27-15-41-45.310846-CEST From: SLU        To: HUB        Command: slu_parsed() 

2013-06-27-15-41-45.320552-CEST  DM-5       : DEBUG      
    DDDState Dialogue Act in: inform(="Dejvická")

2013-06-27-15-41-45.326246-CEST  DM-5       : DEBUG      
    Context Resolution - Dialogue Act: inform(from_stop="Dejvická")&inform(="Dejvická")

2013-06-27-15-41-45.331897-CEST  DM-5       : DEBUG      
    DDDState - Dialogue state content:
    
    lda = none
    alternative = none
    from_centre = none
    from_stop = Dejvická
    route_alternative = none
    time = none
    to_centre = true
    to_stop = none
    
    rh_to_centre = system-informed
    
    ch_to_centre = system-informed
    
    sh_to_centre = system-informed
    

2013-06-27-15-41-45.337177-CEST  DM-5       : DEBUG      
    DDDState
    
    Requested slots:
    {}
    Confirmed slots:
    {}
    Non-informed slots:
    {u'from_stop': u'Dejvick\xe1'}

2013-06-27-15-41-45.342325-CEST  DM-5       : DEBUG      
    DM Output
    ------------------------------------------------------------
    iconfirm(from_stop="Dejvická")&request(to_stop)
    

2013-06-27-15-41-45.432593-CEST  MainProcess : INFO       
    #8089   Time: 2013-06-27-15-41-45.427605-CEST From: DM         To: HUB        Command: dm_da_generated() 

2013-06-27-15-41-45.437452-CEST  NLG-6      : DEBUG      
    NLG Output
    ------------------------------------------------------------
    Ze zastávky Dejvická. Do jaké zastávky chcete jet?
    

2013-06-27-15-41-45.473879-CEST  MainProcess : INFO       
    #8095   Time: 2013-06-27-15-41-45.467959-CEST From: NLG        To: HUB        Command: nlg_text_generated() 

2013-06-27-15-41-45.479032-CEST  MainProcess : INFO       
    #8097   Time: 2013-06-27-15-41-45.469469-CEST From: TTS        To: HUB        Command: tts_start(user_id="None",text="Ze zastávky Dejvická. Do jaké zastávky chcete jet?") 

2013-06-27-15-41-45.524518-CEST  MainProcess : INFO       
    #8099   Time: 2013-06-27-15-41-45.472472-CEST From: VoipIO     To: HUB        Command: play_utterance_start(user_id="None",fname="tts-2013-06-27-15-41-45.469282.wav") 

2013-06-27-15-41-45.557636-CEST  MainProcess : INFO       
    #8397   Time: 2013-06-27-15-41-45.550710-CEST From: TTS        To: HUB        Command: tts_end(user_id="None",text="Ze zastávky Dejvická. Do jaké zastávky chcete jet?",fname="tts-2013-06-27-15-41-45.469282.wav",log="true") 

2013-06-27-15-41-50.194867-CEST  MainProcess : INFO       
    #8666   Time: 2013-06-27-15-41-49.806175-CEST From: VoipIO     To: HUB        Command: play_utterance_end(user_id="None",fname="tts-2013-06-27-15-41-45.469282.wav) 

2013-06-27-15-41-52.264076-CEST  MainProcess : INFO       
    #8820   Time: 2013-06-27-15-41-52.253622-CEST From: VAD        To: HUB        Command: speech_start(fname="vad-2013-06-27-15-41-52.119415.wav") 

2013-06-27-15-41-52.275959-CEST  ASR-3      : DEBUG      
    ASR: speech_start()

2013-06-27-15-41-52.294980-CEST  MainProcess : INFO       
    #8821   Time: 2013-06-27-15-41-52.255670-CEST From: ASR        To: HUB        Command: asr_start() 

2013-06-27-15-41-53.045127-CEST  MainProcess : INFO       
    #8871   Time: 2013-06-27-15-41-53.040627-CEST From: VAD        To: HUB        Command: speech_end(fname="vad-2013-06-27-15-41-52.119415.wav") 

2013-06-27-15-41-53.050354-CEST  ASR-3      : DEBUG      
    ASR: speech_end()

2013-06-27-15-41-53.450911-CEST  ASR-3      : DEBUG      
    ASR Hypothesis
    ------------------------------------------------------------
    0.791 anděl
    0.060 hnízdil
    0.050 anděl i
    0.040 hnědel
    0.030 hnízdil i
    0.020 hnědel i
    0.010 haněl i
    0.000 __other__
    

2013-06-27-15-41-53.502581-CEST  MainProcess : INFO       
    #8900   Time: 2013-06-27-15-41-53.497483-CEST From: ASR        To: HUB        Command: asr_end() 

2013-06-27-15-41-53.978553-CEST  SLU-4      : DEBUG      
    SLU Hypothesis
    ------------------------------------------------------------
    0.840 inform(="Anděl")
    0.160 other()
    

2013-06-27-15-41-54.018104-CEST  MainProcess : INFO       
    #8934   Time: 2013-06-27-15-41-54.013482-CEST From: SLU        To: HUB        Command: slu_parsed() 

2013-06-27-15-41-54.022980-CEST  DM-5       : DEBUG      
    DDDState Dialogue Act in: inform(="Anděl")

2013-06-27-15-41-54.027881-CEST  DM-5       : DEBUG      
    Context Resolution - Dialogue Act: inform(to_stop="Anděl")&inform(="Anděl")

2013-06-27-15-41-54.032809-CEST  DM-5       : DEBUG      
    DDDState - Dialogue state content:
    
    lda = none
    alternative = none
    from_centre = none
    from_stop = Dejvická
    route_alternative = none
    time = none
    to_centre = true
    to_stop = Anděl
    
    rh_from_stop = system-informed
    rh_to_centre = system-informed
    
    ch_from_stop = system-informed
    ch_to_centre = system-informed
    
    sh_from_stop = system-informed
    sh_to_centre = system-informed
    

2013-06-27-15-41-54.037707-CEST  DM-5       : DEBUG      
    DDDState
    
    Requested slots:
    {}
    Confirmed slots:
    {}
    Non-informed slots:
    {u'to_stop': u'And\u011bl'}

2013-06-27-15-41-54.428823-CEST  DM-5       : DEBUG      
    DM Output
    ------------------------------------------------------------
    iconfirm(to_stop="Anděl")&inform(found_directions="true")&inform(alternative="1")&inform(vehicle="TRAM")&inform(line="20")&inform(go_at="03:50")&inform(enter_at="Hradčanská")&inform(headsign="Sídliště Barrandov")&inform(exit_at="Anděl")
    

2013-06-27-15-41-54.571309-CEST  MainProcess : INFO       
    #8972   Time: 2013-06-27-15-41-54.566984-CEST From: DM         To: HUB        Command: dm_da_generated() 

2013-06-27-15-41-54.664045-CEST  NLG-6      : DEBUG      
    NLG Output
    ------------------------------------------------------------
    Dobře, do zastávky Anděl. Našla jsem následující spojení. Možnost první. Jeďte tramvají číslo 20 v 03:50 ze zastávky Hradčanská směrem Sídliště Barrandov. Vystupte na zastávce Anděl.
    

2013-06-27-15-41-54.705476-CEST  MainProcess : INFO       
    #8982   Time: 2013-06-27-15-41-54.701491-CEST From: NLG        To: HUB        Command: nlg_text_generated() 

2013-06-27-15-41-54.712971-CEST  MainProcess : INFO       
    #8984   Time: 2013-06-27-15-41-54.707144-CEST From: TTS        To: HUB        Command: tts_start(user_id="None",text="Dobře, do zastávky Anděl. Našla jsem následující spojení. Možnost první. Jeďte tramvají číslo 20 v 03:50 ze zastávky Hradčanská směrem Sídliště Barrandov. Vystupte na zastávce Anděl.") 

2013-06-27-15-41-54.756425-CEST  MainProcess : INFO       
    #8986   Time: 2013-06-27-15-41-54.711170-CEST From: VoipIO     To: HUB        Command: play_utterance_start(user_id="None",fname="tts-2013-06-27-15-41-54.703268.wav") 

2013-06-27-15-41-59.304566-CEST  MainProcess : INFO       
    #10356  Time: 2013-06-27-15-41-59.284544-CEST From: TTS        To: HUB        Command: tts_end(user_id="None",text="Dobře, do zastávky Anděl. Našla jsem následující spojení. Možnost první. Jeďte tramvají číslo 20 v 03:50 ze zastávky Hradčanská směrem Sídliště Barrandov. Vystupte na zastávce Anděl.",fname="tts-2013-06-27-15-41-54.703268.wav",log="true") 

2013-06-27-15-42-12.019908-CEST  MainProcess : INFO       
    #11137  Time: 2013-06-27-15-42-11.793097-CEST From: VoipIO     To: HUB        Command: play_utterance_end(user_id="None",fname="tts-2013-06-27-15-41-54.703268.wav) 

2013-06-27-15-42-17.585999-CEST  MainProcess : INFO       
    #11503  Time: 2013-06-27-15-42-17.581409-CEST From: VAD        To: HUB        Command: speech_start(fname="vad-2013-06-27-15-42-17.507949.wav") 

2013-06-27-15-42-17.591268-CEST  ASR-3      : DEBUG      
    ASR: speech_start()

2013-06-27-15-42-17.596480-CEST  MainProcess : INFO       
    #11504  Time: 2013-06-27-15-42-17.581948-CEST From: ASR        To: HUB        Command: asr_start() 

2013-06-27-15-42-18.388210-CEST  ASR-3      : DEBUG      
    ASR: speech_end()

2013-06-27-15-42-18.392889-CEST  MainProcess : INFO       
    #11554  Time: 2013-06-27-15-42-18.384485-CEST From: VAD        To: HUB        Command: speech_end(fname="vad-2013-06-27-15-42-17.507949.wav") 

2013-06-27-15-42-18.812912-CEST  ASR-3      : DEBUG      
    ASR Hypothesis
    ------------------------------------------------------------
    0.612 opakuj
    0.155 opakuji
    0.116 opakujte
    0.078 opakují
    0.039 opakuju
    0.000 __other__
    

2013-06-27-15-42-18.858810-CEST  MainProcess : INFO       
    #11586  Time: 2013-06-27-15-42-18.852411-CEST From: ASR        To: HUB        Command: asr_end() 

2013-06-27-15-42-19.189568-CEST  SLU-4      : DEBUG      
    SLU Hypothesis
    ------------------------------------------------------------
    0.806 repeat()
    0.194 other()
    

2013-06-27-15-42-19.233812-CEST  MainProcess : INFO       
    #11609  Time: 2013-06-27-15-42-19.229135-CEST From: SLU        To: HUB        Command: slu_parsed() 

2013-06-27-15-42-19.238252-CEST  DM-5       : DEBUG      
    DDDState Dialogue Act in: repeat()

2013-06-27-15-42-19.242846-CEST  DM-5       : DEBUG      
    Context Resolution - Dialogue Act: repeat()

2013-06-27-15-42-19.248243-CEST  DM-5       : DEBUG      
    DDDState - Dialogue state content:
    
    lda = repeat
    alternative = none
    from_centre = none
    from_stop = Dejvická
    route_alternative = 0
    time = none
    to_centre = true
    to_stop = Anděl
    
    rh_alternative = system-informed
    rh_enter_at = system-informed
    rh_exit_at = system-informed
    rh_found_directions = system-informed
    rh_from_stop = system-informed
    rh_go_at = system-informed
    rh_headsign = system-informed
    rh_line = system-informed
    rh_to_centre = system-informed
    rh_to_stop = system-informed
    rh_vehicle = system-informed
    
    ch_alternative = system-informed
    ch_enter_at = system-informed
    ch_exit_at = system-informed
    ch_found_directions = system-informed
    ch_from_stop = system-informed
    ch_go_at = system-informed
    ch_headsign = system-informed
    ch_line = system-informed
    ch_to_centre = system-informed
    ch_to_stop = system-informed
    ch_vehicle = system-informed
    
    sh_alternative = system-informed
    sh_enter_at = system-informed
    sh_exit_at = system-informed
    sh_found_directions = system-informed
    sh_from_stop = system-informed
    sh_go_at = system-informed
    sh_headsign = system-informed
    sh_line = system-informed
    sh_to_centre = system-informed
    sh_to_stop = system-informed
    sh_vehicle = system-informed
    

2013-06-27-15-42-19.253049-CEST  DM-5       : DEBUG      
    DDDState
    
    Requested slots:
    {}
    Confirmed slots:
    {}
    Non-informed slots:
    {u'route_alternative': 0}

2013-06-27-15-42-19.257334-CEST  DM-5       : DEBUG      
    DM Output
    ------------------------------------------------------------
    irepeat()
    

2013-06-27-15-42-19.339921-CEST  MainProcess : INFO       
    #11619  Time: 2013-06-27-15-42-19.333682-CEST From: DM         To: HUB        Command: dm_da_generated() 

2013-06-27-15-42-19.348947-CEST  NLG-6      : DEBUG      
    NLG Output
    ------------------------------------------------------------
    Dobře, do zastávky Anděl. Našla jsem následující spojení. Možnost první. Jeďte tramvají číslo 20 v 03:50 ze zastávky Hradčanská směrem Sídliště Barrandov. Vystupte na zastávce Anděl.
    

2013-06-27-15-42-19.461963-CEST  MainProcess : INFO       
    #11629  Time: 2013-06-27-15-42-19.457413-CEST From: NLG        To: HUB        Command: nlg_text_generated() 

2013-06-27-15-42-19.669882-CEST  MainProcess : INFO       
    #11631  Time: 2013-06-27-15-42-19.463569-CEST From: TTS        To: HUB        Command: tts_start(user_id="None",text="Dobře, do zastávky Anděl. Našla jsem následující spojení. Možnost první. Jeďte tramvají číslo 20 v 03:50 ze zastávky Hradčanská směrem Sídliště Barrandov. Vystupte na zastávce Anděl.") 

2013-06-27-15-42-19.676540-CEST  MainProcess : INFO       
    #11633  Time: 2013-06-27-15-42-19.465827-CEST From: VoipIO     To: HUB        Command: play_utterance_start(user_id="None",fname="tts-2013-06-27-15-42-19.458627.wav") 

2013-06-27-15-42-19.898555-CEST  MainProcess : INFO       
    #12743  Time: 2013-06-27-15-42-19.885824-CEST From: TTS        To: HUB        Command: tts_end(user_id="None",text="Dobře, do zastávky Anděl. Našla jsem následující spojení. Možnost první. Jeďte tramvají číslo 20 v 03:50 ze zastávky Hradčanská směrem Sídliště Barrandov. Vystupte na zastávce Anděl.",fname="tts-2013-06-27-15-42-19.458627.wav",log="true") 

2013-06-27-15-42-36.980972-CEST  MainProcess : INFO       
    #13808  Time: 2013-06-27-15-42-36.914311-CEST From: VoipIO     To: HUB        Command: play_utterance_end(user_id="None",fname="tts-2013-06-27-15-42-19.458627.wav) 

2013-06-27-15-42-44.864261-CEST  ASR-3      : DEBUG      
    ASR: speech_start()

2013-06-27-15-42-44.869479-CEST  MainProcess : INFO       
    #14306  Time: 2013-06-27-15-42-44.859582-CEST From: VAD        To: HUB        Command: speech_start(fname="vad-2013-06-27-15-42-44.781788.wav") 

2013-06-27-15-42-44.876471-CEST  MainProcess : INFO       
    #14307  Time: 2013-06-27-15-42-44.860136-CEST From: ASR        To: HUB        Command: asr_start() 

2013-06-27-15-42-45.678871-CEST  MainProcess : INFO       
    #14361  Time: 2013-06-27-15-42-45.674756-CEST From: VAD        To: HUB        Command: speech_end(fname="vad-2013-06-27-15-42-44.781788.wav") 

2013-06-27-15-42-45.683866-CEST  ASR-3      : DEBUG      
    ASR: speech_end()

2013-06-27-15-42-45.995169-CEST  ASR-3      : DEBUG      
    ASR Hypothesis
    ------------------------------------------------------------
    0.777 další
    0.149 dalším
    0.074 další vtip
    0.000 __other__
    

2013-06-27-15-42-46.053689-CEST  MainProcess : INFO       
    #14383  Time: 2013-06-27-15-42-46.049437-CEST From: ASR        To: HUB        Command: asr_end() 

2013-06-27-15-42-46.236762-CEST  SLU-4      : DEBUG      
    SLU Hypothesis
    ------------------------------------------------------------
    0.851 reqalts()
    0.149 other()
    

2013-06-27-15-42-46.297000-CEST  MainProcess : INFO       
    #14400  Time: 2013-06-27-15-42-46.293532-CEST From: SLU        To: HUB        Command: slu_parsed() 

2013-06-27-15-42-46.301579-CEST  DM-5       : DEBUG      
    DDDState Dialogue Act in: reqalts()

2013-06-27-15-42-46.306402-CEST  DM-5       : DEBUG      
    Context Resolution - Dialogue Act: reqalts()

2013-06-27-15-42-46.313069-CEST  DM-5       : DEBUG      
    DDDState - Dialogue state content:
    
    lda = reqalts
    alternative = none
    from_centre = none
    from_stop = Dejvická
    route_alternative = 0
    time = none
    to_centre = true
    to_stop = Anděl
    
    rh_alternative = system-informed
    rh_enter_at = system-informed
    rh_exit_at = system-informed
    rh_found_directions = system-informed
    rh_from_stop = system-informed
    rh_go_at = system-informed
    rh_headsign = system-informed
    rh_line = system-informed
    rh_to_centre = system-informed
    rh_to_stop = system-informed
    rh_vehicle = system-informed
    
    ch_alternative = system-informed
    ch_enter_at = system-informed
    ch_exit_at = system-informed
    ch_found_directions = system-informed
    ch_from_stop = system-informed
    ch_go_at = system-informed
    ch_headsign = system-informed
    ch_line = system-informed
    ch_to_centre = system-informed
    ch_to_stop = system-informed
    ch_vehicle = system-informed
    
    sh_alternative = system-informed
    sh_enter_at = system-informed
    sh_exit_at = system-informed
    sh_found_directions = system-informed
    sh_from_stop = system-informed
    sh_go_at = system-informed
    sh_headsign = system-informed
    sh_line = system-informed
    sh_to_centre = system-informed
    sh_to_stop = system-informed
    sh_vehicle = system-informed
    

2013-06-27-15-42-46.319187-CEST  DM-5       : DEBUG      
    DDDState
    
    Requested slots:
    {}
    Confirmed slots:
    {}
    Non-informed slots:
    {u'route_alternative': 0}

2013-06-27-15-42-46.676129-CEST  DM-5       : DEBUG      
    DM Output
    ------------------------------------------------------------
    inform(found_directions="true")&inform(alternative="2")&inform(vehicle="TRAM")&inform(line="12")&inform(go_at="03:58")&inform(enter_at="Hradčanská")&inform(headsign="Sídliště Barrandov")&inform(exit_at="Anděl")
    

2013-06-27-15-42-46.759538-CEST  MainProcess : INFO       
    #14432  Time: 2013-06-27-15-42-46.754921-CEST From: DM         To: HUB        Command: dm_da_generated() 

2013-06-27-15-42-46.843463-CEST  NLG-6      : DEBUG      
    NLG Output
    ------------------------------------------------------------
    Našla jsem následující spojení. Možnost druhá. Jeďte tramvají číslo 12 v 03:58 ze zastávky Hradčanská směrem Sídliště Barrandov. Vystupte na zastávce Anděl.
    

2013-06-27-15-42-46.892707-CEST  MainProcess : INFO       
    #14443  Time: 2013-06-27-15-42-46.886908-CEST From: NLG        To: HUB        Command: nlg_text_generated() 

2013-06-27-15-42-46.899224-CEST  MainProcess : INFO       
    #14446  Time: 2013-06-27-15-42-46.888361-CEST From: TTS        To: HUB        Command: tts_start(user_id="None",text="Našla jsem následující spojení. Možnost druhá. Jeďte tramvají číslo 12 v 03:58 ze zastávky Hradčanská směrem Sídliště Barrandov. Vystupte na zastávce Anděl.") 

2013-06-27-15-42-46.954204-CEST  MainProcess : INFO       
    #14448  Time: 2013-06-27-15-42-46.893231-CEST From: VoipIO     To: HUB        Command: play_utterance_start(user_id="None",fname="tts-2013-06-27-15-42-46.888129.wav") 

2013-06-27-15-42-48.317477-CEST  MainProcess : INFO       
    #15489  Time: 2013-06-27-15-42-48.305764-CEST From: TTS        To: HUB        Command: tts_end(user_id="None",text="Našla jsem následující spojení. Možnost druhá. Jeďte tramvají číslo 12 v 03:58 ze zastávky Hradčanská směrem Sídliště Barrandov. Vystupte na zastávce Anděl.",fname="tts-2013-06-27-15-42-46.888129.wav",log="true") 

2013-06-27-15-42-57.767541-CEST  VoipIO-1   : DEBUG      
    CallCallback::on_state : Call with "605179476" <sip:605179476@195.113.20.160> is DISCONNCTD last code = 200 (Normal call clearing)

2013-06-27-15-42-57.936100-CEST  VoipIO-1   : DEBUG      
    VoipIO::on_call_disconnected

2013-06-27-15-42-57.943415-CEST  MainProcess : INFO       
    #16080  Time: 2013-06-27-15-42-57.937400-CEST From: VoipIO     To: HUB        Command: call_disconnected(remote_uri="605179476") 

