2013-07-08-17-05-27.151150-COT  MainProcess : SYSTEM-LOG 
    config = { 'ASR': { 'Google': { 'debug': False, 'language': 'cs', 'maxresults': 20},
               'Julius': { 'adinnetport': 5530,
                           'binary': '/usr/local/bin/julius',
                           'debug': False,
                           'hostname': 'localhost',
                           'jconf': { '-adport': '5530',
                                      '-b': '1000',
                                      '-b2': '100',
                                      '-cmnload': 'cmn.param',
                                      '-cmnmapweight': '200',
                                      '-cmnsave': 'cmn.param',
                                      '-confnet': '',
                                      '-fallback1pass': '',
                                      '-gprune': 'safe',
                                      '-h': '/home/jurcicek/vystadial-git/alex/resources/asr/voip_en/hmmdefs',
                                      '-hlist': '/home/jurcicek/vystadial-git/alex/resources/asr/voip_en/tiedlist',
                                      '-htkconf': '/home/jurcicek/vystadial-git/alex/resources/asr/voip_en/config',
                                      '-input': 'adinnet',
                                      '-iwsp': '',
                                      '-iwsppenalty': '0.0',
                                      '-lmp': '15.0 0.0',
                                      '-lmp2': '15.0 0.0',
                                      '-mapunk': 'UM',
                                      '-module': '10500',
                                      '-n': '50',
                                      '-nlr': '/home/jurcicek/vystadial-git/alex/resources/lm/caminfo/julius_arpa_bigram',
                                      '-no_ccd': '',
                                      '-nrl': '/home/jurcicek/vystadial-git/alex/resources/lm/caminfo/julius_arpa_rev_bigram',
                                      '-silhead': '<s>',
                                      '-siltail': '</s>',
                                      '-spmodel': 'sp',
                                      '-tmix': '4',
                                      '-v': '/home/jurcicek/vystadial-git/alex/resources/lm/caminfo/julius_dict'},
                           'jconffile': 'julius.jconf',
                           'killall': False,
                           'logfile': 'julius.log',
                           'msg_timeout': 0.3,
                           'pidfile': 'julius.pid',
                           'reuse_server': False,
                           'serverport': 10500,
                           'start_max_wait_time': 15,
                           'start_wait_time': 0.5,
                           'timeout': 2.0},
               'Kaldi': { 'LM_scale': -6666.66,
                          'hypothesis_type': 'nblist',
                          'lat_depth': 666666,
                          'model': 'TODO_path_to_model'},
               'debug': True,
               'type': 'Google'},
      'AlexOnTheBus': { 'max_turns': 30},
      'Analytics': Analytics(account_id='UA-41905278-1', domain_name='cuni.cz'),
      'Audio': { 'sample_rate': 16000, 'samples_per_frame': 256},
      'AudioIO': { 'debug': True, 'output_dir': './aio_call_log', 'play_buffer_size': 1024},
      'DM': { 'PUfalRuleDM': { 'code_submit_url': None,
                               'db_cfg': '/home/jurcicek/vystadial-git/alex/resources/../applications/CamInfoRest/cued_data/CIRdbase_V7_noloc.txt',
                               'ontology': '/home/jurcicek/vystadial-git/alex/resources/../applications/CamInfoRest/ontology.cfg',
                               'provide_code': False},
              'UfalRuleDM': { 'code_submit_url': None,
                              'db_cfg': '/home/jurcicek/vystadial-git/alex/resources/../applications/CamInfoRest/cued_data/CIRdbase_V7_noloc.txt',
                              'ontology': '/home/jurcicek/vystadial-git/alex/resources/../applications/CamInfoRest/ontology.cfg',
                              'provide_code': False},
              'basic': { 'debug': True, 'silence_timeout': 10.0},
              'debug': True,
              'dialogue_policy': { 'type': <class 'alex.applications.AlexOnTheBus.aotb_hdc_policy.AOTBHDCPolicy'>},
              'dialogue_state': { 'type': <class 'alex.components.dm.dddstate.DeterministicDiscriminativeDialogueState'>},
              'input_timeout': 3.0,
              'ontology': '/home/jurcicek/vystadial-git/alex/applications/AlexOnTheBus/data/ontology.py',
              'type': 'basic'},
      'General': { 'debug': False, 'include': ['/home/jurcicek/vystadial-git/alex/resources/private/default.cfg']},
      'Hub': { 'history_file': 'hub_history_hub.txt', 'history_length': 1000, 'main_loop_sleep_time': 0.002},
      'Logging': { 'excepthook': ExceptionHook(
            ExceptionHook
              Hook Type: log
              Hook Logger: SystemLogger(output_dir=./call_logs, stdout_log_level='DEBUG', stdout=True, file_log_level='DEBUG')),
                   'session_logger': SessionLogger(),
                   'system_logger': SystemLogger(output_dir=./call_logs, stdout_log_level='DEBUG', stdout=True, file_log_level='DEBUG'),
                   'system_name': 'Alex On The Bus',
                   'version': '1.0'},
      'NLG': { 'Template': { 'model': '/home/jurcicek/vystadial-git/alex/applications/AlexOnTheBus/nlg_templates.cfg'},
               'debug': True,
               'type': 'Template'},
      'SHub': { 'history_file': 'hub_history_shub.txt', 'history_length': 1000},
      'SLU': { 'cl-tracing': { 'cldb_fname': '/home/jurcicek/vystadial-git/alex/applications/CamInfoRest/data/database.py',
                               'do_preprocessing': True,
                               'features_type': ('ngram', 'ab_ngram'),
                               'testing': { 'max_examples': None,
                                            'min_perc': 80,
                                            'model_fname': '/home/jurcicek/vystadial-git/alex/applications/CamInfoRest/models/130516_minf60-minfc35-mind60.slu_model.gz',
                                            'renormalise': True,
                                            'threshold': None,
                                            'vanilla': True},
                               'training': { 'abstractions': ('abstract',), 'models_dir': 'models'}},
               'debug': True,
               'type': <class 'alex.applications.AlexOnTheBus.aotb_slu.AOTBSLU'>,
               <class 'alex.applications.AlexOnTheBus.aotb_slu.AOTBSLU'>: { 'cldb_fname': '/home/jurcicek/vystadial-git/alex/applications/AlexOnTheBus/data/database.py',
                                                                            'preprocessing_cls': <class 'alex.applications.AlexOnTheBus.aotb_preprocessing.AOTBSLUPreprocessing'>,
                                                                            'training': { 'models_dir': 'models'}}},
      'THub': { 'history_file': 'hub_history_thub.txt', 'history_length': 1000},
      'TTS': { 'Flite': { 'debug': False,
                          'preprocessing': '/home/jurcicek/vystadial-git/alex/resources/tts/prep_flite_en.cfg',
                          'voice': 'kal16'},
               'Google': { 'debug': False,
                           'language': 'en',
                           'preprocessing': '/home/jurcicek/vystadial-git/alex/resources/tts/prep_google_en.cfg'},
               'SpeechTech': { 'debug': True,
                               'login': 'filipjurcicek',
    # this line was removed since it included a password
                               'preprocessing': '/home/jurcicek/vystadial-git/alex/resources/tts/prep_speechtech_cs.cfg',
                               'voice': 'Iva210'},
               'VoiceRSS': { 'api_key': '3b6a9fca5d724b1c8ac34691586cdda1'},
               'VoiceRss': { 'language': 'en-gb',
                             'preprocessing': '/home/jurcicek/vystadial-git/alex/resources/tts/prep_voicerss_en.cfg'},
               'debug': True,
               'in_between_segments_silence': 0.1,
               'type': 'SpeechTech'},
      'VAD': { 'debug': False,
               'decision_frames_sil': 25,
               'decision_frames_speech': 10,
               'decision_non_speech_threshold': 0.2,
               'decision_speech_threshold': 0.7,
               'gmm': { 'ceplifter': 22,
                        'enormalise': True,
                        'filter_length': 5,
                        'frameshift': 160,
                        'framesize': 512,
                        'frontend': 'MFCC',
                        'hifreq': 3800,
                        'lofreq': 125,
                        'numceps': 12,
                        'numchans': 26,
                        'preemcoef': 0.97,
                        'sil_model': '/home/jurcicek/vystadial-git/alex/resources/vad/voip_en/vad_sil_sds_mfcc_m064_f100000.gmm',
                        'speech_model': '/home/jurcicek/vystadial-git/alex/resources/vad/voip_en/vad_speech_sds_mfcc_m064_f100000.gmm',
                        'useacc': True,
                        'usec0': False,
                        'usecmn': False,
                        'usedelta': True,
                        'usehamming': True,
                        'usepower': True,
                        'zmeansource': True},
               'power': { 'adaptation_frames': 30, 'threshold': 70, 'threshold_multiplier': 1.0},
               'speech_buffer_frames': 20,
               'type': 'gmm'},
      'VoipHub': { 'blacklist_for': 7200,
                   'call_db': '/home/jurcicek/vystadial-git/alex/applications/AlexOnTheBus/call_db.pckl',
                   'hard_time_limit': 360,
                   'hard_turn_limit': 40,
                   'history_length': 1000,
                   'last_period_max_num_calls': 100,
                   'last_period_max_total_time': 7200,
                   'limit_reached_message': u'D\u011bkujeme za zavol\xe1n\xed, ale u\u017e jste volali hodn\u011b. Pros\xedm zavolejte pozd\u011bji. Na shledanou.',
                   'period': 172800,
                   'pid_file': '/home/jurcicek/vystadial-git/alex/applications/vhub.pid',
                   'wait_time_before_calling_back': 10},
      'VoipIO': { 'allowed_hosts': '',
                  'allowed_phone_numbers': '(^[234567])',
                  'allowed_users': '(^[234567])',
                  'debug': True,
                  'domain': 'external.sip.mff.cuni.cz:5066',
                  'forbidden_hosts': '',
                  'forbidden_phone_number': '(^112$|^150$|^155$|^156$|^158$)',
                  'forbidden_users': '(^112$|^150$|^155$|^156$|^158$)',
    # this line was removed since it included a password
                  'pjsip_log_level': 3,
                  'reject_calls': False,
                  'user': 'DEV-9889'},
      'WebHub': { 'port': 8000},
      'corpustools': { 'get_jasr_confnets': { 'frame_size': 256, 'rt_ratio': 0.2}}}

2013-07-08-17-05-27.187588-COT  MainProcess : INFO       
    #2      Time: 2013-07-08-17-05-27.132736-COT From: VoipIO     To: HUB        Command: call_connecting(remote_uri="anonymous") 

2013-07-08-17-05-27.344942-COT  VoipIO-1   : DEBUG      
    CallCallback::on_state : Call with "Anonymous" <sip:anonymous@195.113.20.69> is CONFIRMED last code = 200 (OK)

2013-07-08-17-05-27.356890-COT  VoipIO-1   : DEBUG      
    VoipIO::on_call_confirmed

2013-07-08-17-05-27.359160-COT  MainProcess : INFO       
    #3      Time: 2013-07-08-17-05-27.357189-COT From: VoipIO     To: HUB        Command: call_confirmed(remote_uri="anonymous") 

2013-07-08-17-05-27.363208-COT  MainProcess : INFO       
    
    ========================================================================================================================
    Incoming call from :          anonymous
    ------------------------------------------------------------------------------------------------------------------------
    Total calls:                  3
    Total time (min):             6.1
    Last period total calls:      1
    Last period total time (min): 1.5
    ------------------------------------------------------------------------------------------------------------------------
    CALL ACCEPTED
    ========================================================================================================================
    

2013-07-08-17-05-27.365459-COT  DM-5       : DEBUG      
    #4      Time: 2013-07-08-17-05-27.360748-COT From: HUB        To: DM         Command: new_dialogue() 

2013-07-08-17-05-27.392509-COT  DM-5       : DEBUG      
    DM Output
    ------------------------------------------------------------
    hello()
    

2013-07-08-17-05-27.403763-COT  MainProcess : INFO       
    #5      Time: 2013-07-08-17-05-27.396244-COT From: DM         To: HUB        Hyp: hello() 

2013-07-08-17-05-27.407533-COT  NLG-6      : DEBUG      
    #6      Time: 2013-07-08-17-05-27.404358-COT From: DM         To: HUB        Hyp: hello() 

2013-07-08-17-05-27.408701-COT  NLG-6      : DEBUG      
    NLG Output
    ------------------------------------------------------------
    Dobrý den, dovolali jste se na informace o veřejné dopravě v Praze. Hovor je nahráván. Více informací o této službě je na internetu. Jak Vám mohu pomoci. 
    

2013-07-08-17-05-27.421580-COT  MainProcess : INFO       
    #10     Time: 2013-07-08-17-05-27.417271-COT From: NLG        To: HUB        Command: nlg_text_generated() 

2013-07-08-17-05-27.425987-COT  MainProcess : INFO       
    #12     Time: 2013-07-08-17-05-27.419424-COT From: TTS        To: HUB        Command: tts_start(user_id="None",text="Dobrý den, dovolali jste se na informace o veřejné dopravě v Praze. Hovor je nahráván. Více informací o této službě je na internetu. Jak Vám mohu pomoci. ") 

2013-07-08-17-05-27.493190-COT  MainProcess : INFO       
    #14     Time: 2013-07-08-17-05-27.430331-COT From: VoipIO     To: HUB        Command: play_utterance_start(user_id="None",fname="tts-2013-07-08-17-05-27.418497.wav") 

2013-07-08-17-05-27.639662-COT  MainProcess : INFO       
    #762    Time: 2013-07-08-17-05-27.636057-COT From: TTS        To: HUB        Command: tts_end(user_id="None",text="Dobrý den, dovolali jste se na informace o veřejné dopravě v Praze. Hovor je nahráván. Více informací o této službě je na internetu. Jak Vám mohu pomoci. ",fname="tts-2013-07-08-17-05-27.418497.wav",log="true") 

2013-07-08-17-05-39.203761-COT  MainProcess : INFO       
    #1463   Time: 2013-07-08-17-05-38.820757-COT From: VoipIO     To: HUB        Command: play_utterance_end(user_id="None",fname="tts-2013-07-08-17-05-27.418497.wav) 

2013-07-08-17-05-42.209877-COT  DM-5       : DEBUG      
    #1676   Time: 2013-07-08-17-05-42.206654-COT From: HUB        To: DM         Command: timeout(silence_time="3.002") 

2013-07-08-17-05-42.211595-COT  DM-5       : DEBUG      
    DDDState Dialogue Act in: silence(time="3.002")

2013-07-08-17-05-42.213156-COT  DM-5       : DEBUG      
    Context Resolution - Dialogue Act: silence(time="3.002")

2013-07-08-17-05-42.217258-COT  DM-5       : DEBUG      
    DDDState - Dialogue state content:
    
    ludait = silence
    silence_time = 3.002
    
    
    
    

2013-07-08-17-05-42.218704-COT  DM-5       : DEBUG      
    DDDState - Dialogue state update
    
    Requested slots:
    {}
    Confirmed slots:
    {}
    Non-informed slots:
    {u'silence_time': 3.002}

2013-07-08-17-05-42.220322-COT  DM-5       : DEBUG      
    DM Output
    ------------------------------------------------------------
    silence()
    

2013-07-08-17-05-42.229197-COT  MainProcess : INFO       
    #1677   Time: 2013-07-08-17-05-42.227079-COT From: DM         To: HUB        Hyp: silence() 

2013-07-08-17-05-43.957245-COT  MainProcess : INFO       
    #1787   Time: 2013-07-08-17-05-43.954102-COT From: VAD        To: HUB        Command: speech_start(fname="vad-2013-07-08-17-05-43.942478.wav") 

2013-07-08-17-05-43.961517-COT  ASR-3      : DEBUG      
    ASR: speech_start()

2013-07-08-17-05-43.963741-COT  MainProcess : INFO       
    #1788   Time: 2013-07-08-17-05-43.958176-COT From: ASR        To: HUB        Command: asr_start() 

2013-07-08-17-05-44.385787-COT  ASR-3      : DEBUG      
    ASR: speech_end()

2013-07-08-17-05-44.386832-COT  MainProcess : INFO       
    #1818   Time: 2013-07-08-17-05-44.384793-COT From: VAD        To: HUB        Command: speech_end(fname="vad-2013-07-08-17-05-43.942478.wav") 

2013-07-08-17-05-44.904022-COT  ASR-3      : DEBUG      
    ASR Hypothesis
    ------------------------------------------------------------
    1.000 __silence__
    0.000 __other__
    

2013-07-08-17-05-44.914223-COT  MainProcess : INFO       
    #1851   Time: 2013-07-08-17-05-44.912265-COT From: ASR        To: HUB        Command: asr_end() 

2013-07-08-17-05-44.915317-COT  SLU-4      : DEBUG      
    SLU Hypothesis
    ------------------------------------------------------------
    1.000 silence()
    

2013-07-08-17-05-44.927368-COT  MainProcess : INFO       
    #1853   Time: 2013-07-08-17-05-44.924128-COT From: SLU        To: HUB        Command: slu_parsed() 

2013-07-08-17-05-44.928046-COT  DM-5       : DEBUG      
    DDDState Dialogue Act in: silence()

2013-07-08-17-05-44.928581-COT  DM-5       : DEBUG      
    Context Resolution - Dialogue Act: silence()

2013-07-08-17-05-44.929216-COT  DM-5       : DEBUG      
    DDDState - Dialogue state content:
    
    ludait = silence
    silence_time = 0.0
    
    
    
    

2013-07-08-17-05-44.930048-COT  DM-5       : DEBUG      
    DDDState - Dialogue state update
    
    Requested slots:
    {}
    Confirmed slots:
    {}
    Non-informed slots:
    {u'silence_time': 0.0}

2013-07-08-17-05-44.941217-COT  DM-5       : DEBUG      
    DM Output
    ------------------------------------------------------------
    silence()
    

2013-07-08-17-05-44.959624-COT  MainProcess : INFO       
    #1859   Time: 2013-07-08-17-05-44.954963-COT From: DM         To: HUB        Hyp: silence() 

2013-07-08-17-05-45.156300-COT  ASR-3      : DEBUG      
    ASR: speech_start()

2013-07-08-17-05-45.157982-COT  MainProcess : INFO       
    #1873   Time: 2013-07-08-17-05-45.153107-COT From: VAD        To: HUB        Command: speech_start(fname="vad-2013-07-08-17-05-45.142096.wav") 

2013-07-08-17-05-45.161220-COT  MainProcess : INFO       
    #1874   Time: 2013-07-08-17-05-45.154645-COT From: ASR        To: HUB        Command: asr_start() 

2013-07-08-17-05-46.115027-COT  ASR-3      : DEBUG      
    ASR: speech_end()

2013-07-08-17-05-46.117105-COT  MainProcess : INFO       
    #1936   Time: 2013-07-08-17-05-46.111075-COT From: VAD        To: HUB        Command: speech_end(fname="vad-2013-07-08-17-05-45.142096.wav") 

2013-07-08-17-05-46.703990-COT  ASR-3      : DEBUG      
    ASR Hypothesis
    ------------------------------------------------------------
    1.000 __silence__
    0.000 __other__
    

2013-07-08-17-05-46.712436-COT  MainProcess : INFO       
    #1973   Time: 2013-07-08-17-05-46.710320-COT From: ASR        To: HUB        Command: asr_end() 

2013-07-08-17-05-46.713464-COT  SLU-4      : DEBUG      
    SLU Hypothesis
    ------------------------------------------------------------
    1.000 silence()
    

2013-07-08-17-05-46.720632-COT  MainProcess : INFO       
    #1975   Time: 2013-07-08-17-05-46.718789-COT From: SLU        To: HUB        Command: slu_parsed() 

2013-07-08-17-05-46.721496-COT  DM-5       : DEBUG      
    DDDState Dialogue Act in: silence()

2013-07-08-17-05-46.722417-COT  DM-5       : DEBUG      
    Context Resolution - Dialogue Act: silence()

2013-07-08-17-05-46.723745-COT  DM-5       : DEBUG      
    DDDState - Dialogue state content:
    
    ludait = silence
    silence_time = 0.0
    
    
    
    

2013-07-08-17-05-46.724916-COT  DM-5       : DEBUG      
    DDDState - Dialogue state update
    
    Requested slots:
    {}
    Confirmed slots:
    {}
    Non-informed slots:
    {u'silence_time': 0.0}

2013-07-08-17-05-46.752826-COT  DM-5       : DEBUG      
    DM Output
    ------------------------------------------------------------
    silence()
    

2013-07-08-17-05-46.762373-COT  MainProcess : INFO       
    #1981   Time: 2013-07-08-17-05-46.758398-COT From: DM         To: HUB        Hyp: silence() 

2013-07-08-17-05-48.226314-COT  MainProcess : INFO       
    #2075   Time: 2013-07-08-17-05-48.222834-COT From: VAD        To: HUB        Command: speech_start(fname="vad-2013-07-08-17-05-48.211228.wav") 

2013-07-08-17-05-48.228203-COT  ASR-3      : DEBUG      
    ASR: speech_start()

2013-07-08-17-05-48.231775-COT  MainProcess : INFO       
    #2076   Time: 2013-07-08-17-05-48.224513-COT From: ASR        To: HUB        Command: asr_start() 

2013-07-08-17-05-48.929945-COT  ASR-3      : DEBUG      
    ASR: speech_end()

2013-07-08-17-05-48.931183-COT  MainProcess : INFO       
    #2122   Time: 2013-07-08-17-05-48.926969-COT From: VAD        To: HUB        Command: speech_end(fname="vad-2013-07-08-17-05-48.211228.wav") 

2013-07-08-17-05-49.461730-COT  ASR-3      : DEBUG      
    ASR Hypothesis
    ------------------------------------------------------------
    1.000 __silence__
    0.000 __other__
    

2013-07-08-17-05-49.474133-COT  MainProcess : INFO       
    #2155   Time: 2013-07-08-17-05-49.470581-COT From: ASR        To: HUB        Command: asr_end() 

2013-07-08-17-05-49.475343-COT  SLU-4      : DEBUG      
    SLU Hypothesis
    ------------------------------------------------------------
    1.000 silence()
    

2013-07-08-17-05-49.487632-COT  MainProcess : INFO       
    #2157   Time: 2013-07-08-17-05-49.484616-COT From: SLU        To: HUB        Command: slu_parsed() 

2013-07-08-17-05-49.495060-COT  DM-5       : DEBUG      
    DDDState Dialogue Act in: silence()

2013-07-08-17-05-49.496704-COT  DM-5       : DEBUG      
    Context Resolution - Dialogue Act: silence()

2013-07-08-17-05-49.498598-COT  DM-5       : DEBUG      
    DDDState - Dialogue state content:
    
    ludait = silence
    silence_time = 0.0
    
    
    
    

2013-07-08-17-05-49.500808-COT  DM-5       : DEBUG      
    DDDState - Dialogue state update
    
    Requested slots:
    {}
    Confirmed slots:
    {}
    Non-informed slots:
    {u'silence_time': 0.0}

2013-07-08-17-05-49.521111-COT  DM-5       : DEBUG      
    DM Output
    ------------------------------------------------------------
    silence()
    

2013-07-08-17-05-49.540735-COT  MainProcess : INFO       
    #2163   Time: 2013-07-08-17-05-49.532256-COT From: DM         To: HUB        Hyp: silence() 

2013-07-08-17-05-51.935360-COT  DM-5       : DEBUG      
    #2316   Time: 2013-07-08-17-05-51.933444-COT From: HUB        To: DM         Command: timeout(silence_time="3.002") 

2013-07-08-17-05-51.937251-COT  DM-5       : DEBUG      
    DDDState Dialogue Act in: silence(time="3.002")

2013-07-08-17-05-51.938277-COT  DM-5       : DEBUG      
    Context Resolution - Dialogue Act: silence(time="3.002")

2013-07-08-17-05-51.940121-COT  DM-5       : DEBUG      
    DDDState - Dialogue state content:
    
    ludait = silence
    silence_time = 3.002
    
    
    
    

2013-07-08-17-05-51.941942-COT  DM-5       : DEBUG      
    DDDState - Dialogue state update
    
    Requested slots:
    {}
    Confirmed slots:
    {}
    Non-informed slots:
    {u'silence_time': 3.002}

2013-07-08-17-05-51.942781-COT  DM-5       : DEBUG      
    DM Output
    ------------------------------------------------------------
    silence()
    

2013-07-08-17-05-51.960372-COT  MainProcess : INFO       
    #2317   Time: 2013-07-08-17-05-51.959112-COT From: DM         To: HUB        Hyp: silence() 

2013-07-08-17-05-52.527820-COT  MainProcess : INFO       
    #2355   Time: 2013-07-08-17-05-52.524766-COT From: VAD        To: HUB        Command: speech_start(fname="vad-2013-07-08-17-05-52.503861.wav") 

2013-07-08-17-05-52.530505-COT  ASR-3      : DEBUG      
    ASR: speech_start()

2013-07-08-17-05-52.532203-COT  MainProcess : INFO       
    #2356   Time: 2013-07-08-17-05-52.526524-COT From: ASR        To: HUB        Command: asr_start() 

2013-07-08-17-05-55.083337-COT  MainProcess : INFO       
    #2518   Time: 2013-07-08-17-05-55.080155-COT From: VAD        To: HUB        Command: speech_end(fname="vad-2013-07-08-17-05-52.503861.wav") 

2013-07-08-17-05-55.084104-COT  ASR-3      : DEBUG      
    ASR: speech_end()

2013-07-08-17-05-56.370620-COT  ASR-3      : DEBUG      
    ASR Hypothesis
    ------------------------------------------------------------
    1.000 __silence__
    0.000 __other__
    

2013-07-08-17-05-56.382239-COT  MainProcess : INFO       
    #2599   Time: 2013-07-08-17-05-56.378745-COT From: ASR        To: HUB        Command: asr_end() 

2013-07-08-17-05-56.383532-COT  SLU-4      : DEBUG      
    SLU Hypothesis
    ------------------------------------------------------------
    1.000 silence()
    

2013-07-08-17-05-56.397414-COT  MainProcess : INFO       
    #2601   Time: 2013-07-08-17-05-56.394454-COT From: SLU        To: HUB        Command: slu_parsed() 

2013-07-08-17-05-56.403763-COT  DM-5       : DEBUG      
    DDDState Dialogue Act in: silence()

2013-07-08-17-05-56.405042-COT  DM-5       : DEBUG      
    Context Resolution - Dialogue Act: silence()

2013-07-08-17-05-56.406897-COT  DM-5       : DEBUG      
    DDDState - Dialogue state content:
    
    ludait = silence
    silence_time = 0.0
    
    
    
    

2013-07-08-17-05-56.408900-COT  DM-5       : DEBUG      
    DDDState - Dialogue state update
    
    Requested slots:
    {}
    Confirmed slots:
    {}
    Non-informed slots:
    {u'silence_time': 0.0}

2013-07-08-17-05-56.438926-COT  DM-5       : DEBUG      
    DM Output
    ------------------------------------------------------------
    silence()
    

2013-07-08-17-05-56.459712-COT  MainProcess : INFO       
    #2607   Time: 2013-07-08-17-05-56.456756-COT From: DM         To: HUB        Hyp: silence() 

2013-07-08-17-05-58.087775-COT  DM-5       : DEBUG      
    #2712   Time: 2013-07-08-17-05-58.084216-COT From: HUB        To: DM         Command: timeout(silence_time="3.001") 

2013-07-08-17-05-58.088667-COT  DM-5       : DEBUG      
    DDDState Dialogue Act in: silence(time="3.001")

2013-07-08-17-05-58.089758-COT  DM-5       : DEBUG      
    Context Resolution - Dialogue Act: silence(time="3.001")

2013-07-08-17-05-58.090683-COT  DM-5       : DEBUG      
    DDDState - Dialogue state content:
    
    ludait = silence
    silence_time = 3.001
    
    
    
    

2013-07-08-17-05-58.091976-COT  DM-5       : DEBUG      
    DDDState - Dialogue state update
    
    Requested slots:
    {}
    Confirmed slots:
    {}
    Non-informed slots:
    {u'silence_time': 3.001}

2013-07-08-17-05-58.094155-COT  DM-5       : DEBUG      
    DM Output
    ------------------------------------------------------------
    silence()
    

2013-07-08-17-05-58.164823-COT  MainProcess : INFO       
    #2717   Time: 2013-07-08-17-05-58.162309-COT From: DM         To: HUB        Hyp: silence() 

2013-07-08-17-06-01.090161-COT  DM-5       : DEBUG      
    #2902   Time: 2013-07-08-17-06-01.086495-COT From: HUB        To: DM         Command: timeout(silence_time="6.003") 

2013-07-08-17-06-01.090987-COT  DM-5       : DEBUG      
    DDDState Dialogue Act in: silence(time="6.003")

2013-07-08-17-06-01.092091-COT  DM-5       : DEBUG      
    Context Resolution - Dialogue Act: silence(time="6.003")

2013-07-08-17-06-01.093351-COT  DM-5       : DEBUG      
    DDDState - Dialogue state content:
    
    ludait = silence
    silence_time = 6.003
    
    
    
    

2013-07-08-17-06-01.094742-COT  DM-5       : DEBUG      
    DDDState - Dialogue state update
    
    Requested slots:
    {}
    Confirmed slots:
    {}
    Non-informed slots:
    {u'silence_time': 6.003}

2013-07-08-17-06-01.095584-COT  DM-5       : DEBUG      
    DM Output
    ------------------------------------------------------------
    silence()
    

2013-07-08-17-06-01.121453-COT  MainProcess : INFO       
    #2903   Time: 2013-07-08-17-06-01.118586-COT From: DM         To: HUB        Hyp: silence() 

2013-07-08-17-06-04.051646-COT  ASR-3      : DEBUG      
    ASR: speech_start()

2013-07-08-17-06-04.052783-COT  MainProcess : INFO       
    #3089   Time: 2013-07-08-17-06-04.048396-COT From: VAD        To: HUB        Command: speech_start(fname="vad-2013-07-08-17-06-04.031841.wav") 

2013-07-08-17-06-04.056447-COT  MainProcess : INFO       
    #3090   Time: 2013-07-08-17-06-04.050147-COT From: ASR        To: HUB        Command: asr_start() 

2013-07-08-17-06-04.541725-COT  MainProcess : INFO       
    #3124   Time: 2013-07-08-17-06-04.537956-COT From: VAD        To: HUB        Command: speech_end(fname="vad-2013-07-08-17-06-04.031841.wav") 

2013-07-08-17-06-04.543599-COT  ASR-3      : DEBUG      
    ASR: speech_end()

2013-07-08-17-06-05.007686-COT  ASR-3      : DEBUG      
    ASR Hypothesis
    ------------------------------------------------------------
    1.000 __silence__
    0.000 __other__
    

2013-07-08-17-06-05.021009-COT  MainProcess : INFO       
    #3153   Time: 2013-07-08-17-06-05.018224-COT From: ASR        To: HUB        Command: asr_end() 

2013-07-08-17-06-05.024568-COT  SLU-4      : DEBUG      
    SLU Hypothesis
    ------------------------------------------------------------
    1.000 silence()
    

2013-07-08-17-06-05.052320-COT  DM-5       : DEBUG      
    DDDState Dialogue Act in: silence()

2013-07-08-17-06-05.060583-COT  DM-5       : DEBUG      
    Context Resolution - Dialogue Act: silence()

2013-07-08-17-06-05.061843-COT  MainProcess : INFO       
    #3159   Time: 2013-07-08-17-06-05.050401-COT From: SLU        To: HUB        Command: slu_parsed() 

2013-07-08-17-06-05.063785-COT  DM-5       : DEBUG      
    DDDState - Dialogue state content:
    
    ludait = silence
    silence_time = 0.0
    
    
    
    

2013-07-08-17-06-05.066257-COT  DM-5       : DEBUG      
    DDDState - Dialogue state update
    
    Requested slots:
    {}
    Confirmed slots:
    {}
    Non-informed slots:
    {u'silence_time': 0.0}

2013-07-08-17-06-05.103750-COT  DM-5       : DEBUG      
    DM Output
    ------------------------------------------------------------
    silence()
    

2013-07-08-17-06-05.131492-COT  MainProcess : INFO       
    #3165   Time: 2013-07-08-17-06-05.127197-COT From: DM         To: HUB        Hyp: silence() 

2013-07-08-17-06-07.546874-COT  DM-5       : DEBUG      
    #3318   Time: 2013-07-08-17-06-07.543220-COT From: HUB        To: DM         Command: timeout(silence_time="3.001") 

2013-07-08-17-06-07.547565-COT  DM-5       : DEBUG      
    DDDState Dialogue Act in: silence(time="3.001")

2013-07-08-17-06-07.548280-COT  DM-5       : DEBUG      
    Context Resolution - Dialogue Act: silence(time="3.001")

2013-07-08-17-06-07.548914-COT  DM-5       : DEBUG      
    DDDState - Dialogue state content:
    
    ludait = silence
    silence_time = 3.001
    
    
    
    

2013-07-08-17-06-07.550809-COT  DM-5       : DEBUG      
    DDDState - Dialogue state update
    
    Requested slots:
    {}
    Confirmed slots:
    {}
    Non-informed slots:
    {u'silence_time': 3.001}

2013-07-08-17-06-07.551827-COT  DM-5       : DEBUG      
    DM Output
    ------------------------------------------------------------
    silence()
    

2013-07-08-17-06-07.583261-COT  MainProcess : INFO       
    #3319   Time: 2013-07-08-17-06-07.573592-COT From: DM         To: HUB        Hyp: silence() 

2013-07-08-17-06-10.548211-COT  DM-5       : DEBUG      
    #3504   Time: 2013-07-08-17-06-10.545168-COT From: HUB        To: DM         Command: timeout(silence_time="6.003") 

2013-07-08-17-06-10.549066-COT  DM-5       : DEBUG      
    DDDState Dialogue Act in: silence(time="6.003")

2013-07-08-17-06-10.550198-COT  DM-5       : DEBUG      
    Context Resolution - Dialogue Act: silence(time="6.003")

2013-07-08-17-06-10.551588-COT  DM-5       : DEBUG      
    DDDState - Dialogue state content:
    
    ludait = silence
    silence_time = 6.003
    
    
    
    

2013-07-08-17-06-10.553659-COT  DM-5       : DEBUG      
    DDDState - Dialogue state update
    
    Requested slots:
    {}
    Confirmed slots:
    {}
    Non-informed slots:
    {u'silence_time': 6.003}

2013-07-08-17-06-10.555109-COT  DM-5       : DEBUG      
    DM Output
    ------------------------------------------------------------
    silence()
    

2013-07-08-17-06-10.585187-COT  MainProcess : INFO       
    #3509   Time: 2013-07-08-17-06-10.581815-COT From: DM         To: HUB        Hyp: silence() 

2013-07-08-17-06-13.549589-COT  DM-5       : DEBUG      
    #3694   Time: 2013-07-08-17-06-13.546000-COT From: HUB        To: DM         Command: timeout(silence_time="9.004") 

2013-07-08-17-06-13.550768-COT  DM-5       : DEBUG      
    DDDState Dialogue Act in: silence(time="9.004")

2013-07-08-17-06-13.552080-COT  DM-5       : DEBUG      
    Context Resolution - Dialogue Act: silence(time="9.004")

2013-07-08-17-06-13.553456-COT  DM-5       : DEBUG      
    DDDState - Dialogue state content:
    
    ludait = silence
    silence_time = 9.004
    
    
    
    

2013-07-08-17-06-13.554556-COT  DM-5       : DEBUG      
    DDDState - Dialogue state update
    
    Requested slots:
    {}
    Confirmed slots:
    {}
    Non-informed slots:
    {u'silence_time': 9.004}

2013-07-08-17-06-13.555734-COT  DM-5       : DEBUG      
    DM Output
    ------------------------------------------------------------
    silence()
    

2013-07-08-17-06-13.603960-COT  MainProcess : INFO       
    #3699   Time: 2013-07-08-17-06-13.602874-COT From: DM         To: HUB        Hyp: silence() 

2013-07-08-17-06-16.550575-COT  DM-5       : DEBUG      
    #3884   Time: 2013-07-08-17-06-16.546154-COT From: HUB        To: DM         Command: timeout(silence_time="12.004") 

2013-07-08-17-06-16.551867-COT  DM-5       : DEBUG      
    DDDState Dialogue Act in: silence(time="12.004")

2013-07-08-17-06-16.552469-COT  DM-5       : DEBUG      
    Context Resolution - Dialogue Act: silence(time="12.004")

2013-07-08-17-06-16.553187-COT  DM-5       : DEBUG      
    DDDState - Dialogue state content:
    
    ludait = silence
    silence_time = 12.004
    
    
    
    

2013-07-08-17-06-16.553904-COT  DM-5       : DEBUG      
    DDDState - Dialogue state update
    
    Requested slots:
    {}
    Confirmed slots:
    {}
    Non-informed slots:
    {u'silence_time': 12.004}

2013-07-08-17-06-16.554595-COT  DM-5       : DEBUG      
    DM Output
    ------------------------------------------------------------
    inform(silence_timeout="true")
    

2013-07-08-17-06-16.576707-COT  MainProcess : INFO       
    #3887   Time: 2013-07-08-17-06-16.575093-COT From: DM         To: HUB        Hyp: inform(silence_timeout="true") 

2013-07-08-17-06-16.582679-COT  NLG-6      : DEBUG      
    #3889   Time: 2013-07-08-17-06-16.579828-COT From: DM         To: HUB        Hyp: inform(silence_timeout="true") 

2013-07-08-17-06-16.584445-COT  NLG-6      : DEBUG      
    NLG Output
    ------------------------------------------------------------
    Haló, jste tam ještě?
    

2013-07-08-17-06-16.608451-COT  MainProcess : INFO       
    #3891   Time: 2013-07-08-17-06-16.604161-COT From: NLG        To: HUB        Command: nlg_text_generated() 

2013-07-08-17-06-16.610459-COT  MainProcess : INFO       
    #3893   Time: 2013-07-08-17-06-16.604598-COT From: TTS        To: HUB        Command: tts_start(user_id="None",text="Haló, jste tam ještě?") 

2013-07-08-17-06-16.640907-COT  MainProcess : INFO       
    #3895   Time: 2013-07-08-17-06-16.612661-COT From: VoipIO     To: HUB        Command: play_utterance_start(user_id="None",fname="tts-2013-07-08-17-06-16.604578.wav") 

2013-07-08-17-06-16.751194-COT  MainProcess : INFO       
    #4031   Time: 2013-07-08-17-06-16.749709-COT From: TTS        To: HUB        Command: tts_end(user_id="None",text="Haló, jste tam ještě?",fname="tts-2013-07-08-17-06-16.604578.wav",log="true") 

2013-07-08-17-06-18.754551-COT  MainProcess : INFO       
    #4140   Time: 2013-07-08-17-06-18.431198-COT From: VoipIO     To: HUB        Command: play_utterance_end(user_id="None",fname="tts-2013-07-08-17-06-16.604578.wav) 

2013-07-08-17-06-21.760618-COT  DM-5       : DEBUG      
    #4349   Time: 2013-07-08-17-06-21.756891-COT From: HUB        To: DM         Command: timeout(silence_time="3.002") 

2013-07-08-17-06-21.761665-COT  DM-5       : DEBUG      
    DDDState Dialogue Act in: silence(time="3.002")

2013-07-08-17-06-21.763343-COT  DM-5       : DEBUG      
    Context Resolution - Dialogue Act: silence(time="3.002")

2013-07-08-17-06-21.764804-COT  DM-5       : DEBUG      
    DDDState - Dialogue state content:
    
    ludait = silence
    silence_time = 3.002
    
    rh_silence_timeout = system-informed
    
    ch_silence_timeout = system-informed
    
    sh_silence_timeout = system-informed
    

2013-07-08-17-06-21.767212-COT  DM-5       : DEBUG      
    DDDState - Dialogue state update
    
    Requested slots:
    {}
    Confirmed slots:
    {}
    Non-informed slots:
    {u'silence_time': 3.002}

2013-07-08-17-06-21.769392-COT  DM-5       : DEBUG      
    DM Output
    ------------------------------------------------------------
    silence()
    

2013-07-08-17-06-21.802698-COT  MainProcess : INFO       
    #4350   Time: 2013-07-08-17-06-21.800852-COT From: DM         To: HUB        Hyp: silence() 

2013-07-08-17-06-24.758712-COT  DM-5       : DEBUG      
    #4537   Time: 2013-07-08-17-06-24.757567-COT From: HUB        To: DM         Command: timeout(silence_time="6.003") 

2013-07-08-17-06-24.759366-COT  DM-5       : DEBUG      
    DDDState Dialogue Act in: silence(time="6.003")

2013-07-08-17-06-24.759990-COT  DM-5       : DEBUG      
    Context Resolution - Dialogue Act: silence(time="6.003")

2013-07-08-17-06-24.761011-COT  DM-5       : DEBUG      
    DDDState - Dialogue state content:
    
    ludait = silence
    silence_time = 6.003
    
    rh_silence_timeout = system-informed
    
    ch_silence_timeout = system-informed
    
    sh_silence_timeout = system-informed
    

2013-07-08-17-06-24.762112-COT  DM-5       : DEBUG      
    DDDState - Dialogue state update
    
    Requested slots:
    {}
    Confirmed slots:
    {}
    Non-informed slots:
    {u'silence_time': 6.003}

2013-07-08-17-06-24.763182-COT  DM-5       : DEBUG      
    DM Output
    ------------------------------------------------------------
    silence()
    

2013-07-08-17-06-24.790236-COT  MainProcess : INFO       
    #4540   Time: 2013-07-08-17-06-24.786578-COT From: DM         To: HUB        Hyp: silence() 

2013-07-08-17-06-27.761786-COT  DM-5       : DEBUG      
    #4725   Time: 2013-07-08-17-06-27.757786-COT From: HUB        To: DM         Command: timeout(silence_time="9.003") 

2013-07-08-17-06-27.763174-COT  DM-5       : DEBUG      
    DDDState Dialogue Act in: silence(time="9.003")

2013-07-08-17-06-27.764578-COT  DM-5       : DEBUG      
    Context Resolution - Dialogue Act: silence(time="9.003")

2013-07-08-17-06-27.770424-COT  DM-5       : DEBUG      
    DDDState - Dialogue state content:
    
    ludait = silence
    silence_time = 9.003
    
    rh_silence_timeout = system-informed
    
    ch_silence_timeout = system-informed
    
    sh_silence_timeout = system-informed
    

2013-07-08-17-06-27.773335-COT  DM-5       : DEBUG      
    DDDState - Dialogue state update
    
    Requested slots:
    {}
    Confirmed slots:
    {}
    Non-informed slots:
    {u'silence_time': 9.003}

2013-07-08-17-06-27.774158-COT  DM-5       : DEBUG      
    DM Output
    ------------------------------------------------------------
    silence()
    

2013-07-08-17-06-27.818272-COT  MainProcess : INFO       
    #4730   Time: 2013-07-08-17-06-27.817160-COT From: DM         To: HUB        Hyp: silence() 

2013-07-08-17-06-30.762698-COT  DM-5       : DEBUG      
    #4915   Time: 2013-07-08-17-06-30.759353-COT From: HUB        To: DM         Command: timeout(silence_time="12.005") 

2013-07-08-17-06-30.763295-COT  DM-5       : DEBUG      
    DDDState Dialogue Act in: silence(time="12.005")

2013-07-08-17-06-30.763966-COT  DM-5       : DEBUG      
    Context Resolution - Dialogue Act: silence(time="12.005")

2013-07-08-17-06-30.764966-COT  DM-5       : DEBUG      
    DDDState - Dialogue state content:
    
    ludait = silence
    silence_time = 12.005
    
    rh_silence_timeout = system-informed
    
    ch_silence_timeout = system-informed
    
    sh_silence_timeout = system-informed
    

2013-07-08-17-06-30.767031-COT  DM-5       : DEBUG      
    DDDState - Dialogue state update
    
    Requested slots:
    {}
    Confirmed slots:
    {}
    Non-informed slots:
    {u'silence_time': 12.005}

2013-07-08-17-06-30.767952-COT  DM-5       : DEBUG      
    DM Output
    ------------------------------------------------------------
    inform(silence_timeout="true")
    

2013-07-08-17-06-30.804763-COT  MainProcess : INFO       
    #4920   Time: 2013-07-08-17-06-30.794962-COT From: DM         To: HUB        Hyp: inform(silence_timeout="true") 

2013-07-08-17-06-30.807355-COT  NLG-6      : DEBUG      
    #4921   Time: 2013-07-08-17-06-30.805266-COT From: DM         To: HUB        Hyp: inform(silence_timeout="true") 

2013-07-08-17-06-30.810497-COT  NLG-6      : DEBUG      
    NLG Output
    ------------------------------------------------------------
    Haló, slyšíme se?
    

2013-07-08-17-06-30.858373-COT  MainProcess : INFO       
    #4923   Time: 2013-07-08-17-06-30.854587-COT From: NLG        To: HUB        Command: nlg_text_generated() 

2013-07-08-17-06-30.860245-COT  MainProcess : INFO       
    #4925   Time: 2013-07-08-17-06-30.856196-COT From: TTS        To: HUB        Command: tts_start(user_id="None",text="Haló, slyšíme se?") 

2013-07-08-17-06-30.884565-COT  MainProcess : INFO       
    #4928   Time: 2013-07-08-17-06-30.860730-COT From: VoipIO     To: HUB        Command: play_utterance_start(user_id="None",fname="tts-2013-07-08-17-06-30.856055.wav") 

2013-07-08-17-06-30.996080-COT  MainProcess : INFO       
    #5053   Time: 2013-07-08-17-06-30.994071-COT From: TTS        To: HUB        Command: tts_end(user_id="None",text="Haló, slyšíme se?",fname="tts-2013-07-08-17-06-30.856055.wav",log="true") 

2013-07-08-17-06-32.832226-COT  MainProcess : INFO       
    #5162   Time: 2013-07-08-17-06-32.721019-COT From: VoipIO     To: HUB        Command: play_utterance_end(user_id="None",fname="tts-2013-07-08-17-06-30.856055.wav) 

2013-07-08-17-06-35.836569-COT  DM-5       : DEBUG      
    #5358   Time: 2013-07-08-17-06-35.833140-COT From: HUB        To: DM         Command: timeout(silence_time="3.001") 

2013-07-08-17-06-35.837679-COT  DM-5       : DEBUG      
    DDDState Dialogue Act in: silence(time="3.001")

2013-07-08-17-06-35.840012-COT  DM-5       : DEBUG      
    Context Resolution - Dialogue Act: silence(time="3.001")

2013-07-08-17-06-35.842614-COT  DM-5       : DEBUG      
    DDDState - Dialogue state content:
    
    ludait = silence
    silence_time = 3.001
    
    rh_silence_timeout = system-informed
    
    ch_silence_timeout = system-informed
    
    sh_silence_timeout = system-informed
    

2013-07-08-17-06-35.844448-COT  DM-5       : DEBUG      
    DDDState - Dialogue state update
    
    Requested slots:
    {}
    Confirmed slots:
    {}
    Non-informed slots:
    {u'silence_time': 3.001}

2013-07-08-17-06-35.845816-COT  DM-5       : DEBUG      
    DM Output
    ------------------------------------------------------------
    silence()
    

2013-07-08-17-06-35.881253-COT  MainProcess : INFO       
    #5360   Time: 2013-07-08-17-06-35.880252-COT From: DM         To: HUB        Hyp: silence() 

2013-07-08-17-06-38.834531-COT  DM-5       : DEBUG      
    #5546   Time: 2013-07-08-17-06-38.833658-COT From: HUB        To: DM         Command: timeout(silence_time="6.001") 

2013-07-08-17-06-38.836459-COT  DM-5       : DEBUG      
    DDDState Dialogue Act in: silence(time="6.001")

2013-07-08-17-06-38.837235-COT  DM-5       : DEBUG      
    Context Resolution - Dialogue Act: silence(time="6.001")

2013-07-08-17-06-38.838518-COT  DM-5       : DEBUG      
    DDDState - Dialogue state content:
    
    ludait = silence
    silence_time = 6.001
    
    rh_silence_timeout = system-informed
    
    ch_silence_timeout = system-informed
    
    sh_silence_timeout = system-informed
    

2013-07-08-17-06-38.839311-COT  DM-5       : DEBUG      
    DDDState - Dialogue state update
    
    Requested slots:
    {}
    Confirmed slots:
    {}
    Non-informed slots:
    {u'silence_time': 6.001}

2013-07-08-17-06-38.840424-COT  DM-5       : DEBUG      
    DM Output
    ------------------------------------------------------------
    silence()
    

2013-07-08-17-06-38.872339-COT  MainProcess : INFO       
    #5550   Time: 2013-07-08-17-06-38.868822-COT From: DM         To: HUB        Hyp: silence() 

2013-07-08-17-06-39.526608-COT  MainProcess : INFO       
    #5592   Time: 2013-07-08-17-06-39.522407-COT From: VAD        To: HUB        Command: speech_start(fname="vad-2013-07-08-17-06-39.492785.wav") 

2013-07-08-17-06-39.528050-COT  ASR-3      : DEBUG      
    ASR: speech_start()

2013-07-08-17-06-39.530109-COT  MainProcess : INFO       
    #5593   Time: 2013-07-08-17-06-39.523649-COT From: ASR        To: HUB        Command: asr_start() 

2013-07-08-17-06-40.018785-COT  MainProcess : INFO       
    #5627   Time: 2013-07-08-17-06-40.014438-COT From: VAD        To: HUB        Command: speech_end(fname="vad-2013-07-08-17-06-39.492785.wav") 

2013-07-08-17-06-40.020983-COT  ASR-3      : DEBUG      
    ASR: speech_end()

2013-07-08-17-06-40.487956-COT  ASR-3      : DEBUG      
    ASR Hypothesis
    ------------------------------------------------------------
    1.000 __silence__
    0.000 __other__
    

2013-07-08-17-06-40.522827-COT  MainProcess : INFO       
    #5660   Time: 2013-07-08-17-06-40.520301-COT From: ASR        To: HUB        Command: asr_end() 

2013-07-08-17-06-40.523853-COT  SLU-4      : DEBUG      
    SLU Hypothesis
    ------------------------------------------------------------
    1.000 silence()
    

2013-07-08-17-06-40.598587-COT  MainProcess : INFO       
    #5666   Time: 2013-07-08-17-06-40.597181-COT From: SLU        To: HUB        Command: slu_parsed() 

2013-07-08-17-06-40.600220-COT  DM-5       : DEBUG      
    DDDState Dialogue Act in: silence()

2013-07-08-17-06-40.600945-COT  DM-5       : DEBUG      
    Context Resolution - Dialogue Act: silence()

2013-07-08-17-06-40.602428-COT  DM-5       : DEBUG      
    DDDState - Dialogue state content:
    
    ludait = silence
    silence_time = 0.0
    
    rh_silence_timeout = system-informed
    
    ch_silence_timeout = system-informed
    
    sh_silence_timeout = system-informed
    

2013-07-08-17-06-40.603354-COT  DM-5       : DEBUG      
    DDDState - Dialogue state update
    
    Requested slots:
    {}
    Confirmed slots:
    {}
    Non-informed slots:
    {u'silence_time': 0.0}

2013-07-08-17-06-40.643924-COT  DM-5       : DEBUG      
    DM Output
    ------------------------------------------------------------
    silence()
    

2013-07-08-17-06-40.670727-COT  MainProcess : INFO       
    #5672   Time: 2013-07-08-17-06-40.665968-COT From: DM         To: HUB        Hyp: silence() 

2013-07-08-17-06-43.022984-COT  DM-5       : DEBUG      
    #5821   Time: 2013-07-08-17-06-43.019476-COT From: HUB        To: DM         Command: timeout(silence_time="3.000") 

2013-07-08-17-06-43.023465-COT  DM-5       : DEBUG      
    DDDState Dialogue Act in: silence(time="3.000")

2013-07-08-17-06-43.023896-COT  DM-5       : DEBUG      
    Context Resolution - Dialogue Act: silence(time="3.000")

2013-07-08-17-06-43.024579-COT  DM-5       : DEBUG      
    DDDState - Dialogue state content:
    
    ludait = silence
    silence_time = 3.0
    
    rh_silence_timeout = system-informed
    
    ch_silence_timeout = system-informed
    
    sh_silence_timeout = system-informed
    

2013-07-08-17-06-43.025392-COT  DM-5       : DEBUG      
    DDDState - Dialogue state update
    
    Requested slots:
    {}
    Confirmed slots:
    {}
    Non-informed slots:
    {u'silence_time': 3.0}

2013-07-08-17-06-43.026256-COT  DM-5       : DEBUG      
    DM Output
    ------------------------------------------------------------
    silence()
    

2013-07-08-17-06-43.059872-COT  MainProcess : INFO       
    #5823   Time: 2013-07-08-17-06-43.055588-COT From: DM         To: HUB        Hyp: silence() 

2013-07-08-17-06-46.024169-COT  DM-5       : DEBUG      
    #6011   Time: 2013-07-08-17-06-46.020452-COT From: HUB        To: DM         Command: timeout(silence_time="6.001") 

2013-07-08-17-06-46.024702-COT  DM-5       : DEBUG      
    DDDState Dialogue Act in: silence(time="6.001")

2013-07-08-17-06-46.025261-COT  DM-5       : DEBUG      
    Context Resolution - Dialogue Act: silence(time="6.001")

2013-07-08-17-06-46.025812-COT  DM-5       : DEBUG      
    DDDState - Dialogue state content:
    
    ludait = silence
    silence_time = 6.001
    
    rh_silence_timeout = system-informed
    
    ch_silence_timeout = system-informed
    
    sh_silence_timeout = system-informed
    

2013-07-08-17-06-46.026259-COT  DM-5       : DEBUG      
    DDDState - Dialogue state update
    
    Requested slots:
    {}
    Confirmed slots:
    {}
    Non-informed slots:
    {u'silence_time': 6.001}

2013-07-08-17-06-46.026810-COT  DM-5       : DEBUG      
    DM Output
    ------------------------------------------------------------
    silence()
    

2013-07-08-17-06-46.061084-COT  MainProcess : INFO       
    #6012   Time: 2013-07-08-17-06-46.059457-COT From: DM         To: HUB        Hyp: silence() 

2013-07-08-17-06-49.023271-COT  DM-5       : DEBUG      
    #6201   Time: 2013-07-08-17-06-49.020559-COT From: HUB        To: DM         Command: timeout(silence_time="9.002") 

2013-07-08-17-06-49.024151-COT  DM-5       : DEBUG      
    DDDState Dialogue Act in: silence(time="9.002")

2013-07-08-17-06-49.027032-COT  DM-5       : DEBUG      
    Context Resolution - Dialogue Act: silence(time="9.002")

2013-07-08-17-06-49.029420-COT  DM-5       : DEBUG      
    DDDState - Dialogue state content:
    
    ludait = silence
    silence_time = 9.002
    
    rh_silence_timeout = system-informed
    
    ch_silence_timeout = system-informed
    
    sh_silence_timeout = system-informed
    

2013-07-08-17-06-49.030814-COT  DM-5       : DEBUG      
    DDDState - Dialogue state update
    
    Requested slots:
    {}
    Confirmed slots:
    {}
    Non-informed slots:
    {u'silence_time': 9.002}

2013-07-08-17-06-49.031845-COT  DM-5       : DEBUG      
    DM Output
    ------------------------------------------------------------
    silence()
    

2013-07-08-17-06-49.070158-COT  MainProcess : INFO       
    #6202   Time: 2013-07-08-17-06-49.066521-COT From: DM         To: HUB        Hyp: silence() 

2013-07-08-17-06-52.024917-COT  DM-5       : DEBUG      
    #6390   Time: 2013-07-08-17-06-52.022723-COT From: HUB        To: DM         Command: timeout(silence_time="12.004") 

2013-07-08-17-06-52.026918-COT  DM-5       : DEBUG      
    DDDState Dialogue Act in: silence(time="12.004")

2013-07-08-17-06-52.029854-COT  DM-5       : DEBUG      
    Context Resolution - Dialogue Act: silence(time="12.004")

2013-07-08-17-06-52.033600-COT  DM-5       : DEBUG      
    DDDState - Dialogue state content:
    
    ludait = silence
    silence_time = 12.004
    
    rh_silence_timeout = system-informed
    
    ch_silence_timeout = system-informed
    
    sh_silence_timeout = system-informed
    

2013-07-08-17-06-52.035641-COT  DM-5       : DEBUG      
    DDDState - Dialogue state update
    
    Requested slots:
    {}
    Confirmed slots:
    {}
    Non-informed slots:
    {u'silence_time': 12.004}

2013-07-08-17-06-52.037626-COT  DM-5       : DEBUG      
    DM Output
    ------------------------------------------------------------
    inform(silence_timeout="true")
    

2013-07-08-17-06-52.086533-COT  MainProcess : INFO       
    #6393   Time: 2013-07-08-17-06-52.085066-COT From: DM         To: HUB        Hyp: inform(silence_timeout="true") 

2013-07-08-17-06-52.089527-COT  NLG-6      : DEBUG      
    #6394   Time: 2013-07-08-17-06-52.087083-COT From: DM         To: HUB        Hyp: inform(silence_timeout="true") 

2013-07-08-17-06-52.092499-COT  NLG-6      : DEBUG      
    NLG Output
    ------------------------------------------------------------
    Haló, mohu Vám s něčím pomoci?
    

2013-07-08-17-06-52.137494-COT  MainProcess : INFO       
    #6398   Time: 2013-07-08-17-06-52.134896-COT From: NLG        To: HUB        Command: nlg_text_generated() 

2013-07-08-17-06-52.146169-COT  MainProcess : INFO       
    #6400   Time: 2013-07-08-17-06-52.137723-COT From: TTS        To: HUB        Command: tts_start(user_id="None",text="Haló, mohu Vám s něčím pomoci?") 

2013-07-08-17-06-52.167311-COT  MainProcess : INFO       
    #6402   Time: 2013-07-08-17-06-52.139118-COT From: VoipIO     To: HUB        Command: play_utterance_start(user_id="None",fname="tts-2013-07-08-17-06-52.137566.wav") 

2013-07-08-17-06-52.218564-COT  MainProcess : INFO       
    #6586   Time: 2013-07-08-17-06-52.216849-COT From: TTS        To: HUB        Command: tts_end(user_id="None",text="Haló, mohu Vám s něčím pomoci?",fname="tts-2013-07-08-17-06-52.137566.wav",log="true") 

2013-07-08-17-06-55.041182-COT  MainProcess : INFO       
    #6716   Time: 2013-07-08-17-06-54.285761-COT From: VoipIO     To: HUB        Command: play_utterance_end(user_id="None",fname="tts-2013-07-08-17-06-52.137566.wav) 

2013-07-08-17-06-58.043959-COT  DM-5       : DEBUG      
    #6953   Time: 2013-07-08-17-06-58.041817-COT From: HUB        To: DM         Command: timeout(silence_time="3.000") 

2013-07-08-17-06-58.044927-COT  DM-5       : DEBUG      
    DDDState Dialogue Act in: silence(time="3.000")

2013-07-08-17-06-58.046243-COT  DM-5       : DEBUG      
    Context Resolution - Dialogue Act: silence(time="3.000")

2013-07-08-17-06-58.046955-COT  DM-5       : DEBUG      
    DDDState - Dialogue state content:
    
    ludait = silence
    silence_time = 3.0
    
    rh_silence_timeout = system-informed
    
    ch_silence_timeout = system-informed
    
    sh_silence_timeout = system-informed
    

2013-07-08-17-06-58.048147-COT  DM-5       : DEBUG      
    DDDState - Dialogue state update
    
    Requested slots:
    {}
    Confirmed slots:
    {}
    Non-informed slots:
    {u'silence_time': 3.0}

2013-07-08-17-06-58.048812-COT  DM-5       : DEBUG      
    DM Output
    ------------------------------------------------------------
    silence()
    

2013-07-08-17-06-58.093296-COT  MainProcess : INFO       
    #6954   Time: 2013-07-08-17-06-58.091254-COT From: DM         To: HUB        Hyp: silence() 

2013-07-08-17-07-01.045675-COT  DM-5       : DEBUG      
    #7140   Time: 2013-07-08-17-07-01.042175-COT From: HUB        To: DM         Command: timeout(silence_time="6.001") 

2013-07-08-17-07-01.046496-COT  DM-5       : DEBUG      
    DDDState Dialogue Act in: silence(time="6.001")

2013-07-08-17-07-01.047331-COT  DM-5       : DEBUG      
    Context Resolution - Dialogue Act: silence(time="6.001")

2013-07-08-17-07-01.050371-COT  DM-5       : DEBUG      
    DDDState - Dialogue state content:
    
    ludait = silence
    silence_time = 6.001
    
    rh_silence_timeout = system-informed
    
    ch_silence_timeout = system-informed
    
    sh_silence_timeout = system-informed
    

2013-07-08-17-07-01.052337-COT  DM-5       : DEBUG      
    DDDState - Dialogue state update
    
    Requested slots:
    {}
    Confirmed slots:
    {}
    Non-informed slots:
    {u'silence_time': 6.001}

2013-07-08-17-07-01.053544-COT  DM-5       : DEBUG      
    DM Output
    ------------------------------------------------------------
    silence()
    

2013-07-08-17-07-01.093255-COT  MainProcess : INFO       
    #7144   Time: 2013-07-08-17-07-01.089654-COT From: DM         To: HUB        Hyp: silence() 

2013-07-08-17-07-01.762586-COT  MainProcess : INFO       
    #7190   Time: 2013-07-08-17-07-01.758645-COT From: VAD        To: HUB        Command: speech_start(fname="vad-2013-07-08-17-07-01.695386.wav") 

2013-07-08-17-07-01.764863-COT  ASR-3      : DEBUG      
    ASR: speech_start()

2013-07-08-17-07-01.766810-COT  MainProcess : INFO       
    #7191   Time: 2013-07-08-17-07-01.759034-COT From: ASR        To: HUB        Command: asr_start() 

2013-07-08-17-07-03.314538-COT  ASR-3      : DEBUG      
    ASR: speech_end()

2013-07-08-17-07-03.316553-COT  MainProcess : INFO       
    #7289   Time: 2013-07-08-17-07-03.313271-COT From: VAD        To: HUB        Command: speech_end(fname="vad-2013-07-08-17-07-01.695386.wav") 

2013-07-08-17-07-04.696319-COT  ASR-3      : DEBUG      
    ASR Hypothesis
    ------------------------------------------------------------
    0.885 výchozí stanice anděl
    0.021 výchozí stanice anděl i
    0.019 výchozí stanice a anděl
    0.017 výchozí stanice anděl s
    0.015 výchozí stanice anděl a
    0.013 výsledky tenis anděl
    0.010 výsledky tenisu anděl
    0.008 mnichovice anděl
    0.006 výchozí anděl
    0.004 výchozí stránka a anděl
    0.002 vysoký kamýk anděl
    0.000 __other__
    

2013-07-08-17-07-04.740202-COT  MainProcess : INFO       
    #7378   Time: 2013-07-08-17-07-04.738558-COT From: ASR        To: HUB        Command: asr_end() 

2013-07-08-17-07-05.839735-COT  SLU-4      : DEBUG      
    SLU Hypothesis
    ------------------------------------------------------------
    0.943 inform(from_stop="Anděl")
    0.057 inform(="Anděl")
    

2013-07-08-17-07-05.883274-COT  DM-5       : DEBUG      
    DDDState Dialogue Act in: inform(from_stop="Anděl")

2013-07-08-17-07-05.883786-COT  DM-5       : DEBUG      
    Context Resolution - Dialogue Act: inform(from_stop="Anděl")

2013-07-08-17-07-05.885341-COT  DM-5       : DEBUG      
    DDDState - Dialogue state content:
    
    ludait = none
    from_stop = Anděl
    silence_time = 0.0
    
    rh_silence_timeout = system-informed
    
    ch_silence_timeout = system-informed
    
    sh_silence_timeout = system-informed
    

2013-07-08-17-07-05.886274-COT  MainProcess : INFO       
    #7452   Time: 2013-07-08-17-07-05.880587-COT From: SLU        To: HUB        Command: slu_parsed() 

2013-07-08-17-07-05.887595-COT  DM-5       : DEBUG      
    DDDState - Dialogue state update
    
    Requested slots:
    {}
    Confirmed slots:
    {}
    Non-informed slots:
    {u'silence_time': 0.0, u'from_stop': u'And\u011bl'}

2013-07-08-17-07-05.956301-COT  DM-5       : DEBUG      
    DM Output
    ------------------------------------------------------------
    iconfirm(from_stop="Anděl")&request(to_stop)
    

2013-07-08-17-07-06.018001-COT  MainProcess : INFO       
    #7462   Time: 2013-07-08-17-07-06.014703-COT From: DM         To: HUB        Hyp: iconfirm(from_stop="And?l")&request(to_stop) 

2013-07-08-17-07-06.021974-COT  NLG-6      : DEBUG      
    #7463   Time: 2013-07-08-17-07-06.018947-COT From: DM         To: HUB        Hyp: iconfirm(from_stop="And?l")&request(to_stop) 

2013-07-08-17-07-06.023811-COT  NLG-6      : DEBUG      
    NLG Output
    ------------------------------------------------------------
    Ze zastávky Anděl. Jaká je Vaše cílová stanice?
    

2013-07-08-17-07-06.102202-COT  MainProcess : INFO       
    #7470   Time: 2013-07-08-17-07-06.099638-COT From: NLG        To: HUB        Command: nlg_text_generated() 

2013-07-08-17-07-06.105955-COT  MainProcess : INFO       
    #7473   Time: 2013-07-08-17-07-06.102482-COT From: TTS        To: HUB        Command: tts_start(user_id="None",text="Ze zastávky Anděl. Jaká je Vaše cílová stanice?") 

2013-07-08-17-07-06.146739-COT  MainProcess : INFO       
    #7476   Time: 2013-07-08-17-07-06.106664-COT From: VoipIO     To: HUB        Command: play_utterance_start(user_id="None",fname="tts-2013-07-08-17-07-06.101448.wav") 

2013-07-08-17-07-06.218708-COT  MainProcess : INFO       
    #7746   Time: 2013-07-08-17-07-06.214219-COT From: TTS        To: HUB        Command: tts_end(user_id="None",text="Ze zastávky Anděl. Jaká je Vaše cílová stanice?",fname="tts-2013-07-08-17-07-06.101448.wav",log="true") 

2013-07-08-17-07-10.336302-COT  MainProcess : INFO       
    #7955   Time: 2013-07-08-17-07-09.540380-COT From: VoipIO     To: HUB        Command: play_utterance_end(user_id="None",fname="tts-2013-07-08-17-07-06.101448.wav) 

2013-07-08-17-07-12.233042-COT  MainProcess : INFO       
    #8125   Time: 2013-07-08-17-07-12.227465-COT From: VAD        To: HUB        Command: speech_start(fname="vad-2013-07-08-17-07-12.184657.wav") 

2013-07-08-17-07-12.237134-COT  ASR-3      : DEBUG      
    ASR: speech_start()

2013-07-08-17-07-12.246494-COT  MainProcess : INFO       
    #8126   Time: 2013-07-08-17-07-12.229604-COT From: ASR        To: HUB        Command: asr_start() 

2013-07-08-17-07-14.323694-COT  MainProcess : INFO       
    #8260   Time: 2013-07-08-17-07-14.322263-COT From: VAD        To: HUB        Command: speech_end(fname="vad-2013-07-08-17-07-12.184657.wav") 

2013-07-08-17-07-14.325470-COT  ASR-3      : DEBUG      
    ASR: speech_end()

2013-07-08-17-07-14.370247-COT  VoipIO-1   : INFO       
    17:07:14.369    pjsua_acc.c  ....<sip:DEV-9889@external.sip.mff.cuni.cz:5066>: registration success, status=200 (OK), will re-register in 300 seconds
    

2013-07-08-17-07-15.514489-COT  ASR-3      : DEBUG      
    ASR Hypothesis
    ------------------------------------------------------------
    0.756 chtěl bych nemocenské náměstí
    0.031 chtěl bych nemocenská náměstí
    0.028 chtěl bych být nemocenská náměstí
    0.026 chtěl bych na mořské náměstí
    0.024 chtěl bych jet na mořské náměstí
    0.022 chtěl bych tě moc rád k náměstí
    0.020 chtěl bych rád k náměstí
    0.018 chtěl být nemocenská náměstí
    0.016 chtěl bich nemocenské náměstí
    0.014 chtěl by nemocenské náměstí
    0.012 chtěl bych tě moc rád náměstí
    0.010 chtěl bych jít na mořské náměstí
    0.008 chtěl bych poslat k náměstí
    0.006 chtěl bych moc rád náměstí
    0.004 chtěl bych být na mořské náměstí
    0.002 chtěl byh nemocenské náměstí
    0.000 __other__
    

2013-07-08-17-07-15.558346-COT  MainProcess : INFO       
    #8337   Time: 2013-07-08-17-07-15.555524-COT From: ASR        To: HUB        Command: asr_end() 

2013-07-08-17-07-16.465992-COT  SLU-4      : DEBUG      
    SLU Hypothesis
    ------------------------------------------------------------
    1.000 other()
    

2013-07-08-17-07-16.496527-COT  MainProcess : INFO       
    #8399   Time: 2013-07-08-17-07-16.494446-COT From: SLU        To: HUB        Command: slu_parsed() 

2013-07-08-17-07-16.498778-COT  DM-5       : DEBUG      
    DDDState Dialogue Act in: other()

2013-07-08-17-07-16.500539-COT  DM-5       : DEBUG      
    Context Resolution - Dialogue Act: other()

2013-07-08-17-07-16.503062-COT  DM-5       : DEBUG      
    DDDState - Dialogue state content:
    
    ludait = other
    alternative = none
    from_stop = Anděl
    silence_time = 0.0
    to_centre = none
    to_stop = none
    
    rh_from_stop = system-informed
    rh_silence_timeout = system-informed
    
    ch_from_stop = system-informed
    ch_silence_timeout = system-informed
    
    sh_from_stop = system-informed
    sh_silence_timeout = system-informed
    

2013-07-08-17-07-16.504588-COT  DM-5       : DEBUG      
    DDDState - Dialogue state update
    
    Requested slots:
    {}
    Confirmed slots:
    {}
    Non-informed slots:
    {u'silence_time': 0.0}

2013-07-08-17-07-16.565782-COT  DM-5       : DEBUG      
    DM Output
    ------------------------------------------------------------
    notunderstood()&help(inform="to_stop")
    

2013-07-08-17-07-16.600595-COT  MainProcess : INFO       
    #8406   Time: 2013-07-08-17-07-16.598456-COT From: DM         To: HUB        Hyp: notunderstood()&help(inform="to_stop") 

2013-07-08-17-07-16.603578-COT  NLG-6      : DEBUG      
    #8408   Time: 2013-07-08-17-07-16.602192-COT From: DM         To: HUB        Hyp: notunderstood()&help(inform="to_stop") 

2013-07-08-17-07-16.606784-COT  NLG-6      : DEBUG      
    NLG Output
    ------------------------------------------------------------
    Promiňte, nerozuměla jsem. Můžete například říct na Zvonařku.
    

2013-07-08-17-07-16.655297-COT  MainProcess : INFO       
    #8411   Time: 2013-07-08-17-07-16.654295-COT From: NLG        To: HUB        Command: nlg_text_generated() 

2013-07-08-17-07-16.656315-COT  MainProcess : INFO       
    #8413   Time: 2013-07-08-17-07-16.654688-COT From: TTS        To: HUB        Command: tts_start(user_id="None",text="Promiňte, nerozuměla jsem. Můžete například říct na Zvonařku.") 

2013-07-08-17-07-16.697467-COT  MainProcess : INFO       
    #8416   Time: 2013-07-08-17-07-16.660224-COT From: VoipIO     To: HUB        Command: play_utterance_start(user_id="None",fname="tts-2013-07-08-17-07-16.654586.wav") 

2013-07-08-17-07-16.866319-COT  MainProcess : INFO       
    #8754   Time: 2013-07-08-17-07-16.864240-COT From: TTS        To: HUB        Command: tts_end(user_id="None",text="Promiňte, nerozuměla jsem. Můžete například říct na Zvonařku.",fname="tts-2013-07-08-17-07-16.654586.wav",log="true") 

2013-07-08-17-07-21.984651-COT  MainProcess : INFO       
    #9022   Time: 2013-07-08-17-07-21.125784-COT From: VoipIO     To: HUB        Command: play_utterance_end(user_id="None",fname="tts-2013-07-08-17-07-16.654586.wav) 

2013-07-08-17-07-24.987627-COT  DM-5       : DEBUG      
    #9267   Time: 2013-07-08-17-07-24.986029-COT From: HUB        To: DM         Command: timeout(silence_time="3.001") 

2013-07-08-17-07-24.990200-COT  DM-5       : DEBUG      
    DDDState Dialogue Act in: silence(time="3.001")

2013-07-08-17-07-24.991118-COT  DM-5       : DEBUG      
    Context Resolution - Dialogue Act: silence(time="3.001")

2013-07-08-17-07-24.994510-COT  DM-5       : DEBUG      
    DDDState - Dialogue state content:
    
    ludait = silence
    alternative = none
    from_stop = Anděl
    route_alternative = none
    silence_time = 3.001
    to_centre = none
    to_stop = none
    
    rh_from_stop = system-informed
    rh_silence_timeout = system-informed
    
    ch_from_stop = system-informed
    ch_silence_timeout = system-informed
    
    sh_from_stop = system-informed
    sh_silence_timeout = system-informed
    

2013-07-08-17-07-24.996486-COT  DM-5       : DEBUG      
    DDDState - Dialogue state update
    
    Requested slots:
    {}
    Confirmed slots:
    {}
    Non-informed slots:
    {u'silence_time': 3.001}

2013-07-08-17-07-24.997930-COT  DM-5       : DEBUG      
    DM Output
    ------------------------------------------------------------
    silence()
    

2013-07-08-17-07-25.061950-COT  MainProcess : INFO       
    #9272   Time: 2013-07-08-17-07-25.058826-COT From: DM         To: HUB        Hyp: silence() 

2013-07-08-17-07-25.552197-COT  MainProcess : INFO       
    #9302   Time: 2013-07-08-17-07-25.542520-COT From: VAD        To: HUB        Command: speech_start(fname="vad-2013-07-08-17-07-25.499351.wav") 

2013-07-08-17-07-25.553605-COT  ASR-3      : DEBUG      
    ASR: speech_start()

2013-07-08-17-07-25.555114-COT  MainProcess : INFO       
    #9303   Time: 2013-07-08-17-07-25.551770-COT From: ASR        To: HUB        Command: asr_start() 

2013-07-08-17-07-26.199185-COT  MainProcess : INFO       
    #9346   Time: 2013-07-08-17-07-26.196715-COT From: VAD        To: HUB        Command: speech_end(fname="vad-2013-07-08-17-07-25.499351.wav") 

2013-07-08-17-07-26.229018-COT  ASR-3      : DEBUG      
    ASR: speech_end()

2013-07-08-17-07-26.716501-COT  ASR-3      : DEBUG      
    ASR Hypothesis
    ------------------------------------------------------------
    1.000 __silence__
    0.000 __other__
    

2013-07-08-17-07-26.782202-COT  SLU-4      : DEBUG      
    SLU Hypothesis
    ------------------------------------------------------------
    1.000 silence()
    

2013-07-08-17-07-26.784482-COT  MainProcess : INFO       
    #9383   Time: 2013-07-08-17-07-26.780608-COT From: ASR        To: HUB        Command: asr_end() 

2013-07-08-17-07-26.845064-COT  MainProcess : INFO       
    #9392   Time: 2013-07-08-17-07-26.841916-COT From: SLU        To: HUB        Command: slu_parsed() 

2013-07-08-17-07-26.846563-COT  DM-5       : DEBUG      
    DDDState Dialogue Act in: silence()

2013-07-08-17-07-26.847540-COT  DM-5       : DEBUG      
    Context Resolution - Dialogue Act: silence()

2013-07-08-17-07-26.850841-COT  DM-5       : DEBUG      
    DDDState - Dialogue state content:
    
    ludait = silence
    alternative = none
    from_stop = Anděl
    route_alternative = none
    silence_time = 0.0
    to_centre = none
    to_stop = none
    
    rh_from_stop = system-informed
    rh_silence_timeout = system-informed
    
    ch_from_stop = system-informed
    ch_silence_timeout = system-informed
    
    sh_from_stop = system-informed
    sh_silence_timeout = system-informed
    

2013-07-08-17-07-26.853093-COT  DM-5       : DEBUG      
    DDDState - Dialogue state update
    
    Requested slots:
    {}
    Confirmed slots:
    {}
    Non-informed slots:
    {u'silence_time': 0.0}

2013-07-08-17-07-26.908978-COT  DM-5       : DEBUG      
    DM Output
    ------------------------------------------------------------
    silence()
    

2013-07-08-17-07-26.933658-COT  MainProcess : INFO       
    #9398   Time: 2013-07-08-17-07-26.932484-COT From: DM         To: HUB        Hyp: silence() 

2013-07-08-17-07-29.203416-COT  DM-5       : DEBUG      
    #9540   Time: 2013-07-08-17-07-29.200442-COT From: HUB        To: DM         Command: timeout(silence_time="3.001") 

2013-07-08-17-07-29.204844-COT  DM-5       : DEBUG      
    DDDState Dialogue Act in: silence(time="3.001")

2013-07-08-17-07-29.205657-COT  DM-5       : DEBUG      
    Context Resolution - Dialogue Act: silence(time="3.001")

2013-07-08-17-07-29.208865-COT  DM-5       : DEBUG      
    DDDState - Dialogue state content:
    
    ludait = silence
    alternative = none
    from_stop = Anděl
    route_alternative = none
    silence_time = 3.001
    to_centre = none
    to_stop = none
    
    rh_from_stop = system-informed
    rh_silence_timeout = system-informed
    
    ch_from_stop = system-informed
    ch_silence_timeout = system-informed
    
    sh_from_stop = system-informed
    sh_silence_timeout = system-informed
    

2013-07-08-17-07-29.210717-COT  DM-5       : DEBUG      
    DDDState - Dialogue state update
    
    Requested slots:
    {}
    Confirmed slots:
    {}
    Non-informed slots:
    {u'silence_time': 3.001}

2013-07-08-17-07-29.211860-COT  DM-5       : DEBUG      
    DM Output
    ------------------------------------------------------------
    bye()&inform(toolong="true")
    

2013-07-08-17-07-29.273172-COT  MainProcess : INFO       
    #9545   Time: 2013-07-08-17-07-29.270724-COT From: DM         To: HUB        Hyp: bye()&inform(toolong="true") 

2013-07-08-17-07-29.276466-COT  NLG-6      : DEBUG      
    #9548   Time: 2013-07-08-17-07-29.273637-COT From: DM         To: HUB        Hyp: bye()&inform(toolong="true") 

2013-07-08-17-07-29.278400-COT  NLG-6      : DEBUG      
    NLG Output
    ------------------------------------------------------------
    Moc děkujeme za zavolání, ale tento hovor již přesáhl maximální povolenou délku. Na shledanou.
    

2013-07-08-17-07-29.284837-COT  MainProcess : INFO       
    #9546   Time: 2013-07-08-17-07-29.270772-COT From: DM         To: HUB        Command: hangup() 

2013-07-08-17-07-29.341573-COT  MainProcess : INFO       
    #9553   Time: 2013-07-08-17-07-29.338342-COT From: NLG        To: HUB        Command: nlg_text_generated() 

2013-07-08-17-07-29.348488-COT  MainProcess : INFO       
    #9556   Time: 2013-07-08-17-07-29.342088-COT From: TTS        To: HUB        Command: tts_start(user_id="None",text="Moc děkujeme za zavolání, ale tento hovor již přesáhl maximální povolenou délku. Na shledanou.") 

2013-07-08-17-07-29.375753-COT  MainProcess : INFO       
    #9558   Time: 2013-07-08-17-07-29.343793-COT From: VoipIO     To: HUB        Command: play_utterance_start(user_id="None",fname="tts-2013-07-08-17-07-29.340404.wav") 

2013-07-08-17-07-29.532664-COT  MainProcess : INFO       
    #10024  Time: 2013-07-08-17-07-29.530106-COT From: TTS        To: HUB        Command: tts_end(user_id="None",text="Moc děkujeme za zavolání, ale tento hovor již přesáhl maximální povolenou délku. Na shledanou.",fname="tts-2013-07-08-17-07-29.340404.wav",log="true") 

2013-07-08-17-07-29.553448-COT  ASR-3      : DEBUG      
    ASR: speech_start()

2013-07-08-17-07-29.557257-COT  MainProcess : INFO       
    #10027  Time: 2013-07-08-17-07-29.540929-COT From: VAD        To: HUB        Command: speech_start(fname="vad-2013-07-08-17-07-29.461462.wav") 

2013-07-08-17-07-29.558506-COT  MainProcess : INFO       
    #10028  Time: 2013-07-08-17-07-29.549127-COT From: ASR        To: HUB        Command: asr_start() 

2013-07-08-17-07-31.281240-COT  MainProcess : INFO       
    #10138  Time: 2013-07-08-17-07-31.280327-COT From: VAD        To: HUB        Command: speech_end(fname="vad-2013-07-08-17-07-29.461462.wav") 

2013-07-08-17-07-31.285633-COT  ASR-3      : DEBUG      
    ASR: speech_end()

2013-07-08-17-07-32.248071-COT  ASR-3      : DEBUG      
    ASR Hypothesis
    ------------------------------------------------------------
    0.905 chtěl bych jenom ostravské náměstí
    0.009 chtěl bych na moskevské náměstí mš
    0.009 chtěl bych jenom ostravské náměstí i
    0.008 chtěl bych tě na moskevské náměstí mš
    0.008 chtěl bych dostat k náměstí
    0.007 chtěl bych rád k náměstí
    0.007 chtěl bych jenom ostravské náměstí a
    0.006 chtěl bych jet na moskevské náměstí mš
    0.006 chtěl bych napsat k náměstí
    0.005 chtěl bych tě moc rád k náměstí
    0.005 chtěl bych se na moskevské náměstí mš
    0.004 chtěl bych je na moskevské náměstí mš
    0.004 chtěl bych namazat k náměstí
    0.003 chtěl bych na moskevské náměstí a
    0.003 chtěl bych tě na moskevské náměstí a
    0.002 chtěl bych nemocenské náměstí a
    0.002 chtěl bych tě nemá rád k náměstí
    0.001 chtěl bych jet na moskevské náměstí a
    0.001 chtěl bych se na moskevské náměstí a
    0.000 chtěl bych vás rád k náměstí
    0.000 __other__
    

2013-07-08-17-07-32.284266-COT  MainProcess : INFO       
    #10201  Time: 2013-07-08-17-07-32.282258-COT From: ASR        To: HUB        Command: asr_end() 

2013-07-08-17-07-33.354302-COT  SLU-4      : DEBUG      
    SLU Hypothesis
    ------------------------------------------------------------
    1.000 other()
    

2013-07-08-17-07-33.388272-COT  DM-5       : DEBUG      
    DDDState Dialogue Act in: other()

2013-07-08-17-07-33.389250-COT  DM-5       : DEBUG      
    Context Resolution - Dialogue Act: other()

2013-07-08-17-07-33.390690-COT  DM-5       : DEBUG      
    DDDState - Dialogue state content:
    
    ludait = other
    alternative = none
    from_stop = Anděl
    route_alternative = none
    silence_time = 0.0
    to_centre = none
    to_stop = none
    
    rh_from_stop = system-informed
    rh_silence_timeout = system-informed
    rh_toolong = system-informed
    
    ch_from_stop = system-informed
    ch_silence_timeout = system-informed
    ch_toolong = system-informed
    
    sh_from_stop = system-informed
    sh_silence_timeout = system-informed
    sh_toolong = system-informed
    

2013-07-08-17-07-33.391421-COT  MainProcess : INFO       
    #10272  Time: 2013-07-08-17-07-33.386773-COT From: SLU        To: HUB        Command: slu_parsed() 

2013-07-08-17-07-33.392802-COT  DM-5       : DEBUG      
    DDDState - Dialogue state update
    
    Requested slots:
    {}
    Confirmed slots:
    {}
    Non-informed slots:
    {u'silence_time': 0.0}

2013-07-08-17-07-33.488925-COT  DM-5       : DEBUG      
    DM Output
    ------------------------------------------------------------
    bye()&inform(toolong="true")
    

2013-07-08-17-07-33.577147-COT  MainProcess : INFO       
    #10284  Time: 2013-07-08-17-07-33.558716-COT From: DM         To: HUB        Hyp: bye()&inform(toolong="true") 

2013-07-08-17-07-33.631506-COT  NLG-6      : DEBUG      
    #10291  Time: 2013-07-08-17-07-33.629655-COT From: HUB        To: NLG        Command: flush() 

2013-07-08-17-07-33.633325-COT  MainProcess : INFO       
    #10285  Time: 2013-07-08-17-07-33.558757-COT From: DM         To: HUB        Command: hangup() 

2013-07-08-17-07-33.637062-COT  MainProcess : INFO       
    #10293  Time: 2013-07-08-17-07-33.632009-COT From: NLG        To: HUB        Command: flushed() 

2013-07-08-17-07-33.639325-COT  NLG-6      : DEBUG      
    #10292  Time: 2013-07-08-17-07-33.629780-COT From: DM         To: HUB        Hyp: bye()&inform(toolong="true") 

2013-07-08-17-07-33.641142-COT  NLG-6      : DEBUG      
    NLG Output
    ------------------------------------------------------------
    Moc děkujeme za zavolání, ale tento hovor již přesáhl maximální povolenou délku. Na shledanou.
    

2013-07-08-17-07-33.642841-COT  TTS-7      : DEBUG      
    #10295  Time: 2013-07-08-17-07-33.637266-COT From: HUB        To: TTS        Command: flush() 

2013-07-08-17-07-33.645055-COT  MainProcess : INFO       
    #10297  Time: 2013-07-08-17-07-33.642977-COT From: TTS        To: HUB        Command: flushed() 

2013-07-08-17-07-33.646992-COT  VoipIO-1   : DEBUG      
    #10298  Time: 2013-07-08-17-07-33.645570-COT From: HUB        To: VIO        Command: flush_out() 

2013-07-08-17-07-33.649052-COT  MainProcess : INFO       
    #10299  Time: 2013-07-08-17-07-33.647213-COT From: VoipIO     To: HUB        Command: flushed_out() 

2013-07-08-17-07-33.703782-COT  MainProcess : INFO       
    #10304  Time: 2013-07-08-17-07-33.699777-COT From: NLG        To: HUB        Command: nlg_text_generated() 

2013-07-08-17-07-33.706194-COT  MainProcess : INFO       
    #10306  Time: 2013-07-08-17-07-33.702082-COT From: TTS        To: HUB        Command: tts_start(user_id="None",text="Moc děkujeme za zavolání, ale tento hovor již přesáhl maximální povolenou délku. Na shledanou.") 

2013-07-08-17-07-33.795799-COT  MainProcess : INFO       
    #10308  Time: 2013-07-08-17-07-33.703224-COT From: VoipIO     To: HUB        Command: play_utterance_start(user_id="None",fname="tts-2013-07-08-17-07-33.701922.wav") 

2013-07-08-17-07-33.822824-COT  MainProcess : INFO       
    #10766  Time: 2013-07-08-17-07-33.818078-COT From: TTS        To: HUB        Command: tts_end(user_id="None",text="Moc děkujeme za zavolání, ale tento hovor již přesáhl maximální povolenou délku. Na shledanou.",fname="tts-2013-07-08-17-07-33.701922.wav",log="true") 

2013-07-08-17-07-40.995958-COT  MainProcess : INFO       
    #11215  Time: 2013-07-08-17-07-40.952854-COT From: VoipIO     To: HUB        Command: play_utterance_end(user_id="None",fname="tts-2013-07-08-17-07-33.701922.wav) 

2013-07-08-17-07-42.621364-COT  ASR-3      : DEBUG      
    ASR: speech_start()

2013-07-08-17-07-42.624523-COT  MainProcess : INFO       
    #11321  Time: 2013-07-08-17-07-42.618018-COT From: VAD        To: HUB        Command: speech_start(fname="vad-2013-07-08-17-07-42.479613.wav") 

2013-07-08-17-07-42.627262-COT  MainProcess : INFO       
    #11322  Time: 2013-07-08-17-07-42.619994-COT From: ASR        To: HUB        Command: asr_start() 

2013-07-08-17-07-42.997884-COT  VoipIO-1   : DEBUG      
    #11347  Time: 2013-07-08-17-07-42.996904-COT From: HUB        To: VoipIO     Command: hangup() 

2013-07-08-17-07-42.998780-COT  VoipIO-1   : DEBUG      
    Hangup the call

2013-07-08-17-07-43.237707-COT  VoipIO-1   : DEBUG      
    CallCallback::on_state : Call with "Anonymous" <sip:anonymous@195.113.20.69> is DISCONNCTD last code = 603 ()

2013-07-08-17-07-43.303589-COT  VoipIO-1   : DEBUG      
    VoipIO::on_call_disconnected

2013-07-08-17-07-43.306847-COT  MainProcess : INFO       
    #11364  Time: 2013-07-08-17-07-43.303783-COT From: VoipIO     To: HUB        Command: call_disconnected(remote_uri="anonymous") 

