2013-06-20-15-21-25.366752-CEST  MainProcess : SYSTEM-LOG 
    config = { 'ASR': { 'Google': { 'debug': False, 'language': 'cs', 'maxresults': 20},
               'Julius': { 'adinnetport': 5530,
                           'binary': '/usr/local/bin/julius',
                           'debug': False,
                           'hostname': 'localhost',
                           'jconf': { '-adport': '5530',
                                      '-b': '1000',
                                      '-b2': '100',
                                      '-cmnload': 'cmn.param',
                                      '-cmnmapweight': '200',
                                      '-cmnsave': 'cmn.param',
                                      '-confnet': '',
                                      '-fallback1pass': '',
                                      '-gprune': 'safe',
                                      '-h': '/mnt/h/jurcicek/vystadial-git/alex/resources/asr/voip_en/hmmdefs',
                                      '-hlist': '/mnt/h/jurcicek/vystadial-git/alex/resources/asr/voip_en/tiedlist',
                                      '-htkconf': '/mnt/h/jurcicek/vystadial-git/alex/resources/asr/voip_en/config',
                                      '-input': 'adinnet',
                                      '-iwsp': '',
                                      '-iwsppenalty': '0.0',
                                      '-lmp': '15.0 0.0',
                                      '-lmp2': '15.0 0.0',
                                      '-mapunk': 'UM',
                                      '-module': '10500',
                                      '-n': '50',
                                      '-nlr': '/mnt/h/jurcicek/vystadial-git/alex/resources/lm/caminfo/julius_arpa_bigram',
                                      '-no_ccd': '',
                                      '-nrl': '/mnt/h/jurcicek/vystadial-git/alex/resources/lm/caminfo/julius_arpa_rev_bigram',
                                      '-silhead': '<s>',
                                      '-siltail': '</s>',
                                      '-spmodel': 'sp',
                                      '-tmix': '4',
                                      '-v': '/mnt/h/jurcicek/vystadial-git/alex/resources/lm/caminfo/julius_dict'},
                           'jconffile': 'julius.jconf',
                           'killall': False,
                           'logfile': 'julius.log',
                           'msg_timeout': 0.3,
                           'pidfile': 'julius.pid',
                           'reuse_server': False,
                           'serverport': 10500,
                           'start_max_wait_time': 15,
                           'start_wait_time': 0.5,
                           'timeout': 2.0},
               'Kaldi': { 'LM_scale': -6666.66,
                          'hypothesis_type': 'nblist',
                          'lat_depth': 666666,
                          'model': 'TODO_path_to_model'},
               'debug': True,
               'type': 'Google'},
      'AlexOnTheBus': { 'max_turns': 30},
      'Audio': { 'sample_rate': 16000, 'samples_per_frame': 256},
      'AudioIO': { 'debug': True, 'output_dir': './aio_call_log', 'play_buffer_size': 1024},
      'DM': { 'PUfalRuleDM': { 'code_submit_url': None,
                               'db_cfg': '/mnt/h/jurcicek/vystadial-git/alex/resources/../applications/CamInfoRest/cued_data/CIRdbase_V7_noloc.txt',
                               'ontology': '/mnt/h/jurcicek/vystadial-git/alex/resources/../applications/CamInfoRest/ontology.cfg',
                               'provide_code': False},
              'UfalRuleDM': { 'code_submit_url': None,
                              'db_cfg': '/mnt/h/jurcicek/vystadial-git/alex/resources/../applications/CamInfoRest/cued_data/CIRdbase_V7_noloc.txt',
                              'ontology': '/mnt/h/jurcicek/vystadial-git/alex/resources/../applications/CamInfoRest/ontology.cfg',
                              'provide_code': False},
              'basic': { 'debug': True},
              'debug': True,
              'dialogue_policy': { 'type': <class 'alex.applications.AlexOnTheBus.aotb_hdc_policy.AOTBHDCPolicy'>},
              'dialogue_state': { 'type': <class 'alex.components.dm.dddstate.DeterministicDiscriminativeDialogueState'>},
              'ontology': '/mnt/h/jurcicek/vystadial-git/alex/applications/AlexOnTheBus/data/ontology.py',
              'type': 'basic'},
      'General': { 'include': ['/mnt/h/jurcicek/vystadial-git/alex/resources/private/default.cfg']},
      'Hub': { 'history_file': 'hub_history_hub.txt', 'history_length': 1000, 'main_loop_sleep_time': 0.005},
      'Logging': { 'session_logger': SessionLogger(),
                   'system_logger': SystemLogger(output_dir=./call_logs, stdout_log_level='DEBUG', stdout=True, file_log_level='DEBUG'),
                   'system_name': 'Alex On The Bus',
                   'version': '1.0'},
      'NLG': { 'Template': { 'model': '/mnt/h/jurcicek/vystadial-git/alex/applications/AlexOnTheBus/nlg_templates.cfg'},
               'debug': True,
               'type': 'Template'},
      'SHub': { 'history_file': 'hub_history_shub.txt', 'history_length': 1000},
      'SLU': { 'cl-tracing': { 'cldb_fname': '/mnt/h/jurcicek/vystadial-git/alex/resources/../applications/CamInfoRest/data/database.py',
                               'do_preprocessing': True,
                               'features_type': ('ngram',),
                               'testing': { 'max_examples': None,
                                            'min_perc': 80,
                                            'model_fname': '/mnt/h/jurcicek/vystadial-git/alex/resources/../applications/CamInfoRest/models/130516_minf60-minfc35-mind60.slu_model.gz',
                                            'renormalise': True,
                                            'threshold': None,
                                            'vanilla': True},
                               'training': { 'models_dir': 'models'}},
               'debug': True,
               'type': <class 'alex.applications.AlexOnTheBus.aotb_slu.AOTBSLU'>,
               <class 'alex.applications.AlexOnTheBus.aotb_slu.AOTBSLU'>: { 'cldb_fname': '/mnt/h/jurcicek/vystadial-git/alex/applications/AlexOnTheBus/data/database.py',
                                                                            'preprocessing_cls': <class 'alex.applications.AlexOnTheBus.aotb_preprocessing.AOTBSLUPreprocessing'>,
                                                                            'training': { 'models_dir': 'models'}}},
      'THub': { 'history_file': 'hub_history_thub.txt', 'history_length': 1000},
      'TTS': { 'Flite': { 'debug': False,
                          'preprocessing': '/mnt/h/jurcicek/vystadial-git/alex/resources/tts/prep_flite_en.cfg',
                          'voice': 'kal16'},
               'Google': { 'debug': False,
                           'language': 'en',
                           'preprocessing': '/mnt/h/jurcicek/vystadial-git/alex/resources/tts/prep_google_en.cfg'},
               'SpeechTech': { 'debug': True,
                               'login': 'filipjurcicek',
    # this line was removed since it included a password
                               'preprocessing': '/mnt/h/jurcicek/vystadial-git/alex/resources/tts/prep_speechtech_cs.cfg',
                               'voice': 'Iva210'},
               'VoiceRSS': { 'api_key': '3b6a9fca5d724b1c8ac34691586cdda1'},
               'VoiceRss': { 'language': 'en-gb',
                             'preprocessing': '/mnt/h/jurcicek/vystadial-git/alex/resources/tts/prep_voicerss_en.cfg'},
               'debug': True,
               'type': 'SpeechTech'},
      'VAD': { 'debug': False,
               'decision_frames_sil': 25,
               'decision_frames_speech': 10,
               'decision_non_speech_threshold': 0.2,
               'decision_speech_threshold': 0.7,
               'gmm': { 'ceplifter': 22,
                        'enormalise': True,
                        'filter_length': 5,
                        'frameshift': 160,
                        'framesize': 512,
                        'frontend': 'MFCC',
                        'hifreq': 3800,
                        'lofreq': 125,
                        'numceps': 12,
                        'numchans': 26,
                        'preemcoef': 0.97,
                        'sil_model': '/mnt/h/jurcicek/vystadial-git/alex/resources/vad/voip_en/vad_sil_sds_mfcc_m064_f100000.gmm',
                        'speech_model': '/mnt/h/jurcicek/vystadial-git/alex/resources/vad/voip_en/vad_speech_sds_mfcc_m064_f100000.gmm',
                        'useacc': True,
                        'usec0': False,
                        'usecmn': False,
                        'usedelta': True,
                        'usehamming': True,
                        'usepower': True,
                        'zmeansource': True},
               'power': { 'adaptation_frames': 30, 'threshold': 70, 'threshold_multiplier': 1.0},
               'speech_buffer_frames': 20,
               'type': 'gmm'},
      'VoipHub': { 'blacklist_for': 7200,
                   'call_db': '/mnt/h/jurcicek/vystadial-git/alex/applications/AlexOnTheBus/call_db.pckl',
                   'hard_time_limit': 360,
                   'hard_turn_limit': 40,
                   'history_length': 1000,
                   'last_period_max_num_calls': 100,
                   'last_period_max_total_time': 1800,
                   'limit_reached_message': u'D\u011bkujeme za zavol\xe1n\xed, ale u\u017e jste volali hodn\u011b. Pros\xedm zavolejte pozd\u011bji. Na shledanou.',
                   'period': 172800,
                   'pid_file': '/mnt/h/jurcicek/vystadial-git/alex/applications/vhub.pid',
                   'wait_time_before_calling_back': 10},
      'VoipIO': { 'allowed_hosts': '',
                  'allowed_phone_numbers': '(^[234567])',
                  'allowed_users': '(^[234567])',
                  'debug': True,
                  'domain': 'external.sip.mff.cuni.cz:5066',
                  'forbidden_hosts': '',
                  'forbidden_phone_number': '(^112$|^150$|^155$|^156$|^158$)',
                  'forbidden_users': '(^112$|^150$|^155$|^156$|^158$)',
    # this line was removed since it included a password
                  'pjsip_log_level': 3,
                  'reject_calls': False,
                  'user': 'DEV-9889'},
      'WebHub': { 'port': 8000}}
    

2013-06-20-15-21-25.367085-CEST  MainProcess : INFO       
    From: VoipIO     To: HUB        Command: incoming_call(remote_uri="4366") 

2013-06-20-15-21-25.398786-CEST  VoipIO-1   : DEBUG      
    CallCallback::on_state : Call with "Bejcek Eduard" <sip:4366@195.113.20.69> is CONFIRMED last code = 200 (OK)

2013-06-20-15-21-25.486149-CEST  MainProcess : INFO       
    From: VoipIO     To: HUB        Command: call_connecting(remote_uri="4366") 

2013-06-20-15-21-25.556462-CEST  VoipIO-1   : DEBUG      
    VoipIO::on_call_confirmed

2013-06-20-15-21-25.558932-CEST  MainProcess : INFO       
    From: VoipIO     To: HUB        Command: call_confirmed(remote_uri="4366") 

2013-06-20-15-21-25.559519-CEST  MainProcess : INFO       
    
    ========================================================================================================================
    Incoming call from :          4366
    ------------------------------------------------------------------------------------------------------------------------
    Total calls:                  3
    Total time (min):             0.6
    Last period total calls:      3
    Last period total time (min): 0.6
    ------------------------------------------------------------------------------------------------------------------------
    CALL ACCEPTED
    ========================================================================================================================
    

2013-06-20-15-21-25.562659-CEST  DM-5       : DEBUG      
    From: HUB        To: DM         Command: new_dialogue() 

2013-06-20-15-21-25.563232-CEST  DM-5       : DEBUG      
    DM Output
    ------------------------------------------------------------
    hello()
    

2013-06-20-15-21-25.643449-CEST  MainProcess : INFO       
    From: DM         To: HUB        Command: dm_da_generated() 

2013-06-20-15-21-25.645174-CEST  NLG-6      : DEBUG      
    NLG Output
    ------------------------------------------------------------
    Dobrý den, dovolali jste se na informace o veřejné dopravě v Praze. Tato experimentální služba je poskytována laboratoří výzkumu hlasových dialogových systémů na Ústavu Formální a Aplikované Lingvistiky na Karlově Univerzitě. Hovor je nahráván. Více informací o této službě je na internetu. Jak Vám mohu pomoci. 
    

2013-06-20-15-21-25.674818-CEST  MainProcess : INFO       
    From: NLG        To: HUB        Command: nlg_text_generated() 

2013-06-20-15-21-25.680421-CEST  MainProcess : INFO       
    From: TTS        To: HUB        Command: tts_start(user_id="None",text="Dobrý den, dovolali jste se na informace o veřejné dopravě v Praze. Tato experimentální služba je poskytována laboratoří výzkumu hlasových dialogových systémů na Ústavu Formální a Aplikované Lingvistiky na Karlově Univerzitě. Hovor je nahráván. Více informací o této službě je na internetu. Jak Vám mohu pomoci. ") 

2013-06-20-15-21-25.767374-CEST  MainProcess : INFO       
    From: VoipIO     To: HUB        Command: play_utterance_start(user_id="None",fname="tts-2013-06-20-15-21-25.675414.wav") 

2013-06-20-15-21-25.926394-CEST  MainProcess : INFO       
    From: TTS        To: HUB        Command: tts_end(user_id="None",text="Dobrý den, dovolali jste se na informace o veřejné dopravě v Praze. Tato experimentální služba je poskytována laboratoří výzkumu hlasových dialogových systémů na Ústavu Formální a Aplikované Lingvistiky na Karlově Univerzitě. Hovor je nahráván. Více informací o této službě je na internetu. Jak Vám mohu pomoci. ",fname="tts-2013-06-20-15-21-25.675414.wav") 

2013-06-20-15-21-49.376515-CEST  MainProcess : INFO       
    From: VAD        To: HUB        Command: speech_start(fname="vad-2013-06-20-15-21-49.303204.wav") 

2013-06-20-15-21-49.377081-CEST  ASR-3      : DEBUG      
    ASR: speech_start()

2013-06-20-15-21-49.463659-CEST  MainProcess : INFO       
    From: ASR        To: HUB        Command: asr_start() 

2013-06-20-15-21-49.468572-CEST  VoipIO-1   : DEBUG      
    From: HUB        To: VIO        Command: flush_out() 

2013-06-20-15-21-50.472561-CEST  ASR-3      : DEBUG      
    ASR: speech_end()

2013-06-20-15-21-50.474190-CEST  MainProcess : INFO       
    From: VAD        To: HUB        Command: speech_end(fname="vad-2013-06-20-15-21-49.303204.wav") 

2013-06-20-15-21-50.914137-CEST  ASR-3      : DEBUG      
    ASR Hypothesis
    ------------------------------------------------------------
    0.771 výchozí anděl
    0.038 východní anděl
    0.035 východy anděl
    0.031 výchozí a anděl
    0.028 vychází anděl
    0.024 východy a anděl
    0.021 duchovní anděl
    0.017 výchozí anděl i
    0.014 výchozí andělů
    0.010 výchozí anděla
    0.007 východní a anděl
    0.003 výchovy a anděl
    0.000 __other__
    

2013-06-20-15-21-50.943771-CEST  MainProcess : INFO       
    From: ASR        To: HUB        Command: asr_end() 

2013-06-20-15-21-51.862567-CEST  SLU-4      : DEBUG      
    SLU Hypothesis
    ------------------------------------------------------------
    0.844 inform(from_stop="Anděl")
    0.156 inform(="Anděl")
    

2013-06-20-15-21-51.889488-CEST  MainProcess : INFO       
    From: SLU        To: HUB        Command: slu_parsed() 

2013-06-20-15-21-51.893694-CEST  DM-5       : DEBUG      
    DDDState Dialogue Act in: inform(from_stop="Anděl")

2013-06-20-15-21-51.893893-CEST  DM-5       : DEBUG      
    Context Resolution - Dialogue Act: inform(from_stop="Anděl")

2013-06-20-15-21-51.894124-CEST  DM-5       : DEBUG      
    DDDState - Dialogue state content:
    
    lda = None
    from_stop = Anděl
    
    
    
    

2013-06-20-15-21-51.894345-CEST  DM-5       : DEBUG      
    DDDState
    
    Requested slots:
    {}
    Confirmed slots:
    {}
    Non-informed slots:
    {u'from_stop': u'And\u011bl'}

2013-06-20-15-21-51.894755-CEST  DM-5       : DEBUG      
    DM Output
    ------------------------------------------------------------
    iconfirm(from_stop="Anděl")&request(to_stop)
    

2013-06-20-15-21-51.956932-CEST  MainProcess : INFO       
    From: DM         To: HUB        Command: dm_da_generated() 

2013-06-20-15-21-51.960992-CEST  NLG-6      : DEBUG      
    NLG Output
    ------------------------------------------------------------
    Chcete jet ze zastávky Anděl. Kam chcete jet?
    

2013-06-20-15-21-51.993470-CEST  MainProcess : INFO       
    From: NLG        To: HUB        Command: nlg_text_generated() 

2013-06-20-15-21-51.993676-CEST  MainProcess : INFO       
    From: TTS        To: HUB        Command: tts_start(user_id="None",text="Chcete jet ze zastávky Anděl. Kam chcete jet?") 

2013-06-20-15-21-52.040138-CEST  MainProcess : INFO       
    From: VoipIO     To: HUB        Command: play_utterance_start(user_id="None",fname="tts-2013-06-20-15-21-51.990877.wav") 

2013-06-20-15-21-52.132872-CEST  MainProcess : INFO       
    From: TTS        To: HUB        Command: tts_end(user_id="None",text="Chcete jet ze zastávky Anděl. Kam chcete jet?",fname="tts-2013-06-20-15-21-51.990877.wav") 

2013-06-20-15-21-56.931014-CEST  MainProcess : INFO       
    From: VoipIO     To: HUB        Command: play_utterance_end(user_id="None",fname="tts-2013-06-20-15-21-51.990877.wav) 

2013-06-20-15-21-58.266200-CEST  MainProcess : INFO       
    From: VAD        To: HUB        Command: speech_start(fname="vad-2013-06-20-15-21-58.212020.wav") 

2013-06-20-15-21-58.266505-CEST  ASR-3      : DEBUG      
    ASR: speech_start()

2013-06-20-15-21-58.266758-CEST  MainProcess : INFO       
    From: ASR        To: HUB        Command: asr_start() 

2013-06-20-15-21-59.886092-CEST  MainProcess : INFO       
    From: VAD        To: HUB        Command: speech_end(fname="vad-2013-06-20-15-21-58.212020.wav") 

2013-06-20-15-21-59.886422-CEST  ASR-3      : DEBUG      
    ASR: speech_end()

2013-06-20-15-22-00.554140-CEST  ASR-3      : DEBUG      
    ASR Hypothesis
    ------------------------------------------------------------
    0.505 film ostravské náměstí
    0.052 film a stranické náměstí
    0.049 film a sladké náměstí
    0.046 film ostravská náměstí
    0.043 film ostrava náměstí
    0.041 fylm ostravské náměstí
    0.038 film ostravské náměstí i
    0.035 film a stranické náměstí i
    0.032 filmařská náměstí
    0.029 film ostrov náměstí
    0.026 filmy a stranické náměstí
    0.023 film a ostrava náměstí
    0.020 film náměstí
    0.017 film a sladké náměstí i
    0.014 film maska náměstí
    0.012 film a a stranické náměstí
    0.009 filmacek náměstí
    0.006 filmy náměstí
    0.003 filmy a sladké náměstí
    0.000 __other__
    

2013-06-20-15-22-00.577707-CEST  MainProcess : INFO       
    From: ASR        To: HUB        Command: asr_end() 

2013-06-20-15-22-01.415370-CEST  SLU-4      : DEBUG      
    SLU Hypothesis
    ------------------------------------------------------------
    1.000 other()
    

2013-06-20-15-22-01.441727-CEST  DM-5       : DEBUG      
    DDDState Dialogue Act in: other()

2013-06-20-15-22-01.441931-CEST  DM-5       : DEBUG      
    Context Resolution - Dialogue Act: other()

2013-06-20-15-22-01.442195-CEST  DM-5       : DEBUG      
    DDDState - Dialogue state content:
    
    lda = None
    from_centre = None
    from_stop = Anděl
    time = None
    to_centre = None
    to_stop = None
    
    rh_from_stop = system-informed
    
    ch_from_stop = system-informed
    
    sh_from_stop = system-informed
    

2013-06-20-15-22-01.442445-CEST  DM-5       : DEBUG      
    DDDState
    
    Requested slots:
    {}
    Confirmed slots:
    {}
    Non-informed slots:
    {}

2013-06-20-15-22-01.442787-CEST  DM-5       : DEBUG      
    DM Output
    ------------------------------------------------------------
    request(to_stop)
    

2013-06-20-15-22-01.444657-CEST  MainProcess : INFO       
    From: SLU        To: HUB        Command: slu_parsed() 

2013-06-20-15-22-01.517086-CEST  MainProcess : INFO       
    From: DM         To: HUB        Command: dm_da_generated() 

2013-06-20-15-22-01.519097-CEST  NLG-6      : DEBUG      
    NLG Output
    ------------------------------------------------------------
    Kam chcete jet?
    

2013-06-20-15-22-01.553450-CEST  MainProcess : INFO       
    From: NLG        To: HUB        Command: nlg_text_generated() 

2013-06-20-15-22-01.553647-CEST  MainProcess : INFO       
    From: TTS        To: HUB        Command: tts_start(user_id="None",text="Kam chcete jet?") 

2013-06-20-15-22-01.569414-CEST  MainProcess : INFO       
    From: TTS        To: HUB        Command: tts_end(user_id="None",text="Kam chcete jet?",fname="tts-2013-06-20-15-22-01.548904.wav") 

2013-06-20-15-22-01.605756-CEST  MainProcess : INFO       
    From: VoipIO     To: HUB        Command: play_utterance_start(user_id="None",fname="tts-2013-06-20-15-22-01.548904.wav") 

2013-06-20-15-22-03.780350-CEST  MainProcess : INFO       
    From: VoipIO     To: HUB        Command: play_utterance_end(user_id="None",fname="tts-2013-06-20-15-22-01.548904.wav) 

2013-06-20-15-22-06.543281-CEST  MainProcess : INFO       
    From: VAD        To: HUB        Command: speech_start(fname="vad-2013-06-20-15-22-06.458082.wav") 

2013-06-20-15-22-06.544779-CEST  ASR-3      : DEBUG      
    ASR: speech_start()

2013-06-20-15-22-06.548765-CEST  MainProcess : INFO       
    From: ASR        To: HUB        Command: asr_start() 

2013-06-20-15-22-08.160298-CEST  MainProcess : INFO       
    From: VAD        To: HUB        Command: speech_end(fname="vad-2013-06-20-15-22-06.458082.wav") 

2013-06-20-15-22-08.160728-CEST  ASR-3      : DEBUG      
    ASR: speech_end()

2013-06-20-15-22-08.605557-CEST  ASR-3      : DEBUG      
    ASR Hypothesis
    ------------------------------------------------------------
    0.878 cíl malostranské náměstí
    0.027 příl malostranské náměstí
    0.024 síl malostranské náměstí
    0.020 steel malostranské náměstí
    0.017 stihl malostranské náměstí
    0.014 wheel malostranské náměstí
    0.010 cíl malostranské náměstí i
    0.007 cíl malostranském náměstí
    0.003 cíl malostranský náměstí
    0.000 __other__
    

2013-06-20-15-22-08.634297-CEST  MainProcess : INFO       
    From: ASR        To: HUB        Command: asr_end() 

2013-06-20-15-22-09.040567-CEST  SLU-4      : DEBUG      
    SLU Hypothesis
    ------------------------------------------------------------
    0.888 inform(to_stop="Malostranské náměstí")
    0.102 inform(="Malostranské náměstí")
    0.010 other()
    

2013-06-20-15-22-09.066465-CEST  DM-5       : DEBUG      
    DDDState Dialogue Act in: inform(to_stop="Malostranské náměstí")

2013-06-20-15-22-09.066665-CEST  DM-5       : DEBUG      
    Context Resolution - Dialogue Act: inform(to_stop="Malostranské náměstí")

2013-06-20-15-22-09.066927-CEST  DM-5       : DEBUG      
    DDDState - Dialogue state content:
    
    lda = None
    from_centre = None
    from_stop = Anděl
    time = None
    to_centre = None
    to_stop = Malostranské náměstí
    
    rh_from_stop = system-informed
    
    ch_from_stop = system-informed
    
    sh_from_stop = system-informed
    

2013-06-20-15-22-09.067165-CEST  DM-5       : DEBUG      
    DDDState
    
    Requested slots:
    {}
    Confirmed slots:
    {}
    Non-informed slots:
    {u'to_stop': u'Malostransk\xe9 n\xe1m\u011bst\xed'}

2013-06-20-15-22-09.069994-CEST  MainProcess : INFO       
    From: SLU        To: HUB        Command: slu_parsed() 

2013-06-20-15-22-09.423753-CEST  DM-5       : DEBUG      
    DM Output
    ------------------------------------------------------------
    iconfirm(to_stop="Malostranské náměstí")&inform(alternatives="4")&inform(alternative="1")&inform(vehicle="TRAM")&inform(line="20")&inform(go_at="03:26")&inform(enter_at="Anděl")&inform(headsign="Divoká Šárka")&inform(exit_at="Malostranské náměstí")
    

2013-06-20-15-22-09.492498-CEST  MainProcess : INFO       
    From: DM         To: HUB        Command: dm_da_generated() 

2013-06-20-15-22-09.538330-CEST  NLG-6      : DEBUG      
    NLG Output
    ------------------------------------------------------------
    Do zastávky Malostranské náměstí. Našla jsem čtyři cesty. Možnost první. Jeďte tramvají číslo 20 v 03:26 ze zastávky Anděl směrem Divoká Šárka. Vystupte na zastávce Malostranské náměstí.
    

2013-06-20-15-22-09.569586-CEST  MainProcess : INFO       
    From: NLG        To: HUB        Command: nlg_text_generated() 

2013-06-20-15-22-09.575168-CEST  MainProcess : INFO       
    From: TTS        To: HUB        Command: tts_start(user_id="None",text="Do zastávky Malostranské náměstí. Našla jsem čtyři cesty. Možnost první. Jeďte tramvají číslo 20 v 03:26 ze zastávky Anděl směrem Divoká Šárka. Vystupte na zastávce Malostranské náměstí.") 

2013-06-20-15-22-09.611391-CEST  MainProcess : INFO       
    From: VoipIO     To: HUB        Command: play_utterance_start(user_id="None",fname="tts-2013-06-20-15-22-09.569206.wav") 

2013-06-20-15-22-13.695516-CEST  MainProcess : INFO       
    From: TTS        To: HUB        Command: tts_end(user_id="None",text="Do zastávky Malostranské náměstí. Našla jsem čtyři cesty. Možnost první. Jeďte tramvají číslo 20 v 03:26 ze zastávky Anděl směrem Divoká Šárka. Vystupte na zastávce Malostranské náměstí.",fname="tts-2013-06-20-15-22-09.569206.wav") 

2013-06-20-15-22-18.493597-CEST  MainProcess : INFO       
    From: VAD        To: HUB        Command: speech_start(fname="vad-2013-06-20-15-22-18.429181.wav") 

2013-06-20-15-22-18.493944-CEST  ASR-3      : DEBUG      
    ASR: speech_start()

2013-06-20-15-22-18.524236-CEST  MainProcess : INFO       
    From: ASR        To: HUB        Command: asr_start() 

2013-06-20-15-22-18.526471-CEST  VoipIO-1   : DEBUG      
    From: HUB        To: VIO        Command: flush_out() 

2013-06-20-15-22-19.493604-CEST  MainProcess : INFO       
    From: VAD        To: HUB        Command: speech_end(fname="vad-2013-06-20-15-22-18.429181.wav") 

2013-06-20-15-22-19.495984-CEST  ASR-3      : DEBUG      
    ASR: speech_end()

2013-06-20-15-22-19.970650-CEST  ASR-3      : DEBUG      
    ASR Hypothesis
    ------------------------------------------------------------
    0.565 konečná anděl
    0.079 konečná děl
    0.071 konečná dělat
    0.063 konečná děláš
    0.055 konečná a děl
    0.047 konečná a anděl
    0.040 konečná a dělat
    0.032 konečná a děláš
    0.024 konečn a anděl
    0.016 konečná na děl
    0.008 konečná i děl
    0.000 __other__
    

2013-06-20-15-22-20.019598-CEST  MainProcess : INFO       
    From: ASR        To: HUB        Command: asr_end() 

2013-06-20-15-22-20.499763-CEST  SLU-4      : DEBUG      
    SLU Hypothesis
    ------------------------------------------------------------
    0.612 inform(to_stop="Anděl")
    0.364 other()
    0.024 inform(="Anděl")
    

2013-06-20-15-22-20.526771-CEST  DM-5       : DEBUG      
    DDDState Dialogue Act in: inform(to_stop="Anděl")

2013-06-20-15-22-20.526997-CEST  DM-5       : DEBUG      
    Context Resolution - Dialogue Act: inform(to_stop="Anděl")

2013-06-20-15-22-20.527502-CEST  DM-5       : DEBUG      
    DDDState - Dialogue state content:
    
    lda = None
    from_centre = None
    from_stop = Anděl
    route_alternative = 0
    time = None
    to_centre = None
    to_stop = Anděl
    
    rh_alternative = system-informed
    rh_alternatives = system-informed
    rh_enter_at = system-informed
    rh_exit_at = system-informed
    rh_from_stop = system-informed
    rh_go_at = system-informed
    rh_headsign = system-informed
    rh_line = system-informed
    rh_to_stop = system-informed
    rh_vehicle = system-informed
    
    ch_alternative = system-informed
    ch_alternatives = system-informed
    ch_enter_at = system-informed
    ch_exit_at = system-informed
    ch_from_stop = system-informed
    ch_go_at = system-informed
    ch_headsign = system-informed
    ch_line = system-informed
    ch_to_stop = system-informed
    ch_vehicle = system-informed
    
    sh_alternative = system-informed
    sh_alternatives = system-informed
    sh_enter_at = system-informed
    sh_exit_at = system-informed
    sh_from_stop = system-informed
    sh_go_at = system-informed
    sh_headsign = system-informed
    sh_line = system-informed
    sh_to_stop = system-informed
    sh_vehicle = system-informed
    

2013-06-20-15-22-20.527893-CEST  DM-5       : DEBUG      
    DDDState
    
    Requested slots:
    {}
    Confirmed slots:
    {}
    Non-informed slots:
    {u'route_alternative': 0}

2013-06-20-15-22-20.528418-CEST  MainProcess : INFO       
    From: SLU        To: HUB        Command: slu_parsed() 

2013-06-20-15-22-20.659813-CEST  DM-5       : DEBUG      
    DM Output
    ------------------------------------------------------------
    apology()&inform(from_stop="Anděl")&inform(to_stop="Anděl")
    

2013-06-20-15-22-20.709331-CEST  MainProcess : INFO       
    From: DM         To: HUB        Command: dm_da_generated() 

2013-06-20-15-22-20.712093-CEST  NLG-6      : DEBUG      
    NLG Output
    ------------------------------------------------------------
    Promiňte požadovanou cestu jsem nenašla. Trasa z Anděl do Anděl nebyla nalezena.
    

2013-06-20-15-22-20.745743-CEST  MainProcess : INFO       
    From: NLG        To: HUB        Command: nlg_text_generated() 

2013-06-20-15-22-20.751106-CEST  MainProcess : INFO       
    From: TTS        To: HUB        Command: tts_start(user_id="None",text="Promiňte požadovanou cestu jsem nenašla. Trasa z Anděl do Anděl nebyla nalezena.") 

2013-06-20-15-22-20.787223-CEST  MainProcess : INFO       
    From: VoipIO     To: HUB        Command: play_utterance_start(user_id="None",fname="tts-2013-06-20-15-22-20.746500.wav") 

2013-06-20-15-22-20.818062-CEST  MainProcess : INFO       
    From: TTS        To: HUB        Command: tts_end(user_id="None",text="Promiňte požadovanou cestu jsem nenašla. Trasa z Anděl do Anděl nebyla nalezena.",fname="tts-2013-06-20-15-22-20.746500.wav") 

2013-06-20-15-22-27.719890-CEST  MainProcess : INFO       
    From: VoipIO     To: HUB        Command: play_utterance_end(user_id="None",fname="tts-2013-06-20-15-22-20.746500.wav) 

2013-06-20-15-22-42.820126-CEST  MainProcess : INFO       
    From: VAD        To: HUB        Command: speech_start(fname="vad-2013-06-20-15-22-42.750896.wav") 

2013-06-20-15-22-42.820348-CEST  MainProcess : INFO       
    From: ASR        To: HUB        Command: asr_start() 

2013-06-20-15-22-42.820667-CEST  ASR-3      : DEBUG      
    ASR: speech_start()

2013-06-20-15-22-43.484965-CEST  MainProcess : INFO       
    From: VAD        To: HUB        Command: speech_end(fname="vad-2013-06-20-15-22-42.750896.wav") 

2013-06-20-15-22-43.486918-CEST  ASR-3      : DEBUG      
    ASR: speech_end()

2013-06-20-15-22-43.976882-CEST  ASR-3      : DEBUG      
    ASR Hypothesis
    ------------------------------------------------------------
    0.815 ještě jednou
    0.074 ještě mnou
    0.056 ještě jedno
    0.037 ještě ne
    0.019 ještěd
    0.000 __other__
    

2013-06-20-15-22-44.018115-CEST  MainProcess : INFO       
    From: ASR        To: HUB        Command: asr_end() 

2013-06-20-15-22-44.240662-CEST  SLU-4      : DEBUG      
    SLU Hypothesis
    ------------------------------------------------------------
    0.870 repeat()
    0.093 other()
    0.037 negate()
    

2013-06-20-15-22-44.276629-CEST  DM-5       : DEBUG      
    DDDState Dialogue Act in: repeat()

2013-06-20-15-22-44.276853-CEST  DM-5       : DEBUG      
    Context Resolution - Dialogue Act: repeat()

2013-06-20-15-22-44.277429-CEST  DM-5       : DEBUG      
    DDDState - Dialogue state content:
    
    lda = repeat
    from_centre = None
    from_stop = Anděl
    route_alternative = 0
    time = None
    to_centre = None
    to_stop = Anděl
    
    rh_alternative = system-informed
    rh_alternatives = system-informed
    rh_enter_at = system-informed
    rh_exit_at = system-informed
    rh_from_stop = system-informed
    rh_go_at = system-informed
    rh_headsign = system-informed
    rh_line = system-informed
    rh_to_stop = system-informed
    rh_vehicle = system-informed
    
    ch_alternative = system-informed
    ch_alternatives = system-informed
    ch_enter_at = system-informed
    ch_exit_at = system-informed
    ch_from_stop = system-informed
    ch_go_at = system-informed
    ch_headsign = system-informed
    ch_line = system-informed
    ch_to_stop = system-informed
    ch_vehicle = system-informed
    
    sh_alternative = system-informed
    sh_alternatives = system-informed
    sh_enter_at = system-informed
    sh_exit_at = system-informed
    sh_from_stop = system-informed
    sh_go_at = system-informed
    sh_headsign = system-informed
    sh_line = system-informed
    sh_to_stop = system-informed
    sh_vehicle = system-informed
    

2013-06-20-15-22-44.277912-CEST  DM-5       : DEBUG      
    DDDState
    
    Requested slots:
    {}
    Confirmed slots:
    {}
    Non-informed slots:
    {u'route_alternative': 0}

2013-06-20-15-22-44.278337-CEST  DM-5       : DEBUG      
    DM Output
    ------------------------------------------------------------
    irepeat()
    

2013-06-20-15-22-44.280040-CEST  MainProcess : INFO       
    From: SLU        To: HUB        Command: slu_parsed() 

2013-06-20-15-22-44.455558-CEST  MainProcess : INFO       
    From: DM         To: HUB        Command: dm_da_generated() 

2013-06-20-15-22-44.455899-CEST  NLG-6      : DEBUG      
    NLG Output
    ------------------------------------------------------------
    Promiňte požadovanou cestu jsem nenašla. Trasa z Anděl do Anděl nebyla nalezena.
    

2013-06-20-15-22-44.486702-CEST  MainProcess : INFO       
    From: NLG        To: HUB        Command: nlg_text_generated() 

2013-06-20-15-22-44.492056-CEST  MainProcess : INFO       
    From: TTS        To: HUB        Command: tts_start(user_id="None",text="Promiňte požadovanou cestu jsem nenašla. Trasa z Anděl do Anděl nebyla nalezena.") 

2013-06-20-15-22-44.528230-CEST  MainProcess : INFO       
    From: VoipIO     To: HUB        Command: play_utterance_start(user_id="None",fname="tts-2013-06-20-15-22-44.487610.wav") 

2013-06-20-15-22-44.564556-CEST  MainProcess : INFO       
    From: TTS        To: HUB        Command: tts_end(user_id="None",text="Promiňte požadovanou cestu jsem nenašla. Trasa z Anděl do Anděl nebyla nalezena.",fname="tts-2013-06-20-15-22-44.487610.wav") 

2013-06-20-15-22-51.462079-CEST  MainProcess : INFO       
    From: VoipIO     To: HUB        Command: play_utterance_end(user_id="None",fname="tts-2013-06-20-15-22-44.487610.wav) 

2013-06-20-15-22-51.745747-CEST  MainProcess : INFO       
    From: VAD        To: HUB        Command: speech_start(fname="vad-2013-06-20-15-22-51.643127.wav") 

2013-06-20-15-22-51.745982-CEST  MainProcess : INFO       
    From: ASR        To: HUB        Command: asr_start() 

2013-06-20-15-22-51.746360-CEST  ASR-3      : DEBUG      
    ASR: speech_start()

2013-06-20-15-22-52.701718-CEST  ASR-3      : DEBUG      
    ASR: speech_end()

2013-06-20-15-22-52.704633-CEST  MainProcess : INFO       
    From: VAD        To: HUB        Command: speech_end(fname="vad-2013-06-20-15-22-51.643127.wav") 

2013-06-20-15-22-53.074168-CEST  ASR-3      : DEBUG      
    ASR Hypothesis
    ------------------------------------------------------------
    0.914 nové spojení
    0.025 no ve spojení
    0.020 nové spojení i
    0.016 nové spojení s
    0.012 nové spojení a
    0.008 no ve spojení s
    0.004 no ve spojení a
    0.000 __other__
    

2013-06-20-15-22-53.147623-CEST  MainProcess : INFO       
    From: ASR        To: HUB        Command: asr_end() 

2013-06-20-15-22-53.455408-CEST  SLU-4      : DEBUG      
    SLU Hypothesis
    ------------------------------------------------------------
    0.963 restart()
    0.037 other()
    

2013-06-20-15-22-53.477216-CEST  MainProcess : INFO       
    From: SLU        To: HUB        Command: slu_parsed() 

2013-06-20-15-22-53.481313-CEST  DM-5       : DEBUG      
    DDDState Dialogue Act in: restart()

2013-06-20-15-22-53.481508-CEST  DM-5       : DEBUG      
    Context Resolution - Dialogue Act: restart()

2013-06-20-15-22-53.481987-CEST  DM-5       : DEBUG      
    DDDState - Dialogue state content:
    
    lda = restart
    from_centre = None
    from_stop = Anděl
    route_alternative = 0
    time = None
    to_centre = None
    to_stop = Anděl
    
    rh_alternative = system-informed
    rh_alternatives = system-informed
    rh_enter_at = system-informed
    rh_exit_at = system-informed
    rh_from_stop = system-informed
    rh_go_at = system-informed
    rh_headsign = system-informed
    rh_line = system-informed
    rh_to_stop = system-informed
    rh_vehicle = system-informed
    
    ch_alternative = system-informed
    ch_alternatives = system-informed
    ch_enter_at = system-informed
    ch_exit_at = system-informed
    ch_from_stop = system-informed
    ch_go_at = system-informed
    ch_headsign = system-informed
    ch_line = system-informed
    ch_to_stop = system-informed
    ch_vehicle = system-informed
    
    sh_alternative = system-informed
    sh_alternatives = system-informed
    sh_enter_at = system-informed
    sh_exit_at = system-informed
    sh_from_stop = system-informed
    sh_go_at = system-informed
    sh_headsign = system-informed
    sh_line = system-informed
    sh_to_stop = system-informed
    sh_vehicle = system-informed
    

2013-06-20-15-22-53.482378-CEST  DM-5       : DEBUG      
    DDDState
    
    Requested slots:
    {}
    Confirmed slots:
    {}
    Non-informed slots:
    {u'route_alternative': 0}

2013-06-20-15-22-53.482762-CEST  DM-5       : DEBUG      
    DM Output
    ------------------------------------------------------------
    restart()&hello()
    

2013-06-20-15-22-53.559621-CEST  MainProcess : INFO       
    From: DM         To: HUB        Command: dm_da_generated() 

2013-06-20-15-22-53.562938-CEST  NLG-6      : DEBUG      
    NLG Output
    ------------------------------------------------------------
    Dobře. Začneme znovu. Jak Vám mohu pomoci.
    

2013-06-20-15-22-53.606385-CEST  MainProcess : INFO       
    From: NLG        To: HUB        Command: nlg_text_generated() 

2013-06-20-15-22-53.606626-CEST  MainProcess : INFO       
    From: TTS        To: HUB        Command: tts_start(user_id="None",text="Dobře. Začneme znovu. Jak Vám mohu pomoci.") 

2013-06-20-15-22-53.694032-CEST  MainProcess : INFO       
    From: VoipIO     To: HUB        Command: play_utterance_start(user_id="None",fname="tts-2013-06-20-15-22-53.604179.wav") 

2013-06-20-15-22-54.656570-CEST  MainProcess : INFO       
    From: TTS        To: HUB        Command: tts_end(user_id="None",text="Dobře. Začneme znovu. Jak Vám mohu pomoci.",fname="tts-2013-06-20-15-22-53.604179.wav") 

2013-06-20-15-22-59.593895-CEST  MainProcess : INFO       
    From: VoipIO     To: HUB        Command: play_utterance_end(user_id="None",fname="tts-2013-06-20-15-22-53.604179.wav) 

2013-06-20-15-23-08.168739-CEST  MainProcess : INFO       
    From: VAD        To: HUB        Command: speech_start(fname="vad-2013-06-20-15-23-08.087499.wav") 

2013-06-20-15-23-08.169162-CEST  ASR-3      : DEBUG      
    ASR: speech_start()

2013-06-20-15-23-08.169443-CEST  MainProcess : INFO       
    From: ASR        To: HUB        Command: asr_start() 

2013-06-20-15-23-09.086350-CEST  MainProcess : INFO       
    From: VAD        To: HUB        Command: speech_end(fname="vad-2013-06-20-15-23-08.087499.wav") 

2013-06-20-15-23-09.086704-CEST  ASR-3      : DEBUG      
    ASR: speech_end()

2013-06-20-15-23-09.598108-CEST  ASR-3      : DEBUG      
    ASR Hypothesis
    ------------------------------------------------------------
    0.771 karta anděl
    0.038 táta anděl
    0.035 sparta anděl
    0.031 anděl
    0.028 art anděl
    0.024 start anděl
    0.021 earth anděl
    0.017 karta anděla
    0.014 táta měl
    0.010 karta děláš
    0.007 karta anděl i
    0.003 karta měl
    0.000 __other__
    

2013-06-20-15-23-09.638308-CEST  MainProcess : INFO       
    From: ASR        To: HUB        Command: asr_end() 

2013-06-20-15-23-10.162084-CEST  SLU-4      : DEBUG      
    SLU Hypothesis
    ------------------------------------------------------------
    0.913 inform(="Anděl")
    0.035 inform(to_stop="Anděl")
    0.035 inform(from_stop="Sparta")
    0.028 other()
    0.024 inform(from_stop="Anděl")
    

2013-06-20-15-23-10.196487-CEST  DM-5       : DEBUG      
    DDDState Dialogue Act in: inform(="Anděl")

2013-06-20-15-23-10.196822-CEST  MainProcess : INFO       
    From: SLU        To: HUB        Command: slu_parsed() 

2013-06-20-15-23-10.197041-CEST  DM-5       : DEBUG      
    Context Resolution - Dialogue Act: inform(="Anděl")

2013-06-20-15-23-10.197253-CEST  DM-5       : DEBUG      
    DDDState - Dialogue state content:
    
    lda = None
    
    
    
    

2013-06-20-15-23-10.197446-CEST  DM-5       : DEBUG      
    DDDState
    
    Requested slots:
    {}
    Confirmed slots:
    {}
    Non-informed slots:
    {}

2013-06-20-15-23-10.197840-CEST  DM-5       : DEBUG      
    DM Output
    ------------------------------------------------------------
    request(from_stop)&request(to_stop)
    

2013-06-20-15-23-10.278171-CEST  NLG-6      : DEBUG      
    NLG Output
    ------------------------------------------------------------
    Odkud a kam chcete jet?
    

2013-06-20-15-23-10.279307-CEST  MainProcess : INFO       
    From: DM         To: HUB        Command: dm_da_generated() 

2013-06-20-15-23-10.362072-CEST  MainProcess : INFO       
    From: NLG        To: HUB        Command: nlg_text_generated() 

2013-06-20-15-23-10.362296-CEST  MainProcess : INFO       
    From: TTS        To: HUB        Command: tts_start(user_id="None",text="Odkud a kam chcete jet?") 

2013-06-20-15-23-10.414013-CEST  MainProcess : INFO       
    From: VoipIO     To: HUB        Command: play_utterance_start(user_id="None",fname="tts-2013-06-20-15-23-10.360561.wav") 

2013-06-20-15-23-10.414219-CEST  MainProcess : INFO       
    From: TTS        To: HUB        Command: tts_end(user_id="None",text="Odkud a kam chcete jet?",fname="tts-2013-06-20-15-23-10.360561.wav") 

2013-06-20-15-23-13.092166-CEST  MainProcess : INFO       
    From: VoipIO     To: HUB        Command: play_utterance_end(user_id="None",fname="tts-2013-06-20-15-23-10.360561.wav) 

2013-06-20-15-23-15.268989-CEST  MainProcess : INFO       
    From: VAD        To: HUB        Command: speech_start(fname="vad-2013-06-20-15-23-15.198727.wav") 

2013-06-20-15-23-15.269238-CEST  MainProcess : INFO       
    From: ASR        To: HUB        Command: asr_start() 

2013-06-20-15-23-15.269575-CEST  ASR-3      : DEBUG      
    ASR: speech_start()

2013-06-20-15-23-16.252994-CEST  MainProcess : INFO       
    From: VAD        To: HUB        Command: speech_end(fname="vad-2013-06-20-15-23-15.198727.wav") 

2013-06-20-15-23-16.254892-CEST  ASR-3      : DEBUG      
    ASR: speech_end()

2013-06-20-15-23-16.959633-CEST  ASR-3      : DEBUG      
    ASR Hypothesis
    ------------------------------------------------------------
    0.411 start nájem
    0.091 start na andělů
    0.083 dartaňan
    0.075 dark knight
    0.068 start na něm
    0.060 karta na andělů
    0.053 startér na andělů
    0.045 karta na něm
    0.038 kartáč na andělů
    0.030 karty na andělů
    0.023 startér na něm
    0.015 karty na něm
    0.008 kartáč na něm
    0.000 __other__
    

2013-06-20-15-23-16.997399-CEST  MainProcess : INFO       
    From: ASR        To: HUB        Command: asr_end() 

2013-06-20-15-23-17.577148-CEST  SLU-4      : DEBUG      
    SLU Hypothesis
    ------------------------------------------------------------
    0.728 other()
    0.226 inform(to_stop="Anděl")
    0.091 inform(="Anděl")
    0.045 inform(from_stop="Anděl")
    

2013-06-20-15-23-17.620247-CEST  DM-5       : DEBUG      
    DDDState Dialogue Act in: other()

2013-06-20-15-23-17.620508-CEST  DM-5       : DEBUG      
    Context Resolution - Dialogue Act: other()

2013-06-20-15-23-17.620787-CEST  DM-5       : DEBUG      
    DDDState - Dialogue state content:
    
    lda = None
    from_centre = None
    from_stop = None
    time = None
    to_centre = None
    to_stop = None
    
    
    
    

2013-06-20-15-23-17.621009-CEST  DM-5       : DEBUG      
    DDDState
    
    Requested slots:
    {}
    Confirmed slots:
    {}
    Non-informed slots:
    {}

2013-06-20-15-23-17.621322-CEST  DM-5       : DEBUG      
    DM Output
    ------------------------------------------------------------
    request(time)
    

2013-06-20-15-23-17.622943-CEST  MainProcess : INFO       
    From: SLU        To: HUB        Command: slu_parsed() 

2013-06-20-15-23-17.695335-CEST  MainProcess : INFO       
    From: DM         To: HUB        Command: dm_da_generated() 

2013-06-20-15-23-17.697179-CEST  NLG-6      : DEBUG      
    NLG Output
    ------------------------------------------------------------
    Kdy chcete jet?
    

2013-06-20-15-23-17.731601-CEST  MainProcess : INFO       
    From: NLG        To: HUB        Command: nlg_text_generated() 

2013-06-20-15-23-17.736928-CEST  MainProcess : INFO       
    From: TTS        To: HUB        Command: tts_start(user_id="None",text="Kdy chcete jet?") 

2013-06-20-15-23-17.757620-CEST  MainProcess : INFO       
    From: TTS        To: HUB        Command: tts_end(user_id="None",text="Kdy chcete jet?",fname="tts-2013-06-20-15-23-17.733032.wav") 

2013-06-20-15-23-17.783359-CEST  MainProcess : INFO       
    From: VoipIO     To: HUB        Command: play_utterance_start(user_id="None",fname="tts-2013-06-20-15-23-17.733032.wav") 

2013-06-20-15-23-19.943437-CEST  MainProcess : INFO       
    From: VoipIO     To: HUB        Command: play_utterance_end(user_id="None",fname="tts-2013-06-20-15-23-17.733032.wav) 

2013-06-20-15-23-42.539488-CEST  MainProcess : INFO       
    From: VAD        To: HUB        Command: speech_start(fname="vad-2013-06-20-15-23-42.459411.wav") 

2013-06-20-15-23-42.539723-CEST  MainProcess : INFO       
    From: ASR        To: HUB        Command: asr_start() 

2013-06-20-15-23-42.540093-CEST  ASR-3      : DEBUG      
    ASR: speech_start()

2013-06-20-15-23-42.822955-CEST  MainProcess : INFO       
    From: VAD        To: HUB        Command: speech_end(fname="vad-2013-06-20-15-23-42.459411.wav") 

2013-06-20-15-23-42.824506-CEST  ASR-3      : DEBUG      
    ASR: speech_end()

2013-06-20-15-23-43.141794-CEST  ASR-3      : DEBUG      
    ASR Hypothesis
    ------------------------------------------------------------
    0.777 teď
    0.089 patch
    0.067 petr
    0.045 pečky
    0.022 teď se
    0.000 __other__
    

2013-06-20-15-23-43.188716-CEST  MainProcess : INFO       
    From: ASR        To: HUB        Command: asr_end() 

2013-06-20-15-23-43.398909-CEST  SLU-4      : DEBUG      
    SLU Hypothesis
    ------------------------------------------------------------
    0.933 other()
    0.067 inform(="Petrov")
    

2013-06-20-15-23-43.439816-CEST  DM-5       : DEBUG      
    DDDState Dialogue Act in: other()

2013-06-20-15-23-43.440031-CEST  DM-5       : DEBUG      
    Context Resolution - Dialogue Act: other()

2013-06-20-15-23-43.440288-CEST  DM-5       : DEBUG      
    DDDState - Dialogue state content:
    
    lda = None
    from_centre = None
    from_stop = None
    time = None
    to_centre = None
    to_stop = None
    
    
    
    

2013-06-20-15-23-43.440510-CEST  DM-5       : DEBUG      
    DDDState
    
    Requested slots:
    {}
    Confirmed slots:
    {}
    Non-informed slots:
    {}

2013-06-20-15-23-43.440788-CEST  MainProcess : INFO       
    From: SLU        To: HUB        Command: slu_parsed() 

2013-06-20-15-23-43.441031-CEST  DM-5       : DEBUG      
    DM Output
    ------------------------------------------------------------
    request(time)
    

2013-06-20-15-23-43.521761-CEST  NLG-6      : DEBUG      
    NLG Output
    ------------------------------------------------------------
    Kdy chcete jet?
    

2013-06-20-15-23-43.523321-CEST  MainProcess : INFO       
    From: DM         To: HUB        Command: dm_da_generated() 

2013-06-20-15-23-43.564703-CEST  MainProcess : INFO       
    From: NLG        To: HUB        Command: nlg_text_generated() 

2013-06-20-15-23-43.564903-CEST  MainProcess : INFO       
    From: TTS        To: HUB        Command: tts_start(user_id="None",text="Kdy chcete jet?") 

2013-06-20-15-23-43.585663-CEST  MainProcess : INFO       
    From: TTS        To: HUB        Command: tts_end(user_id="None",text="Kdy chcete jet?",fname="tts-2013-06-20-15-23-43.562425.wav") 

2013-06-20-15-23-43.616799-CEST  MainProcess : INFO       
    From: VoipIO     To: HUB        Command: play_utterance_start(user_id="None",fname="tts-2013-06-20-15-23-43.562425.wav") 

2013-06-20-15-23-45.670860-CEST  MainProcess : INFO       
    From: VoipIO     To: HUB        Command: play_utterance_end(user_id="None",fname="tts-2013-06-20-15-23-43.562425.wav) 

2013-06-20-15-23-46.580633-CEST  ASR-3      : DEBUG      
    ASR: speech_start()

2013-06-20-15-23-46.582634-CEST  MainProcess : INFO       
    From: VAD        To: HUB        Command: speech_start(fname="vad-2013-06-20-15-23-46.496505.wav") 

2013-06-20-15-23-46.582873-CEST  MainProcess : INFO       
    From: ASR        To: HUB        Command: asr_start() 

2013-06-20-15-23-47.264305-CEST  MainProcess : INFO       
    From: VAD        To: HUB        Command: speech_end(fname="vad-2013-06-20-15-23-46.496505.wav") 

2013-06-20-15-23-47.267196-CEST  ASR-3      : DEBUG      
    ASR: speech_end()

2013-06-20-15-23-47.675697-CEST  ASR-3      : DEBUG      
    ASR Hypothesis
    ------------------------------------------------------------
    0.480 nyní
    0.104 není
    0.092 nyní i
    0.081 nyní ní
    0.069 není to
    0.058 ní
    0.046 nyní to
    0.035 není i
    0.023 nyní ní i
    0.012 ní i
    

2013-06-20-15-23-47.764991-CEST  MainProcess : INFO       
    From: ASR        To: HUB        Command: asr_end() 

2013-06-20-15-23-48.195690-CEST  SLU-4      : DEBUG      
    SLU Hypothesis
    ------------------------------------------------------------
    1.000 other()
    

2013-06-20-15-23-48.241561-CEST  DM-5       : DEBUG      
    DDDState Dialogue Act in: other()

2013-06-20-15-23-48.241760-CEST  DM-5       : DEBUG      
    Context Resolution - Dialogue Act: other()

2013-06-20-15-23-48.242014-CEST  DM-5       : DEBUG      
    DDDState - Dialogue state content:
    
    lda = None
    from_centre = None
    from_stop = None
    time = None
    to_centre = None
    to_stop = None
    
    
    
    

2013-06-20-15-23-48.242359-CEST  MainProcess : INFO       
    From: SLU        To: HUB        Command: slu_parsed() 

2013-06-20-15-23-48.242654-CEST  DM-5       : DEBUG      
    DDDState
    
    Requested slots:
    {}
    Confirmed slots:
    {}
    Non-informed slots:
    {}

2013-06-20-15-23-48.242993-CEST  DM-5       : DEBUG      
    DM Output
    ------------------------------------------------------------
    request(time)
    

2013-06-20-15-23-48.330571-CEST  NLG-6      : DEBUG      
    NLG Output
    ------------------------------------------------------------
    Kdy chcete jet?
    

2013-06-20-15-23-48.334977-CEST  MainProcess : INFO       
    From: DM         To: HUB        Command: dm_da_generated() 

2013-06-20-15-23-48.376567-CEST  MainProcess : INFO       
    From: NLG        To: HUB        Command: nlg_text_generated() 

2013-06-20-15-23-48.376811-CEST  MainProcess : INFO       
    From: TTS        To: HUB        Command: tts_start(user_id="None",text="Kdy chcete jet?") 

2013-06-20-15-23-48.397930-CEST  MainProcess : INFO       
    From: TTS        To: HUB        Command: tts_end(user_id="None",text="Kdy chcete jet?",fname="tts-2013-06-20-15-23-48.375164.wav") 

2013-06-20-15-23-48.434163-CEST  MainProcess : INFO       
    From: VoipIO     To: HUB        Command: play_utterance_start(user_id="None",fname="tts-2013-06-20-15-23-48.375164.wav") 

2013-06-20-15-23-50.596247-CEST  MainProcess : INFO       
    From: VoipIO     To: HUB        Command: play_utterance_end(user_id="None",fname="tts-2013-06-20-15-23-48.375164.wav) 

2013-06-20-15-24-38.343681-CEST  MainProcess : INFO       
    From: VAD        To: HUB        Command: speech_start(fname="vad-2013-06-20-15-24-38.263736.wav") 

2013-06-20-15-24-38.344016-CEST  ASR-3      : DEBUG      
    ASR: speech_start()

2013-06-20-15-24-38.344203-CEST  MainProcess : INFO       
    From: ASR        To: HUB        Command: asr_start() 

2013-06-20-15-24-38.973049-CEST  ASR-3      : DEBUG      
    ASR: speech_end()

2013-06-20-15-24-38.973405-CEST  MainProcess : INFO       
    From: VAD        To: HUB        Command: speech_end(fname="vad-2013-06-20-15-24-38.263736.wav") 

2013-06-20-15-24-39.486769-CEST  ASR-3      : DEBUG      
    ASR Hypothesis
    ------------------------------------------------------------
    0.351 není
    0.162 nyní
    0.139 není to
    0.116 není zač
    0.093 nyní i
    0.070 není i
    0.046 nyní to
    0.023 není a i
    0.000 __other__
    

2013-06-20-15-24-39.529830-CEST  MainProcess : INFO       
    From: ASR        To: HUB        Command: asr_end() 

2013-06-20-15-24-39.870394-CEST  SLU-4      : DEBUG      
    SLU Hypothesis
    ------------------------------------------------------------
    1.000 other()
    

2013-06-20-15-24-39.919250-CEST  DM-5       : DEBUG      
    DDDState Dialogue Act in: other()

2013-06-20-15-24-39.919473-CEST  DM-5       : DEBUG      
    Context Resolution - Dialogue Act: other()

2013-06-20-15-24-39.919748-CEST  DM-5       : DEBUG      
    DDDState - Dialogue state content:
    
    lda = None
    from_centre = None
    from_stop = None
    time = None
    to_centre = None
    to_stop = None
    
    
    
    

2013-06-20-15-24-39.919981-CEST  DM-5       : DEBUG      
    DDDState
    
    Requested slots:
    {}
    Confirmed slots:
    {}
    Non-informed slots:
    {}

2013-06-20-15-24-39.920419-CEST  MainProcess : INFO       
    From: SLU        To: HUB        Command: slu_parsed() 

2013-06-20-15-24-39.920878-CEST  DM-5       : DEBUG      
    DM Output
    ------------------------------------------------------------
    request(from_stop)&request(to_stop)
    

2013-06-20-15-24-40.011596-CEST  NLG-6      : DEBUG      
    NLG Output
    ------------------------------------------------------------
    Odkud a kam chcete jet?
    

2013-06-20-15-24-40.013320-CEST  MainProcess : INFO       
    From: DM         To: HUB        Command: dm_da_generated() 

2013-06-20-15-24-40.054734-CEST  MainProcess : INFO       
    From: NLG        To: HUB        Command: nlg_text_generated() 

2013-06-20-15-24-40.054966-CEST  MainProcess : INFO       
    From: TTS        To: HUB        Command: tts_start(user_id="None",text="Odkud a kam chcete jet?") 

2013-06-20-15-24-40.111783-CEST  MainProcess : INFO       
    From: VoipIO     To: HUB        Command: play_utterance_start(user_id="None",fname="tts-2013-06-20-15-24-40.053440.wav") 

2013-06-20-15-24-40.111978-CEST  MainProcess : INFO       
    From: TTS        To: HUB        Command: tts_end(user_id="None",text="Odkud a kam chcete jet?",fname="tts-2013-06-20-15-24-40.053440.wav") 

2013-06-20-15-24-42.758837-CEST  MainProcess : INFO       
    From: VoipIO     To: HUB        Command: play_utterance_end(user_id="None",fname="tts-2013-06-20-15-24-40.053440.wav) 

2013-06-20-15-24-47.515419-CEST  ASR-3      : DEBUG      
    ASR: speech_start()

2013-06-20-15-24-47.515728-CEST  MainProcess : INFO       
    From: VAD        To: HUB        Command: speech_start(fname="vad-2013-06-20-15-24-47.424566.wav") 

2013-06-20-15-24-47.515917-CEST  MainProcess : INFO       
    From: ASR        To: HUB        Command: asr_start() 

2013-06-20-15-24-48.113872-CEST  MainProcess : INFO       
    From: VAD        To: HUB        Command: speech_end(fname="vad-2013-06-20-15-24-47.424566.wav") 

2013-06-20-15-24-48.114206-CEST  ASR-3      : DEBUG      
    ASR: speech_end()

2013-06-20-15-24-48.538968-CEST  ASR-3      : DEBUG      
    ASR Hypothesis
    ------------------------------------------------------------
    0.318 není
    0.239 money
    0.204 nyní
    0.159 minnie
    0.080 neumí
    0.000 __other__
    

2013-06-20-15-24-48.587394-CEST  MainProcess : INFO       
    From: ASR        To: HUB        Command: asr_end() 

2013-06-20-15-24-48.789017-CEST  SLU-4      : DEBUG      
    SLU Hypothesis
    ------------------------------------------------------------
    1.000 other()
    

2013-06-20-15-24-48.833475-CEST  DM-5       : DEBUG      
    DDDState Dialogue Act in: other()

2013-06-20-15-24-48.833715-CEST  DM-5       : DEBUG      
    Context Resolution - Dialogue Act: other()

2013-06-20-15-24-48.834005-CEST  MainProcess : INFO       
    From: SLU        To: HUB        Command: slu_parsed() 

2013-06-20-15-24-48.834405-CEST  DM-5       : DEBUG      
    DDDState - Dialogue state content:
    
    lda = None
    from_centre = None
    from_stop = None
    time = None
    to_centre = None
    to_stop = None
    
    
    
    

2013-06-20-15-24-48.834660-CEST  DM-5       : DEBUG      
    DDDState
    
    Requested slots:
    {}
    Confirmed slots:
    {}
    Non-informed slots:
    {}

2013-06-20-15-24-48.834993-CEST  DM-5       : DEBUG      
    DM Output
    ------------------------------------------------------------
    request(from_stop)
    

2013-06-20-15-24-48.931021-CEST  NLG-6      : DEBUG      
    NLG Output
    ------------------------------------------------------------
    Z jaké zastávky chcete jet?
    

2013-06-20-15-24-48.932034-CEST  MainProcess : INFO       
    From: DM         To: HUB        Command: dm_da_generated() 

2013-06-20-15-24-48.973541-CEST  MainProcess : INFO       
    From: NLG        To: HUB        Command: nlg_text_generated() 

2013-06-20-15-24-48.973746-CEST  MainProcess : INFO       
    From: TTS        To: HUB        Command: tts_start(user_id="None",text="Z jaké zastávky chcete jet?") 

2013-06-20-15-24-49.025060-CEST  MainProcess : INFO       
    From: VoipIO     To: HUB        Command: play_utterance_start(user_id="None",fname="tts-2013-06-20-15-24-48.971714.wav") 

2013-06-20-15-24-49.025266-CEST  MainProcess : INFO       
    From: TTS        To: HUB        Command: tts_end(user_id="None",text="Z jaké zastávky chcete jet?",fname="tts-2013-06-20-15-24-48.971714.wav") 

2013-06-20-15-24-51.969548-CEST  MainProcess : INFO       
    From: VoipIO     To: HUB        Command: play_utterance_end(user_id="None",fname="tts-2013-06-20-15-24-48.971714.wav) 

2013-06-20-15-24-53.282409-CEST  MainProcess : INFO       
    From: VAD        To: HUB        Command: speech_start(fname="vad-2013-06-20-15-24-53.112736.wav") 

2013-06-20-15-24-53.282787-CEST  ASR-3      : DEBUG      
    ASR: speech_start()

2013-06-20-15-24-53.283029-CEST  MainProcess : INFO       
    From: ASR        To: HUB        Command: asr_start() 

2013-06-20-15-24-53.741960-CEST  MainProcess : INFO       
    From: VAD        To: HUB        Command: speech_end(fname="vad-2013-06-20-15-24-53.112736.wav") 

2013-06-20-15-24-53.742658-CEST  ASR-3      : DEBUG      
    ASR: speech_end()

2013-06-20-15-24-54.157804-CEST  ASR-3      : DEBUG      
    ASR Hypothesis
    ------------------------------------------------------------
    0.409 nyní
    0.236 není
    0.177 mí
    0.118 ný
    0.059 ní
    0.000 __other__
    

2013-06-20-15-24-54.209068-CEST  MainProcess : INFO       
    From: ASR        To: HUB        Command: asr_end() 

2013-06-20-15-24-54.409577-CEST  SLU-4      : DEBUG      
    SLU Hypothesis
    ------------------------------------------------------------
    1.000 other()
    

2013-06-20-15-24-54.460394-CEST  MainProcess : INFO       
    From: SLU        To: HUB        Command: slu_parsed() 

2013-06-20-15-24-54.460778-CEST  DM-5       : DEBUG      
    DDDState Dialogue Act in: other()

2013-06-20-15-24-54.461024-CEST  DM-5       : DEBUG      
    Context Resolution - Dialogue Act: other()

2013-06-20-15-24-54.461293-CEST  DM-5       : DEBUG      
    DDDState - Dialogue state content:
    
    lda = None
    from_centre = None
    from_stop = None
    time = None
    to_centre = None
    to_stop = None
    
    
    
    

2013-06-20-15-24-54.461514-CEST  DM-5       : DEBUG      
    DDDState
    
    Requested slots:
    {}
    Confirmed slots:
    {}
    Non-informed slots:
    {}

2013-06-20-15-24-54.461829-CEST  DM-5       : DEBUG      
    DM Output
    ------------------------------------------------------------
    request(time)
    

2013-06-20-15-24-54.547871-CEST  NLG-6      : DEBUG      
    NLG Output
    ------------------------------------------------------------
    Kdy chcete jet?
    

2013-06-20-15-24-54.548381-CEST  MainProcess : INFO       
    From: DM         To: HUB        Command: dm_da_generated() 

2013-06-20-15-24-54.589895-CEST  MainProcess : INFO       
    From: NLG        To: HUB        Command: nlg_text_generated() 

2013-06-20-15-24-54.595316-CEST  MainProcess : INFO       
    From: TTS        To: HUB        Command: tts_start(user_id="None",text="Kdy chcete jet?") 

2013-06-20-15-24-54.616351-CEST  MainProcess : INFO       
    From: TTS        To: HUB        Command: tts_end(user_id="None",text="Kdy chcete jet?",fname="tts-2013-06-20-15-24-54.593807.wav") 

2013-06-20-15-24-54.657858-CEST  MainProcess : INFO       
    From: VoipIO     To: HUB        Command: play_utterance_start(user_id="None",fname="tts-2013-06-20-15-24-54.593807.wav") 

2013-06-20-15-24-56.837812-CEST  MainProcess : INFO       
    From: VoipIO     To: HUB        Command: play_utterance_end(user_id="None",fname="tts-2013-06-20-15-24-54.593807.wav) 

2013-06-20-15-24-59.158401-CEST  MainProcess : INFO       
    From: VAD        To: HUB        Command: speech_start(fname="vad-2013-06-20-15-24-59.074560.wav") 

2013-06-20-15-24-59.158733-CEST  ASR-3      : DEBUG      
    ASR: speech_start()

2013-06-20-15-24-59.159035-CEST  MainProcess : INFO       
    From: ASR        To: HUB        Command: asr_start() 

2013-06-20-15-24-59.499457-CEST  MainProcess : INFO       
    From: VAD        To: HUB        Command: speech_end(fname="vad-2013-06-20-15-24-59.074560.wav") 

2013-06-20-15-24-59.499942-CEST  ASR-3      : DEBUG      
    ASR: speech_end()

2013-06-20-15-24-59.820740-CEST  ASR-3      : DEBUG      
    ASR Hypothesis
    ------------------------------------------------------------
    0.854 teď
    0.058 text
    0.044 teď se
    0.029 teď to
    0.015 teď a
    0.000 __other__
    

2013-06-20-15-24-59.875728-CEST  MainProcess : INFO       
    From: ASR        To: HUB        Command: asr_end() 

2013-06-20-15-25-00.093803-CEST  SLU-4      : DEBUG      
    SLU Hypothesis
    ------------------------------------------------------------
    1.000 other()
    

2013-06-20-15-25-00.141989-CEST  DM-5       : DEBUG      
    DDDState Dialogue Act in: other()

2013-06-20-15-25-00.142187-CEST  DM-5       : DEBUG      
    Context Resolution - Dialogue Act: other()

2013-06-20-15-25-00.142436-CEST  DM-5       : DEBUG      
    DDDState - Dialogue state content:
    
    lda = None
    from_centre = None
    from_stop = None
    time = None
    to_centre = None
    to_stop = None
    
    
    
    

2013-06-20-15-25-00.142668-CEST  DM-5       : DEBUG      
    DDDState
    
    Requested slots:
    {}
    Confirmed slots:
    {}
    Non-informed slots:
    {}

2013-06-20-15-25-00.143009-CEST  MainProcess : INFO       
    From: SLU        To: HUB        Command: slu_parsed() 

2013-06-20-15-25-00.143278-CEST  DM-5       : DEBUG      
    DM Output
    ------------------------------------------------------------
    request(from_stop)&request(to_stop)
    

2013-06-20-15-25-00.316715-CEST  NLG-6      : DEBUG      
    NLG Output
    ------------------------------------------------------------
    Odkud a kam chcete jet?
    

2013-06-20-15-25-00.318065-CEST  MainProcess : INFO       
    From: DM         To: HUB        Command: dm_da_generated() 

2013-06-20-15-25-00.369928-CEST  MainProcess : INFO       
    From: NLG        To: HUB        Command: nlg_text_generated() 

2013-06-20-15-25-00.370158-CEST  MainProcess : INFO       
    From: TTS        To: HUB        Command: tts_start(user_id="None",text="Odkud a kam chcete jet?") 

2013-06-20-15-25-00.442650-CEST  MainProcess : INFO       
    From: VoipIO     To: HUB        Command: play_utterance_start(user_id="None",fname="tts-2013-06-20-15-25-00.367710.wav") 

2013-06-20-15-25-00.442900-CEST  MainProcess : INFO       
    From: TTS        To: HUB        Command: tts_end(user_id="None",text="Odkud a kam chcete jet?",fname="tts-2013-06-20-15-25-00.367710.wav") 

2013-06-20-15-25-03.111397-CEST  MainProcess : INFO       
    From: VoipIO     To: HUB        Command: play_utterance_end(user_id="None",fname="tts-2013-06-20-15-25-00.367710.wav) 

2013-06-20-15-25-03.985859-CEST  VoipIO-1   : DEBUG      
    CallCallback::on_state : Call with "Bejcek Eduard" <sip:4366@195.113.20.69> is DISCONNCTD last code = 200 (Normal call clearing)

2013-06-20-15-25-04.149531-CEST  VoipIO-1   : DEBUG      
    VoipIO::on_call_disconnected

2013-06-20-15-25-04.152370-CEST  MainProcess : INFO       
    From: VoipIO     To: HUB        Command: call_disconnected(remote_uri="4366") 

2013-06-20-15-25-04.157386-CEST  SLU-4      : DEBUG      
    From: HUB        To: SLU        Command: flush() 

2013-06-20-15-25-04.157733-CEST  DM-5       : DEBUG      
    From: HUB        To: DM         Command: flush() 

2013-06-20-15-25-04.158076-CEST  TTS-7      : DEBUG      
    From: HUB        To: TTS        Command: flush() 

2013-06-20-15-25-04.158384-CEST  NLG-6      : DEBUG      
    From: HUB        To: NLG        Command: flush() 

2013-06-20-15-25-04.158740-CEST  ASR-3      : DEBUG      
    From: HUB        To: ASR        Command: flush() 

2013-06-20-15-25-04.160698-CEST  VoipIO-1   : DEBUG      
    From: HUB        To: VoipIO     Command: flush() 

2013-06-20-15-25-04.163409-CEST  DM-5       : DEBUG      
    From: HUB        To: DM         Command: end_dialogue() 

